{"type":"operationStart","subtype":"profile","data":{"_id":"CKIFrij8x3OvMfXf","timestamp":"2023-01-23T20:35:04.212Z","state":"queued","mode":"standard","creationDate":"2023-01-23T20:35:04.215Z","modificationDate":"2023-01-23T20:35:04.215Z","shortid":"T5twAgC","$entitySet":"profiles"},"doDiffs":false,"timestamp":1674506104213,"id":"kkov1a1cx9jf4uy","previousOperationId":null,"operationId":"aegk3ut4pmwk8h2"}
{"type":"log","level":"info","message":"Render request 5 queued for execution and waiting for available worker","previousOperationId":"aegk3ut4pmwk8h2","timestamp":1674506104214,"id":"amrbpddl0287whr"}
{"type":"operationStart","subtype":"render","name":"orders-main","previousOperationId":"aegk3ut4pmwk8h2","timestamp":1674506104230,"id":"zks2vk4tp76m766","previousEventId":"kkov1a1cx9jf4uy","operationId":"rtl5tyf9thvt3g9"}
{"type":"log","timestamp":1674506104233,"level":"info","message":"Starting rendering request 5","meta":{"rootId":"brx4pjseouore82","id":"brx4pjseouore82"},"id":"8cn35cm5vt3yto8","previousOperationId":"rtl5tyf9thvt3g9"}
{"type":"log","timestamp":1674506104236,"level":"info","message":"Rendering template { name: orders-main, recipe: chrome-pdf, engine: handlebars, preview: true }","meta":{"rootId":"brx4pjseouore82","id":"brx4pjseouore82"},"id":"x6eoazpk2ara37r","previousOperationId":"rtl5tyf9thvt3g9"}
{"type":"log","timestamp":1674506104241,"level":"debug","message":"Data item not defined for this template.","meta":{"rootId":"brx4pjseouore82","id":"brx4pjseouore82"},"id":"3xvseayh8i79zxe","previousOperationId":"rtl5tyf9thvt3g9"}
{"type":"log","timestamp":1674506104247,"level":"debug","message":"Executing script orders-script (beforeRender)","meta":{"rootId":"brx4pjseouore82","id":"brx4pjseouore82"},"id":"wabg0pd9l1g90cd","previousOperationId":"rtl5tyf9thvt3g9"}
{"type":"operationStart","subtype":"scriptsBeforeRender","name":"scripts beforeRender","timestamp":1674506104550,"id":"r0pplanifizkj5f","previousEventId":"zks2vk4tp76m766","operationId":"sfy2wlno91oc9pz","previousOperationId":"rtl5tyf9thvt3g9"}
{"type":"operationStart","subtype":"script","name":"scripts orders-script","previousOperationId":"sfy2wlno91oc9pz","timestamp":1674506104550,"id":"503g02wxn791pw1","previousEventId":"r0pplanifizkj5f","operationId":"09u3hvrcti4abfd"}
{"type":"operationEnd","operationId":"09u3hvrcti4abfd","timestamp":1674506107832,"id":"t9p935y9vpy1q0b","previousEventId":"zks2vk4tp76m766","previousOperationId":"rtl5tyf9thvt3g9"}
{"type":"operationEnd","operationId":"sfy2wlno91oc9pz","timestamp":1674506107832,"id":"xggi5islyb4qi0h","previousEventId":"t9p935y9vpy1q0b","previousOperationId":"rtl5tyf9thvt3g9"}
{"type":"log","timestamp":1674506107832,"level":"debug","message":"Base url not specified, skipping its injection.","meta":{"rootId":"brx4pjseouore82","id":"brx4pjseouore82"},"id":"q40gerzkue6i5ed","previousOperationId":"sfy2wlno91oc9pz"}
{"type":"operationStart","subtype":"engine","name":"handlebars","timestamp":1674506107833,"id":"tgwgxa5btba6uom","previousEventId":"xggi5islyb4qi0h","operationId":"nfk1aagi71ht0ph","previousOperationId":"sfy2wlno91oc9pz"}
{"type":"log","timestamp":1674506107833,"level":"debug","message":"Rendering engine handlebars","meta":{"rootId":"brx4pjseouore82","id":"brx4pjseouore82"},"id":"oi00q9dzwn2mxyg","previousOperationId":"nfk1aagi71ht0ph"}
{"type":"log","timestamp":1674506108159,"level":"debug","message":"(console:log) Pdf utils adding group field, value: \"France\"","meta":{"userLevel":true,"rootId":"brx4pjseouore82","id":"brx4pjseouore82"},"id":"im2xk3lm6lqlflb","previousOperationId":"nfk1aagi71ht0ph"}
{"type":"log","timestamp":1674506108160,"level":"debug","message":"(console:log) Pdf utils adding group field, value: \"Germany\"","meta":{"userLevel":true,"rootId":"brx4pjseouore82","id":"brx4pjseouore82"},"id":"qi13vg5bb1qo2wy","previousOperationId":"nfk1aagi71ht0ph"}
{"type":"operationEnd","operationId":"nfk1aagi71ht0ph","timestamp":1674506108160,"id":"0tvgzp7a538vb6b","previousEventId":"tgwgxa5btba6uom","previousOperationId":"nfk1aagi71ht0ph"}
{"type":"operationStart","subtype":"recipe","name":"chrome-pdf","timestamp":1674506108161,"id":"v3caew80ik5qpno","previousEventId":"0tvgzp7a538vb6b","operationId":"jqfle3dxyhuj7lm","previousOperationId":"nfk1aagi71ht0ph"}
{"type":"log","timestamp":1674506108161,"level":"debug","message":"Executing recipe chrome-pdf","meta":{"rootId":"brx4pjseouore82","id":"brx4pjseouore82"},"id":"lynhe9xej06zk2f","previousOperationId":"jqfle3dxyhuj7lm"}
{"type":"log","timestamp":1674506108481,"level":"debug","message":"Converting with chrome HeadlessChrome/105.0.5173.0 using chrome-pool strategy","meta":{"rootId":"brx4pjseouore82","id":"brx4pjseouore82"},"id":"9tffitrd27dlwyt","previousOperationId":"jqfle3dxyhuj7lm"}
{"type":"log","timestamp":1674506108638,"level":"debug","message":"Page request: GET (document) file:///C:/Users/Johan/AppData/Local/Temp/jsreport/autocleanup/1e815da0-8181-4d12-a36f-1017d812f07c-chrome-pdf.html","meta":{"rootId":"brx4pjseouore82","id":"brx4pjseouore82"},"id":"dmaqmttpjq617bd","previousOperationId":"jqfle3dxyhuj7lm"}
{"type":"log","timestamp":1674506108696,"level":"debug","message":"Page request finished: GET (document) 200 file:///C:/Users/Johan/AppData/Local/Temp/jsreport/autocleanup/1e815da0-8181-4d12-a36f-1017d812f07c-chrome-pdf.html","meta":{"rootId":"brx4pjseouore82","id":"brx4pjseouore82"},"id":"fvnqrjgs336whtb","previousOperationId":"jqfle3dxyhuj7lm"}
{"type":"log","timestamp":1674506108696,"level":"debug","message":"Page request: GET (stylesheet) https://cdnjs.cloudflare.com/ajax/libs/metro/4.1.5/css/metro.min.css","meta":{"rootId":"brx4pjseouore82","id":"brx4pjseouore82"},"id":"7vqgsfmzrjkhexf","previousOperationId":"jqfle3dxyhuj7lm"}
{"type":"log","timestamp":1674506108696,"level":"debug","message":"Page request: GET (script) https://cdnjs.cloudflare.com/ajax/libs/Chart.js/2.7.2/Chart.min.js","meta":{"rootId":"brx4pjseouore82","id":"brx4pjseouore82"},"id":"bad3penhqx78oqp","previousOperationId":"jqfle3dxyhuj7lm"}
{"type":"log","timestamp":1674506111186,"level":"debug","message":"Page request finished: GET (script) 200 https://cdnjs.cloudflare.com/ajax/libs/Chart.js/2.7.2/Chart.min.js","meta":{"rootId":"brx4pjseouore82","id":"brx4pjseouore82"},"id":"d8qf148riaq3eeq","previousOperationId":"jqfle3dxyhuj7lm"}
{"type":"log","timestamp":1674506111229,"level":"debug","message":"Page request finished: GET (stylesheet) 200 https://cdnjs.cloudflare.com/ajax/libs/metro/4.1.5/css/metro.min.css","meta":{"rootId":"brx4pjseouore82","id":"brx4pjseouore82"},"id":"b1h3ue9in0605gz","previousOperationId":"jqfle3dxyhuj7lm"}
{"type":"log","timestamp":1674506111359,"level":"debug","message":"Running chrome with params {\"printBackground\":true,\"marginTop\":\"4cm\",\"marginRight\":\"1.5cm\",\"marginBottom\":\"1.5cm\",\"marginLeft\":\"1.5cm\",\"waitForJS\":false,\"timeout\":55917,\"margin\":{\"top\":\"4cm\",\"right\":\"1.5cm\",\"bottom\":\"1.5cm\",\"left\":\"1.5cm\"}}","meta":{"rootId":"brx4pjseouore82","id":"brx4pjseouore82"},"id":"ug0y4f0z7ueu2c7","previousOperationId":"jqfle3dxyhuj7lm"}
{"type":"operationEnd","operationId":"jqfle3dxyhuj7lm","timestamp":1674506111559,"id":"dfj5ygn4fz6qdyh","previousEventId":"v3caew80ik5qpno","previousOperationId":"jqfle3dxyhuj7lm"}
{"type":"log","timestamp":1674506111559,"level":"info","message":"pdf-utils is starting pdf processing","meta":{"rootId":"brx4pjseouore82","id":"brx4pjseouore82"},"id":"d5acol4yyov28vl","previousOperationId":"jqfle3dxyhuj7lm"}
{"type":"operationStart","subtype":"pdfUtils","name":"pdf utils","timestamp":1674506111855,"id":"b8uy2dd9nweo125","previousEventId":"dfj5ygn4fz6qdyh","operationId":"cxs7loontffhz7o","previousOperationId":"jqfle3dxyhuj7lm"}
{"type":"log","timestamp":1674506111856,"level":"debug","message":"pdf-utils detected 1 pdf operation(s) to process","meta":{"rootId":"brx4pjseouore82","id":"brx4pjseouore82"},"id":"0bc19bx72fqtgrt","previousOperationId":"cxs7loontffhz7o"}
{"type":"log","timestamp":1674506112130,"level":"debug","message":"pdf-utils running pdf operation merge","meta":{"rootId":"brx4pjseouore82","id":"brx4pjseouore82"},"id":"u2srmzjljesjyki","previousOperationId":"cxs7loontffhz7o"}
{"type":"operationStart","subtype":"pdfUtilsMerge","name":"pdf utils merge","previousOperationId":"cxs7loontffhz7o","timestamp":1674506112130,"id":"a410eomfmsimtcr","previousEventId":"b8uy2dd9nweo125","operationId":"whdogt54gury5tg"}
{"type":"operationStart","subtype":"render","name":"orders-header","previousOperationId":"whdogt54gury5tg","timestamp":1674506112136,"id":"cc5cq1axhn8d1oo","previousEventId":"a410eomfmsimtcr","operationId":"naib9a67j7uafqi"}
{"type":"log","timestamp":1674506112137,"level":"info","message":"Starting rendering (child) request","meta":{"rootId":"brx4pjseouore82","id":"nm8egmhqgjbwsum"},"id":"8yqho975j3xgzr0","previousOperationId":"naib9a67j7uafqi"}
{"type":"log","timestamp":1674506112137,"level":"info","message":"Rendering template { name: orders-header, recipe: chrome-pdf, engine: handlebars, preview: true }","meta":{"rootId":"brx4pjseouore82","id":"nm8egmhqgjbwsum"},"id":"rruo9rabf3r15t8","previousOperationId":"naib9a67j7uafqi"}
{"type":"log","timestamp":1674506112143,"level":"debug","message":"Inline data specified.","meta":{"rootId":"brx4pjseouore82","id":"nm8egmhqgjbwsum"},"id":"l1en971frhie08s","previousOperationId":"naib9a67j7uafqi"}
{"type":"log","timestamp":1674506112147,"level":"debug","message":"Base url not specified, skipping its injection.","meta":{"rootId":"brx4pjseouore82","id":"nm8egmhqgjbwsum"},"id":"69778amdfae3ilh","previousOperationId":"naib9a67j7uafqi"}
{"type":"operationStart","subtype":"engine","name":"handlebars","timestamp":1674506112147,"id":"uq3w4sx0g210ucx","previousEventId":"cc5cq1axhn8d1oo","operationId":"51f6po626ue9ich","previousOperationId":"naib9a67j7uafqi"}
{"type":"log","timestamp":1674506112147,"level":"debug","message":"Rendering engine handlebars","meta":{"rootId":"brx4pjseouore82","id":"nm8egmhqgjbwsum"},"id":"l4v9lknlawjasji","previousOperationId":"51f6po626ue9ich"}
{"type":"operationEnd","operationId":"51f6po626ue9ich","timestamp":1674506112286,"id":"2d7nhcyik0e3oqd","previousEventId":"uq3w4sx0g210ucx","previousOperationId":"51f6po626ue9ich"}
{"type":"operationStart","subtype":"recipe","name":"chrome-pdf","timestamp":1674506112287,"id":"bk777l975fafd15","previousEventId":"2d7nhcyik0e3oqd","operationId":"4aihkmc8tg4z1by","previousOperationId":"51f6po626ue9ich"}
{"type":"log","timestamp":1674506112287,"level":"debug","message":"Executing recipe chrome-pdf","meta":{"rootId":"brx4pjseouore82","id":"nm8egmhqgjbwsum"},"id":"eqkryjsxn0sf99c","previousOperationId":"4aihkmc8tg4z1by"}
{"type":"log","timestamp":1674506112289,"level":"debug","message":"Converting with chrome HeadlessChrome/105.0.5173.0 using chrome-pool strategy","meta":{"rootId":"brx4pjseouore82","id":"nm8egmhqgjbwsum"},"id":"9n5tbfg59dqpqjh","previousOperationId":"4aihkmc8tg4z1by"}
{"type":"log","timestamp":1674506112370,"level":"debug","message":"Page request: GET (document) file:///C:/Users/Johan/AppData/Local/Temp/jsreport/autocleanup/d9195839-5863-46c6-b5af-d1d06f2c9545-chrome-pdf.html","meta":{"rootId":"brx4pjseouore82","id":"nm8egmhqgjbwsum"},"id":"01d1qpuwlqleyj8","previousOperationId":"4aihkmc8tg4z1by"}
{"type":"log","timestamp":1674506112389,"level":"debug","message":"Page request: GET (stylesheet) https://cdnjs.cloudflare.com/ajax/libs/metro/4.1.5/css/metro.min.css","meta":{"rootId":"brx4pjseouore82","id":"nm8egmhqgjbwsum"},"id":"sqaj4r1ra0xdi4u","previousOperationId":"4aihkmc8tg4z1by"}
{"type":"log","timestamp":1674506112390,"level":"debug","message":"Page request finished: GET (document) 200 file:///C:/Users/Johan/AppData/Local/Temp/jsreport/autocleanup/d9195839-5863-46c6-b5af-d1d06f2c9545-chrome-pdf.html","meta":{"rootId":"brx4pjseouore82","id":"nm8egmhqgjbwsum"},"id":"3m8zx9qfgmtsyni","previousOperationId":"4aihkmc8tg4z1by"}
{"type":"log","timestamp":1674506112418,"level":"debug","message":"Page request finished: GET (stylesheet) 200 https://cdnjs.cloudflare.com/ajax/libs/metro/4.1.5/css/metro.min.css","meta":{"rootId":"brx4pjseouore82","id":"nm8egmhqgjbwsum"},"id":"ekf0im6g2pu3p2m","previousOperationId":"4aihkmc8tg4z1by"}
{"type":"log","timestamp":1674506112470,"level":"debug","message":"Running chrome with params {\"printBackground\":true,\"marginTop\":\"1.5cm\",\"marginRight\":\"1.5cm\",\"marginLeft\":\"1.cm\",\"timeout\":51924,\"margin\":{\"top\":\"1.5cm\",\"right\":\"1.5cm\",\"left\":\"1.cm\"}}","meta":{"rootId":"brx4pjseouore82","id":"nm8egmhqgjbwsum"},"id":"041qimj1zy641uo","previousOperationId":"4aihkmc8tg4z1by"}
{"type":"operationEnd","operationId":"4aihkmc8tg4z1by","timestamp":1674506112581,"id":"v7pnazmdeouz20f","previousEventId":"bk777l975fafd15","previousOperationId":"4aihkmc8tg4z1by"}
{"type":"log","timestamp":1674506112583,"level":"debug","message":"Skipping storing report.","meta":{"rootId":"brx4pjseouore82","id":"nm8egmhqgjbwsum"},"id":"7linm60c2owu0hw","previousOperationId":"4aihkmc8tg4z1by"}
{"type":"log","timestamp":1674506112584,"level":"info","message":"Rendering (child) request finished in 8372 ms","meta":{"rootId":"brx4pjseouore82","id":"nm8egmhqgjbwsum"},"id":"imrnrm9k4228p6a","previousOperationId":"4aihkmc8tg4z1by"}
{"type":"operationEnd","subtype":"render","operationId":"naib9a67j7uafqi","timestamp":1674506112584,"id":"q3ddjxi5s93ftzv","previousEventId":"v7pnazmdeouz20f","previousOperationId":"4aihkmc8tg4z1by"}
{"type":"operationEnd","operationId":"whdogt54gury5tg","timestamp":1674506112635,"id":"4em833k3ftxrb9z","previousEventId":"a410eomfmsimtcr","previousOperationId":"whdogt54gury5tg"}
{"type":"log","timestamp":1674506112635,"level":"debug","message":"pdf-utils postproces start","meta":{"rootId":"brx4pjseouore82","id":"brx4pjseouore82"},"id":"qhbagu7jy8kj6r6","previousOperationId":"whdogt54gury5tg"}
{"type":"log","timestamp":1674506112668,"level":"debug","message":"pdf-utils postproces end","meta":{"rootId":"brx4pjseouore82","id":"brx4pjseouore82"},"id":"1p5avzteglz0mfn","previousOperationId":"whdogt54gury5tg"}
{"type":"operationEnd","operationId":"cxs7loontffhz7o","timestamp":1674506112668,"id":"hiu3gqf4tzxqcv1","previousEventId":"4em833k3ftxrb9z","previousOperationId":"whdogt54gury5tg"}
{"type":"log","timestamp":1674506112668,"level":"info","message":"pdf-utils pdf processing was finished","meta":{"rootId":"brx4pjseouore82","id":"brx4pjseouore82"},"id":"8ikqij9uxjv9jjl","previousOperationId":"cxs7loontffhz7o"}
{"type":"log","timestamp":1674506112668,"level":"debug","message":"Skipping storing report.","meta":{"rootId":"brx4pjseouore82","id":"brx4pjseouore82"},"id":"tbzxci1rpy5wf2l","previousOperationId":"cxs7loontffhz7o"}
{"type":"log","timestamp":1674506112669,"level":"info","message":"Rendering request 5 finished in 8457 ms","meta":{"rootId":"brx4pjseouore82","id":"brx4pjseouore82"},"id":"bb5dnnas60kdx8b","previousOperationId":"cxs7loontffhz7o"}
{"type":"operationEnd","subtype":"render","operationId":"rtl5tyf9thvt3g9","timestamp":1674506112669,"id":"1vvw4a9sxylfqr2","previousEventId":"hiu3gqf4tzxqcv1","previousOperationId":"cxs7loontffhz7o"}
{"type":"operationEnd","doDiffs":false,"previousEventId":"kkov1a1cx9jf4uy","previousOperationId":"aegk3ut4pmwk8h2","operationId":"aegk3ut4pmwk8h2","timestamp":1674506112678,"id":"abpxon5k7dalo3g"}
