{"type":"operationStart","subtype":"profile","data":{"_id":"mHFL81SEwTASCEse","timestamp":"2023-01-24T23:40:29.840Z","state":"queued","mode":"standard","creationDate":"2023-01-24T23:40:29.848Z","modificationDate":"2023-01-24T23:40:29.848Z","shortid":"CMF89I9","$entitySet":"profiles"},"doDiffs":false,"timestamp":1674603629843,"id":"utcrxr60xgmec5q","previousOperationId":null,"operationId":"m8xq7hqvougzwkw"}
{"type":"log","level":"info","message":"Render request 1 queued for execution and waiting for available worker","previousOperationId":"m8xq7hqvougzwkw","timestamp":1674603629845,"id":"1su7o09get5fytj"}
{"type":"operationStart","subtype":"render","name":"orders-main","previousOperationId":"m8xq7hqvougzwkw","timestamp":1674603629902,"id":"m0i3rnug2zf634u","previousEventId":"utcrxr60xgmec5q","operationId":"09t62qef6iivzwh"}
{"type":"log","timestamp":1674603629903,"level":"info","message":"Starting rendering request 1","meta":{"rootId":"hyqt1oaf8g0hr9c","id":"hyqt1oaf8g0hr9c"},"id":"003vn109h8fi5a4","previousOperationId":"09t62qef6iivzwh"}
{"type":"log","timestamp":1674603629906,"level":"info","message":"Rendering template { name: orders-main, recipe: chrome-pdf, engine: handlebars, preview: true }","meta":{"rootId":"hyqt1oaf8g0hr9c","id":"hyqt1oaf8g0hr9c"},"id":"2kf0s8j3jwdlu6s","previousOperationId":"09t62qef6iivzwh"}
{"type":"log","timestamp":1674603629911,"level":"debug","message":"Data item not defined for this template.","meta":{"rootId":"hyqt1oaf8g0hr9c","id":"hyqt1oaf8g0hr9c"},"id":"2rt1vb18naprose","previousOperationId":"09t62qef6iivzwh"}
{"type":"log","timestamp":1674603629922,"level":"debug","message":"Executing script orders-script (beforeRender)","meta":{"rootId":"hyqt1oaf8g0hr9c","id":"hyqt1oaf8g0hr9c"},"id":"tfva7jtxgpnvna8","previousOperationId":"09t62qef6iivzwh"}
{"type":"operationStart","subtype":"scriptsBeforeRender","name":"scripts beforeRender","timestamp":1674603630466,"id":"uce0m5q2sgzwdbn","previousEventId":"m0i3rnug2zf634u","operationId":"2v4a0gtsalidfbd","previousOperationId":"09t62qef6iivzwh"}
{"type":"operationStart","subtype":"script","name":"scripts orders-script","previousOperationId":"2v4a0gtsalidfbd","timestamp":1674603630466,"id":"q9gbcts1rf0hdcr","previousEventId":"uce0m5q2sgzwdbn","operationId":"wgpcqcv8o6tpf26"}
{"type":"operationEnd","operationId":"wgpcqcv8o6tpf26","timestamp":1674603632974,"id":"0bzyfas9185qxva","previousEventId":"m0i3rnug2zf634u","previousOperationId":"09t62qef6iivzwh"}
{"type":"operationEnd","operationId":"2v4a0gtsalidfbd","timestamp":1674603632974,"id":"xk0ibmndii956gn","previousEventId":"0bzyfas9185qxva","previousOperationId":"09t62qef6iivzwh"}
{"type":"log","timestamp":1674603632974,"level":"debug","message":"Base url not specified, skipping its injection.","meta":{"rootId":"hyqt1oaf8g0hr9c","id":"hyqt1oaf8g0hr9c"},"id":"n30zhmojcre61ld","previousOperationId":"2v4a0gtsalidfbd"}
{"type":"operationStart","subtype":"engine","name":"handlebars","timestamp":1674603632978,"id":"6pshwki0s6pjcwx","previousEventId":"xk0ibmndii956gn","operationId":"npfj334k8ja1sk8","previousOperationId":"2v4a0gtsalidfbd"}
{"type":"log","timestamp":1674603632978,"level":"debug","message":"Rendering engine handlebars","meta":{"rootId":"hyqt1oaf8g0hr9c","id":"hyqt1oaf8g0hr9c"},"id":"oj2ciel6vtoximp","previousOperationId":"npfj334k8ja1sk8"}
{"type":"log","timestamp":1674603633485,"level":"debug","message":"(console:log) Pdf utils adding group field, value: \"France\"","meta":{"userLevel":true,"rootId":"hyqt1oaf8g0hr9c","id":"hyqt1oaf8g0hr9c"},"id":"59dmc49byc1lhf5","previousOperationId":"npfj334k8ja1sk8"}
{"type":"log","timestamp":1674603633487,"level":"debug","message":"(console:log) Pdf utils adding group field, value: \"Germany\"","meta":{"userLevel":true,"rootId":"hyqt1oaf8g0hr9c","id":"hyqt1oaf8g0hr9c"},"id":"imcaanzauto89de","previousOperationId":"npfj334k8ja1sk8"}
{"type":"operationEnd","operationId":"npfj334k8ja1sk8","timestamp":1674603633487,"id":"xeri8n82sur8xvp","previousEventId":"6pshwki0s6pjcwx","previousOperationId":"npfj334k8ja1sk8"}
{"type":"operationStart","subtype":"recipe","name":"chrome-pdf","timestamp":1674603633489,"id":"ioz5qe2uamc6xs0","previousEventId":"xeri8n82sur8xvp","operationId":"4kpj1dlh9ioapzm","previousOperationId":"npfj334k8ja1sk8"}
{"type":"log","timestamp":1674603633489,"level":"debug","message":"Executing recipe chrome-pdf","meta":{"rootId":"hyqt1oaf8g0hr9c","id":"hyqt1oaf8g0hr9c"},"id":"ly69ze5n3sqdv1l","previousOperationId":"4kpj1dlh9ioapzm"}
{"type":"log","timestamp":1674603634502,"level":"debug","message":"Converting with chrome HeadlessChrome/105.0.5173.0 using chrome-pool strategy","meta":{"rootId":"hyqt1oaf8g0hr9c","id":"hyqt1oaf8g0hr9c"},"id":"8px4nbdg3g76fbi","previousOperationId":"4kpj1dlh9ioapzm"}
{"type":"log","timestamp":1674603635652,"level":"debug","message":"Page request: GET (document) file:///C:/Users/Johan/AppData/Local/Temp/jsreport/autocleanup/abaee883-2ad7-46fc-9738-17db9a712e4b-chrome-pdf.html","meta":{"rootId":"hyqt1oaf8g0hr9c","id":"hyqt1oaf8g0hr9c"},"id":"tqgtdp663ihpz76","previousOperationId":"4kpj1dlh9ioapzm"}
{"type":"log","timestamp":1674603635727,"level":"debug","message":"Page request finished: GET (document) 200 file:///C:/Users/Johan/AppData/Local/Temp/jsreport/autocleanup/abaee883-2ad7-46fc-9738-17db9a712e4b-chrome-pdf.html","meta":{"rootId":"hyqt1oaf8g0hr9c","id":"hyqt1oaf8g0hr9c"},"id":"mgk2dpzmcl6oi4o","previousOperationId":"4kpj1dlh9ioapzm"}
{"type":"log","timestamp":1674603635727,"level":"debug","message":"Page request: GET (stylesheet) https://cdnjs.cloudflare.com/ajax/libs/metro/4.1.5/css/metro.min.css","meta":{"rootId":"hyqt1oaf8g0hr9c","id":"hyqt1oaf8g0hr9c"},"id":"ix8ukf9s50cklh7","previousOperationId":"4kpj1dlh9ioapzm"}
{"type":"log","timestamp":1674603635728,"level":"debug","message":"Page request: GET (script) https://cdnjs.cloudflare.com/ajax/libs/Chart.js/2.7.2/Chart.min.js","meta":{"rootId":"hyqt1oaf8g0hr9c","id":"hyqt1oaf8g0hr9c"},"id":"rwvttcq0z7ry3bf","previousOperationId":"4kpj1dlh9ioapzm"}
{"type":"log","timestamp":1674603638265,"level":"debug","message":"Page request finished: GET (script) 200 https://cdnjs.cloudflare.com/ajax/libs/Chart.js/2.7.2/Chart.min.js","meta":{"rootId":"hyqt1oaf8g0hr9c","id":"hyqt1oaf8g0hr9c"},"id":"a1xqjaeshysoldw","previousOperationId":"4kpj1dlh9ioapzm"}
{"type":"log","timestamp":1674603638676,"level":"debug","message":"Page request finished: GET (stylesheet) 200 https://cdnjs.cloudflare.com/ajax/libs/metro/4.1.5/css/metro.min.css","meta":{"rootId":"hyqt1oaf8g0hr9c","id":"hyqt1oaf8g0hr9c"},"id":"1ldqrpp76jo42vk","previousOperationId":"4kpj1dlh9ioapzm"}
{"type":"log","timestamp":1674603638955,"level":"debug","message":"Running chrome with params {\"printBackground\":true,\"marginTop\":\"4cm\",\"marginRight\":\"1.5cm\",\"marginBottom\":\"1.5cm\",\"marginLeft\":\"1.5cm\",\"waitForJS\":false,\"timeout\":56119,\"margin\":{\"top\":\"4cm\",\"right\":\"1.5cm\",\"bottom\":\"1.5cm\",\"left\":\"1.5cm\"}}","meta":{"rootId":"hyqt1oaf8g0hr9c","id":"hyqt1oaf8g0hr9c"},"id":"2lvleoxtnzajogi","previousOperationId":"4kpj1dlh9ioapzm"}
{"type":"operationEnd","operationId":"4kpj1dlh9ioapzm","timestamp":1674603639226,"id":"g59sd7du2ffkmzj","previousEventId":"ioz5qe2uamc6xs0","previousOperationId":"4kpj1dlh9ioapzm"}
{"type":"log","timestamp":1674603639227,"level":"info","message":"pdf-utils is starting pdf processing","meta":{"rootId":"hyqt1oaf8g0hr9c","id":"hyqt1oaf8g0hr9c"},"id":"pojlaogaskfwqyk","previousOperationId":"4kpj1dlh9ioapzm"}
{"type":"operationStart","subtype":"pdfUtils","name":"pdf utils","timestamp":1674603639568,"id":"3qa2l1jnhywe9o2","previousEventId":"g59sd7du2ffkmzj","operationId":"47m7atzlpspb1fr","previousOperationId":"4kpj1dlh9ioapzm"}
{"type":"log","timestamp":1674603639569,"level":"debug","message":"pdf-utils detected 1 pdf operation(s) to process","meta":{"rootId":"hyqt1oaf8g0hr9c","id":"hyqt1oaf8g0hr9c"},"id":"yav4erao6bcksnr","previousOperationId":"47m7atzlpspb1fr"}
{"type":"log","timestamp":1674603639953,"level":"debug","message":"pdf-utils running pdf operation merge","meta":{"rootId":"hyqt1oaf8g0hr9c","id":"hyqt1oaf8g0hr9c"},"id":"x91gpfm44kyqdjh","previousOperationId":"47m7atzlpspb1fr"}
{"type":"operationStart","subtype":"pdfUtilsMerge","name":"pdf utils merge","previousOperationId":"47m7atzlpspb1fr","timestamp":1674603639953,"id":"6qnd3vjto7ahmnq","previousEventId":"3qa2l1jnhywe9o2","operationId":"hm16kjtqjm4m6hl"}
{"type":"operationStart","subtype":"render","name":"orders-header","previousOperationId":"hm16kjtqjm4m6hl","timestamp":1674603639955,"id":"05i6pen213p2dp3","previousEventId":"6qnd3vjto7ahmnq","operationId":"bf8oejimu8ym44t"}
{"type":"log","timestamp":1674603639955,"level":"info","message":"Starting rendering (child) request","meta":{"rootId":"hyqt1oaf8g0hr9c","id":"yk6zetkf8jlkncj"},"id":"xzdbh540k6b1gkf","previousOperationId":"bf8oejimu8ym44t"}
{"type":"log","timestamp":1674603639956,"level":"info","message":"Rendering template { name: orders-header, recipe: chrome-pdf, engine: handlebars, preview: true }","meta":{"rootId":"hyqt1oaf8g0hr9c","id":"yk6zetkf8jlkncj"},"id":"olcdddnbq2rww8q","previousOperationId":"bf8oejimu8ym44t"}
{"type":"log","timestamp":1674603639965,"level":"debug","message":"Inline data specified.","meta":{"rootId":"hyqt1oaf8g0hr9c","id":"yk6zetkf8jlkncj"},"id":"p5fbdleraycncxt","previousOperationId":"bf8oejimu8ym44t"}
{"type":"log","timestamp":1674603639982,"level":"debug","message":"Base url not specified, skipping its injection.","meta":{"rootId":"hyqt1oaf8g0hr9c","id":"yk6zetkf8jlkncj"},"id":"kq5hknz0329ghh0","previousOperationId":"bf8oejimu8ym44t"}
{"type":"operationStart","subtype":"engine","name":"handlebars","timestamp":1674603639984,"id":"vlfv00lxzpmeoys","previousEventId":"05i6pen213p2dp3","operationId":"ijjnuuq2jrjcir2","previousOperationId":"bf8oejimu8ym44t"}
{"type":"log","timestamp":1674603639984,"level":"debug","message":"Rendering engine handlebars","meta":{"rootId":"hyqt1oaf8g0hr9c","id":"yk6zetkf8jlkncj"},"id":"9yx7agibws1jpon","previousOperationId":"ijjnuuq2jrjcir2"}
{"type":"operationEnd","operationId":"ijjnuuq2jrjcir2","timestamp":1674603640147,"id":"fakg798pxr8162v","previousEventId":"vlfv00lxzpmeoys","previousOperationId":"ijjnuuq2jrjcir2"}
{"type":"operationStart","subtype":"recipe","name":"chrome-pdf","timestamp":1674603640148,"id":"ltyef6tmm43iv7c","previousEventId":"fakg798pxr8162v","operationId":"iyuzf3gbgltdkrs","previousOperationId":"ijjnuuq2jrjcir2"}
{"type":"log","timestamp":1674603640148,"level":"debug","message":"Executing recipe chrome-pdf","meta":{"rootId":"hyqt1oaf8g0hr9c","id":"yk6zetkf8jlkncj"},"id":"e5zwjfckxbvzvj3","previousOperationId":"iyuzf3gbgltdkrs"}
{"type":"log","timestamp":1674603640152,"level":"debug","message":"Converting with chrome HeadlessChrome/105.0.5173.0 using chrome-pool strategy","meta":{"rootId":"hyqt1oaf8g0hr9c","id":"yk6zetkf8jlkncj"},"id":"mh33bxbdmvtlnq7","previousOperationId":"iyuzf3gbgltdkrs"}
{"type":"log","timestamp":1674603640291,"level":"debug","message":"Page request: GET (document) file:///C:/Users/Johan/AppData/Local/Temp/jsreport/autocleanup/ef995b75-553a-40e1-b3f8-55fd3b01eb9c-chrome-pdf.html","meta":{"rootId":"hyqt1oaf8g0hr9c","id":"yk6zetkf8jlkncj"},"id":"gnlch3wdeq5xa65","previousOperationId":"iyuzf3gbgltdkrs"}
{"type":"log","timestamp":1674603640316,"level":"debug","message":"Page request finished: GET (document) 200 file:///C:/Users/Johan/AppData/Local/Temp/jsreport/autocleanup/ef995b75-553a-40e1-b3f8-55fd3b01eb9c-chrome-pdf.html","meta":{"rootId":"hyqt1oaf8g0hr9c","id":"yk6zetkf8jlkncj"},"id":"vz3bi11sghx1hqw","previousOperationId":"iyuzf3gbgltdkrs"}
{"type":"log","timestamp":1674603640316,"level":"debug","message":"Page request: GET (stylesheet) https://cdnjs.cloudflare.com/ajax/libs/metro/4.1.5/css/metro.min.css","meta":{"rootId":"hyqt1oaf8g0hr9c","id":"yk6zetkf8jlkncj"},"id":"wcz2k3f8h5wu9qw","previousOperationId":"iyuzf3gbgltdkrs"}
{"type":"log","timestamp":1674603640345,"level":"debug","message":"Page request finished: GET (stylesheet) 200 https://cdnjs.cloudflare.com/ajax/libs/metro/4.1.5/css/metro.min.css","meta":{"rootId":"hyqt1oaf8g0hr9c","id":"yk6zetkf8jlkncj"},"id":"9cy00wex1p3bpm2","previousOperationId":"iyuzf3gbgltdkrs"}
{"type":"log","timestamp":1674603640385,"level":"debug","message":"Running chrome with params {\"printBackground\":true,\"marginTop\":\"1.5cm\",\"marginRight\":\"1.5cm\",\"marginLeft\":\"1.cm\",\"timeout\":49689,\"margin\":{\"top\":\"1.5cm\",\"right\":\"1.5cm\",\"left\":\"1.cm\"}}","meta":{"rootId":"hyqt1oaf8g0hr9c","id":"yk6zetkf8jlkncj"},"id":"g72859z078igx0i","previousOperationId":"iyuzf3gbgltdkrs"}
{"type":"operationEnd","operationId":"iyuzf3gbgltdkrs","timestamp":1674603640475,"id":"zshsnzfeqchq21m","previousEventId":"ltyef6tmm43iv7c","previousOperationId":"iyuzf3gbgltdkrs"}
{"type":"log","timestamp":1674603640477,"level":"debug","message":"Skipping storing report.","meta":{"rootId":"hyqt1oaf8g0hr9c","id":"yk6zetkf8jlkncj"},"id":"qlr6i0fopp9z9cr","previousOperationId":"iyuzf3gbgltdkrs"}
{"type":"log","timestamp":1674603640478,"level":"info","message":"Rendering (child) request finished in 10638 ms","meta":{"rootId":"hyqt1oaf8g0hr9c","id":"yk6zetkf8jlkncj"},"id":"egtkig89q5ddql9","previousOperationId":"iyuzf3gbgltdkrs"}
{"type":"operationEnd","subtype":"render","operationId":"bf8oejimu8ym44t","timestamp":1674603640478,"id":"b788c6q76mu25zu","previousEventId":"zshsnzfeqchq21m","previousOperationId":"iyuzf3gbgltdkrs"}
{"type":"operationEnd","operationId":"hm16kjtqjm4m6hl","timestamp":1674603640527,"id":"xqv5hq7ztq5aq6f","previousEventId":"6qnd3vjto7ahmnq","previousOperationId":"hm16kjtqjm4m6hl"}
{"type":"log","timestamp":1674603640527,"level":"debug","message":"pdf-utils postproces start","meta":{"rootId":"hyqt1oaf8g0hr9c","id":"hyqt1oaf8g0hr9c"},"id":"orot5ltceogx2e0","previousOperationId":"hm16kjtqjm4m6hl"}
{"type":"log","timestamp":1674603640576,"level":"debug","message":"pdf-utils postproces end","meta":{"rootId":"hyqt1oaf8g0hr9c","id":"hyqt1oaf8g0hr9c"},"id":"r2z1i3bvub8nj13","previousOperationId":"hm16kjtqjm4m6hl"}
{"type":"operationEnd","operationId":"47m7atzlpspb1fr","timestamp":1674603640576,"id":"z54mml8zidzvus0","previousEventId":"xqv5hq7ztq5aq6f","previousOperationId":"hm16kjtqjm4m6hl"}
{"type":"log","timestamp":1674603640576,"level":"info","message":"pdf-utils pdf processing was finished","meta":{"rootId":"hyqt1oaf8g0hr9c","id":"hyqt1oaf8g0hr9c"},"id":"goelwxofrfk7id9","previousOperationId":"47m7atzlpspb1fr"}
{"type":"log","timestamp":1674603640576,"level":"debug","message":"Skipping storing report.","meta":{"rootId":"hyqt1oaf8g0hr9c","id":"hyqt1oaf8g0hr9c"},"id":"3usfanwuunjftnc","previousOperationId":"47m7atzlpspb1fr"}
{"type":"log","timestamp":1674603640577,"level":"info","message":"Rendering request 1 finished in 10737 ms","meta":{"rootId":"hyqt1oaf8g0hr9c","id":"hyqt1oaf8g0hr9c"},"id":"8jvim6iqz9vv9us","previousOperationId":"47m7atzlpspb1fr"}
{"type":"operationEnd","subtype":"render","operationId":"09t62qef6iivzwh","timestamp":1674603640577,"id":"c5j9aqg99zmk7km","previousEventId":"z54mml8zidzvus0","previousOperationId":"47m7atzlpspb1fr"}
{"type":"operationEnd","doDiffs":false,"previousEventId":"utcrxr60xgmec5q","previousOperationId":"m8xq7hqvougzwkw","operationId":"m8xq7hqvougzwkw","timestamp":1674603640590,"id":"e5v2w28r7j86saz"}
