{"type":"operationStart","subtype":"profile","data":{"_id":"ojVSfNeb421am9Jx","timestamp":"2023-01-24T17:38:30.979Z","state":"queued","mode":"standard","creationDate":"2023-01-24T17:38:30.982Z","modificationDate":"2023-01-24T17:38:30.982Z","shortid":"y2TVqgG","$entitySet":"profiles"},"doDiffs":false,"timestamp":1674581910980,"id":"6zotrt0ju1wbm5z","previousOperationId":null,"operationId":"yob25irsztmox8w"}
{"type":"log","level":"info","message":"Render request 1 queued for execution and waiting for available worker","previousOperationId":"yob25irsztmox8w","timestamp":1674581910981,"id":"3d5hfzihur6tink"}
{"type":"operationStart","subtype":"render","name":"orders-main","previousOperationId":"yob25irsztmox8w","timestamp":1674581911024,"id":"lm3kfiao6g1ubkz","previousEventId":"6zotrt0ju1wbm5z","operationId":"aq3ed3zpnbs728x"}
{"type":"log","timestamp":1674581911026,"level":"info","message":"Starting rendering request 1","meta":{"rootId":"i1rosyvximktiq3","id":"i1rosyvximktiq3"},"id":"lm720r70wc5pcpv","previousOperationId":"aq3ed3zpnbs728x"}
{"type":"log","timestamp":1674581911030,"level":"info","message":"Rendering template { name: orders-main, recipe: chrome-pdf, engine: handlebars, preview: true }","meta":{"rootId":"i1rosyvximktiq3","id":"i1rosyvximktiq3"},"id":"ki6pc4cpwlwbh3v","previousOperationId":"aq3ed3zpnbs728x"}
{"type":"log","timestamp":1674581911035,"level":"debug","message":"Data item not defined for this template.","meta":{"rootId":"i1rosyvximktiq3","id":"i1rosyvximktiq3"},"id":"8rr9o42neprgni7","previousOperationId":"aq3ed3zpnbs728x"}
{"type":"log","timestamp":1674581911043,"level":"debug","message":"Executing script orders-script (beforeRender)","meta":{"rootId":"i1rosyvximktiq3","id":"i1rosyvximktiq3"},"id":"zr8irvbohz3rjkx","previousOperationId":"aq3ed3zpnbs728x"}
{"type":"operationStart","subtype":"scriptsBeforeRender","name":"scripts beforeRender","timestamp":1674581911362,"id":"xcfwps0g3sr4pr9","previousEventId":"lm3kfiao6g1ubkz","operationId":"j5wktf6y65onu7w","previousOperationId":"aq3ed3zpnbs728x"}
{"type":"operationStart","subtype":"script","name":"scripts orders-script","previousOperationId":"j5wktf6y65onu7w","timestamp":1674581911362,"id":"l6cr290puq2k1rk","previousEventId":"xcfwps0g3sr4pr9","operationId":"i6p9i4pd6qhopjw"}
{"type":"operationEnd","operationId":"i6p9i4pd6qhopjw","timestamp":1674581913015,"id":"d34uv3q6k4ady02","previousEventId":"lm3kfiao6g1ubkz","previousOperationId":"aq3ed3zpnbs728x"}
{"type":"operationEnd","operationId":"j5wktf6y65onu7w","timestamp":1674581913015,"id":"0mzgsf4htzeoyrr","previousEventId":"d34uv3q6k4ady02","previousOperationId":"aq3ed3zpnbs728x"}
{"type":"log","timestamp":1674581913015,"level":"debug","message":"Base url not specified, skipping its injection.","meta":{"rootId":"i1rosyvximktiq3","id":"i1rosyvximktiq3"},"id":"tpqyicmf043ps71","previousOperationId":"j5wktf6y65onu7w"}
{"type":"operationStart","subtype":"engine","name":"handlebars","timestamp":1674581913016,"id":"xjsgk08on9pm18b","previousEventId":"0mzgsf4htzeoyrr","operationId":"m9lym9n7aiubhyc","previousOperationId":"j5wktf6y65onu7w"}
{"type":"log","timestamp":1674581913016,"level":"debug","message":"Rendering engine handlebars","meta":{"rootId":"i1rosyvximktiq3","id":"i1rosyvximktiq3"},"id":"0nz65q11ryp7zve","previousOperationId":"m9lym9n7aiubhyc"}
{"type":"log","timestamp":1674581913332,"level":"debug","message":"(console:log) Pdf utils adding group field, value: \"France\"","meta":{"userLevel":true,"rootId":"i1rosyvximktiq3","id":"i1rosyvximktiq3"},"id":"qiiqxz7axd1759e","previousOperationId":"m9lym9n7aiubhyc"}
{"type":"log","timestamp":1674581913333,"level":"debug","message":"(console:log) Pdf utils adding group field, value: \"Germany\"","meta":{"userLevel":true,"rootId":"i1rosyvximktiq3","id":"i1rosyvximktiq3"},"id":"n6pcjse37qkwofi","previousOperationId":"m9lym9n7aiubhyc"}
{"type":"operationEnd","operationId":"m9lym9n7aiubhyc","timestamp":1674581913334,"id":"gamicdojy8hxwof","previousEventId":"xjsgk08on9pm18b","previousOperationId":"m9lym9n7aiubhyc"}
{"type":"operationStart","subtype":"recipe","name":"chrome-pdf","timestamp":1674581913334,"id":"0c39dane37r4zem","previousEventId":"gamicdojy8hxwof","operationId":"1aarzqbgm43bneh","previousOperationId":"m9lym9n7aiubhyc"}
{"type":"log","timestamp":1674581913334,"level":"debug","message":"Executing recipe chrome-pdf","meta":{"rootId":"i1rosyvximktiq3","id":"i1rosyvximktiq3"},"id":"v43jxfcpydx85qv","previousOperationId":"1aarzqbgm43bneh"}
{"type":"log","timestamp":1674581913697,"level":"debug","message":"Converting with chrome HeadlessChrome/105.0.5173.0 using chrome-pool strategy","meta":{"rootId":"i1rosyvximktiq3","id":"i1rosyvximktiq3"},"id":"i7qck89s3fdm5wt","previousOperationId":"1aarzqbgm43bneh"}
{"type":"log","timestamp":1674581913858,"level":"debug","message":"Page request: GET (document) file:///C:/Users/Johan/AppData/Local/Temp/jsreport/autocleanup/b9f43678-5826-4e4f-be70-7ca4353ade30-chrome-pdf.html","meta":{"rootId":"i1rosyvximktiq3","id":"i1rosyvximktiq3"},"id":"u71qyh74sjxoego","previousOperationId":"1aarzqbgm43bneh"}
{"type":"log","timestamp":1674581913920,"level":"debug","message":"Page request finished: GET (document) 200 file:///C:/Users/Johan/AppData/Local/Temp/jsreport/autocleanup/b9f43678-5826-4e4f-be70-7ca4353ade30-chrome-pdf.html","meta":{"rootId":"i1rosyvximktiq3","id":"i1rosyvximktiq3"},"id":"gwe936os4gmh4h2","previousOperationId":"1aarzqbgm43bneh"}
{"type":"log","timestamp":1674581913920,"level":"debug","message":"Page request: GET (stylesheet) https://cdnjs.cloudflare.com/ajax/libs/metro/4.1.5/css/metro.min.css","meta":{"rootId":"i1rosyvximktiq3","id":"i1rosyvximktiq3"},"id":"gko5shim8bigrb3","previousOperationId":"1aarzqbgm43bneh"}
{"type":"log","timestamp":1674581913920,"level":"debug","message":"Page request: GET (script) https://cdnjs.cloudflare.com/ajax/libs/Chart.js/2.7.2/Chart.min.js","meta":{"rootId":"i1rosyvximktiq3","id":"i1rosyvximktiq3"},"id":"unmqcbb9bh5b7cp","previousOperationId":"1aarzqbgm43bneh"}
{"type":"log","timestamp":1674581916432,"level":"debug","message":"Page request finished: GET (script) 200 https://cdnjs.cloudflare.com/ajax/libs/Chart.js/2.7.2/Chart.min.js","meta":{"rootId":"i1rosyvximktiq3","id":"i1rosyvximktiq3"},"id":"c7162zcakxt4nu3","previousOperationId":"1aarzqbgm43bneh"}
{"type":"log","timestamp":1674581916481,"level":"debug","message":"Page request finished: GET (stylesheet) 200 https://cdnjs.cloudflare.com/ajax/libs/metro/4.1.5/css/metro.min.css","meta":{"rootId":"i1rosyvximktiq3","id":"i1rosyvximktiq3"},"id":"epk8ouuyxrs7mzr","previousOperationId":"1aarzqbgm43bneh"}
{"type":"log","timestamp":1674581916610,"level":"debug","message":"Running chrome with params {\"printBackground\":true,\"marginTop\":\"4cm\",\"marginRight\":\"1.5cm\",\"marginBottom\":\"1.5cm\",\"marginLeft\":\"1.5cm\",\"waitForJS\":false,\"timeout\":57490,\"margin\":{\"top\":\"4cm\",\"right\":\"1.5cm\",\"bottom\":\"1.5cm\",\"left\":\"1.5cm\"}}","meta":{"rootId":"i1rosyvximktiq3","id":"i1rosyvximktiq3"},"id":"wjrmvksrtoocr7n","previousOperationId":"1aarzqbgm43bneh"}
{"type":"operationEnd","operationId":"1aarzqbgm43bneh","timestamp":1674581916800,"id":"krgg2mihsjnyqpg","previousEventId":"0c39dane37r4zem","previousOperationId":"1aarzqbgm43bneh"}
{"type":"log","timestamp":1674581916801,"level":"info","message":"pdf-utils is starting pdf processing","meta":{"rootId":"i1rosyvximktiq3","id":"i1rosyvximktiq3"},"id":"zc975yp1vn8lh40","previousOperationId":"1aarzqbgm43bneh"}
{"type":"operationStart","subtype":"pdfUtils","name":"pdf utils","timestamp":1674581917067,"id":"sq6hw717tejgpz7","previousEventId":"krgg2mihsjnyqpg","operationId":"7f8brrbwxmyks0e","previousOperationId":"1aarzqbgm43bneh"}
{"type":"log","timestamp":1674581917067,"level":"debug","message":"pdf-utils detected 1 pdf operation(s) to process","meta":{"rootId":"i1rosyvximktiq3","id":"i1rosyvximktiq3"},"id":"7syykd4hril7wlb","previousOperationId":"7f8brrbwxmyks0e"}
{"type":"log","timestamp":1674581917383,"level":"debug","message":"pdf-utils running pdf operation merge","meta":{"rootId":"i1rosyvximktiq3","id":"i1rosyvximktiq3"},"id":"1faan4y03kynone","previousOperationId":"7f8brrbwxmyks0e"}
{"type":"operationStart","subtype":"pdfUtilsMerge","name":"pdf utils merge","previousOperationId":"7f8brrbwxmyks0e","timestamp":1674581917383,"id":"qixemah6hf8c6mt","previousEventId":"sq6hw717tejgpz7","operationId":"4hdxdc2bz1v9oyc"}
{"type":"operationStart","subtype":"render","name":"orders-header","previousOperationId":"4hdxdc2bz1v9oyc","timestamp":1674581917386,"id":"tu7hxwrojk8hhq9","previousEventId":"qixemah6hf8c6mt","operationId":"cetd9uo5kel724p"}
{"type":"log","timestamp":1674581917386,"level":"info","message":"Starting rendering (child) request","meta":{"rootId":"i1rosyvximktiq3","id":"e06i0ss7c2iuhua"},"id":"hx27un6c9kk6gxh","previousOperationId":"cetd9uo5kel724p"}
{"type":"log","timestamp":1674581917386,"level":"info","message":"Rendering template { name: orders-header, recipe: chrome-pdf, engine: handlebars, preview: true }","meta":{"rootId":"i1rosyvximktiq3","id":"e06i0ss7c2iuhua"},"id":"7p0d302ou6fqway","previousOperationId":"cetd9uo5kel724p"}
{"type":"log","timestamp":1674581917424,"level":"debug","message":"Inline data specified.","meta":{"rootId":"i1rosyvximktiq3","id":"e06i0ss7c2iuhua"},"id":"gt4i1zesi5whvul","previousOperationId":"cetd9uo5kel724p"}
{"type":"log","timestamp":1674581917434,"level":"debug","message":"Base url not specified, skipping its injection.","meta":{"rootId":"i1rosyvximktiq3","id":"e06i0ss7c2iuhua"},"id":"icsk8bkn3qsrhg1","previousOperationId":"cetd9uo5kel724p"}
{"type":"operationStart","subtype":"engine","name":"handlebars","timestamp":1674581917434,"id":"19keos3sw451nym","previousEventId":"tu7hxwrojk8hhq9","operationId":"ojtc67u9k7103z5","previousOperationId":"cetd9uo5kel724p"}
{"type":"log","timestamp":1674581917434,"level":"debug","message":"Rendering engine handlebars","meta":{"rootId":"i1rosyvximktiq3","id":"e06i0ss7c2iuhua"},"id":"4b3bkedv147ee7f","previousOperationId":"ojtc67u9k7103z5"}
{"type":"operationEnd","operationId":"ojtc67u9k7103z5","timestamp":1674581917573,"id":"8wohtjwagt89ip0","previousEventId":"19keos3sw451nym","previousOperationId":"ojtc67u9k7103z5"}
{"type":"operationStart","subtype":"recipe","name":"chrome-pdf","timestamp":1674581917574,"id":"simh8ipyok5amm3","previousEventId":"8wohtjwagt89ip0","operationId":"6bagy08gs9vtjf3","previousOperationId":"ojtc67u9k7103z5"}
{"type":"log","timestamp":1674581917574,"level":"debug","message":"Executing recipe chrome-pdf","meta":{"rootId":"i1rosyvximktiq3","id":"e06i0ss7c2iuhua"},"id":"jbizjl97m9596xw","previousOperationId":"6bagy08gs9vtjf3"}
{"type":"log","timestamp":1674581917577,"level":"debug","message":"Converting with chrome HeadlessChrome/105.0.5173.0 using chrome-pool strategy","meta":{"rootId":"i1rosyvximktiq3","id":"e06i0ss7c2iuhua"},"id":"auhq37fv1qhqvns","previousOperationId":"6bagy08gs9vtjf3"}
{"type":"log","timestamp":1674581917673,"level":"debug","message":"Page request: GET (document) file:///C:/Users/Johan/AppData/Local/Temp/jsreport/autocleanup/f09b1698-9aa4-4c3c-8c06-8a801da7eb31-chrome-pdf.html","meta":{"rootId":"i1rosyvximktiq3","id":"e06i0ss7c2iuhua"},"id":"m1d9kef1jmjulcv","previousOperationId":"6bagy08gs9vtjf3"}
{"type":"log","timestamp":1674581917707,"level":"debug","message":"Page request finished: GET (document) 200 file:///C:/Users/Johan/AppData/Local/Temp/jsreport/autocleanup/f09b1698-9aa4-4c3c-8c06-8a801da7eb31-chrome-pdf.html","meta":{"rootId":"i1rosyvximktiq3","id":"e06i0ss7c2iuhua"},"id":"e9b6jo3m9wn0di9","previousOperationId":"6bagy08gs9vtjf3"}
{"type":"log","timestamp":1674581917708,"level":"debug","message":"Page request: GET (stylesheet) https://cdnjs.cloudflare.com/ajax/libs/metro/4.1.5/css/metro.min.css","meta":{"rootId":"i1rosyvximktiq3","id":"e06i0ss7c2iuhua"},"id":"cdptxfiunzogxwm","previousOperationId":"6bagy08gs9vtjf3"}
{"type":"log","timestamp":1674581917743,"level":"debug","message":"Page request finished: GET (stylesheet) 200 https://cdnjs.cloudflare.com/ajax/libs/metro/4.1.5/css/metro.min.css","meta":{"rootId":"i1rosyvximktiq3","id":"e06i0ss7c2iuhua"},"id":"yg8fg4x90i3anvh","previousOperationId":"6bagy08gs9vtjf3"}
{"type":"log","timestamp":1674581917768,"level":"debug","message":"Running chrome with params {\"printBackground\":true,\"marginTop\":\"1.5cm\",\"marginRight\":\"1.5cm\",\"marginLeft\":\"1.cm\",\"timeout\":53403,\"margin\":{\"top\":\"1.5cm\",\"right\":\"1.5cm\",\"left\":\"1.cm\"}}","meta":{"rootId":"i1rosyvximktiq3","id":"e06i0ss7c2iuhua"},"id":"vhhtzwzzo3wqez9","previousOperationId":"6bagy08gs9vtjf3"}
{"type":"operationEnd","operationId":"6bagy08gs9vtjf3","timestamp":1674581917879,"id":"s7stkcdvj5p70wo","previousEventId":"simh8ipyok5amm3","previousOperationId":"6bagy08gs9vtjf3"}
{"type":"log","timestamp":1674581917880,"level":"debug","message":"Skipping storing report.","meta":{"rootId":"i1rosyvximktiq3","id":"e06i0ss7c2iuhua"},"id":"hg1duq1514q1g2w","previousOperationId":"6bagy08gs9vtjf3"}
{"type":"log","timestamp":1674581917881,"level":"info","message":"Rendering (child) request finished in 6902 ms","meta":{"rootId":"i1rosyvximktiq3","id":"e06i0ss7c2iuhua"},"id":"ufbq00arej2mztz","previousOperationId":"6bagy08gs9vtjf3"}
{"type":"operationEnd","subtype":"render","operationId":"cetd9uo5kel724p","timestamp":1674581917881,"id":"aidbpddi32mcook","previousEventId":"s7stkcdvj5p70wo","previousOperationId":"6bagy08gs9vtjf3"}
{"type":"operationEnd","operationId":"4hdxdc2bz1v9oyc","timestamp":1674581917913,"id":"3s77dxsedyovuw3","previousEventId":"qixemah6hf8c6mt","previousOperationId":"4hdxdc2bz1v9oyc"}
{"type":"log","timestamp":1674581917913,"level":"debug","message":"pdf-utils postproces start","meta":{"rootId":"i1rosyvximktiq3","id":"i1rosyvximktiq3"},"id":"qc2y2vmd7171efz","previousOperationId":"4hdxdc2bz1v9oyc"}
{"type":"log","timestamp":1674581917951,"level":"debug","message":"pdf-utils postproces end","meta":{"rootId":"i1rosyvximktiq3","id":"i1rosyvximktiq3"},"id":"7ejze2o8q6tnos8","previousOperationId":"4hdxdc2bz1v9oyc"}
{"type":"operationEnd","operationId":"7f8brrbwxmyks0e","timestamp":1674581917951,"id":"nkbrztq9o1btwd4","previousEventId":"3s77dxsedyovuw3","previousOperationId":"4hdxdc2bz1v9oyc"}
{"type":"log","timestamp":1674581917951,"level":"info","message":"pdf-utils pdf processing was finished","meta":{"rootId":"i1rosyvximktiq3","id":"i1rosyvximktiq3"},"id":"bm5v5rav053scid","previousOperationId":"7f8brrbwxmyks0e"}
{"type":"log","timestamp":1674581917951,"level":"debug","message":"Skipping storing report.","meta":{"rootId":"i1rosyvximktiq3","id":"i1rosyvximktiq3"},"id":"k6u92fq2y3gse1s","previousOperationId":"7f8brrbwxmyks0e"}
{"type":"log","timestamp":1674581917951,"level":"info","message":"Rendering request 1 finished in 6972 ms","meta":{"rootId":"i1rosyvximktiq3","id":"i1rosyvximktiq3"},"id":"xs543ivo1e0yf18","previousOperationId":"7f8brrbwxmyks0e"}
{"type":"operationEnd","subtype":"render","operationId":"aq3ed3zpnbs728x","timestamp":1674581917951,"id":"e9hwz9sp7tr5wzh","previousEventId":"nkbrztq9o1btwd4","previousOperationId":"7f8brrbwxmyks0e"}
{"type":"operationEnd","doDiffs":false,"previousEventId":"6zotrt0ju1wbm5z","previousOperationId":"yob25irsztmox8w","operationId":"yob25irsztmox8w","timestamp":1674581917972,"id":"kq59p4cnnokm9gr"}
