{"type":"operationStart","subtype":"profile","data":{"_id":"HasXsTeNo8pl4Ms3","timestamp":"2023-01-24T20:27:15.848Z","state":"queued","mode":"standard","creationDate":"2023-01-24T20:27:15.853Z","modificationDate":"2023-01-24T20:27:15.853Z","shortid":"3Ic3nQt","$entitySet":"profiles"},"doDiffs":false,"timestamp":1674592035850,"id":"nri6594bcruso9w","previousOperationId":null,"operationId":"aaw1yo5lnttt7l8"}
{"type":"log","level":"info","message":"Render request 25 queued for execution and waiting for available worker","previousOperationId":"aaw1yo5lnttt7l8","timestamp":1674592035850,"id":"dwaf0w56plsezik"}
{"type":"operationStart","subtype":"render","name":"orders-main","previousOperationId":"aaw1yo5lnttt7l8","timestamp":1674592035868,"id":"gmodmkrbz7s99lw","previousEventId":"nri6594bcruso9w","operationId":"9yqhrkumjjd1xq5"}
{"type":"log","timestamp":1674592035868,"level":"info","message":"Starting rendering request 25","meta":{"rootId":"oxr5fyj2dbm8c35","id":"oxr5fyj2dbm8c35"},"id":"w6rarnvvaov89yb","previousOperationId":"9yqhrkumjjd1xq5"}
{"type":"log","timestamp":1674592035869,"level":"info","message":"Rendering template { name: orders-main, recipe: chrome-pdf, engine: handlebars, preview: true }","meta":{"rootId":"oxr5fyj2dbm8c35","id":"oxr5fyj2dbm8c35"},"id":"zw2kqi6vmpfub6g","previousOperationId":"9yqhrkumjjd1xq5"}
{"type":"log","timestamp":1674592035872,"level":"debug","message":"Data item not defined for this template.","meta":{"rootId":"oxr5fyj2dbm8c35","id":"oxr5fyj2dbm8c35"},"id":"s1cyzqdpdv35qp1","previousOperationId":"9yqhrkumjjd1xq5"}
{"type":"log","timestamp":1674592035881,"level":"debug","message":"Executing script orders-script (beforeRender)","meta":{"rootId":"oxr5fyj2dbm8c35","id":"oxr5fyj2dbm8c35"},"id":"u9e0qyzz8he6alt","previousOperationId":"9yqhrkumjjd1xq5"}
{"type":"operationStart","subtype":"scriptsBeforeRender","name":"scripts beforeRender","timestamp":1674592035915,"id":"8qpcflpz5j8aonh","previousEventId":"gmodmkrbz7s99lw","operationId":"rjjec9wr42aqy7y","previousOperationId":"9yqhrkumjjd1xq5"}
{"type":"operationStart","subtype":"script","name":"scripts orders-script","previousOperationId":"rjjec9wr42aqy7y","timestamp":1674592035915,"id":"cdogpgg2rri6xmm","previousEventId":"8qpcflpz5j8aonh","operationId":"ai22me774orlhme"}
{"type":"operationEnd","operationId":"ai22me774orlhme","timestamp":1674592037253,"id":"sh4j2d9mxxadyty","previousEventId":"gmodmkrbz7s99lw","previousOperationId":"9yqhrkumjjd1xq5"}
{"type":"operationEnd","operationId":"rjjec9wr42aqy7y","timestamp":1674592037253,"id":"oxpnexkqmlnip4j","previousEventId":"sh4j2d9mxxadyty","previousOperationId":"9yqhrkumjjd1xq5"}
{"type":"log","timestamp":1674592037254,"level":"debug","message":"Base url not specified, skipping its injection.","meta":{"rootId":"oxr5fyj2dbm8c35","id":"oxr5fyj2dbm8c35"},"id":"s0wu1c6or68cbn6","previousOperationId":"rjjec9wr42aqy7y"}
{"type":"operationStart","subtype":"engine","name":"handlebars","timestamp":1674592037254,"id":"df415r2gykzocpj","previousEventId":"oxpnexkqmlnip4j","operationId":"7eywaaqebim3rzk","previousOperationId":"rjjec9wr42aqy7y"}
{"type":"log","timestamp":1674592037254,"level":"debug","message":"Rendering engine handlebars","meta":{"rootId":"oxr5fyj2dbm8c35","id":"oxr5fyj2dbm8c35"},"id":"aykn6rxd4ddgm9o","previousOperationId":"7eywaaqebim3rzk"}
{"type":"log","timestamp":1674592037285,"level":"debug","message":"(console:log) Pdf utils adding group field, value: \"France\"","meta":{"userLevel":true,"rootId":"oxr5fyj2dbm8c35","id":"oxr5fyj2dbm8c35"},"id":"7o7zo57vqw7uo3i","previousOperationId":"7eywaaqebim3rzk"}
{"type":"log","timestamp":1674592037287,"level":"debug","message":"(console:log) Pdf utils adding group field, value: \"Germany\"","meta":{"userLevel":true,"rootId":"oxr5fyj2dbm8c35","id":"oxr5fyj2dbm8c35"},"id":"w4eyvwui4y973wp","previousOperationId":"7eywaaqebim3rzk"}
{"type":"operationEnd","operationId":"7eywaaqebim3rzk","timestamp":1674592037288,"id":"7ydk8tjob14ebml","previousEventId":"df415r2gykzocpj","previousOperationId":"7eywaaqebim3rzk"}
{"type":"operationStart","subtype":"recipe","name":"chrome-pdf","timestamp":1674592037289,"id":"8ol7raaagw1n8l5","previousEventId":"7ydk8tjob14ebml","operationId":"mbxovmcjwfr22bc","previousOperationId":"7eywaaqebim3rzk"}
{"type":"log","timestamp":1674592037289,"level":"debug","message":"Executing recipe chrome-pdf","meta":{"rootId":"oxr5fyj2dbm8c35","id":"oxr5fyj2dbm8c35"},"id":"agmrkz2bgut446w","previousOperationId":"mbxovmcjwfr22bc"}
{"type":"log","timestamp":1674592037298,"level":"debug","message":"Converting with chrome HeadlessChrome/105.0.5173.0 using chrome-pool strategy","meta":{"rootId":"oxr5fyj2dbm8c35","id":"oxr5fyj2dbm8c35"},"id":"rmg9yvuy7ve737r","previousOperationId":"mbxovmcjwfr22bc"}
{"type":"log","timestamp":1674592037442,"level":"debug","message":"Page request: GET (document) file:///C:/Users/Johan/AppData/Local/Temp/jsreport/autocleanup/43aa27c4-cc64-4751-9ea9-ce91ff5f43c9-chrome-pdf.html","meta":{"rootId":"oxr5fyj2dbm8c35","id":"oxr5fyj2dbm8c35"},"id":"383n9tsiyix83ps","previousOperationId":"mbxovmcjwfr22bc"}
{"type":"log","timestamp":1674592037513,"level":"debug","message":"Page request finished: GET (document) 200 file:///C:/Users/Johan/AppData/Local/Temp/jsreport/autocleanup/43aa27c4-cc64-4751-9ea9-ce91ff5f43c9-chrome-pdf.html","meta":{"rootId":"oxr5fyj2dbm8c35","id":"oxr5fyj2dbm8c35"},"id":"bzjuw1nsl4tf3vf","previousOperationId":"mbxovmcjwfr22bc"}
{"type":"log","timestamp":1674592037513,"level":"debug","message":"Page request: GET (stylesheet) https://cdnjs.cloudflare.com/ajax/libs/metro/4.1.5/css/metro.min.css","meta":{"rootId":"oxr5fyj2dbm8c35","id":"oxr5fyj2dbm8c35"},"id":"jpfguo5fdhasvv0","previousOperationId":"mbxovmcjwfr22bc"}
{"type":"log","timestamp":1674592037513,"level":"debug","message":"Page request: GET (script) https://cdnjs.cloudflare.com/ajax/libs/Chart.js/2.7.2/Chart.min.js","meta":{"rootId":"oxr5fyj2dbm8c35","id":"oxr5fyj2dbm8c35"},"id":"joyhr7kpkw0wsfz","previousOperationId":"mbxovmcjwfr22bc"}
{"type":"log","timestamp":1674592037522,"level":"debug","message":"Page request finished: GET (script) 200 https://cdnjs.cloudflare.com/ajax/libs/Chart.js/2.7.2/Chart.min.js","meta":{"rootId":"oxr5fyj2dbm8c35","id":"oxr5fyj2dbm8c35"},"id":"ohis82sc1tjfx3z","previousOperationId":"mbxovmcjwfr22bc"}
{"type":"log","timestamp":1674592037541,"level":"debug","message":"Page request finished: GET (stylesheet) 200 https://cdnjs.cloudflare.com/ajax/libs/metro/4.1.5/css/metro.min.css","meta":{"rootId":"oxr5fyj2dbm8c35","id":"oxr5fyj2dbm8c35"},"id":"5mkaern3atyi7le","previousOperationId":"mbxovmcjwfr22bc"}
{"type":"log","timestamp":1674592037658,"level":"debug","message":"Running chrome with params {\"printBackground\":true,\"marginTop\":\"4cm\",\"marginRight\":\"1.5cm\",\"marginBottom\":\"1.5cm\",\"marginLeft\":\"1.5cm\",\"waitForJS\":false,\"timeout\":58552,\"margin\":{\"top\":\"4cm\",\"right\":\"1.5cm\",\"bottom\":\"1.5cm\",\"left\":\"1.5cm\"}}","meta":{"rootId":"oxr5fyj2dbm8c35","id":"oxr5fyj2dbm8c35"},"id":"90hjrbymtkyk780","previousOperationId":"mbxovmcjwfr22bc"}
{"type":"operationEnd","operationId":"mbxovmcjwfr22bc","timestamp":1674592037929,"id":"8r6303ufr0j9qay","previousEventId":"8ol7raaagw1n8l5","previousOperationId":"mbxovmcjwfr22bc"}
{"type":"log","timestamp":1674592037929,"level":"info","message":"pdf-utils is starting pdf processing","meta":{"rootId":"oxr5fyj2dbm8c35","id":"oxr5fyj2dbm8c35"},"id":"zqaals0v9icb9wr","previousOperationId":"mbxovmcjwfr22bc"}
{"type":"operationStart","subtype":"pdfUtils","name":"pdf utils","timestamp":1674592038231,"id":"3yavlo9nf67gr0j","previousEventId":"8r6303ufr0j9qay","operationId":"jogecz3xeqdo62k","previousOperationId":"mbxovmcjwfr22bc"}
{"type":"log","timestamp":1674592038231,"level":"debug","message":"pdf-utils detected 1 pdf operation(s) to process","meta":{"rootId":"oxr5fyj2dbm8c35","id":"oxr5fyj2dbm8c35"},"id":"kaz2zc7v5itfgsd","previousOperationId":"jogecz3xeqdo62k"}
{"type":"log","timestamp":1674592038639,"level":"debug","message":"pdf-utils running pdf operation merge","meta":{"rootId":"oxr5fyj2dbm8c35","id":"oxr5fyj2dbm8c35"},"id":"eop6lcs5qseh27d","previousOperationId":"jogecz3xeqdo62k"}
{"type":"operationStart","subtype":"pdfUtilsMerge","name":"pdf utils merge","previousOperationId":"jogecz3xeqdo62k","timestamp":1674592038640,"id":"a3ko78axpj23tem","previousEventId":"3yavlo9nf67gr0j","operationId":"yi3e4ebqm1yd7vk"}
{"type":"operationStart","subtype":"render","name":"orders-header","previousOperationId":"yi3e4ebqm1yd7vk","timestamp":1674592038643,"id":"g2zp8axaicr0voz","previousEventId":"a3ko78axpj23tem","operationId":"1mlrg9ehs5q26wf"}
{"type":"log","timestamp":1674592038643,"level":"info","message":"Starting rendering (child) request","meta":{"rootId":"oxr5fyj2dbm8c35","id":"rlwazjdsubi638j"},"id":"hsry6i73yxxm71w","previousOperationId":"1mlrg9ehs5q26wf"}
{"type":"log","timestamp":1674592038644,"level":"info","message":"Rendering template { name: orders-header, recipe: chrome-pdf, engine: handlebars, preview: true }","meta":{"rootId":"oxr5fyj2dbm8c35","id":"rlwazjdsubi638j"},"id":"jmp6kqlwne45j6o","previousOperationId":"1mlrg9ehs5q26wf"}
{"type":"log","timestamp":1674592038657,"level":"debug","message":"Inline data specified.","meta":{"rootId":"oxr5fyj2dbm8c35","id":"rlwazjdsubi638j"},"id":"dvo2jiz29mjxtw8","previousOperationId":"1mlrg9ehs5q26wf"}
{"type":"log","timestamp":1674592038676,"level":"debug","message":"Base url not specified, skipping its injection.","meta":{"rootId":"oxr5fyj2dbm8c35","id":"rlwazjdsubi638j"},"id":"j7xlc9eaw1y34zw","previousOperationId":"1mlrg9ehs5q26wf"}
{"type":"operationStart","subtype":"engine","name":"handlebars","timestamp":1674592038677,"id":"wf0i540lmwc59jf","previousEventId":"g2zp8axaicr0voz","operationId":"vpl88i23ygj4gl6","previousOperationId":"1mlrg9ehs5q26wf"}
{"type":"log","timestamp":1674592038677,"level":"debug","message":"Rendering engine handlebars","meta":{"rootId":"oxr5fyj2dbm8c35","id":"rlwazjdsubi638j"},"id":"muh591d6crt1x4k","previousOperationId":"vpl88i23ygj4gl6"}
{"type":"operationEnd","operationId":"vpl88i23ygj4gl6","timestamp":1674592038735,"id":"wi7ysyclyl26766","previousEventId":"wf0i540lmwc59jf","previousOperationId":"vpl88i23ygj4gl6"}
{"type":"operationStart","subtype":"recipe","name":"chrome-pdf","timestamp":1674592038735,"id":"rz7yus3og1bbw9b","previousEventId":"wi7ysyclyl26766","operationId":"x7deiupbwajby3o","previousOperationId":"vpl88i23ygj4gl6"}
{"type":"log","timestamp":1674592038735,"level":"debug","message":"Executing recipe chrome-pdf","meta":{"rootId":"oxr5fyj2dbm8c35","id":"rlwazjdsubi638j"},"id":"5nvwknhkn319qm5","previousOperationId":"x7deiupbwajby3o"}
{"type":"log","timestamp":1674592038740,"level":"debug","message":"Converting with chrome HeadlessChrome/105.0.5173.0 using chrome-pool strategy","meta":{"rootId":"oxr5fyj2dbm8c35","id":"rlwazjdsubi638j"},"id":"9d4xmq8jprtn58l","previousOperationId":"x7deiupbwajby3o"}
{"type":"log","timestamp":1674592038869,"level":"debug","message":"Page request: GET (document) file:///C:/Users/Johan/AppData/Local/Temp/jsreport/autocleanup/d188dac9-2f4c-468e-9f12-2d9645203587-chrome-pdf.html","meta":{"rootId":"oxr5fyj2dbm8c35","id":"rlwazjdsubi638j"},"id":"3iatdsg21l3360n","previousOperationId":"x7deiupbwajby3o"}
{"type":"log","timestamp":1674592038890,"level":"debug","message":"Page request finished: GET (document) 200 file:///C:/Users/Johan/AppData/Local/Temp/jsreport/autocleanup/d188dac9-2f4c-468e-9f12-2d9645203587-chrome-pdf.html","meta":{"rootId":"oxr5fyj2dbm8c35","id":"rlwazjdsubi638j"},"id":"msfdh5msex9p5cz","previousOperationId":"x7deiupbwajby3o"}
{"type":"log","timestamp":1674592038890,"level":"debug","message":"Page request: GET (stylesheet) https://cdnjs.cloudflare.com/ajax/libs/metro/4.1.5/css/metro.min.css","meta":{"rootId":"oxr5fyj2dbm8c35","id":"rlwazjdsubi638j"},"id":"tfrd1965m7gko2t","previousOperationId":"x7deiupbwajby3o"}
{"type":"log","timestamp":1674592038919,"level":"debug","message":"Page request finished: GET (stylesheet) 200 https://cdnjs.cloudflare.com/ajax/libs/metro/4.1.5/css/metro.min.css","meta":{"rootId":"oxr5fyj2dbm8c35","id":"rlwazjdsubi638j"},"id":"z03iezsb9hqixl6","previousOperationId":"x7deiupbwajby3o"}
{"type":"log","timestamp":1674592038963,"level":"debug","message":"Running chrome with params {\"printBackground\":true,\"marginTop\":\"1.5cm\",\"marginRight\":\"1.5cm\",\"marginLeft\":\"1.cm\",\"timeout\":57110,\"margin\":{\"top\":\"1.5cm\",\"right\":\"1.5cm\",\"left\":\"1.cm\"}}","meta":{"rootId":"oxr5fyj2dbm8c35","id":"rlwazjdsubi638j"},"id":"u40t44a3vztwxae","previousOperationId":"x7deiupbwajby3o"}
{"type":"operationEnd","operationId":"x7deiupbwajby3o","timestamp":1674592039079,"id":"do64m27l66m9bv9","previousEventId":"rz7yus3og1bbw9b","previousOperationId":"x7deiupbwajby3o"}
{"type":"log","timestamp":1674592039080,"level":"debug","message":"Skipping storing report.","meta":{"rootId":"oxr5fyj2dbm8c35","id":"rlwazjdsubi638j"},"id":"fi9nuor262c9tvx","previousOperationId":"x7deiupbwajby3o"}
{"type":"log","timestamp":1674592039080,"level":"info","message":"Rendering (child) request finished in 3232 ms","meta":{"rootId":"oxr5fyj2dbm8c35","id":"rlwazjdsubi638j"},"id":"brirp3jt0fwpuzq","previousOperationId":"x7deiupbwajby3o"}
{"type":"operationEnd","subtype":"render","operationId":"1mlrg9ehs5q26wf","timestamp":1674592039080,"id":"85nxrhbf9z1qbjj","previousEventId":"do64m27l66m9bv9","previousOperationId":"x7deiupbwajby3o"}
{"type":"operationEnd","operationId":"yi3e4ebqm1yd7vk","timestamp":1674592039126,"id":"nhxggdsreglc6qs","previousEventId":"a3ko78axpj23tem","previousOperationId":"yi3e4ebqm1yd7vk"}
{"type":"log","timestamp":1674592039126,"level":"debug","message":"pdf-utils postproces start","meta":{"rootId":"oxr5fyj2dbm8c35","id":"oxr5fyj2dbm8c35"},"id":"ce08esvxvibw2g2","previousOperationId":"yi3e4ebqm1yd7vk"}
{"type":"log","timestamp":1674592039179,"level":"debug","message":"pdf-utils postproces end","meta":{"rootId":"oxr5fyj2dbm8c35","id":"oxr5fyj2dbm8c35"},"id":"iloyrfgj7d2pjpc","previousOperationId":"yi3e4ebqm1yd7vk"}
{"type":"operationEnd","operationId":"jogecz3xeqdo62k","timestamp":1674592039179,"id":"qonpitft2lqnj9e","previousEventId":"nhxggdsreglc6qs","previousOperationId":"yi3e4ebqm1yd7vk"}
{"type":"log","timestamp":1674592039179,"level":"info","message":"pdf-utils pdf processing was finished","meta":{"rootId":"oxr5fyj2dbm8c35","id":"oxr5fyj2dbm8c35"},"id":"yhdss7vm7d07uff","previousOperationId":"jogecz3xeqdo62k"}
{"type":"log","timestamp":1674592039179,"level":"debug","message":"Skipping storing report.","meta":{"rootId":"oxr5fyj2dbm8c35","id":"oxr5fyj2dbm8c35"},"id":"80splqa1tjff7v4","previousOperationId":"jogecz3xeqdo62k"}
{"type":"log","timestamp":1674592039179,"level":"info","message":"Rendering request 25 finished in 3331 ms","meta":{"rootId":"oxr5fyj2dbm8c35","id":"oxr5fyj2dbm8c35"},"id":"f5do4arvz6f89pl","previousOperationId":"jogecz3xeqdo62k"}
{"type":"operationEnd","subtype":"render","operationId":"9yqhrkumjjd1xq5","timestamp":1674592039179,"id":"jycuij0hm5cxopk","previousEventId":"qonpitft2lqnj9e","previousOperationId":"jogecz3xeqdo62k"}
{"type":"operationEnd","doDiffs":false,"previousEventId":"nri6594bcruso9w","previousOperationId":"aaw1yo5lnttt7l8","operationId":"aaw1yo5lnttt7l8","timestamp":1674592039191,"id":"6v2xtg2fk7vdmjv"}
