{"type":"operationStart","subtype":"profile","data":{"_id":"YSurltFzimLDPElv","timestamp":"2023-01-24T23:44:18.446Z","state":"queued","mode":"standard","creationDate":"2023-01-24T23:44:18.451Z","modificationDate":"2023-01-24T23:44:18.451Z","shortid":"QZs5dmB","$entitySet":"profiles"},"doDiffs":false,"timestamp":1674603858448,"id":"f3th14zt3cr7ppt","previousOperationId":null,"operationId":"yiuppfiyj7fio0i"}
{"type":"log","level":"info","message":"Render request 3 queued for execution and waiting for available worker","previousOperationId":"yiuppfiyj7fio0i","timestamp":1674603858449,"id":"1pcim9shwz3z8cu"}
{"type":"operationStart","subtype":"render","name":"orders-main","previousOperationId":"yiuppfiyj7fio0i","timestamp":1674603858463,"id":"72ct1n638ygwc9l","previousEventId":"f3th14zt3cr7ppt","operationId":"55m0yszyc0cmthe"}
{"type":"log","timestamp":1674603858463,"level":"info","message":"Starting rendering request 3","meta":{"rootId":"rorcoa5647wq9yg","id":"rorcoa5647wq9yg"},"id":"2zunoy8hkg68ecf","previousOperationId":"55m0yszyc0cmthe"}
{"type":"log","timestamp":1674603858464,"level":"info","message":"Rendering template { name: orders-main, recipe: chrome-pdf, engine: handlebars, preview: true }","meta":{"rootId":"rorcoa5647wq9yg","id":"rorcoa5647wq9yg"},"id":"7zb0tbi4v9hacm9","previousOperationId":"55m0yszyc0cmthe"}
{"type":"log","timestamp":1674603858465,"level":"debug","message":"Data item not defined for this template.","meta":{"rootId":"rorcoa5647wq9yg","id":"rorcoa5647wq9yg"},"id":"znyflrmjwb9wfza","previousOperationId":"55m0yszyc0cmthe"}
{"type":"log","timestamp":1674603858471,"level":"debug","message":"Executing script orders-script (beforeRender)","meta":{"rootId":"rorcoa5647wq9yg","id":"rorcoa5647wq9yg"},"id":"2rd7y47x1117owd","previousOperationId":"55m0yszyc0cmthe"}
{"type":"operationStart","subtype":"scriptsBeforeRender","name":"scripts beforeRender","timestamp":1674603858491,"id":"zt5k94wgo5kjbs1","previousEventId":"72ct1n638ygwc9l","operationId":"uxjte3bjdxa625i","previousOperationId":"55m0yszyc0cmthe"}
{"type":"operationStart","subtype":"script","name":"scripts orders-script","previousOperationId":"uxjte3bjdxa625i","timestamp":1674603858491,"id":"eld51j2bguyivl9","previousEventId":"zt5k94wgo5kjbs1","operationId":"2syixeuyk9wtftf"}
{"type":"operationEnd","operationId":"2syixeuyk9wtftf","timestamp":1674603860901,"id":"e6ys4szt3iqnrk6","previousEventId":"72ct1n638ygwc9l","previousOperationId":"55m0yszyc0cmthe"}
{"type":"operationEnd","operationId":"uxjte3bjdxa625i","timestamp":1674603860901,"id":"vb1c9c5w66slc9s","previousEventId":"e6ys4szt3iqnrk6","previousOperationId":"55m0yszyc0cmthe"}
{"type":"log","timestamp":1674603860901,"level":"debug","message":"Base url not specified, skipping its injection.","meta":{"rootId":"rorcoa5647wq9yg","id":"rorcoa5647wq9yg"},"id":"61xxg8f9qozirj0","previousOperationId":"uxjte3bjdxa625i"}
{"type":"operationStart","subtype":"engine","name":"handlebars","timestamp":1674603860902,"id":"tx1h444nlqbti6a","previousEventId":"vb1c9c5w66slc9s","operationId":"sxudhn59b28ffey","previousOperationId":"uxjte3bjdxa625i"}
{"type":"log","timestamp":1674603860902,"level":"debug","message":"Rendering engine handlebars","meta":{"rootId":"rorcoa5647wq9yg","id":"rorcoa5647wq9yg"},"id":"zw07gln3tl10vkg","previousOperationId":"sxudhn59b28ffey"}
{"type":"log","timestamp":1674603860932,"level":"debug","message":"(console:log) Pdf utils adding group field, value: \"France\"","meta":{"userLevel":true,"rootId":"rorcoa5647wq9yg","id":"rorcoa5647wq9yg"},"id":"sbcfb291ii5v629","previousOperationId":"sxudhn59b28ffey"}
{"type":"log","timestamp":1674603860933,"level":"debug","message":"(console:log) Pdf utils adding group field, value: \"Germany\"","meta":{"userLevel":true,"rootId":"rorcoa5647wq9yg","id":"rorcoa5647wq9yg"},"id":"4rh73c5ahi0mb6z","previousOperationId":"sxudhn59b28ffey"}
{"type":"operationEnd","operationId":"sxudhn59b28ffey","timestamp":1674603860938,"id":"9qt4i3i63mjwrtd","previousEventId":"tx1h444nlqbti6a","previousOperationId":"sxudhn59b28ffey"}
{"type":"operationStart","subtype":"recipe","name":"chrome-pdf","timestamp":1674603860940,"id":"47hmo1u67xz5rl9","previousEventId":"9qt4i3i63mjwrtd","operationId":"l5pvz8my5shozg7","previousOperationId":"sxudhn59b28ffey"}
{"type":"log","timestamp":1674603860940,"level":"debug","message":"Executing recipe chrome-pdf","meta":{"rootId":"rorcoa5647wq9yg","id":"rorcoa5647wq9yg"},"id":"xr06jof6s6elm70","previousOperationId":"l5pvz8my5shozg7"}
{"type":"log","timestamp":1674603860950,"level":"debug","message":"Converting with chrome HeadlessChrome/105.0.5173.0 using chrome-pool strategy","meta":{"rootId":"rorcoa5647wq9yg","id":"rorcoa5647wq9yg"},"id":"d1rj07f2u2kouu4","previousOperationId":"l5pvz8my5shozg7"}
{"type":"log","timestamp":1674603861295,"level":"debug","message":"Page request: GET (document) file:///C:/Users/Johan/AppData/Local/Temp/jsreport/autocleanup/913bdfc9-c895-48ac-a23c-c67ee797bfc1-chrome-pdf.html","meta":{"rootId":"rorcoa5647wq9yg","id":"rorcoa5647wq9yg"},"id":"fifv1keq2yq9e2d","previousOperationId":"l5pvz8my5shozg7"}
{"type":"log","timestamp":1674603861418,"level":"debug","message":"Page request finished: GET (document) 200 file:///C:/Users/Johan/AppData/Local/Temp/jsreport/autocleanup/913bdfc9-c895-48ac-a23c-c67ee797bfc1-chrome-pdf.html","meta":{"rootId":"rorcoa5647wq9yg","id":"rorcoa5647wq9yg"},"id":"vtg1lzbb0rvd6um","previousOperationId":"l5pvz8my5shozg7"}
{"type":"log","timestamp":1674603861418,"level":"debug","message":"Page request: GET (stylesheet) https://cdnjs.cloudflare.com/ajax/libs/metro/4.1.5/css/metro.min.css","meta":{"rootId":"rorcoa5647wq9yg","id":"rorcoa5647wq9yg"},"id":"cjb0cv5ao1bmwcy","previousOperationId":"l5pvz8my5shozg7"}
{"type":"log","timestamp":1674603861419,"level":"debug","message":"Page request: GET (script) https://cdnjs.cloudflare.com/ajax/libs/Chart.js/2.7.2/Chart.min.js","meta":{"rootId":"rorcoa5647wq9yg","id":"rorcoa5647wq9yg"},"id":"3m8el5i9n3sn7pu","previousOperationId":"l5pvz8my5shozg7"}
{"type":"log","timestamp":1674603861429,"level":"debug","message":"Page request finished: GET (script) 200 https://cdnjs.cloudflare.com/ajax/libs/Chart.js/2.7.2/Chart.min.js","meta":{"rootId":"rorcoa5647wq9yg","id":"rorcoa5647wq9yg"},"id":"jo2izhcq2nyi609","previousOperationId":"l5pvz8my5shozg7"}
{"type":"log","timestamp":1674603861460,"level":"debug","message":"Page request finished: GET (stylesheet) 200 https://cdnjs.cloudflare.com/ajax/libs/metro/4.1.5/css/metro.min.css","meta":{"rootId":"rorcoa5647wq9yg","id":"rorcoa5647wq9yg"},"id":"ne5zi6l0c55maiz","previousOperationId":"l5pvz8my5shozg7"}
{"type":"log","timestamp":1674603861621,"level":"debug","message":"Running chrome with params {\"printBackground\":true,\"marginTop\":\"4cm\",\"marginRight\":\"1.5cm\",\"marginBottom\":\"1.5cm\",\"marginLeft\":\"1.5cm\",\"waitForJS\":false,\"timeout\":57499,\"margin\":{\"top\":\"4cm\",\"right\":\"1.5cm\",\"bottom\":\"1.5cm\",\"left\":\"1.5cm\"}}","meta":{"rootId":"rorcoa5647wq9yg","id":"rorcoa5647wq9yg"},"id":"3x065fze9zetd7r","previousOperationId":"l5pvz8my5shozg7"}
{"type":"operationEnd","operationId":"l5pvz8my5shozg7","timestamp":1674603861913,"id":"g78f9wabgp8s5vs","previousEventId":"47hmo1u67xz5rl9","previousOperationId":"l5pvz8my5shozg7"}
{"type":"log","timestamp":1674603861913,"level":"info","message":"pdf-utils is starting pdf processing","meta":{"rootId":"rorcoa5647wq9yg","id":"rorcoa5647wq9yg"},"id":"idy474y6b146k7s","previousOperationId":"l5pvz8my5shozg7"}
{"type":"operationStart","subtype":"pdfUtils","name":"pdf utils","timestamp":1674603861913,"id":"yragchzuous8nkd","previousEventId":"g78f9wabgp8s5vs","operationId":"1pygndc8xatw3c6","previousOperationId":"l5pvz8my5shozg7"}
{"type":"log","timestamp":1674603861913,"level":"debug","message":"pdf-utils detected 1 pdf operation(s) to process","meta":{"rootId":"rorcoa5647wq9yg","id":"rorcoa5647wq9yg"},"id":"y85ofs51liiaf3m","previousOperationId":"1pygndc8xatw3c6"}
{"type":"log","timestamp":1674603862025,"level":"debug","message":"pdf-utils running pdf operation merge","meta":{"rootId":"rorcoa5647wq9yg","id":"rorcoa5647wq9yg"},"id":"dlbftus87cigvbs","previousOperationId":"1pygndc8xatw3c6"}
{"type":"operationStart","subtype":"pdfUtilsMerge","name":"pdf utils merge","previousOperationId":"1pygndc8xatw3c6","timestamp":1674603862025,"id":"lhhucmonogtfu1h","previousEventId":"yragchzuous8nkd","operationId":"ssv1y4fnqdope6l"}
{"type":"operationStart","subtype":"render","name":"orders-header","previousOperationId":"ssv1y4fnqdope6l","timestamp":1674603862027,"id":"dc3kj843we09aui","previousEventId":"lhhucmonogtfu1h","operationId":"fr1v5iysd446m3l"}
{"type":"log","timestamp":1674603862027,"level":"info","message":"Starting rendering (child) request","meta":{"rootId":"rorcoa5647wq9yg","id":"sosmu4dtooi408z"},"id":"wbphwdqme3uyq6q","previousOperationId":"fr1v5iysd446m3l"}
{"type":"log","timestamp":1674603862028,"level":"info","message":"Rendering template { name: orders-header, recipe: chrome-pdf, engine: handlebars, preview: true }","meta":{"rootId":"rorcoa5647wq9yg","id":"sosmu4dtooi408z"},"id":"sni4lgs6y861t9l","previousOperationId":"fr1v5iysd446m3l"}
{"type":"log","timestamp":1674603862034,"level":"debug","message":"Inline data specified.","meta":{"rootId":"rorcoa5647wq9yg","id":"sosmu4dtooi408z"},"id":"nsevlt0e0cderdq","previousOperationId":"fr1v5iysd446m3l"}
{"type":"log","timestamp":1674603862041,"level":"debug","message":"Base url not specified, skipping its injection.","meta":{"rootId":"rorcoa5647wq9yg","id":"sosmu4dtooi408z"},"id":"e984yczlpu8i5lw","previousOperationId":"fr1v5iysd446m3l"}
{"type":"operationStart","subtype":"engine","name":"handlebars","timestamp":1674603862041,"id":"vufpssm1x8v0zt2","previousEventId":"dc3kj843we09aui","operationId":"vh1397xfjfkr7rl","previousOperationId":"fr1v5iysd446m3l"}
{"type":"log","timestamp":1674603862041,"level":"debug","message":"Rendering engine handlebars","meta":{"rootId":"rorcoa5647wq9yg","id":"sosmu4dtooi408z"},"id":"iktgxb8rmj9cwmi","previousOperationId":"vh1397xfjfkr7rl"}
{"type":"operationEnd","operationId":"vh1397xfjfkr7rl","timestamp":1674603862062,"id":"8odcoqn2fhf1f4j","previousEventId":"vufpssm1x8v0zt2","previousOperationId":"vh1397xfjfkr7rl"}
{"type":"operationStart","subtype":"recipe","name":"chrome-pdf","timestamp":1674603862062,"id":"hdlft3wqr836ln9","previousEventId":"8odcoqn2fhf1f4j","operationId":"d7frizeqedzboz5","previousOperationId":"vh1397xfjfkr7rl"}
{"type":"log","timestamp":1674603862062,"level":"debug","message":"Executing recipe chrome-pdf","meta":{"rootId":"rorcoa5647wq9yg","id":"sosmu4dtooi408z"},"id":"59uux08a09vg52h","previousOperationId":"d7frizeqedzboz5"}
{"type":"log","timestamp":1674603862065,"level":"debug","message":"Converting with chrome HeadlessChrome/105.0.5173.0 using chrome-pool strategy","meta":{"rootId":"rorcoa5647wq9yg","id":"sosmu4dtooi408z"},"id":"n41gvmkbs6m5n26","previousOperationId":"d7frizeqedzboz5"}
{"type":"log","timestamp":1674603862189,"level":"debug","message":"Page request: GET (document) file:///C:/Users/Johan/AppData/Local/Temp/jsreport/autocleanup/f5d35502-bdae-41eb-a17a-ef2618295b09-chrome-pdf.html","meta":{"rootId":"rorcoa5647wq9yg","id":"sosmu4dtooi408z"},"id":"hz28arp9rk4s8vs","previousOperationId":"d7frizeqedzboz5"}
{"type":"log","timestamp":1674603862203,"level":"debug","message":"Page request finished: GET (document) 200 file:///C:/Users/Johan/AppData/Local/Temp/jsreport/autocleanup/f5d35502-bdae-41eb-a17a-ef2618295b09-chrome-pdf.html","meta":{"rootId":"rorcoa5647wq9yg","id":"sosmu4dtooi408z"},"id":"8gzbv4qhsyv550l","previousOperationId":"d7frizeqedzboz5"}
{"type":"log","timestamp":1674603862204,"level":"debug","message":"Page request: GET (stylesheet) https://cdnjs.cloudflare.com/ajax/libs/metro/4.1.5/css/metro.min.css","meta":{"rootId":"rorcoa5647wq9yg","id":"sosmu4dtooi408z"},"id":"3x73d8g88v16f48","previousOperationId":"d7frizeqedzboz5"}
{"type":"log","timestamp":1674603862237,"level":"debug","message":"Page request finished: GET (stylesheet) 200 https://cdnjs.cloudflare.com/ajax/libs/metro/4.1.5/css/metro.min.css","meta":{"rootId":"rorcoa5647wq9yg","id":"sosmu4dtooi408z"},"id":"o8rhvvyfd9nnsuk","previousOperationId":"d7frizeqedzboz5"}
{"type":"log","timestamp":1674603862275,"level":"debug","message":"Running chrome with params {\"printBackground\":true,\"marginTop\":\"1.5cm\",\"marginRight\":\"1.5cm\",\"marginLeft\":\"1.cm\",\"timeout\":56382,\"margin\":{\"top\":\"1.5cm\",\"right\":\"1.5cm\",\"left\":\"1.cm\"}}","meta":{"rootId":"rorcoa5647wq9yg","id":"sosmu4dtooi408z"},"id":"87rn1bh5kh8lhyz","previousOperationId":"d7frizeqedzboz5"}
{"type":"operationEnd","operationId":"d7frizeqedzboz5","timestamp":1674603862367,"id":"cmfj7b4gtjbske0","previousEventId":"hdlft3wqr836ln9","previousOperationId":"d7frizeqedzboz5"}
{"type":"log","timestamp":1674603862367,"level":"debug","message":"Skipping storing report.","meta":{"rootId":"rorcoa5647wq9yg","id":"sosmu4dtooi408z"},"id":"wabidyvlirk3fat","previousOperationId":"d7frizeqedzboz5"}
{"type":"log","timestamp":1674603862368,"level":"info","message":"Rendering (child) request finished in 3922 ms","meta":{"rootId":"rorcoa5647wq9yg","id":"sosmu4dtooi408z"},"id":"lhyocnakv7s2f8e","previousOperationId":"d7frizeqedzboz5"}
{"type":"operationEnd","subtype":"render","operationId":"fr1v5iysd446m3l","timestamp":1674603862368,"id":"gxbdggya0zdqd3c","previousEventId":"cmfj7b4gtjbske0","previousOperationId":"d7frizeqedzboz5"}
{"type":"operationEnd","operationId":"ssv1y4fnqdope6l","timestamp":1674603862396,"id":"jsv6agvxt916fsr","previousEventId":"lhhucmonogtfu1h","previousOperationId":"ssv1y4fnqdope6l"}
{"type":"log","timestamp":1674603862396,"level":"debug","message":"pdf-utils postproces start","meta":{"rootId":"rorcoa5647wq9yg","id":"rorcoa5647wq9yg"},"id":"onnrdk19vu7y3p5","previousOperationId":"ssv1y4fnqdope6l"}
{"type":"log","timestamp":1674603862437,"level":"debug","message":"pdf-utils postproces end","meta":{"rootId":"rorcoa5647wq9yg","id":"rorcoa5647wq9yg"},"id":"qfxrajcc10jy8a1","previousOperationId":"ssv1y4fnqdope6l"}
{"type":"operationEnd","operationId":"1pygndc8xatw3c6","timestamp":1674603862438,"id":"vw68jdvlsehl2wt","previousEventId":"jsv6agvxt916fsr","previousOperationId":"ssv1y4fnqdope6l"}
{"type":"log","timestamp":1674603862438,"level":"info","message":"pdf-utils pdf processing was finished","meta":{"rootId":"rorcoa5647wq9yg","id":"rorcoa5647wq9yg"},"id":"eueje0x41pse3lk","previousOperationId":"1pygndc8xatw3c6"}
{"type":"log","timestamp":1674603862438,"level":"debug","message":"Skipping storing report.","meta":{"rootId":"rorcoa5647wq9yg","id":"rorcoa5647wq9yg"},"id":"hyp1s0ahbtsh9qw","previousOperationId":"1pygndc8xatw3c6"}
{"type":"log","timestamp":1674603862438,"level":"info","message":"Rendering request 3 finished in 3992 ms","meta":{"rootId":"rorcoa5647wq9yg","id":"rorcoa5647wq9yg"},"id":"auay3b4bu4catrl","previousOperationId":"1pygndc8xatw3c6"}
{"type":"operationEnd","subtype":"render","operationId":"55m0yszyc0cmthe","timestamp":1674603862438,"id":"4yx2y8zlgn5fgkq","previousEventId":"vw68jdvlsehl2wt","previousOperationId":"1pygndc8xatw3c6"}
{"type":"operationEnd","doDiffs":false,"previousEventId":"f3th14zt3cr7ppt","previousOperationId":"yiuppfiyj7fio0i","operationId":"yiuppfiyj7fio0i","timestamp":1674603862450,"id":"purabfkmvjki9ij"}
