{"type":"operationStart","subtype":"profile","data":{"_id":"YbaPtoZpPnYeWir5","timestamp":"2023-01-24T01:11:21.023Z","state":"queued","mode":"standard","creationDate":"2023-01-24T01:11:21.028Z","modificationDate":"2023-01-24T01:11:21.028Z","shortid":"rmNaBeP","$entitySet":"profiles"},"doDiffs":false,"timestamp":1674522681025,"id":"sxtnlh34eqgl34e","previousOperationId":null,"operationId":"98q71hrecub0rvm"}
{"type":"log","level":"info","message":"Render request 22 queued for execution and waiting for available worker","previousOperationId":"98q71hrecub0rvm","timestamp":1674522681026,"id":"rgdpxsgszd4gm1p"}
{"type":"operationStart","subtype":"render","name":"orders-main","previousOperationId":"98q71hrecub0rvm","timestamp":1674522681051,"id":"3k7evzsujnsnzt1","previousEventId":"sxtnlh34eqgl34e","operationId":"0s84cli0yz1olkw"}
{"type":"log","timestamp":1674522681051,"level":"info","message":"Starting rendering request 22","meta":{"rootId":"t7hptb857ozcckf","id":"t7hptb857ozcckf"},"id":"g9rd6jb5hogylb6","previousOperationId":"0s84cli0yz1olkw"}
{"type":"log","timestamp":1674522681053,"level":"info","message":"Rendering template { name: orders-main, recipe: chrome-pdf, engine: handlebars, preview: true }","meta":{"rootId":"t7hptb857ozcckf","id":"t7hptb857ozcckf"},"id":"fjpvkp9zcc8i4n5","previousOperationId":"0s84cli0yz1olkw"}
{"type":"log","timestamp":1674522681057,"level":"debug","message":"Data item not defined for this template.","meta":{"rootId":"t7hptb857ozcckf","id":"t7hptb857ozcckf"},"id":"iida926qjdfvyuz","previousOperationId":"0s84cli0yz1olkw"}
{"type":"log","timestamp":1674522681067,"level":"debug","message":"Executing script orders-script (beforeRender)","meta":{"rootId":"t7hptb857ozcckf","id":"t7hptb857ozcckf"},"id":"c73owz3wwtszf0z","previousOperationId":"0s84cli0yz1olkw"}
{"type":"operationStart","subtype":"scriptsBeforeRender","name":"scripts beforeRender","timestamp":1674522681124,"id":"b2cjvdu4ccsfd4y","previousEventId":"3k7evzsujnsnzt1","operationId":"obze72fq9e71cbu","previousOperationId":"0s84cli0yz1olkw"}
{"type":"operationStart","subtype":"script","name":"scripts orders-script","previousOperationId":"obze72fq9e71cbu","timestamp":1674522681124,"id":"5w8aqb5c1frm6p8","previousEventId":"b2cjvdu4ccsfd4y","operationId":"jd5pu87pi18dpze"}
{"type":"operationEnd","operationId":"jd5pu87pi18dpze","timestamp":1674522683570,"id":"ozww4wpxqu9ko97","previousEventId":"3k7evzsujnsnzt1","previousOperationId":"0s84cli0yz1olkw"}
{"type":"operationEnd","operationId":"obze72fq9e71cbu","timestamp":1674522683570,"id":"u7f2luhqpy8xqqt","previousEventId":"ozww4wpxqu9ko97","previousOperationId":"0s84cli0yz1olkw"}
{"type":"log","timestamp":1674522683571,"level":"debug","message":"Base url not specified, skipping its injection.","meta":{"rootId":"t7hptb857ozcckf","id":"t7hptb857ozcckf"},"id":"dpym3p5nbx1r430","previousOperationId":"obze72fq9e71cbu"}
{"type":"operationStart","subtype":"engine","name":"handlebars","timestamp":1674522683571,"id":"msjw319ni1mvm6k","previousEventId":"u7f2luhqpy8xqqt","operationId":"57dhhomvlcl5iua","previousOperationId":"obze72fq9e71cbu"}
{"type":"log","timestamp":1674522683571,"level":"debug","message":"Rendering engine handlebars","meta":{"rootId":"t7hptb857ozcckf","id":"t7hptb857ozcckf"},"id":"hu2qe0o3vfm991n","previousOperationId":"57dhhomvlcl5iua"}
{"type":"log","timestamp":1674522683650,"level":"debug","message":"(console:log) Pdf utils adding group field, value: \"France\"","meta":{"userLevel":true,"rootId":"t7hptb857ozcckf","id":"t7hptb857ozcckf"},"id":"hjwfohhfu10k9hk","previousOperationId":"57dhhomvlcl5iua"}
{"type":"log","timestamp":1674522683653,"level":"debug","message":"(console:log) Pdf utils adding group field, value: \"Germany\"","meta":{"userLevel":true,"rootId":"t7hptb857ozcckf","id":"t7hptb857ozcckf"},"id":"0zgpk1ufu2qxnua","previousOperationId":"57dhhomvlcl5iua"}
{"type":"operationEnd","operationId":"57dhhomvlcl5iua","timestamp":1674522683655,"id":"a1vqfgez42pkap0","previousEventId":"msjw319ni1mvm6k","previousOperationId":"57dhhomvlcl5iua"}
{"type":"operationStart","subtype":"recipe","name":"chrome-pdf","timestamp":1674522683657,"id":"3o6nd2zcuqy3myz","previousEventId":"a1vqfgez42pkap0","operationId":"6eocb33nc2g53ku","previousOperationId":"57dhhomvlcl5iua"}
{"type":"log","timestamp":1674522683657,"level":"debug","message":"Executing recipe chrome-pdf","meta":{"rootId":"t7hptb857ozcckf","id":"t7hptb857ozcckf"},"id":"2kon7nsv3kgerns","previousOperationId":"6eocb33nc2g53ku"}
{"type":"log","timestamp":1674522683667,"level":"debug","message":"Converting with chrome HeadlessChrome/105.0.5173.0 using chrome-pool strategy","meta":{"rootId":"t7hptb857ozcckf","id":"t7hptb857ozcckf"},"id":"deyo5qfpyu7ci4d","previousOperationId":"6eocb33nc2g53ku"}
{"type":"log","timestamp":1674522684022,"level":"debug","message":"Page request: GET (document) file:///C:/Users/Johan/AppData/Local/Temp/jsreport/autocleanup/4048cb90-a2af-417f-b9b1-4a7cedcb7eb7-chrome-pdf.html","meta":{"rootId":"t7hptb857ozcckf","id":"t7hptb857ozcckf"},"id":"74chnjvmk72l3hf","previousOperationId":"6eocb33nc2g53ku"}
{"type":"log","timestamp":1674522684188,"level":"debug","message":"Page request finished: GET (document) 200 file:///C:/Users/Johan/AppData/Local/Temp/jsreport/autocleanup/4048cb90-a2af-417f-b9b1-4a7cedcb7eb7-chrome-pdf.html","meta":{"rootId":"t7hptb857ozcckf","id":"t7hptb857ozcckf"},"id":"jk31bggurd7998b","previousOperationId":"6eocb33nc2g53ku"}
{"type":"log","timestamp":1674522684188,"level":"debug","message":"Page request: GET (stylesheet) https://cdnjs.cloudflare.com/ajax/libs/metro/4.1.5/css/metro.min.css","meta":{"rootId":"t7hptb857ozcckf","id":"t7hptb857ozcckf"},"id":"417x8tz2dkwxqei","previousOperationId":"6eocb33nc2g53ku"}
{"type":"log","timestamp":1674522684188,"level":"debug","message":"Page request: GET (script) https://cdnjs.cloudflare.com/ajax/libs/Chart.js/2.7.2/Chart.min.js","meta":{"rootId":"t7hptb857ozcckf","id":"t7hptb857ozcckf"},"id":"g8hc5txlodopvsg","previousOperationId":"6eocb33nc2g53ku"}
{"type":"log","timestamp":1674522686782,"level":"debug","message":"Page request finished: GET (script) 200 https://cdnjs.cloudflare.com/ajax/libs/Chart.js/2.7.2/Chart.min.js","meta":{"rootId":"t7hptb857ozcckf","id":"t7hptb857ozcckf"},"id":"7dchbwymzd24rsj","previousOperationId":"6eocb33nc2g53ku"}
{"type":"log","timestamp":1674522686865,"level":"debug","message":"Page request finished: GET (stylesheet) 200 https://cdnjs.cloudflare.com/ajax/libs/metro/4.1.5/css/metro.min.css","meta":{"rootId":"t7hptb857ozcckf","id":"t7hptb857ozcckf"},"id":"wqxhqi275o54bru","previousOperationId":"6eocb33nc2g53ku"}
{"type":"log","timestamp":1674522687286,"level":"debug","message":"Running chrome with params {\"printBackground\":true,\"marginTop\":\"4cm\",\"marginRight\":\"1.5cm\",\"marginBottom\":\"1.5cm\",\"marginLeft\":\"1.5cm\",\"waitForJS\":false,\"timeout\":57358,\"margin\":{\"top\":\"4cm\",\"right\":\"1.5cm\",\"bottom\":\"1.5cm\",\"left\":\"1.5cm\"}}","meta":{"rootId":"t7hptb857ozcckf","id":"t7hptb857ozcckf"},"id":"uxlz18qiqi5yhi5","previousOperationId":"6eocb33nc2g53ku"}
{"type":"operationEnd","operationId":"6eocb33nc2g53ku","timestamp":1674522688057,"id":"2hq2d2cp63qtc10","previousEventId":"3o6nd2zcuqy3myz","previousOperationId":"6eocb33nc2g53ku"}
{"type":"log","timestamp":1674522688057,"level":"info","message":"pdf-utils is starting pdf processing","meta":{"rootId":"t7hptb857ozcckf","id":"t7hptb857ozcckf"},"id":"9n9dihul2psn565","previousOperationId":"6eocb33nc2g53ku"}
{"type":"operationStart","subtype":"pdfUtils","name":"pdf utils","timestamp":1674522689169,"id":"e2e97nkpp9453ii","previousEventId":"2hq2d2cp63qtc10","operationId":"xnog0s8pweaq4gy","previousOperationId":"6eocb33nc2g53ku"}
{"type":"log","timestamp":1674522689171,"level":"debug","message":"pdf-utils detected 1 pdf operation(s) to process","meta":{"rootId":"t7hptb857ozcckf","id":"t7hptb857ozcckf"},"id":"uwwfshuf0mrv98v","previousOperationId":"xnog0s8pweaq4gy"}
{"type":"log","timestamp":1674522689878,"level":"debug","message":"pdf-utils running pdf operation merge","meta":{"rootId":"t7hptb857ozcckf","id":"t7hptb857ozcckf"},"id":"muw208oi89abp5a","previousOperationId":"xnog0s8pweaq4gy"}
{"type":"operationStart","subtype":"pdfUtilsMerge","name":"pdf utils merge","previousOperationId":"xnog0s8pweaq4gy","timestamp":1674522689878,"id":"nxokeluu07n11sn","previousEventId":"e2e97nkpp9453ii","operationId":"lad697q8emnddmq"}
{"type":"operationStart","subtype":"render","name":"orders-header","previousOperationId":"lad697q8emnddmq","timestamp":1674522689880,"id":"xu7pedm800pu75i","previousEventId":"nxokeluu07n11sn","operationId":"mc1y162esdrjfpm"}
{"type":"log","timestamp":1674522689880,"level":"info","message":"Starting rendering (child) request","meta":{"rootId":"t7hptb857ozcckf","id":"7405yhy9hpsv4uo"},"id":"8umrixodaovc5uq","previousOperationId":"mc1y162esdrjfpm"}
{"type":"log","timestamp":1674522689880,"level":"info","message":"Rendering template { name: orders-header, recipe: chrome-pdf, engine: handlebars, preview: true }","meta":{"rootId":"t7hptb857ozcckf","id":"7405yhy9hpsv4uo"},"id":"kv5grmdghp45oer","previousOperationId":"mc1y162esdrjfpm"}
{"type":"log","timestamp":1674522689888,"level":"debug","message":"Inline data specified.","meta":{"rootId":"t7hptb857ozcckf","id":"7405yhy9hpsv4uo"},"id":"g1miuows0g26l42","previousOperationId":"mc1y162esdrjfpm"}
{"type":"log","timestamp":1674522689893,"level":"debug","message":"Base url not specified, skipping its injection.","meta":{"rootId":"t7hptb857ozcckf","id":"7405yhy9hpsv4uo"},"id":"qznihslki3x3yi2","previousOperationId":"mc1y162esdrjfpm"}
{"type":"operationStart","subtype":"engine","name":"handlebars","timestamp":1674522689893,"id":"srzwrnk08pfnyut","previousEventId":"xu7pedm800pu75i","operationId":"hidgjzsukmqhde8","previousOperationId":"mc1y162esdrjfpm"}
{"type":"log","timestamp":1674522689893,"level":"debug","message":"Rendering engine handlebars","meta":{"rootId":"t7hptb857ozcckf","id":"7405yhy9hpsv4uo"},"id":"c4jsuzku9wj6le2","previousOperationId":"hidgjzsukmqhde8"}
{"type":"operationEnd","operationId":"hidgjzsukmqhde8","timestamp":1674522690040,"id":"ombrkgcril1k53n","previousEventId":"srzwrnk08pfnyut","previousOperationId":"hidgjzsukmqhde8"}
{"type":"operationStart","subtype":"recipe","name":"chrome-pdf","timestamp":1674522690041,"id":"6xwu284e7q5znro","previousEventId":"ombrkgcril1k53n","operationId":"2x4j1d6czvfzdx6","previousOperationId":"hidgjzsukmqhde8"}
{"type":"log","timestamp":1674522690041,"level":"debug","message":"Executing recipe chrome-pdf","meta":{"rootId":"t7hptb857ozcckf","id":"7405yhy9hpsv4uo"},"id":"mlzj0g6r2fb5pkg","previousOperationId":"2x4j1d6czvfzdx6"}
{"type":"log","timestamp":1674522690046,"level":"debug","message":"Converting with chrome HeadlessChrome/105.0.5173.0 using chrome-pool strategy","meta":{"rootId":"t7hptb857ozcckf","id":"7405yhy9hpsv4uo"},"id":"a89tkx4trgmy5nx","previousOperationId":"2x4j1d6czvfzdx6"}
{"type":"log","timestamp":1674522690175,"level":"debug","message":"Page request: GET (document) file:///C:/Users/Johan/AppData/Local/Temp/jsreport/autocleanup/870180af-2663-4826-bb1a-3475c99f69a9-chrome-pdf.html","meta":{"rootId":"t7hptb857ozcckf","id":"7405yhy9hpsv4uo"},"id":"n8n1oqmtru3rmoo","previousOperationId":"2x4j1d6czvfzdx6"}
{"type":"log","timestamp":1674522690216,"level":"debug","message":"Page request finished: GET (document) 200 file:///C:/Users/Johan/AppData/Local/Temp/jsreport/autocleanup/870180af-2663-4826-bb1a-3475c99f69a9-chrome-pdf.html","meta":{"rootId":"t7hptb857ozcckf","id":"7405yhy9hpsv4uo"},"id":"470pcoxtjqjzj4k","previousOperationId":"2x4j1d6czvfzdx6"}
{"type":"log","timestamp":1674522690216,"level":"debug","message":"Page request: GET (stylesheet) https://cdnjs.cloudflare.com/ajax/libs/metro/4.1.5/css/metro.min.css","meta":{"rootId":"t7hptb857ozcckf","id":"7405yhy9hpsv4uo"},"id":"0ycewk49e0oxegx","previousOperationId":"2x4j1d6czvfzdx6"}
{"type":"log","timestamp":1674522690262,"level":"debug","message":"Page request finished: GET (stylesheet) 200 https://cdnjs.cloudflare.com/ajax/libs/metro/4.1.5/css/metro.min.css","meta":{"rootId":"t7hptb857ozcckf","id":"7405yhy9hpsv4uo"},"id":"8ddig70g15nrq65","previousOperationId":"2x4j1d6czvfzdx6"}
{"type":"log","timestamp":1674522690314,"level":"debug","message":"Running chrome with params {\"printBackground\":true,\"marginTop\":\"1.5cm\",\"marginRight\":\"1.5cm\",\"marginLeft\":\"1.cm\",\"timeout\":50978,\"margin\":{\"top\":\"1.5cm\",\"right\":\"1.5cm\",\"left\":\"1.cm\"}}","meta":{"rootId":"t7hptb857ozcckf","id":"7405yhy9hpsv4uo"},"id":"b1bsh1cndgr4h7t","previousOperationId":"2x4j1d6czvfzdx6"}
{"type":"operationEnd","operationId":"2x4j1d6czvfzdx6","timestamp":1674522690456,"id":"4sqj2kl4zv5bdzm","previousEventId":"6xwu284e7q5znro","previousOperationId":"2x4j1d6czvfzdx6"}
{"type":"log","timestamp":1674522690457,"level":"debug","message":"Skipping storing report.","meta":{"rootId":"t7hptb857ozcckf","id":"7405yhy9hpsv4uo"},"id":"7h88apidyk8essl","previousOperationId":"2x4j1d6czvfzdx6"}
{"type":"log","timestamp":1674522690457,"level":"info","message":"Rendering (child) request finished in 9435 ms","meta":{"rootId":"t7hptb857ozcckf","id":"7405yhy9hpsv4uo"},"id":"fbm2nazz2tq9w4k","previousOperationId":"2x4j1d6czvfzdx6"}
{"type":"operationEnd","subtype":"render","operationId":"mc1y162esdrjfpm","timestamp":1674522690457,"id":"7q9nri03py24slc","previousEventId":"4sqj2kl4zv5bdzm","previousOperationId":"2x4j1d6czvfzdx6"}
{"type":"operationEnd","operationId":"lad697q8emnddmq","timestamp":1674522690571,"id":"g2ft9x7fvw28rrf","previousEventId":"nxokeluu07n11sn","previousOperationId":"lad697q8emnddmq"}
{"type":"log","timestamp":1674522690571,"level":"debug","message":"pdf-utils postproces start","meta":{"rootId":"t7hptb857ozcckf","id":"t7hptb857ozcckf"},"id":"u5ljd6zs3d9aet2","previousOperationId":"lad697q8emnddmq"}
{"type":"log","timestamp":1674522690687,"level":"debug","message":"pdf-utils postproces end","meta":{"rootId":"t7hptb857ozcckf","id":"t7hptb857ozcckf"},"id":"4jeo0fnbdwgu47e","previousOperationId":"lad697q8emnddmq"}
{"type":"operationEnd","operationId":"xnog0s8pweaq4gy","timestamp":1674522690687,"id":"l0r3gljy7il444s","previousEventId":"g2ft9x7fvw28rrf","previousOperationId":"lad697q8emnddmq"}
{"type":"log","timestamp":1674522690687,"level":"info","message":"pdf-utils pdf processing was finished","meta":{"rootId":"t7hptb857ozcckf","id":"t7hptb857ozcckf"},"id":"gvsdvtb9xkxkp19","previousOperationId":"xnog0s8pweaq4gy"}
{"type":"log","timestamp":1674522690687,"level":"debug","message":"Skipping storing report.","meta":{"rootId":"t7hptb857ozcckf","id":"t7hptb857ozcckf"},"id":"nyz495zznd0mtgy","previousOperationId":"xnog0s8pweaq4gy"}
{"type":"log","timestamp":1674522690687,"level":"info","message":"Rendering request 22 finished in 9665 ms","meta":{"rootId":"t7hptb857ozcckf","id":"t7hptb857ozcckf"},"id":"0plb8w8vspzrr0y","previousOperationId":"xnog0s8pweaq4gy"}
{"type":"operationEnd","subtype":"render","operationId":"0s84cli0yz1olkw","timestamp":1674522690688,"id":"k08bnqgdxpcttrq","previousEventId":"l0r3gljy7il444s","previousOperationId":"xnog0s8pweaq4gy"}
{"type":"operationEnd","doDiffs":false,"previousEventId":"sxtnlh34eqgl34e","previousOperationId":"98q71hrecub0rvm","operationId":"98q71hrecub0rvm","timestamp":1674522690706,"id":"m17yh2uelxwckj6"}
