{"type":"operationStart","subtype":"profile","data":{"_id":"aCENwPUFJy8M5Oqs","timestamp":"2023-01-26T15:17:22.339Z","state":"queued","mode":"standard","creationDate":"2023-01-26T15:17:22.341Z","modificationDate":"2023-01-26T15:17:22.341Z","shortid":"SVs73v8","$entitySet":"profiles"},"doDiffs":false,"timestamp":1674746242340,"id":"vi5jcx8bc0rvq3m","previousOperationId":null,"operationId":"en7zk73r4kjw8dh"}
{"type":"log","level":"info","message":"Render request 3 queued for execution and waiting for available worker","previousOperationId":"en7zk73r4kjw8dh","timestamp":1674746242340,"id":"7tl80f8peeib1pb"}
{"type":"operationStart","subtype":"render","name":"Data","previousOperationId":"en7zk73r4kjw8dh","timestamp":1674746242352,"id":"9uk4cya54mwoos5","previousEventId":"vi5jcx8bc0rvq3m","operationId":"mmfdx3w0aeioa32"}
{"type":"log","timestamp":1674746242352,"level":"info","message":"Starting rendering request 3","meta":{"rootId":"0fs6qbjie7ktmsv","id":"0fs6qbjie7ktmsv"},"id":"zclphx1yhnrzgby","previousOperationId":"mmfdx3w0aeioa32"}
{"type":"log","timestamp":1674746242353,"level":"info","message":"Rendering template { name: Data, recipe: chrome-pdf, engine: handlebars, preview: true }","meta":{"rootId":"0fs6qbjie7ktmsv","id":"0fs6qbjie7ktmsv"},"id":"qi97nawx83aw7ox","previousOperationId":"mmfdx3w0aeioa32"}
{"type":"log","timestamp":1674746242353,"level":"debug","message":"Data item not defined for this template.","meta":{"rootId":"0fs6qbjie7ktmsv","id":"0fs6qbjie7ktmsv"},"id":"tuze67tic7febv3","previousOperationId":"mmfdx3w0aeioa32"}
{"type":"log","timestamp":1674746242355,"level":"debug","message":"Executing script testing (beforeRender)","meta":{"rootId":"0fs6qbjie7ktmsv","id":"0fs6qbjie7ktmsv"},"id":"my5wkf9v0gtm115","previousOperationId":"mmfdx3w0aeioa32"}
{"type":"operationStart","subtype":"scriptsBeforeRender","name":"scripts beforeRender","timestamp":1674746242407,"id":"ynojlbnm9nggar5","previousEventId":"9uk4cya54mwoos5","operationId":"qep0vrlbefwjppg","previousOperationId":"mmfdx3w0aeioa32"}
{"type":"operationStart","subtype":"script","name":"scripts testing","previousOperationId":"qep0vrlbefwjppg","timestamp":1674746242407,"id":"6neq9atk48iwn8i","previousEventId":"ynojlbnm9nggar5","operationId":"674oc9b3ovu8ivj"}
{"type":"operationEnd","operationId":"674oc9b3ovu8ivj","timestamp":1674746242942,"id":"7u14v4wi14qstqm","previousEventId":"9uk4cya54mwoos5","previousOperationId":"mmfdx3w0aeioa32"}
{"type":"operationEnd","operationId":"qep0vrlbefwjppg","timestamp":1674746242942,"id":"2n9cezoakfbg2j3","previousEventId":"7u14v4wi14qstqm","previousOperationId":"mmfdx3w0aeioa32"}
{"type":"log","timestamp":1674746242942,"level":"debug","message":"Base url not specified, skipping its injection.","meta":{"rootId":"0fs6qbjie7ktmsv","id":"0fs6qbjie7ktmsv"},"id":"mqd8q9xk2nst87k","previousOperationId":"qep0vrlbefwjppg"}
{"type":"operationStart","subtype":"engine","name":"handlebars","timestamp":1674746242942,"id":"4bm2b6ja4f7jkq4","previousEventId":"2n9cezoakfbg2j3","operationId":"uueqnniz7b9g0e1","previousOperationId":"qep0vrlbefwjppg"}
{"type":"log","timestamp":1674746242942,"level":"debug","message":"Rendering engine handlebars","meta":{"rootId":"0fs6qbjie7ktmsv","id":"0fs6qbjie7ktmsv"},"id":"qnrhy53msftunxj","previousOperationId":"uueqnniz7b9g0e1"}
{"type":"operationEnd","operationId":"uueqnniz7b9g0e1","timestamp":1674746242958,"id":"zzkn7nc55ksc5tm","previousEventId":"4bm2b6ja4f7jkq4","previousOperationId":"uueqnniz7b9g0e1"}
{"type":"operationStart","subtype":"recipe","name":"chrome-pdf","timestamp":1674746242958,"id":"a6ceuu4tbrqaqfm","previousEventId":"zzkn7nc55ksc5tm","operationId":"8hsgbwo7e5ckj80","previousOperationId":"uueqnniz7b9g0e1"}
{"type":"log","timestamp":1674746242958,"level":"debug","message":"Executing recipe chrome-pdf","meta":{"rootId":"0fs6qbjie7ktmsv","id":"0fs6qbjie7ktmsv"},"id":"1t9fweo6uhdx3u0","previousOperationId":"8hsgbwo7e5ckj80"}
{"type":"log","timestamp":1674746242962,"level":"debug","message":"Converting with chrome HeadlessChrome/105.0.5173.0 using chrome-pool strategy","meta":{"rootId":"0fs6qbjie7ktmsv","id":"0fs6qbjie7ktmsv"},"id":"qm5suxt1i5cjkdb","previousOperationId":"8hsgbwo7e5ckj80"}
{"type":"log","timestamp":1674746243043,"level":"debug","message":"Page request: GET (document) file:///C:/Users/Johan/AppData/Local/Temp/jsreport/autocleanup/540b9826-9ae0-4703-b40e-962396ba64ae-chrome-pdf.html","meta":{"rootId":"0fs6qbjie7ktmsv","id":"0fs6qbjie7ktmsv"},"id":"aqrg6iz6tmh6947","previousOperationId":"8hsgbwo7e5ckj80"}
{"type":"log","timestamp":1674746243065,"level":"debug","message":"Page request finished: GET (document) 200 file:///C:/Users/Johan/AppData/Local/Temp/jsreport/autocleanup/540b9826-9ae0-4703-b40e-962396ba64ae-chrome-pdf.html","meta":{"rootId":"0fs6qbjie7ktmsv","id":"0fs6qbjie7ktmsv"},"id":"gb1v9ue9y54uax6","previousOperationId":"8hsgbwo7e5ckj80"}
{"type":"log","timestamp":1674746243066,"level":"debug","message":"Page request: GET (stylesheet) https://cdnjs.cloudflare.com/ajax/libs/metro/4.1.5/css/metro.min.css","meta":{"rootId":"0fs6qbjie7ktmsv","id":"0fs6qbjie7ktmsv"},"id":"k8b874tm1vz8vbg","previousOperationId":"8hsgbwo7e5ckj80"}
{"type":"log","timestamp":1674746243066,"level":"debug","message":"Page request: GET (script) https://cdnjs.cloudflare.com/ajax/libs/Chart.js/2.7.2/Chart.min.js","meta":{"rootId":"0fs6qbjie7ktmsv","id":"0fs6qbjie7ktmsv"},"id":"cl6nx16rumdndmm","previousOperationId":"8hsgbwo7e5ckj80"}
{"type":"log","timestamp":1674746243066,"level":"debug","message":"Page request: GET (stylesheet) https://cdnjs.cloudflare.com/ajax/libs/chartist/0.11.0/chartist.min.css","meta":{"rootId":"0fs6qbjie7ktmsv","id":"0fs6qbjie7ktmsv"},"id":"ukomokgy2sqbav5","previousOperationId":"8hsgbwo7e5ckj80"}
{"type":"log","timestamp":1674746243066,"level":"debug","message":"Page request: GET (script) https://cdnjs.cloudflare.com/ajax/libs/chartist/0.11.0/chartist.min.js","meta":{"rootId":"0fs6qbjie7ktmsv","id":"0fs6qbjie7ktmsv"},"id":"0b90kzlu4mq0c8x","previousOperationId":"8hsgbwo7e5ckj80"}
{"type":"log","timestamp":1674746243066,"level":"debug","message":"Page request: GET (script) https://unpkg.com/chartist-plugin-tooltips@0.0.17","meta":{"rootId":"0fs6qbjie7ktmsv","id":"0fs6qbjie7ktmsv"},"id":"zsbk4zvv8sxk0ni","previousOperationId":"8hsgbwo7e5ckj80"}
{"type":"log","timestamp":1674746243067,"level":"debug","message":"Page request: GET (script) https://unpkg.com/chartist-plugin-pointlabels@0.0.6","meta":{"rootId":"0fs6qbjie7ktmsv","id":"0fs6qbjie7ktmsv"},"id":"mxqxctd0x0f9m3d","previousOperationId":"8hsgbwo7e5ckj80"}
{"type":"log","timestamp":1674746243067,"level":"debug","message":"Page request: GET (script) http://code.jquery.com/jquery-1.11.0.min.js","meta":{"rootId":"0fs6qbjie7ktmsv","id":"0fs6qbjie7ktmsv"},"id":"da5ebusnd1lvh7w","previousOperationId":"8hsgbwo7e5ckj80"}
{"type":"log","timestamp":1674746243067,"level":"debug","message":"Page request: GET (script) http://cdnjs.cloudflare.com/ajax/libs/flot/0.8.1/jquery.flot.min.js","meta":{"rootId":"0fs6qbjie7ktmsv","id":"0fs6qbjie7ktmsv"},"id":"pmwp0r5ftb4bcpm","previousOperationId":"8hsgbwo7e5ckj80"}
{"type":"log","timestamp":1674746243067,"level":"debug","message":"Page request: GET (script) https://cdn.jsdelivr.net/npm/chart.js@2.9.3/dist/Chart.min.js","meta":{"rootId":"0fs6qbjie7ktmsv","id":"0fs6qbjie7ktmsv"},"id":"4gunuhnav576ecx","previousOperationId":"8hsgbwo7e5ckj80"}
{"type":"log","timestamp":1674746243073,"level":"warn","message":"Page request failed: GET (script) 307 http://cdnjs.cloudflare.com/ajax/libs/flot/0.8.1/jquery.flot.min.js (redirect to: https://cdnjs.cloudflare.com/ajax/libs/flot/0.8.1/jquery.flot.min.js)","meta":{"rootId":"0fs6qbjie7ktmsv","id":"0fs6qbjie7ktmsv"},"id":"p1s19q0r7yjllxu","previousOperationId":"8hsgbwo7e5ckj80"}
{"type":"log","timestamp":1674746243074,"level":"debug","message":"Page request: GET (script) https://cdnjs.cloudflare.com/ajax/libs/flot/0.8.1/jquery.flot.min.js (redirect from: http://cdnjs.cloudflare.com/ajax/libs/flot/0.8.1/jquery.flot.min.js)","meta":{"rootId":"0fs6qbjie7ktmsv","id":"0fs6qbjie7ktmsv"},"id":"tc1mna8ve5q1f9w","previousOperationId":"8hsgbwo7e5ckj80"}
{"type":"log","timestamp":1674746243074,"level":"debug","message":"Page request finished: GET (stylesheet) 200 https://cdnjs.cloudflare.com/ajax/libs/chartist/0.11.0/chartist.min.css","meta":{"rootId":"0fs6qbjie7ktmsv","id":"0fs6qbjie7ktmsv"},"id":"t0shaa1tm3x7t5o","previousOperationId":"8hsgbwo7e5ckj80"}
{"type":"log","timestamp":1674746243074,"level":"warn","message":"Page request failed: GET (script) 302 https://unpkg.com/chartist-plugin-tooltips@0.0.17 (redirect to: /chartist-plugin-tooltips@0.0.17/dist/chartist-plugin-tooltip.js)","meta":{"rootId":"0fs6qbjie7ktmsv","id":"0fs6qbjie7ktmsv"},"id":"ilxt1iqh6umyuho","previousOperationId":"8hsgbwo7e5ckj80"}
{"type":"log","timestamp":1674746243075,"level":"debug","message":"Page request: GET (script) https://unpkg.com/chartist-plugin-tooltips@0.0.17/dist/chartist-plugin-tooltip.js (redirect from: https://unpkg.com/chartist-plugin-tooltips@0.0.17)","meta":{"rootId":"0fs6qbjie7ktmsv","id":"0fs6qbjie7ktmsv"},"id":"8w0sudvnzms0itq","previousOperationId":"8hsgbwo7e5ckj80"}
{"type":"log","timestamp":1674746243076,"level":"debug","message":"Page request finished: GET (script) 200 https://cdnjs.cloudflare.com/ajax/libs/Chart.js/2.7.2/Chart.min.js","meta":{"rootId":"0fs6qbjie7ktmsv","id":"0fs6qbjie7ktmsv"},"id":"ek0awigjg0kb8g6","previousOperationId":"8hsgbwo7e5ckj80"}
{"type":"log","timestamp":1674746243076,"level":"debug","message":"Page request finished: GET (script) 200 https://cdnjs.cloudflare.com/ajax/libs/chartist/0.11.0/chartist.min.js","meta":{"rootId":"0fs6qbjie7ktmsv","id":"0fs6qbjie7ktmsv"},"id":"gcm33z7j9wer66e","previousOperationId":"8hsgbwo7e5ckj80"}
{"type":"log","timestamp":1674746243077,"level":"warn","message":"Page request failed: GET (script) 302 https://unpkg.com/chartist-plugin-pointlabels@0.0.6 (redirect to: /chartist-plugin-pointlabels@0.0.6/dist/chartist-plugin-pointlabels.js)","meta":{"rootId":"0fs6qbjie7ktmsv","id":"0fs6qbjie7ktmsv"},"id":"0tut6k0tramsehw","previousOperationId":"8hsgbwo7e5ckj80"}
{"type":"log","timestamp":1674746243080,"level":"debug","message":"Page request finished: GET (script) 200 http://code.jquery.com/jquery-1.11.0.min.js","meta":{"rootId":"0fs6qbjie7ktmsv","id":"0fs6qbjie7ktmsv"},"id":"3i4kgzlmkzq88ff","previousOperationId":"8hsgbwo7e5ckj80"}
{"type":"log","timestamp":1674746243080,"level":"debug","message":"Page request finished: GET (script) 200 https://cdn.jsdelivr.net/npm/chart.js@2.9.3/dist/Chart.min.js","meta":{"rootId":"0fs6qbjie7ktmsv","id":"0fs6qbjie7ktmsv"},"id":"ylijzqzl62xt8ql","previousOperationId":"8hsgbwo7e5ckj80"}
{"type":"log","timestamp":1674746243080,"level":"debug","message":"Page request: GET (script) https://unpkg.com/chartist-plugin-pointlabels@0.0.6/dist/chartist-plugin-pointlabels.js (redirect from: https://unpkg.com/chartist-plugin-pointlabels@0.0.6)","meta":{"rootId":"0fs6qbjie7ktmsv","id":"0fs6qbjie7ktmsv"},"id":"zypcvx775pbhw2x","previousOperationId":"8hsgbwo7e5ckj80"}
{"type":"log","timestamp":1674746243095,"level":"debug","message":"Page request finished: GET (stylesheet) 200 https://cdnjs.cloudflare.com/ajax/libs/metro/4.1.5/css/metro.min.css","meta":{"rootId":"0fs6qbjie7ktmsv","id":"0fs6qbjie7ktmsv"},"id":"zg55mnows1rnt7h","previousOperationId":"8hsgbwo7e5ckj80"}
{"type":"log","timestamp":1674746243101,"level":"debug","message":"Page request finished: GET (script) 200 https://unpkg.com/chartist-plugin-tooltips@0.0.17/dist/chartist-plugin-tooltip.js","meta":{"rootId":"0fs6qbjie7ktmsv","id":"0fs6qbjie7ktmsv"},"id":"sof4akb63kihcbm","previousOperationId":"8hsgbwo7e5ckj80"}
{"type":"log","timestamp":1674746243102,"level":"debug","message":"Page request finished: GET (script) 200 https://unpkg.com/chartist-plugin-pointlabels@0.0.6/dist/chartist-plugin-pointlabels.js","meta":{"rootId":"0fs6qbjie7ktmsv","id":"0fs6qbjie7ktmsv"},"id":"7r7phnmspoq1vuc","previousOperationId":"8hsgbwo7e5ckj80"}
{"type":"log","timestamp":1674746243102,"level":"debug","message":"Page request finished: GET (script) 200 https://cdnjs.cloudflare.com/ajax/libs/flot/0.8.1/jquery.flot.min.js","meta":{"rootId":"0fs6qbjie7ktmsv","id":"0fs6qbjie7ktmsv"},"id":"vuj2uxvo9mupeiz","previousOperationId":"8hsgbwo7e5ckj80"}
{"type":"log","timestamp":1674746243119,"level":"warn","message":"Page error: TypeError: Cannot read properties of null (reading 'getContext')\n    at file:///C:/Users/Johan/AppData/Local/Temp/jsreport/autocleanup/540b9826-9ae0-4703-b40e-962396ba64ae-chrome-pdf.html:58:53","meta":{"rootId":"0fs6qbjie7ktmsv","id":"0fs6qbjie7ktmsv"},"id":"mpvhnt1z8vatkn4","previousOperationId":"8hsgbwo7e5ckj80"}
{"type":"log","timestamp":1674746243152,"level":"debug","message":"Running chrome with params {\"printBackground\":true,\"timeout\":59378,\"margin\":{}}","meta":{"rootId":"0fs6qbjie7ktmsv","id":"0fs6qbjie7ktmsv"},"id":"hayz1ro6zwalfv8","previousOperationId":"8hsgbwo7e5ckj80"}
{"type":"operationEnd","operationId":"8hsgbwo7e5ckj80","timestamp":1674746243263,"id":"wp5kw9xpkfvdrtv","previousEventId":"a6ceuu4tbrqaqfm","previousOperationId":"8hsgbwo7e5ckj80"}
{"type":"log","timestamp":1674746243263,"level":"debug","message":"Executing script testing (afterRender)","meta":{"rootId":"0fs6qbjie7ktmsv","id":"0fs6qbjie7ktmsv"},"id":"bihbfwve2aea09d","previousOperationId":"8hsgbwo7e5ckj80"}
{"type":"operationStart","subtype":"scriptsAfterRender","name":"scripts afterRender","timestamp":1674746243273,"id":"28m8qxxw6eqns2l","previousEventId":"wp5kw9xpkfvdrtv","operationId":"e2gyt5a4pnfiqi3","previousOperationId":"8hsgbwo7e5ckj80"}
{"type":"operationStart","subtype":"script","name":"scripts testing","previousOperationId":"e2gyt5a4pnfiqi3","timestamp":1674746243273,"id":"howkitervr8nqhe","previousEventId":"28m8qxxw6eqns2l","operationId":"rm6klns2jdkvh7s"}
{"type":"log","timestamp":1674746243501,"level":"debug","message":"(console:log) [ '58', '2', '59' ]","meta":{"userLevel":true,"rootId":"0fs6qbjie7ktmsv","id":"0fs6qbjie7ktmsv"},"id":"br0cai352cvj8s9","previousOperationId":"rm6klns2jdkvh7s"}
{"type":"log","timestamp":1674746243501,"level":"debug","message":"(console:log) [ '2', '3', '1' ]","meta":{"userLevel":true,"rootId":"0fs6qbjie7ktmsv","id":"0fs6qbjie7ktmsv"},"id":"qeqsiil1dwqv6x9","previousOperationId":"rm6klns2jdkvh7s"}
{"type":"operationEnd","operationId":"rm6klns2jdkvh7s","timestamp":1674746244777,"id":"4zc05af6jp6igkd","previousEventId":"wp5kw9xpkfvdrtv","previousOperationId":"8hsgbwo7e5ckj80"}
{"type":"operationEnd","operationId":"e2gyt5a4pnfiqi3","timestamp":1674746244777,"id":"s101ysp3soar7pt","previousEventId":"4zc05af6jp6igkd","previousOperationId":"8hsgbwo7e5ckj80"}
{"type":"log","timestamp":1674746244777,"level":"debug","message":"Skipping storing report.","meta":{"rootId":"0fs6qbjie7ktmsv","id":"0fs6qbjie7ktmsv"},"id":"3692piobvghau3v","previousOperationId":"e2gyt5a4pnfiqi3"}
{"type":"log","timestamp":1674746244777,"level":"info","message":"Rendering request 3 finished in 2438 ms","meta":{"rootId":"0fs6qbjie7ktmsv","id":"0fs6qbjie7ktmsv"},"id":"ueffo03vs3mp3yu","previousOperationId":"e2gyt5a4pnfiqi3"}
{"type":"operationEnd","subtype":"render","operationId":"mmfdx3w0aeioa32","timestamp":1674746244777,"id":"lu5cm7pm2r0az6i","previousEventId":"s101ysp3soar7pt","previousOperationId":"e2gyt5a4pnfiqi3"}
{"type":"operationEnd","doDiffs":false,"previousEventId":"vi5jcx8bc0rvq3m","previousOperationId":"en7zk73r4kjw8dh","operationId":"en7zk73r4kjw8dh","timestamp":1674746244781,"id":"9h8i33nrdnwp806"}
