{"type":"operationStart","subtype":"profile","data":{"_id":"BqzMmhdbm0eyWOcU","timestamp":"2023-01-26T18:29:29.580Z","state":"queued","mode":"standard","creationDate":"2023-01-26T18:29:29.583Z","modificationDate":"2023-01-26T18:29:29.583Z","shortid":"wRP9Qpc","$entitySet":"profiles"},"doDiffs":false,"timestamp":1674757769582,"id":"7nozc7ew2fhbxnq","previousOperationId":null,"operationId":"l9ayvp7ri5ow9lm"}
{"type":"log","level":"info","message":"Render request 15 queued for execution and waiting for available worker","previousOperationId":"l9ayvp7ri5ow9lm","timestamp":1674757769582,"id":"1isbzbqr5mr66ab"}
{"type":"operationStart","subtype":"render","name":"Data","previousOperationId":"l9ayvp7ri5ow9lm","timestamp":1674757769594,"id":"w0nehrifpjj7upp","previousEventId":"7nozc7ew2fhbxnq","operationId":"7gmfj4tmau6wez4"}
{"type":"log","timestamp":1674757769594,"level":"info","message":"Starting rendering request 15","meta":{"rootId":"1d39vtesx70i0of","id":"1d39vtesx70i0of"},"id":"wnr0x8in412dces","previousOperationId":"7gmfj4tmau6wez4"}
{"type":"log","timestamp":1674757769594,"level":"info","message":"Rendering template { name: Data, recipe: chrome-pdf, engine: handlebars, preview: true }","meta":{"rootId":"1d39vtesx70i0of","id":"1d39vtesx70i0of"},"id":"594q95ynxppe77v","previousOperationId":"7gmfj4tmau6wez4"}
{"type":"log","timestamp":1674757769595,"level":"debug","message":"Data item not defined for this template.","meta":{"rootId":"1d39vtesx70i0of","id":"1d39vtesx70i0of"},"id":"ywsmzje4gqjua5e","previousOperationId":"7gmfj4tmau6wez4"}
{"type":"log","timestamp":1674757769596,"level":"debug","message":"Executing script testing (beforeRender)","meta":{"rootId":"1d39vtesx70i0of","id":"1d39vtesx70i0of"},"id":"lm02sjb21rv1n78","previousOperationId":"7gmfj4tmau6wez4"}
{"type":"operationStart","subtype":"scriptsBeforeRender","name":"scripts beforeRender","timestamp":1674757769644,"id":"gplls4kec5m0bw4","previousEventId":"w0nehrifpjj7upp","operationId":"h71oiaji8fgucnu","previousOperationId":"7gmfj4tmau6wez4"}
{"type":"operationStart","subtype":"script","name":"scripts testing","previousOperationId":"h71oiaji8fgucnu","timestamp":1674757769644,"id":"94fb5jupkgscrgo","previousEventId":"gplls4kec5m0bw4","operationId":"jo9zqss163djq2m"}
{"type":"log","timestamp":1674757769862,"level":"debug","message":"(console:log) Sin cuidado: [object Object]","meta":{"userLevel":true,"rootId":"1d39vtesx70i0of","id":"1d39vtesx70i0of"},"id":"c87ll2ys21z2bpd","previousOperationId":"jo9zqss163djq2m"}
{"type":"log","timestamp":1674757769863,"level":"debug","message":"(console:log) Sin cuidado: Arucas,Galdar,Teror","meta":{"userLevel":true,"rootId":"1d39vtesx70i0of","id":"1d39vtesx70i0of"},"id":"z89x687j3f552mg","previousOperationId":"jo9zqss163djq2m"}
{"type":"log","timestamp":1674757769863,"level":"debug","message":"(console:log) Sin cuidado: 2,1,3","meta":{"userLevel":true,"rootId":"1d39vtesx70i0of","id":"1d39vtesx70i0of"},"id":"62k2225yhygz4gq","previousOperationId":"jo9zqss163djq2m"}
{"type":"operationEnd","operationId":"jo9zqss163djq2m","timestamp":1674757770243,"id":"gitl9xtxhwk5d9s","previousEventId":"w0nehrifpjj7upp","previousOperationId":"7gmfj4tmau6wez4"}
{"type":"operationEnd","operationId":"h71oiaji8fgucnu","timestamp":1674757770243,"id":"lf57m2r2cnc9fco","previousEventId":"gitl9xtxhwk5d9s","previousOperationId":"7gmfj4tmau6wez4"}
{"type":"log","timestamp":1674757770243,"level":"debug","message":"Base url not specified, skipping its injection.","meta":{"rootId":"1d39vtesx70i0of","id":"1d39vtesx70i0of"},"id":"998q2kmgf5qdf9l","previousOperationId":"h71oiaji8fgucnu"}
{"type":"operationStart","subtype":"engine","name":"handlebars","timestamp":1674757770243,"id":"ajacx3ep0bvbkvz","previousEventId":"lf57m2r2cnc9fco","operationId":"dxyfz9uop51tvnn","previousOperationId":"h71oiaji8fgucnu"}
{"type":"log","timestamp":1674757770243,"level":"debug","message":"Rendering engine handlebars","meta":{"rootId":"1d39vtesx70i0of","id":"1d39vtesx70i0of"},"id":"fnmh7kkjxtgg92q","previousOperationId":"dxyfz9uop51tvnn"}
{"type":"operationEnd","operationId":"dxyfz9uop51tvnn","timestamp":1674757770255,"id":"51ky14ohdsw6kzu","previousEventId":"ajacx3ep0bvbkvz","previousOperationId":"dxyfz9uop51tvnn"}
{"type":"operationStart","subtype":"recipe","name":"chrome-pdf","timestamp":1674757770256,"id":"zx73k3f1b60jlo7","previousEventId":"51ky14ohdsw6kzu","operationId":"mjj22ao0tvtga4d","previousOperationId":"dxyfz9uop51tvnn"}
{"type":"log","timestamp":1674757770256,"level":"debug","message":"Executing recipe chrome-pdf","meta":{"rootId":"1d39vtesx70i0of","id":"1d39vtesx70i0of"},"id":"gb816qc4fvqkkss","previousOperationId":"mjj22ao0tvtga4d"}
{"type":"log","timestamp":1674757770259,"level":"debug","message":"Converting with chrome HeadlessChrome/105.0.5173.0 using chrome-pool strategy","meta":{"rootId":"1d39vtesx70i0of","id":"1d39vtesx70i0of"},"id":"5glgo4y7t5iqd0v","previousOperationId":"mjj22ao0tvtga4d"}
{"type":"log","timestamp":1674757770347,"level":"debug","message":"Page request: GET (document) file:///C:/Users/Johan/AppData/Local/Temp/jsreport/autocleanup/35901e40-bdd7-4d7e-8b9c-715f9723e28b-chrome-pdf.html","meta":{"rootId":"1d39vtesx70i0of","id":"1d39vtesx70i0of"},"id":"031sug7a4db9iio","previousOperationId":"mjj22ao0tvtga4d"}
{"type":"log","timestamp":1674757770368,"level":"debug","message":"Page request: GET (stylesheet) https://cdnjs.cloudflare.com/ajax/libs/metro/4.1.5/css/metro.min.css","meta":{"rootId":"1d39vtesx70i0of","id":"1d39vtesx70i0of"},"id":"iiw03rumbnewhi9","previousOperationId":"mjj22ao0tvtga4d"}
{"type":"log","timestamp":1674757770368,"level":"debug","message":"Page request: GET (stylesheet) https://cdnjs.cloudflare.com/ajax/libs/chartist/0.11.0/chartist.min.css","meta":{"rootId":"1d39vtesx70i0of","id":"1d39vtesx70i0of"},"id":"mw4s8ozuw6kh2uo","previousOperationId":"mjj22ao0tvtga4d"}
{"type":"log","timestamp":1674757770368,"level":"debug","message":"Page request finished: GET (document) 200 file:///C:/Users/Johan/AppData/Local/Temp/jsreport/autocleanup/35901e40-bdd7-4d7e-8b9c-715f9723e28b-chrome-pdf.html","meta":{"rootId":"1d39vtesx70i0of","id":"1d39vtesx70i0of"},"id":"exejg6drs66ixuv","previousOperationId":"mjj22ao0tvtga4d"}
{"type":"log","timestamp":1674757770368,"level":"debug","message":"Page request: GET (script) https://cdnjs.cloudflare.com/ajax/libs/chartist/0.11.0/chartist.min.js","meta":{"rootId":"1d39vtesx70i0of","id":"1d39vtesx70i0of"},"id":"lezm711v9hrdiz8","previousOperationId":"mjj22ao0tvtga4d"}
{"type":"log","timestamp":1674757770369,"level":"debug","message":"Page request: GET (script) https://unpkg.com/chartist-plugin-tooltips@0.0.17","meta":{"rootId":"1d39vtesx70i0of","id":"1d39vtesx70i0of"},"id":"wymutkwgxggsntq","previousOperationId":"mjj22ao0tvtga4d"}
{"type":"log","timestamp":1674757770369,"level":"debug","message":"Page request: GET (script) https://unpkg.com/chartist-plugin-pointlabels@0.0.6","meta":{"rootId":"1d39vtesx70i0of","id":"1d39vtesx70i0of"},"id":"dvmu18gvs22ovku","previousOperationId":"mjj22ao0tvtga4d"}
{"type":"log","timestamp":1674757770373,"level":"debug","message":"Page request finished: GET (stylesheet) 200 https://cdnjs.cloudflare.com/ajax/libs/chartist/0.11.0/chartist.min.css","meta":{"rootId":"1d39vtesx70i0of","id":"1d39vtesx70i0of"},"id":"3xikz40pxev61k5","previousOperationId":"mjj22ao0tvtga4d"}
{"type":"log","timestamp":1674757770374,"level":"warn","message":"Page request failed: GET (script) 302 https://unpkg.com/chartist-plugin-tooltips@0.0.17 (redirect to: /chartist-plugin-tooltips@0.0.17/dist/chartist-plugin-tooltip.js)","meta":{"rootId":"1d39vtesx70i0of","id":"1d39vtesx70i0of"},"id":"kblkwunb713zdm1","previousOperationId":"mjj22ao0tvtga4d"}
{"type":"log","timestamp":1674757770374,"level":"debug","message":"Page request: GET (script) https://unpkg.com/chartist-plugin-tooltips@0.0.17/dist/chartist-plugin-tooltip.js (redirect from: https://unpkg.com/chartist-plugin-tooltips@0.0.17)","meta":{"rootId":"1d39vtesx70i0of","id":"1d39vtesx70i0of"},"id":"kgajd8kux9igxni","previousOperationId":"mjj22ao0tvtga4d"}
{"type":"log","timestamp":1674757770375,"level":"warn","message":"Page request failed: GET (script) 302 https://unpkg.com/chartist-plugin-pointlabels@0.0.6 (redirect to: /chartist-plugin-pointlabels@0.0.6/dist/chartist-plugin-pointlabels.js)","meta":{"rootId":"1d39vtesx70i0of","id":"1d39vtesx70i0of"},"id":"zi9nbp7p0bdxg8v","previousOperationId":"mjj22ao0tvtga4d"}
{"type":"log","timestamp":1674757770375,"level":"debug","message":"Page request: GET (script) https://unpkg.com/chartist-plugin-pointlabels@0.0.6/dist/chartist-plugin-pointlabels.js (redirect from: https://unpkg.com/chartist-plugin-pointlabels@0.0.6)","meta":{"rootId":"1d39vtesx70i0of","id":"1d39vtesx70i0of"},"id":"jfu4jghf3aceyrp","previousOperationId":"mjj22ao0tvtga4d"}
{"type":"log","timestamp":1674757770376,"level":"debug","message":"Page request finished: GET (script) 200 https://cdnjs.cloudflare.com/ajax/libs/chartist/0.11.0/chartist.min.js","meta":{"rootId":"1d39vtesx70i0of","id":"1d39vtesx70i0of"},"id":"y928bsq08fm4vdi","previousOperationId":"mjj22ao0tvtga4d"}
{"type":"log","timestamp":1674757770392,"level":"debug","message":"Page request finished: GET (stylesheet) 200 https://cdnjs.cloudflare.com/ajax/libs/metro/4.1.5/css/metro.min.css","meta":{"rootId":"1d39vtesx70i0of","id":"1d39vtesx70i0of"},"id":"5i6kknro7t1iao9","previousOperationId":"mjj22ao0tvtga4d"}
{"type":"log","timestamp":1674757770393,"level":"debug","message":"Page request finished: GET (script) 200 https://unpkg.com/chartist-plugin-tooltips@0.0.17/dist/chartist-plugin-tooltip.js","meta":{"rootId":"1d39vtesx70i0of","id":"1d39vtesx70i0of"},"id":"tj7ypcgwvnf85hv","previousOperationId":"mjj22ao0tvtga4d"}
{"type":"log","timestamp":1674757770394,"level":"debug","message":"Page request finished: GET (script) 200 https://unpkg.com/chartist-plugin-pointlabels@0.0.6/dist/chartist-plugin-pointlabels.js","meta":{"rootId":"1d39vtesx70i0of","id":"1d39vtesx70i0of"},"id":"8snlzrvh43hhs4g","previousOperationId":"mjj22ao0tvtga4d"}
{"type":"log","timestamp":1674757770395,"level":"debug","message":"(console:log) Me he venido","meta":{"userLevel":true,"rootId":"1d39vtesx70i0of","id":"1d39vtesx70i0of"},"id":"7gn7r816utn9wsd","previousOperationId":"mjj22ao0tvtga4d"}
{"type":"log","timestamp":1674757770395,"level":"debug","message":"(console:log) Cuidado: 2,1,3","meta":{"userLevel":true,"rootId":"1d39vtesx70i0of","id":"1d39vtesx70i0of"},"id":"41y9dfqn84zbu6a","previousOperationId":"mjj22ao0tvtga4d"}
{"type":"log","timestamp":1674757770396,"level":"warn","message":"Page error: ReferenceError: repetitionsName is not defined\n    at file:///C:/Users/Johan/AppData/Local/Temp/jsreport/autocleanup/35901e40-bdd7-4d7e-8b9c-715f9723e28b-chrome-pdf.html:56:36","meta":{"rootId":"1d39vtesx70i0of","id":"1d39vtesx70i0of"},"id":"1xn2713di9qg41u","previousOperationId":"mjj22ao0tvtga4d"}
{"type":"log","timestamp":1674757770434,"level":"debug","message":"Running chrome with params {\"printBackground\":true,\"timeout\":59322,\"margin\":{}}","meta":{"rootId":"1d39vtesx70i0of","id":"1d39vtesx70i0of"},"id":"hwnbdj0kvmq8imc","previousOperationId":"mjj22ao0tvtga4d"}
{"type":"operationEnd","operationId":"mjj22ao0tvtga4d","timestamp":1674757770540,"id":"7mtbklj58iwdqox","previousEventId":"zx73k3f1b60jlo7","previousOperationId":"mjj22ao0tvtga4d"}
{"type":"log","timestamp":1674757770540,"level":"debug","message":"Executing script testing (afterRender)","meta":{"rootId":"1d39vtesx70i0of","id":"1d39vtesx70i0of"},"id":"cgw4tmswisishmj","previousOperationId":"mjj22ao0tvtga4d"}
{"type":"operationStart","subtype":"scriptsAfterRender","name":"scripts afterRender","timestamp":1674757770548,"id":"aat0jtppfxfbaso","previousEventId":"7mtbklj58iwdqox","operationId":"fwlvboe3rqgy6ju","previousOperationId":"mjj22ao0tvtga4d"}
{"type":"operationStart","subtype":"script","name":"scripts testing","previousOperationId":"fwlvboe3rqgy6ju","timestamp":1674757770548,"id":"f3npr1xbz7g01pi","previousEventId":"aat0jtppfxfbaso","operationId":"2cq3f01rf05cuqd"}
{"type":"operationEnd","operationId":"2cq3f01rf05cuqd","timestamp":1674757771498,"id":"ekzappzvgunhn2c","previousEventId":"7mtbklj58iwdqox","previousOperationId":"mjj22ao0tvtga4d"}
{"type":"operationEnd","operationId":"fwlvboe3rqgy6ju","timestamp":1674757771498,"id":"8ge9fg4ur9c2vzc","previousEventId":"ekzappzvgunhn2c","previousOperationId":"mjj22ao0tvtga4d"}
{"type":"log","timestamp":1674757771498,"level":"debug","message":"Skipping storing report.","meta":{"rootId":"1d39vtesx70i0of","id":"1d39vtesx70i0of"},"id":"gjkxi71r9wgew4s","previousOperationId":"fwlvboe3rqgy6ju"}
{"type":"log","timestamp":1674757771498,"level":"info","message":"Rendering request 15 finished in 1918 ms","meta":{"rootId":"1d39vtesx70i0of","id":"1d39vtesx70i0of"},"id":"anquiuj17miq0ht","previousOperationId":"fwlvboe3rqgy6ju"}
{"type":"operationEnd","subtype":"render","operationId":"7gmfj4tmau6wez4","timestamp":1674757771498,"id":"y1vslultky45olo","previousEventId":"8ge9fg4ur9c2vzc","previousOperationId":"fwlvboe3rqgy6ju"}
{"type":"operationEnd","doDiffs":false,"previousEventId":"7nozc7ew2fhbxnq","previousOperationId":"l9ayvp7ri5ow9lm","operationId":"l9ayvp7ri5ow9lm","timestamp":1674757771502,"id":"eiw69bjckmbdnj1"}
