{"type":"operationStart","subtype":"profile","data":{"_id":"VcyWFIyUby2vH0AS","timestamp":"2023-01-26T17:14:18.621Z","state":"queued","mode":"standard","creationDate":"2023-01-26T17:14:18.624Z","modificationDate":"2023-01-26T17:14:18.624Z","shortid":"ojjHMO1","$entitySet":"profiles"},"doDiffs":false,"timestamp":1674753258622,"id":"02sxr43j0alwr2d","previousOperationId":null,"operationId":"gr535dx470jwloc"}
{"type":"log","level":"info","message":"Render request 22 queued for execution and waiting for available worker","previousOperationId":"gr535dx470jwloc","timestamp":1674753258623,"id":"smpd9u1i9kv0sip"}
{"type":"operationStart","subtype":"render","name":"Data","previousOperationId":"gr535dx470jwloc","timestamp":1674753258632,"id":"116xkj4u1qo8rth","previousEventId":"02sxr43j0alwr2d","operationId":"oq85zu6oqnlciaq"}
{"type":"log","timestamp":1674753258632,"level":"info","message":"Starting rendering request 22","meta":{"rootId":"1jvh40g7hkiooxk","id":"1jvh40g7hkiooxk"},"id":"bg7778lrygwnrb9","previousOperationId":"oq85zu6oqnlciaq"}
{"type":"log","timestamp":1674753258633,"level":"info","message":"Rendering template { name: Data, recipe: chrome-pdf, engine: handlebars, preview: true }","meta":{"rootId":"1jvh40g7hkiooxk","id":"1jvh40g7hkiooxk"},"id":"onveoe71y847r2i","previousOperationId":"oq85zu6oqnlciaq"}
{"type":"log","timestamp":1674753258634,"level":"debug","message":"Data item not defined for this template.","meta":{"rootId":"1jvh40g7hkiooxk","id":"1jvh40g7hkiooxk"},"id":"a01xctfz4ik8pai","previousOperationId":"oq85zu6oqnlciaq"}
{"type":"log","timestamp":1674753258638,"level":"debug","message":"Executing script testing (beforeRender)","meta":{"rootId":"1jvh40g7hkiooxk","id":"1jvh40g7hkiooxk"},"id":"7mrnxtjctiiv7f4","previousOperationId":"oq85zu6oqnlciaq"}
{"type":"operationStart","subtype":"scriptsBeforeRender","name":"scripts beforeRender","timestamp":1674753258691,"id":"c9bu6qeoz7u3u7g","previousEventId":"116xkj4u1qo8rth","operationId":"0wmbc4nel30gazw","previousOperationId":"oq85zu6oqnlciaq"}
{"type":"operationStart","subtype":"script","name":"scripts testing","previousOperationId":"0wmbc4nel30gazw","timestamp":1674753258691,"id":"vfin058jy9nmkqe","previousEventId":"c9bu6qeoz7u3u7g","operationId":"8qv3k1ic45nsc67"}
{"type":"log","timestamp":1674753258911,"level":"debug","message":"(console:log) {\n  locationName: [ 'Las Palmas de Gran Canaria', 'Galdar', 'Teror' ],\n  repetition: [ '2', '1', '3' ]\n}","meta":{"userLevel":true,"rootId":"1jvh40g7hkiooxk","id":"1jvh40g7hkiooxk"},"id":"onhffxxdgywkht9","previousOperationId":"8qv3k1ic45nsc67"}
{"type":"log","timestamp":1674753258911,"level":"debug","message":"(console:log) [ 'Las Palmas de Gran Canaria', 'Galdar', 'Teror' ]","meta":{"userLevel":true,"rootId":"1jvh40g7hkiooxk","id":"1jvh40g7hkiooxk"},"id":"yjv9a2z2tgc4ovz","previousOperationId":"8qv3k1ic45nsc67"}
{"type":"log","timestamp":1674753258911,"level":"debug","message":"(console:log) [ '2', '1', '3' ]","meta":{"userLevel":true,"rootId":"1jvh40g7hkiooxk","id":"1jvh40g7hkiooxk"},"id":"ddk1yklfapmu8l0","previousOperationId":"8qv3k1ic45nsc67"}
{"type":"operationEnd","operationId":"8qv3k1ic45nsc67","timestamp":1674753259297,"id":"isca3zqxyzm11a2","previousEventId":"116xkj4u1qo8rth","previousOperationId":"oq85zu6oqnlciaq"}
{"type":"operationEnd","operationId":"0wmbc4nel30gazw","timestamp":1674753259297,"id":"etl3a4vk7wmnpsa","previousEventId":"isca3zqxyzm11a2","previousOperationId":"oq85zu6oqnlciaq"}
{"type":"log","timestamp":1674753259297,"level":"debug","message":"Base url not specified, skipping its injection.","meta":{"rootId":"1jvh40g7hkiooxk","id":"1jvh40g7hkiooxk"},"id":"1p7dcsfuzqpv06q","previousOperationId":"0wmbc4nel30gazw"}
{"type":"operationStart","subtype":"engine","name":"handlebars","timestamp":1674753259297,"id":"w58ndozviv0xg6w","previousEventId":"etl3a4vk7wmnpsa","operationId":"elux7g81d6n3z9i","previousOperationId":"0wmbc4nel30gazw"}
{"type":"log","timestamp":1674753259297,"level":"debug","message":"Rendering engine handlebars","meta":{"rootId":"1jvh40g7hkiooxk","id":"1jvh40g7hkiooxk"},"id":"w1w4ilsrb4vmxdd","previousOperationId":"elux7g81d6n3z9i"}
{"type":"operationEnd","operationId":"elux7g81d6n3z9i","timestamp":1674753259309,"id":"8usext30573tnxz","previousEventId":"w58ndozviv0xg6w","previousOperationId":"elux7g81d6n3z9i"}
{"type":"operationStart","subtype":"recipe","name":"chrome-pdf","timestamp":1674753259310,"id":"824gwklfrnljbse","previousEventId":"8usext30573tnxz","operationId":"2aacqtt1gjb4qlz","previousOperationId":"elux7g81d6n3z9i"}
{"type":"log","timestamp":1674753259310,"level":"debug","message":"Executing recipe chrome-pdf","meta":{"rootId":"1jvh40g7hkiooxk","id":"1jvh40g7hkiooxk"},"id":"b6kc66rqwrs4dtj","previousOperationId":"2aacqtt1gjb4qlz"}
{"type":"log","timestamp":1674753259313,"level":"debug","message":"Converting with chrome HeadlessChrome/105.0.5173.0 using chrome-pool strategy","meta":{"rootId":"1jvh40g7hkiooxk","id":"1jvh40g7hkiooxk"},"id":"sakth1kuxw175k0","previousOperationId":"2aacqtt1gjb4qlz"}
{"type":"log","timestamp":1674753259407,"level":"debug","message":"Page request: GET (document) file:///C:/Users/Johan/AppData/Local/Temp/jsreport/autocleanup/39ed9056-0a43-49a8-96e1-095a42616c77-chrome-pdf.html","meta":{"rootId":"1jvh40g7hkiooxk","id":"1jvh40g7hkiooxk"},"id":"ufswx0lx9j9kuqn","previousOperationId":"2aacqtt1gjb4qlz"}
{"type":"log","timestamp":1674753259426,"level":"debug","message":"Page request: GET (stylesheet) https://cdnjs.cloudflare.com/ajax/libs/metro/4.1.5/css/metro.min.css","meta":{"rootId":"1jvh40g7hkiooxk","id":"1jvh40g7hkiooxk"},"id":"8yssfx3tvipf2t8","previousOperationId":"2aacqtt1gjb4qlz"}
{"type":"log","timestamp":1674753259427,"level":"debug","message":"Page request: GET (stylesheet) https://cdnjs.cloudflare.com/ajax/libs/chartist/0.11.0/chartist.min.css","meta":{"rootId":"1jvh40g7hkiooxk","id":"1jvh40g7hkiooxk"},"id":"g2w73wj1k2hf48q","previousOperationId":"2aacqtt1gjb4qlz"}
{"type":"log","timestamp":1674753259427,"level":"debug","message":"Page request: GET (script) https://cdnjs.cloudflare.com/ajax/libs/chartist/0.11.0/chartist.min.js","meta":{"rootId":"1jvh40g7hkiooxk","id":"1jvh40g7hkiooxk"},"id":"6nmg4tfe8tdhzbq","previousOperationId":"2aacqtt1gjb4qlz"}
{"type":"log","timestamp":1674753259427,"level":"debug","message":"Page request: GET (script) https://unpkg.com/chartist-plugin-tooltips@0.0.17","meta":{"rootId":"1jvh40g7hkiooxk","id":"1jvh40g7hkiooxk"},"id":"bvvwtdy34l05bwh","previousOperationId":"2aacqtt1gjb4qlz"}
{"type":"log","timestamp":1674753259427,"level":"debug","message":"Page request finished: GET (document) 200 file:///C:/Users/Johan/AppData/Local/Temp/jsreport/autocleanup/39ed9056-0a43-49a8-96e1-095a42616c77-chrome-pdf.html","meta":{"rootId":"1jvh40g7hkiooxk","id":"1jvh40g7hkiooxk"},"id":"vk5sbn2wfo7wb2q","previousOperationId":"2aacqtt1gjb4qlz"}
{"type":"log","timestamp":1674753259428,"level":"debug","message":"Page request: GET (script) https://unpkg.com/chartist-plugin-pointlabels@0.0.6","meta":{"rootId":"1jvh40g7hkiooxk","id":"1jvh40g7hkiooxk"},"id":"w7otd16jzh9z6db","previousOperationId":"2aacqtt1gjb4qlz"}
{"type":"log","timestamp":1674753259432,"level":"debug","message":"Page request finished: GET (stylesheet) 200 https://cdnjs.cloudflare.com/ajax/libs/chartist/0.11.0/chartist.min.css","meta":{"rootId":"1jvh40g7hkiooxk","id":"1jvh40g7hkiooxk"},"id":"jmyf2irzud9kajx","previousOperationId":"2aacqtt1gjb4qlz"}
{"type":"log","timestamp":1674753259433,"level":"warn","message":"Page request failed: GET (script) 302 https://unpkg.com/chartist-plugin-tooltips@0.0.17 (redirect to: /chartist-plugin-tooltips@0.0.17/dist/chartist-plugin-tooltip.js)","meta":{"rootId":"1jvh40g7hkiooxk","id":"1jvh40g7hkiooxk"},"id":"xc9zan3j0d3w6jc","previousOperationId":"2aacqtt1gjb4qlz"}
{"type":"log","timestamp":1674753259433,"level":"debug","message":"Page request: GET (script) https://unpkg.com/chartist-plugin-tooltips@0.0.17/dist/chartist-plugin-tooltip.js (redirect from: https://unpkg.com/chartist-plugin-tooltips@0.0.17)","meta":{"rootId":"1jvh40g7hkiooxk","id":"1jvh40g7hkiooxk"},"id":"eamfpzinwlqme0z","previousOperationId":"2aacqtt1gjb4qlz"}
{"type":"log","timestamp":1674753259433,"level":"warn","message":"Page request failed: GET (script) 302 https://unpkg.com/chartist-plugin-pointlabels@0.0.6 (redirect to: /chartist-plugin-pointlabels@0.0.6/dist/chartist-plugin-pointlabels.js)","meta":{"rootId":"1jvh40g7hkiooxk","id":"1jvh40g7hkiooxk"},"id":"e1tkqbarz4bj1t8","previousOperationId":"2aacqtt1gjb4qlz"}
{"type":"log","timestamp":1674753259433,"level":"debug","message":"Page request finished: GET (script) 200 https://cdnjs.cloudflare.com/ajax/libs/chartist/0.11.0/chartist.min.js","meta":{"rootId":"1jvh40g7hkiooxk","id":"1jvh40g7hkiooxk"},"id":"vvjkclqafdj6wsv","previousOperationId":"2aacqtt1gjb4qlz"}
{"type":"log","timestamp":1674753259434,"level":"debug","message":"Page request: GET (script) https://unpkg.com/chartist-plugin-pointlabels@0.0.6/dist/chartist-plugin-pointlabels.js (redirect from: https://unpkg.com/chartist-plugin-pointlabels@0.0.6)","meta":{"rootId":"1jvh40g7hkiooxk","id":"1jvh40g7hkiooxk"},"id":"6icucd89wble0jo","previousOperationId":"2aacqtt1gjb4qlz"}
{"type":"log","timestamp":1674753259448,"level":"debug","message":"Page request finished: GET (stylesheet) 200 https://cdnjs.cloudflare.com/ajax/libs/metro/4.1.5/css/metro.min.css","meta":{"rootId":"1jvh40g7hkiooxk","id":"1jvh40g7hkiooxk"},"id":"xrfgm4ss2yy39af","previousOperationId":"2aacqtt1gjb4qlz"}
{"type":"log","timestamp":1674753259451,"level":"debug","message":"Page request finished: GET (script) 200 https://unpkg.com/chartist-plugin-tooltips@0.0.17/dist/chartist-plugin-tooltip.js","meta":{"rootId":"1jvh40g7hkiooxk","id":"1jvh40g7hkiooxk"},"id":"ggf4cbunn9wskpc","previousOperationId":"2aacqtt1gjb4qlz"}
{"type":"log","timestamp":1674753259451,"level":"debug","message":"Page request finished: GET (script) 200 https://unpkg.com/chartist-plugin-pointlabels@0.0.6/dist/chartist-plugin-pointlabels.js","meta":{"rootId":"1jvh40g7hkiooxk","id":"1jvh40g7hkiooxk"},"id":"rdqq7i2gt3fu03v","previousOperationId":"2aacqtt1gjb4qlz"}
{"type":"log","timestamp":1674753259453,"level":"warn","message":"Page error: SyntaxError: Unexpected token '.'","meta":{"rootId":"1jvh40g7hkiooxk","id":"1jvh40g7hkiooxk"},"id":"30zl476fanxi5q2","previousOperationId":"2aacqtt1gjb4qlz"}
{"type":"log","timestamp":1674753259502,"level":"debug","message":"Running chrome with params {\"printBackground\":true,\"timeout\":59309,\"margin\":{}}","meta":{"rootId":"1jvh40g7hkiooxk","id":"1jvh40g7hkiooxk"},"id":"k0f6el8kis17stl","previousOperationId":"2aacqtt1gjb4qlz"}
{"type":"operationEnd","operationId":"2aacqtt1gjb4qlz","timestamp":1674753259615,"id":"18g49sbh8timr8i","previousEventId":"824gwklfrnljbse","previousOperationId":"2aacqtt1gjb4qlz"}
{"type":"log","timestamp":1674753259615,"level":"debug","message":"Executing script testing (afterRender)","meta":{"rootId":"1jvh40g7hkiooxk","id":"1jvh40g7hkiooxk"},"id":"2ylvrw9t26fv7f2","previousOperationId":"2aacqtt1gjb4qlz"}
{"type":"operationStart","subtype":"scriptsAfterRender","name":"scripts afterRender","timestamp":1674753259626,"id":"87bn5voblkjs69d","previousEventId":"18g49sbh8timr8i","operationId":"10d523zjlyhkkmw","previousOperationId":"2aacqtt1gjb4qlz"}
{"type":"operationStart","subtype":"script","name":"scripts testing","previousOperationId":"10d523zjlyhkkmw","timestamp":1674753259626,"id":"zbh7b0kvormt704","previousEventId":"87bn5voblkjs69d","operationId":"zhaex05y1xthobg"}
{"type":"operationEnd","operationId":"zhaex05y1xthobg","timestamp":1674753261116,"id":"9hp7hkrumet7wnz","previousEventId":"18g49sbh8timr8i","previousOperationId":"2aacqtt1gjb4qlz"}
{"type":"operationEnd","operationId":"10d523zjlyhkkmw","timestamp":1674753261116,"id":"1joodoemg1n78cl","previousEventId":"9hp7hkrumet7wnz","previousOperationId":"2aacqtt1gjb4qlz"}
{"type":"log","timestamp":1674753261116,"level":"debug","message":"Skipping storing report.","meta":{"rootId":"1jvh40g7hkiooxk","id":"1jvh40g7hkiooxk"},"id":"v62ornz3otoxvl8","previousOperationId":"10d523zjlyhkkmw"}
{"type":"log","timestamp":1674753261117,"level":"info","message":"Rendering request 22 finished in 2496 ms","meta":{"rootId":"1jvh40g7hkiooxk","id":"1jvh40g7hkiooxk"},"id":"gcbjjvqc5wpy4yg","previousOperationId":"10d523zjlyhkkmw"}
{"type":"operationEnd","subtype":"render","operationId":"oq85zu6oqnlciaq","timestamp":1674753261117,"id":"ecjxb3f3da4va2v","previousEventId":"1joodoemg1n78cl","previousOperationId":"10d523zjlyhkkmw"}
{"type":"operationEnd","doDiffs":false,"previousEventId":"02sxr43j0alwr2d","previousOperationId":"gr535dx470jwloc","operationId":"gr535dx470jwloc","timestamp":1674753261120,"id":"g58uxinaf6djn9p"}
