{"type":"operationStart","subtype":"profile","data":{"_id":"Y2AAznlCuEwgSrNp","timestamp":"2023-01-26T18:22:27.280Z","state":"queued","mode":"standard","creationDate":"2023-01-26T18:22:27.284Z","modificationDate":"2023-01-26T18:22:27.284Z","shortid":"K6QWIjL","$entitySet":"profiles"},"doDiffs":false,"timestamp":1674757347283,"id":"fxuls3g6h50luu8","previousOperationId":null,"operationId":"3zjz5rfer4h6uxn"}
{"type":"log","level":"info","message":"Render request 4 queued for execution and waiting for available worker","previousOperationId":"3zjz5rfer4h6uxn","timestamp":1674757347284,"id":"mujt16o4uw3bs58"}
{"type":"operationStart","subtype":"render","name":"Data","previousOperationId":"3zjz5rfer4h6uxn","timestamp":1674757347296,"id":"ebs22o2ci9v5y60","previousEventId":"fxuls3g6h50luu8","operationId":"ryo6qrj5ztk46ay"}
{"type":"log","timestamp":1674757347296,"level":"info","message":"Starting rendering request 4","meta":{"rootId":"1puxfo6cf507ihl","id":"1puxfo6cf507ihl"},"id":"qca2miswnltjb78","previousOperationId":"ryo6qrj5ztk46ay"}
{"type":"log","timestamp":1674757347297,"level":"info","message":"Rendering template { name: Data, recipe: chrome-pdf, engine: handlebars, preview: true }","meta":{"rootId":"1puxfo6cf507ihl","id":"1puxfo6cf507ihl"},"id":"zl2blpbgmioeaaf","previousOperationId":"ryo6qrj5ztk46ay"}
{"type":"log","timestamp":1674757347297,"level":"debug","message":"Data item not defined for this template.","meta":{"rootId":"1puxfo6cf507ihl","id":"1puxfo6cf507ihl"},"id":"bb6iwgr34x2w90h","previousOperationId":"ryo6qrj5ztk46ay"}
{"type":"log","timestamp":1674757347299,"level":"debug","message":"Executing script testing (beforeRender)","meta":{"rootId":"1puxfo6cf507ihl","id":"1puxfo6cf507ihl"},"id":"vexi7se3nyfkdf1","previousOperationId":"ryo6qrj5ztk46ay"}
{"type":"operationStart","subtype":"scriptsBeforeRender","name":"scripts beforeRender","timestamp":1674757347352,"id":"g8iunt74fjnko4h","previousEventId":"ebs22o2ci9v5y60","operationId":"gsifcdeni886b8t","previousOperationId":"ryo6qrj5ztk46ay"}
{"type":"operationStart","subtype":"script","name":"scripts testing","previousOperationId":"gsifcdeni886b8t","timestamp":1674757347352,"id":"483ur71pkrlno82","previousEventId":"g8iunt74fjnko4h","operationId":"l2x8wnpvruw8zd7"}
{"type":"log","timestamp":1674757347562,"level":"debug","message":"(console:log) [ '2', '1', '3' ]","meta":{"userLevel":true,"rootId":"1puxfo6cf507ihl","id":"1puxfo6cf507ihl"},"id":"frronvkwdr0f00a","previousOperationId":"l2x8wnpvruw8zd7"}
{"type":"log","timestamp":1674757347562,"level":"debug","message":"(console:log) [ 'Arucas', 'Galdar', 'Teror' ]","meta":{"userLevel":true,"rootId":"1puxfo6cf507ihl","id":"1puxfo6cf507ihl"},"id":"k2tzpwexxfpdnuz","previousOperationId":"l2x8wnpvruw8zd7"}
{"type":"operationEnd","operationId":"l2x8wnpvruw8zd7","timestamp":1674757347929,"id":"15oi12anhh3k6dt","previousEventId":"ebs22o2ci9v5y60","previousOperationId":"ryo6qrj5ztk46ay"}
{"type":"operationEnd","operationId":"gsifcdeni886b8t","timestamp":1674757347929,"id":"hmgvuvt8qekmolw","previousEventId":"15oi12anhh3k6dt","previousOperationId":"ryo6qrj5ztk46ay"}
{"type":"log","timestamp":1674757347929,"level":"debug","message":"Base url not specified, skipping its injection.","meta":{"rootId":"1puxfo6cf507ihl","id":"1puxfo6cf507ihl"},"id":"2hep9qi9vxgpc8k","previousOperationId":"gsifcdeni886b8t"}
{"type":"operationStart","subtype":"engine","name":"handlebars","timestamp":1674757347929,"id":"4aayhr0nc279hcm","previousEventId":"hmgvuvt8qekmolw","operationId":"b9jpdhhwaiixo72","previousOperationId":"gsifcdeni886b8t"}
{"type":"log","timestamp":1674757347929,"level":"debug","message":"Rendering engine handlebars","meta":{"rootId":"1puxfo6cf507ihl","id":"1puxfo6cf507ihl"},"id":"mn9rncoe26w7t46","previousOperationId":"b9jpdhhwaiixo72"}
{"type":"operationEnd","operationId":"b9jpdhhwaiixo72","timestamp":1674757347942,"id":"4ldk9w99ia5emos","previousEventId":"4aayhr0nc279hcm","previousOperationId":"b9jpdhhwaiixo72"}
{"type":"operationStart","subtype":"recipe","name":"chrome-pdf","timestamp":1674757347942,"id":"a7l3g5c58f079w3","previousEventId":"4ldk9w99ia5emos","operationId":"5akai4j6axwo3x6","previousOperationId":"b9jpdhhwaiixo72"}
{"type":"log","timestamp":1674757347942,"level":"debug","message":"Executing recipe chrome-pdf","meta":{"rootId":"1puxfo6cf507ihl","id":"1puxfo6cf507ihl"},"id":"8fd3pmdkd8mefku","previousOperationId":"5akai4j6axwo3x6"}
{"type":"log","timestamp":1674757347945,"level":"debug","message":"Converting with chrome HeadlessChrome/105.0.5173.0 using chrome-pool strategy","meta":{"rootId":"1puxfo6cf507ihl","id":"1puxfo6cf507ihl"},"id":"4yhbcmkkhtdnumv","previousOperationId":"5akai4j6axwo3x6"}
{"type":"log","timestamp":1674757348025,"level":"debug","message":"Page request: GET (document) file:///C:/Users/Johan/AppData/Local/Temp/jsreport/autocleanup/64d08493-0615-4053-aea6-c62a93acdc6c-chrome-pdf.html","meta":{"rootId":"1puxfo6cf507ihl","id":"1puxfo6cf507ihl"},"id":"va0ojoowxha8vc6","previousOperationId":"5akai4j6axwo3x6"}
{"type":"log","timestamp":1674757348043,"level":"debug","message":"Page request finished: GET (document) 200 file:///C:/Users/Johan/AppData/Local/Temp/jsreport/autocleanup/64d08493-0615-4053-aea6-c62a93acdc6c-chrome-pdf.html","meta":{"rootId":"1puxfo6cf507ihl","id":"1puxfo6cf507ihl"},"id":"cveimqo1xyyadno","previousOperationId":"5akai4j6axwo3x6"}
{"type":"log","timestamp":1674757348043,"level":"debug","message":"Page request: GET (stylesheet) https://cdnjs.cloudflare.com/ajax/libs/metro/4.1.5/css/metro.min.css","meta":{"rootId":"1puxfo6cf507ihl","id":"1puxfo6cf507ihl"},"id":"xu9amt84ctcl2ax","previousOperationId":"5akai4j6axwo3x6"}
{"type":"log","timestamp":1674757348044,"level":"debug","message":"Page request: GET (stylesheet) https://cdnjs.cloudflare.com/ajax/libs/chartist/0.11.0/chartist.min.css","meta":{"rootId":"1puxfo6cf507ihl","id":"1puxfo6cf507ihl"},"id":"31zr7nvgv2ftwya","previousOperationId":"5akai4j6axwo3x6"}
{"type":"log","timestamp":1674757348044,"level":"debug","message":"Page request: GET (script) https://cdnjs.cloudflare.com/ajax/libs/chartist/0.11.0/chartist.min.js","meta":{"rootId":"1puxfo6cf507ihl","id":"1puxfo6cf507ihl"},"id":"283a7no0b5ww87s","previousOperationId":"5akai4j6axwo3x6"}
{"type":"log","timestamp":1674757348044,"level":"debug","message":"Page request: GET (script) https://unpkg.com/chartist-plugin-tooltips@0.0.17","meta":{"rootId":"1puxfo6cf507ihl","id":"1puxfo6cf507ihl"},"id":"whh15hur9lxi4x9","previousOperationId":"5akai4j6axwo3x6"}
{"type":"log","timestamp":1674757348045,"level":"debug","message":"Page request: GET (script) https://unpkg.com/chartist-plugin-pointlabels@0.0.6","meta":{"rootId":"1puxfo6cf507ihl","id":"1puxfo6cf507ihl"},"id":"qpp99z0kh5p4d2n","previousOperationId":"5akai4j6axwo3x6"}
{"type":"log","timestamp":1674757348050,"level":"debug","message":"Page request finished: GET (stylesheet) 200 https://cdnjs.cloudflare.com/ajax/libs/chartist/0.11.0/chartist.min.css","meta":{"rootId":"1puxfo6cf507ihl","id":"1puxfo6cf507ihl"},"id":"7ztcenld13599se","previousOperationId":"5akai4j6axwo3x6"}
{"type":"log","timestamp":1674757348052,"level":"warn","message":"Page request failed: GET (script) 302 https://unpkg.com/chartist-plugin-tooltips@0.0.17 (redirect to: /chartist-plugin-tooltips@0.0.17/dist/chartist-plugin-tooltip.js)","meta":{"rootId":"1puxfo6cf507ihl","id":"1puxfo6cf507ihl"},"id":"8can7jstm81c8g3","previousOperationId":"5akai4j6axwo3x6"}
{"type":"log","timestamp":1674757348052,"level":"debug","message":"Page request: GET (script) https://unpkg.com/chartist-plugin-tooltips@0.0.17/dist/chartist-plugin-tooltip.js (redirect from: https://unpkg.com/chartist-plugin-tooltips@0.0.17)","meta":{"rootId":"1puxfo6cf507ihl","id":"1puxfo6cf507ihl"},"id":"uhmg97xmy2nkfxu","previousOperationId":"5akai4j6axwo3x6"}
{"type":"log","timestamp":1674757348053,"level":"warn","message":"Page request failed: GET (script) 302 https://unpkg.com/chartist-plugin-pointlabels@0.0.6 (redirect to: /chartist-plugin-pointlabels@0.0.6/dist/chartist-plugin-pointlabels.js)","meta":{"rootId":"1puxfo6cf507ihl","id":"1puxfo6cf507ihl"},"id":"nlog6110ezfr4i6","previousOperationId":"5akai4j6axwo3x6"}
{"type":"log","timestamp":1674757348053,"level":"debug","message":"Page request finished: GET (script) 200 https://cdnjs.cloudflare.com/ajax/libs/chartist/0.11.0/chartist.min.js","meta":{"rootId":"1puxfo6cf507ihl","id":"1puxfo6cf507ihl"},"id":"ftclmdnppdpnl3d","previousOperationId":"5akai4j6axwo3x6"}
{"type":"log","timestamp":1674757348053,"level":"debug","message":"Page request: GET (script) https://unpkg.com/chartist-plugin-pointlabels@0.0.6/dist/chartist-plugin-pointlabels.js (redirect from: https://unpkg.com/chartist-plugin-pointlabels@0.0.6)","meta":{"rootId":"1puxfo6cf507ihl","id":"1puxfo6cf507ihl"},"id":"u9q2uxcreeicie3","previousOperationId":"5akai4j6axwo3x6"}
{"type":"log","timestamp":1674757348070,"level":"debug","message":"Page request finished: GET (stylesheet) 200 https://cdnjs.cloudflare.com/ajax/libs/metro/4.1.5/css/metro.min.css","meta":{"rootId":"1puxfo6cf507ihl","id":"1puxfo6cf507ihl"},"id":"6toz87rozgc0qs6","previousOperationId":"5akai4j6axwo3x6"}
{"type":"log","timestamp":1674757348072,"level":"debug","message":"Page request finished: GET (script) 200 https://unpkg.com/chartist-plugin-tooltips@0.0.17/dist/chartist-plugin-tooltip.js","meta":{"rootId":"1puxfo6cf507ihl","id":"1puxfo6cf507ihl"},"id":"tnxhpz9lgrf2tte","previousOperationId":"5akai4j6axwo3x6"}
{"type":"log","timestamp":1674757348073,"level":"debug","message":"Page request finished: GET (script) 200 https://unpkg.com/chartist-plugin-pointlabels@0.0.6/dist/chartist-plugin-pointlabels.js","meta":{"rootId":"1puxfo6cf507ihl","id":"1puxfo6cf507ihl"},"id":"xvqlvxtn5fhxeeq","previousOperationId":"5akai4j6axwo3x6"}
{"type":"log","timestamp":1674757348074,"level":"debug","message":"(console:log) Me he venido","meta":{"userLevel":true,"rootId":"1puxfo6cf507ihl","id":"1puxfo6cf507ihl"},"id":"pn64r3bum4epa25","previousOperationId":"5akai4j6axwo3x6"}
{"type":"log","timestamp":1674757348075,"level":"debug","message":"(console:log) JSHandle@array","meta":{"userLevel":true,"rootId":"1puxfo6cf507ihl","id":"1puxfo6cf507ihl"},"id":"wa66h9uf7qoti8l","previousOperationId":"5akai4j6axwo3x6"}
{"type":"log","timestamp":1674757348124,"level":"debug","message":"Running chrome with params {\"printBackground\":true,\"timeout\":59336,\"margin\":{}}","meta":{"rootId":"1puxfo6cf507ihl","id":"1puxfo6cf507ihl"},"id":"2i7n90xzx4xqzpz","previousOperationId":"5akai4j6axwo3x6"}
{"type":"operationEnd","operationId":"5akai4j6axwo3x6","timestamp":1674757348255,"id":"cgwp0sqhohhdbbs","previousEventId":"a7l3g5c58f079w3","previousOperationId":"5akai4j6axwo3x6"}
{"type":"log","timestamp":1674757348255,"level":"debug","message":"Executing script testing (afterRender)","meta":{"rootId":"1puxfo6cf507ihl","id":"1puxfo6cf507ihl"},"id":"1sxmk5ctkpxx0lw","previousOperationId":"5akai4j6axwo3x6"}
{"type":"operationStart","subtype":"scriptsAfterRender","name":"scripts afterRender","timestamp":1674757348262,"id":"pmyim6eou0p5hbx","previousEventId":"cgwp0sqhohhdbbs","operationId":"ue944w8li4vncmu","previousOperationId":"5akai4j6axwo3x6"}
{"type":"operationStart","subtype":"script","name":"scripts testing","previousOperationId":"ue944w8li4vncmu","timestamp":1674757348262,"id":"xp8zoxmtdpf7144","previousEventId":"pmyim6eou0p5hbx","operationId":"5mb937dno5sjjxh"}
{"type":"operationEnd","operationId":"5mb937dno5sjjxh","timestamp":1674757349275,"id":"exqk9ky9iq8lrw2","previousEventId":"cgwp0sqhohhdbbs","previousOperationId":"5akai4j6axwo3x6"}
{"type":"operationEnd","operationId":"ue944w8li4vncmu","timestamp":1674757349275,"id":"nliyqxc6hk6ut4p","previousEventId":"exqk9ky9iq8lrw2","previousOperationId":"5akai4j6axwo3x6"}
{"type":"log","timestamp":1674757349275,"level":"debug","message":"Skipping storing report.","meta":{"rootId":"1puxfo6cf507ihl","id":"1puxfo6cf507ihl"},"id":"p9zr3pxj5oiatjp","previousOperationId":"ue944w8li4vncmu"}
{"type":"log","timestamp":1674757349275,"level":"info","message":"Rendering request 4 finished in 1995 ms","meta":{"rootId":"1puxfo6cf507ihl","id":"1puxfo6cf507ihl"},"id":"bqzbfzaawess97z","previousOperationId":"ue944w8li4vncmu"}
{"type":"operationEnd","subtype":"render","operationId":"ryo6qrj5ztk46ay","timestamp":1674757349275,"id":"jpgqvfxd4c1d35a","previousEventId":"nliyqxc6hk6ut4p","previousOperationId":"ue944w8li4vncmu"}
{"type":"operationEnd","doDiffs":false,"previousEventId":"fxuls3g6h50luu8","previousOperationId":"3zjz5rfer4h6uxn","operationId":"3zjz5rfer4h6uxn","timestamp":1674757349281,"id":"k3vsz1qzws7mh4r"}
