{"type":"operationStart","subtype":"profile","data":{"_id":"25c4Z3CF6R52gC3L","timestamp":"2023-01-26T17:43:12.045Z","state":"queued","mode":"standard","creationDate":"2023-01-26T17:43:12.048Z","modificationDate":"2023-01-26T17:43:12.048Z","shortid":"wdjQUtU","$entitySet":"profiles"},"doDiffs":false,"timestamp":1674754992046,"id":"cpyvuuewrcluaae","previousOperationId":null,"operationId":"ramynvv7ifdb0e8"}
{"type":"log","level":"info","message":"Render request 1 queued for execution and waiting for available worker","previousOperationId":"ramynvv7ifdb0e8","timestamp":1674754992047,"id":"zkmh16xzqfsxdu9"}
{"type":"operationStart","subtype":"render","name":"Data","previousOperationId":"ramynvv7ifdb0e8","timestamp":1674754992075,"id":"vdh05oxzwq430bv","previousEventId":"cpyvuuewrcluaae","operationId":"ol240wy204zk8uq"}
{"type":"log","timestamp":1674754992076,"level":"info","message":"Starting rendering request 1","meta":{"rootId":"1w3vqa4jhubzrg8","id":"1w3vqa4jhubzrg8"},"id":"e6y85b56qj0um8n","previousOperationId":"ol240wy204zk8uq"}
{"type":"log","timestamp":1674754992078,"level":"info","message":"Rendering template { name: Data, recipe: chrome-pdf, engine: handlebars, preview: true }","meta":{"rootId":"1w3vqa4jhubzrg8","id":"1w3vqa4jhubzrg8"},"id":"xnmcs83ax6e3qrk","previousOperationId":"ol240wy204zk8uq"}
{"type":"log","timestamp":1674754992080,"level":"debug","message":"Data item not defined for this template.","meta":{"rootId":"1w3vqa4jhubzrg8","id":"1w3vqa4jhubzrg8"},"id":"2fuq3woeseoms8s","previousOperationId":"ol240wy204zk8uq"}
{"type":"log","timestamp":1674754992084,"level":"debug","message":"Executing script testing (beforeRender)","meta":{"rootId":"1w3vqa4jhubzrg8","id":"1w3vqa4jhubzrg8"},"id":"uluoet8cjassgxk","previousOperationId":"ol240wy204zk8uq"}
{"type":"operationStart","subtype":"scriptsBeforeRender","name":"scripts beforeRender","timestamp":1674754992403,"id":"azfmc0g61zr5x19","previousEventId":"vdh05oxzwq430bv","operationId":"kqbek5ohys3c5f1","previousOperationId":"ol240wy204zk8uq"}
{"type":"operationStart","subtype":"script","name":"scripts testing","previousOperationId":"kqbek5ohys3c5f1","timestamp":1674754992403,"id":"gqb8mvso75g0aqj","previousEventId":"azfmc0g61zr5x19","operationId":"uvdooc2xsr399d3"}
{"type":"log","timestamp":1674754992674,"level":"debug","message":"(console:log) [ '2', '1', '3' ]","meta":{"userLevel":true,"rootId":"1w3vqa4jhubzrg8","id":"1w3vqa4jhubzrg8"},"id":"wtciq48ispmtmc8","previousOperationId":"uvdooc2xsr399d3"}
{"type":"log","timestamp":1674754992674,"level":"debug","message":"(console:log) [ 'Arucas', 'Galdar', 'Teror' ]","meta":{"userLevel":true,"rootId":"1w3vqa4jhubzrg8","id":"1w3vqa4jhubzrg8"},"id":"ep5uj4rgc0txh95","previousOperationId":"uvdooc2xsr399d3"}
{"type":"operationEnd","operationId":"uvdooc2xsr399d3","timestamp":1674754993070,"id":"sd1aqiuqvnggeiu","previousEventId":"vdh05oxzwq430bv","previousOperationId":"ol240wy204zk8uq"}
{"type":"operationEnd","operationId":"kqbek5ohys3c5f1","timestamp":1674754993070,"id":"mwpwarrqhe6h3tx","previousEventId":"sd1aqiuqvnggeiu","previousOperationId":"ol240wy204zk8uq"}
{"type":"log","timestamp":1674754993070,"level":"debug","message":"Base url not specified, skipping its injection.","meta":{"rootId":"1w3vqa4jhubzrg8","id":"1w3vqa4jhubzrg8"},"id":"fstbs8kaqoyafyo","previousOperationId":"kqbek5ohys3c5f1"}
{"type":"operationStart","subtype":"engine","name":"handlebars","timestamp":1674754993071,"id":"hu5s7091xy77qak","previousEventId":"mwpwarrqhe6h3tx","operationId":"kzktffen6jwlzmm","previousOperationId":"kqbek5ohys3c5f1"}
{"type":"log","timestamp":1674754993071,"level":"debug","message":"Rendering engine handlebars","meta":{"rootId":"1w3vqa4jhubzrg8","id":"1w3vqa4jhubzrg8"},"id":"e1fmwl9m52e6b7f","previousOperationId":"kzktffen6jwlzmm"}
{"type":"operationEnd","operationId":"kzktffen6jwlzmm","timestamp":1674754993432,"id":"gk79oselr359jmd","previousEventId":"hu5s7091xy77qak","previousOperationId":"kzktffen6jwlzmm"}
{"type":"operationStart","subtype":"recipe","name":"chrome-pdf","timestamp":1674754993433,"id":"2828i03sddyes5e","previousEventId":"gk79oselr359jmd","operationId":"bztgfnjvu0odzun","previousOperationId":"kzktffen6jwlzmm"}
{"type":"log","timestamp":1674754993433,"level":"debug","message":"Executing recipe chrome-pdf","meta":{"rootId":"1w3vqa4jhubzrg8","id":"1w3vqa4jhubzrg8"},"id":"px60n6jdqdv29j8","previousOperationId":"bztgfnjvu0odzun"}
{"type":"log","timestamp":1674754993742,"level":"debug","message":"Converting with chrome HeadlessChrome/105.0.5173.0 using chrome-pool strategy","meta":{"rootId":"1w3vqa4jhubzrg8","id":"1w3vqa4jhubzrg8"},"id":"ztrlpuqobf9up1s","previousOperationId":"bztgfnjvu0odzun"}
{"type":"log","timestamp":1674754993895,"level":"debug","message":"Page request: GET (document) file:///C:/Users/Johan/AppData/Local/Temp/jsreport/autocleanup/2aeda89c-c9e9-4094-82c5-502328af6c13-chrome-pdf.html","meta":{"rootId":"1w3vqa4jhubzrg8","id":"1w3vqa4jhubzrg8"},"id":"gme9uw5qdbrkpi9","previousOperationId":"bztgfnjvu0odzun"}
{"type":"log","timestamp":1674754993918,"level":"debug","message":"Page request finished: GET (document) 200 file:///C:/Users/Johan/AppData/Local/Temp/jsreport/autocleanup/2aeda89c-c9e9-4094-82c5-502328af6c13-chrome-pdf.html","meta":{"rootId":"1w3vqa4jhubzrg8","id":"1w3vqa4jhubzrg8"},"id":"2b7sqawjc6c9hmj","previousOperationId":"bztgfnjvu0odzun"}
{"type":"log","timestamp":1674754993918,"level":"debug","message":"Page request: GET (stylesheet) https://cdnjs.cloudflare.com/ajax/libs/metro/4.1.5/css/metro.min.css","meta":{"rootId":"1w3vqa4jhubzrg8","id":"1w3vqa4jhubzrg8"},"id":"yotknrgnn8eu5c0","previousOperationId":"bztgfnjvu0odzun"}
{"type":"log","timestamp":1674754993918,"level":"debug","message":"Page request: GET (stylesheet) https://cdnjs.cloudflare.com/ajax/libs/chartist/0.11.0/chartist.min.css","meta":{"rootId":"1w3vqa4jhubzrg8","id":"1w3vqa4jhubzrg8"},"id":"rt56rhj3jjj5fhj","previousOperationId":"bztgfnjvu0odzun"}
{"type":"log","timestamp":1674754993918,"level":"debug","message":"Page request: GET (script) https://cdnjs.cloudflare.com/ajax/libs/chartist/0.11.0/chartist.min.js","meta":{"rootId":"1w3vqa4jhubzrg8","id":"1w3vqa4jhubzrg8"},"id":"8sxdygxtueemi14","previousOperationId":"bztgfnjvu0odzun"}
{"type":"log","timestamp":1674754993919,"level":"debug","message":"Page request: GET (script) https://unpkg.com/chartist-plugin-tooltips@0.0.17","meta":{"rootId":"1w3vqa4jhubzrg8","id":"1w3vqa4jhubzrg8"},"id":"zy163qs1pqlxggz","previousOperationId":"bztgfnjvu0odzun"}
{"type":"log","timestamp":1674754993920,"level":"debug","message":"Page request: GET (script) https://unpkg.com/chartist-plugin-pointlabels@0.0.6","meta":{"rootId":"1w3vqa4jhubzrg8","id":"1w3vqa4jhubzrg8"},"id":"aft76mlaxx35s6r","previousOperationId":"bztgfnjvu0odzun"}
{"type":"log","timestamp":1674754996431,"level":"debug","message":"Page request finished: GET (stylesheet) 200 https://cdnjs.cloudflare.com/ajax/libs/chartist/0.11.0/chartist.min.css","meta":{"rootId":"1w3vqa4jhubzrg8","id":"1w3vqa4jhubzrg8"},"id":"6qeqf7bmsyymuk4","previousOperationId":"bztgfnjvu0odzun"}
{"type":"log","timestamp":1674754996456,"level":"debug","message":"Page request finished: GET (script) 200 https://cdnjs.cloudflare.com/ajax/libs/chartist/0.11.0/chartist.min.js","meta":{"rootId":"1w3vqa4jhubzrg8","id":"1w3vqa4jhubzrg8"},"id":"0jhh5o76td2gyha","previousOperationId":"bztgfnjvu0odzun"}
{"type":"log","timestamp":1674754996460,"level":"warn","message":"Page request failed: GET (script) 302 https://unpkg.com/chartist-plugin-tooltips@0.0.17 (redirect to: /chartist-plugin-tooltips@0.0.17/dist/chartist-plugin-tooltip.js)","meta":{"rootId":"1w3vqa4jhubzrg8","id":"1w3vqa4jhubzrg8"},"id":"f7wyy67sx6dajvh","previousOperationId":"bztgfnjvu0odzun"}
{"type":"log","timestamp":1674754996460,"level":"warn","message":"Page request failed: GET (script) 302 https://unpkg.com/chartist-plugin-pointlabels@0.0.6 (redirect to: /chartist-plugin-pointlabels@0.0.6/dist/chartist-plugin-pointlabels.js)","meta":{"rootId":"1w3vqa4jhubzrg8","id":"1w3vqa4jhubzrg8"},"id":"i2151grtfyef7oy","previousOperationId":"bztgfnjvu0odzun"}
{"type":"log","timestamp":1674754996460,"level":"debug","message":"Page request: GET (script) https://unpkg.com/chartist-plugin-tooltips@0.0.17/dist/chartist-plugin-tooltip.js (redirect from: https://unpkg.com/chartist-plugin-tooltips@0.0.17)","meta":{"rootId":"1w3vqa4jhubzrg8","id":"1w3vqa4jhubzrg8"},"id":"bf813dbrn41djdg","previousOperationId":"bztgfnjvu0odzun"}
{"type":"log","timestamp":1674754996460,"level":"debug","message":"Page request: GET (script) https://unpkg.com/chartist-plugin-pointlabels@0.0.6/dist/chartist-plugin-pointlabels.js (redirect from: https://unpkg.com/chartist-plugin-pointlabels@0.0.6)","meta":{"rootId":"1w3vqa4jhubzrg8","id":"1w3vqa4jhubzrg8"},"id":"d2s7qowaospohgp","previousOperationId":"bztgfnjvu0odzun"}
{"type":"log","timestamp":1674754996502,"level":"debug","message":"Page request finished: GET (stylesheet) 200 https://cdnjs.cloudflare.com/ajax/libs/metro/4.1.5/css/metro.min.css","meta":{"rootId":"1w3vqa4jhubzrg8","id":"1w3vqa4jhubzrg8"},"id":"229cutgr07socxm","previousOperationId":"bztgfnjvu0odzun"}
{"type":"log","timestamp":1674754996516,"level":"debug","message":"Page request finished: GET (script) 200 https://unpkg.com/chartist-plugin-pointlabels@0.0.6/dist/chartist-plugin-pointlabels.js","meta":{"rootId":"1w3vqa4jhubzrg8","id":"1w3vqa4jhubzrg8"},"id":"jxx5oc2r6tk1pe6","previousOperationId":"bztgfnjvu0odzun"}
{"type":"log","timestamp":1674754996516,"level":"debug","message":"Page request finished: GET (script) 200 https://unpkg.com/chartist-plugin-tooltips@0.0.17/dist/chartist-plugin-tooltip.js","meta":{"rootId":"1w3vqa4jhubzrg8","id":"1w3vqa4jhubzrg8"},"id":"hj204zat04z19ke","previousOperationId":"bztgfnjvu0odzun"}
{"type":"log","timestamp":1674754996519,"level":"debug","message":"(console:log) Me he venido","meta":{"userLevel":true,"rootId":"1w3vqa4jhubzrg8","id":"1w3vqa4jhubzrg8"},"id":"udmyzfb1qf251a0","previousOperationId":"bztgfnjvu0odzun"}
{"type":"log","timestamp":1674754996520,"level":"warn","message":"Page error: ReferenceError: Arucas is not defined\n    at file:///C:/Users/Johan/AppData/Local/Temp/jsreport/autocleanup/2aeda89c-c9e9-4094-82c5-502328af6c13-chrome-pdf.html:54:28","meta":{"rootId":"1w3vqa4jhubzrg8","id":"1w3vqa4jhubzrg8"},"id":"8326urm4j2pj7im","previousOperationId":"bztgfnjvu0odzun"}
{"type":"log","timestamp":1674754996564,"level":"debug","message":"Running chrome with params {\"printBackground\":true,\"timeout\":58473,\"margin\":{}}","meta":{"rootId":"1w3vqa4jhubzrg8","id":"1w3vqa4jhubzrg8"},"id":"1bd19hx6uv15rlv","previousOperationId":"bztgfnjvu0odzun"}
{"type":"operationEnd","operationId":"bztgfnjvu0odzun","timestamp":1674754996676,"id":"z2s08cs6j14l0gt","previousEventId":"2828i03sddyes5e","previousOperationId":"bztgfnjvu0odzun"}
{"type":"log","timestamp":1674754996676,"level":"debug","message":"Executing script testing (afterRender)","meta":{"rootId":"1w3vqa4jhubzrg8","id":"1w3vqa4jhubzrg8"},"id":"lsclfdyu7btfm8u","previousOperationId":"bztgfnjvu0odzun"}
{"type":"operationStart","subtype":"scriptsAfterRender","name":"scripts afterRender","timestamp":1674754996688,"id":"88o0ewwpks92kkl","previousEventId":"z2s08cs6j14l0gt","operationId":"si4vfbmhhx611r0","previousOperationId":"bztgfnjvu0odzun"}
{"type":"operationStart","subtype":"script","name":"scripts testing","previousOperationId":"si4vfbmhhx611r0","timestamp":1674754996688,"id":"g1t3kaui6yce1zn","previousEventId":"88o0ewwpks92kkl","operationId":"0esh5w58w4jyfji"}
{"type":"operationEnd","operationId":"0esh5w58w4jyfji","timestamp":1674754997633,"id":"p7dv9a4w6y002dt","previousEventId":"z2s08cs6j14l0gt","previousOperationId":"bztgfnjvu0odzun"}
{"type":"operationEnd","operationId":"si4vfbmhhx611r0","timestamp":1674754997633,"id":"mpzywxaffxa32lh","previousEventId":"p7dv9a4w6y002dt","previousOperationId":"bztgfnjvu0odzun"}
{"type":"log","timestamp":1674754997633,"level":"debug","message":"Skipping storing report.","meta":{"rootId":"1w3vqa4jhubzrg8","id":"1w3vqa4jhubzrg8"},"id":"t3aytcp2bkjhpvt","previousOperationId":"si4vfbmhhx611r0"}
{"type":"log","timestamp":1674754997633,"level":"info","message":"Rendering request 1 finished in 5589 ms","meta":{"rootId":"1w3vqa4jhubzrg8","id":"1w3vqa4jhubzrg8"},"id":"oyjmlvb4byn0el5","previousOperationId":"si4vfbmhhx611r0"}
{"type":"operationEnd","subtype":"render","operationId":"ol240wy204zk8uq","timestamp":1674754997634,"id":"hntfr79ug3gi5ap","previousEventId":"mpzywxaffxa32lh","previousOperationId":"si4vfbmhhx611r0"}
{"type":"operationEnd","doDiffs":false,"previousEventId":"cpyvuuewrcluaae","previousOperationId":"ramynvv7ifdb0e8","operationId":"ramynvv7ifdb0e8","timestamp":1674754997639,"id":"ke3ljubbmo9zqa4"}
