{"type":"operationStart","subtype":"profile","data":{"_id":"plMQdQKRqe82DTRN","timestamp":"2023-01-26T15:32:30.019Z","state":"queued","mode":"standard","creationDate":"2023-01-26T15:32:30.022Z","modificationDate":"2023-01-26T15:32:30.022Z","shortid":"shh0uWU","$entitySet":"profiles"},"doDiffs":false,"timestamp":1674747150021,"id":"lg90t408n14eutk","previousOperationId":null,"operationId":"i8tbiy6feuofh3l"}
{"type":"log","level":"info","message":"Render request 21 queued for execution and waiting for available worker","previousOperationId":"i8tbiy6feuofh3l","timestamp":1674747150021,"id":"x1e47cruf5rt5yj"}
{"type":"operationStart","subtype":"render","name":"Data","previousOperationId":"i8tbiy6feuofh3l","timestamp":1674747150031,"id":"rgvjuy2c7axfyex","previousEventId":"lg90t408n14eutk","operationId":"02as2ptaxeyeno4"}
{"type":"log","timestamp":1674747150032,"level":"info","message":"Starting rendering request 21","meta":{"rootId":"1zhtrdj8zavhhdp","id":"1zhtrdj8zavhhdp"},"id":"uyxoialfrthyeud","previousOperationId":"02as2ptaxeyeno4"}
{"type":"log","timestamp":1674747150032,"level":"info","message":"Rendering template { name: Data, recipe: chrome-pdf, engine: handlebars, preview: true }","meta":{"rootId":"1zhtrdj8zavhhdp","id":"1zhtrdj8zavhhdp"},"id":"ak2xt2f7a7a0ceb","previousOperationId":"02as2ptaxeyeno4"}
{"type":"log","timestamp":1674747150033,"level":"debug","message":"Data item not defined for this template.","meta":{"rootId":"1zhtrdj8zavhhdp","id":"1zhtrdj8zavhhdp"},"id":"7m401x6pqnx3mge","previousOperationId":"02as2ptaxeyeno4"}
{"type":"log","timestamp":1674747150035,"level":"debug","message":"Executing script testing (beforeRender)","meta":{"rootId":"1zhtrdj8zavhhdp","id":"1zhtrdj8zavhhdp"},"id":"jdr5e0l7clgbn5b","previousOperationId":"02as2ptaxeyeno4"}
{"type":"operationStart","subtype":"scriptsBeforeRender","name":"scripts beforeRender","timestamp":1674747150095,"id":"qr1a7o55oe4bbbi","previousEventId":"rgvjuy2c7axfyex","operationId":"s52i763afdof3q7","previousOperationId":"02as2ptaxeyeno4"}
{"type":"operationStart","subtype":"script","name":"scripts testing","previousOperationId":"s52i763afdof3q7","timestamp":1674747150095,"id":"icx9gx50kkl7vzu","previousEventId":"qr1a7o55oe4bbbi","operationId":"4v4gdpnv1pq6ata"}
{"type":"log","timestamp":1674747150341,"level":"debug","message":"(console:log) { location_id: [ '58', '2', '59' ], repetition: [ '2', '3', '1' ] }","meta":{"userLevel":true,"rootId":"1zhtrdj8zavhhdp","id":"1zhtrdj8zavhhdp"},"id":"5vpatr0yx61bm1m","previousOperationId":"4v4gdpnv1pq6ata"}
{"type":"operationEnd","operationId":"4v4gdpnv1pq6ata","timestamp":1674747150743,"id":"gjgoy53xyfcvr39","previousEventId":"rgvjuy2c7axfyex","previousOperationId":"02as2ptaxeyeno4"}
{"type":"operationEnd","operationId":"s52i763afdof3q7","timestamp":1674747150743,"id":"gjjyi3ljnx893ns","previousEventId":"gjgoy53xyfcvr39","previousOperationId":"02as2ptaxeyeno4"}
{"type":"log","timestamp":1674747150743,"level":"debug","message":"Base url not specified, skipping its injection.","meta":{"rootId":"1zhtrdj8zavhhdp","id":"1zhtrdj8zavhhdp"},"id":"o3vjcp9oiqugjh2","previousOperationId":"s52i763afdof3q7"}
{"type":"operationStart","subtype":"engine","name":"handlebars","timestamp":1674747150743,"id":"51nr107iexq1400","previousEventId":"gjjyi3ljnx893ns","operationId":"9064ku4ox08xlcy","previousOperationId":"s52i763afdof3q7"}
{"type":"log","timestamp":1674747150743,"level":"debug","message":"Rendering engine handlebars","meta":{"rootId":"1zhtrdj8zavhhdp","id":"1zhtrdj8zavhhdp"},"id":"2sj7ukhtz7xc0wv","previousOperationId":"9064ku4ox08xlcy"}
{"type":"operationEnd","operationId":"9064ku4ox08xlcy","timestamp":1674747150755,"id":"117ikr19b94qdq5","previousEventId":"51nr107iexq1400","previousOperationId":"9064ku4ox08xlcy"}
{"type":"operationStart","subtype":"recipe","name":"chrome-pdf","timestamp":1674747150755,"id":"d2tts91orlcc7rj","previousEventId":"117ikr19b94qdq5","operationId":"copy97i395whjcy","previousOperationId":"9064ku4ox08xlcy"}
{"type":"log","timestamp":1674747150755,"level":"debug","message":"Executing recipe chrome-pdf","meta":{"rootId":"1zhtrdj8zavhhdp","id":"1zhtrdj8zavhhdp"},"id":"5ub80e5w6s3h1q2","previousOperationId":"copy97i395whjcy"}
{"type":"log","timestamp":1674747150761,"level":"debug","message":"Converting with chrome HeadlessChrome/105.0.5173.0 using chrome-pool strategy","meta":{"rootId":"1zhtrdj8zavhhdp","id":"1zhtrdj8zavhhdp"},"id":"o6b2ka2dr1but1p","previousOperationId":"copy97i395whjcy"}
{"type":"log","timestamp":1674747150858,"level":"debug","message":"Page request: GET (document) file:///C:/Users/Johan/AppData/Local/Temp/jsreport/autocleanup/78017965-b0f4-41c5-8cc2-33ca56cb69df-chrome-pdf.html","meta":{"rootId":"1zhtrdj8zavhhdp","id":"1zhtrdj8zavhhdp"},"id":"8s8xa1ytpl6yn8h","previousOperationId":"copy97i395whjcy"}
{"type":"log","timestamp":1674747150885,"level":"debug","message":"Page request finished: GET (document) 200 file:///C:/Users/Johan/AppData/Local/Temp/jsreport/autocleanup/78017965-b0f4-41c5-8cc2-33ca56cb69df-chrome-pdf.html","meta":{"rootId":"1zhtrdj8zavhhdp","id":"1zhtrdj8zavhhdp"},"id":"8hrsmu6dbd9cfb3","previousOperationId":"copy97i395whjcy"}
{"type":"log","timestamp":1674747150885,"level":"debug","message":"Page request: GET (stylesheet) https://cdnjs.cloudflare.com/ajax/libs/metro/4.1.5/css/metro.min.css","meta":{"rootId":"1zhtrdj8zavhhdp","id":"1zhtrdj8zavhhdp"},"id":"jv00lis18f4bd9z","previousOperationId":"copy97i395whjcy"}
{"type":"log","timestamp":1674747150886,"level":"debug","message":"Page request: GET (script) https://cdnjs.cloudflare.com/ajax/libs/Chart.js/2.7.2/Chart.min.js","meta":{"rootId":"1zhtrdj8zavhhdp","id":"1zhtrdj8zavhhdp"},"id":"dfcdd4l1h8mjeqw","previousOperationId":"copy97i395whjcy"}
{"type":"log","timestamp":1674747150886,"level":"debug","message":"Page request: GET (stylesheet) https://cdnjs.cloudflare.com/ajax/libs/chartist/0.11.0/chartist.min.css","meta":{"rootId":"1zhtrdj8zavhhdp","id":"1zhtrdj8zavhhdp"},"id":"5k2h4fk6r6rqyg6","previousOperationId":"copy97i395whjcy"}
{"type":"log","timestamp":1674747150887,"level":"debug","message":"Page request: GET (script) https://cdn.jsdelivr.net/npm/chart.js@2.9.3/dist/Chart.min.js","meta":{"rootId":"1zhtrdj8zavhhdp","id":"1zhtrdj8zavhhdp"},"id":"1021l5yjpdgljx9","previousOperationId":"copy97i395whjcy"}
{"type":"log","timestamp":1674747150894,"level":"debug","message":"Page request finished: GET (stylesheet) 200 https://cdnjs.cloudflare.com/ajax/libs/chartist/0.11.0/chartist.min.css","meta":{"rootId":"1zhtrdj8zavhhdp","id":"1zhtrdj8zavhhdp"},"id":"h2e134tdbptevu3","previousOperationId":"copy97i395whjcy"}
{"type":"log","timestamp":1674747150896,"level":"debug","message":"Page request finished: GET (script) 200 https://cdnjs.cloudflare.com/ajax/libs/Chart.js/2.7.2/Chart.min.js","meta":{"rootId":"1zhtrdj8zavhhdp","id":"1zhtrdj8zavhhdp"},"id":"vqv7a2wl6wm7e8n","previousOperationId":"copy97i395whjcy"}
{"type":"log","timestamp":1674747150896,"level":"debug","message":"Page request finished: GET (script) 200 https://cdn.jsdelivr.net/npm/chart.js@2.9.3/dist/Chart.min.js","meta":{"rootId":"1zhtrdj8zavhhdp","id":"1zhtrdj8zavhhdp"},"id":"82k5trnjnni8983","previousOperationId":"copy97i395whjcy"}
{"type":"log","timestamp":1674747150913,"level":"debug","message":"Page request finished: GET (stylesheet) 200 https://cdnjs.cloudflare.com/ajax/libs/metro/4.1.5/css/metro.min.css","meta":{"rootId":"1zhtrdj8zavhhdp","id":"1zhtrdj8zavhhdp"},"id":"w9mpqy7vjagwbmz","previousOperationId":"copy97i395whjcy"}
{"type":"log","timestamp":1674747150921,"level":"warn","message":"Page error: SyntaxError: Unexpected number","meta":{"rootId":"1zhtrdj8zavhhdp","id":"1zhtrdj8zavhhdp"},"id":"mieej1hzzvt4dsn","previousOperationId":"copy97i395whjcy"}
{"type":"log","timestamp":1674747150957,"level":"debug","message":"Running chrome with params {\"printBackground\":true,\"timeout\":59261,\"margin\":{}}","meta":{"rootId":"1zhtrdj8zavhhdp","id":"1zhtrdj8zavhhdp"},"id":"57vj0ah2l23ydco","previousOperationId":"copy97i395whjcy"}
{"type":"operationEnd","operationId":"copy97i395whjcy","timestamp":1674747151086,"id":"l4owvea1llgwn7h","previousEventId":"d2tts91orlcc7rj","previousOperationId":"copy97i395whjcy"}
{"type":"log","timestamp":1674747151086,"level":"debug","message":"Executing script testing (afterRender)","meta":{"rootId":"1zhtrdj8zavhhdp","id":"1zhtrdj8zavhhdp"},"id":"a1k58nok1i1lxty","previousOperationId":"copy97i395whjcy"}
{"type":"operationStart","subtype":"scriptsAfterRender","name":"scripts afterRender","timestamp":1674747151097,"id":"7y8yxwti9pirh5t","previousEventId":"l4owvea1llgwn7h","operationId":"1j5f46wbso6hxce","previousOperationId":"copy97i395whjcy"}
{"type":"operationStart","subtype":"script","name":"scripts testing","previousOperationId":"1j5f46wbso6hxce","timestamp":1674747151098,"id":"bi7chfc1gttijzb","previousEventId":"7y8yxwti9pirh5t","operationId":"h3ost6krldy68i5"}
{"type":"operationEnd","operationId":"h3ost6krldy68i5","timestamp":1674747152080,"id":"f0yqlii9xcxrwju","previousEventId":"l4owvea1llgwn7h","previousOperationId":"copy97i395whjcy"}
{"type":"operationEnd","operationId":"1j5f46wbso6hxce","timestamp":1674747152080,"id":"naopdo75gews9c7","previousEventId":"f0yqlii9xcxrwju","previousOperationId":"copy97i395whjcy"}
{"type":"log","timestamp":1674747152080,"level":"debug","message":"Skipping storing report.","meta":{"rootId":"1zhtrdj8zavhhdp","id":"1zhtrdj8zavhhdp"},"id":"mp9u6i713k11yf3","previousOperationId":"1j5f46wbso6hxce"}
{"type":"log","timestamp":1674747152080,"level":"info","message":"Rendering request 21 finished in 2061 ms","meta":{"rootId":"1zhtrdj8zavhhdp","id":"1zhtrdj8zavhhdp"},"id":"u0jw78v0lfyrl9t","previousOperationId":"1j5f46wbso6hxce"}
{"type":"operationEnd","subtype":"render","operationId":"02as2ptaxeyeno4","timestamp":1674747152080,"id":"y1obwmpnk0glo6s","previousEventId":"naopdo75gews9c7","previousOperationId":"1j5f46wbso6hxce"}
{"type":"operationEnd","doDiffs":false,"previousEventId":"lg90t408n14eutk","previousOperationId":"i8tbiy6feuofh3l","operationId":"i8tbiy6feuofh3l","timestamp":1674747152084,"id":"rsvgryc1vfxcg7l"}
