{"type":"operationStart","subtype":"profile","data":{"_id":"gJrQWSEoQjglOIAB","timestamp":"2023-01-26T15:48:09.888Z","state":"queued","mode":"standard","creationDate":"2023-01-26T15:48:09.891Z","modificationDate":"2023-01-26T15:48:09.891Z","shortid":"jkVgzqK","$entitySet":"profiles"},"doDiffs":false,"timestamp":1674748089889,"id":"bksrm226rb2xl5f","previousOperationId":null,"operationId":"65nsets8i0gb88h"}
{"type":"log","level":"info","message":"Render request 44 queued for execution and waiting for available worker","previousOperationId":"65nsets8i0gb88h","timestamp":1674748089889,"id":"rhk3mf13efesq9o"}
{"type":"operationStart","subtype":"render","name":"Data","previousOperationId":"65nsets8i0gb88h","timestamp":1674748089899,"id":"7v7y2c14scnmyme","previousEventId":"bksrm226rb2xl5f","operationId":"77my4181crctm1h"}
{"type":"log","timestamp":1674748089899,"level":"info","message":"Starting rendering request 44","meta":{"rootId":"20ov8d30cuz9dv3","id":"20ov8d30cuz9dv3"},"id":"f00pg3lvnwhn06u","previousOperationId":"77my4181crctm1h"}
{"type":"log","timestamp":1674748089900,"level":"info","message":"Rendering template { name: Data, recipe: chrome-pdf, engine: handlebars, preview: true }","meta":{"rootId":"20ov8d30cuz9dv3","id":"20ov8d30cuz9dv3"},"id":"y3owhngp2i4prrm","previousOperationId":"77my4181crctm1h"}
{"type":"log","timestamp":1674748089901,"level":"debug","message":"Data item not defined for this template.","meta":{"rootId":"20ov8d30cuz9dv3","id":"20ov8d30cuz9dv3"},"id":"04gaz11wbgykcgl","previousOperationId":"77my4181crctm1h"}
{"type":"log","timestamp":1674748089903,"level":"debug","message":"Executing script testing (beforeRender)","meta":{"rootId":"20ov8d30cuz9dv3","id":"20ov8d30cuz9dv3"},"id":"ankh82a3jxu1tqs","previousOperationId":"77my4181crctm1h"}
{"type":"operationStart","subtype":"scriptsBeforeRender","name":"scripts beforeRender","timestamp":1674748089950,"id":"43610a592cna1sn","previousEventId":"7v7y2c14scnmyme","operationId":"zw0c17abha8hi3d","previousOperationId":"77my4181crctm1h"}
{"type":"operationStart","subtype":"script","name":"scripts testing","previousOperationId":"zw0c17abha8hi3d","timestamp":1674748089950,"id":"0u3f5g0udeu6odq","previousEventId":"43610a592cna1sn","operationId":"tm0g1et7q4ju4dm"}
{"type":"log","timestamp":1674748090178,"level":"debug","message":"(console:log) { location_id: [ '58', '2', '59' ], repetition: [ '2', '3', '1' ] }","meta":{"userLevel":true,"rootId":"20ov8d30cuz9dv3","id":"20ov8d30cuz9dv3"},"id":"h8onsws5x9e6xoi","previousOperationId":"tm0g1et7q4ju4dm"}
{"type":"operationEnd","operationId":"tm0g1et7q4ju4dm","timestamp":1674748090572,"id":"9904n9bfh315w4q","previousEventId":"7v7y2c14scnmyme","previousOperationId":"77my4181crctm1h"}
{"type":"operationEnd","operationId":"zw0c17abha8hi3d","timestamp":1674748090572,"id":"bqbihxaax6755xu","previousEventId":"9904n9bfh315w4q","previousOperationId":"77my4181crctm1h"}
{"type":"log","timestamp":1674748090572,"level":"debug","message":"Base url not specified, skipping its injection.","meta":{"rootId":"20ov8d30cuz9dv3","id":"20ov8d30cuz9dv3"},"id":"fphnarqej04ucyp","previousOperationId":"zw0c17abha8hi3d"}
{"type":"operationStart","subtype":"engine","name":"handlebars","timestamp":1674748090573,"id":"40dosgedruafwm7","previousEventId":"bqbihxaax6755xu","operationId":"v0jqbbxbmxd1f59","previousOperationId":"zw0c17abha8hi3d"}
{"type":"log","timestamp":1674748090573,"level":"debug","message":"Rendering engine handlebars","meta":{"rootId":"20ov8d30cuz9dv3","id":"20ov8d30cuz9dv3"},"id":"uwhbzbqybehphkx","previousOperationId":"v0jqbbxbmxd1f59"}
{"type":"operationEnd","operationId":"v0jqbbxbmxd1f59","timestamp":1674748090583,"id":"ee6xr491dflpgf5","previousEventId":"40dosgedruafwm7","previousOperationId":"v0jqbbxbmxd1f59"}
{"type":"operationStart","subtype":"recipe","name":"chrome-pdf","timestamp":1674748090583,"id":"579ifm9box07aqf","previousEventId":"ee6xr491dflpgf5","operationId":"yjfzd07tbgsuyec","previousOperationId":"v0jqbbxbmxd1f59"}
{"type":"log","timestamp":1674748090584,"level":"debug","message":"Executing recipe chrome-pdf","meta":{"rootId":"20ov8d30cuz9dv3","id":"20ov8d30cuz9dv3"},"id":"fc28cmh70rrchp7","previousOperationId":"yjfzd07tbgsuyec"}
{"type":"log","timestamp":1674748090586,"level":"debug","message":"Converting with chrome HeadlessChrome/105.0.5173.0 using chrome-pool strategy","meta":{"rootId":"20ov8d30cuz9dv3","id":"20ov8d30cuz9dv3"},"id":"3qxczl4q3o5o5pu","previousOperationId":"yjfzd07tbgsuyec"}
{"type":"log","timestamp":1674748090687,"level":"debug","message":"Page request: GET (document) file:///C:/Users/Johan/AppData/Local/Temp/jsreport/autocleanup/056607d2-983d-485e-8133-24a3a4642fa2-chrome-pdf.html","meta":{"rootId":"20ov8d30cuz9dv3","id":"20ov8d30cuz9dv3"},"id":"55y1fj0g4rt3cd8","previousOperationId":"yjfzd07tbgsuyec"}
{"type":"log","timestamp":1674748090713,"level":"debug","message":"Page request finished: GET (document) 200 file:///C:/Users/Johan/AppData/Local/Temp/jsreport/autocleanup/056607d2-983d-485e-8133-24a3a4642fa2-chrome-pdf.html","meta":{"rootId":"20ov8d30cuz9dv3","id":"20ov8d30cuz9dv3"},"id":"k119b4tky2eaa9l","previousOperationId":"yjfzd07tbgsuyec"}
{"type":"log","timestamp":1674748090713,"level":"debug","message":"Page request: GET (stylesheet) https://cdnjs.cloudflare.com/ajax/libs/metro/4.1.5/css/metro.min.css","meta":{"rootId":"20ov8d30cuz9dv3","id":"20ov8d30cuz9dv3"},"id":"azisdhufv6cl5ru","previousOperationId":"yjfzd07tbgsuyec"}
{"type":"log","timestamp":1674748090714,"level":"debug","message":"Page request: GET (script) https://cdnjs.cloudflare.com/ajax/libs/Chart.js/2.7.2/Chart.min.js","meta":{"rootId":"20ov8d30cuz9dv3","id":"20ov8d30cuz9dv3"},"id":"hzusp4vy01hha3w","previousOperationId":"yjfzd07tbgsuyec"}
{"type":"log","timestamp":1674748090714,"level":"debug","message":"Page request: GET (stylesheet) https://cdnjs.cloudflare.com/ajax/libs/chartist/0.11.0/chartist.min.css","meta":{"rootId":"20ov8d30cuz9dv3","id":"20ov8d30cuz9dv3"},"id":"oke153artbx8xv0","previousOperationId":"yjfzd07tbgsuyec"}
{"type":"log","timestamp":1674748090715,"level":"debug","message":"Page request: GET (script) https://cdn.jsdelivr.net/npm/chart.js@2.9.3/dist/Chart.min.js","meta":{"rootId":"20ov8d30cuz9dv3","id":"20ov8d30cuz9dv3"},"id":"cy08i12tt3355z4","previousOperationId":"yjfzd07tbgsuyec"}
{"type":"log","timestamp":1674748090724,"level":"debug","message":"Page request finished: GET (stylesheet) 200 https://cdnjs.cloudflare.com/ajax/libs/chartist/0.11.0/chartist.min.css","meta":{"rootId":"20ov8d30cuz9dv3","id":"20ov8d30cuz9dv3"},"id":"yj4ep6genub5nee","previousOperationId":"yjfzd07tbgsuyec"}
{"type":"log","timestamp":1674748090726,"level":"debug","message":"Page request finished: GET (script) 200 https://cdnjs.cloudflare.com/ajax/libs/Chart.js/2.7.2/Chart.min.js","meta":{"rootId":"20ov8d30cuz9dv3","id":"20ov8d30cuz9dv3"},"id":"jvf20izxwgy6oa1","previousOperationId":"yjfzd07tbgsuyec"}
{"type":"log","timestamp":1674748090726,"level":"debug","message":"Page request finished: GET (script) 200 https://cdn.jsdelivr.net/npm/chart.js@2.9.3/dist/Chart.min.js","meta":{"rootId":"20ov8d30cuz9dv3","id":"20ov8d30cuz9dv3"},"id":"29iilncmmrawyor","previousOperationId":"yjfzd07tbgsuyec"}
{"type":"log","timestamp":1674748090741,"level":"debug","message":"Page request finished: GET (stylesheet) 200 https://cdnjs.cloudflare.com/ajax/libs/metro/4.1.5/css/metro.min.css","meta":{"rootId":"20ov8d30cuz9dv3","id":"20ov8d30cuz9dv3"},"id":"hn2td4x1ghxoruc","previousOperationId":"yjfzd07tbgsuyec"}
{"type":"log","timestamp":1674748090753,"level":"debug","message":"(console:log) Me he venido","meta":{"userLevel":true,"rootId":"20ov8d30cuz9dv3","id":"20ov8d30cuz9dv3"},"id":"xeeyapgvy9intn4","previousOperationId":"yjfzd07tbgsuyec"}
{"type":"log","timestamp":1674748090824,"level":"debug","message":"Running chrome with params {\"printBackground\":true,\"timeout\":59302,\"margin\":{}}","meta":{"rootId":"20ov8d30cuz9dv3","id":"20ov8d30cuz9dv3"},"id":"qv78q14glt0crlx","previousOperationId":"yjfzd07tbgsuyec"}
{"type":"operationEnd","operationId":"yjfzd07tbgsuyec","timestamp":1674748090944,"id":"53w3qm9n7lpynot","previousEventId":"579ifm9box07aqf","previousOperationId":"yjfzd07tbgsuyec"}
{"type":"log","timestamp":1674748090944,"level":"debug","message":"Executing script testing (afterRender)","meta":{"rootId":"20ov8d30cuz9dv3","id":"20ov8d30cuz9dv3"},"id":"a6w0t37u61a17tp","previousOperationId":"yjfzd07tbgsuyec"}
{"type":"operationStart","subtype":"scriptsAfterRender","name":"scripts afterRender","timestamp":1674748090956,"id":"o748yx2jyrgew2x","previousEventId":"53w3qm9n7lpynot","operationId":"72a69n213jgknvz","previousOperationId":"yjfzd07tbgsuyec"}
{"type":"operationStart","subtype":"script","name":"scripts testing","previousOperationId":"72a69n213jgknvz","timestamp":1674748090956,"id":"qg7nqi9ql70vemh","previousEventId":"o748yx2jyrgew2x","operationId":"57akby9h5kzs7jk"}
{"type":"operationEnd","operationId":"57akby9h5kzs7jk","timestamp":1674748092005,"id":"4i7b5myc7igynye","previousEventId":"53w3qm9n7lpynot","previousOperationId":"yjfzd07tbgsuyec"}
{"type":"operationEnd","operationId":"72a69n213jgknvz","timestamp":1674748092005,"id":"ukt2ffs8e7krbql","previousEventId":"4i7b5myc7igynye","previousOperationId":"yjfzd07tbgsuyec"}
{"type":"log","timestamp":1674748092005,"level":"debug","message":"Skipping storing report.","meta":{"rootId":"20ov8d30cuz9dv3","id":"20ov8d30cuz9dv3"},"id":"fp5mvk8sdmpjn7l","previousOperationId":"72a69n213jgknvz"}
{"type":"log","timestamp":1674748092005,"level":"info","message":"Rendering request 44 finished in 2117 ms","meta":{"rootId":"20ov8d30cuz9dv3","id":"20ov8d30cuz9dv3"},"id":"5f0wpus8k0acs7w","previousOperationId":"72a69n213jgknvz"}
{"type":"operationEnd","subtype":"render","operationId":"77my4181crctm1h","timestamp":1674748092005,"id":"ebg4cgtgqmzvv44","previousEventId":"ukt2ffs8e7krbql","previousOperationId":"72a69n213jgknvz"}
{"type":"operationEnd","doDiffs":false,"previousEventId":"bksrm226rb2xl5f","previousOperationId":"65nsets8i0gb88h","operationId":"65nsets8i0gb88h","timestamp":1674748092009,"id":"dvlq7jg3zzxhsev"}
