{"type":"operationStart","subtype":"profile","data":{"_id":"rxjd7pWsYV9XS4yL","timestamp":"2023-01-26T18:30:41.603Z","state":"queued","mode":"standard","creationDate":"2023-01-26T18:30:41.607Z","modificationDate":"2023-01-26T18:30:41.607Z","shortid":"Diij_oH","$entitySet":"profiles"},"doDiffs":false,"timestamp":1674757841604,"id":"s09warrxguobvn3","previousOperationId":null,"operationId":"jvne70zbh6p2uap"}
{"type":"log","level":"info","message":"Render request 17 queued for execution and waiting for available worker","previousOperationId":"jvne70zbh6p2uap","timestamp":1674757841605,"id":"xx3g1odhhqzltrc"}
{"type":"operationStart","subtype":"render","name":"Data","previousOperationId":"jvne70zbh6p2uap","timestamp":1674757841616,"id":"kfqzv5pnwjqhurr","previousEventId":"s09warrxguobvn3","operationId":"go4b5bb1qtg5wy1"}
{"type":"log","timestamp":1674757841616,"level":"info","message":"Starting rendering request 17","meta":{"rootId":"21lpm8smhwnt9j1","id":"21lpm8smhwnt9j1"},"id":"ruv7u24lbulwvv9","previousOperationId":"go4b5bb1qtg5wy1"}
{"type":"log","timestamp":1674757841616,"level":"info","message":"Rendering template { name: Data, recipe: chrome-pdf, engine: handlebars, preview: true }","meta":{"rootId":"21lpm8smhwnt9j1","id":"21lpm8smhwnt9j1"},"id":"il5v8pa4raypsfy","previousOperationId":"go4b5bb1qtg5wy1"}
{"type":"log","timestamp":1674757841617,"level":"debug","message":"Data item not defined for this template.","meta":{"rootId":"21lpm8smhwnt9j1","id":"21lpm8smhwnt9j1"},"id":"wuxbyfbnrnrhcij","previousOperationId":"go4b5bb1qtg5wy1"}
{"type":"log","timestamp":1674757841618,"level":"debug","message":"Executing script testing (beforeRender)","meta":{"rootId":"21lpm8smhwnt9j1","id":"21lpm8smhwnt9j1"},"id":"e8py2tn3ssw189y","previousOperationId":"go4b5bb1qtg5wy1"}
{"type":"operationStart","subtype":"scriptsBeforeRender","name":"scripts beforeRender","timestamp":1674757841665,"id":"5gpmbwzlaonu6a0","previousEventId":"kfqzv5pnwjqhurr","operationId":"ez6u6norv5xcxqi","previousOperationId":"go4b5bb1qtg5wy1"}
{"type":"operationStart","subtype":"script","name":"scripts testing","previousOperationId":"ez6u6norv5xcxqi","timestamp":1674757841665,"id":"8i909zb3x145m7v","previousEventId":"5gpmbwzlaonu6a0","operationId":"ru4w4ulmi3kx4ue"}
{"type":"log","timestamp":1674757841900,"level":"debug","message":"(console:log) Sin cuidado: 2,1,3","meta":{"userLevel":true,"rootId":"21lpm8smhwnt9j1","id":"21lpm8smhwnt9j1"},"id":"jxmd2beyb4rpy9h","previousOperationId":"ru4w4ulmi3kx4ue"}
{"type":"log","timestamp":1674757841900,"level":"debug","message":"(console:log) Sin cuidado: Arucas,Galdar,Teror","meta":{"userLevel":true,"rootId":"21lpm8smhwnt9j1","id":"21lpm8smhwnt9j1"},"id":"rt2xrlc0bn0wyma","previousOperationId":"ru4w4ulmi3kx4ue"}
{"type":"operationEnd","operationId":"ru4w4ulmi3kx4ue","timestamp":1674757842303,"id":"s9c78tz64ftikga","previousEventId":"kfqzv5pnwjqhurr","previousOperationId":"go4b5bb1qtg5wy1"}
{"type":"operationEnd","operationId":"ez6u6norv5xcxqi","timestamp":1674757842303,"id":"9m5ic8vf5kr2a0n","previousEventId":"s9c78tz64ftikga","previousOperationId":"go4b5bb1qtg5wy1"}
{"type":"log","timestamp":1674757842303,"level":"debug","message":"Base url not specified, skipping its injection.","meta":{"rootId":"21lpm8smhwnt9j1","id":"21lpm8smhwnt9j1"},"id":"vc2aa84w25ly25a","previousOperationId":"ez6u6norv5xcxqi"}
{"type":"operationStart","subtype":"engine","name":"handlebars","timestamp":1674757842303,"id":"l13fgrhbwcor0a6","previousEventId":"9m5ic8vf5kr2a0n","operationId":"uixle4m6qs4hcaf","previousOperationId":"ez6u6norv5xcxqi"}
{"type":"log","timestamp":1674757842303,"level":"debug","message":"Rendering engine handlebars","meta":{"rootId":"21lpm8smhwnt9j1","id":"21lpm8smhwnt9j1"},"id":"vkry10dw1nxkodp","previousOperationId":"uixle4m6qs4hcaf"}
{"type":"operationEnd","operationId":"uixle4m6qs4hcaf","timestamp":1674757842312,"id":"5ekah97qbja6iup","previousEventId":"l13fgrhbwcor0a6","previousOperationId":"uixle4m6qs4hcaf"}
{"type":"operationStart","subtype":"recipe","name":"chrome-pdf","timestamp":1674757842312,"id":"wmmcrorcibcvwie","previousEventId":"5ekah97qbja6iup","operationId":"n283g8ndwo63wp5","previousOperationId":"uixle4m6qs4hcaf"}
{"type":"log","timestamp":1674757842312,"level":"debug","message":"Executing recipe chrome-pdf","meta":{"rootId":"21lpm8smhwnt9j1","id":"21lpm8smhwnt9j1"},"id":"nxnvf2h2d3emknb","previousOperationId":"n283g8ndwo63wp5"}
{"type":"log","timestamp":1674757842315,"level":"debug","message":"Converting with chrome HeadlessChrome/105.0.5173.0 using chrome-pool strategy","meta":{"rootId":"21lpm8smhwnt9j1","id":"21lpm8smhwnt9j1"},"id":"gj4tyr2fgghozzl","previousOperationId":"n283g8ndwo63wp5"}
{"type":"log","timestamp":1674757842394,"level":"debug","message":"Page request: GET (document) file:///C:/Users/Johan/AppData/Local/Temp/jsreport/autocleanup/461a8e6f-75c2-45f7-8977-cb6b07c44f03-chrome-pdf.html","meta":{"rootId":"21lpm8smhwnt9j1","id":"21lpm8smhwnt9j1"},"id":"d9v4c4qsirnyvcv","previousOperationId":"n283g8ndwo63wp5"}
{"type":"log","timestamp":1674757842420,"level":"debug","message":"Page request: GET (stylesheet) https://cdnjs.cloudflare.com/ajax/libs/metro/4.1.5/css/metro.min.css","meta":{"rootId":"21lpm8smhwnt9j1","id":"21lpm8smhwnt9j1"},"id":"tyxoxr84sletc83","previousOperationId":"n283g8ndwo63wp5"}
{"type":"log","timestamp":1674757842420,"level":"debug","message":"Page request: GET (stylesheet) https://cdnjs.cloudflare.com/ajax/libs/chartist/0.11.0/chartist.min.css","meta":{"rootId":"21lpm8smhwnt9j1","id":"21lpm8smhwnt9j1"},"id":"4ibzpzepe4w0tgc","previousOperationId":"n283g8ndwo63wp5"}
{"type":"log","timestamp":1674757842420,"level":"debug","message":"Page request: GET (script) https://cdnjs.cloudflare.com/ajax/libs/chartist/0.11.0/chartist.min.js","meta":{"rootId":"21lpm8smhwnt9j1","id":"21lpm8smhwnt9j1"},"id":"rwht357ehggm8pq","previousOperationId":"n283g8ndwo63wp5"}
{"type":"log","timestamp":1674757842420,"level":"debug","message":"Page request: GET (script) https://unpkg.com/chartist-plugin-tooltips@0.0.17","meta":{"rootId":"21lpm8smhwnt9j1","id":"21lpm8smhwnt9j1"},"id":"4888uc7me0fcxs0","previousOperationId":"n283g8ndwo63wp5"}
{"type":"log","timestamp":1674757842421,"level":"debug","message":"Page request finished: GET (document) 200 file:///C:/Users/Johan/AppData/Local/Temp/jsreport/autocleanup/461a8e6f-75c2-45f7-8977-cb6b07c44f03-chrome-pdf.html","meta":{"rootId":"21lpm8smhwnt9j1","id":"21lpm8smhwnt9j1"},"id":"w4nnobdu8dlsj8l","previousOperationId":"n283g8ndwo63wp5"}
{"type":"log","timestamp":1674757842422,"level":"debug","message":"Page request: GET (script) https://unpkg.com/chartist-plugin-pointlabels@0.0.6","meta":{"rootId":"21lpm8smhwnt9j1","id":"21lpm8smhwnt9j1"},"id":"mdelt6sbo1qrxaz","previousOperationId":"n283g8ndwo63wp5"}
{"type":"log","timestamp":1674757842425,"level":"warn","message":"Page request failed: GET (script) 302 https://unpkg.com/chartist-plugin-tooltips@0.0.17 (redirect to: /chartist-plugin-tooltips@0.0.17/dist/chartist-plugin-tooltip.js)","meta":{"rootId":"21lpm8smhwnt9j1","id":"21lpm8smhwnt9j1"},"id":"heb9v210epzyxlc","previousOperationId":"n283g8ndwo63wp5"}
{"type":"log","timestamp":1674757842426,"level":"debug","message":"Page request: GET (script) https://unpkg.com/chartist-plugin-tooltips@0.0.17/dist/chartist-plugin-tooltip.js (redirect from: https://unpkg.com/chartist-plugin-tooltips@0.0.17)","meta":{"rootId":"21lpm8smhwnt9j1","id":"21lpm8smhwnt9j1"},"id":"kttcz4jzie2c2lo","previousOperationId":"n283g8ndwo63wp5"}
{"type":"log","timestamp":1674757842428,"level":"debug","message":"Page request finished: GET (stylesheet) 200 https://cdnjs.cloudflare.com/ajax/libs/chartist/0.11.0/chartist.min.css","meta":{"rootId":"21lpm8smhwnt9j1","id":"21lpm8smhwnt9j1"},"id":"bsqix96wz26il54","previousOperationId":"n283g8ndwo63wp5"}
{"type":"log","timestamp":1674757842429,"level":"debug","message":"Page request finished: GET (script) 200 https://cdnjs.cloudflare.com/ajax/libs/chartist/0.11.0/chartist.min.js","meta":{"rootId":"21lpm8smhwnt9j1","id":"21lpm8smhwnt9j1"},"id":"bl8624s3q04eaqa","previousOperationId":"n283g8ndwo63wp5"}
{"type":"log","timestamp":1674757842429,"level":"warn","message":"Page request failed: GET (script) 302 https://unpkg.com/chartist-plugin-pointlabels@0.0.6 (redirect to: /chartist-plugin-pointlabels@0.0.6/dist/chartist-plugin-pointlabels.js)","meta":{"rootId":"21lpm8smhwnt9j1","id":"21lpm8smhwnt9j1"},"id":"p0lxt6ngitoj8o3","previousOperationId":"n283g8ndwo63wp5"}
{"type":"log","timestamp":1674757842429,"level":"debug","message":"Page request: GET (script) https://unpkg.com/chartist-plugin-pointlabels@0.0.6/dist/chartist-plugin-pointlabels.js (redirect from: https://unpkg.com/chartist-plugin-pointlabels@0.0.6)","meta":{"rootId":"21lpm8smhwnt9j1","id":"21lpm8smhwnt9j1"},"id":"kgycpurnr4wt7d4","previousOperationId":"n283g8ndwo63wp5"}
{"type":"log","timestamp":1674757842447,"level":"debug","message":"Page request finished: GET (stylesheet) 200 https://cdnjs.cloudflare.com/ajax/libs/metro/4.1.5/css/metro.min.css","meta":{"rootId":"21lpm8smhwnt9j1","id":"21lpm8smhwnt9j1"},"id":"a5nqe28ol1hsv2e","previousOperationId":"n283g8ndwo63wp5"}
{"type":"log","timestamp":1674757842449,"level":"debug","message":"Page request finished: GET (script) 200 https://unpkg.com/chartist-plugin-tooltips@0.0.17/dist/chartist-plugin-tooltip.js","meta":{"rootId":"21lpm8smhwnt9j1","id":"21lpm8smhwnt9j1"},"id":"t2abosxgr1th0fq","previousOperationId":"n283g8ndwo63wp5"}
{"type":"log","timestamp":1674757842449,"level":"debug","message":"Page request finished: GET (script) 200 https://unpkg.com/chartist-plugin-pointlabels@0.0.6/dist/chartist-plugin-pointlabels.js","meta":{"rootId":"21lpm8smhwnt9j1","id":"21lpm8smhwnt9j1"},"id":"tcjzysnhyo72840","previousOperationId":"n283g8ndwo63wp5"}
{"type":"log","timestamp":1674757842450,"level":"debug","message":"(console:log) Me he venido","meta":{"userLevel":true,"rootId":"21lpm8smhwnt9j1","id":"21lpm8smhwnt9j1"},"id":"pnr1e75b6e9dte3","previousOperationId":"n283g8ndwo63wp5"}
{"type":"log","timestamp":1674757842451,"level":"debug","message":"(console:log) Cuidado: 2,1,3","meta":{"userLevel":true,"rootId":"21lpm8smhwnt9j1","id":"21lpm8smhwnt9j1"},"id":"vwyw1nmlijjd9ze","previousOperationId":"n283g8ndwo63wp5"}
{"type":"log","timestamp":1674757842451,"level":"warn","message":"Page error: ReferenceError: repetitionsName is not defined\n    at file:///C:/Users/Johan/AppData/Local/Temp/jsreport/autocleanup/461a8e6f-75c2-45f7-8977-cb6b07c44f03-chrome-pdf.html:56:36","meta":{"rootId":"21lpm8smhwnt9j1","id":"21lpm8smhwnt9j1"},"id":"1o6gvqnh61cxxjf","previousOperationId":"n283g8ndwo63wp5"}
{"type":"log","timestamp":1674757842488,"level":"debug","message":"Running chrome with params {\"printBackground\":true,\"timeout\":59290,\"margin\":{}}","meta":{"rootId":"21lpm8smhwnt9j1","id":"21lpm8smhwnt9j1"},"id":"d2aflfq0omd2k9s","previousOperationId":"n283g8ndwo63wp5"}
{"type":"operationEnd","operationId":"n283g8ndwo63wp5","timestamp":1674757842607,"id":"o5qmt2q67xfbxs7","previousEventId":"wmmcrorcibcvwie","previousOperationId":"n283g8ndwo63wp5"}
{"type":"log","timestamp":1674757842607,"level":"debug","message":"Executing script testing (afterRender)","meta":{"rootId":"21lpm8smhwnt9j1","id":"21lpm8smhwnt9j1"},"id":"g76mrxxefd7g9nk","previousOperationId":"n283g8ndwo63wp5"}
{"type":"operationStart","subtype":"scriptsAfterRender","name":"scripts afterRender","timestamp":1674757842614,"id":"f640f8gx9vgwcsg","previousEventId":"o5qmt2q67xfbxs7","operationId":"u5nv3u4yuvz1mt5","previousOperationId":"n283g8ndwo63wp5"}
{"type":"operationStart","subtype":"script","name":"scripts testing","previousOperationId":"u5nv3u4yuvz1mt5","timestamp":1674757842614,"id":"6nitu9f0t753wfi","previousEventId":"f640f8gx9vgwcsg","operationId":"net501qzyzepi1z"}
{"type":"operationEnd","operationId":"net501qzyzepi1z","timestamp":1674757843672,"id":"w4momf31c4mfxna","previousEventId":"o5qmt2q67xfbxs7","previousOperationId":"n283g8ndwo63wp5"}
{"type":"operationEnd","operationId":"u5nv3u4yuvz1mt5","timestamp":1674757843672,"id":"afnr7vrw61msued","previousEventId":"w4momf31c4mfxna","previousOperationId":"n283g8ndwo63wp5"}
{"type":"log","timestamp":1674757843672,"level":"debug","message":"Skipping storing report.","meta":{"rootId":"21lpm8smhwnt9j1","id":"21lpm8smhwnt9j1"},"id":"sno6omlkljeu334","previousOperationId":"u5nv3u4yuvz1mt5"}
{"type":"log","timestamp":1674757843672,"level":"info","message":"Rendering request 17 finished in 2069 ms","meta":{"rootId":"21lpm8smhwnt9j1","id":"21lpm8smhwnt9j1"},"id":"3das1n0vta57eb1","previousOperationId":"u5nv3u4yuvz1mt5"}
{"type":"operationEnd","subtype":"render","operationId":"go4b5bb1qtg5wy1","timestamp":1674757843672,"id":"sse0j52pmasqphy","previousEventId":"afnr7vrw61msued","previousOperationId":"u5nv3u4yuvz1mt5"}
{"type":"operationEnd","doDiffs":false,"previousEventId":"s09warrxguobvn3","previousOperationId":"jvne70zbh6p2uap","operationId":"jvne70zbh6p2uap","timestamp":1674757843675,"id":"qeir73khz4iuf3m"}
