{"type":"operationStart","subtype":"profile","data":{"_id":"aAqSf0Al1JNRqWQs","timestamp":"2023-01-26T17:40:58.767Z","state":"queued","mode":"standard","creationDate":"2023-01-26T17:40:58.770Z","modificationDate":"2023-01-26T17:40:58.770Z","shortid":"cKuVoYu","$entitySet":"profiles"},"doDiffs":false,"timestamp":1674754858769,"id":"31v3oqlxkw4oity","previousOperationId":null,"operationId":"vk8zdstf2xy2li0"}
{"type":"log","level":"info","message":"Render request 8 queued for execution and waiting for available worker","previousOperationId":"vk8zdstf2xy2li0","timestamp":1674754858770,"id":"8p0ehozdfux9qii"}
{"type":"operationStart","subtype":"render","name":"Data","previousOperationId":"vk8zdstf2xy2li0","timestamp":1674754858779,"id":"qcekzeyac75zs9s","previousEventId":"31v3oqlxkw4oity","operationId":"qnkt4l0avz4xc5q"}
{"type":"log","timestamp":1674754858779,"level":"info","message":"Starting rendering request 8","meta":{"rootId":"2bav6e684r6tswz","id":"2bav6e684r6tswz"},"id":"w6f30bjn7y6moln","previousOperationId":"qnkt4l0avz4xc5q"}
{"type":"log","timestamp":1674754858779,"level":"info","message":"Rendering template { name: Data, recipe: chrome-pdf, engine: handlebars, preview: true }","meta":{"rootId":"2bav6e684r6tswz","id":"2bav6e684r6tswz"},"id":"5r58zeuy79j5555","previousOperationId":"qnkt4l0avz4xc5q"}
{"type":"log","timestamp":1674754858780,"level":"debug","message":"Data item not defined for this template.","meta":{"rootId":"2bav6e684r6tswz","id":"2bav6e684r6tswz"},"id":"isz6k7xswr1vm5t","previousOperationId":"qnkt4l0avz4xc5q"}
{"type":"log","timestamp":1674754858784,"level":"debug","message":"Executing script testing (beforeRender)","meta":{"rootId":"2bav6e684r6tswz","id":"2bav6e684r6tswz"},"id":"chrbvaryupnhnjx","previousOperationId":"qnkt4l0avz4xc5q"}
{"type":"operationStart","subtype":"scriptsBeforeRender","name":"scripts beforeRender","timestamp":1674754858849,"id":"oe8ju8r2po7orlc","previousEventId":"qcekzeyac75zs9s","operationId":"pquzzcvtm8p7dc1","previousOperationId":"qnkt4l0avz4xc5q"}
{"type":"operationStart","subtype":"script","name":"scripts testing","previousOperationId":"pquzzcvtm8p7dc1","timestamp":1674754858849,"id":"wzq6229lvsrg3kj","previousEventId":"oe8ju8r2po7orlc","operationId":"ee6j058dyiardh4"}
{"type":"log","timestamp":1674754859073,"level":"debug","message":"(console:log) [ '2', '1', '3' ]","meta":{"userLevel":true,"rootId":"2bav6e684r6tswz","id":"2bav6e684r6tswz"},"id":"2phgtxieclwu461","previousOperationId":"ee6j058dyiardh4"}
{"type":"log","timestamp":1674754859073,"level":"debug","message":"(console:log) [ 'Las Palmas de Gran Canaria', 'Galdar', 'Teror' ]","meta":{"userLevel":true,"rootId":"2bav6e684r6tswz","id":"2bav6e684r6tswz"},"id":"lk7u1kvyds1hiea","previousOperationId":"ee6j058dyiardh4"}
{"type":"operationEnd","operationId":"ee6j058dyiardh4","timestamp":1674754859493,"id":"g44kocv5igr5zat","previousEventId":"qcekzeyac75zs9s","previousOperationId":"qnkt4l0avz4xc5q"}
{"type":"operationEnd","operationId":"pquzzcvtm8p7dc1","timestamp":1674754859493,"id":"v28jife2a8lv129","previousEventId":"g44kocv5igr5zat","previousOperationId":"qnkt4l0avz4xc5q"}
{"type":"log","timestamp":1674754859493,"level":"debug","message":"Base url not specified, skipping its injection.","meta":{"rootId":"2bav6e684r6tswz","id":"2bav6e684r6tswz"},"id":"mlihzhwjypzswlr","previousOperationId":"pquzzcvtm8p7dc1"}
{"type":"operationStart","subtype":"engine","name":"handlebars","timestamp":1674754859493,"id":"cb7edj9tt1pqs92","previousEventId":"v28jife2a8lv129","operationId":"z1g34hb3146q02q","previousOperationId":"pquzzcvtm8p7dc1"}
{"type":"log","timestamp":1674754859493,"level":"debug","message":"Rendering engine handlebars","meta":{"rootId":"2bav6e684r6tswz","id":"2bav6e684r6tswz"},"id":"y36rykieztzdcjx","previousOperationId":"z1g34hb3146q02q"}
{"type":"operationEnd","operationId":"z1g34hb3146q02q","timestamp":1674754859502,"id":"tbahr01f7bkugp2","previousEventId":"cb7edj9tt1pqs92","previousOperationId":"z1g34hb3146q02q"}
{"type":"operationStart","subtype":"recipe","name":"chrome-pdf","timestamp":1674754859502,"id":"tekbtvhuic7fvjh","previousEventId":"tbahr01f7bkugp2","operationId":"ntzaaq9usrbxyzy","previousOperationId":"z1g34hb3146q02q"}
{"type":"log","timestamp":1674754859502,"level":"debug","message":"Executing recipe chrome-pdf","meta":{"rootId":"2bav6e684r6tswz","id":"2bav6e684r6tswz"},"id":"s8772e8r5w8vhfb","previousOperationId":"ntzaaq9usrbxyzy"}
{"type":"log","timestamp":1674754859506,"level":"debug","message":"Converting with chrome HeadlessChrome/105.0.5173.0 using chrome-pool strategy","meta":{"rootId":"2bav6e684r6tswz","id":"2bav6e684r6tswz"},"id":"gzdp8vymymgkocq","previousOperationId":"ntzaaq9usrbxyzy"}
{"type":"log","timestamp":1674754859621,"level":"debug","message":"Page request: GET (document) file:///C:/Users/Johan/AppData/Local/Temp/jsreport/autocleanup/9437c668-db66-4b07-b33b-edf6e2aa1239-chrome-pdf.html","meta":{"rootId":"2bav6e684r6tswz","id":"2bav6e684r6tswz"},"id":"u51162arz4ct51k","previousOperationId":"ntzaaq9usrbxyzy"}
{"type":"log","timestamp":1674754859646,"level":"debug","message":"Page request: GET (stylesheet) https://cdnjs.cloudflare.com/ajax/libs/metro/4.1.5/css/metro.min.css","meta":{"rootId":"2bav6e684r6tswz","id":"2bav6e684r6tswz"},"id":"axd97l227of2jbr","previousOperationId":"ntzaaq9usrbxyzy"}
{"type":"log","timestamp":1674754859647,"level":"debug","message":"Page request: GET (stylesheet) https://cdnjs.cloudflare.com/ajax/libs/chartist/0.11.0/chartist.min.css","meta":{"rootId":"2bav6e684r6tswz","id":"2bav6e684r6tswz"},"id":"pxex9f47aoguc9x","previousOperationId":"ntzaaq9usrbxyzy"}
{"type":"log","timestamp":1674754859647,"level":"debug","message":"Page request: GET (script) https://cdnjs.cloudflare.com/ajax/libs/chartist/0.11.0/chartist.min.js","meta":{"rootId":"2bav6e684r6tswz","id":"2bav6e684r6tswz"},"id":"iihbvnq982xfpz0","previousOperationId":"ntzaaq9usrbxyzy"}
{"type":"log","timestamp":1674754859647,"level":"debug","message":"Page request: GET (script) https://unpkg.com/chartist-plugin-tooltips@0.0.17","meta":{"rootId":"2bav6e684r6tswz","id":"2bav6e684r6tswz"},"id":"eiea6h7hplurvjp","previousOperationId":"ntzaaq9usrbxyzy"}
{"type":"log","timestamp":1674754859648,"level":"debug","message":"Page request finished: GET (document) 200 file:///C:/Users/Johan/AppData/Local/Temp/jsreport/autocleanup/9437c668-db66-4b07-b33b-edf6e2aa1239-chrome-pdf.html","meta":{"rootId":"2bav6e684r6tswz","id":"2bav6e684r6tswz"},"id":"wfcq1k8i72x4xwn","previousOperationId":"ntzaaq9usrbxyzy"}
{"type":"log","timestamp":1674754859648,"level":"debug","message":"Page request: GET (script) https://unpkg.com/chartist-plugin-pointlabels@0.0.6","meta":{"rootId":"2bav6e684r6tswz","id":"2bav6e684r6tswz"},"id":"mqrxcr4g9l2t5gz","previousOperationId":"ntzaaq9usrbxyzy"}
{"type":"log","timestamp":1674754859655,"level":"warn","message":"Page request failed: GET (script) 302 https://unpkg.com/chartist-plugin-tooltips@0.0.17 (redirect to: /chartist-plugin-tooltips@0.0.17/dist/chartist-plugin-tooltip.js)","meta":{"rootId":"2bav6e684r6tswz","id":"2bav6e684r6tswz"},"id":"w83xsz9170tmo0x","previousOperationId":"ntzaaq9usrbxyzy"}
{"type":"log","timestamp":1674754859656,"level":"debug","message":"Page request: GET (script) https://unpkg.com/chartist-plugin-tooltips@0.0.17/dist/chartist-plugin-tooltip.js (redirect from: https://unpkg.com/chartist-plugin-tooltips@0.0.17)","meta":{"rootId":"2bav6e684r6tswz","id":"2bav6e684r6tswz"},"id":"y39p3ryyqdgt4m8","previousOperationId":"ntzaaq9usrbxyzy"}
{"type":"log","timestamp":1674754859659,"level":"debug","message":"Page request finished: GET (stylesheet) 200 https://cdnjs.cloudflare.com/ajax/libs/chartist/0.11.0/chartist.min.css","meta":{"rootId":"2bav6e684r6tswz","id":"2bav6e684r6tswz"},"id":"uwyix3gg4yzktzn","previousOperationId":"ntzaaq9usrbxyzy"}
{"type":"log","timestamp":1674754859660,"level":"debug","message":"Page request finished: GET (script) 200 https://cdnjs.cloudflare.com/ajax/libs/chartist/0.11.0/chartist.min.js","meta":{"rootId":"2bav6e684r6tswz","id":"2bav6e684r6tswz"},"id":"z48b4uaazoaat21","previousOperationId":"ntzaaq9usrbxyzy"}
{"type":"log","timestamp":1674754859661,"level":"warn","message":"Page request failed: GET (script) 302 https://unpkg.com/chartist-plugin-pointlabels@0.0.6 (redirect to: /chartist-plugin-pointlabels@0.0.6/dist/chartist-plugin-pointlabels.js)","meta":{"rootId":"2bav6e684r6tswz","id":"2bav6e684r6tswz"},"id":"n68t5f7y1xe3c3s","previousOperationId":"ntzaaq9usrbxyzy"}
{"type":"log","timestamp":1674754859662,"level":"debug","message":"Page request: GET (script) https://unpkg.com/chartist-plugin-pointlabels@0.0.6/dist/chartist-plugin-pointlabels.js (redirect from: https://unpkg.com/chartist-plugin-pointlabels@0.0.6)","meta":{"rootId":"2bav6e684r6tswz","id":"2bav6e684r6tswz"},"id":"x218bjusj039zfh","previousOperationId":"ntzaaq9usrbxyzy"}
{"type":"log","timestamp":1674754859682,"level":"debug","message":"Page request finished: GET (stylesheet) 200 https://cdnjs.cloudflare.com/ajax/libs/metro/4.1.5/css/metro.min.css","meta":{"rootId":"2bav6e684r6tswz","id":"2bav6e684r6tswz"},"id":"apl5zsiyjp91r0b","previousOperationId":"ntzaaq9usrbxyzy"}
{"type":"log","timestamp":1674754859685,"level":"debug","message":"Page request finished: GET (script) 200 https://unpkg.com/chartist-plugin-tooltips@0.0.17/dist/chartist-plugin-tooltip.js","meta":{"rootId":"2bav6e684r6tswz","id":"2bav6e684r6tswz"},"id":"bzvcr2xclh8xiq6","previousOperationId":"ntzaaq9usrbxyzy"}
{"type":"log","timestamp":1674754859685,"level":"debug","message":"Page request finished: GET (script) 200 https://unpkg.com/chartist-plugin-pointlabels@0.0.6/dist/chartist-plugin-pointlabels.js","meta":{"rootId":"2bav6e684r6tswz","id":"2bav6e684r6tswz"},"id":"7gs3pw3aj4h2km2","previousOperationId":"ntzaaq9usrbxyzy"}
{"type":"log","timestamp":1674754859687,"level":"debug","message":"(console:log) Me he venido","meta":{"userLevel":true,"rootId":"2bav6e684r6tswz","id":"2bav6e684r6tswz"},"id":"geeonch9ws1dej0","previousOperationId":"ntzaaq9usrbxyzy"}
{"type":"log","timestamp":1674754859688,"level":"debug","message":"(console:log) JSHandle@array","meta":{"userLevel":true,"rootId":"2bav6e684r6tswz","id":"2bav6e684r6tswz"},"id":"780oflcc3c9lexh","previousOperationId":"ntzaaq9usrbxyzy"}
{"type":"log","timestamp":1674754859729,"level":"warn","message":"Page error: TypeError: b.normalized.series[e].forEach is not a function\n    at f.<anonymous> (https://cdnjs.cloudflare.com/ajax/libs/chartist/0.11.0/chartist.min.js:9:2056)\n    at Array.forEach (<anonymous>)\n    at f.d [as createChart] (https://cdnjs.cloudflare.com/ajax/libs/chartist/0.11.0/chartist.min.js:9:1626)\n    at f.h (https://cdnjs.cloudflare.com/ajax/libs/chartist/0.11.0/chartist.min.js:8:15161)","meta":{"rootId":"2bav6e684r6tswz","id":"2bav6e684r6tswz"},"id":"zfpxxbimqno1yvu","previousOperationId":"ntzaaq9usrbxyzy"}
{"type":"log","timestamp":1674754859744,"level":"debug","message":"Running chrome with params {\"printBackground\":true,\"timeout\":59262,\"margin\":{}}","meta":{"rootId":"2bav6e684r6tswz","id":"2bav6e684r6tswz"},"id":"62x278cm4c85cvz","previousOperationId":"ntzaaq9usrbxyzy"}
{"type":"operationEnd","operationId":"ntzaaq9usrbxyzy","timestamp":1674754859914,"id":"pwc7eopmt2fb2n3","previousEventId":"tekbtvhuic7fvjh","previousOperationId":"ntzaaq9usrbxyzy"}
{"type":"log","timestamp":1674754859914,"level":"debug","message":"Executing script testing (afterRender)","meta":{"rootId":"2bav6e684r6tswz","id":"2bav6e684r6tswz"},"id":"o1z4mi8edloio2c","previousOperationId":"ntzaaq9usrbxyzy"}
{"type":"operationStart","subtype":"scriptsAfterRender","name":"scripts afterRender","timestamp":1674754859924,"id":"ds60nk5lv5a42if","previousEventId":"pwc7eopmt2fb2n3","operationId":"8jpauq6r8bl2b0t","previousOperationId":"ntzaaq9usrbxyzy"}
{"type":"operationStart","subtype":"script","name":"scripts testing","previousOperationId":"8jpauq6r8bl2b0t","timestamp":1674754859924,"id":"0slaor6w3rpap6n","previousEventId":"ds60nk5lv5a42if","operationId":"8m4s1p5152gfbow"}
{"type":"operationEnd","operationId":"8m4s1p5152gfbow","timestamp":1674754860949,"id":"pxbfwie1rkkllf4","previousEventId":"pwc7eopmt2fb2n3","previousOperationId":"ntzaaq9usrbxyzy"}
{"type":"operationEnd","operationId":"8jpauq6r8bl2b0t","timestamp":1674754860949,"id":"amtoxba60t2be77","previousEventId":"pxbfwie1rkkllf4","previousOperationId":"ntzaaq9usrbxyzy"}
{"type":"log","timestamp":1674754860949,"level":"debug","message":"Skipping storing report.","meta":{"rootId":"2bav6e684r6tswz","id":"2bav6e684r6tswz"},"id":"5lhea0iuj0hc8kz","previousOperationId":"8jpauq6r8bl2b0t"}
{"type":"log","timestamp":1674754860949,"level":"info","message":"Rendering request 8 finished in 2182 ms","meta":{"rootId":"2bav6e684r6tswz","id":"2bav6e684r6tswz"},"id":"n4u699g4uj019cd","previousOperationId":"8jpauq6r8bl2b0t"}
{"type":"operationEnd","subtype":"render","operationId":"qnkt4l0avz4xc5q","timestamp":1674754860949,"id":"wf7grud0i57fi1l","previousEventId":"amtoxba60t2be77","previousOperationId":"8jpauq6r8bl2b0t"}
{"type":"operationEnd","doDiffs":false,"previousEventId":"31v3oqlxkw4oity","previousOperationId":"vk8zdstf2xy2li0","operationId":"vk8zdstf2xy2li0","timestamp":1674754860952,"id":"46ev3v55yvmharl"}
