{"type":"operationStart","subtype":"profile","data":{"_id":"nLvhYBvoB8bD2JJ7","timestamp":"2023-01-26T16:39:51.974Z","state":"queued","mode":"standard","creationDate":"2023-01-26T16:39:51.976Z","modificationDate":"2023-01-26T16:39:51.976Z","shortid":"38EXvFQ","$entitySet":"profiles"},"doDiffs":false,"timestamp":1674751191975,"id":"9vyfukfup1n81ze","previousOperationId":null,"operationId":"rnobku5n4fjhscl"}
{"type":"log","level":"info","message":"Render request 3 queued for execution and waiting for available worker","previousOperationId":"rnobku5n4fjhscl","timestamp":1674751191976,"id":"oaaboaz2e4cjmpd"}
{"type":"operationStart","subtype":"render","name":"Data","previousOperationId":"rnobku5n4fjhscl","timestamp":1674751191985,"id":"mkok6wjmkcs6et5","previousEventId":"9vyfukfup1n81ze","operationId":"bs4hot4mru243av"}
{"type":"log","timestamp":1674751191985,"level":"info","message":"Starting rendering request 3","meta":{"rootId":"2fal999zj2i29kh","id":"2fal999zj2i29kh"},"id":"hieejftjtqcmoal","previousOperationId":"bs4hot4mru243av"}
{"type":"log","timestamp":1674751191985,"level":"info","message":"Rendering template { name: Data, recipe: chrome-pdf, engine: handlebars, preview: true }","meta":{"rootId":"2fal999zj2i29kh","id":"2fal999zj2i29kh"},"id":"1kws79ufw9x05fl","previousOperationId":"bs4hot4mru243av"}
{"type":"log","timestamp":1674751191986,"level":"debug","message":"Data item not defined for this template.","meta":{"rootId":"2fal999zj2i29kh","id":"2fal999zj2i29kh"},"id":"4pjysjg05su497c","previousOperationId":"bs4hot4mru243av"}
{"type":"log","timestamp":1674751191987,"level":"debug","message":"Executing script testing (beforeRender)","meta":{"rootId":"2fal999zj2i29kh","id":"2fal999zj2i29kh"},"id":"jy13sgna2sb5ij8","previousOperationId":"bs4hot4mru243av"}
{"type":"operationStart","subtype":"scriptsBeforeRender","name":"scripts beforeRender","timestamp":1674751192025,"id":"p65ret04x7gy7h0","previousEventId":"mkok6wjmkcs6et5","operationId":"p3nvemh3cw1c65r","previousOperationId":"bs4hot4mru243av"}
{"type":"operationStart","subtype":"script","name":"scripts testing","previousOperationId":"p3nvemh3cw1c65r","timestamp":1674751192025,"id":"suybebl3ys15oxl","previousEventId":"p65ret04x7gy7h0","operationId":"he3qpe2l0a5kgy5"}
{"type":"log","timestamp":1674751192229,"level":"debug","message":"(console:log) {\n  locationName: [ 'Las Palmas de Gran Canaria', 'Galdar', 'Teror' ],\n  repetition: [ '2', '1', '3' ]\n}","meta":{"userLevel":true,"rootId":"2fal999zj2i29kh","id":"2fal999zj2i29kh"},"id":"82pisxjabacqf24","previousOperationId":"he3qpe2l0a5kgy5"}
{"type":"operationEnd","operationId":"he3qpe2l0a5kgy5","timestamp":1674751192625,"id":"k4htynb9h4f6ut8","previousEventId":"mkok6wjmkcs6et5","previousOperationId":"bs4hot4mru243av"}
{"type":"operationEnd","operationId":"p3nvemh3cw1c65r","timestamp":1674751192625,"id":"zi2uuokyr7vtsx8","previousEventId":"k4htynb9h4f6ut8","previousOperationId":"bs4hot4mru243av"}
{"type":"log","timestamp":1674751192625,"level":"debug","message":"Base url not specified, skipping its injection.","meta":{"rootId":"2fal999zj2i29kh","id":"2fal999zj2i29kh"},"id":"j20jbycsfx7oitt","previousOperationId":"p3nvemh3cw1c65r"}
{"type":"operationStart","subtype":"engine","name":"handlebars","timestamp":1674751192625,"id":"rf8sdrdvfork65r","previousEventId":"zi2uuokyr7vtsx8","operationId":"0ypww1hv9df6pv2","previousOperationId":"p3nvemh3cw1c65r"}
{"type":"log","timestamp":1674751192625,"level":"debug","message":"Rendering engine handlebars","meta":{"rootId":"2fal999zj2i29kh","id":"2fal999zj2i29kh"},"id":"o8ocfh45w6fs6e5","previousOperationId":"0ypww1hv9df6pv2"}
{"type":"operationEnd","operationId":"0ypww1hv9df6pv2","timestamp":1674751192639,"id":"pryz8yfrwi504ky","previousEventId":"rf8sdrdvfork65r","previousOperationId":"0ypww1hv9df6pv2"}
{"type":"operationStart","subtype":"recipe","name":"chrome-pdf","timestamp":1674751192639,"id":"rzcqhdhaim67sxx","previousEventId":"pryz8yfrwi504ky","operationId":"npid0a0qr224d3m","previousOperationId":"0ypww1hv9df6pv2"}
{"type":"log","timestamp":1674751192639,"level":"debug","message":"Executing recipe chrome-pdf","meta":{"rootId":"2fal999zj2i29kh","id":"2fal999zj2i29kh"},"id":"chztek6raccb98x","previousOperationId":"npid0a0qr224d3m"}
{"type":"log","timestamp":1674751192642,"level":"debug","message":"Converting with chrome HeadlessChrome/105.0.5173.0 using chrome-pool strategy","meta":{"rootId":"2fal999zj2i29kh","id":"2fal999zj2i29kh"},"id":"d6hsqmwhvjlfq4h","previousOperationId":"npid0a0qr224d3m"}
{"type":"log","timestamp":1674751192718,"level":"debug","message":"Page request: GET (document) file:///C:/Users/Johan/AppData/Local/Temp/jsreport/autocleanup/c17a6fc0-107f-4080-bb7b-bf70ad51ca98-chrome-pdf.html","meta":{"rootId":"2fal999zj2i29kh","id":"2fal999zj2i29kh"},"id":"j7fk95y7v8z1rh9","previousOperationId":"npid0a0qr224d3m"}
{"type":"log","timestamp":1674751192738,"level":"debug","message":"Page request: GET (stylesheet) https://cdnjs.cloudflare.com/ajax/libs/metro/4.1.5/css/metro.min.css","meta":{"rootId":"2fal999zj2i29kh","id":"2fal999zj2i29kh"},"id":"21csvmbjfezbm56","previousOperationId":"npid0a0qr224d3m"}
{"type":"log","timestamp":1674751192738,"level":"debug","message":"Page request: GET (stylesheet) https://cdnjs.cloudflare.com/ajax/libs/chartist/0.11.0/chartist.min.css","meta":{"rootId":"2fal999zj2i29kh","id":"2fal999zj2i29kh"},"id":"9l3y7e9mlg1ceoy","previousOperationId":"npid0a0qr224d3m"}
{"type":"log","timestamp":1674751192739,"level":"debug","message":"Page request: GET (script) https://cdnjs.cloudflare.com/ajax/libs/chartist/0.11.0/chartist.min.js","meta":{"rootId":"2fal999zj2i29kh","id":"2fal999zj2i29kh"},"id":"xzq76um9v87tkco","previousOperationId":"npid0a0qr224d3m"}
{"type":"log","timestamp":1674751192740,"level":"debug","message":"Page request finished: GET (document) 200 file:///C:/Users/Johan/AppData/Local/Temp/jsreport/autocleanup/c17a6fc0-107f-4080-bb7b-bf70ad51ca98-chrome-pdf.html","meta":{"rootId":"2fal999zj2i29kh","id":"2fal999zj2i29kh"},"id":"6hp0q345t2lbe06","previousOperationId":"npid0a0qr224d3m"}
{"type":"log","timestamp":1674751192740,"level":"debug","message":"Page request: GET (script) https://unpkg.com/chartist-plugin-tooltips@0.0.17","meta":{"rootId":"2fal999zj2i29kh","id":"2fal999zj2i29kh"},"id":"cdtm5z9mhtiplp9","previousOperationId":"npid0a0qr224d3m"}
{"type":"log","timestamp":1674751192740,"level":"debug","message":"Page request: GET (script) https://unpkg.com/chartist-plugin-pointlabels@0.0.6","meta":{"rootId":"2fal999zj2i29kh","id":"2fal999zj2i29kh"},"id":"asyntqrmd25cx8o","previousOperationId":"npid0a0qr224d3m"}
{"type":"log","timestamp":1674751192745,"level":"debug","message":"Page request finished: GET (stylesheet) 200 https://cdnjs.cloudflare.com/ajax/libs/chartist/0.11.0/chartist.min.css","meta":{"rootId":"2fal999zj2i29kh","id":"2fal999zj2i29kh"},"id":"nf2ykr5kbf43904","previousOperationId":"npid0a0qr224d3m"}
{"type":"log","timestamp":1674751192746,"level":"warn","message":"Page request failed: GET (script) 302 https://unpkg.com/chartist-plugin-tooltips@0.0.17 (redirect to: /chartist-plugin-tooltips@0.0.17/dist/chartist-plugin-tooltip.js)","meta":{"rootId":"2fal999zj2i29kh","id":"2fal999zj2i29kh"},"id":"yjbsq7vqepttf1z","previousOperationId":"npid0a0qr224d3m"}
{"type":"log","timestamp":1674751192746,"level":"warn","message":"Page request failed: GET (script) 302 https://unpkg.com/chartist-plugin-pointlabels@0.0.6 (redirect to: /chartist-plugin-pointlabels@0.0.6/dist/chartist-plugin-pointlabels.js)","meta":{"rootId":"2fal999zj2i29kh","id":"2fal999zj2i29kh"},"id":"g3e4fvr2l6zzm2k","previousOperationId":"npid0a0qr224d3m"}
{"type":"log","timestamp":1674751192746,"level":"debug","message":"Page request finished: GET (script) 200 https://cdnjs.cloudflare.com/ajax/libs/chartist/0.11.0/chartist.min.js","meta":{"rootId":"2fal999zj2i29kh","id":"2fal999zj2i29kh"},"id":"vpe42flx5bkskna","previousOperationId":"npid0a0qr224d3m"}
{"type":"log","timestamp":1674751192746,"level":"debug","message":"Page request: GET (script) https://unpkg.com/chartist-plugin-tooltips@0.0.17/dist/chartist-plugin-tooltip.js (redirect from: https://unpkg.com/chartist-plugin-tooltips@0.0.17)","meta":{"rootId":"2fal999zj2i29kh","id":"2fal999zj2i29kh"},"id":"32h2ntd0x09efjx","previousOperationId":"npid0a0qr224d3m"}
{"type":"log","timestamp":1674751192747,"level":"debug","message":"Page request: GET (script) https://unpkg.com/chartist-plugin-pointlabels@0.0.6/dist/chartist-plugin-pointlabels.js (redirect from: https://unpkg.com/chartist-plugin-pointlabels@0.0.6)","meta":{"rootId":"2fal999zj2i29kh","id":"2fal999zj2i29kh"},"id":"vowj9dvjwgbl5pb","previousOperationId":"npid0a0qr224d3m"}
{"type":"log","timestamp":1674751192764,"level":"debug","message":"Page request finished: GET (stylesheet) 200 https://cdnjs.cloudflare.com/ajax/libs/metro/4.1.5/css/metro.min.css","meta":{"rootId":"2fal999zj2i29kh","id":"2fal999zj2i29kh"},"id":"sbiw2jgd1bqaqd8","previousOperationId":"npid0a0qr224d3m"}
{"type":"log","timestamp":1674751192766,"level":"debug","message":"Page request finished: GET (script) 200 https://unpkg.com/chartist-plugin-tooltips@0.0.17/dist/chartist-plugin-tooltip.js","meta":{"rootId":"2fal999zj2i29kh","id":"2fal999zj2i29kh"},"id":"mu4l95ttsfynj8j","previousOperationId":"npid0a0qr224d3m"}
{"type":"log","timestamp":1674751192766,"level":"debug","message":"Page request finished: GET (script) 200 https://unpkg.com/chartist-plugin-pointlabels@0.0.6/dist/chartist-plugin-pointlabels.js","meta":{"rootId":"2fal999zj2i29kh","id":"2fal999zj2i29kh"},"id":"beybvpd1ognzyc1","previousOperationId":"npid0a0qr224d3m"}
{"type":"log","timestamp":1674751192770,"level":"warn","message":"Page error: SyntaxError: Unexpected identifier","meta":{"rootId":"2fal999zj2i29kh","id":"2fal999zj2i29kh"},"id":"k1leeh7kn5yxp0t","previousOperationId":"npid0a0qr224d3m"}
{"type":"log","timestamp":1674751192809,"level":"debug","message":"Running chrome with params {\"printBackground\":true,\"timeout\":59333,\"margin\":{}}","meta":{"rootId":"2fal999zj2i29kh","id":"2fal999zj2i29kh"},"id":"tspant38fbcvi88","previousOperationId":"npid0a0qr224d3m"}
{"type":"operationEnd","operationId":"npid0a0qr224d3m","timestamp":1674751192911,"id":"tplxqh4mrx33udc","previousEventId":"rzcqhdhaim67sxx","previousOperationId":"npid0a0qr224d3m"}
{"type":"log","timestamp":1674751192911,"level":"debug","message":"Executing script testing (afterRender)","meta":{"rootId":"2fal999zj2i29kh","id":"2fal999zj2i29kh"},"id":"z0wdzp46d41fr8z","previousOperationId":"npid0a0qr224d3m"}
{"type":"operationStart","subtype":"scriptsAfterRender","name":"scripts afterRender","timestamp":1674751192920,"id":"aenp5nji76kaxta","previousEventId":"tplxqh4mrx33udc","operationId":"z45f5f2b8gw7qu0","previousOperationId":"npid0a0qr224d3m"}
{"type":"operationStart","subtype":"script","name":"scripts testing","previousOperationId":"z45f5f2b8gw7qu0","timestamp":1674751192920,"id":"uhq5l4z4jr6vxpv","previousEventId":"aenp5nji76kaxta","operationId":"44ckn5yfs3jda4c"}
{"type":"operationEnd","operationId":"44ckn5yfs3jda4c","timestamp":1674751194158,"id":"z9jolnfuzhk4979","previousEventId":"tplxqh4mrx33udc","previousOperationId":"npid0a0qr224d3m"}
{"type":"operationEnd","operationId":"z45f5f2b8gw7qu0","timestamp":1674751194159,"id":"tqlt4vto07tmj7g","previousEventId":"z9jolnfuzhk4979","previousOperationId":"npid0a0qr224d3m"}
{"type":"log","timestamp":1674751194159,"level":"debug","message":"Skipping storing report.","meta":{"rootId":"2fal999zj2i29kh","id":"2fal999zj2i29kh"},"id":"0s56f651q86gc0v","previousOperationId":"z45f5f2b8gw7qu0"}
{"type":"log","timestamp":1674751194159,"level":"info","message":"Rendering request 3 finished in 2185 ms","meta":{"rootId":"2fal999zj2i29kh","id":"2fal999zj2i29kh"},"id":"y6s811soexdaub6","previousOperationId":"z45f5f2b8gw7qu0"}
{"type":"operationEnd","subtype":"render","operationId":"bs4hot4mru243av","timestamp":1674751194159,"id":"oycrbfpwffnysjg","previousEventId":"tqlt4vto07tmj7g","previousOperationId":"z45f5f2b8gw7qu0"}
{"type":"operationEnd","doDiffs":false,"previousEventId":"9vyfukfup1n81ze","previousOperationId":"rnobku5n4fjhscl","operationId":"rnobku5n4fjhscl","timestamp":1674751194163,"id":"txp5mrxkpjs9n8v"}
