{"type":"operationStart","subtype":"profile","data":{"_id":"5S0oxsQfp20nBLfi","timestamp":"2023-01-26T17:25:45.294Z","state":"queued","mode":"standard","creationDate":"2023-01-26T17:25:45.298Z","modificationDate":"2023-01-26T17:25:45.298Z","shortid":"M8dnF8O","$entitySet":"profiles"},"doDiffs":false,"timestamp":1674753945296,"id":"phb131xui6da69w","previousOperationId":null,"operationId":"seg3t4cds19rvf3"}
{"type":"log","level":"info","message":"Render request 36 queued for execution and waiting for available worker","previousOperationId":"seg3t4cds19rvf3","timestamp":1674753945296,"id":"10bmkkk3j7gn82s"}
{"type":"operationStart","subtype":"render","name":"Data","previousOperationId":"seg3t4cds19rvf3","timestamp":1674753945306,"id":"8a0bc9iwldl76y6","previousEventId":"phb131xui6da69w","operationId":"ve9kwzkk38ps8oq"}
{"type":"log","timestamp":1674753945307,"level":"info","message":"Starting rendering request 36","meta":{"rootId":"2nj4ckjt87orxgy","id":"2nj4ckjt87orxgy"},"id":"ni86nl7p5ot73kj","previousOperationId":"ve9kwzkk38ps8oq"}
{"type":"log","timestamp":1674753945307,"level":"info","message":"Rendering template { name: Data, recipe: chrome-pdf, engine: handlebars, preview: true }","meta":{"rootId":"2nj4ckjt87orxgy","id":"2nj4ckjt87orxgy"},"id":"t5a7f52zn68n7sk","previousOperationId":"ve9kwzkk38ps8oq"}
{"type":"log","timestamp":1674753945307,"level":"debug","message":"Data item not defined for this template.","meta":{"rootId":"2nj4ckjt87orxgy","id":"2nj4ckjt87orxgy"},"id":"jvye5i8rtnwplp1","previousOperationId":"ve9kwzkk38ps8oq"}
{"type":"log","timestamp":1674753945308,"level":"debug","message":"Executing script testing (beforeRender)","meta":{"rootId":"2nj4ckjt87orxgy","id":"2nj4ckjt87orxgy"},"id":"tssnsrp01wa2xj6","previousOperationId":"ve9kwzkk38ps8oq"}
{"type":"operationStart","subtype":"scriptsBeforeRender","name":"scripts beforeRender","timestamp":1674753945358,"id":"6sqm76lk8rqcysh","previousEventId":"8a0bc9iwldl76y6","operationId":"rfq3nb96jnf4i7j","previousOperationId":"ve9kwzkk38ps8oq"}
{"type":"operationStart","subtype":"script","name":"scripts testing","previousOperationId":"rfq3nb96jnf4i7j","timestamp":1674753945358,"id":"wjogkpnle5igpom","previousEventId":"6sqm76lk8rqcysh","operationId":"hz0bvwshrpypk2k"}
{"type":"log","timestamp":1674753945668,"level":"debug","message":"(console:log) {\n  locationName: [ 'Las Palmas de Gran Canaria', 'Galdar', 'Teror' ],\n  repetition: [ '2', '1', '3' ]\n}","meta":{"userLevel":true,"rootId":"2nj4ckjt87orxgy","id":"2nj4ckjt87orxgy"},"id":"qvx7x2xu3ocujrt","previousOperationId":"hz0bvwshrpypk2k"}
{"type":"log","timestamp":1674753945668,"level":"debug","message":"(console:log) [ 'Las Palmas de Gran Canaria', 'Galdar', 'Teror' ]","meta":{"userLevel":true,"rootId":"2nj4ckjt87orxgy","id":"2nj4ckjt87orxgy"},"id":"ocq0l3t4aclpwpz","previousOperationId":"hz0bvwshrpypk2k"}
{"type":"log","timestamp":1674753945668,"level":"debug","message":"(console:log) [ '2', '1', '3' ]","meta":{"userLevel":true,"rootId":"2nj4ckjt87orxgy","id":"2nj4ckjt87orxgy"},"id":"ovstcosrw1oibgz","previousOperationId":"hz0bvwshrpypk2k"}
{"type":"operationEnd","operationId":"hz0bvwshrpypk2k","timestamp":1674753946092,"id":"dzfmzxqnmild2q5","previousEventId":"8a0bc9iwldl76y6","previousOperationId":"ve9kwzkk38ps8oq"}
{"type":"operationEnd","operationId":"rfq3nb96jnf4i7j","timestamp":1674753946092,"id":"hcm28e22whanfcj","previousEventId":"dzfmzxqnmild2q5","previousOperationId":"ve9kwzkk38ps8oq"}
{"type":"log","timestamp":1674753946092,"level":"debug","message":"Base url not specified, skipping its injection.","meta":{"rootId":"2nj4ckjt87orxgy","id":"2nj4ckjt87orxgy"},"id":"nglgarer5pa654c","previousOperationId":"rfq3nb96jnf4i7j"}
{"type":"operationStart","subtype":"engine","name":"handlebars","timestamp":1674753946092,"id":"iuirzw0yqcn1462","previousEventId":"hcm28e22whanfcj","operationId":"47pumryew5kozux","previousOperationId":"rfq3nb96jnf4i7j"}
{"type":"log","timestamp":1674753946092,"level":"debug","message":"Rendering engine handlebars","meta":{"rootId":"2nj4ckjt87orxgy","id":"2nj4ckjt87orxgy"},"id":"sz93qppopm7spuw","previousOperationId":"47pumryew5kozux"}
{"type":"operationEnd","operationId":"47pumryew5kozux","timestamp":1674753946110,"id":"0qlq6okb3kxwqt7","previousEventId":"iuirzw0yqcn1462","previousOperationId":"47pumryew5kozux"}
{"type":"operationStart","subtype":"recipe","name":"chrome-pdf","timestamp":1674753946110,"id":"bzav9oqkq40x2bn","previousEventId":"0qlq6okb3kxwqt7","operationId":"l2y3c7f0nntl7jk","previousOperationId":"47pumryew5kozux"}
{"type":"log","timestamp":1674753946110,"level":"debug","message":"Executing recipe chrome-pdf","meta":{"rootId":"2nj4ckjt87orxgy","id":"2nj4ckjt87orxgy"},"id":"y95ax05p5pijxu4","previousOperationId":"l2y3c7f0nntl7jk"}
{"type":"log","timestamp":1674753946114,"level":"debug","message":"Converting with chrome HeadlessChrome/105.0.5173.0 using chrome-pool strategy","meta":{"rootId":"2nj4ckjt87orxgy","id":"2nj4ckjt87orxgy"},"id":"k1wju7xc6sjutqf","previousOperationId":"l2y3c7f0nntl7jk"}
{"type":"log","timestamp":1674753946223,"level":"debug","message":"Page request: GET (document) file:///C:/Users/Johan/AppData/Local/Temp/jsreport/autocleanup/67c33d20-6444-44ce-abf6-c28b5916d904-chrome-pdf.html","meta":{"rootId":"2nj4ckjt87orxgy","id":"2nj4ckjt87orxgy"},"id":"ced1jqacepfkwzq","previousOperationId":"l2y3c7f0nntl7jk"}
{"type":"log","timestamp":1674753946248,"level":"debug","message":"Page request: GET (stylesheet) https://cdnjs.cloudflare.com/ajax/libs/metro/4.1.5/css/metro.min.css","meta":{"rootId":"2nj4ckjt87orxgy","id":"2nj4ckjt87orxgy"},"id":"lcfzqydt0qaz6d9","previousOperationId":"l2y3c7f0nntl7jk"}
{"type":"log","timestamp":1674753946249,"level":"debug","message":"Page request: GET (stylesheet) https://cdnjs.cloudflare.com/ajax/libs/chartist/0.11.0/chartist.min.css","meta":{"rootId":"2nj4ckjt87orxgy","id":"2nj4ckjt87orxgy"},"id":"ttzoxkrmnegc3mh","previousOperationId":"l2y3c7f0nntl7jk"}
{"type":"log","timestamp":1674753946249,"level":"debug","message":"Page request: GET (script) https://cdnjs.cloudflare.com/ajax/libs/chartist/0.11.0/chartist.min.js","meta":{"rootId":"2nj4ckjt87orxgy","id":"2nj4ckjt87orxgy"},"id":"c4epf1ldqnxle3u","previousOperationId":"l2y3c7f0nntl7jk"}
{"type":"log","timestamp":1674753946249,"level":"debug","message":"Page request: GET (script) https://unpkg.com/chartist-plugin-tooltips@0.0.17","meta":{"rootId":"2nj4ckjt87orxgy","id":"2nj4ckjt87orxgy"},"id":"de2eilbht8v0e2z","previousOperationId":"l2y3c7f0nntl7jk"}
{"type":"log","timestamp":1674753946250,"level":"debug","message":"Page request finished: GET (document) 200 file:///C:/Users/Johan/AppData/Local/Temp/jsreport/autocleanup/67c33d20-6444-44ce-abf6-c28b5916d904-chrome-pdf.html","meta":{"rootId":"2nj4ckjt87orxgy","id":"2nj4ckjt87orxgy"},"id":"x94pqpxpbfayo8z","previousOperationId":"l2y3c7f0nntl7jk"}
{"type":"log","timestamp":1674753946250,"level":"debug","message":"Page request: GET (script) https://unpkg.com/chartist-plugin-pointlabels@0.0.6","meta":{"rootId":"2nj4ckjt87orxgy","id":"2nj4ckjt87orxgy"},"id":"9jldbwncwspj7zf","previousOperationId":"l2y3c7f0nntl7jk"}
{"type":"log","timestamp":1674753946256,"level":"warn","message":"Page request failed: GET (script) 302 https://unpkg.com/chartist-plugin-tooltips@0.0.17 (redirect to: /chartist-plugin-tooltips@0.0.17/dist/chartist-plugin-tooltip.js)","meta":{"rootId":"2nj4ckjt87orxgy","id":"2nj4ckjt87orxgy"},"id":"71fao1sosamb0w8","previousOperationId":"l2y3c7f0nntl7jk"}
{"type":"log","timestamp":1674753946257,"level":"debug","message":"Page request: GET (script) https://unpkg.com/chartist-plugin-tooltips@0.0.17/dist/chartist-plugin-tooltip.js (redirect from: https://unpkg.com/chartist-plugin-tooltips@0.0.17)","meta":{"rootId":"2nj4ckjt87orxgy","id":"2nj4ckjt87orxgy"},"id":"jxomod78vimlmdi","previousOperationId":"l2y3c7f0nntl7jk"}
{"type":"log","timestamp":1674753946258,"level":"debug","message":"Page request finished: GET (stylesheet) 200 https://cdnjs.cloudflare.com/ajax/libs/chartist/0.11.0/chartist.min.css","meta":{"rootId":"2nj4ckjt87orxgy","id":"2nj4ckjt87orxgy"},"id":"zjxkehzs8fqp50j","previousOperationId":"l2y3c7f0nntl7jk"}
{"type":"log","timestamp":1674753946259,"level":"warn","message":"Page request failed: GET (script) 302 https://unpkg.com/chartist-plugin-pointlabels@0.0.6 (redirect to: /chartist-plugin-pointlabels@0.0.6/dist/chartist-plugin-pointlabels.js)","meta":{"rootId":"2nj4ckjt87orxgy","id":"2nj4ckjt87orxgy"},"id":"nkvlnrf2c10zoxr","previousOperationId":"l2y3c7f0nntl7jk"}
{"type":"log","timestamp":1674753946260,"level":"debug","message":"Page request: GET (script) https://unpkg.com/chartist-plugin-pointlabels@0.0.6/dist/chartist-plugin-pointlabels.js (redirect from: https://unpkg.com/chartist-plugin-pointlabels@0.0.6)","meta":{"rootId":"2nj4ckjt87orxgy","id":"2nj4ckjt87orxgy"},"id":"u46fd3exykycgl1","previousOperationId":"l2y3c7f0nntl7jk"}
{"type":"log","timestamp":1674753946282,"level":"debug","message":"Page request finished: GET (stylesheet) 200 https://cdnjs.cloudflare.com/ajax/libs/metro/4.1.5/css/metro.min.css","meta":{"rootId":"2nj4ckjt87orxgy","id":"2nj4ckjt87orxgy"},"id":"z9qs1fx8thz9t3s","previousOperationId":"l2y3c7f0nntl7jk"}
{"type":"log","timestamp":1674753946282,"level":"debug","message":"Page request finished: GET (script) 200 https://cdnjs.cloudflare.com/ajax/libs/chartist/0.11.0/chartist.min.js","meta":{"rootId":"2nj4ckjt87orxgy","id":"2nj4ckjt87orxgy"},"id":"u0xlwzd0exvxcz4","previousOperationId":"l2y3c7f0nntl7jk"}
{"type":"log","timestamp":1674753946291,"level":"debug","message":"Page request finished: GET (script) 200 https://unpkg.com/chartist-plugin-tooltips@0.0.17/dist/chartist-plugin-tooltip.js","meta":{"rootId":"2nj4ckjt87orxgy","id":"2nj4ckjt87orxgy"},"id":"30m44bnji5jdk53","previousOperationId":"l2y3c7f0nntl7jk"}
{"type":"log","timestamp":1674753946291,"level":"debug","message":"Page request finished: GET (script) 200 https://unpkg.com/chartist-plugin-pointlabels@0.0.6/dist/chartist-plugin-pointlabels.js","meta":{"rootId":"2nj4ckjt87orxgy","id":"2nj4ckjt87orxgy"},"id":"ieet9z9qqvr5c5f","previousOperationId":"l2y3c7f0nntl7jk"}
{"type":"log","timestamp":1674753946293,"level":"warn","message":"Page error: SyntaxError: Unexpected number","meta":{"rootId":"2nj4ckjt87orxgy","id":"2nj4ckjt87orxgy"},"id":"jrjfk9v70ruzpdy","previousOperationId":"l2y3c7f0nntl7jk"}
{"type":"log","timestamp":1674753946335,"level":"debug","message":"Running chrome with params {\"printBackground\":true,\"timeout\":59181,\"margin\":{}}","meta":{"rootId":"2nj4ckjt87orxgy","id":"2nj4ckjt87orxgy"},"id":"wpmq48tug8hpnjg","previousOperationId":"l2y3c7f0nntl7jk"}
{"type":"operationEnd","operationId":"l2y3c7f0nntl7jk","timestamp":1674753946474,"id":"fnaqs8kk72chxix","previousEventId":"bzav9oqkq40x2bn","previousOperationId":"l2y3c7f0nntl7jk"}
{"type":"log","timestamp":1674753946474,"level":"debug","message":"Executing script testing (afterRender)","meta":{"rootId":"2nj4ckjt87orxgy","id":"2nj4ckjt87orxgy"},"id":"7gunp1yks77kxj6","previousOperationId":"l2y3c7f0nntl7jk"}
{"type":"operationStart","subtype":"scriptsAfterRender","name":"scripts afterRender","timestamp":1674753946483,"id":"qzdc3vw6giwazlw","previousEventId":"fnaqs8kk72chxix","operationId":"a0e82frbxiqzuhh","previousOperationId":"l2y3c7f0nntl7jk"}
{"type":"operationStart","subtype":"script","name":"scripts testing","previousOperationId":"a0e82frbxiqzuhh","timestamp":1674753946483,"id":"a4s8xfg6tho0cl0","previousEventId":"qzdc3vw6giwazlw","operationId":"ebqbb2yt3a69d4w"}
{"type":"operationEnd","operationId":"ebqbb2yt3a69d4w","timestamp":1674753947644,"id":"0vdy0l6jl9xafx9","previousEventId":"fnaqs8kk72chxix","previousOperationId":"l2y3c7f0nntl7jk"}
{"type":"operationEnd","operationId":"a0e82frbxiqzuhh","timestamp":1674753947644,"id":"gecjndw0uud3qvi","previousEventId":"0vdy0l6jl9xafx9","previousOperationId":"l2y3c7f0nntl7jk"}
{"type":"log","timestamp":1674753947644,"level":"debug","message":"Skipping storing report.","meta":{"rootId":"2nj4ckjt87orxgy","id":"2nj4ckjt87orxgy"},"id":"v1s3s1zq68enrvi","previousOperationId":"a0e82frbxiqzuhh"}
{"type":"log","timestamp":1674753947644,"level":"info","message":"Rendering request 36 finished in 2350 ms","meta":{"rootId":"2nj4ckjt87orxgy","id":"2nj4ckjt87orxgy"},"id":"i2p6ti7342v70ys","previousOperationId":"a0e82frbxiqzuhh"}
{"type":"operationEnd","subtype":"render","operationId":"ve9kwzkk38ps8oq","timestamp":1674753947644,"id":"phlfamltpfh35bk","previousEventId":"gecjndw0uud3qvi","previousOperationId":"a0e82frbxiqzuhh"}
{"type":"operationEnd","doDiffs":false,"previousEventId":"phb131xui6da69w","previousOperationId":"seg3t4cds19rvf3","operationId":"seg3t4cds19rvf3","timestamp":1674753947648,"id":"zhp2gjqhstc7klp"}
