{"type":"operationStart","subtype":"profile","data":{"_id":"0KXLJwfKpMY0MACs","timestamp":"2023-01-26T12:03:43.490Z","state":"queued","mode":"standard","creationDate":"2023-01-26T12:03:43.499Z","modificationDate":"2023-01-26T12:03:43.499Z","shortid":"TOkYEro","$entitySet":"profiles"},"doDiffs":false,"timestamp":1674734623495,"id":"mcmijm4hemt7pmf","previousOperationId":null,"operationId":"gkkfs7hhso2qsim"}
{"type":"log","level":"info","message":"Render request 23 queued for execution and waiting for available worker","previousOperationId":"gkkfs7hhso2qsim","timestamp":1674734623495,"id":"yprsj05r2tyhlfn"}
{"type":"operationStart","subtype":"render","name":"Data","previousOperationId":"gkkfs7hhso2qsim","timestamp":1674734623519,"id":"lj3tfag33hlp8f4","previousEventId":"mcmijm4hemt7pmf","operationId":"bgw99qc2h7bz2nc"}
{"type":"log","timestamp":1674734623519,"level":"info","message":"Starting rendering request 23","meta":{"rootId":"3fvve24rg7mald7","id":"3fvve24rg7mald7"},"id":"z0zgqs7bepqmx3z","previousOperationId":"bgw99qc2h7bz2nc"}
{"type":"log","timestamp":1674734623520,"level":"info","message":"Rendering template { name: Data, recipe: chrome-pdf, engine: handlebars, preview: true }","meta":{"rootId":"3fvve24rg7mald7","id":"3fvve24rg7mald7"},"id":"2d6wfsyogga18kx","previousOperationId":"bgw99qc2h7bz2nc"}
{"type":"log","timestamp":1674734623521,"level":"debug","message":"Data item not defined for this template.","meta":{"rootId":"3fvve24rg7mald7","id":"3fvve24rg7mald7"},"id":"w55n5r1habpoqcn","previousOperationId":"bgw99qc2h7bz2nc"}
{"type":"log","timestamp":1674734623532,"level":"debug","message":"Executing script testing (beforeRender)","meta":{"rootId":"3fvve24rg7mald7","id":"3fvve24rg7mald7"},"id":"uu1tp49g9sfcnzu","previousOperationId":"bgw99qc2h7bz2nc"}
{"type":"operationStart","subtype":"scriptsBeforeRender","name":"scripts beforeRender","timestamp":1674734623623,"id":"i55n0w25s8a3vc6","previousEventId":"lj3tfag33hlp8f4","operationId":"ibu5itli0nvce4x","previousOperationId":"bgw99qc2h7bz2nc"}
{"type":"operationStart","subtype":"script","name":"scripts testing","previousOperationId":"ibu5itli0nvce4x","timestamp":1674734623623,"id":"uvsjtb70suprvlb","previousEventId":"i55n0w25s8a3vc6","operationId":"zda8yv3yparcw6x"}
{"type":"log","timestamp":1674734624459,"level":"debug","message":"(console:log) {\n  events: {\n    id: 54,\n    title: 'Festival Cine Gáldar',\n    description: 'Este año tenemos el placer de anunciar el Festival de cine de Gáldar un año más donde podremos ver cine de todos los géneros y tipos...',\n    date: '2022-11-02',\n    starting_hour: '15:00',\n    finished_hour: '21:00',\n    url: 'https://ficgaldar.es',\n    created_at: '2022-12-16T20:21:57.613Z',\n    updated_at: '2022-12-16T20:33:25.999Z',\n    location_id: 59,\n    event_type_id: 42,\n    image: 'http://localhost:3000/rails/active_storage/blobs/redirect/eyJfcmFpbHMiOnsibWVzc2FnZSI6IkJBaHBidz09IiwiZXhwIjpudWxsLCJwdXIiOiJibG9iX2lkIn19--4d03c0a42072b5f7f6a32f42e165676d2dde3b17/af-FIC-cartel-MEDIOS-1320x1848.png'\n  },\n  location_id: [ '58', '2', '59' ],\n  repetition: [ '2', '3', '1' ]\n}","meta":{"userLevel":true,"rootId":"3fvve24rg7mald7","id":"3fvve24rg7mald7"},"id":"s2y8a3xqz5gz78v","previousOperationId":"zda8yv3yparcw6x"}
{"type":"operationEnd","operationId":"zda8yv3yparcw6x","timestamp":1674734625056,"id":"epu8b3xwl34q280","previousEventId":"lj3tfag33hlp8f4","previousOperationId":"bgw99qc2h7bz2nc"}
{"type":"operationEnd","operationId":"ibu5itli0nvce4x","timestamp":1674734625056,"id":"w2hjcy0lbge1asv","previousEventId":"epu8b3xwl34q280","previousOperationId":"bgw99qc2h7bz2nc"}
{"type":"log","timestamp":1674734625057,"level":"debug","message":"Base url not specified, skipping its injection.","meta":{"rootId":"3fvve24rg7mald7","id":"3fvve24rg7mald7"},"id":"b5xewuaeuc78hso","previousOperationId":"ibu5itli0nvce4x"}
{"type":"operationStart","subtype":"engine","name":"handlebars","timestamp":1674734625058,"id":"iqyly5xktbalkem","previousEventId":"w2hjcy0lbge1asv","operationId":"qzksfnreuw05fh0","previousOperationId":"ibu5itli0nvce4x"}
{"type":"log","timestamp":1674734625058,"level":"debug","message":"Rendering engine handlebars","meta":{"rootId":"3fvve24rg7mald7","id":"3fvve24rg7mald7"},"id":"694wah6bmo4echj","previousOperationId":"qzksfnreuw05fh0"}
{"type":"operationEnd","operationId":"qzksfnreuw05fh0","timestamp":1674734625072,"id":"oda48eepowmnc3s","previousEventId":"iqyly5xktbalkem","previousOperationId":"qzksfnreuw05fh0"}
{"type":"operationStart","subtype":"recipe","name":"chrome-pdf","timestamp":1674734625074,"id":"sfxr20iz211489x","previousEventId":"oda48eepowmnc3s","operationId":"idy6f17go0pkkgd","previousOperationId":"qzksfnreuw05fh0"}
{"type":"log","timestamp":1674734625074,"level":"debug","message":"Executing recipe chrome-pdf","meta":{"rootId":"3fvve24rg7mald7","id":"3fvve24rg7mald7"},"id":"gv18ksi8gujb08a","previousOperationId":"idy6f17go0pkkgd"}
{"type":"log","timestamp":1674734625086,"level":"debug","message":"Converting with chrome HeadlessChrome/105.0.5173.0 using chrome-pool strategy","meta":{"rootId":"3fvve24rg7mald7","id":"3fvve24rg7mald7"},"id":"3ggi1dowj2ny0bz","previousOperationId":"idy6f17go0pkkgd"}
{"type":"log","timestamp":1674734625233,"level":"debug","message":"Page request: GET (document) file:///C:/Users/Johan/AppData/Local/Temp/jsreport/autocleanup/0fe0ea53-0e5f-4eda-b66f-7578c8e8337a-chrome-pdf.html","meta":{"rootId":"3fvve24rg7mald7","id":"3fvve24rg7mald7"},"id":"k3p5j68ec1n9dhb","previousOperationId":"idy6f17go0pkkgd"}
{"type":"log","timestamp":1674734625271,"level":"debug","message":"Page request: GET (stylesheet) https://cdnjs.cloudflare.com/ajax/libs/metro/4.1.5/css/metro.min.css","meta":{"rootId":"3fvve24rg7mald7","id":"3fvve24rg7mald7"},"id":"66dzv7o7edunigf","previousOperationId":"idy6f17go0pkkgd"}
{"type":"log","timestamp":1674734625272,"level":"debug","message":"Page request: GET (script) https://cdnjs.cloudflare.com/ajax/libs/Chart.js/2.7.2/Chart.min.js","meta":{"rootId":"3fvve24rg7mald7","id":"3fvve24rg7mald7"},"id":"0qera5jn5k5e4ri","previousOperationId":"idy6f17go0pkkgd"}
{"type":"log","timestamp":1674734625276,"level":"debug","message":"Page request finished: GET (document) 200 file:///C:/Users/Johan/AppData/Local/Temp/jsreport/autocleanup/0fe0ea53-0e5f-4eda-b66f-7578c8e8337a-chrome-pdf.html","meta":{"rootId":"3fvve24rg7mald7","id":"3fvve24rg7mald7"},"id":"pfqspvwpy77n21x","previousOperationId":"idy6f17go0pkkgd"}
{"type":"log","timestamp":1674734625276,"level":"debug","message":"Page request: GET (stylesheet) https://cdnjs.cloudflare.com/ajax/libs/chartist/0.11.0/chartist.min.css","meta":{"rootId":"3fvve24rg7mald7","id":"3fvve24rg7mald7"},"id":"zvz611dlaqp1hal","previousOperationId":"idy6f17go0pkkgd"}
{"type":"log","timestamp":1674734625277,"level":"debug","message":"Page request: GET (script) https://cdnjs.cloudflare.com/ajax/libs/chartist/0.11.0/chartist.min.js","meta":{"rootId":"3fvve24rg7mald7","id":"3fvve24rg7mald7"},"id":"8uox2of7ii5mt27","previousOperationId":"idy6f17go0pkkgd"}
{"type":"log","timestamp":1674734625277,"level":"debug","message":"Page request: GET (script) https://unpkg.com/chartist-plugin-tooltips@0.0.17","meta":{"rootId":"3fvve24rg7mald7","id":"3fvve24rg7mald7"},"id":"zbvf32km82nw6jn","previousOperationId":"idy6f17go0pkkgd"}
{"type":"log","timestamp":1674734625278,"level":"debug","message":"Page request: GET (script) https://unpkg.com/chartist-plugin-pointlabels@0.0.6","meta":{"rootId":"3fvve24rg7mald7","id":"3fvve24rg7mald7"},"id":"aiyfqmiw5jqti9r","previousOperationId":"idy6f17go0pkkgd"}
{"type":"log","timestamp":1674734625278,"level":"debug","message":"Page request: GET (script) http://code.jquery.com/jquery-1.11.0.min.js","meta":{"rootId":"3fvve24rg7mald7","id":"3fvve24rg7mald7"},"id":"vk7odm4zqcn26ld","previousOperationId":"idy6f17go0pkkgd"}
{"type":"log","timestamp":1674734625281,"level":"debug","message":"Page request: GET (script) http://cdnjs.cloudflare.com/ajax/libs/flot/0.8.1/jquery.flot.min.js","meta":{"rootId":"3fvve24rg7mald7","id":"3fvve24rg7mald7"},"id":"y9omvvr0m1anlkr","previousOperationId":"idy6f17go0pkkgd"}
{"type":"log","timestamp":1674734625283,"level":"debug","message":"Page request: GET (script) https://cdn.jsdelivr.net/npm/chart.js@2.9.3/dist/Chart.min.js","meta":{"rootId":"3fvve24rg7mald7","id":"3fvve24rg7mald7"},"id":"r0cf2sjvc0huyum","previousOperationId":"idy6f17go0pkkgd"}
{"type":"log","timestamp":1674734625289,"level":"debug","message":"Page request finished: GET (script) 200 https://cdnjs.cloudflare.com/ajax/libs/Chart.js/2.7.2/Chart.min.js","meta":{"rootId":"3fvve24rg7mald7","id":"3fvve24rg7mald7"},"id":"rmivg76v92mlnp8","previousOperationId":"idy6f17go0pkkgd"}
{"type":"log","timestamp":1674734625293,"level":"warn","message":"Page request failed: GET (script) 307 http://cdnjs.cloudflare.com/ajax/libs/flot/0.8.1/jquery.flot.min.js (redirect to: https://cdnjs.cloudflare.com/ajax/libs/flot/0.8.1/jquery.flot.min.js)","meta":{"rootId":"3fvve24rg7mald7","id":"3fvve24rg7mald7"},"id":"0kft64vrjzsw179","previousOperationId":"idy6f17go0pkkgd"}
{"type":"log","timestamp":1674734625293,"level":"debug","message":"Page request: GET (script) https://cdnjs.cloudflare.com/ajax/libs/flot/0.8.1/jquery.flot.min.js (redirect from: http://cdnjs.cloudflare.com/ajax/libs/flot/0.8.1/jquery.flot.min.js)","meta":{"rootId":"3fvve24rg7mald7","id":"3fvve24rg7mald7"},"id":"dmddcgj05gv6bh2","previousOperationId":"idy6f17go0pkkgd"}
{"type":"log","timestamp":1674734625295,"level":"debug","message":"Page request finished: GET (stylesheet) 200 https://cdnjs.cloudflare.com/ajax/libs/chartist/0.11.0/chartist.min.css","meta":{"rootId":"3fvve24rg7mald7","id":"3fvve24rg7mald7"},"id":"81q1wpf88xcya7x","previousOperationId":"idy6f17go0pkkgd"}
{"type":"log","timestamp":1674734625295,"level":"debug","message":"Page request finished: GET (script) 200 https://cdnjs.cloudflare.com/ajax/libs/chartist/0.11.0/chartist.min.js","meta":{"rootId":"3fvve24rg7mald7","id":"3fvve24rg7mald7"},"id":"uejo6z5hw4qhil0","previousOperationId":"idy6f17go0pkkgd"}
{"type":"log","timestamp":1674734625295,"level":"warn","message":"Page request failed: GET (script) 302 https://unpkg.com/chartist-plugin-tooltips@0.0.17 (redirect to: /chartist-plugin-tooltips@0.0.17/dist/chartist-plugin-tooltip.js)","meta":{"rootId":"3fvve24rg7mald7","id":"3fvve24rg7mald7"},"id":"wy8ccd1xas9nbin","previousOperationId":"idy6f17go0pkkgd"}
{"type":"log","timestamp":1674734625296,"level":"debug","message":"Page request: GET (script) https://unpkg.com/chartist-plugin-tooltips@0.0.17/dist/chartist-plugin-tooltip.js (redirect from: https://unpkg.com/chartist-plugin-tooltips@0.0.17)","meta":{"rootId":"3fvve24rg7mald7","id":"3fvve24rg7mald7"},"id":"idionn4a5mvc025","previousOperationId":"idy6f17go0pkkgd"}
{"type":"log","timestamp":1674734625297,"level":"warn","message":"Page request failed: GET (script) 302 https://unpkg.com/chartist-plugin-pointlabels@0.0.6 (redirect to: /chartist-plugin-pointlabels@0.0.6/dist/chartist-plugin-pointlabels.js)","meta":{"rootId":"3fvve24rg7mald7","id":"3fvve24rg7mald7"},"id":"ruojvd8defxz5sr","previousOperationId":"idy6f17go0pkkgd"}
{"type":"log","timestamp":1674734625299,"level":"debug","message":"Page request: GET (script) https://unpkg.com/chartist-plugin-pointlabels@0.0.6/dist/chartist-plugin-pointlabels.js (redirect from: https://unpkg.com/chartist-plugin-pointlabels@0.0.6)","meta":{"rootId":"3fvve24rg7mald7","id":"3fvve24rg7mald7"},"id":"snpszj5p88lisp0","previousOperationId":"idy6f17go0pkkgd"}
{"type":"log","timestamp":1674734625301,"level":"debug","message":"Page request finished: GET (script) 200 http://code.jquery.com/jquery-1.11.0.min.js","meta":{"rootId":"3fvve24rg7mald7","id":"3fvve24rg7mald7"},"id":"lel8x48h0lv69an","previousOperationId":"idy6f17go0pkkgd"}
{"type":"log","timestamp":1674734625301,"level":"debug","message":"Page request finished: GET (script) 200 https://cdn.jsdelivr.net/npm/chart.js@2.9.3/dist/Chart.min.js","meta":{"rootId":"3fvve24rg7mald7","id":"3fvve24rg7mald7"},"id":"au51xg9c1u2ctfn","previousOperationId":"idy6f17go0pkkgd"}
{"type":"log","timestamp":1674734625321,"level":"debug","message":"Page request finished: GET (stylesheet) 200 https://cdnjs.cloudflare.com/ajax/libs/metro/4.1.5/css/metro.min.css","meta":{"rootId":"3fvve24rg7mald7","id":"3fvve24rg7mald7"},"id":"z5658oit911b9f0","previousOperationId":"idy6f17go0pkkgd"}
{"type":"log","timestamp":1674734625333,"level":"debug","message":"Page request finished: GET (script) 200 https://unpkg.com/chartist-plugin-tooltips@0.0.17/dist/chartist-plugin-tooltip.js","meta":{"rootId":"3fvve24rg7mald7","id":"3fvve24rg7mald7"},"id":"dk8ixlrpua0dc7d","previousOperationId":"idy6f17go0pkkgd"}
{"type":"log","timestamp":1674734625333,"level":"debug","message":"Page request finished: GET (script) 200 https://unpkg.com/chartist-plugin-pointlabels@0.0.6/dist/chartist-plugin-pointlabels.js","meta":{"rootId":"3fvve24rg7mald7","id":"3fvve24rg7mald7"},"id":"o3y2b3af4w9wt57","previousOperationId":"idy6f17go0pkkgd"}
{"type":"log","timestamp":1674734625333,"level":"debug","message":"Page request finished: GET (script) 200 https://cdnjs.cloudflare.com/ajax/libs/flot/0.8.1/jquery.flot.min.js","meta":{"rootId":"3fvve24rg7mald7","id":"3fvve24rg7mald7"},"id":"lyowzm88uu5bx3m","previousOperationId":"idy6f17go0pkkgd"}
{"type":"log","timestamp":1674734625359,"level":"warn","message":"Page error: SyntaxError: Unexpected token ','","meta":{"rootId":"3fvve24rg7mald7","id":"3fvve24rg7mald7"},"id":"hwwcvnn9bzuskz9","previousOperationId":"idy6f17go0pkkgd"}
{"type":"log","timestamp":1674734625427,"level":"debug","message":"Running chrome with params {\"printBackground\":true,\"timeout\":58406,\"margin\":{}}","meta":{"rootId":"3fvve24rg7mald7","id":"3fvve24rg7mald7"},"id":"gi2h455bxx2busb","previousOperationId":"idy6f17go0pkkgd"}
{"type":"operationEnd","operationId":"idy6f17go0pkkgd","timestamp":1674734625577,"id":"9enj28inhg1iwld","previousEventId":"sfxr20iz211489x","previousOperationId":"idy6f17go0pkkgd"}
{"type":"log","timestamp":1674734625577,"level":"debug","message":"Executing script testing (afterRender)","meta":{"rootId":"3fvve24rg7mald7","id":"3fvve24rg7mald7"},"id":"4ng381ryrawk8dv","previousOperationId":"idy6f17go0pkkgd"}
{"type":"operationStart","subtype":"scriptsAfterRender","name":"scripts afterRender","timestamp":1674734625594,"id":"4ry1twd9nzkw56e","previousEventId":"9enj28inhg1iwld","operationId":"81usbdtzp3cb01q","previousOperationId":"idy6f17go0pkkgd"}
{"type":"operationStart","subtype":"script","name":"scripts testing","previousOperationId":"81usbdtzp3cb01q","timestamp":1674734625594,"id":"iwo7wrh5fxknmw0","previousEventId":"4ry1twd9nzkw56e","operationId":"do7vxvmkm2zgahb"}
{"type":"operationEnd","operationId":"do7vxvmkm2zgahb","timestamp":1674734626625,"id":"xa8cki4eqi0oi9e","previousEventId":"9enj28inhg1iwld","previousOperationId":"idy6f17go0pkkgd"}
{"type":"operationEnd","operationId":"81usbdtzp3cb01q","timestamp":1674734626625,"id":"m1sjnnupr1lq0da","previousEventId":"xa8cki4eqi0oi9e","previousOperationId":"idy6f17go0pkkgd"}
{"type":"log","timestamp":1674734626625,"level":"debug","message":"Skipping storing report.","meta":{"rootId":"3fvve24rg7mald7","id":"3fvve24rg7mald7"},"id":"qy9j8fwj5mu2hwx","previousOperationId":"81usbdtzp3cb01q"}
{"type":"log","timestamp":1674734626625,"level":"info","message":"Rendering request 23 finished in 3136 ms","meta":{"rootId":"3fvve24rg7mald7","id":"3fvve24rg7mald7"},"id":"9vo0j0apbk12gms","previousOperationId":"81usbdtzp3cb01q"}
{"type":"operationEnd","subtype":"render","operationId":"bgw99qc2h7bz2nc","timestamp":1674734626625,"id":"o3m3u8gm0tz72cg","previousEventId":"m1sjnnupr1lq0da","previousOperationId":"81usbdtzp3cb01q"}
{"type":"operationEnd","doDiffs":false,"previousEventId":"mcmijm4hemt7pmf","previousOperationId":"gkkfs7hhso2qsim","operationId":"gkkfs7hhso2qsim","timestamp":1674734626629,"id":"558khk44py0rnju"}
