{"type":"operationStart","subtype":"profile","data":{"_id":"rvT3Cd1sD4RTY5cA","timestamp":"2023-01-26T17:27:14.180Z","state":"queued","mode":"standard","creationDate":"2023-01-26T17:27:14.181Z","modificationDate":"2023-01-26T17:27:14.181Z","shortid":"Ecp_iIC","$entitySet":"profiles"},"doDiffs":false,"timestamp":1674754034181,"id":"6w6sdkuyf01yz72","previousOperationId":null,"operationId":"1egsxwdmiwounth"}
{"type":"log","level":"info","message":"Render request 39 queued for execution and waiting for available worker","previousOperationId":"1egsxwdmiwounth","timestamp":1674754034181,"id":"qen060p31vze5y7"}
{"type":"operationStart","subtype":"render","name":"Data","previousOperationId":"1egsxwdmiwounth","timestamp":1674754034197,"id":"5zgdk64nl9nkfi2","previousEventId":"6w6sdkuyf01yz72","operationId":"nncejel865aux1k"}
{"type":"log","timestamp":1674754034197,"level":"info","message":"Starting rendering request 39","meta":{"rootId":"3j7j3f47n8yq7ja","id":"3j7j3f47n8yq7ja"},"id":"ty03belol2m84tp","previousOperationId":"nncejel865aux1k"}
{"type":"log","timestamp":1674754034198,"level":"info","message":"Rendering template { name: Data, recipe: chrome-pdf, engine: handlebars, preview: true }","meta":{"rootId":"3j7j3f47n8yq7ja","id":"3j7j3f47n8yq7ja"},"id":"wlskt0owifhq8xe","previousOperationId":"nncejel865aux1k"}
{"type":"log","timestamp":1674754034201,"level":"debug","message":"Data item not defined for this template.","meta":{"rootId":"3j7j3f47n8yq7ja","id":"3j7j3f47n8yq7ja"},"id":"8y9f0rxgh1mpbrv","previousOperationId":"nncejel865aux1k"}
{"type":"log","timestamp":1674754034205,"level":"debug","message":"Executing script testing (beforeRender)","meta":{"rootId":"3j7j3f47n8yq7ja","id":"3j7j3f47n8yq7ja"},"id":"ezx15abje2rha2s","previousOperationId":"nncejel865aux1k"}
{"type":"operationStart","subtype":"scriptsBeforeRender","name":"scripts beforeRender","timestamp":1674754034255,"id":"hufo1lsrw41aulx","previousEventId":"5zgdk64nl9nkfi2","operationId":"38ach3yterisylv","previousOperationId":"nncejel865aux1k"}
{"type":"operationStart","subtype":"script","name":"scripts testing","previousOperationId":"38ach3yterisylv","timestamp":1674754034255,"id":"kwxihb2zitvlcuj","previousEventId":"hufo1lsrw41aulx","operationId":"g6dlerf9ugom8re"}
{"type":"log","timestamp":1674754034502,"level":"debug","message":"(console:log) {\n  locationName: [ 'Las Palmas de Gran Canaria', 'Galdar', 'Teror' ],\n  repetition: [ '2', '1', '3' ]\n}","meta":{"userLevel":true,"rootId":"3j7j3f47n8yq7ja","id":"3j7j3f47n8yq7ja"},"id":"76vk23cza3fz7hh","previousOperationId":"g6dlerf9ugom8re"}
{"type":"log","timestamp":1674754034502,"level":"debug","message":"(console:log) [ 'Las Palmas de Gran Canaria', 'Galdar', 'Teror' ]","meta":{"userLevel":true,"rootId":"3j7j3f47n8yq7ja","id":"3j7j3f47n8yq7ja"},"id":"nz28vbhpdkurgwb","previousOperationId":"g6dlerf9ugom8re"}
{"type":"log","timestamp":1674754034502,"level":"debug","message":"(console:log) [ '2', '1', '3' ]","meta":{"userLevel":true,"rootId":"3j7j3f47n8yq7ja","id":"3j7j3f47n8yq7ja"},"id":"nnwu7y599grjtdr","previousOperationId":"g6dlerf9ugom8re"}
{"type":"operationEnd","operationId":"g6dlerf9ugom8re","timestamp":1674754034921,"id":"x7rfdlbabzj722q","previousEventId":"5zgdk64nl9nkfi2","previousOperationId":"nncejel865aux1k"}
{"type":"operationEnd","operationId":"38ach3yterisylv","timestamp":1674754034921,"id":"gm9va33pxj5qv0y","previousEventId":"x7rfdlbabzj722q","previousOperationId":"nncejel865aux1k"}
{"type":"log","timestamp":1674754034921,"level":"debug","message":"Base url not specified, skipping its injection.","meta":{"rootId":"3j7j3f47n8yq7ja","id":"3j7j3f47n8yq7ja"},"id":"vkxbgmh01vkeaa1","previousOperationId":"38ach3yterisylv"}
{"type":"operationStart","subtype":"engine","name":"handlebars","timestamp":1674754034921,"id":"5ao2ltacem2xyjg","previousEventId":"gm9va33pxj5qv0y","operationId":"xwgq8wkojr0ab2e","previousOperationId":"38ach3yterisylv"}
{"type":"log","timestamp":1674754034921,"level":"debug","message":"Rendering engine handlebars","meta":{"rootId":"3j7j3f47n8yq7ja","id":"3j7j3f47n8yq7ja"},"id":"3clv9urvdcoe7cw","previousOperationId":"xwgq8wkojr0ab2e"}
{"type":"operationEnd","operationId":"xwgq8wkojr0ab2e","timestamp":1674754034940,"id":"whlpbf6ss007uxf","previousEventId":"5ao2ltacem2xyjg","previousOperationId":"xwgq8wkojr0ab2e"}
{"type":"operationStart","subtype":"recipe","name":"chrome-pdf","timestamp":1674754034940,"id":"e053uff61uyps2v","previousEventId":"whlpbf6ss007uxf","operationId":"h9lqvkvzc9o72w2","previousOperationId":"xwgq8wkojr0ab2e"}
{"type":"log","timestamp":1674754034940,"level":"debug","message":"Executing recipe chrome-pdf","meta":{"rootId":"3j7j3f47n8yq7ja","id":"3j7j3f47n8yq7ja"},"id":"kmdi6cmqw4knv03","previousOperationId":"h9lqvkvzc9o72w2"}
{"type":"log","timestamp":1674754034944,"level":"debug","message":"Converting with chrome HeadlessChrome/105.0.5173.0 using chrome-pool strategy","meta":{"rootId":"3j7j3f47n8yq7ja","id":"3j7j3f47n8yq7ja"},"id":"x0mbvd00vox0kmd","previousOperationId":"h9lqvkvzc9o72w2"}
{"type":"log","timestamp":1674754035037,"level":"debug","message":"Page request: GET (document) file:///C:/Users/Johan/AppData/Local/Temp/jsreport/autocleanup/441883c2-d7d7-49ed-85f0-cca5361803f8-chrome-pdf.html","meta":{"rootId":"3j7j3f47n8yq7ja","id":"3j7j3f47n8yq7ja"},"id":"gjaeeu56v4kgvke","previousOperationId":"h9lqvkvzc9o72w2"}
{"type":"log","timestamp":1674754035063,"level":"debug","message":"Page request: GET (stylesheet) https://cdnjs.cloudflare.com/ajax/libs/metro/4.1.5/css/metro.min.css","meta":{"rootId":"3j7j3f47n8yq7ja","id":"3j7j3f47n8yq7ja"},"id":"bakwocm2d10pwy5","previousOperationId":"h9lqvkvzc9o72w2"}
{"type":"log","timestamp":1674754035064,"level":"debug","message":"Page request: GET (stylesheet) https://cdnjs.cloudflare.com/ajax/libs/chartist/0.11.0/chartist.min.css","meta":{"rootId":"3j7j3f47n8yq7ja","id":"3j7j3f47n8yq7ja"},"id":"vfzzvvgfp3uv274","previousOperationId":"h9lqvkvzc9o72w2"}
{"type":"log","timestamp":1674754035064,"level":"debug","message":"Page request: GET (script) https://cdnjs.cloudflare.com/ajax/libs/chartist/0.11.0/chartist.min.js","meta":{"rootId":"3j7j3f47n8yq7ja","id":"3j7j3f47n8yq7ja"},"id":"pg3xl68ho0kama8","previousOperationId":"h9lqvkvzc9o72w2"}
{"type":"log","timestamp":1674754035065,"level":"debug","message":"Page request finished: GET (document) 200 file:///C:/Users/Johan/AppData/Local/Temp/jsreport/autocleanup/441883c2-d7d7-49ed-85f0-cca5361803f8-chrome-pdf.html","meta":{"rootId":"3j7j3f47n8yq7ja","id":"3j7j3f47n8yq7ja"},"id":"fx7tk98sqcq0wlr","previousOperationId":"h9lqvkvzc9o72w2"}
{"type":"log","timestamp":1674754035065,"level":"debug","message":"Page request: GET (script) https://unpkg.com/chartist-plugin-tooltips@0.0.17","meta":{"rootId":"3j7j3f47n8yq7ja","id":"3j7j3f47n8yq7ja"},"id":"t6k48jgamyyd5wa","previousOperationId":"h9lqvkvzc9o72w2"}
{"type":"log","timestamp":1674754035065,"level":"debug","message":"Page request: GET (script) https://unpkg.com/chartist-plugin-pointlabels@0.0.6","meta":{"rootId":"3j7j3f47n8yq7ja","id":"3j7j3f47n8yq7ja"},"id":"tkycxba222o1i7v","previousOperationId":"h9lqvkvzc9o72w2"}
{"type":"log","timestamp":1674754035071,"level":"debug","message":"Page request finished: GET (stylesheet) 200 https://cdnjs.cloudflare.com/ajax/libs/chartist/0.11.0/chartist.min.css","meta":{"rootId":"3j7j3f47n8yq7ja","id":"3j7j3f47n8yq7ja"},"id":"ugs6g2193d4g8it","previousOperationId":"h9lqvkvzc9o72w2"}
{"type":"log","timestamp":1674754035072,"level":"warn","message":"Page request failed: GET (script) 302 https://unpkg.com/chartist-plugin-tooltips@0.0.17 (redirect to: /chartist-plugin-tooltips@0.0.17/dist/chartist-plugin-tooltip.js)","meta":{"rootId":"3j7j3f47n8yq7ja","id":"3j7j3f47n8yq7ja"},"id":"7afnmkhzeifl2p4","previousOperationId":"h9lqvkvzc9o72w2"}
{"type":"log","timestamp":1674754035072,"level":"debug","message":"Page request: GET (script) https://unpkg.com/chartist-plugin-tooltips@0.0.17/dist/chartist-plugin-tooltip.js (redirect from: https://unpkg.com/chartist-plugin-tooltips@0.0.17)","meta":{"rootId":"3j7j3f47n8yq7ja","id":"3j7j3f47n8yq7ja"},"id":"tcciabrk1q2uxv7","previousOperationId":"h9lqvkvzc9o72w2"}
{"type":"log","timestamp":1674754035073,"level":"warn","message":"Page request failed: GET (script) 302 https://unpkg.com/chartist-plugin-pointlabels@0.0.6 (redirect to: /chartist-plugin-pointlabels@0.0.6/dist/chartist-plugin-pointlabels.js)","meta":{"rootId":"3j7j3f47n8yq7ja","id":"3j7j3f47n8yq7ja"},"id":"g6x22m4fbivr744","previousOperationId":"h9lqvkvzc9o72w2"}
{"type":"log","timestamp":1674754035073,"level":"debug","message":"Page request: GET (script) https://unpkg.com/chartist-plugin-pointlabels@0.0.6/dist/chartist-plugin-pointlabels.js (redirect from: https://unpkg.com/chartist-plugin-pointlabels@0.0.6)","meta":{"rootId":"3j7j3f47n8yq7ja","id":"3j7j3f47n8yq7ja"},"id":"le3v9jc9jzhzpn7","previousOperationId":"h9lqvkvzc9o72w2"}
{"type":"log","timestamp":1674754035089,"level":"debug","message":"Page request finished: GET (stylesheet) 200 https://cdnjs.cloudflare.com/ajax/libs/metro/4.1.5/css/metro.min.css","meta":{"rootId":"3j7j3f47n8yq7ja","id":"3j7j3f47n8yq7ja"},"id":"zhxt3ff5jdke8o9","previousOperationId":"h9lqvkvzc9o72w2"}
{"type":"log","timestamp":1674754035089,"level":"debug","message":"Page request finished: GET (script) 200 https://cdnjs.cloudflare.com/ajax/libs/chartist/0.11.0/chartist.min.js","meta":{"rootId":"3j7j3f47n8yq7ja","id":"3j7j3f47n8yq7ja"},"id":"i79ukbjgbw0fd4i","previousOperationId":"h9lqvkvzc9o72w2"}
{"type":"log","timestamp":1674754035090,"level":"debug","message":"Page request finished: GET (script) 200 https://unpkg.com/chartist-plugin-tooltips@0.0.17/dist/chartist-plugin-tooltip.js","meta":{"rootId":"3j7j3f47n8yq7ja","id":"3j7j3f47n8yq7ja"},"id":"99petgpos1o4w8p","previousOperationId":"h9lqvkvzc9o72w2"}
{"type":"log","timestamp":1674754035091,"level":"debug","message":"Page request finished: GET (script) 200 https://unpkg.com/chartist-plugin-pointlabels@0.0.6/dist/chartist-plugin-pointlabels.js","meta":{"rootId":"3j7j3f47n8yq7ja","id":"3j7j3f47n8yq7ja"},"id":"6f6fxtmeq91dpr3","previousOperationId":"h9lqvkvzc9o72w2"}
{"type":"log","timestamp":1674754035092,"level":"debug","message":"(console:log) Me he venido","meta":{"userLevel":true,"rootId":"3j7j3f47n8yq7ja","id":"3j7j3f47n8yq7ja"},"id":"hiu7lcl56tcpenz","previousOperationId":"h9lqvkvzc9o72w2"}
{"type":"log","timestamp":1674754035092,"level":"debug","message":"(console:log) object","meta":{"userLevel":true,"rootId":"3j7j3f47n8yq7ja","id":"3j7j3f47n8yq7ja"},"id":"tnr1tiawp9d24e9","previousOperationId":"h9lqvkvzc9o72w2"}
{"type":"log","timestamp":1674754035130,"level":"warn","message":"Page error: TypeError: b.normalized.series[e].forEach is not a function\n    at f.<anonymous> (https://cdnjs.cloudflare.com/ajax/libs/chartist/0.11.0/chartist.min.js:9:2056)\n    at Array.forEach (<anonymous>)\n    at f.d [as createChart] (https://cdnjs.cloudflare.com/ajax/libs/chartist/0.11.0/chartist.min.js:9:1626)\n    at f.h (https://cdnjs.cloudflare.com/ajax/libs/chartist/0.11.0/chartist.min.js:8:15161)","meta":{"rootId":"3j7j3f47n8yq7ja","id":"3j7j3f47n8yq7ja"},"id":"z8o9bvkrv0xc1cb","previousOperationId":"h9lqvkvzc9o72w2"}
{"type":"log","timestamp":1674754035150,"level":"debug","message":"Running chrome with params {\"printBackground\":true,\"timeout\":59237,\"margin\":{}}","meta":{"rootId":"3j7j3f47n8yq7ja","id":"3j7j3f47n8yq7ja"},"id":"w2w5x90eyhb4jzs","previousOperationId":"h9lqvkvzc9o72w2"}
{"type":"operationEnd","operationId":"h9lqvkvzc9o72w2","timestamp":1674754035328,"id":"y1e16ahi5wbc9ih","previousEventId":"e053uff61uyps2v","previousOperationId":"h9lqvkvzc9o72w2"}
{"type":"log","timestamp":1674754035328,"level":"debug","message":"Executing script testing (afterRender)","meta":{"rootId":"3j7j3f47n8yq7ja","id":"3j7j3f47n8yq7ja"},"id":"9qw8ine17r8x65z","previousOperationId":"h9lqvkvzc9o72w2"}
{"type":"operationStart","subtype":"scriptsAfterRender","name":"scripts afterRender","timestamp":1674754035336,"id":"oyzrgobqnilkr0f","previousEventId":"y1e16ahi5wbc9ih","operationId":"z9xsrcoy9wlma8f","previousOperationId":"h9lqvkvzc9o72w2"}
{"type":"operationStart","subtype":"script","name":"scripts testing","previousOperationId":"z9xsrcoy9wlma8f","timestamp":1674754035336,"id":"d0aw8mpja7sx3p2","previousEventId":"oyzrgobqnilkr0f","operationId":"6lwujzvgidjjsb7"}
{"type":"operationEnd","operationId":"6lwujzvgidjjsb7","timestamp":1674754036499,"id":"mbl46fmgs8ntt74","previousEventId":"y1e16ahi5wbc9ih","previousOperationId":"h9lqvkvzc9o72w2"}
{"type":"operationEnd","operationId":"z9xsrcoy9wlma8f","timestamp":1674754036499,"id":"bv44gzwss3e4pyb","previousEventId":"mbl46fmgs8ntt74","previousOperationId":"h9lqvkvzc9o72w2"}
{"type":"log","timestamp":1674754036499,"level":"debug","message":"Skipping storing report.","meta":{"rootId":"3j7j3f47n8yq7ja","id":"3j7j3f47n8yq7ja"},"id":"98kiddmme3niyv1","previousOperationId":"z9xsrcoy9wlma8f"}
{"type":"log","timestamp":1674754036500,"level":"info","message":"Rendering request 39 finished in 2320 ms","meta":{"rootId":"3j7j3f47n8yq7ja","id":"3j7j3f47n8yq7ja"},"id":"mjcp6bxjrqxl8rb","previousOperationId":"z9xsrcoy9wlma8f"}
{"type":"operationEnd","subtype":"render","operationId":"nncejel865aux1k","timestamp":1674754036500,"id":"imrspn2og1yvcqc","previousEventId":"bv44gzwss3e4pyb","previousOperationId":"z9xsrcoy9wlma8f"}
{"type":"operationEnd","doDiffs":false,"previousEventId":"6w6sdkuyf01yz72","previousOperationId":"1egsxwdmiwounth","operationId":"1egsxwdmiwounth","timestamp":1674754036503,"id":"532bsaj8suauuqs"}
