{"type":"operationStart","subtype":"profile","data":{"_id":"fgQPWzOXpsSUrZls","timestamp":"2023-01-26T16:35:41.859Z","state":"queued","mode":"standard","creationDate":"2023-01-26T16:35:41.863Z","modificationDate":"2023-01-26T16:35:41.863Z","shortid":"qYeEPhm","$entitySet":"profiles"},"doDiffs":false,"timestamp":1674750941861,"id":"4ewmd5xb6sl3n0n","previousOperationId":null,"operationId":"f9xmvw6gub7hqw9"}
{"type":"log","level":"info","message":"Render request 9 queued for execution and waiting for available worker","previousOperationId":"f9xmvw6gub7hqw9","timestamp":1674750941861,"id":"zvyiwrrqsybkncn"}
{"type":"operationStart","subtype":"render","name":"Data","previousOperationId":"f9xmvw6gub7hqw9","timestamp":1674750941875,"id":"hrxkowtijswz047","previousEventId":"4ewmd5xb6sl3n0n","operationId":"krbh4lv92w2oo31"}
{"type":"log","timestamp":1674750941876,"level":"info","message":"Starting rendering request 9","meta":{"rootId":"4klezpjtob42lti","id":"4klezpjtob42lti"},"id":"oy9pkfs19ovxzlx","previousOperationId":"krbh4lv92w2oo31"}
{"type":"log","timestamp":1674750941876,"level":"info","message":"Rendering template { name: Data, recipe: chrome-pdf, engine: handlebars, preview: true }","meta":{"rootId":"4klezpjtob42lti","id":"4klezpjtob42lti"},"id":"t7mm279ywyj9gy9","previousOperationId":"krbh4lv92w2oo31"}
{"type":"log","timestamp":1674750941878,"level":"debug","message":"Data item not defined for this template.","meta":{"rootId":"4klezpjtob42lti","id":"4klezpjtob42lti"},"id":"yvxk5bqkdr8snb4","previousOperationId":"krbh4lv92w2oo31"}
{"type":"log","timestamp":1674750941882,"level":"debug","message":"Executing script testing (beforeRender)","meta":{"rootId":"4klezpjtob42lti","id":"4klezpjtob42lti"},"id":"ip7fsi8xenx8o41","previousOperationId":"krbh4lv92w2oo31"}
{"type":"operationStart","subtype":"scriptsBeforeRender","name":"scripts beforeRender","timestamp":1674750941956,"id":"l03xptol0cclk91","previousEventId":"hrxkowtijswz047","operationId":"q43srpmr2v5tjlv","previousOperationId":"krbh4lv92w2oo31"}
{"type":"operationStart","subtype":"script","name":"scripts testing","previousOperationId":"q43srpmr2v5tjlv","timestamp":1674750941956,"id":"ftndmab7cvr3u74","previousEventId":"l03xptol0cclk91","operationId":"yfcsc9nualf6xy5"}
{"type":"log","timestamp":1674750942293,"level":"debug","message":"(console:log) {\n  locationName: [ 'Las Palmas de Gran Canaria', 'Galdar', 'Teror' ],\n  repetition: [ '2', '1', '3' ]\n}","meta":{"userLevel":true,"rootId":"4klezpjtob42lti","id":"4klezpjtob42lti"},"id":"sgh1wq3i7igxubq","previousOperationId":"yfcsc9nualf6xy5"}
{"type":"operationEnd","operationId":"yfcsc9nualf6xy5","timestamp":1674750942713,"id":"fdhjj7opucehghz","previousEventId":"hrxkowtijswz047","previousOperationId":"krbh4lv92w2oo31"}
{"type":"operationEnd","operationId":"q43srpmr2v5tjlv","timestamp":1674750942713,"id":"k8hmhban5aehvob","previousEventId":"fdhjj7opucehghz","previousOperationId":"krbh4lv92w2oo31"}
{"type":"log","timestamp":1674750942713,"level":"debug","message":"Base url not specified, skipping its injection.","meta":{"rootId":"4klezpjtob42lti","id":"4klezpjtob42lti"},"id":"sr3s908znh5oxu4","previousOperationId":"q43srpmr2v5tjlv"}
{"type":"operationStart","subtype":"engine","name":"handlebars","timestamp":1674750942714,"id":"w5e4612az0sghna","previousEventId":"k8hmhban5aehvob","operationId":"90q40yp28v5te5e","previousOperationId":"q43srpmr2v5tjlv"}
{"type":"log","timestamp":1674750942714,"level":"debug","message":"Rendering engine handlebars","meta":{"rootId":"4klezpjtob42lti","id":"4klezpjtob42lti"},"id":"l3m1aqda5gd52r2","previousOperationId":"90q40yp28v5te5e"}
{"type":"operationEnd","operationId":"90q40yp28v5te5e","timestamp":1674750942721,"id":"z4eg1pr2qw3z45e","previousEventId":"w5e4612az0sghna","previousOperationId":"90q40yp28v5te5e"}
{"type":"operationStart","subtype":"recipe","name":"chrome-pdf","timestamp":1674750942722,"id":"jogb7lfarc6xtv6","previousEventId":"z4eg1pr2qw3z45e","operationId":"39vno462zgfmhf4","previousOperationId":"90q40yp28v5te5e"}
{"type":"log","timestamp":1674750942722,"level":"debug","message":"Executing recipe chrome-pdf","meta":{"rootId":"4klezpjtob42lti","id":"4klezpjtob42lti"},"id":"b0sx0bwtl4nrz9j","previousOperationId":"39vno462zgfmhf4"}
{"type":"log","timestamp":1674750942725,"level":"debug","message":"Converting with chrome HeadlessChrome/105.0.5173.0 using chrome-pool strategy","meta":{"rootId":"4klezpjtob42lti","id":"4klezpjtob42lti"},"id":"euirh6pv8dhf0lf","previousOperationId":"39vno462zgfmhf4"}
{"type":"log","timestamp":1674750942812,"level":"debug","message":"Page request: GET (document) file:///C:/Users/Johan/AppData/Local/Temp/jsreport/autocleanup/b108f74d-6ea6-4d8c-ac29-6f12f9129af3-chrome-pdf.html","meta":{"rootId":"4klezpjtob42lti","id":"4klezpjtob42lti"},"id":"nncqr7561sukyad","previousOperationId":"39vno462zgfmhf4"}
{"type":"log","timestamp":1674750942850,"level":"debug","message":"Page request finished: GET (document) 200 file:///C:/Users/Johan/AppData/Local/Temp/jsreport/autocleanup/b108f74d-6ea6-4d8c-ac29-6f12f9129af3-chrome-pdf.html","meta":{"rootId":"4klezpjtob42lti","id":"4klezpjtob42lti"},"id":"2n4htd4cr5cp4bp","previousOperationId":"39vno462zgfmhf4"}
{"type":"log","timestamp":1674750942851,"level":"debug","message":"Page request: GET (stylesheet) https://cdnjs.cloudflare.com/ajax/libs/metro/4.1.5/css/metro.min.css","meta":{"rootId":"4klezpjtob42lti","id":"4klezpjtob42lti"},"id":"glm7kudofr4w8j8","previousOperationId":"39vno462zgfmhf4"}
{"type":"log","timestamp":1674750942851,"level":"debug","message":"Page request: GET (stylesheet) https://cdnjs.cloudflare.com/ajax/libs/chartist/0.11.0/chartist.min.css","meta":{"rootId":"4klezpjtob42lti","id":"4klezpjtob42lti"},"id":"u5kdogt0ubkdq8w","previousOperationId":"39vno462zgfmhf4"}
{"type":"log","timestamp":1674750942851,"level":"debug","message":"Page request: GET (script) https://cdnjs.cloudflare.com/ajax/libs/chartist/0.11.0/chartist.min.js","meta":{"rootId":"4klezpjtob42lti","id":"4klezpjtob42lti"},"id":"sl60rdxl4ygycjh","previousOperationId":"39vno462zgfmhf4"}
{"type":"log","timestamp":1674750942852,"level":"debug","message":"Page request: GET (script) https://unpkg.com/chartist-plugin-tooltips@0.0.17","meta":{"rootId":"4klezpjtob42lti","id":"4klezpjtob42lti"},"id":"ejaqb7y2qtgyjsb","previousOperationId":"39vno462zgfmhf4"}
{"type":"log","timestamp":1674750942852,"level":"debug","message":"Page request: GET (script) https://unpkg.com/chartist-plugin-pointlabels@0.0.6","meta":{"rootId":"4klezpjtob42lti","id":"4klezpjtob42lti"},"id":"b55fv22p2b4u5uh","previousOperationId":"39vno462zgfmhf4"}
{"type":"log","timestamp":1674750942862,"level":"warn","message":"Page request failed: GET (script) 302 https://unpkg.com/chartist-plugin-tooltips@0.0.17 (redirect to: /chartist-plugin-tooltips@0.0.17/dist/chartist-plugin-tooltip.js)","meta":{"rootId":"4klezpjtob42lti","id":"4klezpjtob42lti"},"id":"8ykqbugz78w0ueq","previousOperationId":"39vno462zgfmhf4"}
{"type":"log","timestamp":1674750942862,"level":"warn","message":"Page request failed: GET (script) 302 https://unpkg.com/chartist-plugin-pointlabels@0.0.6 (redirect to: /chartist-plugin-pointlabels@0.0.6/dist/chartist-plugin-pointlabels.js)","meta":{"rootId":"4klezpjtob42lti","id":"4klezpjtob42lti"},"id":"huu1ikcwgnf62so","previousOperationId":"39vno462zgfmhf4"}
{"type":"log","timestamp":1674750942863,"level":"debug","message":"Page request: GET (script) https://unpkg.com/chartist-plugin-tooltips@0.0.17/dist/chartist-plugin-tooltip.js (redirect from: https://unpkg.com/chartist-plugin-tooltips@0.0.17)","meta":{"rootId":"4klezpjtob42lti","id":"4klezpjtob42lti"},"id":"fqa5ybfr5d5r6ti","previousOperationId":"39vno462zgfmhf4"}
{"type":"log","timestamp":1674750942864,"level":"debug","message":"Page request: GET (script) https://unpkg.com/chartist-plugin-pointlabels@0.0.6/dist/chartist-plugin-pointlabels.js (redirect from: https://unpkg.com/chartist-plugin-pointlabels@0.0.6)","meta":{"rootId":"4klezpjtob42lti","id":"4klezpjtob42lti"},"id":"q4l7opi908gjqyt","previousOperationId":"39vno462zgfmhf4"}
{"type":"log","timestamp":1674750942865,"level":"debug","message":"Page request finished: GET (stylesheet) 200 https://cdnjs.cloudflare.com/ajax/libs/chartist/0.11.0/chartist.min.css","meta":{"rootId":"4klezpjtob42lti","id":"4klezpjtob42lti"},"id":"9i1yido4wydizvl","previousOperationId":"39vno462zgfmhf4"}
{"type":"log","timestamp":1674750942866,"level":"debug","message":"Page request finished: GET (script) 200 https://cdnjs.cloudflare.com/ajax/libs/chartist/0.11.0/chartist.min.js","meta":{"rootId":"4klezpjtob42lti","id":"4klezpjtob42lti"},"id":"i5nu53wmn7gzkec","previousOperationId":"39vno462zgfmhf4"}
{"type":"log","timestamp":1674750942885,"level":"debug","message":"Page request finished: GET (stylesheet) 200 https://cdnjs.cloudflare.com/ajax/libs/metro/4.1.5/css/metro.min.css","meta":{"rootId":"4klezpjtob42lti","id":"4klezpjtob42lti"},"id":"6dap9o8u0aba32p","previousOperationId":"39vno462zgfmhf4"}
{"type":"log","timestamp":1674750942886,"level":"debug","message":"Page request finished: GET (script) 200 https://unpkg.com/chartist-plugin-tooltips@0.0.17/dist/chartist-plugin-tooltip.js","meta":{"rootId":"4klezpjtob42lti","id":"4klezpjtob42lti"},"id":"xmyddf5pbltjxxa","previousOperationId":"39vno462zgfmhf4"}
{"type":"log","timestamp":1674750942886,"level":"debug","message":"Page request finished: GET (script) 200 https://unpkg.com/chartist-plugin-pointlabels@0.0.6/dist/chartist-plugin-pointlabels.js","meta":{"rootId":"4klezpjtob42lti","id":"4klezpjtob42lti"},"id":"pw3zsadmyv3xki4","previousOperationId":"39vno462zgfmhf4"}
{"type":"log","timestamp":1674750942887,"level":"warn","message":"Page error: SyntaxError: Unexpected identifier","meta":{"rootId":"4klezpjtob42lti","id":"4klezpjtob42lti"},"id":"rcmixxwuuo5e3ts","previousOperationId":"39vno462zgfmhf4"}
{"type":"log","timestamp":1674750942928,"level":"debug","message":"Running chrome with params {\"printBackground\":true,\"timeout\":59136,\"margin\":{}}","meta":{"rootId":"4klezpjtob42lti","id":"4klezpjtob42lti"},"id":"7wevtaty7bs8ha9","previousOperationId":"39vno462zgfmhf4"}
{"type":"operationEnd","operationId":"39vno462zgfmhf4","timestamp":1674750943065,"id":"8olxa8cwyegvhj2","previousEventId":"jogb7lfarc6xtv6","previousOperationId":"39vno462zgfmhf4"}
{"type":"log","timestamp":1674750943065,"level":"debug","message":"Executing script testing (afterRender)","meta":{"rootId":"4klezpjtob42lti","id":"4klezpjtob42lti"},"id":"4pwu6suqtza0qea","previousOperationId":"39vno462zgfmhf4"}
{"type":"operationStart","subtype":"scriptsAfterRender","name":"scripts afterRender","timestamp":1674750943075,"id":"4gozzbkgx8k4g5t","previousEventId":"8olxa8cwyegvhj2","operationId":"zbvd9j95rd4yvt4","previousOperationId":"39vno462zgfmhf4"}
{"type":"operationStart","subtype":"script","name":"scripts testing","previousOperationId":"zbvd9j95rd4yvt4","timestamp":1674750943075,"id":"zhsvbcuexfp3ksf","previousEventId":"4gozzbkgx8k4g5t","operationId":"qacpqm4z70x9nkg"}
{"type":"operationEnd","operationId":"qacpqm4z70x9nkg","timestamp":1674750944235,"id":"t5n06ivnrt0rn2j","previousEventId":"8olxa8cwyegvhj2","previousOperationId":"39vno462zgfmhf4"}
{"type":"operationEnd","operationId":"zbvd9j95rd4yvt4","timestamp":1674750944235,"id":"825qbg11lcojobl","previousEventId":"t5n06ivnrt0rn2j","previousOperationId":"39vno462zgfmhf4"}
{"type":"log","timestamp":1674750944235,"level":"debug","message":"Skipping storing report.","meta":{"rootId":"4klezpjtob42lti","id":"4klezpjtob42lti"},"id":"f79hkxq6txfbbug","previousOperationId":"zbvd9j95rd4yvt4"}
{"type":"log","timestamp":1674750944236,"level":"info","message":"Rendering request 9 finished in 2377 ms","meta":{"rootId":"4klezpjtob42lti","id":"4klezpjtob42lti"},"id":"mwaofj9vy1wpjgg","previousOperationId":"zbvd9j95rd4yvt4"}
{"type":"operationEnd","subtype":"render","operationId":"krbh4lv92w2oo31","timestamp":1674750944236,"id":"qn783g1ppty5i9m","previousEventId":"825qbg11lcojobl","previousOperationId":"zbvd9j95rd4yvt4"}
{"type":"operationEnd","doDiffs":false,"previousEventId":"4ewmd5xb6sl3n0n","previousOperationId":"f9xmvw6gub7hqw9","operationId":"f9xmvw6gub7hqw9","timestamp":1674750944241,"id":"e7xjeoi54vsbi78"}
