{"type":"operationStart","subtype":"profile","data":{"_id":"IFrUzhxVlv5Vnet8","timestamp":"2023-01-26T15:16:40.686Z","state":"queued","mode":"standard","creationDate":"2023-01-26T15:16:40.688Z","modificationDate":"2023-01-26T15:16:40.688Z","shortid":"SUc208w","$entitySet":"profiles"},"doDiffs":false,"timestamp":1674746200687,"id":"kvcsmd4hs8bj29l","previousOperationId":null,"operationId":"l4l9mwubuurdnvz"}
{"type":"log","level":"info","message":"Render request 2 queued for execution and waiting for available worker","previousOperationId":"l4l9mwubuurdnvz","timestamp":1674746200687,"id":"pr8vqxa3i5b759x"}
{"type":"operationStart","subtype":"render","name":"Data","previousOperationId":"l4l9mwubuurdnvz","timestamp":1674746200698,"id":"jllukxo3twckpt3","previousEventId":"kvcsmd4hs8bj29l","operationId":"7kleiw7lwz38xbg"}
{"type":"log","timestamp":1674746200700,"level":"info","message":"Starting rendering request 2","meta":{"rootId":"4nkyy63wmer1hf1","id":"4nkyy63wmer1hf1"},"id":"5tqsf5vkwwkd9se","previousOperationId":"7kleiw7lwz38xbg"}
{"type":"log","timestamp":1674746200700,"level":"info","message":"Rendering template { name: Data, recipe: chrome-pdf, engine: handlebars, preview: true }","meta":{"rootId":"4nkyy63wmer1hf1","id":"4nkyy63wmer1hf1"},"id":"5civcxlukl2ehwl","previousOperationId":"7kleiw7lwz38xbg"}
{"type":"log","timestamp":1674746200701,"level":"debug","message":"Data item not defined for this template.","meta":{"rootId":"4nkyy63wmer1hf1","id":"4nkyy63wmer1hf1"},"id":"8z2kex4naroa6j8","previousOperationId":"7kleiw7lwz38xbg"}
{"type":"log","timestamp":1674746200702,"level":"debug","message":"Executing script testing (beforeRender)","meta":{"rootId":"4nkyy63wmer1hf1","id":"4nkyy63wmer1hf1"},"id":"uxv9tyq6qopmgxv","previousOperationId":"7kleiw7lwz38xbg"}
{"type":"operationStart","subtype":"scriptsBeforeRender","name":"scripts beforeRender","timestamp":1674746200752,"id":"tez1cnqqj41xs51","previousEventId":"jllukxo3twckpt3","operationId":"ytntvks2a49v7k5","previousOperationId":"7kleiw7lwz38xbg"}
{"type":"operationStart","subtype":"script","name":"scripts testing","previousOperationId":"ytntvks2a49v7k5","timestamp":1674746200752,"id":"601g8scqcy7yf0e","previousEventId":"tez1cnqqj41xs51","operationId":"3bygvykhwoggu6c"}
{"type":"operationEnd","operationId":"3bygvykhwoggu6c","timestamp":1674746201404,"id":"0qfuvjsxqf1wyk5","previousEventId":"jllukxo3twckpt3","previousOperationId":"7kleiw7lwz38xbg"}
{"type":"operationEnd","operationId":"ytntvks2a49v7k5","timestamp":1674746201404,"id":"h8npcbk2unp5tme","previousEventId":"0qfuvjsxqf1wyk5","previousOperationId":"7kleiw7lwz38xbg"}
{"type":"log","timestamp":1674746201404,"level":"debug","message":"Base url not specified, skipping its injection.","meta":{"rootId":"4nkyy63wmer1hf1","id":"4nkyy63wmer1hf1"},"id":"4wxcykzluvrqy08","previousOperationId":"ytntvks2a49v7k5"}
{"type":"operationStart","subtype":"engine","name":"handlebars","timestamp":1674746201405,"id":"wqomv1msj2pywtg","previousEventId":"h8npcbk2unp5tme","operationId":"wd45b9oohdujm0f","previousOperationId":"ytntvks2a49v7k5"}
{"type":"log","timestamp":1674746201405,"level":"debug","message":"Rendering engine handlebars","meta":{"rootId":"4nkyy63wmer1hf1","id":"4nkyy63wmer1hf1"},"id":"a3adorkminx1cj0","previousOperationId":"wd45b9oohdujm0f"}
{"type":"operationEnd","operationId":"wd45b9oohdujm0f","timestamp":1674746201421,"id":"j4v1tjzwswruhkl","previousEventId":"wqomv1msj2pywtg","previousOperationId":"wd45b9oohdujm0f"}
{"type":"operationStart","subtype":"recipe","name":"chrome-pdf","timestamp":1674746201421,"id":"wnvuto2jwl24ibn","previousEventId":"j4v1tjzwswruhkl","operationId":"pfyt57bclahb6xy","previousOperationId":"wd45b9oohdujm0f"}
{"type":"log","timestamp":1674746201421,"level":"debug","message":"Executing recipe chrome-pdf","meta":{"rootId":"4nkyy63wmer1hf1","id":"4nkyy63wmer1hf1"},"id":"rgggf5q22i1mhby","previousOperationId":"pfyt57bclahb6xy"}
{"type":"log","timestamp":1674746201424,"level":"debug","message":"Converting with chrome HeadlessChrome/105.0.5173.0 using chrome-pool strategy","meta":{"rootId":"4nkyy63wmer1hf1","id":"4nkyy63wmer1hf1"},"id":"wm4uerd6p2tpxod","previousOperationId":"pfyt57bclahb6xy"}
{"type":"log","timestamp":1674746201509,"level":"debug","message":"Page request: GET (document) file:///C:/Users/Johan/AppData/Local/Temp/jsreport/autocleanup/918ccc27-0046-4bd9-9d55-32feaf278240-chrome-pdf.html","meta":{"rootId":"4nkyy63wmer1hf1","id":"4nkyy63wmer1hf1"},"id":"vo89zik32gt39vn","previousOperationId":"pfyt57bclahb6xy"}
{"type":"log","timestamp":1674746201534,"level":"debug","message":"Page request finished: GET (document) 200 file:///C:/Users/Johan/AppData/Local/Temp/jsreport/autocleanup/918ccc27-0046-4bd9-9d55-32feaf278240-chrome-pdf.html","meta":{"rootId":"4nkyy63wmer1hf1","id":"4nkyy63wmer1hf1"},"id":"iczeaock5ed5p2m","previousOperationId":"pfyt57bclahb6xy"}
{"type":"log","timestamp":1674746201534,"level":"debug","message":"Page request: GET (stylesheet) https://cdnjs.cloudflare.com/ajax/libs/metro/4.1.5/css/metro.min.css","meta":{"rootId":"4nkyy63wmer1hf1","id":"4nkyy63wmer1hf1"},"id":"zprgkfdos5j8236","previousOperationId":"pfyt57bclahb6xy"}
{"type":"log","timestamp":1674746201535,"level":"debug","message":"Page request: GET (script) https://cdnjs.cloudflare.com/ajax/libs/Chart.js/2.7.2/Chart.min.js","meta":{"rootId":"4nkyy63wmer1hf1","id":"4nkyy63wmer1hf1"},"id":"kpwz3a5jg9hkvq5","previousOperationId":"pfyt57bclahb6xy"}
{"type":"log","timestamp":1674746201535,"level":"debug","message":"Page request: GET (stylesheet) https://cdnjs.cloudflare.com/ajax/libs/chartist/0.11.0/chartist.min.css","meta":{"rootId":"4nkyy63wmer1hf1","id":"4nkyy63wmer1hf1"},"id":"uhubgnlj4qud25d","previousOperationId":"pfyt57bclahb6xy"}
{"type":"log","timestamp":1674746201535,"level":"debug","message":"Page request: GET (script) https://cdnjs.cloudflare.com/ajax/libs/chartist/0.11.0/chartist.min.js","meta":{"rootId":"4nkyy63wmer1hf1","id":"4nkyy63wmer1hf1"},"id":"8b3vgmjz6qend1t","previousOperationId":"pfyt57bclahb6xy"}
{"type":"log","timestamp":1674746201535,"level":"debug","message":"Page request: GET (script) https://unpkg.com/chartist-plugin-tooltips@0.0.17","meta":{"rootId":"4nkyy63wmer1hf1","id":"4nkyy63wmer1hf1"},"id":"7qxz5o2qpdsbm1b","previousOperationId":"pfyt57bclahb6xy"}
{"type":"log","timestamp":1674746201536,"level":"debug","message":"Page request: GET (script) https://unpkg.com/chartist-plugin-pointlabels@0.0.6","meta":{"rootId":"4nkyy63wmer1hf1","id":"4nkyy63wmer1hf1"},"id":"3nsoov1aorlvb8l","previousOperationId":"pfyt57bclahb6xy"}
{"type":"log","timestamp":1674746201536,"level":"debug","message":"Page request: GET (script) http://code.jquery.com/jquery-1.11.0.min.js","meta":{"rootId":"4nkyy63wmer1hf1","id":"4nkyy63wmer1hf1"},"id":"mp0kiatcm4puqxg","previousOperationId":"pfyt57bclahb6xy"}
{"type":"log","timestamp":1674746201536,"level":"debug","message":"Page request: GET (script) http://cdnjs.cloudflare.com/ajax/libs/flot/0.8.1/jquery.flot.min.js","meta":{"rootId":"4nkyy63wmer1hf1","id":"4nkyy63wmer1hf1"},"id":"6vq4lp9nj2uy2hf","previousOperationId":"pfyt57bclahb6xy"}
{"type":"log","timestamp":1674746201536,"level":"debug","message":"Page request: GET (script) https://cdn.jsdelivr.net/npm/chart.js@2.9.3/dist/Chart.min.js","meta":{"rootId":"4nkyy63wmer1hf1","id":"4nkyy63wmer1hf1"},"id":"6mbvy5duhwcprmf","previousOperationId":"pfyt57bclahb6xy"}
{"type":"log","timestamp":1674746201543,"level":"warn","message":"Page request failed: GET (script) 307 http://cdnjs.cloudflare.com/ajax/libs/flot/0.8.1/jquery.flot.min.js (redirect to: https://cdnjs.cloudflare.com/ajax/libs/flot/0.8.1/jquery.flot.min.js)","meta":{"rootId":"4nkyy63wmer1hf1","id":"4nkyy63wmer1hf1"},"id":"p9rp98karq3miqo","previousOperationId":"pfyt57bclahb6xy"}
{"type":"log","timestamp":1674746201544,"level":"debug","message":"Page request: GET (script) https://cdnjs.cloudflare.com/ajax/libs/flot/0.8.1/jquery.flot.min.js (redirect from: http://cdnjs.cloudflare.com/ajax/libs/flot/0.8.1/jquery.flot.min.js)","meta":{"rootId":"4nkyy63wmer1hf1","id":"4nkyy63wmer1hf1"},"id":"icdrjwe41za7n0p","previousOperationId":"pfyt57bclahb6xy"}
{"type":"log","timestamp":1674746201546,"level":"debug","message":"Page request finished: GET (stylesheet) 200 https://cdnjs.cloudflare.com/ajax/libs/chartist/0.11.0/chartist.min.css","meta":{"rootId":"4nkyy63wmer1hf1","id":"4nkyy63wmer1hf1"},"id":"y63fdnbbp4oip8z","previousOperationId":"pfyt57bclahb6xy"}
{"type":"log","timestamp":1674746201547,"level":"warn","message":"Page request failed: GET (script) 302 https://unpkg.com/chartist-plugin-tooltips@0.0.17 (redirect to: /chartist-plugin-tooltips@0.0.17/dist/chartist-plugin-tooltip.js)","meta":{"rootId":"4nkyy63wmer1hf1","id":"4nkyy63wmer1hf1"},"id":"mmrn8iq4x8kbo5f","previousOperationId":"pfyt57bclahb6xy"}
{"type":"log","timestamp":1674746201550,"level":"warn","message":"Page request failed: GET (script) 302 https://unpkg.com/chartist-plugin-pointlabels@0.0.6 (redirect to: /chartist-plugin-pointlabels@0.0.6/dist/chartist-plugin-pointlabels.js)","meta":{"rootId":"4nkyy63wmer1hf1","id":"4nkyy63wmer1hf1"},"id":"6o9nn3jflzmq44b","previousOperationId":"pfyt57bclahb6xy"}
{"type":"log","timestamp":1674746201550,"level":"debug","message":"Page request: GET (script) https://unpkg.com/chartist-plugin-tooltips@0.0.17/dist/chartist-plugin-tooltip.js (redirect from: https://unpkg.com/chartist-plugin-tooltips@0.0.17)","meta":{"rootId":"4nkyy63wmer1hf1","id":"4nkyy63wmer1hf1"},"id":"rg8kn31155gvl86","previousOperationId":"pfyt57bclahb6xy"}
{"type":"log","timestamp":1674746201552,"level":"debug","message":"Page request: GET (script) https://unpkg.com/chartist-plugin-pointlabels@0.0.6/dist/chartist-plugin-pointlabels.js (redirect from: https://unpkg.com/chartist-plugin-pointlabels@0.0.6)","meta":{"rootId":"4nkyy63wmer1hf1","id":"4nkyy63wmer1hf1"},"id":"sijbk6aqjaohbbg","previousOperationId":"pfyt57bclahb6xy"}
{"type":"log","timestamp":1674746201554,"level":"debug","message":"Page request finished: GET (script) 200 https://cdnjs.cloudflare.com/ajax/libs/chartist/0.11.0/chartist.min.js","meta":{"rootId":"4nkyy63wmer1hf1","id":"4nkyy63wmer1hf1"},"id":"okyxoop9zak94zk","previousOperationId":"pfyt57bclahb6xy"}
{"type":"log","timestamp":1674746201568,"level":"debug","message":"Page request finished: GET (stylesheet) 200 https://cdnjs.cloudflare.com/ajax/libs/metro/4.1.5/css/metro.min.css","meta":{"rootId":"4nkyy63wmer1hf1","id":"4nkyy63wmer1hf1"},"id":"3nfn7u9dm39jb89","previousOperationId":"pfyt57bclahb6xy"}
{"type":"log","timestamp":1674746201568,"level":"debug","message":"Page request finished: GET (script) 200 http://code.jquery.com/jquery-1.11.0.min.js","meta":{"rootId":"4nkyy63wmer1hf1","id":"4nkyy63wmer1hf1"},"id":"dpmps1zw5fe4rm7","previousOperationId":"pfyt57bclahb6xy"}
{"type":"log","timestamp":1674746201568,"level":"debug","message":"Page request finished: GET (script) 200 https://cdnjs.cloudflare.com/ajax/libs/Chart.js/2.7.2/Chart.min.js","meta":{"rootId":"4nkyy63wmer1hf1","id":"4nkyy63wmer1hf1"},"id":"8ctxw95wmjd5o7e","previousOperationId":"pfyt57bclahb6xy"}
{"type":"log","timestamp":1674746201581,"level":"debug","message":"Page request finished: GET (script) 200 https://cdn.jsdelivr.net/npm/chart.js@2.9.3/dist/Chart.min.js","meta":{"rootId":"4nkyy63wmer1hf1","id":"4nkyy63wmer1hf1"},"id":"csvc0mbkuqj6863","previousOperationId":"pfyt57bclahb6xy"}
{"type":"log","timestamp":1674746201584,"level":"debug","message":"Page request finished: GET (script) 200 https://unpkg.com/chartist-plugin-tooltips@0.0.17/dist/chartist-plugin-tooltip.js","meta":{"rootId":"4nkyy63wmer1hf1","id":"4nkyy63wmer1hf1"},"id":"m3jttq7jux43c3g","previousOperationId":"pfyt57bclahb6xy"}
{"type":"log","timestamp":1674746201584,"level":"debug","message":"Page request finished: GET (script) 200 https://unpkg.com/chartist-plugin-pointlabels@0.0.6/dist/chartist-plugin-pointlabels.js","meta":{"rootId":"4nkyy63wmer1hf1","id":"4nkyy63wmer1hf1"},"id":"jgfdd1432t4m5gx","previousOperationId":"pfyt57bclahb6xy"}
{"type":"log","timestamp":1674746203992,"level":"debug","message":"Page request finished: GET (script) 200 https://cdnjs.cloudflare.com/ajax/libs/flot/0.8.1/jquery.flot.min.js","meta":{"rootId":"4nkyy63wmer1hf1","id":"4nkyy63wmer1hf1"},"id":"qrwyqdy7fnglo3o","previousOperationId":"pfyt57bclahb6xy"}
{"type":"log","timestamp":1674746204003,"level":"warn","message":"Page error: TypeError: Cannot read properties of null (reading 'getContext')\n    at file:///C:/Users/Johan/AppData/Local/Temp/jsreport/autocleanup/918ccc27-0046-4bd9-9d55-32feaf278240-chrome-pdf.html:58:53","meta":{"rootId":"4nkyy63wmer1hf1","id":"4nkyy63wmer1hf1"},"id":"vug57gmum9gpj0s","previousOperationId":"pfyt57bclahb6xy"}
{"type":"log","timestamp":1674746204047,"level":"debug","message":"Running chrome with params {\"printBackground\":true,\"timeout\":59264,\"margin\":{}}","meta":{"rootId":"4nkyy63wmer1hf1","id":"4nkyy63wmer1hf1"},"id":"2j7e9ybyevgev9o","previousOperationId":"pfyt57bclahb6xy"}
{"type":"operationEnd","operationId":"pfyt57bclahb6xy","timestamp":1674746204153,"id":"6j9l015k5cel4x3","previousEventId":"wnvuto2jwl24ibn","previousOperationId":"pfyt57bclahb6xy"}
{"type":"log","timestamp":1674746204153,"level":"debug","message":"Executing script testing (afterRender)","meta":{"rootId":"4nkyy63wmer1hf1","id":"4nkyy63wmer1hf1"},"id":"snv4h6q6kx3i7qa","previousOperationId":"pfyt57bclahb6xy"}
{"type":"operationStart","subtype":"scriptsAfterRender","name":"scripts afterRender","timestamp":1674746204164,"id":"6jw169acj73ogb3","previousEventId":"6j9l015k5cel4x3","operationId":"mea12jr5q1kc9es","previousOperationId":"pfyt57bclahb6xy"}
{"type":"operationStart","subtype":"script","name":"scripts testing","previousOperationId":"mea12jr5q1kc9es","timestamp":1674746204164,"id":"svfxulwg8pcv3ak","previousEventId":"6jw169acj73ogb3","operationId":"8vhp7hmkelgg7qe"}
{"type":"log","timestamp":1674746204379,"level":"debug","message":"(console:log) [ '58', '2', '59' ]","meta":{"userLevel":true,"rootId":"4nkyy63wmer1hf1","id":"4nkyy63wmer1hf1"},"id":"s34e5dr055ej21n","previousOperationId":"8vhp7hmkelgg7qe"}
{"type":"log","timestamp":1674746204379,"level":"debug","message":"(console:log) [ '2', '3', '1' ]","meta":{"userLevel":true,"rootId":"4nkyy63wmer1hf1","id":"4nkyy63wmer1hf1"},"id":"r6ry5febwum8pks","previousOperationId":"8vhp7hmkelgg7qe"}
{"type":"operationEnd","operationId":"8vhp7hmkelgg7qe","timestamp":1674746205457,"id":"s0wpquehkflkpub","previousEventId":"6j9l015k5cel4x3","previousOperationId":"pfyt57bclahb6xy"}
{"type":"operationEnd","operationId":"mea12jr5q1kc9es","timestamp":1674746205457,"id":"zocquhlfw9uzy9l","previousEventId":"s0wpquehkflkpub","previousOperationId":"pfyt57bclahb6xy"}
{"type":"log","timestamp":1674746205457,"level":"debug","message":"Skipping storing report.","meta":{"rootId":"4nkyy63wmer1hf1","id":"4nkyy63wmer1hf1"},"id":"usfz20prbegx85w","previousOperationId":"mea12jr5q1kc9es"}
{"type":"log","timestamp":1674746205457,"level":"info","message":"Rendering request 2 finished in 4771 ms","meta":{"rootId":"4nkyy63wmer1hf1","id":"4nkyy63wmer1hf1"},"id":"l8rdth30kfbwcyo","previousOperationId":"mea12jr5q1kc9es"}
{"type":"operationEnd","subtype":"render","operationId":"7kleiw7lwz38xbg","timestamp":1674746205457,"id":"e1espm5ij16y5xw","previousEventId":"zocquhlfw9uzy9l","previousOperationId":"mea12jr5q1kc9es"}
{"type":"operationEnd","doDiffs":false,"previousEventId":"kvcsmd4hs8bj29l","previousOperationId":"l4l9mwubuurdnvz","operationId":"l4l9mwubuurdnvz","timestamp":1674746205463,"id":"dskf2pzebu5imp8"}
