{"type":"operationStart","subtype":"profile","data":{"_id":"wHps9HOhAuUPYct9","timestamp":"2023-01-26T16:57:23.100Z","state":"queued","mode":"standard","creationDate":"2023-01-26T16:57:23.104Z","modificationDate":"2023-01-26T16:57:23.104Z","shortid":"X5Xo7Gr","$entitySet":"profiles"},"doDiffs":false,"timestamp":1674752243103,"id":"3lu36are4uabrsf","previousOperationId":null,"operationId":"jg46ptcy4yant4j"}
{"type":"log","level":"info","message":"Render request 13 queued for execution and waiting for available worker","previousOperationId":"jg46ptcy4yant4j","timestamp":1674752243103,"id":"yhbx7cptdvg34rs"}
{"type":"operationStart","subtype":"render","name":"Data","previousOperationId":"jg46ptcy4yant4j","timestamp":1674752243117,"id":"v0opxddlb9jz9wg","previousEventId":"3lu36are4uabrsf","operationId":"rt0oaiknljunu1k"}
{"type":"log","timestamp":1674752243117,"level":"info","message":"Starting rendering request 13","meta":{"rootId":"4ufkl584fas17ww","id":"4ufkl584fas17ww"},"id":"rrqljyl8uj9tj0d","previousOperationId":"rt0oaiknljunu1k"}
{"type":"log","timestamp":1674752243118,"level":"info","message":"Rendering template { name: Data, recipe: chrome-pdf, engine: handlebars, preview: true }","meta":{"rootId":"4ufkl584fas17ww","id":"4ufkl584fas17ww"},"id":"gw8jvcha9vzraui","previousOperationId":"rt0oaiknljunu1k"}
{"type":"log","timestamp":1674752243120,"level":"debug","message":"Data item not defined for this template.","meta":{"rootId":"4ufkl584fas17ww","id":"4ufkl584fas17ww"},"id":"gt3g6kp5g0sw4fg","previousOperationId":"rt0oaiknljunu1k"}
{"type":"log","timestamp":1674752243125,"level":"debug","message":"Executing script testing (beforeRender)","meta":{"rootId":"4ufkl584fas17ww","id":"4ufkl584fas17ww"},"id":"1tlevi4x9n3pqvo","previousOperationId":"rt0oaiknljunu1k"}
{"type":"operationStart","subtype":"scriptsBeforeRender","name":"scripts beforeRender","timestamp":1674752243205,"id":"tn6hep0i6cpkeqh","previousEventId":"v0opxddlb9jz9wg","operationId":"9zzs52huy8ivvf5","previousOperationId":"rt0oaiknljunu1k"}
{"type":"operationStart","subtype":"script","name":"scripts testing","previousOperationId":"9zzs52huy8ivvf5","timestamp":1674752243205,"id":"95wrzsdn0y45i1e","previousEventId":"tn6hep0i6cpkeqh","operationId":"hd79fgdvotawrw4"}
{"type":"log","timestamp":1674752243423,"level":"debug","message":"(console:log) {\n  locationName: [ 'Las Palmas de Gran Canaria', 'Galdar', 'Teror' ],\n  repetition: [ '2', '1', '3' ]\n}","meta":{"userLevel":true,"rootId":"4ufkl584fas17ww","id":"4ufkl584fas17ww"},"id":"tds7dlybwbyeqbd","previousOperationId":"hd79fgdvotawrw4"}
{"type":"log","timestamp":1674752243424,"level":"debug","message":"(console:log) [ 'Las Palmas de Gran Canaria', 'Galdar', 'Teror' ]","meta":{"userLevel":true,"rootId":"4ufkl584fas17ww","id":"4ufkl584fas17ww"},"id":"wv4gdh74gn7zfnz","previousOperationId":"hd79fgdvotawrw4"}
{"type":"log","timestamp":1674752243424,"level":"debug","message":"(console:log) [ '2', '1', '3' ]","meta":{"userLevel":true,"rootId":"4ufkl584fas17ww","id":"4ufkl584fas17ww"},"id":"mwgc6m2tv7b8rdg","previousOperationId":"hd79fgdvotawrw4"}
{"type":"operationEnd","operationId":"hd79fgdvotawrw4","timestamp":1674752243840,"id":"kiur2zezkxs80vh","previousEventId":"v0opxddlb9jz9wg","previousOperationId":"rt0oaiknljunu1k"}
{"type":"operationEnd","operationId":"9zzs52huy8ivvf5","timestamp":1674752243840,"id":"xxhdy8i6pxhavh5","previousEventId":"kiur2zezkxs80vh","previousOperationId":"rt0oaiknljunu1k"}
{"type":"log","timestamp":1674752243840,"level":"debug","message":"Base url not specified, skipping its injection.","meta":{"rootId":"4ufkl584fas17ww","id":"4ufkl584fas17ww"},"id":"z9r7z124gacdsol","previousOperationId":"9zzs52huy8ivvf5"}
{"type":"operationStart","subtype":"engine","name":"handlebars","timestamp":1674752243841,"id":"1pe0onvvtwbh7q4","previousEventId":"xxhdy8i6pxhavh5","operationId":"w43ea26jz5bgg4r","previousOperationId":"9zzs52huy8ivvf5"}
{"type":"log","timestamp":1674752243841,"level":"debug","message":"Rendering engine handlebars","meta":{"rootId":"4ufkl584fas17ww","id":"4ufkl584fas17ww"},"id":"hsi41bipjfiblmh","previousOperationId":"w43ea26jz5bgg4r"}
{"type":"operationEnd","operationId":"w43ea26jz5bgg4r","timestamp":1674752243861,"id":"r17eg42h72ecyiu","previousEventId":"1pe0onvvtwbh7q4","previousOperationId":"w43ea26jz5bgg4r"}
{"type":"operationStart","subtype":"recipe","name":"chrome-pdf","timestamp":1674752243862,"id":"mhwmg2uig38acqz","previousEventId":"r17eg42h72ecyiu","operationId":"9v4e32atfretbjh","previousOperationId":"w43ea26jz5bgg4r"}
{"type":"log","timestamp":1674752243862,"level":"debug","message":"Executing recipe chrome-pdf","meta":{"rootId":"4ufkl584fas17ww","id":"4ufkl584fas17ww"},"id":"fyui3b0x2y49hkg","previousOperationId":"9v4e32atfretbjh"}
{"type":"log","timestamp":1674752243867,"level":"debug","message":"Converting with chrome HeadlessChrome/105.0.5173.0 using chrome-pool strategy","meta":{"rootId":"4ufkl584fas17ww","id":"4ufkl584fas17ww"},"id":"elsxaeqrt605yey","previousOperationId":"9v4e32atfretbjh"}
{"type":"log","timestamp":1674752243985,"level":"debug","message":"Page request: GET (document) file:///C:/Users/Johan/AppData/Local/Temp/jsreport/autocleanup/d98caae4-5525-444d-a16a-2fbf12420011-chrome-pdf.html","meta":{"rootId":"4ufkl584fas17ww","id":"4ufkl584fas17ww"},"id":"nlq4uci4urw2wr8","previousOperationId":"9v4e32atfretbjh"}
{"type":"log","timestamp":1674752244016,"level":"debug","message":"Page request finished: GET (document) 200 file:///C:/Users/Johan/AppData/Local/Temp/jsreport/autocleanup/d98caae4-5525-444d-a16a-2fbf12420011-chrome-pdf.html","meta":{"rootId":"4ufkl584fas17ww","id":"4ufkl584fas17ww"},"id":"jhfe9levwpntlne","previousOperationId":"9v4e32atfretbjh"}
{"type":"log","timestamp":1674752244016,"level":"debug","message":"Page request: GET (stylesheet) https://cdnjs.cloudflare.com/ajax/libs/metro/4.1.5/css/metro.min.css","meta":{"rootId":"4ufkl584fas17ww","id":"4ufkl584fas17ww"},"id":"ccosfcr34y1owcc","previousOperationId":"9v4e32atfretbjh"}
{"type":"log","timestamp":1674752244017,"level":"debug","message":"Page request: GET (stylesheet) https://cdnjs.cloudflare.com/ajax/libs/chartist/0.11.0/chartist.min.css","meta":{"rootId":"4ufkl584fas17ww","id":"4ufkl584fas17ww"},"id":"kw41dfgk97n30sz","previousOperationId":"9v4e32atfretbjh"}
{"type":"log","timestamp":1674752244017,"level":"debug","message":"Page request: GET (script) https://cdnjs.cloudflare.com/ajax/libs/chartist/0.11.0/chartist.min.js","meta":{"rootId":"4ufkl584fas17ww","id":"4ufkl584fas17ww"},"id":"zkb9w5bilb1c7qn","previousOperationId":"9v4e32atfretbjh"}
{"type":"log","timestamp":1674752244017,"level":"debug","message":"Page request: GET (script) https://unpkg.com/chartist-plugin-tooltips@0.0.17","meta":{"rootId":"4ufkl584fas17ww","id":"4ufkl584fas17ww"},"id":"1e4yr22ss3ur6e0","previousOperationId":"9v4e32atfretbjh"}
{"type":"log","timestamp":1674752244017,"level":"debug","message":"Page request: GET (script) https://unpkg.com/chartist-plugin-pointlabels@0.0.6","meta":{"rootId":"4ufkl584fas17ww","id":"4ufkl584fas17ww"},"id":"ffhfxis4x5md33f","previousOperationId":"9v4e32atfretbjh"}
{"type":"log","timestamp":1674752244024,"level":"warn","message":"Page request failed: GET (script) 302 https://unpkg.com/chartist-plugin-tooltips@0.0.17 (redirect to: /chartist-plugin-tooltips@0.0.17/dist/chartist-plugin-tooltip.js)","meta":{"rootId":"4ufkl584fas17ww","id":"4ufkl584fas17ww"},"id":"3l5ybg0rabtalyn","previousOperationId":"9v4e32atfretbjh"}
{"type":"log","timestamp":1674752244024,"level":"debug","message":"Page request: GET (script) https://unpkg.com/chartist-plugin-tooltips@0.0.17/dist/chartist-plugin-tooltip.js (redirect from: https://unpkg.com/chartist-plugin-tooltips@0.0.17)","meta":{"rootId":"4ufkl584fas17ww","id":"4ufkl584fas17ww"},"id":"hel4dowga25g2s2","previousOperationId":"9v4e32atfretbjh"}
{"type":"log","timestamp":1674752244025,"level":"debug","message":"Page request finished: GET (stylesheet) 200 https://cdnjs.cloudflare.com/ajax/libs/chartist/0.11.0/chartist.min.css","meta":{"rootId":"4ufkl584fas17ww","id":"4ufkl584fas17ww"},"id":"3af4aedeefl87y1","previousOperationId":"9v4e32atfretbjh"}
{"type":"log","timestamp":1674752244026,"level":"warn","message":"Page request failed: GET (script) 302 https://unpkg.com/chartist-plugin-pointlabels@0.0.6 (redirect to: /chartist-plugin-pointlabels@0.0.6/dist/chartist-plugin-pointlabels.js)","meta":{"rootId":"4ufkl584fas17ww","id":"4ufkl584fas17ww"},"id":"rlhymws1nx8eqt8","previousOperationId":"9v4e32atfretbjh"}
{"type":"log","timestamp":1674752244027,"level":"debug","message":"Page request: GET (script) https://unpkg.com/chartist-plugin-pointlabels@0.0.6/dist/chartist-plugin-pointlabels.js (redirect from: https://unpkg.com/chartist-plugin-pointlabels@0.0.6)","meta":{"rootId":"4ufkl584fas17ww","id":"4ufkl584fas17ww"},"id":"vytllonm3tynoxr","previousOperationId":"9v4e32atfretbjh"}
{"type":"log","timestamp":1674752244044,"level":"debug","message":"Page request finished: GET (stylesheet) 200 https://cdnjs.cloudflare.com/ajax/libs/metro/4.1.5/css/metro.min.css","meta":{"rootId":"4ufkl584fas17ww","id":"4ufkl584fas17ww"},"id":"5fz9kej2lemvah3","previousOperationId":"9v4e32atfretbjh"}
{"type":"log","timestamp":1674752244045,"level":"debug","message":"Page request finished: GET (script) 200 https://cdnjs.cloudflare.com/ajax/libs/chartist/0.11.0/chartist.min.js","meta":{"rootId":"4ufkl584fas17ww","id":"4ufkl584fas17ww"},"id":"5gqhmuwt5kt07oe","previousOperationId":"9v4e32atfretbjh"}
{"type":"log","timestamp":1674752244046,"level":"debug","message":"Page request finished: GET (script) 200 https://unpkg.com/chartist-plugin-tooltips@0.0.17/dist/chartist-plugin-tooltip.js","meta":{"rootId":"4ufkl584fas17ww","id":"4ufkl584fas17ww"},"id":"dbbxu324p8a8civ","previousOperationId":"9v4e32atfretbjh"}
{"type":"log","timestamp":1674752244047,"level":"debug","message":"Page request finished: GET (script) 200 https://unpkg.com/chartist-plugin-pointlabels@0.0.6/dist/chartist-plugin-pointlabels.js","meta":{"rootId":"4ufkl584fas17ww","id":"4ufkl584fas17ww"},"id":"8jru9azz9wvumf1","previousOperationId":"9v4e32atfretbjh"}
{"type":"log","timestamp":1674752244050,"level":"debug","message":"(console:log) Me he venido","meta":{"userLevel":true,"rootId":"4ufkl584fas17ww","id":"4ufkl584fas17ww"},"id":"ete06awu0i2r2x5","previousOperationId":"9v4e32atfretbjh"}
{"type":"log","timestamp":1674752244050,"level":"debug","message":"(console:log) JSHandle@array","meta":{"userLevel":true,"rootId":"4ufkl584fas17ww","id":"4ufkl584fas17ww"},"id":"xi2naxuif66m33w","previousOperationId":"9v4e32atfretbjh"}
{"type":"log","timestamp":1674752244050,"level":"debug","message":"(console:log) JSHandle@array","meta":{"userLevel":true,"rootId":"4ufkl584fas17ww","id":"4ufkl584fas17ww"},"id":"oyuf57xz1ntlf8m","previousOperationId":"9v4e32atfretbjh"}
{"type":"log","timestamp":1674752244117,"level":"debug","message":"Running chrome with params {\"printBackground\":true,\"timeout\":59235,\"margin\":{}}","meta":{"rootId":"4ufkl584fas17ww","id":"4ufkl584fas17ww"},"id":"6dqk1st9c17slbs","previousOperationId":"9v4e32atfretbjh"}
{"type":"operationEnd","operationId":"9v4e32atfretbjh","timestamp":1674752244260,"id":"evtkxppbzhn1x7a","previousEventId":"mhwmg2uig38acqz","previousOperationId":"9v4e32atfretbjh"}
{"type":"log","timestamp":1674752244260,"level":"debug","message":"Executing script testing (afterRender)","meta":{"rootId":"4ufkl584fas17ww","id":"4ufkl584fas17ww"},"id":"mld7oqkhskdapz5","previousOperationId":"9v4e32atfretbjh"}
{"type":"operationStart","subtype":"scriptsAfterRender","name":"scripts afterRender","timestamp":1674752244268,"id":"obgzb8a727xp735","previousEventId":"evtkxppbzhn1x7a","operationId":"4hvoelchm0ry3dj","previousOperationId":"9v4e32atfretbjh"}
{"type":"operationStart","subtype":"script","name":"scripts testing","previousOperationId":"4hvoelchm0ry3dj","timestamp":1674752244268,"id":"kfiot8fc72a9xpu","previousEventId":"obgzb8a727xp735","operationId":"c24j8862iru3i5x"}
{"type":"operationEnd","operationId":"c24j8862iru3i5x","timestamp":1674752245414,"id":"13ypueqd0jmptrx","previousEventId":"evtkxppbzhn1x7a","previousOperationId":"9v4e32atfretbjh"}
{"type":"operationEnd","operationId":"4hvoelchm0ry3dj","timestamp":1674752245414,"id":"kjle5693b0i9m2z","previousEventId":"13ypueqd0jmptrx","previousOperationId":"9v4e32atfretbjh"}
{"type":"log","timestamp":1674752245414,"level":"debug","message":"Skipping storing report.","meta":{"rootId":"4ufkl584fas17ww","id":"4ufkl584fas17ww"},"id":"r51ndt7vfqbdog5","previousOperationId":"4hvoelchm0ry3dj"}
{"type":"log","timestamp":1674752245414,"level":"info","message":"Rendering request 13 finished in 2314 ms","meta":{"rootId":"4ufkl584fas17ww","id":"4ufkl584fas17ww"},"id":"bcxbmdr2koca43i","previousOperationId":"4hvoelchm0ry3dj"}
{"type":"operationEnd","subtype":"render","operationId":"rt0oaiknljunu1k","timestamp":1674752245414,"id":"kiurh0sw9y1916f","previousEventId":"kjle5693b0i9m2z","previousOperationId":"4hvoelchm0ry3dj"}
{"type":"operationEnd","doDiffs":false,"previousEventId":"3lu36are4uabrsf","previousOperationId":"jg46ptcy4yant4j","operationId":"jg46ptcy4yant4j","timestamp":1674752245418,"id":"oshhvxy39wdxy9p"}
