{"type":"operationStart","subtype":"profile","data":{"_id":"za8KHgbSTywJnL5q","timestamp":"2023-01-26T17:30:41.911Z","state":"queued","mode":"standard","creationDate":"2023-01-26T17:30:41.915Z","modificationDate":"2023-01-26T17:30:41.915Z","shortid":"iK54NKT","$entitySet":"profiles"},"doDiffs":false,"timestamp":1674754241912,"id":"hdioobthig5c2nj","previousOperationId":null,"operationId":"j8c8of3g2i9a790"}
{"type":"log","level":"info","message":"Render request 44 queued for execution and waiting for available worker","previousOperationId":"j8c8of3g2i9a790","timestamp":1674754241913,"id":"zmt6pm4eyyng434"}
{"type":"operationStart","subtype":"render","name":"Data","previousOperationId":"j8c8of3g2i9a790","timestamp":1674754241929,"id":"ccm61clcccb5t1x","previousEventId":"hdioobthig5c2nj","operationId":"qnmv8xh31bywfki"}
{"type":"log","timestamp":1674754241929,"level":"info","message":"Starting rendering request 44","meta":{"rootId":"5f3phyjg3xv1hgs","id":"5f3phyjg3xv1hgs"},"id":"bbswmiyceugjcj3","previousOperationId":"qnmv8xh31bywfki"}
{"type":"log","timestamp":1674754241929,"level":"info","message":"Rendering template { name: Data, recipe: chrome-pdf, engine: handlebars, preview: true }","meta":{"rootId":"5f3phyjg3xv1hgs","id":"5f3phyjg3xv1hgs"},"id":"ndvp7cqjt1uhsdz","previousOperationId":"qnmv8xh31bywfki"}
{"type":"log","timestamp":1674754241930,"level":"debug","message":"Data item not defined for this template.","meta":{"rootId":"5f3phyjg3xv1hgs","id":"5f3phyjg3xv1hgs"},"id":"4ciyp9rr7m8xctc","previousOperationId":"qnmv8xh31bywfki"}
{"type":"log","timestamp":1674754241932,"level":"debug","message":"Executing script testing (beforeRender)","meta":{"rootId":"5f3phyjg3xv1hgs","id":"5f3phyjg3xv1hgs"},"id":"gwx3nlmg3r82yhm","previousOperationId":"qnmv8xh31bywfki"}
{"type":"operationStart","subtype":"scriptsBeforeRender","name":"scripts beforeRender","timestamp":1674754241988,"id":"3fkw4uoh1xwj5ag","previousEventId":"ccm61clcccb5t1x","operationId":"tm8vnl16tf850bl","previousOperationId":"qnmv8xh31bywfki"}
{"type":"operationStart","subtype":"script","name":"scripts testing","previousOperationId":"tm8vnl16tf850bl","timestamp":1674754241988,"id":"cb4xvs1yoxf7jsx","previousEventId":"3fkw4uoh1xwj5ag","operationId":"zl5my892v8kr177"}
{"type":"log","timestamp":1674754242329,"level":"debug","message":"(console:log) {\n  locationName: [ 'Las Palmas de Gran Canaria', 'Galdar', 'Teror' ],\n  repetition: [ '2', '1', '3' ]\n}","meta":{"userLevel":true,"rootId":"5f3phyjg3xv1hgs","id":"5f3phyjg3xv1hgs"},"id":"oa1x5vamzneu9vy","previousOperationId":"zl5my892v8kr177"}
{"type":"log","timestamp":1674754242329,"level":"debug","message":"(console:log) [ 'Las Palmas de Gran Canaria', 'Galdar', 'Teror' ]","meta":{"userLevel":true,"rootId":"5f3phyjg3xv1hgs","id":"5f3phyjg3xv1hgs"},"id":"55nuvluehxjg345","previousOperationId":"zl5my892v8kr177"}
{"type":"log","timestamp":1674754242330,"level":"debug","message":"(console:log) [ '2', '1', '3' ]","meta":{"userLevel":true,"rootId":"5f3phyjg3xv1hgs","id":"5f3phyjg3xv1hgs"},"id":"h7e33l07lrd2g1y","previousOperationId":"zl5my892v8kr177"}
{"type":"operationEnd","operationId":"zl5my892v8kr177","timestamp":1674754242740,"id":"y1xap268cyxf1mi","previousEventId":"ccm61clcccb5t1x","previousOperationId":"qnmv8xh31bywfki"}
{"type":"operationEnd","operationId":"tm8vnl16tf850bl","timestamp":1674754242740,"id":"gpivigafmsrrmks","previousEventId":"y1xap268cyxf1mi","previousOperationId":"qnmv8xh31bywfki"}
{"type":"log","timestamp":1674754242740,"level":"debug","message":"Base url not specified, skipping its injection.","meta":{"rootId":"5f3phyjg3xv1hgs","id":"5f3phyjg3xv1hgs"},"id":"o92z2113qc6mdlq","previousOperationId":"tm8vnl16tf850bl"}
{"type":"operationStart","subtype":"engine","name":"handlebars","timestamp":1674754242740,"id":"oq80u148r2p12r8","previousEventId":"gpivigafmsrrmks","operationId":"83cwrfkfmndamje","previousOperationId":"tm8vnl16tf850bl"}
{"type":"log","timestamp":1674754242740,"level":"debug","message":"Rendering engine handlebars","meta":{"rootId":"5f3phyjg3xv1hgs","id":"5f3phyjg3xv1hgs"},"id":"h5nux014f24tx21","previousOperationId":"83cwrfkfmndamje"}
{"type":"operationEnd","operationId":"83cwrfkfmndamje","timestamp":1674754242752,"id":"fctef7xu7r2pzzu","previousEventId":"oq80u148r2p12r8","previousOperationId":"83cwrfkfmndamje"}
{"type":"operationStart","subtype":"recipe","name":"chrome-pdf","timestamp":1674754242753,"id":"u8rg5hl37zf0w0q","previousEventId":"fctef7xu7r2pzzu","operationId":"b83uvtfklarqo33","previousOperationId":"83cwrfkfmndamje"}
{"type":"log","timestamp":1674754242753,"level":"debug","message":"Executing recipe chrome-pdf","meta":{"rootId":"5f3phyjg3xv1hgs","id":"5f3phyjg3xv1hgs"},"id":"jkh1tj7x9sgtvxt","previousOperationId":"b83uvtfklarqo33"}
{"type":"log","timestamp":1674754242758,"level":"debug","message":"Converting with chrome HeadlessChrome/105.0.5173.0 using chrome-pool strategy","meta":{"rootId":"5f3phyjg3xv1hgs","id":"5f3phyjg3xv1hgs"},"id":"4zoo9sotedarwfi","previousOperationId":"b83uvtfklarqo33"}
{"type":"log","timestamp":1674754242857,"level":"debug","message":"Page request: GET (document) file:///C:/Users/Johan/AppData/Local/Temp/jsreport/autocleanup/71e80c74-671e-4650-91d0-0502f05cf716-chrome-pdf.html","meta":{"rootId":"5f3phyjg3xv1hgs","id":"5f3phyjg3xv1hgs"},"id":"any9zq49bug67fr","previousOperationId":"b83uvtfklarqo33"}
{"type":"log","timestamp":1674754242882,"level":"debug","message":"Page request: GET (stylesheet) https://cdnjs.cloudflare.com/ajax/libs/metro/4.1.5/css/metro.min.css","meta":{"rootId":"5f3phyjg3xv1hgs","id":"5f3phyjg3xv1hgs"},"id":"xn610oho90u6vef","previousOperationId":"b83uvtfklarqo33"}
{"type":"log","timestamp":1674754242882,"level":"debug","message":"Page request: GET (stylesheet) https://cdnjs.cloudflare.com/ajax/libs/chartist/0.11.0/chartist.min.css","meta":{"rootId":"5f3phyjg3xv1hgs","id":"5f3phyjg3xv1hgs"},"id":"zzzndrzlkfnnmiu","previousOperationId":"b83uvtfklarqo33"}
{"type":"log","timestamp":1674754242882,"level":"debug","message":"Page request: GET (script) https://cdnjs.cloudflare.com/ajax/libs/chartist/0.11.0/chartist.min.js","meta":{"rootId":"5f3phyjg3xv1hgs","id":"5f3phyjg3xv1hgs"},"id":"35e43ye4wmkt97n","previousOperationId":"b83uvtfklarqo33"}
{"type":"log","timestamp":1674754242883,"level":"debug","message":"Page request finished: GET (document) 200 file:///C:/Users/Johan/AppData/Local/Temp/jsreport/autocleanup/71e80c74-671e-4650-91d0-0502f05cf716-chrome-pdf.html","meta":{"rootId":"5f3phyjg3xv1hgs","id":"5f3phyjg3xv1hgs"},"id":"b0fbsl97fapq2tc","previousOperationId":"b83uvtfklarqo33"}
{"type":"log","timestamp":1674754242883,"level":"debug","message":"Page request: GET (script) https://unpkg.com/chartist-plugin-tooltips@0.0.17","meta":{"rootId":"5f3phyjg3xv1hgs","id":"5f3phyjg3xv1hgs"},"id":"pozeqx5lxx1i8rz","previousOperationId":"b83uvtfklarqo33"}
{"type":"log","timestamp":1674754242883,"level":"debug","message":"Page request: GET (script) https://unpkg.com/chartist-plugin-pointlabels@0.0.6","meta":{"rootId":"5f3phyjg3xv1hgs","id":"5f3phyjg3xv1hgs"},"id":"0lh3p641r4x9e8g","previousOperationId":"b83uvtfklarqo33"}
{"type":"log","timestamp":1674754242888,"level":"debug","message":"Page request finished: GET (stylesheet) 200 https://cdnjs.cloudflare.com/ajax/libs/chartist/0.11.0/chartist.min.css","meta":{"rootId":"5f3phyjg3xv1hgs","id":"5f3phyjg3xv1hgs"},"id":"z2nftoj58ivulex","previousOperationId":"b83uvtfklarqo33"}
{"type":"log","timestamp":1674754242890,"level":"warn","message":"Page request failed: GET (script) 302 https://unpkg.com/chartist-plugin-tooltips@0.0.17 (redirect to: /chartist-plugin-tooltips@0.0.17/dist/chartist-plugin-tooltip.js)","meta":{"rootId":"5f3phyjg3xv1hgs","id":"5f3phyjg3xv1hgs"},"id":"ihgc1u2flmf35d6","previousOperationId":"b83uvtfklarqo33"}
{"type":"log","timestamp":1674754242890,"level":"debug","message":"Page request: GET (script) https://unpkg.com/chartist-plugin-tooltips@0.0.17/dist/chartist-plugin-tooltip.js (redirect from: https://unpkg.com/chartist-plugin-tooltips@0.0.17)","meta":{"rootId":"5f3phyjg3xv1hgs","id":"5f3phyjg3xv1hgs"},"id":"1b36i7bowb0m3zx","previousOperationId":"b83uvtfklarqo33"}
{"type":"log","timestamp":1674754242890,"level":"warn","message":"Page request failed: GET (script) 302 https://unpkg.com/chartist-plugin-pointlabels@0.0.6 (redirect to: /chartist-plugin-pointlabels@0.0.6/dist/chartist-plugin-pointlabels.js)","meta":{"rootId":"5f3phyjg3xv1hgs","id":"5f3phyjg3xv1hgs"},"id":"cau5efz0od2vuze","previousOperationId":"b83uvtfklarqo33"}
{"type":"log","timestamp":1674754242890,"level":"debug","message":"Page request finished: GET (script) 200 https://cdnjs.cloudflare.com/ajax/libs/chartist/0.11.0/chartist.min.js","meta":{"rootId":"5f3phyjg3xv1hgs","id":"5f3phyjg3xv1hgs"},"id":"4uxzhg4gj81u308","previousOperationId":"b83uvtfklarqo33"}
{"type":"log","timestamp":1674754242890,"level":"debug","message":"Page request: GET (script) https://unpkg.com/chartist-plugin-pointlabels@0.0.6/dist/chartist-plugin-pointlabels.js (redirect from: https://unpkg.com/chartist-plugin-pointlabels@0.0.6)","meta":{"rootId":"5f3phyjg3xv1hgs","id":"5f3phyjg3xv1hgs"},"id":"3cm8u1xx33lbskx","previousOperationId":"b83uvtfklarqo33"}
{"type":"log","timestamp":1674754242907,"level":"debug","message":"Page request finished: GET (stylesheet) 200 https://cdnjs.cloudflare.com/ajax/libs/metro/4.1.5/css/metro.min.css","meta":{"rootId":"5f3phyjg3xv1hgs","id":"5f3phyjg3xv1hgs"},"id":"bzg9o4f8invj8x6","previousOperationId":"b83uvtfklarqo33"}
{"type":"log","timestamp":1674754242909,"level":"debug","message":"Page request finished: GET (script) 200 https://unpkg.com/chartist-plugin-tooltips@0.0.17/dist/chartist-plugin-tooltip.js","meta":{"rootId":"5f3phyjg3xv1hgs","id":"5f3phyjg3xv1hgs"},"id":"0ftpgwhx28wfjvf","previousOperationId":"b83uvtfklarqo33"}
{"type":"log","timestamp":1674754242910,"level":"debug","message":"Page request finished: GET (script) 200 https://unpkg.com/chartist-plugin-pointlabels@0.0.6/dist/chartist-plugin-pointlabels.js","meta":{"rootId":"5f3phyjg3xv1hgs","id":"5f3phyjg3xv1hgs"},"id":"m2mj4ws8gpf7w8t","previousOperationId":"b83uvtfklarqo33"}
{"type":"log","timestamp":1674754242911,"level":"warn","message":"Page error: SyntaxError: Unexpected identifier","meta":{"rootId":"5f3phyjg3xv1hgs","id":"5f3phyjg3xv1hgs"},"id":"cbbaaz3xlvsorjc","previousOperationId":"b83uvtfklarqo33"}
{"type":"log","timestamp":1674754242952,"level":"debug","message":"Running chrome with params {\"printBackground\":true,\"timeout\":59154,\"margin\":{}}","meta":{"rootId":"5f3phyjg3xv1hgs","id":"5f3phyjg3xv1hgs"},"id":"2p7brrhe148mn0n","previousOperationId":"b83uvtfklarqo33"}
{"type":"operationEnd","operationId":"b83uvtfklarqo33","timestamp":1674754243086,"id":"d5dnidqdt8cup5o","previousEventId":"u8rg5hl37zf0w0q","previousOperationId":"b83uvtfklarqo33"}
{"type":"log","timestamp":1674754243086,"level":"debug","message":"Executing script testing (afterRender)","meta":{"rootId":"5f3phyjg3xv1hgs","id":"5f3phyjg3xv1hgs"},"id":"ikl6vj5s59pbfah","previousOperationId":"b83uvtfklarqo33"}
{"type":"operationStart","subtype":"scriptsAfterRender","name":"scripts afterRender","timestamp":1674754243100,"id":"e6fceh6vfer0y8s","previousEventId":"d5dnidqdt8cup5o","operationId":"rcv6zjwjpezyddd","previousOperationId":"b83uvtfklarqo33"}
{"type":"operationStart","subtype":"script","name":"scripts testing","previousOperationId":"rcv6zjwjpezyddd","timestamp":1674754243100,"id":"cknfwy3q2dgy5v5","previousEventId":"e6fceh6vfer0y8s","operationId":"7qqtdlm74afq3g7"}
{"type":"operationEnd","operationId":"7qqtdlm74afq3g7","timestamp":1674754244180,"id":"1p6ocqhz675nz0e","previousEventId":"d5dnidqdt8cup5o","previousOperationId":"b83uvtfklarqo33"}
{"type":"operationEnd","operationId":"rcv6zjwjpezyddd","timestamp":1674754244180,"id":"fyszjrj3dllyhp0","previousEventId":"1p6ocqhz675nz0e","previousOperationId":"b83uvtfklarqo33"}
{"type":"log","timestamp":1674754244180,"level":"debug","message":"Skipping storing report.","meta":{"rootId":"5f3phyjg3xv1hgs","id":"5f3phyjg3xv1hgs"},"id":"9r3ksf0r4huaw2d","previousOperationId":"rcv6zjwjpezyddd"}
{"type":"log","timestamp":1674754244180,"level":"info","message":"Rendering request 44 finished in 2269 ms","meta":{"rootId":"5f3phyjg3xv1hgs","id":"5f3phyjg3xv1hgs"},"id":"tqzmezeawzfpvzw","previousOperationId":"rcv6zjwjpezyddd"}
{"type":"operationEnd","subtype":"render","operationId":"qnmv8xh31bywfki","timestamp":1674754244180,"id":"gp4qn9lion89ny6","previousEventId":"fyszjrj3dllyhp0","previousOperationId":"rcv6zjwjpezyddd"}
{"type":"operationEnd","doDiffs":false,"previousEventId":"hdioobthig5c2nj","previousOperationId":"j8c8of3g2i9a790","operationId":"j8c8of3g2i9a790","timestamp":1674754244183,"id":"ptp256ndamitkqw"}
