{"type":"operationStart","subtype":"profile","data":{"_id":"RlMnSYVvZK5IzDp2","timestamp":"2023-01-26T16:50:53.182Z","state":"queued","mode":"standard","creationDate":"2023-01-26T16:50:53.185Z","modificationDate":"2023-01-26T16:50:53.185Z","shortid":"YUj7lw2","$entitySet":"profiles"},"doDiffs":false,"timestamp":1674751853183,"id":"3twf2kywkpll9wa","previousOperationId":null,"operationId":"sm9bciogfho41v3"}
{"type":"log","level":"info","message":"Render request 4 queued for execution and waiting for available worker","previousOperationId":"sm9bciogfho41v3","timestamp":1674751853184,"id":"xfialej4qf3aper"}
{"type":"operationStart","subtype":"render","name":"Data","previousOperationId":"sm9bciogfho41v3","timestamp":1674751853198,"id":"vi7xjj69p8sx837","previousEventId":"3twf2kywkpll9wa","operationId":"j0xbzxuv2jtuaih"}
{"type":"log","timestamp":1674751853198,"level":"info","message":"Starting rendering request 4","meta":{"rootId":"5hjsnf4k8cow83u","id":"5hjsnf4k8cow83u"},"id":"x3yu23ve7k33ut5","previousOperationId":"j0xbzxuv2jtuaih"}
{"type":"log","timestamp":1674751853199,"level":"info","message":"Rendering template { name: Data, recipe: chrome-pdf, engine: handlebars, preview: true }","meta":{"rootId":"5hjsnf4k8cow83u","id":"5hjsnf4k8cow83u"},"id":"a1n4lia348l9llr","previousOperationId":"j0xbzxuv2jtuaih"}
{"type":"log","timestamp":1674751853200,"level":"debug","message":"Data item not defined for this template.","meta":{"rootId":"5hjsnf4k8cow83u","id":"5hjsnf4k8cow83u"},"id":"cfrdpokeq7zenu4","previousOperationId":"j0xbzxuv2jtuaih"}
{"type":"log","timestamp":1674751853205,"level":"debug","message":"Executing script testing (beforeRender)","meta":{"rootId":"5hjsnf4k8cow83u","id":"5hjsnf4k8cow83u"},"id":"7i2k0xea4l6czk3","previousOperationId":"j0xbzxuv2jtuaih"}
{"type":"operationStart","subtype":"scriptsBeforeRender","name":"scripts beforeRender","timestamp":1674751853273,"id":"r7lk4wqydrf12ad","previousEventId":"vi7xjj69p8sx837","operationId":"433z6ob9xa353sf","previousOperationId":"j0xbzxuv2jtuaih"}
{"type":"operationStart","subtype":"script","name":"scripts testing","previousOperationId":"433z6ob9xa353sf","timestamp":1674751853273,"id":"0dv33qdxmxfkuss","previousEventId":"r7lk4wqydrf12ad","operationId":"wyqw9uc6atk6t29"}
{"type":"log","timestamp":1674751853497,"level":"debug","message":"(console:log) {\n  locationName: [ 'Las Palmas de Gran Canaria', 'Galdar', 'Teror' ],\n  repetition: [ '2', '1', '3' ]\n}","meta":{"userLevel":true,"rootId":"5hjsnf4k8cow83u","id":"5hjsnf4k8cow83u"},"id":"s7nn14jmgfnsjzt","previousOperationId":"wyqw9uc6atk6t29"}
{"type":"log","timestamp":1674751853497,"level":"debug","message":"(console:log) [ 'Las Palmas de Gran Canaria', 'Galdar', 'Teror' ]","meta":{"userLevel":true,"rootId":"5hjsnf4k8cow83u","id":"5hjsnf4k8cow83u"},"id":"o119809d0rrqid3","previousOperationId":"wyqw9uc6atk6t29"}
{"type":"log","timestamp":1674751853497,"level":"debug","message":"(console:log) [ '2', '1', '3' ]","meta":{"userLevel":true,"rootId":"5hjsnf4k8cow83u","id":"5hjsnf4k8cow83u"},"id":"7utj8985gj12j4a","previousOperationId":"wyqw9uc6atk6t29"}
{"type":"operationEnd","operationId":"wyqw9uc6atk6t29","timestamp":1674751853917,"id":"4pk6ugcma8pl8dj","previousEventId":"vi7xjj69p8sx837","previousOperationId":"j0xbzxuv2jtuaih"}
{"type":"operationEnd","operationId":"433z6ob9xa353sf","timestamp":1674751853917,"id":"mje33riwl50fblg","previousEventId":"4pk6ugcma8pl8dj","previousOperationId":"j0xbzxuv2jtuaih"}
{"type":"log","timestamp":1674751853917,"level":"debug","message":"Base url not specified, skipping its injection.","meta":{"rootId":"5hjsnf4k8cow83u","id":"5hjsnf4k8cow83u"},"id":"r73ccmzihzoms87","previousOperationId":"433z6ob9xa353sf"}
{"type":"operationStart","subtype":"engine","name":"handlebars","timestamp":1674751853917,"id":"9npqi1va0xmgwxh","previousEventId":"mje33riwl50fblg","operationId":"qngwvcam8y2egto","previousOperationId":"433z6ob9xa353sf"}
{"type":"log","timestamp":1674751853917,"level":"debug","message":"Rendering engine handlebars","meta":{"rootId":"5hjsnf4k8cow83u","id":"5hjsnf4k8cow83u"},"id":"2qc7l6wruwnc0mg","previousOperationId":"qngwvcam8y2egto"}
{"type":"operationEnd","operationId":"qngwvcam8y2egto","timestamp":1674751853930,"id":"wun4l78snx1e909","previousEventId":"9npqi1va0xmgwxh","previousOperationId":"qngwvcam8y2egto"}
{"type":"operationStart","subtype":"recipe","name":"chrome-pdf","timestamp":1674751853931,"id":"5nvsw7llvxz6keb","previousEventId":"wun4l78snx1e909","operationId":"28u7s47dng8evzh","previousOperationId":"qngwvcam8y2egto"}
{"type":"log","timestamp":1674751853931,"level":"debug","message":"Executing recipe chrome-pdf","meta":{"rootId":"5hjsnf4k8cow83u","id":"5hjsnf4k8cow83u"},"id":"hdeb17951hoavb2","previousOperationId":"28u7s47dng8evzh"}
{"type":"log","timestamp":1674751853933,"level":"debug","message":"Converting with chrome HeadlessChrome/105.0.5173.0 using chrome-pool strategy","meta":{"rootId":"5hjsnf4k8cow83u","id":"5hjsnf4k8cow83u"},"id":"1ukmtuxa145kpp6","previousOperationId":"28u7s47dng8evzh"}
{"type":"log","timestamp":1674751854034,"level":"debug","message":"Page request: GET (document) file:///C:/Users/Johan/AppData/Local/Temp/jsreport/autocleanup/575103cf-bdf7-4ff0-83c6-30f668ef5aed-chrome-pdf.html","meta":{"rootId":"5hjsnf4k8cow83u","id":"5hjsnf4k8cow83u"},"id":"biicwum7rki87qz","previousOperationId":"28u7s47dng8evzh"}
{"type":"log","timestamp":1674751854054,"level":"debug","message":"Page request: GET (stylesheet) https://cdnjs.cloudflare.com/ajax/libs/metro/4.1.5/css/metro.min.css","meta":{"rootId":"5hjsnf4k8cow83u","id":"5hjsnf4k8cow83u"},"id":"kv5f3de2cje4bqb","previousOperationId":"28u7s47dng8evzh"}
{"type":"log","timestamp":1674751854055,"level":"debug","message":"Page request: GET (stylesheet) https://cdnjs.cloudflare.com/ajax/libs/chartist/0.11.0/chartist.min.css","meta":{"rootId":"5hjsnf4k8cow83u","id":"5hjsnf4k8cow83u"},"id":"g5v898deb10lx21","previousOperationId":"28u7s47dng8evzh"}
{"type":"log","timestamp":1674751854056,"level":"debug","message":"Page request finished: GET (document) 200 file:///C:/Users/Johan/AppData/Local/Temp/jsreport/autocleanup/575103cf-bdf7-4ff0-83c6-30f668ef5aed-chrome-pdf.html","meta":{"rootId":"5hjsnf4k8cow83u","id":"5hjsnf4k8cow83u"},"id":"hibfmlvfumgldqz","previousOperationId":"28u7s47dng8evzh"}
{"type":"log","timestamp":1674751854056,"level":"debug","message":"Page request: GET (script) https://cdnjs.cloudflare.com/ajax/libs/chartist/0.11.0/chartist.min.js","meta":{"rootId":"5hjsnf4k8cow83u","id":"5hjsnf4k8cow83u"},"id":"qv71rd3uceb1e4s","previousOperationId":"28u7s47dng8evzh"}
{"type":"log","timestamp":1674751854056,"level":"debug","message":"Page request: GET (script) https://unpkg.com/chartist-plugin-tooltips@0.0.17","meta":{"rootId":"5hjsnf4k8cow83u","id":"5hjsnf4k8cow83u"},"id":"mrfioajd431ijc6","previousOperationId":"28u7s47dng8evzh"}
{"type":"log","timestamp":1674751854056,"level":"debug","message":"Page request: GET (script) https://unpkg.com/chartist-plugin-pointlabels@0.0.6","meta":{"rootId":"5hjsnf4k8cow83u","id":"5hjsnf4k8cow83u"},"id":"s5s94rbw5e518cb","previousOperationId":"28u7s47dng8evzh"}
{"type":"log","timestamp":1674751854060,"level":"debug","message":"Page request finished: GET (stylesheet) 200 https://cdnjs.cloudflare.com/ajax/libs/chartist/0.11.0/chartist.min.css","meta":{"rootId":"5hjsnf4k8cow83u","id":"5hjsnf4k8cow83u"},"id":"692179sw6ituf0t","previousOperationId":"28u7s47dng8evzh"}
{"type":"log","timestamp":1674751854062,"level":"warn","message":"Page request failed: GET (script) 302 https://unpkg.com/chartist-plugin-tooltips@0.0.17 (redirect to: /chartist-plugin-tooltips@0.0.17/dist/chartist-plugin-tooltip.js)","meta":{"rootId":"5hjsnf4k8cow83u","id":"5hjsnf4k8cow83u"},"id":"8w57n5tt53mctmk","previousOperationId":"28u7s47dng8evzh"}
{"type":"log","timestamp":1674751854062,"level":"debug","message":"Page request: GET (script) https://unpkg.com/chartist-plugin-tooltips@0.0.17/dist/chartist-plugin-tooltip.js (redirect from: https://unpkg.com/chartist-plugin-tooltips@0.0.17)","meta":{"rootId":"5hjsnf4k8cow83u","id":"5hjsnf4k8cow83u"},"id":"aahccbjoj720ezk","previousOperationId":"28u7s47dng8evzh"}
{"type":"log","timestamp":1674751854063,"level":"warn","message":"Page request failed: GET (script) 302 https://unpkg.com/chartist-plugin-pointlabels@0.0.6 (redirect to: /chartist-plugin-pointlabels@0.0.6/dist/chartist-plugin-pointlabels.js)","meta":{"rootId":"5hjsnf4k8cow83u","id":"5hjsnf4k8cow83u"},"id":"4thjzjub0ttti1p","previousOperationId":"28u7s47dng8evzh"}
{"type":"log","timestamp":1674751854063,"level":"debug","message":"Page request finished: GET (script) 200 https://cdnjs.cloudflare.com/ajax/libs/chartist/0.11.0/chartist.min.js","meta":{"rootId":"5hjsnf4k8cow83u","id":"5hjsnf4k8cow83u"},"id":"r4ucdcyam1tcub6","previousOperationId":"28u7s47dng8evzh"}
{"type":"log","timestamp":1674751854063,"level":"debug","message":"Page request: GET (script) https://unpkg.com/chartist-plugin-pointlabels@0.0.6/dist/chartist-plugin-pointlabels.js (redirect from: https://unpkg.com/chartist-plugin-pointlabels@0.0.6)","meta":{"rootId":"5hjsnf4k8cow83u","id":"5hjsnf4k8cow83u"},"id":"9twefantmnchagj","previousOperationId":"28u7s47dng8evzh"}
{"type":"log","timestamp":1674751854080,"level":"debug","message":"Page request finished: GET (stylesheet) 200 https://cdnjs.cloudflare.com/ajax/libs/metro/4.1.5/css/metro.min.css","meta":{"rootId":"5hjsnf4k8cow83u","id":"5hjsnf4k8cow83u"},"id":"1074zo6b4prtsl4","previousOperationId":"28u7s47dng8evzh"}
{"type":"log","timestamp":1674751854083,"level":"debug","message":"Page request finished: GET (script) 200 https://unpkg.com/chartist-plugin-tooltips@0.0.17/dist/chartist-plugin-tooltip.js","meta":{"rootId":"5hjsnf4k8cow83u","id":"5hjsnf4k8cow83u"},"id":"gh1gxu97ffo8fq0","previousOperationId":"28u7s47dng8evzh"}
{"type":"log","timestamp":1674751854083,"level":"debug","message":"Page request finished: GET (script) 200 https://unpkg.com/chartist-plugin-pointlabels@0.0.6/dist/chartist-plugin-pointlabels.js","meta":{"rootId":"5hjsnf4k8cow83u","id":"5hjsnf4k8cow83u"},"id":"otqf4bcqqhjlals","previousOperationId":"28u7s47dng8evzh"}
{"type":"log","timestamp":1674751854084,"level":"debug","message":"(console:log) Me he venido","meta":{"userLevel":true,"rootId":"5hjsnf4k8cow83u","id":"5hjsnf4k8cow83u"},"id":"t2d3dcti1w1a8km","previousOperationId":"28u7s47dng8evzh"}
{"type":"log","timestamp":1674751854085,"level":"debug","message":"(console:log) JSHandle@array","meta":{"userLevel":true,"rootId":"5hjsnf4k8cow83u","id":"5hjsnf4k8cow83u"},"id":"7cjrihqgjbszm1q","previousOperationId":"28u7s47dng8evzh"}
{"type":"log","timestamp":1674751854085,"level":"debug","message":"(console:log) JSHandle@array","meta":{"userLevel":true,"rootId":"5hjsnf4k8cow83u","id":"5hjsnf4k8cow83u"},"id":"2esq9g8mf9uzv2q","previousOperationId":"28u7s47dng8evzh"}
{"type":"log","timestamp":1674751854141,"level":"debug","message":"Running chrome with params {\"printBackground\":true,\"timeout\":59249,\"margin\":{}}","meta":{"rootId":"5hjsnf4k8cow83u","id":"5hjsnf4k8cow83u"},"id":"zuqig3ylzatvm5z","previousOperationId":"28u7s47dng8evzh"}
{"type":"operationEnd","operationId":"28u7s47dng8evzh","timestamp":1674751854291,"id":"wtgi6zklsrfxmm1","previousEventId":"5nvsw7llvxz6keb","previousOperationId":"28u7s47dng8evzh"}
{"type":"log","timestamp":1674751854291,"level":"debug","message":"Executing script testing (afterRender)","meta":{"rootId":"5hjsnf4k8cow83u","id":"5hjsnf4k8cow83u"},"id":"vzry12sbu6us2zl","previousOperationId":"28u7s47dng8evzh"}
{"type":"operationStart","subtype":"scriptsAfterRender","name":"scripts afterRender","timestamp":1674751854300,"id":"bnlmhmvtwdlb7pq","previousEventId":"wtgi6zklsrfxmm1","operationId":"s51wnfea18rivf9","previousOperationId":"28u7s47dng8evzh"}
{"type":"operationStart","subtype":"script","name":"scripts testing","previousOperationId":"s51wnfea18rivf9","timestamp":1674751854300,"id":"zvt9d366v5jxs8q","previousEventId":"bnlmhmvtwdlb7pq","operationId":"in00s9yu920xiom"}
{"type":"operationEnd","operationId":"in00s9yu920xiom","timestamp":1674751855857,"id":"d0y1evl8y1cd0um","previousEventId":"wtgi6zklsrfxmm1","previousOperationId":"28u7s47dng8evzh"}
{"type":"operationEnd","operationId":"s51wnfea18rivf9","timestamp":1674751855857,"id":"egt8a17j85vd3gc","previousEventId":"d0y1evl8y1cd0um","previousOperationId":"28u7s47dng8evzh"}
{"type":"log","timestamp":1674751855857,"level":"debug","message":"Skipping storing report.","meta":{"rootId":"5hjsnf4k8cow83u","id":"5hjsnf4k8cow83u"},"id":"u776mmxni0vktjg","previousOperationId":"s51wnfea18rivf9"}
{"type":"log","timestamp":1674751855857,"level":"info","message":"Rendering request 4 finished in 2675 ms","meta":{"rootId":"5hjsnf4k8cow83u","id":"5hjsnf4k8cow83u"},"id":"ctuja9i7y5shh57","previousOperationId":"s51wnfea18rivf9"}
{"type":"operationEnd","subtype":"render","operationId":"j0xbzxuv2jtuaih","timestamp":1674751855857,"id":"p2124p41mmvpaq0","previousEventId":"egt8a17j85vd3gc","previousOperationId":"s51wnfea18rivf9"}
{"type":"operationEnd","doDiffs":false,"previousEventId":"3twf2kywkpll9wa","previousOperationId":"sm9bciogfho41v3","operationId":"sm9bciogfho41v3","timestamp":1674751855864,"id":"tyn56hzu4h7p3cf"}
