{"type":"operationStart","subtype":"profile","data":{"_id":"ZJgJZ4rzDaNxJ3pQ","timestamp":"2023-01-26T12:09:39.891Z","state":"queued","mode":"standard","creationDate":"2023-01-26T12:09:39.894Z","modificationDate":"2023-01-26T12:09:39.894Z","shortid":"AR_j971","$entitySet":"profiles"},"doDiffs":false,"timestamp":1674734979893,"id":"vslv0ebqmw5juog","previousOperationId":null,"operationId":"0uc25753xr89pm2"}
{"type":"log","level":"info","message":"Render request 25 queued for execution and waiting for available worker","previousOperationId":"0uc25753xr89pm2","timestamp":1674734979893,"id":"63626sapxz1wc0k"}
{"type":"operationStart","subtype":"render","name":"Data","previousOperationId":"0uc25753xr89pm2","timestamp":1674734979908,"id":"i9oz4xtilh7d3ia","previousEventId":"vslv0ebqmw5juog","operationId":"fhygohosh8t6rlf"}
{"type":"log","timestamp":1674734979908,"level":"info","message":"Starting rendering request 25","meta":{"rootId":"5knribynjn3egay","id":"5knribynjn3egay"},"id":"x640cwjitttvgge","previousOperationId":"fhygohosh8t6rlf"}
{"type":"log","timestamp":1674734979909,"level":"info","message":"Rendering template { name: Data, recipe: chrome-pdf, engine: handlebars, preview: true }","meta":{"rootId":"5knribynjn3egay","id":"5knribynjn3egay"},"id":"qy3nihf21qe5l9d","previousOperationId":"fhygohosh8t6rlf"}
{"type":"log","timestamp":1674734979913,"level":"debug","message":"Data item not defined for this template.","meta":{"rootId":"5knribynjn3egay","id":"5knribynjn3egay"},"id":"cn2h5qqmzvmlo4l","previousOperationId":"fhygohosh8t6rlf"}
{"type":"log","timestamp":1674734979925,"level":"debug","message":"Executing script testing (beforeRender)","meta":{"rootId":"5knribynjn3egay","id":"5knribynjn3egay"},"id":"o8zljy08de2sqmg","previousOperationId":"fhygohosh8t6rlf"}
{"type":"operationStart","subtype":"scriptsBeforeRender","name":"scripts beforeRender","timestamp":1674734980036,"id":"xpfgsofygex7efd","previousEventId":"i9oz4xtilh7d3ia","operationId":"dqputw3uisbks56","previousOperationId":"fhygohosh8t6rlf"}
{"type":"operationStart","subtype":"script","name":"scripts testing","previousOperationId":"dqputw3uisbks56","timestamp":1674734980036,"id":"5lzmwyc1530i6fi","previousEventId":"xpfgsofygex7efd","operationId":"5qkhjrkf3q4oc5u"}
{"type":"log","timestamp":1674734980743,"level":"debug","message":"(console:log) [ '58', '2', '59' ]","meta":{"userLevel":true,"rootId":"5knribynjn3egay","id":"5knribynjn3egay"},"id":"7s7x3y3hwjchxf0","previousOperationId":"5qkhjrkf3q4oc5u"}
{"type":"operationEnd","operationId":"5qkhjrkf3q4oc5u","timestamp":1674734981371,"id":"y9ls2ehbiv1s2zz","previousEventId":"i9oz4xtilh7d3ia","previousOperationId":"fhygohosh8t6rlf"}
{"type":"operationEnd","operationId":"dqputw3uisbks56","timestamp":1674734981371,"id":"stoo98hs7ajwmv4","previousEventId":"y9ls2ehbiv1s2zz","previousOperationId":"fhygohosh8t6rlf"}
{"type":"log","timestamp":1674734981371,"level":"debug","message":"Base url not specified, skipping its injection.","meta":{"rootId":"5knribynjn3egay","id":"5knribynjn3egay"},"id":"dra3ddab6gw9yx4","previousOperationId":"dqputw3uisbks56"}
{"type":"operationStart","subtype":"engine","name":"handlebars","timestamp":1674734981372,"id":"b8eq1satxjocf25","previousEventId":"stoo98hs7ajwmv4","operationId":"jcox4u9ytoroikf","previousOperationId":"dqputw3uisbks56"}
{"type":"log","timestamp":1674734981372,"level":"debug","message":"Rendering engine handlebars","meta":{"rootId":"5knribynjn3egay","id":"5knribynjn3egay"},"id":"cuebjj1c2rt479n","previousOperationId":"jcox4u9ytoroikf"}
{"type":"operationEnd","operationId":"jcox4u9ytoroikf","timestamp":1674734981459,"id":"ppacmdnbvf8unzm","previousEventId":"b8eq1satxjocf25","previousOperationId":"jcox4u9ytoroikf"}
{"type":"operationStart","subtype":"recipe","name":"chrome-pdf","timestamp":1674734981459,"id":"uvl0sl0yyhklibd","previousEventId":"ppacmdnbvf8unzm","operationId":"wc5sean90g4a5jm","previousOperationId":"jcox4u9ytoroikf"}
{"type":"log","timestamp":1674734981460,"level":"debug","message":"Executing recipe chrome-pdf","meta":{"rootId":"5knribynjn3egay","id":"5knribynjn3egay"},"id":"e95i220westhdqs","previousOperationId":"wc5sean90g4a5jm"}
{"type":"log","timestamp":1674734981468,"level":"debug","message":"Converting with chrome HeadlessChrome/105.0.5173.0 using chrome-pool strategy","meta":{"rootId":"5knribynjn3egay","id":"5knribynjn3egay"},"id":"wrdpxnd0d7to9si","previousOperationId":"wc5sean90g4a5jm"}
{"type":"log","timestamp":1674734981642,"level":"debug","message":"Page request: GET (document) file:///C:/Users/Johan/AppData/Local/Temp/jsreport/autocleanup/642040a1-0499-48cb-800c-d7bf20fbea77-chrome-pdf.html","meta":{"rootId":"5knribynjn3egay","id":"5knribynjn3egay"},"id":"xet4q3evzvq9xx1","previousOperationId":"wc5sean90g4a5jm"}
{"type":"log","timestamp":1674734981689,"level":"debug","message":"Page request: GET (stylesheet) https://cdnjs.cloudflare.com/ajax/libs/metro/4.1.5/css/metro.min.css","meta":{"rootId":"5knribynjn3egay","id":"5knribynjn3egay"},"id":"dkux5xza3s4sdab","previousOperationId":"wc5sean90g4a5jm"}
{"type":"log","timestamp":1674734981690,"level":"debug","message":"Page request: GET (script) https://cdnjs.cloudflare.com/ajax/libs/Chart.js/2.7.2/Chart.min.js","meta":{"rootId":"5knribynjn3egay","id":"5knribynjn3egay"},"id":"bulwhcefqzomuw4","previousOperationId":"wc5sean90g4a5jm"}
{"type":"log","timestamp":1674734981690,"level":"debug","message":"Page request: GET (stylesheet) https://cdnjs.cloudflare.com/ajax/libs/chartist/0.11.0/chartist.min.css","meta":{"rootId":"5knribynjn3egay","id":"5knribynjn3egay"},"id":"m6z4jibsjkwpcks","previousOperationId":"wc5sean90g4a5jm"}
{"type":"log","timestamp":1674734981691,"level":"debug","message":"Page request: GET (script) https://cdnjs.cloudflare.com/ajax/libs/chartist/0.11.0/chartist.min.js","meta":{"rootId":"5knribynjn3egay","id":"5knribynjn3egay"},"id":"s7ia3l4yknej8ye","previousOperationId":"wc5sean90g4a5jm"}
{"type":"log","timestamp":1674734981692,"level":"debug","message":"Page request: GET (script) https://unpkg.com/chartist-plugin-tooltips@0.0.17","meta":{"rootId":"5knribynjn3egay","id":"5knribynjn3egay"},"id":"bx16kmu3t799zmp","previousOperationId":"wc5sean90g4a5jm"}
{"type":"log","timestamp":1674734981692,"level":"debug","message":"Page request: GET (script) https://unpkg.com/chartist-plugin-pointlabels@0.0.6","meta":{"rootId":"5knribynjn3egay","id":"5knribynjn3egay"},"id":"a6ui4nnmb3mw6gq","previousOperationId":"wc5sean90g4a5jm"}
{"type":"log","timestamp":1674734981692,"level":"debug","message":"Page request: GET (script) http://code.jquery.com/jquery-1.11.0.min.js","meta":{"rootId":"5knribynjn3egay","id":"5knribynjn3egay"},"id":"gercibby2n5namv","previousOperationId":"wc5sean90g4a5jm"}
{"type":"log","timestamp":1674734981694,"level":"debug","message":"Page request finished: GET (document) 200 file:///C:/Users/Johan/AppData/Local/Temp/jsreport/autocleanup/642040a1-0499-48cb-800c-d7bf20fbea77-chrome-pdf.html","meta":{"rootId":"5knribynjn3egay","id":"5knribynjn3egay"},"id":"q6zu97j2sfwceps","previousOperationId":"wc5sean90g4a5jm"}
{"type":"log","timestamp":1674734981695,"level":"debug","message":"Page request: GET (script) http://cdnjs.cloudflare.com/ajax/libs/flot/0.8.1/jquery.flot.min.js","meta":{"rootId":"5knribynjn3egay","id":"5knribynjn3egay"},"id":"49s0wadz9kur7oz","previousOperationId":"wc5sean90g4a5jm"}
{"type":"log","timestamp":1674734981696,"level":"debug","message":"Page request: GET (script) https://cdn.jsdelivr.net/npm/chart.js@2.9.3/dist/Chart.min.js","meta":{"rootId":"5knribynjn3egay","id":"5knribynjn3egay"},"id":"cqjxeerbrned6yq","previousOperationId":"wc5sean90g4a5jm"}
{"type":"log","timestamp":1674734981708,"level":"warn","message":"Page request failed: GET (script) 302 https://unpkg.com/chartist-plugin-tooltips@0.0.17 (redirect to: /chartist-plugin-tooltips@0.0.17/dist/chartist-plugin-tooltip.js)","meta":{"rootId":"5knribynjn3egay","id":"5knribynjn3egay"},"id":"tsz2tujjgbqe44s","previousOperationId":"wc5sean90g4a5jm"}
{"type":"log","timestamp":1674734981709,"level":"warn","message":"Page request failed: GET (script) 302 https://unpkg.com/chartist-plugin-pointlabels@0.0.6 (redirect to: /chartist-plugin-pointlabels@0.0.6/dist/chartist-plugin-pointlabels.js)","meta":{"rootId":"5knribynjn3egay","id":"5knribynjn3egay"},"id":"ub1ir0tlw9hzhq9","previousOperationId":"wc5sean90g4a5jm"}
{"type":"log","timestamp":1674734981709,"level":"debug","message":"Page request: GET (script) https://unpkg.com/chartist-plugin-tooltips@0.0.17/dist/chartist-plugin-tooltip.js (redirect from: https://unpkg.com/chartist-plugin-tooltips@0.0.17)","meta":{"rootId":"5knribynjn3egay","id":"5knribynjn3egay"},"id":"y1aog63zpu7oe7w","previousOperationId":"wc5sean90g4a5jm"}
{"type":"log","timestamp":1674734981710,"level":"debug","message":"Page request: GET (script) https://unpkg.com/chartist-plugin-pointlabels@0.0.6/dist/chartist-plugin-pointlabels.js (redirect from: https://unpkg.com/chartist-plugin-pointlabels@0.0.6)","meta":{"rootId":"5knribynjn3egay","id":"5knribynjn3egay"},"id":"23m96r5033i3546","previousOperationId":"wc5sean90g4a5jm"}
{"type":"log","timestamp":1674734981711,"level":"debug","message":"Page request finished: GET (stylesheet) 200 https://cdnjs.cloudflare.com/ajax/libs/chartist/0.11.0/chartist.min.css","meta":{"rootId":"5knribynjn3egay","id":"5knribynjn3egay"},"id":"gsy3xfuc4idof4m","previousOperationId":"wc5sean90g4a5jm"}
{"type":"log","timestamp":1674734981713,"level":"debug","message":"Page request finished: GET (script) 200 https://cdnjs.cloudflare.com/ajax/libs/chartist/0.11.0/chartist.min.js","meta":{"rootId":"5knribynjn3egay","id":"5knribynjn3egay"},"id":"bpgb6zgjcweikq7","previousOperationId":"wc5sean90g4a5jm"}
{"type":"log","timestamp":1674734981713,"level":"debug","message":"Page request finished: GET (script) 200 http://code.jquery.com/jquery-1.11.0.min.js","meta":{"rootId":"5knribynjn3egay","id":"5knribynjn3egay"},"id":"0oiclnlur9agrye","previousOperationId":"wc5sean90g4a5jm"}
{"type":"log","timestamp":1674734981714,"level":"warn","message":"Page request failed: GET (script) 307 http://cdnjs.cloudflare.com/ajax/libs/flot/0.8.1/jquery.flot.min.js (redirect to: https://cdnjs.cloudflare.com/ajax/libs/flot/0.8.1/jquery.flot.min.js)","meta":{"rootId":"5knribynjn3egay","id":"5knribynjn3egay"},"id":"mp33vxrko3emicf","previousOperationId":"wc5sean90g4a5jm"}
{"type":"log","timestamp":1674734981714,"level":"debug","message":"Page request finished: GET (script) 200 https://cdnjs.cloudflare.com/ajax/libs/Chart.js/2.7.2/Chart.min.js","meta":{"rootId":"5knribynjn3egay","id":"5knribynjn3egay"},"id":"o3c29hli2wnzeij","previousOperationId":"wc5sean90g4a5jm"}
{"type":"log","timestamp":1674734981715,"level":"debug","message":"Page request: GET (script) https://cdnjs.cloudflare.com/ajax/libs/flot/0.8.1/jquery.flot.min.js (redirect from: http://cdnjs.cloudflare.com/ajax/libs/flot/0.8.1/jquery.flot.min.js)","meta":{"rootId":"5knribynjn3egay","id":"5knribynjn3egay"},"id":"x98xit1mh09zqx9","previousOperationId":"wc5sean90g4a5jm"}
{"type":"log","timestamp":1674734981738,"level":"debug","message":"Page request finished: GET (stylesheet) 200 https://cdnjs.cloudflare.com/ajax/libs/metro/4.1.5/css/metro.min.css","meta":{"rootId":"5knribynjn3egay","id":"5knribynjn3egay"},"id":"l757vq4b3fi6dam","previousOperationId":"wc5sean90g4a5jm"}
{"type":"log","timestamp":1674734981738,"level":"debug","message":"Page request finished: GET (script) 200 https://cdn.jsdelivr.net/npm/chart.js@2.9.3/dist/Chart.min.js","meta":{"rootId":"5knribynjn3egay","id":"5knribynjn3egay"},"id":"l4jcqsuixrfe7l2","previousOperationId":"wc5sean90g4a5jm"}
{"type":"log","timestamp":1674734981750,"level":"debug","message":"Page request finished: GET (script) 200 https://unpkg.com/chartist-plugin-tooltips@0.0.17/dist/chartist-plugin-tooltip.js","meta":{"rootId":"5knribynjn3egay","id":"5knribynjn3egay"},"id":"gcbimkyvlgncwg8","previousOperationId":"wc5sean90g4a5jm"}
{"type":"log","timestamp":1674734981750,"level":"debug","message":"Page request finished: GET (script) 200 https://unpkg.com/chartist-plugin-pointlabels@0.0.6/dist/chartist-plugin-pointlabels.js","meta":{"rootId":"5knribynjn3egay","id":"5knribynjn3egay"},"id":"lfxouy7gftww3f8","previousOperationId":"wc5sean90g4a5jm"}
{"type":"log","timestamp":1674734981750,"level":"debug","message":"Page request finished: GET (script) 200 https://cdnjs.cloudflare.com/ajax/libs/flot/0.8.1/jquery.flot.min.js","meta":{"rootId":"5knribynjn3egay","id":"5knribynjn3egay"},"id":"jzw654my6qa3pt3","previousOperationId":"wc5sean90g4a5jm"}
{"type":"log","timestamp":1674734981772,"level":"warn","message":"Page error: SyntaxError: Unexpected token ','","meta":{"rootId":"5knribynjn3egay","id":"5knribynjn3egay"},"id":"ddrpk7sj2grmvhc","previousOperationId":"wc5sean90g4a5jm"}
{"type":"log","timestamp":1674734981837,"level":"debug","message":"Running chrome with params {\"printBackground\":true,\"timeout\":58427,\"margin\":{}}","meta":{"rootId":"5knribynjn3egay","id":"5knribynjn3egay"},"id":"9lj6v7z53uj1zfy","previousOperationId":"wc5sean90g4a5jm"}
{"type":"operationEnd","operationId":"wc5sean90g4a5jm","timestamp":1674734981984,"id":"cqmcywujarb9aju","previousEventId":"uvl0sl0yyhklibd","previousOperationId":"wc5sean90g4a5jm"}
{"type":"log","timestamp":1674734981984,"level":"debug","message":"Executing script testing (afterRender)","meta":{"rootId":"5knribynjn3egay","id":"5knribynjn3egay"},"id":"secs7xb53wl1nz4","previousOperationId":"wc5sean90g4a5jm"}
{"type":"operationStart","subtype":"scriptsAfterRender","name":"scripts afterRender","timestamp":1674734981995,"id":"q1efd1yz24840tb","previousEventId":"cqmcywujarb9aju","operationId":"vxhf8fwqp3ro7vp","previousOperationId":"wc5sean90g4a5jm"}
{"type":"operationStart","subtype":"script","name":"scripts testing","previousOperationId":"vxhf8fwqp3ro7vp","timestamp":1674734981995,"id":"0ujtznl07zsv8qt","previousEventId":"q1efd1yz24840tb","operationId":"kuvy93vcrfsyzlb"}
{"type":"operationEnd","operationId":"kuvy93vcrfsyzlb","timestamp":1674734983323,"id":"11lo1gum8dg4jb2","previousEventId":"cqmcywujarb9aju","previousOperationId":"wc5sean90g4a5jm"}
{"type":"operationEnd","operationId":"vxhf8fwqp3ro7vp","timestamp":1674734983323,"id":"f78iwl26tpttn4i","previousEventId":"11lo1gum8dg4jb2","previousOperationId":"wc5sean90g4a5jm"}
{"type":"log","timestamp":1674734983323,"level":"debug","message":"Skipping storing report.","meta":{"rootId":"5knribynjn3egay","id":"5knribynjn3egay"},"id":"nyvwd7zwfmn0hkt","previousOperationId":"vxhf8fwqp3ro7vp"}
{"type":"log","timestamp":1674734983323,"level":"info","message":"Rendering request 25 finished in 3432 ms","meta":{"rootId":"5knribynjn3egay","id":"5knribynjn3egay"},"id":"jjf4w9xn4sj9pgr","previousOperationId":"vxhf8fwqp3ro7vp"}
{"type":"operationEnd","subtype":"render","operationId":"fhygohosh8t6rlf","timestamp":1674734983323,"id":"0hxgv4uwytv5we7","previousEventId":"f78iwl26tpttn4i","previousOperationId":"vxhf8fwqp3ro7vp"}
{"type":"operationEnd","doDiffs":false,"previousEventId":"vslv0ebqmw5juog","previousOperationId":"0uc25753xr89pm2","operationId":"0uc25753xr89pm2","timestamp":1674734983330,"id":"iq031k1d1zdrabt"}
