{"type":"operationStart","subtype":"profile","data":{"_id":"FkNQaZgHADoxhDYd","timestamp":"2023-01-24T19:07:31.277Z","state":"queued","mode":"standard","creationDate":"2023-01-24T19:07:31.281Z","modificationDate":"2023-01-24T19:07:31.281Z","shortid":"1wtazeA","$entitySet":"profiles"},"doDiffs":false,"timestamp":1674587251279,"id":"vtjs8ixst95kp2w","previousOperationId":null,"operationId":"t1qvm6sl9ieuvga"}
{"type":"log","level":"info","message":"Render request 5 queued for execution and waiting for available worker","previousOperationId":"t1qvm6sl9ieuvga","timestamp":1674587251279,"id":"1kobedrhuq9jldv"}
{"type":"operationStart","subtype":"render","name":"Data","previousOperationId":"t1qvm6sl9ieuvga","timestamp":1674587251296,"id":"z9l60ryauh6s5ej","previousEventId":"vtjs8ixst95kp2w","operationId":"eqydsxt8alfupq7"}
{"type":"log","timestamp":1674587251296,"level":"info","message":"Starting rendering request 5","meta":{"rootId":"5o8in0gozl21scu","id":"5o8in0gozl21scu"},"id":"pm4q4tvj4xn34il","previousOperationId":"eqydsxt8alfupq7"}
{"type":"log","timestamp":1674587251297,"level":"info","message":"Rendering template { name: Data, recipe: chrome-pdf, engine: handlebars, preview: true }","meta":{"rootId":"5o8in0gozl21scu","id":"5o8in0gozl21scu"},"id":"8pp3v9utg19gkft","previousOperationId":"eqydsxt8alfupq7"}
{"type":"log","timestamp":1674587251298,"level":"debug","message":"Data item not defined for this template.","meta":{"rootId":"5o8in0gozl21scu","id":"5o8in0gozl21scu"},"id":"1eu1cy0e7g2yufl","previousOperationId":"eqydsxt8alfupq7"}
{"type":"log","timestamp":1674587251305,"level":"debug","message":"Executing script testing (beforeRender)","meta":{"rootId":"5o8in0gozl21scu","id":"5o8in0gozl21scu"},"id":"4w27c0vhr3o1fnn","previousOperationId":"eqydsxt8alfupq7"}
{"type":"operationStart","subtype":"scriptsBeforeRender","name":"scripts beforeRender","timestamp":1674587251377,"id":"icd85s0qp4ggwdi","previousEventId":"z9l60ryauh6s5ej","operationId":"91k4z3lzi90ruek","previousOperationId":"eqydsxt8alfupq7"}
{"type":"operationStart","subtype":"script","name":"scripts testing","previousOperationId":"91k4z3lzi90ruek","timestamp":1674587251377,"id":"qwpzycdhnxfwayj","previousEventId":"icd85s0qp4ggwdi","operationId":"fj1kw8m117d0wj5"}
{"type":"operationEnd","operationId":"fj1kw8m117d0wj5","timestamp":1674587251998,"id":"msev9jn971dfvce","previousEventId":"z9l60ryauh6s5ej","previousOperationId":"eqydsxt8alfupq7"}
{"type":"operationEnd","operationId":"91k4z3lzi90ruek","timestamp":1674587251998,"id":"cl32v8pea2wvl60","previousEventId":"msev9jn971dfvce","previousOperationId":"eqydsxt8alfupq7"}
{"type":"log","timestamp":1674587251998,"level":"debug","message":"Base url not specified, skipping its injection.","meta":{"rootId":"5o8in0gozl21scu","id":"5o8in0gozl21scu"},"id":"oxvdmzhjoymlx8d","previousOperationId":"91k4z3lzi90ruek"}
{"type":"operationStart","subtype":"engine","name":"handlebars","timestamp":1674587251998,"id":"n014k0y9sj71yed","previousEventId":"cl32v8pea2wvl60","operationId":"xh26q4si0qmci51","previousOperationId":"91k4z3lzi90ruek"}
{"type":"log","timestamp":1674587251998,"level":"debug","message":"Rendering engine handlebars","meta":{"rootId":"5o8in0gozl21scu","id":"5o8in0gozl21scu"},"id":"70q137wbme5jb6v","previousOperationId":"xh26q4si0qmci51"}
{"type":"operationEnd","operationId":"xh26q4si0qmci51","timestamp":1674587252012,"id":"kka6g1a9z0188q0","previousEventId":"n014k0y9sj71yed","previousOperationId":"xh26q4si0qmci51"}
{"type":"operationStart","subtype":"recipe","name":"chrome-pdf","timestamp":1674587252012,"id":"w76gr3cldva7utw","previousEventId":"kka6g1a9z0188q0","operationId":"zyx02praqrvt2nu","previousOperationId":"xh26q4si0qmci51"}
{"type":"log","timestamp":1674587252012,"level":"debug","message":"Executing recipe chrome-pdf","meta":{"rootId":"5o8in0gozl21scu","id":"5o8in0gozl21scu"},"id":"svd9z5vb0g7b0uy","previousOperationId":"zyx02praqrvt2nu"}
{"type":"log","timestamp":1674587252016,"level":"debug","message":"Converting with chrome HeadlessChrome/105.0.5173.0 using chrome-pool strategy","meta":{"rootId":"5o8in0gozl21scu","id":"5o8in0gozl21scu"},"id":"uvydp5n0i8x5j4q","previousOperationId":"zyx02praqrvt2nu"}
{"type":"log","timestamp":1674587252151,"level":"debug","message":"Page request: GET (document) file:///C:/Users/Johan/AppData/Local/Temp/jsreport/autocleanup/1f22e10d-43b0-4767-9afb-71942f74568f-chrome-pdf.html","meta":{"rootId":"5o8in0gozl21scu","id":"5o8in0gozl21scu"},"id":"begb66b6jdxtt8d","previousOperationId":"zyx02praqrvt2nu"}
{"type":"log","timestamp":1674587252171,"level":"debug","message":"Page request finished: GET (document) 200 file:///C:/Users/Johan/AppData/Local/Temp/jsreport/autocleanup/1f22e10d-43b0-4767-9afb-71942f74568f-chrome-pdf.html","meta":{"rootId":"5o8in0gozl21scu","id":"5o8in0gozl21scu"},"id":"czfj42tkox8jq1h","previousOperationId":"zyx02praqrvt2nu"}
{"type":"log","timestamp":1674587252171,"level":"debug","message":"Page request: GET (stylesheet) https://cdnjs.cloudflare.com/ajax/libs/metro/4.1.5/css/metro.min.css","meta":{"rootId":"5o8in0gozl21scu","id":"5o8in0gozl21scu"},"id":"0q09jpovdtg3vzq","previousOperationId":"zyx02praqrvt2nu"}
{"type":"log","timestamp":1674587252172,"level":"debug","message":"Page request: GET (script) https://cdnjs.cloudflare.com/ajax/libs/Chart.js/2.7.2/Chart.min.js","meta":{"rootId":"5o8in0gozl21scu","id":"5o8in0gozl21scu"},"id":"qc3dkn0oaqu4tyl","previousOperationId":"zyx02praqrvt2nu"}
{"type":"log","timestamp":1674587252181,"level":"debug","message":"Page request finished: GET (script) 200 https://cdnjs.cloudflare.com/ajax/libs/Chart.js/2.7.2/Chart.min.js","meta":{"rootId":"5o8in0gozl21scu","id":"5o8in0gozl21scu"},"id":"6kpu9koma89xa7a","previousOperationId":"zyx02praqrvt2nu"}
{"type":"log","timestamp":1674587252198,"level":"debug","message":"Page request finished: GET (stylesheet) 200 https://cdnjs.cloudflare.com/ajax/libs/metro/4.1.5/css/metro.min.css","meta":{"rootId":"5o8in0gozl21scu","id":"5o8in0gozl21scu"},"id":"v8sucqy1fzfwk7w","previousOperationId":"zyx02praqrvt2nu"}
{"type":"log","timestamp":1674587252242,"level":"debug","message":"Running chrome with params {\"printBackground\":true,\"timeout\":59262,\"margin\":{}}","meta":{"rootId":"5o8in0gozl21scu","id":"5o8in0gozl21scu"},"id":"xykdqlrosmfrimq","previousOperationId":"zyx02praqrvt2nu"}
{"type":"operationEnd","operationId":"zyx02praqrvt2nu","timestamp":1674587252401,"id":"3jhjdi6evizim9d","previousEventId":"w76gr3cldva7utw","previousOperationId":"zyx02praqrvt2nu"}
{"type":"log","timestamp":1674587252401,"level":"debug","message":"Skipping storing report.","meta":{"rootId":"5o8in0gozl21scu","id":"5o8in0gozl21scu"},"id":"y6urh85tad7krfc","previousOperationId":"zyx02praqrvt2nu"}
{"type":"log","timestamp":1674587252402,"level":"info","message":"Rendering request 5 finished in 1125 ms","meta":{"rootId":"5o8in0gozl21scu","id":"5o8in0gozl21scu"},"id":"p3273q01qn0jlto","previousOperationId":"zyx02praqrvt2nu"}
{"type":"operationEnd","subtype":"render","operationId":"eqydsxt8alfupq7","timestamp":1674587252402,"id":"wdlwxgktqbgqr7p","previousEventId":"3jhjdi6evizim9d","previousOperationId":"zyx02praqrvt2nu"}
{"type":"operationEnd","doDiffs":false,"previousEventId":"vtjs8ixst95kp2w","previousOperationId":"t1qvm6sl9ieuvga","operationId":"t1qvm6sl9ieuvga","timestamp":1674587252410,"id":"cc5djmor4srxtkd"}
