{"type":"operationStart","subtype":"profile","data":{"_id":"nWT7b3v8tpxhisyj","timestamp":"2023-01-26T17:17:03.828Z","state":"queued","mode":"standard","creationDate":"2023-01-26T17:17:03.832Z","modificationDate":"2023-01-26T17:17:03.832Z","shortid":"c4NGYvz","$entitySet":"profiles"},"doDiffs":false,"timestamp":1674753423829,"id":"sx19gbjnjwezeal","previousOperationId":null,"operationId":"owwa9nnb09e8hz2"}
{"type":"log","level":"info","message":"Render request 23 queued for execution and waiting for available worker","previousOperationId":"owwa9nnb09e8hz2","timestamp":1674753423830,"id":"jgjrh12fm4x3en2"}
{"type":"operationStart","subtype":"render","name":"Data","previousOperationId":"owwa9nnb09e8hz2","timestamp":1674753423844,"id":"awlt6w1isfhf55t","previousEventId":"sx19gbjnjwezeal","operationId":"e924ejrxfxs0cey"}
{"type":"log","timestamp":1674753423844,"level":"info","message":"Starting rendering request 23","meta":{"rootId":"5seh7aqn1bjrji2","id":"5seh7aqn1bjrji2"},"id":"8dfu5x0aof4x0mc","previousOperationId":"e924ejrxfxs0cey"}
{"type":"log","timestamp":1674753423845,"level":"info","message":"Rendering template { name: Data, recipe: chrome-pdf, engine: handlebars, preview: true }","meta":{"rootId":"5seh7aqn1bjrji2","id":"5seh7aqn1bjrji2"},"id":"apstopszsky06z9","previousOperationId":"e924ejrxfxs0cey"}
{"type":"log","timestamp":1674753423847,"level":"debug","message":"Data item not defined for this template.","meta":{"rootId":"5seh7aqn1bjrji2","id":"5seh7aqn1bjrji2"},"id":"rb2frnv0rumf8p5","previousOperationId":"e924ejrxfxs0cey"}
{"type":"log","timestamp":1674753423857,"level":"debug","message":"Executing script testing (beforeRender)","meta":{"rootId":"5seh7aqn1bjrji2","id":"5seh7aqn1bjrji2"},"id":"fjehyu71j13rvwz","previousOperationId":"e924ejrxfxs0cey"}
{"type":"operationStart","subtype":"scriptsBeforeRender","name":"scripts beforeRender","timestamp":1674753423938,"id":"5fefhaiyjzjo5yb","previousEventId":"awlt6w1isfhf55t","operationId":"79fqhmqn3uur28r","previousOperationId":"e924ejrxfxs0cey"}
{"type":"operationStart","subtype":"script","name":"scripts testing","previousOperationId":"79fqhmqn3uur28r","timestamp":1674753423938,"id":"ixml2hyi17ccc64","previousEventId":"5fefhaiyjzjo5yb","operationId":"zp00sb7avr13acp"}
{"type":"log","timestamp":1674753424173,"level":"debug","message":"(console:log) {\n  locationName: [ 'Las Palmas de Gran Canaria', 'Galdar', 'Teror' ],\n  repetition: [ '2', '1', '3' ]\n}","meta":{"userLevel":true,"rootId":"5seh7aqn1bjrji2","id":"5seh7aqn1bjrji2"},"id":"1512hbg4ubyj1g0","previousOperationId":"zp00sb7avr13acp"}
{"type":"log","timestamp":1674753424173,"level":"debug","message":"(console:log) [ 'Las Palmas de Gran Canaria', 'Galdar', 'Teror' ]","meta":{"userLevel":true,"rootId":"5seh7aqn1bjrji2","id":"5seh7aqn1bjrji2"},"id":"xr9v26e3td9qdra","previousOperationId":"zp00sb7avr13acp"}
{"type":"log","timestamp":1674753424173,"level":"debug","message":"(console:log) [ '2', '1', '3' ]","meta":{"userLevel":true,"rootId":"5seh7aqn1bjrji2","id":"5seh7aqn1bjrji2"},"id":"fthehzhx0x5dz3s","previousOperationId":"zp00sb7avr13acp"}
{"type":"operationEnd","operationId":"zp00sb7avr13acp","timestamp":1674753424583,"id":"w5hsf0ahqa0j2x0","previousEventId":"awlt6w1isfhf55t","previousOperationId":"e924ejrxfxs0cey"}
{"type":"operationEnd","operationId":"79fqhmqn3uur28r","timestamp":1674753424583,"id":"sz01bioh8uu7is0","previousEventId":"w5hsf0ahqa0j2x0","previousOperationId":"e924ejrxfxs0cey"}
{"type":"log","timestamp":1674753424583,"level":"debug","message":"Base url not specified, skipping its injection.","meta":{"rootId":"5seh7aqn1bjrji2","id":"5seh7aqn1bjrji2"},"id":"ih14trnerff72s4","previousOperationId":"79fqhmqn3uur28r"}
{"type":"operationStart","subtype":"engine","name":"handlebars","timestamp":1674753424583,"id":"79xkiucs8de0d6i","previousEventId":"sz01bioh8uu7is0","operationId":"n58cmo4960k6ed2","previousOperationId":"79fqhmqn3uur28r"}
{"type":"log","timestamp":1674753424583,"level":"debug","message":"Rendering engine handlebars","meta":{"rootId":"5seh7aqn1bjrji2","id":"5seh7aqn1bjrji2"},"id":"n3rkcb0gyan73dz","previousOperationId":"n58cmo4960k6ed2"}
{"type":"operationEnd","operationId":"n58cmo4960k6ed2","timestamp":1674753424596,"id":"p6stqxgja0j1hln","previousEventId":"79xkiucs8de0d6i","previousOperationId":"n58cmo4960k6ed2"}
{"type":"operationStart","subtype":"recipe","name":"chrome-pdf","timestamp":1674753424597,"id":"fy5kn2ta5qdqige","previousEventId":"p6stqxgja0j1hln","operationId":"vkfl5p01jd6y7li","previousOperationId":"n58cmo4960k6ed2"}
{"type":"log","timestamp":1674753424597,"level":"debug","message":"Executing recipe chrome-pdf","meta":{"rootId":"5seh7aqn1bjrji2","id":"5seh7aqn1bjrji2"},"id":"v0i5s3tlza3c6n1","previousOperationId":"vkfl5p01jd6y7li"}
{"type":"log","timestamp":1674753424600,"level":"debug","message":"Converting with chrome HeadlessChrome/105.0.5173.0 using chrome-pool strategy","meta":{"rootId":"5seh7aqn1bjrji2","id":"5seh7aqn1bjrji2"},"id":"r0r82w8oswquazu","previousOperationId":"vkfl5p01jd6y7li"}
{"type":"log","timestamp":1674753424700,"level":"debug","message":"Page request: GET (document) file:///C:/Users/Johan/AppData/Local/Temp/jsreport/autocleanup/b3aed416-640e-4c07-83b0-696a10971ea7-chrome-pdf.html","meta":{"rootId":"5seh7aqn1bjrji2","id":"5seh7aqn1bjrji2"},"id":"889von7a2drgpuo","previousOperationId":"vkfl5p01jd6y7li"}
{"type":"log","timestamp":1674753424737,"level":"debug","message":"Page request finished: GET (document) 200 file:///C:/Users/Johan/AppData/Local/Temp/jsreport/autocleanup/b3aed416-640e-4c07-83b0-696a10971ea7-chrome-pdf.html","meta":{"rootId":"5seh7aqn1bjrji2","id":"5seh7aqn1bjrji2"},"id":"hsst8gu1ac41wsz","previousOperationId":"vkfl5p01jd6y7li"}
{"type":"log","timestamp":1674753424737,"level":"debug","message":"Page request: GET (stylesheet) https://cdnjs.cloudflare.com/ajax/libs/metro/4.1.5/css/metro.min.css","meta":{"rootId":"5seh7aqn1bjrji2","id":"5seh7aqn1bjrji2"},"id":"1opftgtsvdfq8jw","previousOperationId":"vkfl5p01jd6y7li"}
{"type":"log","timestamp":1674753424737,"level":"debug","message":"Page request: GET (stylesheet) https://cdnjs.cloudflare.com/ajax/libs/chartist/0.11.0/chartist.min.css","meta":{"rootId":"5seh7aqn1bjrji2","id":"5seh7aqn1bjrji2"},"id":"ncvno2f704bapyw","previousOperationId":"vkfl5p01jd6y7li"}
{"type":"log","timestamp":1674753424737,"level":"debug","message":"Page request: GET (script) https://cdnjs.cloudflare.com/ajax/libs/chartist/0.11.0/chartist.min.js","meta":{"rootId":"5seh7aqn1bjrji2","id":"5seh7aqn1bjrji2"},"id":"irk6ylj5vvdcpxq","previousOperationId":"vkfl5p01jd6y7li"}
{"type":"log","timestamp":1674753424737,"level":"debug","message":"Page request: GET (script) https://unpkg.com/chartist-plugin-tooltips@0.0.17","meta":{"rootId":"5seh7aqn1bjrji2","id":"5seh7aqn1bjrji2"},"id":"ltal0i8o857otxr","previousOperationId":"vkfl5p01jd6y7li"}
{"type":"log","timestamp":1674753424738,"level":"debug","message":"Page request: GET (script) https://unpkg.com/chartist-plugin-pointlabels@0.0.6","meta":{"rootId":"5seh7aqn1bjrji2","id":"5seh7aqn1bjrji2"},"id":"dmy9goa7pmu30e3","previousOperationId":"vkfl5p01jd6y7li"}
{"type":"log","timestamp":1674753424743,"level":"warn","message":"Page request failed: GET (script) 302 https://unpkg.com/chartist-plugin-tooltips@0.0.17 (redirect to: /chartist-plugin-tooltips@0.0.17/dist/chartist-plugin-tooltip.js)","meta":{"rootId":"5seh7aqn1bjrji2","id":"5seh7aqn1bjrji2"},"id":"ilesgv1w15qt5xk","previousOperationId":"vkfl5p01jd6y7li"}
{"type":"log","timestamp":1674753424743,"level":"debug","message":"Page request: GET (script) https://unpkg.com/chartist-plugin-tooltips@0.0.17/dist/chartist-plugin-tooltip.js (redirect from: https://unpkg.com/chartist-plugin-tooltips@0.0.17)","meta":{"rootId":"5seh7aqn1bjrji2","id":"5seh7aqn1bjrji2"},"id":"snk0lfolcrv5ki6","previousOperationId":"vkfl5p01jd6y7li"}
{"type":"log","timestamp":1674753424744,"level":"warn","message":"Page request failed: GET (script) 302 https://unpkg.com/chartist-plugin-pointlabels@0.0.6 (redirect to: /chartist-plugin-pointlabels@0.0.6/dist/chartist-plugin-pointlabels.js)","meta":{"rootId":"5seh7aqn1bjrji2","id":"5seh7aqn1bjrji2"},"id":"cu7iwlby0ia5r7i","previousOperationId":"vkfl5p01jd6y7li"}
{"type":"log","timestamp":1674753424744,"level":"debug","message":"Page request: GET (script) https://unpkg.com/chartist-plugin-pointlabels@0.0.6/dist/chartist-plugin-pointlabels.js (redirect from: https://unpkg.com/chartist-plugin-pointlabels@0.0.6)","meta":{"rootId":"5seh7aqn1bjrji2","id":"5seh7aqn1bjrji2"},"id":"xyz6va25l7kor4v","previousOperationId":"vkfl5p01jd6y7li"}
{"type":"log","timestamp":1674753424759,"level":"debug","message":"Page request finished: GET (stylesheet) 200 https://cdnjs.cloudflare.com/ajax/libs/metro/4.1.5/css/metro.min.css","meta":{"rootId":"5seh7aqn1bjrji2","id":"5seh7aqn1bjrji2"},"id":"kdekr25z3a7id8z","previousOperationId":"vkfl5p01jd6y7li"}
{"type":"log","timestamp":1674753424760,"level":"debug","message":"Page request finished: GET (stylesheet) 200 https://cdnjs.cloudflare.com/ajax/libs/chartist/0.11.0/chartist.min.css","meta":{"rootId":"5seh7aqn1bjrji2","id":"5seh7aqn1bjrji2"},"id":"4bmfcug4pyr67gh","previousOperationId":"vkfl5p01jd6y7li"}
{"type":"log","timestamp":1674753424762,"level":"debug","message":"Page request finished: GET (script) 200 https://cdnjs.cloudflare.com/ajax/libs/chartist/0.11.0/chartist.min.js","meta":{"rootId":"5seh7aqn1bjrji2","id":"5seh7aqn1bjrji2"},"id":"83nnezdiuhorylu","previousOperationId":"vkfl5p01jd6y7li"}
{"type":"log","timestamp":1674753424763,"level":"debug","message":"Page request finished: GET (script) 200 https://unpkg.com/chartist-plugin-tooltips@0.0.17/dist/chartist-plugin-tooltip.js","meta":{"rootId":"5seh7aqn1bjrji2","id":"5seh7aqn1bjrji2"},"id":"2jmm7cc19shclv8","previousOperationId":"vkfl5p01jd6y7li"}
{"type":"log","timestamp":1674753424763,"level":"debug","message":"Page request finished: GET (script) 200 https://unpkg.com/chartist-plugin-pointlabels@0.0.6/dist/chartist-plugin-pointlabels.js","meta":{"rootId":"5seh7aqn1bjrji2","id":"5seh7aqn1bjrji2"},"id":"xxh0yeq01he9ktq","previousOperationId":"vkfl5p01jd6y7li"}
{"type":"log","timestamp":1674753424764,"level":"warn","message":"Page error: SyntaxError: Unexpected token '.'","meta":{"rootId":"5seh7aqn1bjrji2","id":"5seh7aqn1bjrji2"},"id":"wnejn1he9wje50y","previousOperationId":"vkfl5p01jd6y7li"}
{"type":"log","timestamp":1674753424799,"level":"debug","message":"Running chrome with params {\"printBackground\":true,\"timeout\":59228,\"margin\":{}}","meta":{"rootId":"5seh7aqn1bjrji2","id":"5seh7aqn1bjrji2"},"id":"yzx7py5etkrk3qc","previousOperationId":"vkfl5p01jd6y7li"}
{"type":"operationEnd","operationId":"vkfl5p01jd6y7li","timestamp":1674753424925,"id":"0s8new29jeio5cv","previousEventId":"fy5kn2ta5qdqige","previousOperationId":"vkfl5p01jd6y7li"}
{"type":"log","timestamp":1674753424925,"level":"debug","message":"Executing script testing (afterRender)","meta":{"rootId":"5seh7aqn1bjrji2","id":"5seh7aqn1bjrji2"},"id":"lqgoj1qjb4mc4e1","previousOperationId":"vkfl5p01jd6y7li"}
{"type":"operationStart","subtype":"scriptsAfterRender","name":"scripts afterRender","timestamp":1674753424940,"id":"3vycbe0n8qexd70","previousEventId":"0s8new29jeio5cv","operationId":"ldut86n046qyuwg","previousOperationId":"vkfl5p01jd6y7li"}
{"type":"operationStart","subtype":"script","name":"scripts testing","previousOperationId":"ldut86n046qyuwg","timestamp":1674753424940,"id":"el6v2ig1ue2830o","previousEventId":"3vycbe0n8qexd70","operationId":"71cqx29ersodvkc"}
{"type":"operationEnd","operationId":"71cqx29ersodvkc","timestamp":1674753426075,"id":"zxfy2eee480ugbs","previousEventId":"0s8new29jeio5cv","previousOperationId":"vkfl5p01jd6y7li"}
{"type":"operationEnd","operationId":"ldut86n046qyuwg","timestamp":1674753426075,"id":"gwykeavqkx01d47","previousEventId":"zxfy2eee480ugbs","previousOperationId":"vkfl5p01jd6y7li"}
{"type":"log","timestamp":1674753426075,"level":"debug","message":"Skipping storing report.","meta":{"rootId":"5seh7aqn1bjrji2","id":"5seh7aqn1bjrji2"},"id":"5pkboxv0sta68tp","previousOperationId":"ldut86n046qyuwg"}
{"type":"log","timestamp":1674753426076,"level":"info","message":"Rendering request 23 finished in 2248 ms","meta":{"rootId":"5seh7aqn1bjrji2","id":"5seh7aqn1bjrji2"},"id":"nyceqb9v99tcb3u","previousOperationId":"ldut86n046qyuwg"}
{"type":"operationEnd","subtype":"render","operationId":"e924ejrxfxs0cey","timestamp":1674753426076,"id":"93e05z140nmtr0y","previousEventId":"gwykeavqkx01d47","previousOperationId":"ldut86n046qyuwg"}
{"type":"operationEnd","doDiffs":false,"previousEventId":"sx19gbjnjwezeal","previousOperationId":"owwa9nnb09e8hz2","operationId":"owwa9nnb09e8hz2","timestamp":1674753426079,"id":"hoba39kfesw1bza"}
