{"type":"operationStart","subtype":"profile","data":{"_id":"429S5WVlfDST6WHT","timestamp":"2023-01-26T16:02:32.381Z","state":"queued","mode":"standard","creationDate":"2023-01-26T16:02:32.384Z","modificationDate":"2023-01-26T16:02:32.384Z","shortid":"NUCPG9V","$entitySet":"profiles"},"doDiffs":false,"timestamp":1674748952383,"id":"9k8klgdb2cbk5uu","previousOperationId":null,"operationId":"kv6ev90a7xbkp3w"}
{"type":"log","level":"info","message":"Render request 49 queued for execution and waiting for available worker","previousOperationId":"kv6ev90a7xbkp3w","timestamp":1674748952384,"id":"8lqcoo8r2zdwz6r"}
{"type":"operationStart","subtype":"render","name":"Data","previousOperationId":"kv6ev90a7xbkp3w","timestamp":1674748952394,"id":"fcm0v96kl36463o","previousEventId":"9k8klgdb2cbk5uu","operationId":"qjj4u02iyczo722"}
{"type":"log","timestamp":1674748952394,"level":"info","message":"Starting rendering request 49","meta":{"rootId":"6odxnajd72m4ikq","id":"6odxnajd72m4ikq"},"id":"lq7aru4amrjk35u","previousOperationId":"qjj4u02iyczo722"}
{"type":"log","timestamp":1674748952394,"level":"info","message":"Rendering template { name: Data, recipe: chrome-pdf, engine: handlebars, preview: true }","meta":{"rootId":"6odxnajd72m4ikq","id":"6odxnajd72m4ikq"},"id":"wsy0yu8zij5smkb","previousOperationId":"qjj4u02iyczo722"}
{"type":"log","timestamp":1674748952394,"level":"debug","message":"Data item not defined for this template.","meta":{"rootId":"6odxnajd72m4ikq","id":"6odxnajd72m4ikq"},"id":"0y5zkix8l4gz89v","previousOperationId":"qjj4u02iyczo722"}
{"type":"log","timestamp":1674748952396,"level":"debug","message":"Executing script testing (beforeRender)","meta":{"rootId":"6odxnajd72m4ikq","id":"6odxnajd72m4ikq"},"id":"4ars551c22hwdf8","previousOperationId":"qjj4u02iyczo722"}
{"type":"operationStart","subtype":"scriptsBeforeRender","name":"scripts beforeRender","timestamp":1674748952448,"id":"tkzd03hxhydazw7","previousEventId":"fcm0v96kl36463o","operationId":"s0m87kf94qrxhk8","previousOperationId":"qjj4u02iyczo722"}
{"type":"operationStart","subtype":"script","name":"scripts testing","previousOperationId":"s0m87kf94qrxhk8","timestamp":1674748952448,"id":"xmfe6bozd5mgeem","previousEventId":"tkzd03hxhydazw7","operationId":"k0hv91iyaaugvzw"}
{"type":"log","timestamp":1674748952703,"level":"debug","message":"(console:log) { location_id: [ '58', '2', '59' ], repetition: [ '2', '3', '1' ] }","meta":{"userLevel":true,"rootId":"6odxnajd72m4ikq","id":"6odxnajd72m4ikq"},"id":"rtgg1os1fnuc4km","previousOperationId":"k0hv91iyaaugvzw"}
{"type":"operationEnd","operationId":"k0hv91iyaaugvzw","timestamp":1674748953121,"id":"98b9get73xd7oh0","previousEventId":"fcm0v96kl36463o","previousOperationId":"qjj4u02iyczo722"}
{"type":"operationEnd","operationId":"s0m87kf94qrxhk8","timestamp":1674748953121,"id":"8bvh3wmv5x2kixx","previousEventId":"98b9get73xd7oh0","previousOperationId":"qjj4u02iyczo722"}
{"type":"log","timestamp":1674748953121,"level":"debug","message":"Base url not specified, skipping its injection.","meta":{"rootId":"6odxnajd72m4ikq","id":"6odxnajd72m4ikq"},"id":"ogoh3ou737lqo9h","previousOperationId":"s0m87kf94qrxhk8"}
{"type":"operationStart","subtype":"engine","name":"handlebars","timestamp":1674748953121,"id":"nmv2xejro74w0i2","previousEventId":"8bvh3wmv5x2kixx","operationId":"l7d52mffaujmurr","previousOperationId":"s0m87kf94qrxhk8"}
{"type":"log","timestamp":1674748953121,"level":"debug","message":"Rendering engine handlebars","meta":{"rootId":"6odxnajd72m4ikq","id":"6odxnajd72m4ikq"},"id":"cetgctuzsdafpqd","previousOperationId":"l7d52mffaujmurr"}
{"type":"operationEnd","operationId":"l7d52mffaujmurr","timestamp":1674748953135,"id":"783j6x3y19qsl1v","previousEventId":"nmv2xejro74w0i2","previousOperationId":"l7d52mffaujmurr"}
{"type":"operationStart","subtype":"recipe","name":"chrome-pdf","timestamp":1674748953136,"id":"mioudci0uwuq7rq","previousEventId":"783j6x3y19qsl1v","operationId":"vusfim3bdlhrvpa","previousOperationId":"l7d52mffaujmurr"}
{"type":"log","timestamp":1674748953136,"level":"debug","message":"Executing recipe chrome-pdf","meta":{"rootId":"6odxnajd72m4ikq","id":"6odxnajd72m4ikq"},"id":"3ad132o86y2rm90","previousOperationId":"vusfim3bdlhrvpa"}
{"type":"log","timestamp":1674748953141,"level":"debug","message":"Converting with chrome HeadlessChrome/105.0.5173.0 using chrome-pool strategy","meta":{"rootId":"6odxnajd72m4ikq","id":"6odxnajd72m4ikq"},"id":"8n3054hiu092vv3","previousOperationId":"vusfim3bdlhrvpa"}
{"type":"log","timestamp":1674748953220,"level":"debug","message":"Page request: GET (document) file:///C:/Users/Johan/AppData/Local/Temp/jsreport/autocleanup/b46f3d65-1a3e-4a08-b23f-997e7ca203b0-chrome-pdf.html","meta":{"rootId":"6odxnajd72m4ikq","id":"6odxnajd72m4ikq"},"id":"v33dzvcjpyoidic","previousOperationId":"vusfim3bdlhrvpa"}
{"type":"log","timestamp":1674748953243,"level":"debug","message":"Page request: GET (stylesheet) https://cdnjs.cloudflare.com/ajax/libs/metro/4.1.5/css/metro.min.css","meta":{"rootId":"6odxnajd72m4ikq","id":"6odxnajd72m4ikq"},"id":"hfp322g0n777lhp","previousOperationId":"vusfim3bdlhrvpa"}
{"type":"log","timestamp":1674748953244,"level":"debug","message":"Page request: GET (stylesheet) https://cdnjs.cloudflare.com/ajax/libs/chartist/0.11.0/chartist.min.css","meta":{"rootId":"6odxnajd72m4ikq","id":"6odxnajd72m4ikq"},"id":"m80wpt72m423rlu","previousOperationId":"vusfim3bdlhrvpa"}
{"type":"log","timestamp":1674748953245,"level":"debug","message":"Page request finished: GET (document) 200 file:///C:/Users/Johan/AppData/Local/Temp/jsreport/autocleanup/b46f3d65-1a3e-4a08-b23f-997e7ca203b0-chrome-pdf.html","meta":{"rootId":"6odxnajd72m4ikq","id":"6odxnajd72m4ikq"},"id":"46xqh83gtpptgfm","previousOperationId":"vusfim3bdlhrvpa"}
{"type":"log","timestamp":1674748953245,"level":"debug","message":"Page request: GET (script) https://cdnjs.cloudflare.com/ajax/libs/chartist/0.11.0/chartist.min.js","meta":{"rootId":"6odxnajd72m4ikq","id":"6odxnajd72m4ikq"},"id":"l0wgaxr7tmykf3d","previousOperationId":"vusfim3bdlhrvpa"}
{"type":"log","timestamp":1674748953245,"level":"debug","message":"Page request: GET (script) https://unpkg.com/chartist-plugin-tooltips@0.0.17","meta":{"rootId":"6odxnajd72m4ikq","id":"6odxnajd72m4ikq"},"id":"gwcyassn3hspawa","previousOperationId":"vusfim3bdlhrvpa"}
{"type":"log","timestamp":1674748953245,"level":"debug","message":"Page request: GET (script) https://unpkg.com/chartist-plugin-pointlabels@0.0.6","meta":{"rootId":"6odxnajd72m4ikq","id":"6odxnajd72m4ikq"},"id":"j2d4tonmakazb41","previousOperationId":"vusfim3bdlhrvpa"}
{"type":"log","timestamp":1674748953251,"level":"debug","message":"Page request finished: GET (stylesheet) 200 https://cdnjs.cloudflare.com/ajax/libs/chartist/0.11.0/chartist.min.css","meta":{"rootId":"6odxnajd72m4ikq","id":"6odxnajd72m4ikq"},"id":"z0ye302mnxbo15s","previousOperationId":"vusfim3bdlhrvpa"}
{"type":"log","timestamp":1674748953252,"level":"warn","message":"Page request failed: GET (script) 302 https://unpkg.com/chartist-plugin-tooltips@0.0.17 (redirect to: /chartist-plugin-tooltips@0.0.17/dist/chartist-plugin-tooltip.js)","meta":{"rootId":"6odxnajd72m4ikq","id":"6odxnajd72m4ikq"},"id":"rgqbn39p64onnyb","previousOperationId":"vusfim3bdlhrvpa"}
{"type":"log","timestamp":1674748953252,"level":"debug","message":"Page request: GET (script) https://unpkg.com/chartist-plugin-tooltips@0.0.17/dist/chartist-plugin-tooltip.js (redirect from: https://unpkg.com/chartist-plugin-tooltips@0.0.17)","meta":{"rootId":"6odxnajd72m4ikq","id":"6odxnajd72m4ikq"},"id":"su0equ30jga9za4","previousOperationId":"vusfim3bdlhrvpa"}
{"type":"log","timestamp":1674748953254,"level":"warn","message":"Page request failed: GET (script) 302 https://unpkg.com/chartist-plugin-pointlabels@0.0.6 (redirect to: /chartist-plugin-pointlabels@0.0.6/dist/chartist-plugin-pointlabels.js)","meta":{"rootId":"6odxnajd72m4ikq","id":"6odxnajd72m4ikq"},"id":"cvwj0473vnksv8b","previousOperationId":"vusfim3bdlhrvpa"}
{"type":"log","timestamp":1674748953254,"level":"debug","message":"Page request: GET (script) https://unpkg.com/chartist-plugin-pointlabels@0.0.6/dist/chartist-plugin-pointlabels.js (redirect from: https://unpkg.com/chartist-plugin-pointlabels@0.0.6)","meta":{"rootId":"6odxnajd72m4ikq","id":"6odxnajd72m4ikq"},"id":"q07woo7ts1t9gkc","previousOperationId":"vusfim3bdlhrvpa"}
{"type":"log","timestamp":1674748953270,"level":"debug","message":"Page request finished: GET (stylesheet) 200 https://cdnjs.cloudflare.com/ajax/libs/metro/4.1.5/css/metro.min.css","meta":{"rootId":"6odxnajd72m4ikq","id":"6odxnajd72m4ikq"},"id":"plbisqell7n5r39","previousOperationId":"vusfim3bdlhrvpa"}
{"type":"log","timestamp":1674748953270,"level":"debug","message":"Page request finished: GET (script) 200 https://cdnjs.cloudflare.com/ajax/libs/chartist/0.11.0/chartist.min.js","meta":{"rootId":"6odxnajd72m4ikq","id":"6odxnajd72m4ikq"},"id":"8lonvf0o1jo9f9a","previousOperationId":"vusfim3bdlhrvpa"}
{"type":"log","timestamp":1674748953277,"level":"debug","message":"Page request finished: GET (script) 200 https://unpkg.com/chartist-plugin-tooltips@0.0.17/dist/chartist-plugin-tooltip.js","meta":{"rootId":"6odxnajd72m4ikq","id":"6odxnajd72m4ikq"},"id":"8fiqve1wfs0yk9e","previousOperationId":"vusfim3bdlhrvpa"}
{"type":"log","timestamp":1674748953279,"level":"debug","message":"Page request finished: GET (script) 200 https://unpkg.com/chartist-plugin-pointlabels@0.0.6/dist/chartist-plugin-pointlabels.js","meta":{"rootId":"6odxnajd72m4ikq","id":"6odxnajd72m4ikq"},"id":"oa1ebx4xsvumea0","previousOperationId":"vusfim3bdlhrvpa"}
{"type":"log","timestamp":1674748953280,"level":"debug","message":"(console:log) Me he venido","meta":{"userLevel":true,"rootId":"6odxnajd72m4ikq","id":"6odxnajd72m4ikq"},"id":"0yw72947nlj4ksl","previousOperationId":"vusfim3bdlhrvpa"}
{"type":"log","timestamp":1674748953315,"level":"warn","message":"Page error: TypeError: b.normalized.series[e].forEach is not a function\n    at f.<anonymous> (https://cdnjs.cloudflare.com/ajax/libs/chartist/0.11.0/chartist.min.js:9:2056)\n    at Array.forEach (<anonymous>)\n    at f.d [as createChart] (https://cdnjs.cloudflare.com/ajax/libs/chartist/0.11.0/chartist.min.js:9:1626)\n    at f.h (https://cdnjs.cloudflare.com/ajax/libs/chartist/0.11.0/chartist.min.js:8:15161)","meta":{"rootId":"6odxnajd72m4ikq","id":"6odxnajd72m4ikq"},"id":"lvj7r6tuov1jk06","previousOperationId":"vusfim3bdlhrvpa"}
{"type":"log","timestamp":1674748953328,"level":"debug","message":"Running chrome with params {\"printBackground\":true,\"timeout\":59244,\"margin\":{}}","meta":{"rootId":"6odxnajd72m4ikq","id":"6odxnajd72m4ikq"},"id":"xa2b0m5pstl5nfe","previousOperationId":"vusfim3bdlhrvpa"}
{"type":"operationEnd","operationId":"vusfim3bdlhrvpa","timestamp":1674748953463,"id":"l4f9ws8oq60ghkv","previousEventId":"mioudci0uwuq7rq","previousOperationId":"vusfim3bdlhrvpa"}
{"type":"log","timestamp":1674748953463,"level":"debug","message":"Executing script testing (afterRender)","meta":{"rootId":"6odxnajd72m4ikq","id":"6odxnajd72m4ikq"},"id":"yrqo82sk3fu0q3y","previousOperationId":"vusfim3bdlhrvpa"}
{"type":"operationStart","subtype":"scriptsAfterRender","name":"scripts afterRender","timestamp":1674748953470,"id":"9vem7ydgzygrvo2","previousEventId":"l4f9ws8oq60ghkv","operationId":"3168qpqqr6mkzqt","previousOperationId":"vusfim3bdlhrvpa"}
{"type":"operationStart","subtype":"script","name":"scripts testing","previousOperationId":"3168qpqqr6mkzqt","timestamp":1674748953470,"id":"a2daokejosj3m1b","previousEventId":"9vem7ydgzygrvo2","operationId":"9yc421owbzwbw3s"}
{"type":"operationEnd","operationId":"9yc421owbzwbw3s","timestamp":1674748955360,"id":"3v3i429h5ddx8nf","previousEventId":"l4f9ws8oq60ghkv","previousOperationId":"vusfim3bdlhrvpa"}
{"type":"operationEnd","operationId":"3168qpqqr6mkzqt","timestamp":1674748955360,"id":"qfa6dhpo7vueg41","previousEventId":"3v3i429h5ddx8nf","previousOperationId":"vusfim3bdlhrvpa"}
{"type":"log","timestamp":1674748955360,"level":"debug","message":"Skipping storing report.","meta":{"rootId":"6odxnajd72m4ikq","id":"6odxnajd72m4ikq"},"id":"i6pfsajopa11xe7","previousOperationId":"3168qpqqr6mkzqt"}
{"type":"log","timestamp":1674748955361,"level":"info","message":"Rendering request 49 finished in 2980 ms","meta":{"rootId":"6odxnajd72m4ikq","id":"6odxnajd72m4ikq"},"id":"pxzyc00bdy2jk1d","previousOperationId":"3168qpqqr6mkzqt"}
{"type":"operationEnd","subtype":"render","operationId":"qjj4u02iyczo722","timestamp":1674748955361,"id":"23bqx8lzfcaplnn","previousEventId":"qfa6dhpo7vueg41","previousOperationId":"3168qpqqr6mkzqt"}
{"type":"operationEnd","doDiffs":false,"previousEventId":"9k8klgdb2cbk5uu","previousOperationId":"kv6ev90a7xbkp3w","operationId":"kv6ev90a7xbkp3w","timestamp":1674748955365,"id":"gyaw7b1e0xciljp"}
