{"type":"operationStart","subtype":"profile","data":{"_id":"lRVcLzkyLJnu22Ij","timestamp":"2023-01-26T17:17:41.375Z","state":"queued","mode":"standard","creationDate":"2023-01-26T17:17:41.377Z","modificationDate":"2023-01-26T17:17:41.377Z","shortid":"gsylfF5","$entitySet":"profiles"},"doDiffs":false,"timestamp":1674753461376,"id":"xw4zmpx2dyhjjbi","previousOperationId":null,"operationId":"iylsq80rt4bua4o"}
{"type":"log","level":"info","message":"Render request 25 queued for execution and waiting for available worker","previousOperationId":"iylsq80rt4bua4o","timestamp":1674753461376,"id":"d8t8sl5p48m5wh5"}
{"type":"operationStart","subtype":"render","name":"Data","previousOperationId":"iylsq80rt4bua4o","timestamp":1674753461386,"id":"9kk3toonavkcqwy","previousEventId":"xw4zmpx2dyhjjbi","operationId":"cx10wv4ze89guef"}
{"type":"log","timestamp":1674753461387,"level":"info","message":"Starting rendering request 25","meta":{"rootId":"7cvohpayz5fblqg","id":"7cvohpayz5fblqg"},"id":"srzrqsao2c3z4hr","previousOperationId":"cx10wv4ze89guef"}
{"type":"log","timestamp":1674753461387,"level":"info","message":"Rendering template { name: Data, recipe: chrome-pdf, engine: handlebars, preview: true }","meta":{"rootId":"7cvohpayz5fblqg","id":"7cvohpayz5fblqg"},"id":"w6gxszz7n1yw75e","previousOperationId":"cx10wv4ze89guef"}
{"type":"log","timestamp":1674753461388,"level":"debug","message":"Data item not defined for this template.","meta":{"rootId":"7cvohpayz5fblqg","id":"7cvohpayz5fblqg"},"id":"u5eb4t86kf31nvr","previousOperationId":"cx10wv4ze89guef"}
{"type":"log","timestamp":1674753461397,"level":"debug","message":"Executing script testing (beforeRender)","meta":{"rootId":"7cvohpayz5fblqg","id":"7cvohpayz5fblqg"},"id":"580yflqble9ntuc","previousOperationId":"cx10wv4ze89guef"}
{"type":"operationStart","subtype":"scriptsBeforeRender","name":"scripts beforeRender","timestamp":1674753461467,"id":"qk9gltmnmt9ex0k","previousEventId":"9kk3toonavkcqwy","operationId":"a8gvf69uf7ry9rp","previousOperationId":"cx10wv4ze89guef"}
{"type":"operationStart","subtype":"script","name":"scripts testing","previousOperationId":"a8gvf69uf7ry9rp","timestamp":1674753461467,"id":"aneua5n3vjxxyl3","previousEventId":"qk9gltmnmt9ex0k","operationId":"1ns0mw5ys8bqi45"}
{"type":"log","timestamp":1674753461703,"level":"debug","message":"(console:log) {\n  locationName: [ 'Las Palmas de Gran Canaria', 'Galdar', 'Teror' ],\n  repetition: [ '2', '1', '3' ]\n}","meta":{"userLevel":true,"rootId":"7cvohpayz5fblqg","id":"7cvohpayz5fblqg"},"id":"10vzokkjd5lbumr","previousOperationId":"1ns0mw5ys8bqi45"}
{"type":"log","timestamp":1674753461703,"level":"debug","message":"(console:log) [ 'Las Palmas de Gran Canaria', 'Galdar', 'Teror' ]","meta":{"userLevel":true,"rootId":"7cvohpayz5fblqg","id":"7cvohpayz5fblqg"},"id":"f2rmw0cnrofifsq","previousOperationId":"1ns0mw5ys8bqi45"}
{"type":"log","timestamp":1674753461703,"level":"debug","message":"(console:log) [ '2', '1', '3' ]","meta":{"userLevel":true,"rootId":"7cvohpayz5fblqg","id":"7cvohpayz5fblqg"},"id":"zp2ok900bt1fw42","previousOperationId":"1ns0mw5ys8bqi45"}
{"type":"operationEnd","operationId":"1ns0mw5ys8bqi45","timestamp":1674753462133,"id":"3q4ziqqwfuog6qf","previousEventId":"9kk3toonavkcqwy","previousOperationId":"cx10wv4ze89guef"}
{"type":"operationEnd","operationId":"a8gvf69uf7ry9rp","timestamp":1674753462134,"id":"16g1pc9iz4q57ed","previousEventId":"3q4ziqqwfuog6qf","previousOperationId":"cx10wv4ze89guef"}
{"type":"log","timestamp":1674753462134,"level":"debug","message":"Base url not specified, skipping its injection.","meta":{"rootId":"7cvohpayz5fblqg","id":"7cvohpayz5fblqg"},"id":"rpcw3jwfrghp2zz","previousOperationId":"a8gvf69uf7ry9rp"}
{"type":"operationStart","subtype":"engine","name":"handlebars","timestamp":1674753462134,"id":"5hom3n5qeocamde","previousEventId":"16g1pc9iz4q57ed","operationId":"h8uach2zz9ur3id","previousOperationId":"a8gvf69uf7ry9rp"}
{"type":"log","timestamp":1674753462134,"level":"debug","message":"Rendering engine handlebars","meta":{"rootId":"7cvohpayz5fblqg","id":"7cvohpayz5fblqg"},"id":"7ls4lcfbg6fkhog","previousOperationId":"h8uach2zz9ur3id"}
{"type":"operationEnd","operationId":"h8uach2zz9ur3id","timestamp":1674753462149,"id":"nybj9ws1ddt5arr","previousEventId":"5hom3n5qeocamde","previousOperationId":"h8uach2zz9ur3id"}
{"type":"operationStart","subtype":"recipe","name":"chrome-pdf","timestamp":1674753462150,"id":"172aft50yis8wyg","previousEventId":"nybj9ws1ddt5arr","operationId":"8813rfrlzunt3sr","previousOperationId":"h8uach2zz9ur3id"}
{"type":"log","timestamp":1674753462151,"level":"debug","message":"Executing recipe chrome-pdf","meta":{"rootId":"7cvohpayz5fblqg","id":"7cvohpayz5fblqg"},"id":"11g14zs7r3j58id","previousOperationId":"8813rfrlzunt3sr"}
{"type":"log","timestamp":1674753462160,"level":"debug","message":"Converting with chrome HeadlessChrome/105.0.5173.0 using chrome-pool strategy","meta":{"rootId":"7cvohpayz5fblqg","id":"7cvohpayz5fblqg"},"id":"daymscwho9izfsm","previousOperationId":"8813rfrlzunt3sr"}
{"type":"log","timestamp":1674753462253,"level":"debug","message":"Page request: GET (document) file:///C:/Users/Johan/AppData/Local/Temp/jsreport/autocleanup/2219b0cd-248c-4292-bdcc-387c76dd86d8-chrome-pdf.html","meta":{"rootId":"7cvohpayz5fblqg","id":"7cvohpayz5fblqg"},"id":"6ghz64l7jl7u0yz","previousOperationId":"8813rfrlzunt3sr"}
{"type":"log","timestamp":1674753462284,"level":"debug","message":"Page request: GET (stylesheet) https://cdnjs.cloudflare.com/ajax/libs/metro/4.1.5/css/metro.min.css","meta":{"rootId":"7cvohpayz5fblqg","id":"7cvohpayz5fblqg"},"id":"qhgjkv0op87yj0u","previousOperationId":"8813rfrlzunt3sr"}
{"type":"log","timestamp":1674753462284,"level":"debug","message":"Page request: GET (stylesheet) https://cdnjs.cloudflare.com/ajax/libs/chartist/0.11.0/chartist.min.css","meta":{"rootId":"7cvohpayz5fblqg","id":"7cvohpayz5fblqg"},"id":"ngf9umt28c4p288","previousOperationId":"8813rfrlzunt3sr"}
{"type":"log","timestamp":1674753462284,"level":"debug","message":"Page request: GET (script) https://cdnjs.cloudflare.com/ajax/libs/chartist/0.11.0/chartist.min.js","meta":{"rootId":"7cvohpayz5fblqg","id":"7cvohpayz5fblqg"},"id":"grzl22px1wfo3jk","previousOperationId":"8813rfrlzunt3sr"}
{"type":"log","timestamp":1674753462285,"level":"debug","message":"Page request: GET (script) https://unpkg.com/chartist-plugin-tooltips@0.0.17","meta":{"rootId":"7cvohpayz5fblqg","id":"7cvohpayz5fblqg"},"id":"4qv1qjxy1wb27sh","previousOperationId":"8813rfrlzunt3sr"}
{"type":"log","timestamp":1674753462285,"level":"debug","message":"Page request: GET (script) https://unpkg.com/chartist-plugin-pointlabels@0.0.6","meta":{"rootId":"7cvohpayz5fblqg","id":"7cvohpayz5fblqg"},"id":"mrdw1j5ie97ubn4","previousOperationId":"8813rfrlzunt3sr"}
{"type":"log","timestamp":1674753462285,"level":"debug","message":"Page request finished: GET (document) 200 file:///C:/Users/Johan/AppData/Local/Temp/jsreport/autocleanup/2219b0cd-248c-4292-bdcc-387c76dd86d8-chrome-pdf.html","meta":{"rootId":"7cvohpayz5fblqg","id":"7cvohpayz5fblqg"},"id":"htswrzlujfpgsrr","previousOperationId":"8813rfrlzunt3sr"}
{"type":"log","timestamp":1674753462290,"level":"debug","message":"Page request finished: GET (stylesheet) 200 https://cdnjs.cloudflare.com/ajax/libs/chartist/0.11.0/chartist.min.css","meta":{"rootId":"7cvohpayz5fblqg","id":"7cvohpayz5fblqg"},"id":"bgobjvabadqmi2q","previousOperationId":"8813rfrlzunt3sr"}
{"type":"log","timestamp":1674753462291,"level":"warn","message":"Page request failed: GET (script) 302 https://unpkg.com/chartist-plugin-tooltips@0.0.17 (redirect to: /chartist-plugin-tooltips@0.0.17/dist/chartist-plugin-tooltip.js)","meta":{"rootId":"7cvohpayz5fblqg","id":"7cvohpayz5fblqg"},"id":"l90njl8tb9xsgue","previousOperationId":"8813rfrlzunt3sr"}
{"type":"log","timestamp":1674753462291,"level":"debug","message":"Page request: GET (script) https://unpkg.com/chartist-plugin-tooltips@0.0.17/dist/chartist-plugin-tooltip.js (redirect from: https://unpkg.com/chartist-plugin-tooltips@0.0.17)","meta":{"rootId":"7cvohpayz5fblqg","id":"7cvohpayz5fblqg"},"id":"bsjnx1kdovjxqkq","previousOperationId":"8813rfrlzunt3sr"}
{"type":"log","timestamp":1674753462292,"level":"warn","message":"Page request failed: GET (script) 302 https://unpkg.com/chartist-plugin-pointlabels@0.0.6 (redirect to: /chartist-plugin-pointlabels@0.0.6/dist/chartist-plugin-pointlabels.js)","meta":{"rootId":"7cvohpayz5fblqg","id":"7cvohpayz5fblqg"},"id":"1kgrpwojb82x360","previousOperationId":"8813rfrlzunt3sr"}
{"type":"log","timestamp":1674753462292,"level":"debug","message":"Page request finished: GET (script) 200 https://cdnjs.cloudflare.com/ajax/libs/chartist/0.11.0/chartist.min.js","meta":{"rootId":"7cvohpayz5fblqg","id":"7cvohpayz5fblqg"},"id":"lag1hhbfivwhjjp","previousOperationId":"8813rfrlzunt3sr"}
{"type":"log","timestamp":1674753462292,"level":"debug","message":"Page request: GET (script) https://unpkg.com/chartist-plugin-pointlabels@0.0.6/dist/chartist-plugin-pointlabels.js (redirect from: https://unpkg.com/chartist-plugin-pointlabels@0.0.6)","meta":{"rootId":"7cvohpayz5fblqg","id":"7cvohpayz5fblqg"},"id":"dcdriq0qq21h5cn","previousOperationId":"8813rfrlzunt3sr"}
{"type":"log","timestamp":1674753462307,"level":"debug","message":"Page request finished: GET (stylesheet) 200 https://cdnjs.cloudflare.com/ajax/libs/metro/4.1.5/css/metro.min.css","meta":{"rootId":"7cvohpayz5fblqg","id":"7cvohpayz5fblqg"},"id":"ykyslld1wcd399p","previousOperationId":"8813rfrlzunt3sr"}
{"type":"log","timestamp":1674753462308,"level":"debug","message":"Page request finished: GET (script) 200 https://unpkg.com/chartist-plugin-tooltips@0.0.17/dist/chartist-plugin-tooltip.js","meta":{"rootId":"7cvohpayz5fblqg","id":"7cvohpayz5fblqg"},"id":"is4jy1vgk1dpc0f","previousOperationId":"8813rfrlzunt3sr"}
{"type":"log","timestamp":1674753462308,"level":"debug","message":"Page request finished: GET (script) 200 https://unpkg.com/chartist-plugin-pointlabels@0.0.6/dist/chartist-plugin-pointlabels.js","meta":{"rootId":"7cvohpayz5fblqg","id":"7cvohpayz5fblqg"},"id":"9goaoartqq8q6cd","previousOperationId":"8813rfrlzunt3sr"}
{"type":"log","timestamp":1674753462310,"level":"debug","message":"(console:log) Me he venido","meta":{"userLevel":true,"rootId":"7cvohpayz5fblqg","id":"7cvohpayz5fblqg"},"id":"ol0ddxbxdah8s88","previousOperationId":"8813rfrlzunt3sr"}
{"type":"log","timestamp":1674753462310,"level":"debug","message":"(console:log) JSHandle@array","meta":{"userLevel":true,"rootId":"7cvohpayz5fblqg","id":"7cvohpayz5fblqg"},"id":"g93im3dp5yoyc17","previousOperationId":"8813rfrlzunt3sr"}
{"type":"log","timestamp":1674753462311,"level":"debug","message":"(console:log) JSHandle@array","meta":{"userLevel":true,"rootId":"7cvohpayz5fblqg","id":"7cvohpayz5fblqg"},"id":"iabcnb6xgbbxc7z","previousOperationId":"8813rfrlzunt3sr"}
{"type":"log","timestamp":1674753462373,"level":"debug","message":"Running chrome with params {\"printBackground\":true,\"timeout\":59217,\"margin\":{}}","meta":{"rootId":"7cvohpayz5fblqg","id":"7cvohpayz5fblqg"},"id":"sipcjqrqh5411dg","previousOperationId":"8813rfrlzunt3sr"}
{"type":"operationEnd","operationId":"8813rfrlzunt3sr","timestamp":1674753462527,"id":"efp32g6gu0gtkr2","previousEventId":"172aft50yis8wyg","previousOperationId":"8813rfrlzunt3sr"}
{"type":"log","timestamp":1674753462527,"level":"debug","message":"Executing script testing (afterRender)","meta":{"rootId":"7cvohpayz5fblqg","id":"7cvohpayz5fblqg"},"id":"6kz3vxlvq9ry6ia","previousOperationId":"8813rfrlzunt3sr"}
{"type":"operationStart","subtype":"scriptsAfterRender","name":"scripts afterRender","timestamp":1674753462534,"id":"3qlypqgobkcrbeq","previousEventId":"efp32g6gu0gtkr2","operationId":"dpbdk4q3trfpddg","previousOperationId":"8813rfrlzunt3sr"}
{"type":"operationStart","subtype":"script","name":"scripts testing","previousOperationId":"dpbdk4q3trfpddg","timestamp":1674753462534,"id":"nwciumnbudm9woq","previousEventId":"3qlypqgobkcrbeq","operationId":"epbxm645nx8g74z"}
{"type":"operationEnd","operationId":"epbxm645nx8g74z","timestamp":1674753463784,"id":"mlija0fcf2c6375","previousEventId":"efp32g6gu0gtkr2","previousOperationId":"8813rfrlzunt3sr"}
{"type":"operationEnd","operationId":"dpbdk4q3trfpddg","timestamp":1674753463784,"id":"nx0q5fhzsb3z4en","previousEventId":"mlija0fcf2c6375","previousOperationId":"8813rfrlzunt3sr"}
{"type":"log","timestamp":1674753463784,"level":"debug","message":"Skipping storing report.","meta":{"rootId":"7cvohpayz5fblqg","id":"7cvohpayz5fblqg"},"id":"z90az2ws91e1whh","previousOperationId":"dpbdk4q3trfpddg"}
{"type":"log","timestamp":1674753463784,"level":"info","message":"Rendering request 25 finished in 2409 ms","meta":{"rootId":"7cvohpayz5fblqg","id":"7cvohpayz5fblqg"},"id":"4zfbui546u0j1dt","previousOperationId":"dpbdk4q3trfpddg"}
{"type":"operationEnd","subtype":"render","operationId":"cx10wv4ze89guef","timestamp":1674753463784,"id":"djm333evfzrp25v","previousEventId":"nx0q5fhzsb3z4en","previousOperationId":"dpbdk4q3trfpddg"}
{"type":"operationEnd","doDiffs":false,"previousEventId":"xw4zmpx2dyhjjbi","previousOperationId":"iylsq80rt4bua4o","operationId":"iylsq80rt4bua4o","timestamp":1674753463786,"id":"h8ba3vjlc5ctciw"}
