{"type":"operationStart","subtype":"profile","data":{"_id":"f5KC5Hlz9aAKrTNJ","timestamp":"2023-01-26T18:21:48.035Z","state":"queued","mode":"standard","creationDate":"2023-01-26T18:21:48.039Z","modificationDate":"2023-01-26T18:21:48.039Z","shortid":"dwTCTn4","$entitySet":"profiles"},"doDiffs":false,"timestamp":1674757308036,"id":"gia2439oehohq8w","previousOperationId":null,"operationId":"vo5yj54h5rwu633"}
{"type":"log","level":"info","message":"Render request 3 queued for execution and waiting for available worker","previousOperationId":"vo5yj54h5rwu633","timestamp":1674757308038,"id":"x9hh0ed3bvr9fn3"}
{"type":"operationStart","subtype":"render","name":"Data","previousOperationId":"vo5yj54h5rwu633","timestamp":1674757308050,"id":"l0hfwqal2lzmgnp","previousEventId":"gia2439oehohq8w","operationId":"zxlao8ehx5k7u9g"}
{"type":"log","timestamp":1674757308051,"level":"info","message":"Starting rendering request 3","meta":{"rootId":"7fvpf7prlyau4ff","id":"7fvpf7prlyau4ff"},"id":"iss3470yo76egrg","previousOperationId":"zxlao8ehx5k7u9g"}
{"type":"log","timestamp":1674757308052,"level":"info","message":"Rendering template { name: Data, recipe: chrome-pdf, engine: handlebars, preview: true }","meta":{"rootId":"7fvpf7prlyau4ff","id":"7fvpf7prlyau4ff"},"id":"xmi2rwpe4dato2s","previousOperationId":"zxlao8ehx5k7u9g"}
{"type":"log","timestamp":1674757308053,"level":"debug","message":"Data item not defined for this template.","meta":{"rootId":"7fvpf7prlyau4ff","id":"7fvpf7prlyau4ff"},"id":"rz5bqbqz1vj7xng","previousOperationId":"zxlao8ehx5k7u9g"}
{"type":"log","timestamp":1674757308056,"level":"debug","message":"Executing script testing (beforeRender)","meta":{"rootId":"7fvpf7prlyau4ff","id":"7fvpf7prlyau4ff"},"id":"1ox8n0rybvhstxf","previousOperationId":"zxlao8ehx5k7u9g"}
{"type":"operationStart","subtype":"scriptsBeforeRender","name":"scripts beforeRender","timestamp":1674757308119,"id":"36zm2loem4jyiqa","previousEventId":"l0hfwqal2lzmgnp","operationId":"jyjtc0d9puiapdf","previousOperationId":"zxlao8ehx5k7u9g"}
{"type":"operationStart","subtype":"script","name":"scripts testing","previousOperationId":"jyjtc0d9puiapdf","timestamp":1674757308119,"id":"ubebl7pkmexbnbr","previousEventId":"36zm2loem4jyiqa","operationId":"lyi1ly7626qvipo"}
{"type":"log","timestamp":1674757308380,"level":"debug","message":"(console:log) [ '2', '1', '3' ]","meta":{"userLevel":true,"rootId":"7fvpf7prlyau4ff","id":"7fvpf7prlyau4ff"},"id":"axhrlfvawpr0jee","previousOperationId":"lyi1ly7626qvipo"}
{"type":"log","timestamp":1674757308380,"level":"debug","message":"(console:log) [ 'Arucas', 'Galdar', 'Teror' ]","meta":{"userLevel":true,"rootId":"7fvpf7prlyau4ff","id":"7fvpf7prlyau4ff"},"id":"kq2q8hs4smzj5yc","previousOperationId":"lyi1ly7626qvipo"}
{"type":"operationEnd","operationId":"lyi1ly7626qvipo","timestamp":1674757308769,"id":"t50i0g4s172u6w6","previousEventId":"l0hfwqal2lzmgnp","previousOperationId":"zxlao8ehx5k7u9g"}
{"type":"operationEnd","operationId":"jyjtc0d9puiapdf","timestamp":1674757308769,"id":"xbg95s11ot5zq09","previousEventId":"t50i0g4s172u6w6","previousOperationId":"zxlao8ehx5k7u9g"}
{"type":"log","timestamp":1674757308769,"level":"debug","message":"Base url not specified, skipping its injection.","meta":{"rootId":"7fvpf7prlyau4ff","id":"7fvpf7prlyau4ff"},"id":"62w3t4bsfca4yde","previousOperationId":"jyjtc0d9puiapdf"}
{"type":"operationStart","subtype":"engine","name":"handlebars","timestamp":1674757308769,"id":"diz0zi17kfqlti2","previousEventId":"xbg95s11ot5zq09","operationId":"0ignh8musdxo3f3","previousOperationId":"jyjtc0d9puiapdf"}
{"type":"log","timestamp":1674757308769,"level":"debug","message":"Rendering engine handlebars","meta":{"rootId":"7fvpf7prlyau4ff","id":"7fvpf7prlyau4ff"},"id":"3rra7i32d5hgczo","previousOperationId":"0ignh8musdxo3f3"}
{"type":"operationEnd","operationId":"0ignh8musdxo3f3","timestamp":1674757308782,"id":"scwlpm1somnuw2b","previousEventId":"diz0zi17kfqlti2","previousOperationId":"0ignh8musdxo3f3"}
{"type":"operationStart","subtype":"recipe","name":"chrome-pdf","timestamp":1674757308782,"id":"lcsau9v4zy0qlhj","previousEventId":"scwlpm1somnuw2b","operationId":"rpk7ulj9khktvdh","previousOperationId":"0ignh8musdxo3f3"}
{"type":"log","timestamp":1674757308782,"level":"debug","message":"Executing recipe chrome-pdf","meta":{"rootId":"7fvpf7prlyau4ff","id":"7fvpf7prlyau4ff"},"id":"3yhptwnryv42swa","previousOperationId":"rpk7ulj9khktvdh"}
{"type":"log","timestamp":1674757308784,"level":"debug","message":"Converting with chrome HeadlessChrome/105.0.5173.0 using chrome-pool strategy","meta":{"rootId":"7fvpf7prlyau4ff","id":"7fvpf7prlyau4ff"},"id":"uj4q1blim5nnx4t","previousOperationId":"rpk7ulj9khktvdh"}
{"type":"log","timestamp":1674757308864,"level":"debug","message":"Page request: GET (document) file:///C:/Users/Johan/AppData/Local/Temp/jsreport/autocleanup/f6083e7d-603e-443c-87cb-13d5bbd4b40b-chrome-pdf.html","meta":{"rootId":"7fvpf7prlyau4ff","id":"7fvpf7prlyau4ff"},"id":"gqmio1177axp4am","previousOperationId":"rpk7ulj9khktvdh"}
{"type":"log","timestamp":1674757308885,"level":"debug","message":"Page request: GET (stylesheet) https://cdnjs.cloudflare.com/ajax/libs/metro/4.1.5/css/metro.min.css","meta":{"rootId":"7fvpf7prlyau4ff","id":"7fvpf7prlyau4ff"},"id":"tqkng04awkneiwd","previousOperationId":"rpk7ulj9khktvdh"}
{"type":"log","timestamp":1674757308886,"level":"debug","message":"Page request finished: GET (document) 200 file:///C:/Users/Johan/AppData/Local/Temp/jsreport/autocleanup/f6083e7d-603e-443c-87cb-13d5bbd4b40b-chrome-pdf.html","meta":{"rootId":"7fvpf7prlyau4ff","id":"7fvpf7prlyau4ff"},"id":"iv7xowgdrme0u26","previousOperationId":"rpk7ulj9khktvdh"}
{"type":"log","timestamp":1674757308886,"level":"debug","message":"Page request: GET (stylesheet) https://cdnjs.cloudflare.com/ajax/libs/chartist/0.11.0/chartist.min.css","meta":{"rootId":"7fvpf7prlyau4ff","id":"7fvpf7prlyau4ff"},"id":"i5hy7669773jyis","previousOperationId":"rpk7ulj9khktvdh"}
{"type":"log","timestamp":1674757308886,"level":"debug","message":"Page request: GET (script) https://cdnjs.cloudflare.com/ajax/libs/chartist/0.11.0/chartist.min.js","meta":{"rootId":"7fvpf7prlyau4ff","id":"7fvpf7prlyau4ff"},"id":"vu3p6synaco0o52","previousOperationId":"rpk7ulj9khktvdh"}
{"type":"log","timestamp":1674757308886,"level":"debug","message":"Page request: GET (script) https://unpkg.com/chartist-plugin-tooltips@0.0.17","meta":{"rootId":"7fvpf7prlyau4ff","id":"7fvpf7prlyau4ff"},"id":"kpfyzk56xk9tbcr","previousOperationId":"rpk7ulj9khktvdh"}
{"type":"log","timestamp":1674757308886,"level":"debug","message":"Page request: GET (script) https://unpkg.com/chartist-plugin-pointlabels@0.0.6","meta":{"rootId":"7fvpf7prlyau4ff","id":"7fvpf7prlyau4ff"},"id":"6mpls64wn9xroh0","previousOperationId":"rpk7ulj9khktvdh"}
{"type":"log","timestamp":1674757308891,"level":"warn","message":"Page request failed: GET (script) 302 https://unpkg.com/chartist-plugin-tooltips@0.0.17 (redirect to: /chartist-plugin-tooltips@0.0.17/dist/chartist-plugin-tooltip.js)","meta":{"rootId":"7fvpf7prlyau4ff","id":"7fvpf7prlyau4ff"},"id":"i8sjagw7ea9zmo6","previousOperationId":"rpk7ulj9khktvdh"}
{"type":"log","timestamp":1674757308891,"level":"debug","message":"Page request: GET (script) https://unpkg.com/chartist-plugin-tooltips@0.0.17/dist/chartist-plugin-tooltip.js (redirect from: https://unpkg.com/chartist-plugin-tooltips@0.0.17)","meta":{"rootId":"7fvpf7prlyau4ff","id":"7fvpf7prlyau4ff"},"id":"6kvjdxotjr7douq","previousOperationId":"rpk7ulj9khktvdh"}
{"type":"log","timestamp":1674757308892,"level":"debug","message":"Page request finished: GET (stylesheet) 200 https://cdnjs.cloudflare.com/ajax/libs/chartist/0.11.0/chartist.min.css","meta":{"rootId":"7fvpf7prlyau4ff","id":"7fvpf7prlyau4ff"},"id":"3px8m3l8hrr38aq","previousOperationId":"rpk7ulj9khktvdh"}
{"type":"log","timestamp":1674757308892,"level":"warn","message":"Page request failed: GET (script) 302 https://unpkg.com/chartist-plugin-pointlabels@0.0.6 (redirect to: /chartist-plugin-pointlabels@0.0.6/dist/chartist-plugin-pointlabels.js)","meta":{"rootId":"7fvpf7prlyau4ff","id":"7fvpf7prlyau4ff"},"id":"xyf2ajrqerro108","previousOperationId":"rpk7ulj9khktvdh"}
{"type":"log","timestamp":1674757308892,"level":"debug","message":"Page request: GET (script) https://unpkg.com/chartist-plugin-pointlabels@0.0.6/dist/chartist-plugin-pointlabels.js (redirect from: https://unpkg.com/chartist-plugin-pointlabels@0.0.6)","meta":{"rootId":"7fvpf7prlyau4ff","id":"7fvpf7prlyau4ff"},"id":"obgu1zmevz943v1","previousOperationId":"rpk7ulj9khktvdh"}
{"type":"log","timestamp":1674757308908,"level":"debug","message":"Page request finished: GET (stylesheet) 200 https://cdnjs.cloudflare.com/ajax/libs/metro/4.1.5/css/metro.min.css","meta":{"rootId":"7fvpf7prlyau4ff","id":"7fvpf7prlyau4ff"},"id":"8es8uqcacefyuq5","previousOperationId":"rpk7ulj9khktvdh"}
{"type":"log","timestamp":1674757308908,"level":"debug","message":"Page request finished: GET (script) 200 https://cdnjs.cloudflare.com/ajax/libs/chartist/0.11.0/chartist.min.js","meta":{"rootId":"7fvpf7prlyau4ff","id":"7fvpf7prlyau4ff"},"id":"14jfyz516m9g67k","previousOperationId":"rpk7ulj9khktvdh"}
{"type":"log","timestamp":1674757308912,"level":"debug","message":"Page request finished: GET (script) 200 https://unpkg.com/chartist-plugin-tooltips@0.0.17/dist/chartist-plugin-tooltip.js","meta":{"rootId":"7fvpf7prlyau4ff","id":"7fvpf7prlyau4ff"},"id":"p6ekz3abmfgibxn","previousOperationId":"rpk7ulj9khktvdh"}
{"type":"log","timestamp":1674757308912,"level":"debug","message":"Page request finished: GET (script) 200 https://unpkg.com/chartist-plugin-pointlabels@0.0.6/dist/chartist-plugin-pointlabels.js","meta":{"rootId":"7fvpf7prlyau4ff","id":"7fvpf7prlyau4ff"},"id":"b0o1ku4toa75tru","previousOperationId":"rpk7ulj9khktvdh"}
{"type":"log","timestamp":1674757308913,"level":"debug","message":"(console:log) Me he venido","meta":{"userLevel":true,"rootId":"7fvpf7prlyau4ff","id":"7fvpf7prlyau4ff"},"id":"318tlw29eyk5mve","previousOperationId":"rpk7ulj9khktvdh"}
{"type":"log","timestamp":1674757308913,"level":"debug","message":"(console:log) JSHandle@array","meta":{"userLevel":true,"rootId":"7fvpf7prlyau4ff","id":"7fvpf7prlyau4ff"},"id":"m04d5gnftbm35jt","previousOperationId":"rpk7ulj9khktvdh"}
{"type":"log","timestamp":1674757308913,"level":"warn","message":"Page error: ReferenceError: rep is not defined\n    at file:///C:/Users/Johan/AppData/Local/Temp/jsreport/autocleanup/f6083e7d-603e-443c-87cb-13d5bbd4b40b-chrome-pdf.html:60:17","meta":{"rootId":"7fvpf7prlyau4ff","id":"7fvpf7prlyau4ff"},"id":"swj26k5i694ovuw","previousOperationId":"rpk7ulj9khktvdh"}
{"type":"log","timestamp":1674757308950,"level":"debug","message":"Running chrome with params {\"printBackground\":true,\"timeout\":59250,\"margin\":{}}","meta":{"rootId":"7fvpf7prlyau4ff","id":"7fvpf7prlyau4ff"},"id":"qautn4x6eiyiu8r","previousOperationId":"rpk7ulj9khktvdh"}
{"type":"operationEnd","operationId":"rpk7ulj9khktvdh","timestamp":1674757309063,"id":"8dp3cxv0y045v58","previousEventId":"lcsau9v4zy0qlhj","previousOperationId":"rpk7ulj9khktvdh"}
{"type":"log","timestamp":1674757309063,"level":"debug","message":"Executing script testing (afterRender)","meta":{"rootId":"7fvpf7prlyau4ff","id":"7fvpf7prlyau4ff"},"id":"b1abuvcesb9cfy3","previousOperationId":"rpk7ulj9khktvdh"}
{"type":"operationStart","subtype":"scriptsAfterRender","name":"scripts afterRender","timestamp":1674757309074,"id":"hn43dit5h1xi9a2","previousEventId":"8dp3cxv0y045v58","operationId":"9a4rbjwsf4nkw69","previousOperationId":"rpk7ulj9khktvdh"}
{"type":"operationStart","subtype":"script","name":"scripts testing","previousOperationId":"9a4rbjwsf4nkw69","timestamp":1674757309074,"id":"nbpk3pc36vhbvh8","previousEventId":"hn43dit5h1xi9a2","operationId":"92adwujrebh7s0w"}
{"type":"operationEnd","operationId":"92adwujrebh7s0w","timestamp":1674757310299,"id":"lyrvw1xg0k25de0","previousEventId":"8dp3cxv0y045v58","previousOperationId":"rpk7ulj9khktvdh"}
{"type":"operationEnd","operationId":"9a4rbjwsf4nkw69","timestamp":1674757310299,"id":"d8ts620ywfsqk59","previousEventId":"lyrvw1xg0k25de0","previousOperationId":"rpk7ulj9khktvdh"}
{"type":"log","timestamp":1674757310299,"level":"debug","message":"Skipping storing report.","meta":{"rootId":"7fvpf7prlyau4ff","id":"7fvpf7prlyau4ff"},"id":"yvb312a688r50tw","previousOperationId":"9a4rbjwsf4nkw69"}
{"type":"log","timestamp":1674757310299,"level":"info","message":"Rendering request 3 finished in 2265 ms","meta":{"rootId":"7fvpf7prlyau4ff","id":"7fvpf7prlyau4ff"},"id":"gu0y38muf1j9nlk","previousOperationId":"9a4rbjwsf4nkw69"}
{"type":"operationEnd","subtype":"render","operationId":"zxlao8ehx5k7u9g","timestamp":1674757310299,"id":"6pyzgc7i9ee439t","previousEventId":"d8ts620ywfsqk59","previousOperationId":"9a4rbjwsf4nkw69"}
{"type":"operationEnd","doDiffs":false,"previousEventId":"gia2439oehohq8w","previousOperationId":"vo5yj54h5rwu633","operationId":"vo5yj54h5rwu633","timestamp":1674757310305,"id":"do8wjhsocejmmgy"}
