{"type":"operationStart","subtype":"profile","data":{"_id":"KDJIGMF2pFoVIb6s","timestamp":"2023-01-26T18:26:35.725Z","state":"queued","mode":"standard","creationDate":"2023-01-26T18:26:35.727Z","modificationDate":"2023-01-26T18:26:35.727Z","shortid":"3VT-ePe","$entitySet":"profiles"},"doDiffs":false,"timestamp":1674757595727,"id":"au0exkjj7nbj57y","previousOperationId":null,"operationId":"m2npfj3gyz8m3g7"}
{"type":"log","level":"info","message":"Render request 11 queued for execution and waiting for available worker","previousOperationId":"m2npfj3gyz8m3g7","timestamp":1674757595727,"id":"sixy6bfy06qmbir"}
{"type":"operationStart","subtype":"render","name":"Data","previousOperationId":"m2npfj3gyz8m3g7","timestamp":1674757595735,"id":"dj9x0xyi64r39dd","previousEventId":"au0exkjj7nbj57y","operationId":"5n2vq1cg9iijzrd"}
{"type":"log","timestamp":1674757595735,"level":"info","message":"Starting rendering request 11","meta":{"rootId":"7hydkltsbvbozvx","id":"7hydkltsbvbozvx"},"id":"4wkh34619n4mkjr","previousOperationId":"5n2vq1cg9iijzrd"}
{"type":"log","timestamp":1674757595735,"level":"info","message":"Rendering template { name: Data, recipe: chrome-pdf, engine: handlebars, preview: true }","meta":{"rootId":"7hydkltsbvbozvx","id":"7hydkltsbvbozvx"},"id":"8n99qqa13z47zgo","previousOperationId":"5n2vq1cg9iijzrd"}
{"type":"log","timestamp":1674757595736,"level":"debug","message":"Data item not defined for this template.","meta":{"rootId":"7hydkltsbvbozvx","id":"7hydkltsbvbozvx"},"id":"n8fb2t55jy0gcxh","previousOperationId":"5n2vq1cg9iijzrd"}
{"type":"log","timestamp":1674757595738,"level":"debug","message":"Executing script testing (beforeRender)","meta":{"rootId":"7hydkltsbvbozvx","id":"7hydkltsbvbozvx"},"id":"v0zesc8un70l3tl","previousOperationId":"5n2vq1cg9iijzrd"}
{"type":"operationStart","subtype":"scriptsBeforeRender","name":"scripts beforeRender","timestamp":1674757595782,"id":"2ujyunp1eqq36ne","previousEventId":"dj9x0xyi64r39dd","operationId":"60uf99p8ia5p5o1","previousOperationId":"5n2vq1cg9iijzrd"}
{"type":"operationStart","subtype":"script","name":"scripts testing","previousOperationId":"60uf99p8ia5p5o1","timestamp":1674757595782,"id":"d444i3ibkc4j8gk","previousEventId":"2ujyunp1eqq36ne","operationId":"2bvtxxuju7a8nru"}
{"type":"log","timestamp":1674757595995,"level":"debug","message":"(console:log) Sin cuidado: [object Object]","meta":{"userLevel":true,"rootId":"7hydkltsbvbozvx","id":"7hydkltsbvbozvx"},"id":"9t6nvwucbchjeaf","previousOperationId":"2bvtxxuju7a8nru"}
{"type":"log","timestamp":1674757595995,"level":"debug","message":"(console:log) Sin cuidado: Arucas,Galdar,Teror","meta":{"userLevel":true,"rootId":"7hydkltsbvbozvx","id":"7hydkltsbvbozvx"},"id":"bhh2iu0yj4lsirc","previousOperationId":"2bvtxxuju7a8nru"}
{"type":"log","timestamp":1674757595995,"level":"debug","message":"(console:log) Sin cuidado: 2,1,3","meta":{"userLevel":true,"rootId":"7hydkltsbvbozvx","id":"7hydkltsbvbozvx"},"id":"4fz2p75b8gw1w0u","previousOperationId":"2bvtxxuju7a8nru"}
{"type":"operationEnd","operationId":"2bvtxxuju7a8nru","timestamp":1674757596377,"id":"62xm07dq856uk8v","previousEventId":"dj9x0xyi64r39dd","previousOperationId":"5n2vq1cg9iijzrd"}
{"type":"operationEnd","operationId":"60uf99p8ia5p5o1","timestamp":1674757596377,"id":"d36ayu14s2mp33c","previousEventId":"62xm07dq856uk8v","previousOperationId":"5n2vq1cg9iijzrd"}
{"type":"log","timestamp":1674757596377,"level":"debug","message":"Base url not specified, skipping its injection.","meta":{"rootId":"7hydkltsbvbozvx","id":"7hydkltsbvbozvx"},"id":"bnm798gubo1d911","previousOperationId":"60uf99p8ia5p5o1"}
{"type":"operationStart","subtype":"engine","name":"handlebars","timestamp":1674757596378,"id":"erq69efkklco5ws","previousEventId":"d36ayu14s2mp33c","operationId":"rh7xp47y5xh6n1h","previousOperationId":"60uf99p8ia5p5o1"}
{"type":"log","timestamp":1674757596378,"level":"debug","message":"Rendering engine handlebars","meta":{"rootId":"7hydkltsbvbozvx","id":"7hydkltsbvbozvx"},"id":"z6jja4y6qv4gq50","previousOperationId":"rh7xp47y5xh6n1h"}
{"type":"operationEnd","operationId":"rh7xp47y5xh6n1h","timestamp":1674757596389,"id":"gg0yhtxyncuwy6e","previousEventId":"erq69efkklco5ws","previousOperationId":"rh7xp47y5xh6n1h"}
{"type":"operationStart","subtype":"recipe","name":"chrome-pdf","timestamp":1674757596390,"id":"o6k1f1cg561fa3o","previousEventId":"gg0yhtxyncuwy6e","operationId":"x8oogl791zudm63","previousOperationId":"rh7xp47y5xh6n1h"}
{"type":"log","timestamp":1674757596390,"level":"debug","message":"Executing recipe chrome-pdf","meta":{"rootId":"7hydkltsbvbozvx","id":"7hydkltsbvbozvx"},"id":"7406qsw45afhyje","previousOperationId":"x8oogl791zudm63"}
{"type":"log","timestamp":1674757596393,"level":"debug","message":"Converting with chrome HeadlessChrome/105.0.5173.0 using chrome-pool strategy","meta":{"rootId":"7hydkltsbvbozvx","id":"7hydkltsbvbozvx"},"id":"ohkphvovslcux76","previousOperationId":"x8oogl791zudm63"}
{"type":"log","timestamp":1674757596484,"level":"debug","message":"Page request: GET (document) file:///C:/Users/Johan/AppData/Local/Temp/jsreport/autocleanup/fae71aee-bc2b-4da6-9dcc-3ce350e68435-chrome-pdf.html","meta":{"rootId":"7hydkltsbvbozvx","id":"7hydkltsbvbozvx"},"id":"h4eacg7778k1ll5","previousOperationId":"x8oogl791zudm63"}
{"type":"log","timestamp":1674757596504,"level":"debug","message":"Page request: GET (stylesheet) https://cdnjs.cloudflare.com/ajax/libs/metro/4.1.5/css/metro.min.css","meta":{"rootId":"7hydkltsbvbozvx","id":"7hydkltsbvbozvx"},"id":"g7go5if2stjvfmo","previousOperationId":"x8oogl791zudm63"}
{"type":"log","timestamp":1674757596504,"level":"debug","message":"Page request: GET (stylesheet) https://cdnjs.cloudflare.com/ajax/libs/chartist/0.11.0/chartist.min.css","meta":{"rootId":"7hydkltsbvbozvx","id":"7hydkltsbvbozvx"},"id":"cgudy960dziofdk","previousOperationId":"x8oogl791zudm63"}
{"type":"log","timestamp":1674757596504,"level":"debug","message":"Page request: GET (script) https://cdnjs.cloudflare.com/ajax/libs/chartist/0.11.0/chartist.min.js","meta":{"rootId":"7hydkltsbvbozvx","id":"7hydkltsbvbozvx"},"id":"ttp51efm44k3i6m","previousOperationId":"x8oogl791zudm63"}
{"type":"log","timestamp":1674757596505,"level":"debug","message":"Page request: GET (script) https://unpkg.com/chartist-plugin-tooltips@0.0.17","meta":{"rootId":"7hydkltsbvbozvx","id":"7hydkltsbvbozvx"},"id":"zstr9s0113gfll3","previousOperationId":"x8oogl791zudm63"}
{"type":"log","timestamp":1674757596505,"level":"debug","message":"Page request: GET (script) https://unpkg.com/chartist-plugin-pointlabels@0.0.6","meta":{"rootId":"7hydkltsbvbozvx","id":"7hydkltsbvbozvx"},"id":"2keo12jaq7p668d","previousOperationId":"x8oogl791zudm63"}
{"type":"log","timestamp":1674757596505,"level":"debug","message":"Page request finished: GET (document) 200 file:///C:/Users/Johan/AppData/Local/Temp/jsreport/autocleanup/fae71aee-bc2b-4da6-9dcc-3ce350e68435-chrome-pdf.html","meta":{"rootId":"7hydkltsbvbozvx","id":"7hydkltsbvbozvx"},"id":"9kokjngq9x522je","previousOperationId":"x8oogl791zudm63"}
{"type":"log","timestamp":1674757596510,"level":"debug","message":"Page request finished: GET (stylesheet) 200 https://cdnjs.cloudflare.com/ajax/libs/chartist/0.11.0/chartist.min.css","meta":{"rootId":"7hydkltsbvbozvx","id":"7hydkltsbvbozvx"},"id":"rmzvder7xbl04k8","previousOperationId":"x8oogl791zudm63"}
{"type":"log","timestamp":1674757596510,"level":"warn","message":"Page request failed: GET (script) 302 https://unpkg.com/chartist-plugin-tooltips@0.0.17 (redirect to: /chartist-plugin-tooltips@0.0.17/dist/chartist-plugin-tooltip.js)","meta":{"rootId":"7hydkltsbvbozvx","id":"7hydkltsbvbozvx"},"id":"aqle07titxslqgb","previousOperationId":"x8oogl791zudm63"}
{"type":"log","timestamp":1674757596510,"level":"debug","message":"Page request: GET (script) https://unpkg.com/chartist-plugin-tooltips@0.0.17/dist/chartist-plugin-tooltip.js (redirect from: https://unpkg.com/chartist-plugin-tooltips@0.0.17)","meta":{"rootId":"7hydkltsbvbozvx","id":"7hydkltsbvbozvx"},"id":"a5wkh7eptiyvqer","previousOperationId":"x8oogl791zudm63"}
{"type":"log","timestamp":1674757596511,"level":"warn","message":"Page request failed: GET (script) 302 https://unpkg.com/chartist-plugin-pointlabels@0.0.6 (redirect to: /chartist-plugin-pointlabels@0.0.6/dist/chartist-plugin-pointlabels.js)","meta":{"rootId":"7hydkltsbvbozvx","id":"7hydkltsbvbozvx"},"id":"p61t9vtqxpuuzgl","previousOperationId":"x8oogl791zudm63"}
{"type":"log","timestamp":1674757596511,"level":"debug","message":"Page request: GET (script) https://unpkg.com/chartist-plugin-pointlabels@0.0.6/dist/chartist-plugin-pointlabels.js (redirect from: https://unpkg.com/chartist-plugin-pointlabels@0.0.6)","meta":{"rootId":"7hydkltsbvbozvx","id":"7hydkltsbvbozvx"},"id":"umgb4seig2lfp6x","previousOperationId":"x8oogl791zudm63"}
{"type":"log","timestamp":1674757596511,"level":"debug","message":"Page request finished: GET (script) 200 https://cdnjs.cloudflare.com/ajax/libs/chartist/0.11.0/chartist.min.js","meta":{"rootId":"7hydkltsbvbozvx","id":"7hydkltsbvbozvx"},"id":"91kn4n9hf7r62jm","previousOperationId":"x8oogl791zudm63"}
{"type":"log","timestamp":1674757596526,"level":"debug","message":"Page request finished: GET (stylesheet) 200 https://cdnjs.cloudflare.com/ajax/libs/metro/4.1.5/css/metro.min.css","meta":{"rootId":"7hydkltsbvbozvx","id":"7hydkltsbvbozvx"},"id":"eh7s0wv3hbbvqhi","previousOperationId":"x8oogl791zudm63"}
{"type":"log","timestamp":1674757596527,"level":"debug","message":"Page request finished: GET (script) 200 https://unpkg.com/chartist-plugin-tooltips@0.0.17/dist/chartist-plugin-tooltip.js","meta":{"rootId":"7hydkltsbvbozvx","id":"7hydkltsbvbozvx"},"id":"v61w3fz44mnw1q3","previousOperationId":"x8oogl791zudm63"}
{"type":"log","timestamp":1674757596527,"level":"debug","message":"Page request finished: GET (script) 200 https://unpkg.com/chartist-plugin-pointlabels@0.0.6/dist/chartist-plugin-pointlabels.js","meta":{"rootId":"7hydkltsbvbozvx","id":"7hydkltsbvbozvx"},"id":"g9gk0rbcehdkac3","previousOperationId":"x8oogl791zudm63"}
{"type":"log","timestamp":1674757596529,"level":"debug","message":"(console:log) Me he venido","meta":{"userLevel":true,"rootId":"7hydkltsbvbozvx","id":"7hydkltsbvbozvx"},"id":"v0swm3amnkpw58h","previousOperationId":"x8oogl791zudm63"}
{"type":"log","timestamp":1674757596530,"level":"debug","message":"(console:log) Cuidado: 2,1,3","meta":{"userLevel":true,"rootId":"7hydkltsbvbozvx","id":"7hydkltsbvbozvx"},"id":"upd7t781jhgkz05","previousOperationId":"x8oogl791zudm63"}
{"type":"log","timestamp":1674757596530,"level":"debug","message":"(console:log) Cuidado: undefined","meta":{"userLevel":true,"rootId":"7hydkltsbvbozvx","id":"7hydkltsbvbozvx"},"id":"5lolswb9cdqa8e3","previousOperationId":"x8oogl791zudm63"}
{"type":"log","timestamp":1674757596530,"level":"warn","message":"Page error: ReferenceError: Arucas is not defined\n    at file:///C:/Users/Johan/AppData/Local/Temp/jsreport/autocleanup/fae71aee-bc2b-4da6-9dcc-3ce350e68435-chrome-pdf.html:57:32","meta":{"rootId":"7hydkltsbvbozvx","id":"7hydkltsbvbozvx"},"id":"621mkxxj1ursugd","previousOperationId":"x8oogl791zudm63"}
{"type":"log","timestamp":1674757596569,"level":"debug","message":"Running chrome with params {\"printBackground\":true,\"timeout\":59333,\"margin\":{}}","meta":{"rootId":"7hydkltsbvbozvx","id":"7hydkltsbvbozvx"},"id":"ethgev5bf1nraed","previousOperationId":"x8oogl791zudm63"}
{"type":"operationEnd","operationId":"x8oogl791zudm63","timestamp":1674757596674,"id":"hn4fcf7mzlmvjrg","previousEventId":"o6k1f1cg561fa3o","previousOperationId":"x8oogl791zudm63"}
{"type":"log","timestamp":1674757596674,"level":"debug","message":"Executing script testing (afterRender)","meta":{"rootId":"7hydkltsbvbozvx","id":"7hydkltsbvbozvx"},"id":"syxlicqwky8us0f","previousOperationId":"x8oogl791zudm63"}
{"type":"operationStart","subtype":"scriptsAfterRender","name":"scripts afterRender","timestamp":1674757596686,"id":"61qnfkkftuuapox","previousEventId":"hn4fcf7mzlmvjrg","operationId":"8kjij6lvvkzgmjg","previousOperationId":"x8oogl791zudm63"}
{"type":"operationStart","subtype":"script","name":"scripts testing","previousOperationId":"8kjij6lvvkzgmjg","timestamp":1674757596686,"id":"h8rpb8gukc01kxp","previousEventId":"61qnfkkftuuapox","operationId":"7r59ob8fkagn50y"}
{"type":"operationEnd","operationId":"7r59ob8fkagn50y","timestamp":1674757597720,"id":"klnaw7np3catu0e","previousEventId":"hn4fcf7mzlmvjrg","previousOperationId":"x8oogl791zudm63"}
{"type":"operationEnd","operationId":"8kjij6lvvkzgmjg","timestamp":1674757597720,"id":"5y9lsdo44p4s3zv","previousEventId":"klnaw7np3catu0e","previousOperationId":"x8oogl791zudm63"}
{"type":"log","timestamp":1674757597720,"level":"debug","message":"Skipping storing report.","meta":{"rootId":"7hydkltsbvbozvx","id":"7hydkltsbvbozvx"},"id":"jkelhc6scenifyb","previousOperationId":"8kjij6lvvkzgmjg"}
{"type":"log","timestamp":1674757597720,"level":"info","message":"Rendering request 11 finished in 1995 ms","meta":{"rootId":"7hydkltsbvbozvx","id":"7hydkltsbvbozvx"},"id":"het84vjsla3p3n2","previousOperationId":"8kjij6lvvkzgmjg"}
{"type":"operationEnd","subtype":"render","operationId":"5n2vq1cg9iijzrd","timestamp":1674757597720,"id":"alrobq34bvr60p7","previousEventId":"5y9lsdo44p4s3zv","previousOperationId":"8kjij6lvvkzgmjg"}
{"type":"operationEnd","doDiffs":false,"previousEventId":"au0exkjj7nbj57y","previousOperationId":"m2npfj3gyz8m3g7","operationId":"m2npfj3gyz8m3g7","timestamp":1674757597724,"id":"y8b6hexs4ubbx17"}
