{"type":"operationStart","subtype":"profile","data":{"_id":"uacKreFhYb3RQQ7B","timestamp":"2023-01-26T16:34:47.175Z","state":"queued","mode":"standard","creationDate":"2023-01-26T16:34:47.178Z","modificationDate":"2023-01-26T16:34:47.178Z","shortid":"u88eztK","$entitySet":"profiles"},"doDiffs":false,"timestamp":1674750887176,"id":"85wkgs73ilxw0e5","previousOperationId":null,"operationId":"8twwpgd9fsq39zh"}
{"type":"log","level":"info","message":"Render request 8 queued for execution and waiting for available worker","previousOperationId":"8twwpgd9fsq39zh","timestamp":1674750887177,"id":"aewbuhrnsufpu2n"}
{"type":"operationStart","subtype":"render","name":"Data","previousOperationId":"8twwpgd9fsq39zh","timestamp":1674750887187,"id":"7oo4xdw0jjxsum8","previousEventId":"85wkgs73ilxw0e5","operationId":"qhunytng7i4j9tn"}
{"type":"log","timestamp":1674750887187,"level":"info","message":"Starting rendering request 8","meta":{"rootId":"7lgw6r6asb89lcd","id":"7lgw6r6asb89lcd"},"id":"xsl0emyv44ft1hs","previousOperationId":"qhunytng7i4j9tn"}
{"type":"log","timestamp":1674750887188,"level":"info","message":"Rendering template { name: Data, recipe: chrome-pdf, engine: handlebars, preview: true }","meta":{"rootId":"7lgw6r6asb89lcd","id":"7lgw6r6asb89lcd"},"id":"r6fwnr15nec5mgz","previousOperationId":"qhunytng7i4j9tn"}
{"type":"log","timestamp":1674750887189,"level":"debug","message":"Data item not defined for this template.","meta":{"rootId":"7lgw6r6asb89lcd","id":"7lgw6r6asb89lcd"},"id":"drsglgmbq5cpwmr","previousOperationId":"qhunytng7i4j9tn"}
{"type":"log","timestamp":1674750887191,"level":"debug","message":"Executing script testing (beforeRender)","meta":{"rootId":"7lgw6r6asb89lcd","id":"7lgw6r6asb89lcd"},"id":"n79k68ffcd610oq","previousOperationId":"qhunytng7i4j9tn"}
{"type":"operationStart","subtype":"scriptsBeforeRender","name":"scripts beforeRender","timestamp":1674750887267,"id":"qjt4gv6cf0zte20","previousEventId":"7oo4xdw0jjxsum8","operationId":"qp0nwbx3wtssqy4","previousOperationId":"qhunytng7i4j9tn"}
{"type":"operationStart","subtype":"script","name":"scripts testing","previousOperationId":"qp0nwbx3wtssqy4","timestamp":1674750887267,"id":"ifxbawsl692shml","previousEventId":"qjt4gv6cf0zte20","operationId":"028ewzkedhv1vva"}
{"type":"log","timestamp":1674750887730,"level":"debug","message":"(console:log) {\n  locationName: [ 'Las Palmas de Gran Canaria', 'Galdar', 'Teror' ],\n  repetition: [ '2', '1', '3' ]\n}","meta":{"userLevel":true,"rootId":"7lgw6r6asb89lcd","id":"7lgw6r6asb89lcd"},"id":"1mdjf68e7bsusr2","previousOperationId":"028ewzkedhv1vva"}
{"type":"operationEnd","operationId":"028ewzkedhv1vva","timestamp":1674750888208,"id":"2cl4v1frs0p2bu9","previousEventId":"7oo4xdw0jjxsum8","previousOperationId":"qhunytng7i4j9tn"}
{"type":"operationEnd","operationId":"qp0nwbx3wtssqy4","timestamp":1674750888208,"id":"douz2ept7cjwfcr","previousEventId":"2cl4v1frs0p2bu9","previousOperationId":"qhunytng7i4j9tn"}
{"type":"log","timestamp":1674750888208,"level":"debug","message":"Base url not specified, skipping its injection.","meta":{"rootId":"7lgw6r6asb89lcd","id":"7lgw6r6asb89lcd"},"id":"n880m2n4v2ahxmu","previousOperationId":"qp0nwbx3wtssqy4"}
{"type":"operationStart","subtype":"engine","name":"handlebars","timestamp":1674750888209,"id":"2lwgpyi53k74vkj","previousEventId":"douz2ept7cjwfcr","operationId":"a6h31mgvuiddbxb","previousOperationId":"qp0nwbx3wtssqy4"}
{"type":"log","timestamp":1674750888209,"level":"debug","message":"Rendering engine handlebars","meta":{"rootId":"7lgw6r6asb89lcd","id":"7lgw6r6asb89lcd"},"id":"7g92c75rv3ylzkf","previousOperationId":"a6h31mgvuiddbxb"}
{"type":"operationEnd","operationId":"a6h31mgvuiddbxb","timestamp":1674750888226,"id":"68ykseo9y9055o0","previousEventId":"2lwgpyi53k74vkj","previousOperationId":"a6h31mgvuiddbxb"}
{"type":"operationStart","subtype":"recipe","name":"chrome-pdf","timestamp":1674750888227,"id":"tbnrcpdsu4pl4n2","previousEventId":"68ykseo9y9055o0","operationId":"kryi825ox4o08y2","previousOperationId":"a6h31mgvuiddbxb"}
{"type":"log","timestamp":1674750888227,"level":"debug","message":"Executing recipe chrome-pdf","meta":{"rootId":"7lgw6r6asb89lcd","id":"7lgw6r6asb89lcd"},"id":"8bwhzmniztpewyy","previousOperationId":"kryi825ox4o08y2"}
{"type":"log","timestamp":1674750888232,"level":"debug","message":"Converting with chrome HeadlessChrome/105.0.5173.0 using chrome-pool strategy","meta":{"rootId":"7lgw6r6asb89lcd","id":"7lgw6r6asb89lcd"},"id":"qf2pdlu6fdmr70v","previousOperationId":"kryi825ox4o08y2"}
{"type":"log","timestamp":1674750888338,"level":"debug","message":"Page request: GET (document) file:///C:/Users/Johan/AppData/Local/Temp/jsreport/autocleanup/f84e00d8-6764-464d-983a-f40590352f4f-chrome-pdf.html","meta":{"rootId":"7lgw6r6asb89lcd","id":"7lgw6r6asb89lcd"},"id":"inqk71gc0e6ts1y","previousOperationId":"kryi825ox4o08y2"}
{"type":"log","timestamp":1674750888358,"level":"debug","message":"Page request finished: GET (document) 200 file:///C:/Users/Johan/AppData/Local/Temp/jsreport/autocleanup/f84e00d8-6764-464d-983a-f40590352f4f-chrome-pdf.html","meta":{"rootId":"7lgw6r6asb89lcd","id":"7lgw6r6asb89lcd"},"id":"277y3u81ftx7zyh","previousOperationId":"kryi825ox4o08y2"}
{"type":"log","timestamp":1674750888358,"level":"debug","message":"Page request: GET (stylesheet) https://cdnjs.cloudflare.com/ajax/libs/metro/4.1.5/css/metro.min.css","meta":{"rootId":"7lgw6r6asb89lcd","id":"7lgw6r6asb89lcd"},"id":"ybdupckkvdk2o71","previousOperationId":"kryi825ox4o08y2"}
{"type":"log","timestamp":1674750888358,"level":"debug","message":"Page request: GET (stylesheet) https://cdnjs.cloudflare.com/ajax/libs/chartist/0.11.0/chartist.min.css","meta":{"rootId":"7lgw6r6asb89lcd","id":"7lgw6r6asb89lcd"},"id":"t3w20oilvv7upwx","previousOperationId":"kryi825ox4o08y2"}
{"type":"log","timestamp":1674750888358,"level":"debug","message":"Page request: GET (script) https://cdnjs.cloudflare.com/ajax/libs/chartist/0.11.0/chartist.min.js","meta":{"rootId":"7lgw6r6asb89lcd","id":"7lgw6r6asb89lcd"},"id":"hev8zxcmlqilpov","previousOperationId":"kryi825ox4o08y2"}
{"type":"log","timestamp":1674750888358,"level":"debug","message":"Page request: GET (script) https://unpkg.com/chartist-plugin-tooltips@0.0.17","meta":{"rootId":"7lgw6r6asb89lcd","id":"7lgw6r6asb89lcd"},"id":"ykp8m12zymm3lf8","previousOperationId":"kryi825ox4o08y2"}
{"type":"log","timestamp":1674750888358,"level":"debug","message":"Page request: GET (script) https://unpkg.com/chartist-plugin-pointlabels@0.0.6","meta":{"rootId":"7lgw6r6asb89lcd","id":"7lgw6r6asb89lcd"},"id":"yeqd6clm266ht7e","previousOperationId":"kryi825ox4o08y2"}
{"type":"log","timestamp":1674750888365,"level":"warn","message":"Page request failed: GET (script) 302 https://unpkg.com/chartist-plugin-tooltips@0.0.17 (redirect to: /chartist-plugin-tooltips@0.0.17/dist/chartist-plugin-tooltip.js)","meta":{"rootId":"7lgw6r6asb89lcd","id":"7lgw6r6asb89lcd"},"id":"14h2i58f6ggo069","previousOperationId":"kryi825ox4o08y2"}
{"type":"log","timestamp":1674750888365,"level":"debug","message":"Page request: GET (script) https://unpkg.com/chartist-plugin-tooltips@0.0.17/dist/chartist-plugin-tooltip.js (redirect from: https://unpkg.com/chartist-plugin-tooltips@0.0.17)","meta":{"rootId":"7lgw6r6asb89lcd","id":"7lgw6r6asb89lcd"},"id":"0si7q2k3ypnf7hr","previousOperationId":"kryi825ox4o08y2"}
{"type":"log","timestamp":1674750888366,"level":"debug","message":"Page request finished: GET (stylesheet) 200 https://cdnjs.cloudflare.com/ajax/libs/chartist/0.11.0/chartist.min.css","meta":{"rootId":"7lgw6r6asb89lcd","id":"7lgw6r6asb89lcd"},"id":"620nv8zmabcn8x4","previousOperationId":"kryi825ox4o08y2"}
{"type":"log","timestamp":1674750888368,"level":"warn","message":"Page request failed: GET (script) 302 https://unpkg.com/chartist-plugin-pointlabels@0.0.6 (redirect to: /chartist-plugin-pointlabels@0.0.6/dist/chartist-plugin-pointlabels.js)","meta":{"rootId":"7lgw6r6asb89lcd","id":"7lgw6r6asb89lcd"},"id":"8o375a7p5n1mwbu","previousOperationId":"kryi825ox4o08y2"}
{"type":"log","timestamp":1674750888368,"level":"debug","message":"Page request finished: GET (script) 200 https://cdnjs.cloudflare.com/ajax/libs/chartist/0.11.0/chartist.min.js","meta":{"rootId":"7lgw6r6asb89lcd","id":"7lgw6r6asb89lcd"},"id":"dqybisimg5heu8z","previousOperationId":"kryi825ox4o08y2"}
{"type":"log","timestamp":1674750888368,"level":"debug","message":"Page request: GET (script) https://unpkg.com/chartist-plugin-pointlabels@0.0.6/dist/chartist-plugin-pointlabels.js (redirect from: https://unpkg.com/chartist-plugin-pointlabels@0.0.6)","meta":{"rootId":"7lgw6r6asb89lcd","id":"7lgw6r6asb89lcd"},"id":"mmh0ewj2j7zfxuc","previousOperationId":"kryi825ox4o08y2"}
{"type":"log","timestamp":1674750888391,"level":"debug","message":"Page request finished: GET (stylesheet) 200 https://cdnjs.cloudflare.com/ajax/libs/metro/4.1.5/css/metro.min.css","meta":{"rootId":"7lgw6r6asb89lcd","id":"7lgw6r6asb89lcd"},"id":"ye6st9ci4xfnp5f","previousOperationId":"kryi825ox4o08y2"}
{"type":"log","timestamp":1674750888394,"level":"debug","message":"Page request finished: GET (script) 200 https://unpkg.com/chartist-plugin-tooltips@0.0.17/dist/chartist-plugin-tooltip.js","meta":{"rootId":"7lgw6r6asb89lcd","id":"7lgw6r6asb89lcd"},"id":"r70naq12mg9pz52","previousOperationId":"kryi825ox4o08y2"}
{"type":"log","timestamp":1674750888395,"level":"debug","message":"Page request finished: GET (script) 200 https://unpkg.com/chartist-plugin-pointlabels@0.0.6/dist/chartist-plugin-pointlabels.js","meta":{"rootId":"7lgw6r6asb89lcd","id":"7lgw6r6asb89lcd"},"id":"d4h5lslhruockzk","previousOperationId":"kryi825ox4o08y2"}
{"type":"log","timestamp":1674750888398,"level":"warn","message":"Page error: SyntaxError: Unexpected identifier","meta":{"rootId":"7lgw6r6asb89lcd","id":"7lgw6r6asb89lcd"},"id":"y4vpm41p6jq25xy","previousOperationId":"kryi825ox4o08y2"}
{"type":"log","timestamp":1674750888438,"level":"debug","message":"Running chrome with params {\"printBackground\":true,\"timeout\":58944,\"margin\":{}}","meta":{"rootId":"7lgw6r6asb89lcd","id":"7lgw6r6asb89lcd"},"id":"ms3saeidzhdb6ns","previousOperationId":"kryi825ox4o08y2"}
{"type":"operationEnd","operationId":"kryi825ox4o08y2","timestamp":1674750888559,"id":"vro03w7tuv0wtkn","previousEventId":"tbnrcpdsu4pl4n2","previousOperationId":"kryi825ox4o08y2"}
{"type":"log","timestamp":1674750888559,"level":"debug","message":"Executing script testing (afterRender)","meta":{"rootId":"7lgw6r6asb89lcd","id":"7lgw6r6asb89lcd"},"id":"pp4v1udu92bfpv5","previousOperationId":"kryi825ox4o08y2"}
{"type":"operationStart","subtype":"scriptsAfterRender","name":"scripts afterRender","timestamp":1674750888568,"id":"9neptb6iyycof19","previousEventId":"vro03w7tuv0wtkn","operationId":"qjclcpugnr34qcd","previousOperationId":"kryi825ox4o08y2"}
{"type":"operationStart","subtype":"script","name":"scripts testing","previousOperationId":"qjclcpugnr34qcd","timestamp":1674750888568,"id":"c84vfpefphgpkza","previousEventId":"9neptb6iyycof19","operationId":"h6byk84s8zkvdbi"}
{"type":"operationEnd","operationId":"h6byk84s8zkvdbi","timestamp":1674750889806,"id":"78c0hjbzsd3yz5i","previousEventId":"vro03w7tuv0wtkn","previousOperationId":"kryi825ox4o08y2"}
{"type":"operationEnd","operationId":"qjclcpugnr34qcd","timestamp":1674750889806,"id":"dvk7km237rea1vc","previousEventId":"78c0hjbzsd3yz5i","previousOperationId":"kryi825ox4o08y2"}
{"type":"log","timestamp":1674750889806,"level":"debug","message":"Skipping storing report.","meta":{"rootId":"7lgw6r6asb89lcd","id":"7lgw6r6asb89lcd"},"id":"mb8y1bt60qend5w","previousOperationId":"qjclcpugnr34qcd"}
{"type":"log","timestamp":1674750889806,"level":"info","message":"Rendering request 8 finished in 2631 ms","meta":{"rootId":"7lgw6r6asb89lcd","id":"7lgw6r6asb89lcd"},"id":"o15u0omvbdocc8l","previousOperationId":"qjclcpugnr34qcd"}
{"type":"operationEnd","subtype":"render","operationId":"qhunytng7i4j9tn","timestamp":1674750889806,"id":"cl3onkpei8ik6gl","previousEventId":"dvk7km237rea1vc","previousOperationId":"qjclcpugnr34qcd"}
{"type":"operationEnd","doDiffs":false,"previousEventId":"85wkgs73ilxw0e5","previousOperationId":"8twwpgd9fsq39zh","operationId":"8twwpgd9fsq39zh","timestamp":1674750889810,"id":"jpfpham9jvm5y5t"}
