{"type":"operationStart","subtype":"profile","data":{"_id":"NiWvHr1nT87sKt7Y","timestamp":"2023-01-26T15:04:16.595Z","state":"queued","mode":"standard","creationDate":"2023-01-26T15:04:16.598Z","modificationDate":"2023-01-26T15:04:16.598Z","shortid":"3AQc6ac","$entitySet":"profiles"},"doDiffs":false,"timestamp":1674745456596,"id":"s3g6qxmp0816bpn","previousOperationId":null,"operationId":"sqfh753kjvuvaml"}
{"type":"log","level":"info","message":"Render request 1 queued for execution and waiting for available worker","previousOperationId":"sqfh753kjvuvaml","timestamp":1674745456597,"id":"dfatv0uiwwa9693"}
{"type":"operationStart","subtype":"render","name":"Data","previousOperationId":"sqfh753kjvuvaml","timestamp":1674745456631,"id":"hmadfjc832x4dw9","previousEventId":"s3g6qxmp0816bpn","operationId":"3811cesltucz35p"}
{"type":"log","timestamp":1674745456631,"level":"info","message":"Starting rendering request 1","meta":{"rootId":"7qwxm0j69zq2yv4","id":"7qwxm0j69zq2yv4"},"id":"sswofw8pknmydh1","previousOperationId":"3811cesltucz35p"}
{"type":"log","timestamp":1674745456633,"level":"info","message":"Rendering template { name: Data, recipe: chrome-pdf, engine: handlebars, preview: true }","meta":{"rootId":"7qwxm0j69zq2yv4","id":"7qwxm0j69zq2yv4"},"id":"5cdpvrz80ldfnp2","previousOperationId":"3811cesltucz35p"}
{"type":"log","timestamp":1674745456635,"level":"debug","message":"Data item not defined for this template.","meta":{"rootId":"7qwxm0j69zq2yv4","id":"7qwxm0j69zq2yv4"},"id":"mbu0y5dk0ve7mvr","previousOperationId":"3811cesltucz35p"}
{"type":"log","timestamp":1674745456638,"level":"debug","message":"Executing script testing (beforeRender)","meta":{"rootId":"7qwxm0j69zq2yv4","id":"7qwxm0j69zq2yv4"},"id":"eypec31q83w3kgd","previousOperationId":"3811cesltucz35p"}
{"type":"operationStart","subtype":"scriptsBeforeRender","name":"scripts beforeRender","timestamp":1674745457041,"id":"tn06maf0t9q12o5","previousEventId":"hmadfjc832x4dw9","operationId":"jyft1snupdgv59u","previousOperationId":"3811cesltucz35p"}
{"type":"operationStart","subtype":"script","name":"scripts testing","previousOperationId":"jyft1snupdgv59u","timestamp":1674745457041,"id":"g2m4ehsaull2w6u","previousEventId":"tn06maf0t9q12o5","operationId":"3nfq2kvoyt7dujs"}
{"type":"operationEnd","operationId":"3nfq2kvoyt7dujs","timestamp":1674745458625,"id":"odwgp1opku22eff","previousEventId":"hmadfjc832x4dw9","previousOperationId":"3811cesltucz35p"}
{"type":"operationEnd","operationId":"jyft1snupdgv59u","timestamp":1674745458625,"id":"vl4cmrfq8mklq7w","previousEventId":"odwgp1opku22eff","previousOperationId":"3811cesltucz35p"}
{"type":"log","timestamp":1674745458625,"level":"debug","message":"Base url not specified, skipping its injection.","meta":{"rootId":"7qwxm0j69zq2yv4","id":"7qwxm0j69zq2yv4"},"id":"uaxnj5ykqg3l8ws","previousOperationId":"jyft1snupdgv59u"}
{"type":"operationStart","subtype":"engine","name":"handlebars","timestamp":1674745458626,"id":"9tkriuyda84zb1s","previousEventId":"vl4cmrfq8mklq7w","operationId":"rsgrbp9coct35vo","previousOperationId":"jyft1snupdgv59u"}
{"type":"log","timestamp":1674745458626,"level":"debug","message":"Rendering engine handlebars","meta":{"rootId":"7qwxm0j69zq2yv4","id":"7qwxm0j69zq2yv4"},"id":"46jqhik054airec","previousOperationId":"rsgrbp9coct35vo"}
{"type":"operationEnd","operationId":"rsgrbp9coct35vo","timestamp":1674745458966,"id":"156yhxm940ir8u4","previousEventId":"9tkriuyda84zb1s","previousOperationId":"rsgrbp9coct35vo"}
{"type":"operationStart","subtype":"recipe","name":"chrome-pdf","timestamp":1674745458967,"id":"uni9ve54sdm530h","previousEventId":"156yhxm940ir8u4","operationId":"gumi95aaysmnco5","previousOperationId":"rsgrbp9coct35vo"}
{"type":"log","timestamp":1674745458967,"level":"debug","message":"Executing recipe chrome-pdf","meta":{"rootId":"7qwxm0j69zq2yv4","id":"7qwxm0j69zq2yv4"},"id":"83h9h3y60gx9hsb","previousOperationId":"gumi95aaysmnco5"}
{"type":"log","timestamp":1674745459651,"level":"debug","message":"Converting with chrome HeadlessChrome/105.0.5173.0 using chrome-pool strategy","meta":{"rootId":"7qwxm0j69zq2yv4","id":"7qwxm0j69zq2yv4"},"id":"u1jmxru4ugdss3h","previousOperationId":"gumi95aaysmnco5"}
{"type":"log","timestamp":1674745459845,"level":"debug","message":"Page request: GET (document) file:///C:/Users/Johan/AppData/Local/Temp/jsreport/autocleanup/d40b1a18-b33e-4ea8-bf6f-211f6bdec55a-chrome-pdf.html","meta":{"rootId":"7qwxm0j69zq2yv4","id":"7qwxm0j69zq2yv4"},"id":"tcv5ve257tiba0g","previousOperationId":"gumi95aaysmnco5"}
{"type":"log","timestamp":1674745459877,"level":"debug","message":"Page request: GET (stylesheet) https://cdnjs.cloudflare.com/ajax/libs/metro/4.1.5/css/metro.min.css","meta":{"rootId":"7qwxm0j69zq2yv4","id":"7qwxm0j69zq2yv4"},"id":"iasgrdi8zud42wf","previousOperationId":"gumi95aaysmnco5"}
{"type":"log","timestamp":1674745459878,"level":"debug","message":"Page request: GET (script) https://cdnjs.cloudflare.com/ajax/libs/Chart.js/2.7.2/Chart.min.js","meta":{"rootId":"7qwxm0j69zq2yv4","id":"7qwxm0j69zq2yv4"},"id":"xjkvug6lf7sukge","previousOperationId":"gumi95aaysmnco5"}
{"type":"log","timestamp":1674745459878,"level":"debug","message":"Page request: GET (stylesheet) https://cdnjs.cloudflare.com/ajax/libs/chartist/0.11.0/chartist.min.css","meta":{"rootId":"7qwxm0j69zq2yv4","id":"7qwxm0j69zq2yv4"},"id":"utl8izz1ynku5v1","previousOperationId":"gumi95aaysmnco5"}
{"type":"log","timestamp":1674745459880,"level":"debug","message":"Page request finished: GET (document) 200 file:///C:/Users/Johan/AppData/Local/Temp/jsreport/autocleanup/d40b1a18-b33e-4ea8-bf6f-211f6bdec55a-chrome-pdf.html","meta":{"rootId":"7qwxm0j69zq2yv4","id":"7qwxm0j69zq2yv4"},"id":"821fw4twupqhjh4","previousOperationId":"gumi95aaysmnco5"}
{"type":"log","timestamp":1674745459881,"level":"debug","message":"Page request: GET (script) https://cdnjs.cloudflare.com/ajax/libs/chartist/0.11.0/chartist.min.js","meta":{"rootId":"7qwxm0j69zq2yv4","id":"7qwxm0j69zq2yv4"},"id":"xq4e8ql8iwlqchu","previousOperationId":"gumi95aaysmnco5"}
{"type":"log","timestamp":1674745459882,"level":"debug","message":"Page request: GET (script) https://unpkg.com/chartist-plugin-tooltips@0.0.17","meta":{"rootId":"7qwxm0j69zq2yv4","id":"7qwxm0j69zq2yv4"},"id":"0ymh9p809oqyrko","previousOperationId":"gumi95aaysmnco5"}
{"type":"log","timestamp":1674745459883,"level":"debug","message":"Page request: GET (script) https://unpkg.com/chartist-plugin-pointlabels@0.0.6","meta":{"rootId":"7qwxm0j69zq2yv4","id":"7qwxm0j69zq2yv4"},"id":"wmsezy5aelb4z2i","previousOperationId":"gumi95aaysmnco5"}
{"type":"log","timestamp":1674745459883,"level":"debug","message":"Page request: GET (script) http://code.jquery.com/jquery-1.11.0.min.js","meta":{"rootId":"7qwxm0j69zq2yv4","id":"7qwxm0j69zq2yv4"},"id":"jy4mqhm1pjxr26n","previousOperationId":"gumi95aaysmnco5"}
{"type":"log","timestamp":1674745459883,"level":"debug","message":"Page request: GET (script) http://cdnjs.cloudflare.com/ajax/libs/flot/0.8.1/jquery.flot.min.js","meta":{"rootId":"7qwxm0j69zq2yv4","id":"7qwxm0j69zq2yv4"},"id":"vitu6k83r71fkip","previousOperationId":"gumi95aaysmnco5"}
{"type":"log","timestamp":1674745459883,"level":"debug","message":"Page request: GET (script) https://cdn.jsdelivr.net/npm/chart.js@2.9.3/dist/Chart.min.js","meta":{"rootId":"7qwxm0j69zq2yv4","id":"7qwxm0j69zq2yv4"},"id":"tk3y4x9jx7kcd9s","previousOperationId":"gumi95aaysmnco5"}
{"type":"log","timestamp":1674745462327,"level":"debug","message":"Page request finished: GET (script) 200 http://code.jquery.com/jquery-1.11.0.min.js","meta":{"rootId":"7qwxm0j69zq2yv4","id":"7qwxm0j69zq2yv4"},"id":"7s3zghavaru7aso","previousOperationId":"gumi95aaysmnco5"}
{"type":"log","timestamp":1674745462391,"level":"debug","message":"Page request finished: GET (stylesheet) 200 https://cdnjs.cloudflare.com/ajax/libs/chartist/0.11.0/chartist.min.css","meta":{"rootId":"7qwxm0j69zq2yv4","id":"7qwxm0j69zq2yv4"},"id":"mp9gsbosjd426kn","previousOperationId":"gumi95aaysmnco5"}
{"type":"log","timestamp":1674745462394,"level":"warn","message":"Page request failed: GET (script) 302 https://unpkg.com/chartist-plugin-tooltips@0.0.17 (redirect to: /chartist-plugin-tooltips@0.0.17/dist/chartist-plugin-tooltip.js)","meta":{"rootId":"7qwxm0j69zq2yv4","id":"7qwxm0j69zq2yv4"},"id":"hgvj7x8fwkf4tgk","previousOperationId":"gumi95aaysmnco5"}
{"type":"log","timestamp":1674745462394,"level":"debug","message":"Page request: GET (script) https://unpkg.com/chartist-plugin-tooltips@0.0.17/dist/chartist-plugin-tooltip.js (redirect from: https://unpkg.com/chartist-plugin-tooltips@0.0.17)","meta":{"rootId":"7qwxm0j69zq2yv4","id":"7qwxm0j69zq2yv4"},"id":"4y5sjv5czx5r8zr","previousOperationId":"gumi95aaysmnco5"}
{"type":"log","timestamp":1674745462408,"level":"warn","message":"Page request failed: GET (script) 302 https://unpkg.com/chartist-plugin-pointlabels@0.0.6 (redirect to: /chartist-plugin-pointlabels@0.0.6/dist/chartist-plugin-pointlabels.js)","meta":{"rootId":"7qwxm0j69zq2yv4","id":"7qwxm0j69zq2yv4"},"id":"ver364o9rlw1fbp","previousOperationId":"gumi95aaysmnco5"}
{"type":"log","timestamp":1674745462408,"level":"debug","message":"Page request: GET (script) https://unpkg.com/chartist-plugin-pointlabels@0.0.6/dist/chartist-plugin-pointlabels.js (redirect from: https://unpkg.com/chartist-plugin-pointlabels@0.0.6)","meta":{"rootId":"7qwxm0j69zq2yv4","id":"7qwxm0j69zq2yv4"},"id":"9eyrh5pejl6j5gz","previousOperationId":"gumi95aaysmnco5"}
{"type":"log","timestamp":1674745462409,"level":"debug","message":"Page request finished: GET (script) 200 https://cdnjs.cloudflare.com/ajax/libs/Chart.js/2.7.2/Chart.min.js","meta":{"rootId":"7qwxm0j69zq2yv4","id":"7qwxm0j69zq2yv4"},"id":"mquzxkh9zdo067m","previousOperationId":"gumi95aaysmnco5"}
{"type":"log","timestamp":1674745462429,"level":"debug","message":"Page request finished: GET (script) 200 https://cdnjs.cloudflare.com/ajax/libs/chartist/0.11.0/chartist.min.js","meta":{"rootId":"7qwxm0j69zq2yv4","id":"7qwxm0j69zq2yv4"},"id":"8u39d8ogw34403z","previousOperationId":"gumi95aaysmnco5"}
{"type":"log","timestamp":1674745462430,"level":"debug","message":"Page request finished: GET (script) 200 https://cdn.jsdelivr.net/npm/chart.js@2.9.3/dist/Chart.min.js","meta":{"rootId":"7qwxm0j69zq2yv4","id":"7qwxm0j69zq2yv4"},"id":"hi7gl9pt1e8bujy","previousOperationId":"gumi95aaysmnco5"}
{"type":"log","timestamp":1674745462462,"level":"debug","message":"Page request finished: GET (stylesheet) 200 https://cdnjs.cloudflare.com/ajax/libs/metro/4.1.5/css/metro.min.css","meta":{"rootId":"7qwxm0j69zq2yv4","id":"7qwxm0j69zq2yv4"},"id":"52i7xdfkny05yg2","previousOperationId":"gumi95aaysmnco5"}
{"type":"log","timestamp":1674745462478,"level":"debug","message":"Page request finished: GET (script) 200 https://unpkg.com/chartist-plugin-tooltips@0.0.17/dist/chartist-plugin-tooltip.js","meta":{"rootId":"7qwxm0j69zq2yv4","id":"7qwxm0j69zq2yv4"},"id":"mdqmdh0bo4v63as","previousOperationId":"gumi95aaysmnco5"}
{"type":"log","timestamp":1674745462485,"level":"debug","message":"Page request finished: GET (script) 200 https://unpkg.com/chartist-plugin-pointlabels@0.0.6/dist/chartist-plugin-pointlabels.js","meta":{"rootId":"7qwxm0j69zq2yv4","id":"7qwxm0j69zq2yv4"},"id":"g8gi6hsmtjsljji","previousOperationId":"gumi95aaysmnco5"}
{"type":"log","timestamp":1674745462685,"level":"debug","message":"Page request finished: GET (script) 200 http://cdnjs.cloudflare.com/ajax/libs/flot/0.8.1/jquery.flot.min.js","meta":{"rootId":"7qwxm0j69zq2yv4","id":"7qwxm0j69zq2yv4"},"id":"bbt6hkxed80tkhm","previousOperationId":"gumi95aaysmnco5"}
{"type":"log","timestamp":1674745462693,"level":"warn","message":"Page error: SyntaxError: Unexpected token ','","meta":{"rootId":"7qwxm0j69zq2yv4","id":"7qwxm0j69zq2yv4"},"id":"2uyeebtbnsbgqgz","previousOperationId":"gumi95aaysmnco5"}
{"type":"log","timestamp":1674745462730,"level":"debug","message":"Running chrome with params {\"printBackground\":true,\"timeout\":57499,\"margin\":{}}","meta":{"rootId":"7qwxm0j69zq2yv4","id":"7qwxm0j69zq2yv4"},"id":"6t6rft8812swpxy","previousOperationId":"gumi95aaysmnco5"}
{"type":"operationEnd","operationId":"gumi95aaysmnco5","timestamp":1674745462855,"id":"ca7dg2c2r3aj2be","previousEventId":"uni9ve54sdm530h","previousOperationId":"gumi95aaysmnco5"}
{"type":"log","timestamp":1674745462856,"level":"debug","message":"Executing script testing (afterRender)","meta":{"rootId":"7qwxm0j69zq2yv4","id":"7qwxm0j69zq2yv4"},"id":"z3vtv1272ao2zi9","previousOperationId":"gumi95aaysmnco5"}
{"type":"operationStart","subtype":"scriptsAfterRender","name":"scripts afterRender","timestamp":1674745462866,"id":"1chcct8krgfk0ho","previousEventId":"ca7dg2c2r3aj2be","operationId":"ewczrhpn4mabh9o","previousOperationId":"gumi95aaysmnco5"}
{"type":"operationStart","subtype":"script","name":"scripts testing","previousOperationId":"ewczrhpn4mabh9o","timestamp":1674745462866,"id":"uuxhwj5jz5gff39","previousEventId":"1chcct8krgfk0ho","operationId":"0mj906phijbureh"}
{"type":"log","timestamp":1674745463089,"level":"debug","message":"(console:log) [ '58', '2', '59' ]","meta":{"userLevel":true,"rootId":"7qwxm0j69zq2yv4","id":"7qwxm0j69zq2yv4"},"id":"u9uzm5kdagfjsnw","previousOperationId":"0mj906phijbureh"}
{"type":"log","timestamp":1674745463089,"level":"debug","message":"(console:log) [ '2', '3', '1' ]","meta":{"userLevel":true,"rootId":"7qwxm0j69zq2yv4","id":"7qwxm0j69zq2yv4"},"id":"jok2n6kq8qofevz","previousOperationId":"0mj906phijbureh"}
{"type":"operationEnd","operationId":"0mj906phijbureh","timestamp":1674745464252,"id":"lho7i0w99qhhngt","previousEventId":"ca7dg2c2r3aj2be","previousOperationId":"gumi95aaysmnco5"}
{"type":"operationEnd","operationId":"ewczrhpn4mabh9o","timestamp":1674745464252,"id":"9hdb6oyycra0vv1","previousEventId":"lho7i0w99qhhngt","previousOperationId":"gumi95aaysmnco5"}
{"type":"log","timestamp":1674745464252,"level":"debug","message":"Skipping storing report.","meta":{"rootId":"7qwxm0j69zq2yv4","id":"7qwxm0j69zq2yv4"},"id":"9nylo6wtgftnjhi","previousOperationId":"ewczrhpn4mabh9o"}
{"type":"log","timestamp":1674745464252,"level":"info","message":"Rendering request 1 finished in 7657 ms","meta":{"rootId":"7qwxm0j69zq2yv4","id":"7qwxm0j69zq2yv4"},"id":"an2i82548h8pyo0","previousOperationId":"ewczrhpn4mabh9o"}
{"type":"operationEnd","subtype":"render","operationId":"3811cesltucz35p","timestamp":1674745464252,"id":"nruirbgs4zxfy4m","previousEventId":"9hdb6oyycra0vv1","previousOperationId":"ewczrhpn4mabh9o"}
{"type":"operationEnd","doDiffs":false,"previousEventId":"s3g6qxmp0816bpn","previousOperationId":"sqfh753kjvuvaml","operationId":"sqfh753kjvuvaml","timestamp":1674745464256,"id":"8gp3ysll6wawe45"}
