{"type":"operationStart","subtype":"profile","data":{"_id":"esl6mcMgl9WFh3Wa","timestamp":"2023-01-26T17:23:40.027Z","state":"queued","mode":"standard","creationDate":"2023-01-26T17:23:40.029Z","modificationDate":"2023-01-26T17:23:40.029Z","shortid":"ReArEnO","$entitySet":"profiles"},"doDiffs":false,"timestamp":1674753820029,"id":"ozcx7nt7q8cmpn3","previousOperationId":null,"operationId":"i3pj709avwox0vu"}
{"type":"log","level":"info","message":"Render request 31 queued for execution and waiting for available worker","previousOperationId":"i3pj709avwox0vu","timestamp":1674753820029,"id":"lc24qg34edg7jz6"}
{"type":"operationStart","subtype":"render","name":"Data","previousOperationId":"i3pj709avwox0vu","timestamp":1674753820042,"id":"1xt86h3d1ny7fqt","previousEventId":"ozcx7nt7q8cmpn3","operationId":"glkoj4hbd4wu0ge"}
{"type":"log","timestamp":1674753820042,"level":"info","message":"Starting rendering request 31","meta":{"rootId":"7zxop2jz7hgq47v","id":"7zxop2jz7hgq47v"},"id":"ps39aw7x4k28rjd","previousOperationId":"glkoj4hbd4wu0ge"}
{"type":"log","timestamp":1674753820043,"level":"info","message":"Rendering template { name: Data, recipe: chrome-pdf, engine: handlebars, preview: true }","meta":{"rootId":"7zxop2jz7hgq47v","id":"7zxop2jz7hgq47v"},"id":"9n54tvno5pyop7d","previousOperationId":"glkoj4hbd4wu0ge"}
{"type":"log","timestamp":1674753820044,"level":"debug","message":"Data item not defined for this template.","meta":{"rootId":"7zxop2jz7hgq47v","id":"7zxop2jz7hgq47v"},"id":"ieynvreem6zht0n","previousOperationId":"glkoj4hbd4wu0ge"}
{"type":"log","timestamp":1674753820047,"level":"debug","message":"Executing script testing (beforeRender)","meta":{"rootId":"7zxop2jz7hgq47v","id":"7zxop2jz7hgq47v"},"id":"5r87hlmmi04n9lp","previousOperationId":"glkoj4hbd4wu0ge"}
{"type":"operationStart","subtype":"scriptsBeforeRender","name":"scripts beforeRender","timestamp":1674753820119,"id":"6xfsiq79apygk8m","previousEventId":"1xt86h3d1ny7fqt","operationId":"em34qtqbpxa6fth","previousOperationId":"glkoj4hbd4wu0ge"}
{"type":"operationStart","subtype":"script","name":"scripts testing","previousOperationId":"em34qtqbpxa6fth","timestamp":1674753820119,"id":"0ikemz2rvdceiuz","previousEventId":"6xfsiq79apygk8m","operationId":"10uy5ayn4yys65y"}
{"type":"log","timestamp":1674753820349,"level":"debug","message":"(console:log) {\n  locationName: [ 'Las Palmas de Gran Canaria', 'Galdar', 'Teror' ],\n  repetition: [ '2', '1', '3' ]\n}","meta":{"userLevel":true,"rootId":"7zxop2jz7hgq47v","id":"7zxop2jz7hgq47v"},"id":"lxdl0pp9mtfj6j5","previousOperationId":"10uy5ayn4yys65y"}
{"type":"log","timestamp":1674753820349,"level":"debug","message":"(console:log) [ 'Las Palmas de Gran Canaria', 'Galdar', 'Teror' ]","meta":{"userLevel":true,"rootId":"7zxop2jz7hgq47v","id":"7zxop2jz7hgq47v"},"id":"p1452ae8cx1nbef","previousOperationId":"10uy5ayn4yys65y"}
{"type":"log","timestamp":1674753820349,"level":"debug","message":"(console:log) [ '2', '1', '3' ]","meta":{"userLevel":true,"rootId":"7zxop2jz7hgq47v","id":"7zxop2jz7hgq47v"},"id":"jh0akoepshbl4ot","previousOperationId":"10uy5ayn4yys65y"}
{"type":"operationEnd","operationId":"10uy5ayn4yys65y","timestamp":1674753820763,"id":"jq7hc6zpmkc885v","previousEventId":"1xt86h3d1ny7fqt","previousOperationId":"glkoj4hbd4wu0ge"}
{"type":"operationEnd","operationId":"em34qtqbpxa6fth","timestamp":1674753820763,"id":"rcghnwqt8k0z7vb","previousEventId":"jq7hc6zpmkc885v","previousOperationId":"glkoj4hbd4wu0ge"}
{"type":"log","timestamp":1674753820763,"level":"debug","message":"Base url not specified, skipping its injection.","meta":{"rootId":"7zxop2jz7hgq47v","id":"7zxop2jz7hgq47v"},"id":"gnc363bt89gqb2u","previousOperationId":"em34qtqbpxa6fth"}
{"type":"operationStart","subtype":"engine","name":"handlebars","timestamp":1674753820763,"id":"e2ljkhox87af3o6","previousEventId":"rcghnwqt8k0z7vb","operationId":"tsqyru6fxcglyk1","previousOperationId":"em34qtqbpxa6fth"}
{"type":"log","timestamp":1674753820763,"level":"debug","message":"Rendering engine handlebars","meta":{"rootId":"7zxop2jz7hgq47v","id":"7zxop2jz7hgq47v"},"id":"5wzinwwam38fry1","previousOperationId":"tsqyru6fxcglyk1"}
{"type":"operationEnd","operationId":"tsqyru6fxcglyk1","timestamp":1674753820781,"id":"8ru79q4oxqsmqce","previousEventId":"e2ljkhox87af3o6","previousOperationId":"tsqyru6fxcglyk1"}
{"type":"operationStart","subtype":"recipe","name":"chrome-pdf","timestamp":1674753820782,"id":"ubtdq49uff4okus","previousEventId":"8ru79q4oxqsmqce","operationId":"u6bsenjtqivkdo8","previousOperationId":"tsqyru6fxcglyk1"}
{"type":"log","timestamp":1674753820782,"level":"debug","message":"Executing recipe chrome-pdf","meta":{"rootId":"7zxop2jz7hgq47v","id":"7zxop2jz7hgq47v"},"id":"vj2pb97q15umw5e","previousOperationId":"u6bsenjtqivkdo8"}
{"type":"log","timestamp":1674753820787,"level":"debug","message":"Converting with chrome HeadlessChrome/105.0.5173.0 using chrome-pool strategy","meta":{"rootId":"7zxop2jz7hgq47v","id":"7zxop2jz7hgq47v"},"id":"12t92rsz2n5bic5","previousOperationId":"u6bsenjtqivkdo8"}
{"type":"log","timestamp":1674753820902,"level":"debug","message":"Page request: GET (document) file:///C:/Users/Johan/AppData/Local/Temp/jsreport/autocleanup/20ae4b7a-cff4-49dd-881f-32c09ea92e52-chrome-pdf.html","meta":{"rootId":"7zxop2jz7hgq47v","id":"7zxop2jz7hgq47v"},"id":"tn1m4ooaapefj57","previousOperationId":"u6bsenjtqivkdo8"}
{"type":"log","timestamp":1674753820925,"level":"debug","message":"Page request: GET (stylesheet) https://cdnjs.cloudflare.com/ajax/libs/metro/4.1.5/css/metro.min.css","meta":{"rootId":"7zxop2jz7hgq47v","id":"7zxop2jz7hgq47v"},"id":"td2iijt7yttf47o","previousOperationId":"u6bsenjtqivkdo8"}
{"type":"log","timestamp":1674753820926,"level":"debug","message":"Page request finished: GET (document) 200 file:///C:/Users/Johan/AppData/Local/Temp/jsreport/autocleanup/20ae4b7a-cff4-49dd-881f-32c09ea92e52-chrome-pdf.html","meta":{"rootId":"7zxop2jz7hgq47v","id":"7zxop2jz7hgq47v"},"id":"9il4x3rmmebu80g","previousOperationId":"u6bsenjtqivkdo8"}
{"type":"log","timestamp":1674753820927,"level":"debug","message":"Page request: GET (stylesheet) https://cdnjs.cloudflare.com/ajax/libs/chartist/0.11.0/chartist.min.css","meta":{"rootId":"7zxop2jz7hgq47v","id":"7zxop2jz7hgq47v"},"id":"5oii6bgkd17ic54","previousOperationId":"u6bsenjtqivkdo8"}
{"type":"log","timestamp":1674753820927,"level":"debug","message":"Page request: GET (script) https://cdnjs.cloudflare.com/ajax/libs/chartist/0.11.0/chartist.min.js","meta":{"rootId":"7zxop2jz7hgq47v","id":"7zxop2jz7hgq47v"},"id":"umnxyp25due5my9","previousOperationId":"u6bsenjtqivkdo8"}
{"type":"log","timestamp":1674753820928,"level":"debug","message":"Page request: GET (script) https://unpkg.com/chartist-plugin-tooltips@0.0.17","meta":{"rootId":"7zxop2jz7hgq47v","id":"7zxop2jz7hgq47v"},"id":"der5mo4n2ldmvw0","previousOperationId":"u6bsenjtqivkdo8"}
{"type":"log","timestamp":1674753820929,"level":"debug","message":"Page request: GET (script) https://unpkg.com/chartist-plugin-pointlabels@0.0.6","meta":{"rootId":"7zxop2jz7hgq47v","id":"7zxop2jz7hgq47v"},"id":"x6am7pa5wt0ej39","previousOperationId":"u6bsenjtqivkdo8"}
{"type":"log","timestamp":1674753820942,"level":"debug","message":"Page request finished: GET (stylesheet) 200 https://cdnjs.cloudflare.com/ajax/libs/chartist/0.11.0/chartist.min.css","meta":{"rootId":"7zxop2jz7hgq47v","id":"7zxop2jz7hgq47v"},"id":"fnm2exqk8bnnnew","previousOperationId":"u6bsenjtqivkdo8"}
{"type":"log","timestamp":1674753820943,"level":"warn","message":"Page request failed: GET (script) 302 https://unpkg.com/chartist-plugin-tooltips@0.0.17 (redirect to: /chartist-plugin-tooltips@0.0.17/dist/chartist-plugin-tooltip.js)","meta":{"rootId":"7zxop2jz7hgq47v","id":"7zxop2jz7hgq47v"},"id":"adxucxu1iuf0pn3","previousOperationId":"u6bsenjtqivkdo8"}
{"type":"log","timestamp":1674753820944,"level":"debug","message":"Page request: GET (script) https://unpkg.com/chartist-plugin-tooltips@0.0.17/dist/chartist-plugin-tooltip.js (redirect from: https://unpkg.com/chartist-plugin-tooltips@0.0.17)","meta":{"rootId":"7zxop2jz7hgq47v","id":"7zxop2jz7hgq47v"},"id":"c20yiiibquz4dl7","previousOperationId":"u6bsenjtqivkdo8"}
{"type":"log","timestamp":1674753820946,"level":"warn","message":"Page request failed: GET (script) 302 https://unpkg.com/chartist-plugin-pointlabels@0.0.6 (redirect to: /chartist-plugin-pointlabels@0.0.6/dist/chartist-plugin-pointlabels.js)","meta":{"rootId":"7zxop2jz7hgq47v","id":"7zxop2jz7hgq47v"},"id":"huvrmtl3upc2q3n","previousOperationId":"u6bsenjtqivkdo8"}
{"type":"log","timestamp":1674753820946,"level":"debug","message":"Page request: GET (script) https://unpkg.com/chartist-plugin-pointlabels@0.0.6/dist/chartist-plugin-pointlabels.js (redirect from: https://unpkg.com/chartist-plugin-pointlabels@0.0.6)","meta":{"rootId":"7zxop2jz7hgq47v","id":"7zxop2jz7hgq47v"},"id":"lv84tp741djt93f","previousOperationId":"u6bsenjtqivkdo8"}
{"type":"log","timestamp":1674753820946,"level":"debug","message":"Page request finished: GET (script) 200 https://cdnjs.cloudflare.com/ajax/libs/chartist/0.11.0/chartist.min.js","meta":{"rootId":"7zxop2jz7hgq47v","id":"7zxop2jz7hgq47v"},"id":"u1zjilygdsyykx5","previousOperationId":"u6bsenjtqivkdo8"}
{"type":"log","timestamp":1674753820964,"level":"debug","message":"Page request finished: GET (stylesheet) 200 https://cdnjs.cloudflare.com/ajax/libs/metro/4.1.5/css/metro.min.css","meta":{"rootId":"7zxop2jz7hgq47v","id":"7zxop2jz7hgq47v"},"id":"hq712sc9e8zx9np","previousOperationId":"u6bsenjtqivkdo8"}
{"type":"log","timestamp":1674753820966,"level":"debug","message":"Page request finished: GET (script) 200 https://unpkg.com/chartist-plugin-tooltips@0.0.17/dist/chartist-plugin-tooltip.js","meta":{"rootId":"7zxop2jz7hgq47v","id":"7zxop2jz7hgq47v"},"id":"ligxl6k43lz998i","previousOperationId":"u6bsenjtqivkdo8"}
{"type":"log","timestamp":1674753820966,"level":"debug","message":"Page request finished: GET (script) 200 https://unpkg.com/chartist-plugin-pointlabels@0.0.6/dist/chartist-plugin-pointlabels.js","meta":{"rootId":"7zxop2jz7hgq47v","id":"7zxop2jz7hgq47v"},"id":"pjhoy5ut2af6c9h","previousOperationId":"u6bsenjtqivkdo8"}
{"type":"log","timestamp":1674753820967,"level":"debug","message":"(console:log) Me he venido","meta":{"userLevel":true,"rootId":"7zxop2jz7hgq47v","id":"7zxop2jz7hgq47v"},"id":"287fgdya4krf203","previousOperationId":"u6bsenjtqivkdo8"}
{"type":"log","timestamp":1674753820967,"level":"debug","message":"(console:log) JSHandle@array","meta":{"userLevel":true,"rootId":"7zxop2jz7hgq47v","id":"7zxop2jz7hgq47v"},"id":"c4l03ze14spejdt","previousOperationId":"u6bsenjtqivkdo8"}
{"type":"log","timestamp":1674753821023,"level":"debug","message":"Running chrome with params {\"printBackground\":true,\"timeout\":59241,\"margin\":{}}","meta":{"rootId":"7zxop2jz7hgq47v","id":"7zxop2jz7hgq47v"},"id":"75k2h77w9lo507u","previousOperationId":"u6bsenjtqivkdo8"}
{"type":"operationEnd","operationId":"u6bsenjtqivkdo8","timestamp":1674753821195,"id":"w4h2ht0m04taw0p","previousEventId":"ubtdq49uff4okus","previousOperationId":"u6bsenjtqivkdo8"}
{"type":"log","timestamp":1674753821195,"level":"debug","message":"Executing script testing (afterRender)","meta":{"rootId":"7zxop2jz7hgq47v","id":"7zxop2jz7hgq47v"},"id":"xvp016onj0dfhkd","previousOperationId":"u6bsenjtqivkdo8"}
{"type":"operationStart","subtype":"scriptsAfterRender","name":"scripts afterRender","timestamp":1674753821205,"id":"ykkvbbpzesesqmv","previousEventId":"w4h2ht0m04taw0p","operationId":"j3cuf2lv78dl216","previousOperationId":"u6bsenjtqivkdo8"}
{"type":"operationStart","subtype":"script","name":"scripts testing","previousOperationId":"j3cuf2lv78dl216","timestamp":1674753821205,"id":"n1pp156cy4wptvi","previousEventId":"ykkvbbpzesesqmv","operationId":"ut5sfnpbmw2tl2p"}
{"type":"operationEnd","operationId":"ut5sfnpbmw2tl2p","timestamp":1674753822273,"id":"if51gojs5wn0jhd","previousEventId":"w4h2ht0m04taw0p","previousOperationId":"u6bsenjtqivkdo8"}
{"type":"operationEnd","operationId":"j3cuf2lv78dl216","timestamp":1674753822273,"id":"f3ngy1ioqqo6n8d","previousEventId":"if51gojs5wn0jhd","previousOperationId":"u6bsenjtqivkdo8"}
{"type":"log","timestamp":1674753822273,"level":"debug","message":"Skipping storing report.","meta":{"rootId":"7zxop2jz7hgq47v","id":"7zxop2jz7hgq47v"},"id":"8ujr0qgi000gc6e","previousOperationId":"j3cuf2lv78dl216"}
{"type":"log","timestamp":1674753822274,"level":"info","message":"Rendering request 31 finished in 2247 ms","meta":{"rootId":"7zxop2jz7hgq47v","id":"7zxop2jz7hgq47v"},"id":"kv77pg55iqvweml","previousOperationId":"j3cuf2lv78dl216"}
{"type":"operationEnd","subtype":"render","operationId":"glkoj4hbd4wu0ge","timestamp":1674753822274,"id":"yscs6y2xzqdgwsu","previousEventId":"f3ngy1ioqqo6n8d","previousOperationId":"j3cuf2lv78dl216"}
{"type":"operationEnd","doDiffs":false,"previousEventId":"ozcx7nt7q8cmpn3","previousOperationId":"i3pj709avwox0vu","operationId":"i3pj709avwox0vu","timestamp":1674753822278,"id":"knx77y0jagp6bhs"}
