{"type":"operationStart","subtype":"profile","data":{"_id":"e8aacHYlBA0LYSGm","timestamp":"2023-01-26T16:23:23.394Z","state":"queued","mode":"standard","creationDate":"2023-01-26T16:23:23.398Z","modificationDate":"2023-01-26T16:23:23.398Z","shortid":"eB1uD8z","$entitySet":"profiles"},"doDiffs":false,"timestamp":1674750203395,"id":"12oceza80mhcyko","previousOperationId":null,"operationId":"mq695mthqxdmiq8"}
{"type":"log","level":"info","message":"Render request 54 queued for execution and waiting for available worker","previousOperationId":"mq695mthqxdmiq8","timestamp":1674750203397,"id":"grznhuh9g3wqp9g"}
{"type":"operationStart","subtype":"render","name":"Data","previousOperationId":"mq695mthqxdmiq8","timestamp":1674750203410,"id":"77fxdf2jcxtfa5b","previousEventId":"12oceza80mhcyko","operationId":"hxtsa2kmigb3kn2"}
{"type":"log","timestamp":1674750203410,"level":"info","message":"Starting rendering request 54","meta":{"rootId":"86ro7u2jqjn645l","id":"86ro7u2jqjn645l"},"id":"kvgnbq7vfrf07m5","previousOperationId":"hxtsa2kmigb3kn2"}
{"type":"log","timestamp":1674750203411,"level":"info","message":"Rendering template { name: Data, recipe: chrome-pdf, engine: handlebars, preview: true }","meta":{"rootId":"86ro7u2jqjn645l","id":"86ro7u2jqjn645l"},"id":"qfbtrisa0jgbv0a","previousOperationId":"hxtsa2kmigb3kn2"}
{"type":"log","timestamp":1674750203413,"level":"debug","message":"Data item not defined for this template.","meta":{"rootId":"86ro7u2jqjn645l","id":"86ro7u2jqjn645l"},"id":"vrfa2yi9ij3shje","previousOperationId":"hxtsa2kmigb3kn2"}
{"type":"log","timestamp":1674750203416,"level":"debug","message":"Executing script testing (beforeRender)","meta":{"rootId":"86ro7u2jqjn645l","id":"86ro7u2jqjn645l"},"id":"hhrfy3fs7t8df7n","previousOperationId":"hxtsa2kmigb3kn2"}
{"type":"operationStart","subtype":"scriptsBeforeRender","name":"scripts beforeRender","timestamp":1674750203497,"id":"5sursa6dcykghyd","previousEventId":"77fxdf2jcxtfa5b","operationId":"mpaoiyeolw8jp1n","previousOperationId":"hxtsa2kmigb3kn2"}
{"type":"operationStart","subtype":"script","name":"scripts testing","previousOperationId":"mpaoiyeolw8jp1n","timestamp":1674750203497,"id":"pmwqrog6tbsxb9s","previousEventId":"5sursa6dcykghyd","operationId":"83rzgdt0wykmtkh"}
{"type":"log","timestamp":1674750203731,"level":"debug","message":"(console:log) {\n  location: [ 'Teror', 'Gáldar', 'Las Palmas de Gran Canaria' ],\n  repetition: [ '3', '1', '2' ]\n}","meta":{"userLevel":true,"rootId":"86ro7u2jqjn645l","id":"86ro7u2jqjn645l"},"id":"t6gtpu9bqaagg8e","previousOperationId":"83rzgdt0wykmtkh"}
{"type":"operationEnd","operationId":"83rzgdt0wykmtkh","timestamp":1674750204313,"id":"li7nl17gxfmegrs","previousEventId":"77fxdf2jcxtfa5b","previousOperationId":"hxtsa2kmigb3kn2"}
{"type":"operationEnd","operationId":"mpaoiyeolw8jp1n","timestamp":1674750204313,"id":"4qzg5vujjk2szoo","previousEventId":"li7nl17gxfmegrs","previousOperationId":"hxtsa2kmigb3kn2"}
{"type":"log","timestamp":1674750204313,"level":"debug","message":"Base url not specified, skipping its injection.","meta":{"rootId":"86ro7u2jqjn645l","id":"86ro7u2jqjn645l"},"id":"n42b5kl2fzskhoc","previousOperationId":"mpaoiyeolw8jp1n"}
{"type":"operationStart","subtype":"engine","name":"handlebars","timestamp":1674750204314,"id":"mowltq9jjyh0r7p","previousEventId":"4qzg5vujjk2szoo","operationId":"7vyirvad76c81i0","previousOperationId":"mpaoiyeolw8jp1n"}
{"type":"log","timestamp":1674750204314,"level":"debug","message":"Rendering engine handlebars","meta":{"rootId":"86ro7u2jqjn645l","id":"86ro7u2jqjn645l"},"id":"fnz96yt0x9ruvyd","previousOperationId":"7vyirvad76c81i0"}
{"type":"operationEnd","operationId":"7vyirvad76c81i0","timestamp":1674750204321,"id":"ee4ax7vn1p84f4c","previousEventId":"mowltq9jjyh0r7p","previousOperationId":"7vyirvad76c81i0"}
{"type":"operationStart","subtype":"recipe","name":"chrome-pdf","timestamp":1674750204321,"id":"139v6zh6w5xchn0","previousEventId":"ee4ax7vn1p84f4c","operationId":"b6pzz80ngg8e5l0","previousOperationId":"7vyirvad76c81i0"}
{"type":"log","timestamp":1674750204321,"level":"debug","message":"Executing recipe chrome-pdf","meta":{"rootId":"86ro7u2jqjn645l","id":"86ro7u2jqjn645l"},"id":"umfcjcletbzt61j","previousOperationId":"b6pzz80ngg8e5l0"}
{"type":"log","timestamp":1674750204323,"level":"debug","message":"Converting with chrome HeadlessChrome/105.0.5173.0 using chrome-pool strategy","meta":{"rootId":"86ro7u2jqjn645l","id":"86ro7u2jqjn645l"},"id":"kxerst1pdcn7ojv","previousOperationId":"b6pzz80ngg8e5l0"}
{"type":"log","timestamp":1674750204434,"level":"debug","message":"Page request: GET (document) file:///C:/Users/Johan/AppData/Local/Temp/jsreport/autocleanup/e25c0b61-455d-49d0-865d-280bd6b07084-chrome-pdf.html","meta":{"rootId":"86ro7u2jqjn645l","id":"86ro7u2jqjn645l"},"id":"4mnqr1ulbqwuzbn","previousOperationId":"b6pzz80ngg8e5l0"}
{"type":"log","timestamp":1674750204453,"level":"debug","message":"Page request: GET (stylesheet) https://cdnjs.cloudflare.com/ajax/libs/metro/4.1.5/css/metro.min.css","meta":{"rootId":"86ro7u2jqjn645l","id":"86ro7u2jqjn645l"},"id":"c3iaghkhc21drsa","previousOperationId":"b6pzz80ngg8e5l0"}
{"type":"log","timestamp":1674750204454,"level":"debug","message":"Page request: GET (stylesheet) https://cdnjs.cloudflare.com/ajax/libs/chartist/0.11.0/chartist.min.css","meta":{"rootId":"86ro7u2jqjn645l","id":"86ro7u2jqjn645l"},"id":"5kov8rng34kwkac","previousOperationId":"b6pzz80ngg8e5l0"}
{"type":"log","timestamp":1674750204454,"level":"debug","message":"Page request: GET (script) https://cdnjs.cloudflare.com/ajax/libs/chartist/0.11.0/chartist.min.js","meta":{"rootId":"86ro7u2jqjn645l","id":"86ro7u2jqjn645l"},"id":"josarstjwif244o","previousOperationId":"b6pzz80ngg8e5l0"}
{"type":"log","timestamp":1674750204454,"level":"debug","message":"Page request finished: GET (document) 200 file:///C:/Users/Johan/AppData/Local/Temp/jsreport/autocleanup/e25c0b61-455d-49d0-865d-280bd6b07084-chrome-pdf.html","meta":{"rootId":"86ro7u2jqjn645l","id":"86ro7u2jqjn645l"},"id":"d1oy7syc264m4bf","previousOperationId":"b6pzz80ngg8e5l0"}
{"type":"log","timestamp":1674750204454,"level":"debug","message":"Page request: GET (script) https://unpkg.com/chartist-plugin-tooltips@0.0.17","meta":{"rootId":"86ro7u2jqjn645l","id":"86ro7u2jqjn645l"},"id":"71yjn2s8c19griy","previousOperationId":"b6pzz80ngg8e5l0"}
{"type":"log","timestamp":1674750204454,"level":"debug","message":"Page request: GET (script) https://unpkg.com/chartist-plugin-pointlabels@0.0.6","meta":{"rootId":"86ro7u2jqjn645l","id":"86ro7u2jqjn645l"},"id":"4wmeozybacuwef5","previousOperationId":"b6pzz80ngg8e5l0"}
{"type":"log","timestamp":1674750204459,"level":"debug","message":"Page request finished: GET (stylesheet) 200 https://cdnjs.cloudflare.com/ajax/libs/chartist/0.11.0/chartist.min.css","meta":{"rootId":"86ro7u2jqjn645l","id":"86ro7u2jqjn645l"},"id":"j5wwgcb099mk0hn","previousOperationId":"b6pzz80ngg8e5l0"}
{"type":"log","timestamp":1674750204461,"level":"warn","message":"Page request failed: GET (script) 302 https://unpkg.com/chartist-plugin-tooltips@0.0.17 (redirect to: /chartist-plugin-tooltips@0.0.17/dist/chartist-plugin-tooltip.js)","meta":{"rootId":"86ro7u2jqjn645l","id":"86ro7u2jqjn645l"},"id":"xcyckkqbjdwy7k7","previousOperationId":"b6pzz80ngg8e5l0"}
{"type":"log","timestamp":1674750204461,"level":"debug","message":"Page request: GET (script) https://unpkg.com/chartist-plugin-tooltips@0.0.17/dist/chartist-plugin-tooltip.js (redirect from: https://unpkg.com/chartist-plugin-tooltips@0.0.17)","meta":{"rootId":"86ro7u2jqjn645l","id":"86ro7u2jqjn645l"},"id":"aak10n0gwedlycj","previousOperationId":"b6pzz80ngg8e5l0"}
{"type":"log","timestamp":1674750204462,"level":"warn","message":"Page request failed: GET (script) 302 https://unpkg.com/chartist-plugin-pointlabels@0.0.6 (redirect to: /chartist-plugin-pointlabels@0.0.6/dist/chartist-plugin-pointlabels.js)","meta":{"rootId":"86ro7u2jqjn645l","id":"86ro7u2jqjn645l"},"id":"h6z4jeskmncku66","previousOperationId":"b6pzz80ngg8e5l0"}
{"type":"log","timestamp":1674750204462,"level":"debug","message":"Page request finished: GET (script) 200 https://cdnjs.cloudflare.com/ajax/libs/chartist/0.11.0/chartist.min.js","meta":{"rootId":"86ro7u2jqjn645l","id":"86ro7u2jqjn645l"},"id":"nremiuwogv3qq37","previousOperationId":"b6pzz80ngg8e5l0"}
{"type":"log","timestamp":1674750204462,"level":"debug","message":"Page request: GET (script) https://unpkg.com/chartist-plugin-pointlabels@0.0.6/dist/chartist-plugin-pointlabels.js (redirect from: https://unpkg.com/chartist-plugin-pointlabels@0.0.6)","meta":{"rootId":"86ro7u2jqjn645l","id":"86ro7u2jqjn645l"},"id":"gi2a191exsmverb","previousOperationId":"b6pzz80ngg8e5l0"}
{"type":"log","timestamp":1674750204476,"level":"debug","message":"Page request finished: GET (stylesheet) 200 https://cdnjs.cloudflare.com/ajax/libs/metro/4.1.5/css/metro.min.css","meta":{"rootId":"86ro7u2jqjn645l","id":"86ro7u2jqjn645l"},"id":"bfrj5wdbkyh5qj3","previousOperationId":"b6pzz80ngg8e5l0"}
{"type":"log","timestamp":1674750204478,"level":"debug","message":"Page request finished: GET (script) 200 https://unpkg.com/chartist-plugin-tooltips@0.0.17/dist/chartist-plugin-tooltip.js","meta":{"rootId":"86ro7u2jqjn645l","id":"86ro7u2jqjn645l"},"id":"jtme55uuoxaxm07","previousOperationId":"b6pzz80ngg8e5l0"}
{"type":"log","timestamp":1674750204479,"level":"debug","message":"Page request finished: GET (script) 200 https://unpkg.com/chartist-plugin-pointlabels@0.0.6/dist/chartist-plugin-pointlabels.js","meta":{"rootId":"86ro7u2jqjn645l","id":"86ro7u2jqjn645l"},"id":"4gzmxmdq5zqn3dc","previousOperationId":"b6pzz80ngg8e5l0"}
{"type":"log","timestamp":1674750204481,"level":"debug","message":"(console:log) Me he venido","meta":{"userLevel":true,"rootId":"86ro7u2jqjn645l","id":"86ro7u2jqjn645l"},"id":"9yyf84z49xauvzx","previousOperationId":"b6pzz80ngg8e5l0"}
{"type":"log","timestamp":1674750204551,"level":"debug","message":"Running chrome with params {\"printBackground\":true,\"timeout\":59072,\"margin\":{}}","meta":{"rootId":"86ro7u2jqjn645l","id":"86ro7u2jqjn645l"},"id":"nnxccdd106yswy8","previousOperationId":"b6pzz80ngg8e5l0"}
{"type":"operationEnd","operationId":"b6pzz80ngg8e5l0","timestamp":1674750204707,"id":"gi4nmorluj3ihsm","previousEventId":"139v6zh6w5xchn0","previousOperationId":"b6pzz80ngg8e5l0"}
{"type":"log","timestamp":1674750204708,"level":"debug","message":"Executing script testing (afterRender)","meta":{"rootId":"86ro7u2jqjn645l","id":"86ro7u2jqjn645l"},"id":"ijwu51fcbr9cwgj","previousOperationId":"b6pzz80ngg8e5l0"}
{"type":"operationStart","subtype":"scriptsAfterRender","name":"scripts afterRender","timestamp":1674750204717,"id":"8ooq6a99t9b5tfx","previousEventId":"gi4nmorluj3ihsm","operationId":"ha2o2vl9eakghdx","previousOperationId":"b6pzz80ngg8e5l0"}
{"type":"operationStart","subtype":"script","name":"scripts testing","previousOperationId":"ha2o2vl9eakghdx","timestamp":1674750204717,"id":"f7lbhbnn3vbphh1","previousEventId":"8ooq6a99t9b5tfx","operationId":"wqg0ecghlj7xzuu"}
{"type":"operationEnd","operationId":"wqg0ecghlj7xzuu","timestamp":1674750205913,"id":"vbjjq0ndpwn7r6y","previousEventId":"gi4nmorluj3ihsm","previousOperationId":"b6pzz80ngg8e5l0"}
{"type":"operationEnd","operationId":"ha2o2vl9eakghdx","timestamp":1674750205913,"id":"vrnp6sjuifslif7","previousEventId":"vbjjq0ndpwn7r6y","previousOperationId":"b6pzz80ngg8e5l0"}
{"type":"log","timestamp":1674750205913,"level":"debug","message":"Skipping storing report.","meta":{"rootId":"86ro7u2jqjn645l","id":"86ro7u2jqjn645l"},"id":"sd833zu2absvsto","previousOperationId":"ha2o2vl9eakghdx"}
{"type":"log","timestamp":1674750205913,"level":"info","message":"Rendering request 54 finished in 2519 ms","meta":{"rootId":"86ro7u2jqjn645l","id":"86ro7u2jqjn645l"},"id":"97r87jjlb3ik9ju","previousOperationId":"ha2o2vl9eakghdx"}
{"type":"operationEnd","subtype":"render","operationId":"hxtsa2kmigb3kn2","timestamp":1674750205914,"id":"3yks542pw4otzgi","previousEventId":"vrnp6sjuifslif7","previousOperationId":"ha2o2vl9eakghdx"}
{"type":"operationEnd","doDiffs":false,"previousEventId":"12oceza80mhcyko","previousOperationId":"mq695mthqxdmiq8","operationId":"mq695mthqxdmiq8","timestamp":1674750205917,"id":"4o4pecgdbppd4yk"}
