{"type":"operationStart","subtype":"profile","data":{"_id":"yztMFytnHLcg3YX3","timestamp":"2023-01-26T17:27:33.322Z","state":"queued","mode":"standard","creationDate":"2023-01-26T17:27:33.326Z","modificationDate":"2023-01-26T17:27:33.326Z","shortid":"M5Uvgo1","$entitySet":"profiles"},"doDiffs":false,"timestamp":1674754053324,"id":"7iqkvnge4v6rvf8","previousOperationId":null,"operationId":"bcwfgzzbkwhibsw"}
{"type":"log","level":"info","message":"Render request 40 queued for execution and waiting for available worker","previousOperationId":"bcwfgzzbkwhibsw","timestamp":1674754053325,"id":"trnfaun3gelcz1k"}
{"type":"operationStart","subtype":"render","name":"Data","previousOperationId":"bcwfgzzbkwhibsw","timestamp":1674754053334,"id":"bemhlxrc9dhw9mr","previousEventId":"7iqkvnge4v6rvf8","operationId":"oba5jd1uzrltdea"}
{"type":"log","timestamp":1674754053334,"level":"info","message":"Starting rendering request 40","meta":{"rootId":"87z339n9ed0ztdn","id":"87z339n9ed0ztdn"},"id":"x9unov7xzemqusk","previousOperationId":"oba5jd1uzrltdea"}
{"type":"log","timestamp":1674754053334,"level":"info","message":"Rendering template { name: Data, recipe: chrome-pdf, engine: handlebars, preview: true }","meta":{"rootId":"87z339n9ed0ztdn","id":"87z339n9ed0ztdn"},"id":"qfewtfw5lmbkzjq","previousOperationId":"oba5jd1uzrltdea"}
{"type":"log","timestamp":1674754053335,"level":"debug","message":"Data item not defined for this template.","meta":{"rootId":"87z339n9ed0ztdn","id":"87z339n9ed0ztdn"},"id":"o8hap42qxvnjndp","previousOperationId":"oba5jd1uzrltdea"}
{"type":"log","timestamp":1674754053336,"level":"debug","message":"Executing script testing (beforeRender)","meta":{"rootId":"87z339n9ed0ztdn","id":"87z339n9ed0ztdn"},"id":"5r9fx3uqfke1j7v","previousOperationId":"oba5jd1uzrltdea"}
{"type":"operationStart","subtype":"scriptsBeforeRender","name":"scripts beforeRender","timestamp":1674754053391,"id":"3jigabqld32czo7","previousEventId":"bemhlxrc9dhw9mr","operationId":"38umhn3lcadtbr1","previousOperationId":"oba5jd1uzrltdea"}
{"type":"operationStart","subtype":"script","name":"scripts testing","previousOperationId":"38umhn3lcadtbr1","timestamp":1674754053391,"id":"tq560d4akwblfr3","previousEventId":"3jigabqld32czo7","operationId":"s1chblhsnrvmgnd"}
{"type":"log","timestamp":1674754053618,"level":"debug","message":"(console:log) {\n  locationName: [ 'Las Palmas de Gran Canaria', 'Galdar', 'Teror' ],\n  repetition: [ '2', '1', '3' ]\n}","meta":{"userLevel":true,"rootId":"87z339n9ed0ztdn","id":"87z339n9ed0ztdn"},"id":"5hnrwugbcgu90r9","previousOperationId":"s1chblhsnrvmgnd"}
{"type":"log","timestamp":1674754053618,"level":"debug","message":"(console:log) [ 'Las Palmas de Gran Canaria', 'Galdar', 'Teror' ]","meta":{"userLevel":true,"rootId":"87z339n9ed0ztdn","id":"87z339n9ed0ztdn"},"id":"prxigjcyobc7dqt","previousOperationId":"s1chblhsnrvmgnd"}
{"type":"log","timestamp":1674754053618,"level":"debug","message":"(console:log) [ '2', '1', '3' ]","meta":{"userLevel":true,"rootId":"87z339n9ed0ztdn","id":"87z339n9ed0ztdn"},"id":"0xikmg9eojasely","previousOperationId":"s1chblhsnrvmgnd"}
{"type":"operationEnd","operationId":"s1chblhsnrvmgnd","timestamp":1674754053994,"id":"w6xiakztd9rfjw6","previousEventId":"bemhlxrc9dhw9mr","previousOperationId":"oba5jd1uzrltdea"}
{"type":"operationEnd","operationId":"38umhn3lcadtbr1","timestamp":1674754053994,"id":"x9q5j9cmx9a139x","previousEventId":"w6xiakztd9rfjw6","previousOperationId":"oba5jd1uzrltdea"}
{"type":"log","timestamp":1674754053994,"level":"debug","message":"Base url not specified, skipping its injection.","meta":{"rootId":"87z339n9ed0ztdn","id":"87z339n9ed0ztdn"},"id":"xkh64qw9ykd0u11","previousOperationId":"38umhn3lcadtbr1"}
{"type":"operationStart","subtype":"engine","name":"handlebars","timestamp":1674754053994,"id":"1i8to6f4ig3mft2","previousEventId":"x9q5j9cmx9a139x","operationId":"blno15fbclk17s9","previousOperationId":"38umhn3lcadtbr1"}
{"type":"log","timestamp":1674754053994,"level":"debug","message":"Rendering engine handlebars","meta":{"rootId":"87z339n9ed0ztdn","id":"87z339n9ed0ztdn"},"id":"s9dt5r45x1ckhnv","previousOperationId":"blno15fbclk17s9"}
{"type":"operationEnd","operationId":"blno15fbclk17s9","timestamp":1674754054012,"id":"p018c3j1lc6ctim","previousEventId":"1i8to6f4ig3mft2","previousOperationId":"blno15fbclk17s9"}
{"type":"operationStart","subtype":"recipe","name":"chrome-pdf","timestamp":1674754054013,"id":"usrcax5y8hadc8a","previousEventId":"p018c3j1lc6ctim","operationId":"0omxadia1pyiecd","previousOperationId":"blno15fbclk17s9"}
{"type":"log","timestamp":1674754054013,"level":"debug","message":"Executing recipe chrome-pdf","meta":{"rootId":"87z339n9ed0ztdn","id":"87z339n9ed0ztdn"},"id":"rwa9tfxhh4hc2kc","previousOperationId":"0omxadia1pyiecd"}
{"type":"log","timestamp":1674754054018,"level":"debug","message":"Converting with chrome HeadlessChrome/105.0.5173.0 using chrome-pool strategy","meta":{"rootId":"87z339n9ed0ztdn","id":"87z339n9ed0ztdn"},"id":"y5dt66sbbgfpu8y","previousOperationId":"0omxadia1pyiecd"}
{"type":"log","timestamp":1674754054102,"level":"debug","message":"Page request: GET (document) file:///C:/Users/Johan/AppData/Local/Temp/jsreport/autocleanup/0fff6022-bf0f-4e55-8551-c8a6bc8d4c72-chrome-pdf.html","meta":{"rootId":"87z339n9ed0ztdn","id":"87z339n9ed0ztdn"},"id":"y05aq8uwhdmzgqp","previousOperationId":"0omxadia1pyiecd"}
{"type":"log","timestamp":1674754054127,"level":"debug","message":"Page request: GET (stylesheet) https://cdnjs.cloudflare.com/ajax/libs/metro/4.1.5/css/metro.min.css","meta":{"rootId":"87z339n9ed0ztdn","id":"87z339n9ed0ztdn"},"id":"4gub6ofi6ei4mnb","previousOperationId":"0omxadia1pyiecd"}
{"type":"log","timestamp":1674754054128,"level":"debug","message":"Page request: GET (stylesheet) https://cdnjs.cloudflare.com/ajax/libs/chartist/0.11.0/chartist.min.css","meta":{"rootId":"87z339n9ed0ztdn","id":"87z339n9ed0ztdn"},"id":"8a65ardkk085zks","previousOperationId":"0omxadia1pyiecd"}
{"type":"log","timestamp":1674754054128,"level":"debug","message":"Page request: GET (script) https://cdnjs.cloudflare.com/ajax/libs/chartist/0.11.0/chartist.min.js","meta":{"rootId":"87z339n9ed0ztdn","id":"87z339n9ed0ztdn"},"id":"yf0whxuuevurjyc","previousOperationId":"0omxadia1pyiecd"}
{"type":"log","timestamp":1674754054130,"level":"debug","message":"Page request finished: GET (document) 200 file:///C:/Users/Johan/AppData/Local/Temp/jsreport/autocleanup/0fff6022-bf0f-4e55-8551-c8a6bc8d4c72-chrome-pdf.html","meta":{"rootId":"87z339n9ed0ztdn","id":"87z339n9ed0ztdn"},"id":"8w6ql84fihzgxrp","previousOperationId":"0omxadia1pyiecd"}
{"type":"log","timestamp":1674754054130,"level":"debug","message":"Page request: GET (script) https://unpkg.com/chartist-plugin-tooltips@0.0.17","meta":{"rootId":"87z339n9ed0ztdn","id":"87z339n9ed0ztdn"},"id":"5eghjpr0w3b2uso","previousOperationId":"0omxadia1pyiecd"}
{"type":"log","timestamp":1674754054131,"level":"debug","message":"Page request: GET (script) https://unpkg.com/chartist-plugin-pointlabels@0.0.6","meta":{"rootId":"87z339n9ed0ztdn","id":"87z339n9ed0ztdn"},"id":"scakeikaptj1nhb","previousOperationId":"0omxadia1pyiecd"}
{"type":"log","timestamp":1674754054137,"level":"debug","message":"Page request finished: GET (stylesheet) 200 https://cdnjs.cloudflare.com/ajax/libs/chartist/0.11.0/chartist.min.css","meta":{"rootId":"87z339n9ed0ztdn","id":"87z339n9ed0ztdn"},"id":"xnpcwsyhwwv4wew","previousOperationId":"0omxadia1pyiecd"}
{"type":"log","timestamp":1674754054138,"level":"warn","message":"Page request failed: GET (script) 302 https://unpkg.com/chartist-plugin-tooltips@0.0.17 (redirect to: /chartist-plugin-tooltips@0.0.17/dist/chartist-plugin-tooltip.js)","meta":{"rootId":"87z339n9ed0ztdn","id":"87z339n9ed0ztdn"},"id":"w7vhy05vxsv2f3s","previousOperationId":"0omxadia1pyiecd"}
{"type":"log","timestamp":1674754054139,"level":"debug","message":"Page request: GET (script) https://unpkg.com/chartist-plugin-tooltips@0.0.17/dist/chartist-plugin-tooltip.js (redirect from: https://unpkg.com/chartist-plugin-tooltips@0.0.17)","meta":{"rootId":"87z339n9ed0ztdn","id":"87z339n9ed0ztdn"},"id":"2m6zzx7eaofyg28","previousOperationId":"0omxadia1pyiecd"}
{"type":"log","timestamp":1674754054139,"level":"warn","message":"Page request failed: GET (script) 302 https://unpkg.com/chartist-plugin-pointlabels@0.0.6 (redirect to: /chartist-plugin-pointlabels@0.0.6/dist/chartist-plugin-pointlabels.js)","meta":{"rootId":"87z339n9ed0ztdn","id":"87z339n9ed0ztdn"},"id":"5gzoewi5gt1h0rg","previousOperationId":"0omxadia1pyiecd"}
{"type":"log","timestamp":1674754054139,"level":"debug","message":"Page request: GET (script) https://unpkg.com/chartist-plugin-pointlabels@0.0.6/dist/chartist-plugin-pointlabels.js (redirect from: https://unpkg.com/chartist-plugin-pointlabels@0.0.6)","meta":{"rootId":"87z339n9ed0ztdn","id":"87z339n9ed0ztdn"},"id":"zs1gnhlnwu51joq","previousOperationId":"0omxadia1pyiecd"}
{"type":"log","timestamp":1674754054153,"level":"debug","message":"Page request finished: GET (stylesheet) 200 https://cdnjs.cloudflare.com/ajax/libs/metro/4.1.5/css/metro.min.css","meta":{"rootId":"87z339n9ed0ztdn","id":"87z339n9ed0ztdn"},"id":"tcnupxvn5dcaulj","previousOperationId":"0omxadia1pyiecd"}
{"type":"log","timestamp":1674754054153,"level":"debug","message":"Page request finished: GET (script) 200 https://cdnjs.cloudflare.com/ajax/libs/chartist/0.11.0/chartist.min.js","meta":{"rootId":"87z339n9ed0ztdn","id":"87z339n9ed0ztdn"},"id":"neiklqitnfvtga7","previousOperationId":"0omxadia1pyiecd"}
{"type":"log","timestamp":1674754054155,"level":"debug","message":"Page request finished: GET (script) 200 https://unpkg.com/chartist-plugin-tooltips@0.0.17/dist/chartist-plugin-tooltip.js","meta":{"rootId":"87z339n9ed0ztdn","id":"87z339n9ed0ztdn"},"id":"epil7ok0k0n4vxa","previousOperationId":"0omxadia1pyiecd"}
{"type":"log","timestamp":1674754054155,"level":"debug","message":"Page request finished: GET (script) 200 https://unpkg.com/chartist-plugin-pointlabels@0.0.6/dist/chartist-plugin-pointlabels.js","meta":{"rootId":"87z339n9ed0ztdn","id":"87z339n9ed0ztdn"},"id":"jskn23tw34zt4tn","previousOperationId":"0omxadia1pyiecd"}
{"type":"log","timestamp":1674754054157,"level":"debug","message":"(console:log) Me he venido","meta":{"userLevel":true,"rootId":"87z339n9ed0ztdn","id":"87z339n9ed0ztdn"},"id":"rn8pmx29vupcno1","previousOperationId":"0omxadia1pyiecd"}
{"type":"log","timestamp":1674754054157,"level":"debug","message":"(console:log) 2","meta":{"userLevel":true,"rootId":"87z339n9ed0ztdn","id":"87z339n9ed0ztdn"},"id":"t7qrrhfqbg3ij98","previousOperationId":"0omxadia1pyiecd"}
{"type":"log","timestamp":1674754054193,"level":"warn","message":"Page error: TypeError: b.normalized.series[e].forEach is not a function\n    at f.<anonymous> (https://cdnjs.cloudflare.com/ajax/libs/chartist/0.11.0/chartist.min.js:9:2056)\n    at Array.forEach (<anonymous>)\n    at f.d [as createChart] (https://cdnjs.cloudflare.com/ajax/libs/chartist/0.11.0/chartist.min.js:9:1626)\n    at f.h (https://cdnjs.cloudflare.com/ajax/libs/chartist/0.11.0/chartist.min.js:8:15161)","meta":{"rootId":"87z339n9ed0ztdn","id":"87z339n9ed0ztdn"},"id":"k1x2fr7jsxqfur2","previousOperationId":"0omxadia1pyiecd"}
{"type":"log","timestamp":1674754054209,"level":"debug","message":"Running chrome with params {\"printBackground\":true,\"timeout\":59306,\"margin\":{}}","meta":{"rootId":"87z339n9ed0ztdn","id":"87z339n9ed0ztdn"},"id":"uh4lbwifxf2xm55","previousOperationId":"0omxadia1pyiecd"}
{"type":"operationEnd","operationId":"0omxadia1pyiecd","timestamp":1674754054360,"id":"fpxtr1clu7tyicx","previousEventId":"usrcax5y8hadc8a","previousOperationId":"0omxadia1pyiecd"}
{"type":"log","timestamp":1674754054361,"level":"debug","message":"Executing script testing (afterRender)","meta":{"rootId":"87z339n9ed0ztdn","id":"87z339n9ed0ztdn"},"id":"97hcce0hexr7d5c","previousOperationId":"0omxadia1pyiecd"}
{"type":"operationStart","subtype":"scriptsAfterRender","name":"scripts afterRender","timestamp":1674754054372,"id":"k8xw0ahcjd3geck","previousEventId":"fpxtr1clu7tyicx","operationId":"p5u26lcjazzcj7y","previousOperationId":"0omxadia1pyiecd"}
{"type":"operationStart","subtype":"script","name":"scripts testing","previousOperationId":"p5u26lcjazzcj7y","timestamp":1674754054372,"id":"2vhzlaspz24i6q5","previousEventId":"k8xw0ahcjd3geck","operationId":"dvakrcicqofu31p"}
{"type":"operationEnd","operationId":"dvakrcicqofu31p","timestamp":1674754056219,"id":"qzvmgcrfquorv38","previousEventId":"fpxtr1clu7tyicx","previousOperationId":"0omxadia1pyiecd"}
{"type":"operationEnd","operationId":"p5u26lcjazzcj7y","timestamp":1674754056219,"id":"e3346rlo557o4k6","previousEventId":"qzvmgcrfquorv38","previousOperationId":"0omxadia1pyiecd"}
{"type":"log","timestamp":1674754056219,"level":"debug","message":"Skipping storing report.","meta":{"rootId":"87z339n9ed0ztdn","id":"87z339n9ed0ztdn"},"id":"v5rd4kqqdzguxvv","previousOperationId":"p5u26lcjazzcj7y"}
{"type":"log","timestamp":1674754056219,"level":"info","message":"Rendering request 40 finished in 2897 ms","meta":{"rootId":"87z339n9ed0ztdn","id":"87z339n9ed0ztdn"},"id":"v3vlwls4ws83xkn","previousOperationId":"p5u26lcjazzcj7y"}
{"type":"operationEnd","subtype":"render","operationId":"oba5jd1uzrltdea","timestamp":1674754056219,"id":"ro2baexjezd8jlp","previousEventId":"e3346rlo557o4k6","previousOperationId":"p5u26lcjazzcj7y"}
{"type":"operationEnd","doDiffs":false,"previousEventId":"7iqkvnge4v6rvf8","previousOperationId":"bcwfgzzbkwhibsw","operationId":"bcwfgzzbkwhibsw","timestamp":1674754056223,"id":"76khxg10tfrdmrn"}
