{"type":"operationStart","subtype":"profile","data":{"_id":"2SKeUEeZcSCtIGe2","timestamp":"2023-01-26T17:40:12.647Z","state":"queued","mode":"standard","creationDate":"2023-01-26T17:40:12.650Z","modificationDate":"2023-01-26T17:40:12.650Z","shortid":"XjoWTAj","$entitySet":"profiles"},"doDiffs":false,"timestamp":1674754812648,"id":"ylsuytlindsqem2","previousOperationId":null,"operationId":"wfrp7u37ojcifah"}
{"type":"log","level":"info","message":"Render request 6 queued for execution and waiting for available worker","previousOperationId":"wfrp7u37ojcifah","timestamp":1674754812648,"id":"0l3vm7vx5g1smb4"}
{"type":"operationStart","subtype":"render","name":"Data","previousOperationId":"wfrp7u37ojcifah","timestamp":1674754812661,"id":"lc6d7y299a95ias","previousEventId":"ylsuytlindsqem2","operationId":"1oi1k8lnuw0e6iv"}
{"type":"log","timestamp":1674754812661,"level":"info","message":"Starting rendering request 6","meta":{"rootId":"8c0wrect0cz3oxr","id":"8c0wrect0cz3oxr"},"id":"bb6rtisvyoegh4n","previousOperationId":"1oi1k8lnuw0e6iv"}
{"type":"log","timestamp":1674754812661,"level":"info","message":"Rendering template { name: Data, recipe: chrome-pdf, engine: handlebars, preview: true }","meta":{"rootId":"8c0wrect0cz3oxr","id":"8c0wrect0cz3oxr"},"id":"wsyr9ucfck9t1wr","previousOperationId":"1oi1k8lnuw0e6iv"}
{"type":"log","timestamp":1674754812662,"level":"debug","message":"Data item not defined for this template.","meta":{"rootId":"8c0wrect0cz3oxr","id":"8c0wrect0cz3oxr"},"id":"hmm6j9v4kr1hb5y","previousOperationId":"1oi1k8lnuw0e6iv"}
{"type":"log","timestamp":1674754812666,"level":"debug","message":"Executing script testing (beforeRender)","meta":{"rootId":"8c0wrect0cz3oxr","id":"8c0wrect0cz3oxr"},"id":"e4bptzjpw0iaa9x","previousOperationId":"1oi1k8lnuw0e6iv"}
{"type":"operationStart","subtype":"scriptsBeforeRender","name":"scripts beforeRender","timestamp":1674754812720,"id":"awakdjkenbftpdy","previousEventId":"lc6d7y299a95ias","operationId":"l2978eyg73gmros","previousOperationId":"1oi1k8lnuw0e6iv"}
{"type":"operationStart","subtype":"script","name":"scripts testing","previousOperationId":"l2978eyg73gmros","timestamp":1674754812720,"id":"zsmviw60xe4xm6b","previousEventId":"awakdjkenbftpdy","operationId":"ppgu2z404b259wu"}
{"type":"log","timestamp":1674754812938,"level":"debug","message":"(console:log) [ 'Las Palmas de Gran Canaria', 'Galdar', 'Teror' ]","meta":{"userLevel":true,"rootId":"8c0wrect0cz3oxr","id":"8c0wrect0cz3oxr"},"id":"nvtsftgxegdl7lq","previousOperationId":"ppgu2z404b259wu"}
{"type":"operationEnd","operationId":"ppgu2z404b259wu","timestamp":1674754813340,"id":"rll0qka14mbtfgd","previousEventId":"lc6d7y299a95ias","previousOperationId":"1oi1k8lnuw0e6iv"}
{"type":"operationEnd","operationId":"l2978eyg73gmros","timestamp":1674754813340,"id":"59sh2i707k2zg8x","previousEventId":"rll0qka14mbtfgd","previousOperationId":"1oi1k8lnuw0e6iv"}
{"type":"log","timestamp":1674754813340,"level":"debug","message":"Base url not specified, skipping its injection.","meta":{"rootId":"8c0wrect0cz3oxr","id":"8c0wrect0cz3oxr"},"id":"90grh5500agrkvl","previousOperationId":"l2978eyg73gmros"}
{"type":"operationStart","subtype":"engine","name":"handlebars","timestamp":1674754813340,"id":"7ecibuayr1fcr7h","previousEventId":"59sh2i707k2zg8x","operationId":"2g1dg1xwbiltxgw","previousOperationId":"l2978eyg73gmros"}
{"type":"log","timestamp":1674754813340,"level":"debug","message":"Rendering engine handlebars","meta":{"rootId":"8c0wrect0cz3oxr","id":"8c0wrect0cz3oxr"},"id":"gz4h8fjrrzectar","previousOperationId":"2g1dg1xwbiltxgw"}
{"type":"operationEnd","operationId":"2g1dg1xwbiltxgw","timestamp":1674754813346,"id":"elpvvvscpdtau8o","previousEventId":"7ecibuayr1fcr7h","previousOperationId":"2g1dg1xwbiltxgw"}
{"type":"operationStart","subtype":"recipe","name":"chrome-pdf","timestamp":1674754813346,"id":"3ra9373dm746gb9","previousEventId":"elpvvvscpdtau8o","operationId":"4fysji0n4tb2su1","previousOperationId":"2g1dg1xwbiltxgw"}
{"type":"log","timestamp":1674754813346,"level":"debug","message":"Executing recipe chrome-pdf","meta":{"rootId":"8c0wrect0cz3oxr","id":"8c0wrect0cz3oxr"},"id":"73wgxikmkc9867x","previousOperationId":"4fysji0n4tb2su1"}
{"type":"log","timestamp":1674754813349,"level":"debug","message":"Converting with chrome HeadlessChrome/105.0.5173.0 using chrome-pool strategy","meta":{"rootId":"8c0wrect0cz3oxr","id":"8c0wrect0cz3oxr"},"id":"dqs4ki28i0ltbiz","previousOperationId":"4fysji0n4tb2su1"}
{"type":"log","timestamp":1674754813443,"level":"debug","message":"Page request: GET (document) file:///C:/Users/Johan/AppData/Local/Temp/jsreport/autocleanup/1f113ab0-9897-442b-95dc-7b8f53da3c20-chrome-pdf.html","meta":{"rootId":"8c0wrect0cz3oxr","id":"8c0wrect0cz3oxr"},"id":"ra0yvml257ioark","previousOperationId":"4fysji0n4tb2su1"}
{"type":"log","timestamp":1674754813462,"level":"debug","message":"Page request: GET (stylesheet) https://cdnjs.cloudflare.com/ajax/libs/metro/4.1.5/css/metro.min.css","meta":{"rootId":"8c0wrect0cz3oxr","id":"8c0wrect0cz3oxr"},"id":"4pms6cdp7oz9zr9","previousOperationId":"4fysji0n4tb2su1"}
{"type":"log","timestamp":1674754813462,"level":"debug","message":"Page request: GET (stylesheet) https://cdnjs.cloudflare.com/ajax/libs/chartist/0.11.0/chartist.min.css","meta":{"rootId":"8c0wrect0cz3oxr","id":"8c0wrect0cz3oxr"},"id":"y4jdas46h4qcoel","previousOperationId":"4fysji0n4tb2su1"}
{"type":"log","timestamp":1674754813463,"level":"debug","message":"Page request: GET (script) https://cdnjs.cloudflare.com/ajax/libs/chartist/0.11.0/chartist.min.js","meta":{"rootId":"8c0wrect0cz3oxr","id":"8c0wrect0cz3oxr"},"id":"f36fd6ui7eoysvt","previousOperationId":"4fysji0n4tb2su1"}
{"type":"log","timestamp":1674754813463,"level":"debug","message":"Page request: GET (script) https://unpkg.com/chartist-plugin-tooltips@0.0.17","meta":{"rootId":"8c0wrect0cz3oxr","id":"8c0wrect0cz3oxr"},"id":"z770wdtpi98auyw","previousOperationId":"4fysji0n4tb2su1"}
{"type":"log","timestamp":1674754813463,"level":"debug","message":"Page request: GET (script) https://unpkg.com/chartist-plugin-pointlabels@0.0.6","meta":{"rootId":"8c0wrect0cz3oxr","id":"8c0wrect0cz3oxr"},"id":"v7xti723watk733","previousOperationId":"4fysji0n4tb2su1"}
{"type":"log","timestamp":1674754813464,"level":"debug","message":"Page request finished: GET (document) 200 file:///C:/Users/Johan/AppData/Local/Temp/jsreport/autocleanup/1f113ab0-9897-442b-95dc-7b8f53da3c20-chrome-pdf.html","meta":{"rootId":"8c0wrect0cz3oxr","id":"8c0wrect0cz3oxr"},"id":"nxgjvp7dpkf2yst","previousOperationId":"4fysji0n4tb2su1"}
{"type":"log","timestamp":1674754813467,"level":"warn","message":"Page request failed: GET (script) 302 https://unpkg.com/chartist-plugin-tooltips@0.0.17 (redirect to: /chartist-plugin-tooltips@0.0.17/dist/chartist-plugin-tooltip.js)","meta":{"rootId":"8c0wrect0cz3oxr","id":"8c0wrect0cz3oxr"},"id":"8g58mq6b2aw4zyh","previousOperationId":"4fysji0n4tb2su1"}
{"type":"log","timestamp":1674754813467,"level":"debug","message":"Page request: GET (script) https://unpkg.com/chartist-plugin-tooltips@0.0.17/dist/chartist-plugin-tooltip.js (redirect from: https://unpkg.com/chartist-plugin-tooltips@0.0.17)","meta":{"rootId":"8c0wrect0cz3oxr","id":"8c0wrect0cz3oxr"},"id":"u5ccii6hnagoizy","previousOperationId":"4fysji0n4tb2su1"}
{"type":"log","timestamp":1674754813469,"level":"debug","message":"Page request finished: GET (stylesheet) 200 https://cdnjs.cloudflare.com/ajax/libs/chartist/0.11.0/chartist.min.css","meta":{"rootId":"8c0wrect0cz3oxr","id":"8c0wrect0cz3oxr"},"id":"q0cy1yze3mngut7","previousOperationId":"4fysji0n4tb2su1"}
{"type":"log","timestamp":1674754813470,"level":"warn","message":"Page request failed: GET (script) 302 https://unpkg.com/chartist-plugin-pointlabels@0.0.6 (redirect to: /chartist-plugin-pointlabels@0.0.6/dist/chartist-plugin-pointlabels.js)","meta":{"rootId":"8c0wrect0cz3oxr","id":"8c0wrect0cz3oxr"},"id":"vft4kf981hff312","previousOperationId":"4fysji0n4tb2su1"}
{"type":"log","timestamp":1674754813470,"level":"debug","message":"Page request: GET (script) https://unpkg.com/chartist-plugin-pointlabels@0.0.6/dist/chartist-plugin-pointlabels.js (redirect from: https://unpkg.com/chartist-plugin-pointlabels@0.0.6)","meta":{"rootId":"8c0wrect0cz3oxr","id":"8c0wrect0cz3oxr"},"id":"l1s20e7qxje9y9b","previousOperationId":"4fysji0n4tb2su1"}
{"type":"log","timestamp":1674754813486,"level":"debug","message":"Page request finished: GET (stylesheet) 200 https://cdnjs.cloudflare.com/ajax/libs/metro/4.1.5/css/metro.min.css","meta":{"rootId":"8c0wrect0cz3oxr","id":"8c0wrect0cz3oxr"},"id":"cpsuyo6dr1aywy1","previousOperationId":"4fysji0n4tb2su1"}
{"type":"log","timestamp":1674754813487,"level":"debug","message":"Page request finished: GET (script) 200 https://cdnjs.cloudflare.com/ajax/libs/chartist/0.11.0/chartist.min.js","meta":{"rootId":"8c0wrect0cz3oxr","id":"8c0wrect0cz3oxr"},"id":"zryvnsnvdrla4eb","previousOperationId":"4fysji0n4tb2su1"}
{"type":"log","timestamp":1674754813489,"level":"debug","message":"Page request finished: GET (script) 200 https://unpkg.com/chartist-plugin-tooltips@0.0.17/dist/chartist-plugin-tooltip.js","meta":{"rootId":"8c0wrect0cz3oxr","id":"8c0wrect0cz3oxr"},"id":"qnizxuztd6sfdoy","previousOperationId":"4fysji0n4tb2su1"}
{"type":"log","timestamp":1674754813489,"level":"debug","message":"Page request finished: GET (script) 200 https://unpkg.com/chartist-plugin-pointlabels@0.0.6/dist/chartist-plugin-pointlabels.js","meta":{"rootId":"8c0wrect0cz3oxr","id":"8c0wrect0cz3oxr"},"id":"ise7fy0vxihv3k8","previousOperationId":"4fysji0n4tb2su1"}
{"type":"log","timestamp":1674754813490,"level":"debug","message":"(console:log) Me he venido","meta":{"userLevel":true,"rootId":"8c0wrect0cz3oxr","id":"8c0wrect0cz3oxr"},"id":"sm36i79r8y0urlm","previousOperationId":"4fysji0n4tb2su1"}
{"type":"log","timestamp":1674754813490,"level":"debug","message":"(console:log) JSHandle@array","meta":{"userLevel":true,"rootId":"8c0wrect0cz3oxr","id":"8c0wrect0cz3oxr"},"id":"pw87xpb6w0vnoot","previousOperationId":"4fysji0n4tb2su1"}
{"type":"log","timestamp":1674754813535,"level":"warn","message":"Page error: TypeError: b.normalized.series[e].forEach is not a function\n    at f.<anonymous> (https://cdnjs.cloudflare.com/ajax/libs/chartist/0.11.0/chartist.min.js:9:2056)\n    at Array.forEach (<anonymous>)\n    at f.d [as createChart] (https://cdnjs.cloudflare.com/ajax/libs/chartist/0.11.0/chartist.min.js:9:1626)\n    at f.h (https://cdnjs.cloudflare.com/ajax/libs/chartist/0.11.0/chartist.min.js:8:15161)","meta":{"rootId":"8c0wrect0cz3oxr","id":"8c0wrect0cz3oxr"},"id":"rotsxzmjgjbozqp","previousOperationId":"4fysji0n4tb2su1"}
{"type":"log","timestamp":1674754813544,"level":"debug","message":"Running chrome with params {\"printBackground\":true,\"timeout\":59299,\"margin\":{}}","meta":{"rootId":"8c0wrect0cz3oxr","id":"8c0wrect0cz3oxr"},"id":"ae90iyog0avndac","previousOperationId":"4fysji0n4tb2su1"}
{"type":"operationEnd","operationId":"4fysji0n4tb2su1","timestamp":1674754813689,"id":"fqv80ecji6nuj93","previousEventId":"3ra9373dm746gb9","previousOperationId":"4fysji0n4tb2su1"}
{"type":"log","timestamp":1674754813689,"level":"debug","message":"Executing script testing (afterRender)","meta":{"rootId":"8c0wrect0cz3oxr","id":"8c0wrect0cz3oxr"},"id":"9bsl0qw2nmqkni7","previousOperationId":"4fysji0n4tb2su1"}
{"type":"operationStart","subtype":"scriptsAfterRender","name":"scripts afterRender","timestamp":1674754813696,"id":"tiact57cuf669g1","previousEventId":"fqv80ecji6nuj93","operationId":"1cwyp3e0oyr3x7g","previousOperationId":"4fysji0n4tb2su1"}
{"type":"operationStart","subtype":"script","name":"scripts testing","previousOperationId":"1cwyp3e0oyr3x7g","timestamp":1674754813696,"id":"opgxyk81w67w3dc","previousEventId":"tiact57cuf669g1","operationId":"diwevl31ipsd952"}
{"type":"operationEnd","operationId":"diwevl31ipsd952","timestamp":1674754814943,"id":"rfiv3y03i060cqq","previousEventId":"fqv80ecji6nuj93","previousOperationId":"4fysji0n4tb2su1"}
{"type":"operationEnd","operationId":"1cwyp3e0oyr3x7g","timestamp":1674754814943,"id":"1r8wh7aaq9er954","previousEventId":"rfiv3y03i060cqq","previousOperationId":"4fysji0n4tb2su1"}
{"type":"log","timestamp":1674754814943,"level":"debug","message":"Skipping storing report.","meta":{"rootId":"8c0wrect0cz3oxr","id":"8c0wrect0cz3oxr"},"id":"1x9clvw1yc4yepg","previousOperationId":"1cwyp3e0oyr3x7g"}
{"type":"log","timestamp":1674754814944,"level":"info","message":"Rendering request 6 finished in 2297 ms","meta":{"rootId":"8c0wrect0cz3oxr","id":"8c0wrect0cz3oxr"},"id":"m36a4mtajjnpoge","previousOperationId":"1cwyp3e0oyr3x7g"}
{"type":"operationEnd","subtype":"render","operationId":"1oi1k8lnuw0e6iv","timestamp":1674754814944,"id":"irvbkboe63pomx8","previousEventId":"1r8wh7aaq9er954","previousOperationId":"1cwyp3e0oyr3x7g"}
{"type":"operationEnd","doDiffs":false,"previousEventId":"ylsuytlindsqem2","previousOperationId":"wfrp7u37ojcifah","operationId":"wfrp7u37ojcifah","timestamp":1674754814947,"id":"ph19mkj40fd59gd"}
