{"type":"operationStart","subtype":"profile","data":{"_id":"wVOeQ4csRU1aqoob","timestamp":"2023-01-26T15:30:23.350Z","state":"queued","mode":"standard","creationDate":"2023-01-26T15:30:23.352Z","modificationDate":"2023-01-26T15:30:23.352Z","shortid":"P45_CvH","$entitySet":"profiles"},"doDiffs":false,"timestamp":1674747023351,"id":"ve3w7pcqcosfyq6","previousOperationId":null,"operationId":"6omr2tgrezf61j5"}
{"type":"log","level":"info","message":"Render request 18 queued for execution and waiting for available worker","previousOperationId":"6omr2tgrezf61j5","timestamp":1674747023351,"id":"4v0oq5opo251qod"}
{"type":"operationStart","subtype":"render","name":"Data","previousOperationId":"6omr2tgrezf61j5","timestamp":1674747023361,"id":"vfd7skg657bv5t9","previousEventId":"ve3w7pcqcosfyq6","operationId":"by9wygolvocfnjm"}
{"type":"log","timestamp":1674747023361,"level":"info","message":"Starting rendering request 18","meta":{"rootId":"8e6zhwl69qmfa6l","id":"8e6zhwl69qmfa6l"},"id":"ttiyzco625qpmf7","previousOperationId":"by9wygolvocfnjm"}
{"type":"log","timestamp":1674747023361,"level":"info","message":"Rendering template { name: Data, recipe: chrome-pdf, engine: handlebars, preview: true }","meta":{"rootId":"8e6zhwl69qmfa6l","id":"8e6zhwl69qmfa6l"},"id":"n06sfa2emuc4thy","previousOperationId":"by9wygolvocfnjm"}
{"type":"log","timestamp":1674747023362,"level":"debug","message":"Data item not defined for this template.","meta":{"rootId":"8e6zhwl69qmfa6l","id":"8e6zhwl69qmfa6l"},"id":"qxdydbhkf2sqb9r","previousOperationId":"by9wygolvocfnjm"}
{"type":"log","timestamp":1674747023366,"level":"debug","message":"Executing script testing (beforeRender)","meta":{"rootId":"8e6zhwl69qmfa6l","id":"8e6zhwl69qmfa6l"},"id":"bt7ko0bpuc3e64o","previousOperationId":"by9wygolvocfnjm"}
{"type":"operationStart","subtype":"scriptsBeforeRender","name":"scripts beforeRender","timestamp":1674747023409,"id":"lpo7st9lb5otwj3","previousEventId":"vfd7skg657bv5t9","operationId":"5q72j8flj0tj4nn","previousOperationId":"by9wygolvocfnjm"}
{"type":"operationStart","subtype":"script","name":"scripts testing","previousOperationId":"5q72j8flj0tj4nn","timestamp":1674747023409,"id":"fchg4xjk8mmeend","previousEventId":"lpo7st9lb5otwj3","operationId":"59njl6fifnjolu1"}
{"type":"log","timestamp":1674747023895,"level":"debug","message":"(console:log) {\n  events: {\n    id: 54,\n    title: 'Festival Cine Gáldar',\n    description: 'Este año tenemos el placer de anunciar el Festival de cine de Gáldar un año más donde podremos ver cine de todos los géneros y tipos...',\n    date: '2022-11-02',\n    starting_hour: '15:00',\n    finished_hour: '21:00',\n    url: 'https://ficgaldar.es',\n    created_at: '2022-12-16T20:21:57.613Z',\n    updated_at: '2022-12-16T20:33:25.999Z',\n    location_id: 59,\n    event_type_id: 42,\n    image: 'http://localhost:3000/rails/active_storage/blobs/redirect/eyJfcmFpbHMiOnsibWVzc2FnZSI6IkJBaHBidz09IiwiZXhwIjpudWxsLCJwdXIiOiJibG9iX2lkIn19--4d03c0a42072b5f7f6a32f42e165676d2dde3b17/af-FIC-cartel-MEDIOS-1320x1848.png'\n  },\n  location_id: [ '58', '2', '59' ],\n  repetition: [ '2', '3', '1' ]\n}","meta":{"userLevel":true,"rootId":"8e6zhwl69qmfa6l","id":"8e6zhwl69qmfa6l"},"id":"571mmx5ivdyk1z1","previousOperationId":"59njl6fifnjolu1"}
{"type":"operationEnd","operationId":"59njl6fifnjolu1","timestamp":1674747024338,"id":"p9lc96p9aq4dp9g","previousEventId":"vfd7skg657bv5t9","previousOperationId":"by9wygolvocfnjm"}
{"type":"operationEnd","operationId":"5q72j8flj0tj4nn","timestamp":1674747024338,"id":"tc1alke3cevsjdx","previousEventId":"p9lc96p9aq4dp9g","previousOperationId":"by9wygolvocfnjm"}
{"type":"log","timestamp":1674747024338,"level":"debug","message":"Base url not specified, skipping its injection.","meta":{"rootId":"8e6zhwl69qmfa6l","id":"8e6zhwl69qmfa6l"},"id":"mygij2hixzm2sz2","previousOperationId":"5q72j8flj0tj4nn"}
{"type":"operationStart","subtype":"engine","name":"handlebars","timestamp":1674747024338,"id":"rhz7r40v55vvb6w","previousEventId":"tc1alke3cevsjdx","operationId":"ox6dl9q37tagwqs","previousOperationId":"5q72j8flj0tj4nn"}
{"type":"log","timestamp":1674747024338,"level":"debug","message":"Rendering engine handlebars","meta":{"rootId":"8e6zhwl69qmfa6l","id":"8e6zhwl69qmfa6l"},"id":"8e83n9g4579i6yj","previousOperationId":"ox6dl9q37tagwqs"}
{"type":"operationEnd","operationId":"ox6dl9q37tagwqs","timestamp":1674747024352,"id":"znfvgnwe7dhf6pq","previousEventId":"rhz7r40v55vvb6w","previousOperationId":"ox6dl9q37tagwqs"}
{"type":"operationStart","subtype":"recipe","name":"chrome-pdf","timestamp":1674747024352,"id":"p7la3tvpxyvzdms","previousEventId":"znfvgnwe7dhf6pq","operationId":"tmvw4pakqf9b13g","previousOperationId":"ox6dl9q37tagwqs"}
{"type":"log","timestamp":1674747024352,"level":"debug","message":"Executing recipe chrome-pdf","meta":{"rootId":"8e6zhwl69qmfa6l","id":"8e6zhwl69qmfa6l"},"id":"212zmjz8wg4c5ay","previousOperationId":"tmvw4pakqf9b13g"}
{"type":"log","timestamp":1674747024354,"level":"debug","message":"Converting with chrome HeadlessChrome/105.0.5173.0 using chrome-pool strategy","meta":{"rootId":"8e6zhwl69qmfa6l","id":"8e6zhwl69qmfa6l"},"id":"zf8maczra4rq58t","previousOperationId":"tmvw4pakqf9b13g"}
{"type":"log","timestamp":1674747024442,"level":"debug","message":"Page request: GET (document) file:///C:/Users/Johan/AppData/Local/Temp/jsreport/autocleanup/dc784d37-d905-4701-ae03-41aaecce0040-chrome-pdf.html","meta":{"rootId":"8e6zhwl69qmfa6l","id":"8e6zhwl69qmfa6l"},"id":"5gdvsb7afbetzb1","previousOperationId":"tmvw4pakqf9b13g"}
{"type":"log","timestamp":1674747024462,"level":"debug","message":"Page request: GET (stylesheet) https://cdnjs.cloudflare.com/ajax/libs/metro/4.1.5/css/metro.min.css","meta":{"rootId":"8e6zhwl69qmfa6l","id":"8e6zhwl69qmfa6l"},"id":"46msx9x44jgcw8j","previousOperationId":"tmvw4pakqf9b13g"}
{"type":"log","timestamp":1674747024462,"level":"debug","message":"Page request: GET (script) https://cdnjs.cloudflare.com/ajax/libs/Chart.js/2.7.2/Chart.min.js","meta":{"rootId":"8e6zhwl69qmfa6l","id":"8e6zhwl69qmfa6l"},"id":"y2olgnaca9ko8qf","previousOperationId":"tmvw4pakqf9b13g"}
{"type":"log","timestamp":1674747024462,"level":"debug","message":"Page request: GET (stylesheet) https://cdnjs.cloudflare.com/ajax/libs/chartist/0.11.0/chartist.min.css","meta":{"rootId":"8e6zhwl69qmfa6l","id":"8e6zhwl69qmfa6l"},"id":"cvs3hz4mdqgq7l3","previousOperationId":"tmvw4pakqf9b13g"}
{"type":"log","timestamp":1674747024462,"level":"debug","message":"Page request: GET (script) https://cdn.jsdelivr.net/npm/chart.js@2.9.3/dist/Chart.min.js","meta":{"rootId":"8e6zhwl69qmfa6l","id":"8e6zhwl69qmfa6l"},"id":"zjz34lxqfv8cyjj","previousOperationId":"tmvw4pakqf9b13g"}
{"type":"log","timestamp":1674747024463,"level":"debug","message":"Page request finished: GET (document) 200 file:///C:/Users/Johan/AppData/Local/Temp/jsreport/autocleanup/dc784d37-d905-4701-ae03-41aaecce0040-chrome-pdf.html","meta":{"rootId":"8e6zhwl69qmfa6l","id":"8e6zhwl69qmfa6l"},"id":"ohlt6jyi937gh7v","previousOperationId":"tmvw4pakqf9b13g"}
{"type":"log","timestamp":1674747024468,"level":"debug","message":"Page request finished: GET (stylesheet) 200 https://cdnjs.cloudflare.com/ajax/libs/chartist/0.11.0/chartist.min.css","meta":{"rootId":"8e6zhwl69qmfa6l","id":"8e6zhwl69qmfa6l"},"id":"xczzxpon93f1o82","previousOperationId":"tmvw4pakqf9b13g"}
{"type":"log","timestamp":1674747024469,"level":"debug","message":"Page request finished: GET (script) 200 https://cdnjs.cloudflare.com/ajax/libs/Chart.js/2.7.2/Chart.min.js","meta":{"rootId":"8e6zhwl69qmfa6l","id":"8e6zhwl69qmfa6l"},"id":"j5owe35su9fc5n4","previousOperationId":"tmvw4pakqf9b13g"}
{"type":"log","timestamp":1674747024469,"level":"debug","message":"Page request finished: GET (script) 200 https://cdn.jsdelivr.net/npm/chart.js@2.9.3/dist/Chart.min.js","meta":{"rootId":"8e6zhwl69qmfa6l","id":"8e6zhwl69qmfa6l"},"id":"fa0lxhjjwg0bzg4","previousOperationId":"tmvw4pakqf9b13g"}
{"type":"log","timestamp":1674747024484,"level":"debug","message":"Page request finished: GET (stylesheet) 200 https://cdnjs.cloudflare.com/ajax/libs/metro/4.1.5/css/metro.min.css","meta":{"rootId":"8e6zhwl69qmfa6l","id":"8e6zhwl69qmfa6l"},"id":"8l9x7fnusrtwtmg","previousOperationId":"tmvw4pakqf9b13g"}
{"type":"log","timestamp":1674747024497,"level":"debug","message":"(console:log) dmgopfdg","meta":{"userLevel":true,"rootId":"8e6zhwl69qmfa6l","id":"8e6zhwl69qmfa6l"},"id":"c4xmdtasx016vwd","previousOperationId":"tmvw4pakqf9b13g"}
{"type":"log","timestamp":1674747024569,"level":"debug","message":"Running chrome with params {\"printBackground\":true,\"timeout\":58996,\"margin\":{}}","meta":{"rootId":"8e6zhwl69qmfa6l","id":"8e6zhwl69qmfa6l"},"id":"n2iqt9ob3cc0cg0","previousOperationId":"tmvw4pakqf9b13g"}
{"type":"operationEnd","operationId":"tmvw4pakqf9b13g","timestamp":1674747024685,"id":"hbxhsrjqu4wf3j7","previousEventId":"p7la3tvpxyvzdms","previousOperationId":"tmvw4pakqf9b13g"}
{"type":"log","timestamp":1674747024686,"level":"debug","message":"Executing script testing (afterRender)","meta":{"rootId":"8e6zhwl69qmfa6l","id":"8e6zhwl69qmfa6l"},"id":"5t0iv2u33nsmv9z","previousOperationId":"tmvw4pakqf9b13g"}
{"type":"operationStart","subtype":"scriptsAfterRender","name":"scripts afterRender","timestamp":1674747024694,"id":"l26eihyn1af18gv","previousEventId":"hbxhsrjqu4wf3j7","operationId":"529o02dbgjwjiod","previousOperationId":"tmvw4pakqf9b13g"}
{"type":"operationStart","subtype":"script","name":"scripts testing","previousOperationId":"529o02dbgjwjiod","timestamp":1674747024694,"id":"nuexvjlo4uu22qh","previousEventId":"l26eihyn1af18gv","operationId":"tou0hzr3zkhs1yh"}
{"type":"operationEnd","operationId":"tou0hzr3zkhs1yh","timestamp":1674747025833,"id":"ff1sa1i2jbzyuo1","previousEventId":"hbxhsrjqu4wf3j7","previousOperationId":"tmvw4pakqf9b13g"}
{"type":"operationEnd","operationId":"529o02dbgjwjiod","timestamp":1674747025833,"id":"wp29jrelxesxp7d","previousEventId":"ff1sa1i2jbzyuo1","previousOperationId":"tmvw4pakqf9b13g"}
{"type":"log","timestamp":1674747025833,"level":"debug","message":"Skipping storing report.","meta":{"rootId":"8e6zhwl69qmfa6l","id":"8e6zhwl69qmfa6l"},"id":"5fglmlpq63wawz2","previousOperationId":"529o02dbgjwjiod"}
{"type":"log","timestamp":1674747025833,"level":"info","message":"Rendering request 18 finished in 2483 ms","meta":{"rootId":"8e6zhwl69qmfa6l","id":"8e6zhwl69qmfa6l"},"id":"j2mbs2ap2w218h1","previousOperationId":"529o02dbgjwjiod"}
{"type":"operationEnd","subtype":"render","operationId":"by9wygolvocfnjm","timestamp":1674747025833,"id":"hdkcgs3wglfilia","previousEventId":"wp29jrelxesxp7d","previousOperationId":"529o02dbgjwjiod"}
{"type":"operationEnd","doDiffs":false,"previousEventId":"ve3w7pcqcosfyq6","previousOperationId":"6omr2tgrezf61j5","operationId":"6omr2tgrezf61j5","timestamp":1674747025837,"id":"5jxpro2pzega7i8"}
