{"type":"operationStart","subtype":"profile","data":{"_id":"xrp1Q2yMab7E5Lu1","timestamp":"2023-01-26T17:12:04.335Z","state":"queued","mode":"standard","creationDate":"2023-01-26T17:12:04.336Z","modificationDate":"2023-01-26T17:12:04.336Z","shortid":"pBf9-hn","$entitySet":"profiles"},"doDiffs":false,"timestamp":1674753124336,"id":"m6isgpokr5nkylm","previousOperationId":null,"operationId":"5145p4es3z71xer"}
{"type":"log","level":"info","message":"Render request 18 queued for execution and waiting for available worker","previousOperationId":"5145p4es3z71xer","timestamp":1674753124336,"id":"hvuk91nvkyidj0b"}
{"type":"operationStart","subtype":"render","name":"Data","previousOperationId":"5145p4es3z71xer","timestamp":1674753124347,"id":"rc8g1uj3z9tccwn","previousEventId":"m6isgpokr5nkylm","operationId":"h1xcbzvh3zdzyqw"}
{"type":"log","timestamp":1674753124348,"level":"info","message":"Starting rendering request 18","meta":{"rootId":"8gcuqih0ucvph18","id":"8gcuqih0ucvph18"},"id":"jolz9cq2wk82k2j","previousOperationId":"h1xcbzvh3zdzyqw"}
{"type":"log","timestamp":1674753124348,"level":"info","message":"Rendering template { name: Data, recipe: chrome-pdf, engine: handlebars, preview: true }","meta":{"rootId":"8gcuqih0ucvph18","id":"8gcuqih0ucvph18"},"id":"byqfoolnmx4f74e","previousOperationId":"h1xcbzvh3zdzyqw"}
{"type":"log","timestamp":1674753124349,"level":"debug","message":"Data item not defined for this template.","meta":{"rootId":"8gcuqih0ucvph18","id":"8gcuqih0ucvph18"},"id":"snyjc9vrly6rewj","previousOperationId":"h1xcbzvh3zdzyqw"}
{"type":"log","timestamp":1674753124352,"level":"debug","message":"Executing script testing (beforeRender)","meta":{"rootId":"8gcuqih0ucvph18","id":"8gcuqih0ucvph18"},"id":"hg03gl98th7klgm","previousOperationId":"h1xcbzvh3zdzyqw"}
{"type":"operationStart","subtype":"scriptsBeforeRender","name":"scripts beforeRender","timestamp":1674753124405,"id":"pj9vtun56q952mf","previousEventId":"rc8g1uj3z9tccwn","operationId":"4a0z18yeq0q4ggb","previousOperationId":"h1xcbzvh3zdzyqw"}
{"type":"operationStart","subtype":"script","name":"scripts testing","previousOperationId":"4a0z18yeq0q4ggb","timestamp":1674753124405,"id":"zz2s6jskwm18o17","previousEventId":"pj9vtun56q952mf","operationId":"hmj5mhmm513mq5j"}
{"type":"log","timestamp":1674753124644,"level":"debug","message":"(console:log) {\n  locationName: [ 'Las Palmas de Gran Canaria', 'Galdar', 'Teror' ],\n  repetition: [ '2', '1', '3' ]\n}","meta":{"userLevel":true,"rootId":"8gcuqih0ucvph18","id":"8gcuqih0ucvph18"},"id":"nz2tsbiak9fyn2p","previousOperationId":"hmj5mhmm513mq5j"}
{"type":"log","timestamp":1674753124644,"level":"debug","message":"(console:log) [ 'Las Palmas de Gran Canaria', 'Galdar', 'Teror' ]","meta":{"userLevel":true,"rootId":"8gcuqih0ucvph18","id":"8gcuqih0ucvph18"},"id":"l0lt2ey0x1stk65","previousOperationId":"hmj5mhmm513mq5j"}
{"type":"log","timestamp":1674753124644,"level":"debug","message":"(console:log) [ '2', '1', '3' ]","meta":{"userLevel":true,"rootId":"8gcuqih0ucvph18","id":"8gcuqih0ucvph18"},"id":"0raz836ykpnusr4","previousOperationId":"hmj5mhmm513mq5j"}
{"type":"operationEnd","operationId":"hmj5mhmm513mq5j","timestamp":1674753125078,"id":"tt17bntm0cpxlj8","previousEventId":"rc8g1uj3z9tccwn","previousOperationId":"h1xcbzvh3zdzyqw"}
{"type":"operationEnd","operationId":"4a0z18yeq0q4ggb","timestamp":1674753125078,"id":"w883r4xh4xmjcyx","previousEventId":"tt17bntm0cpxlj8","previousOperationId":"h1xcbzvh3zdzyqw"}
{"type":"log","timestamp":1674753125078,"level":"debug","message":"Base url not specified, skipping its injection.","meta":{"rootId":"8gcuqih0ucvph18","id":"8gcuqih0ucvph18"},"id":"09u8uanjbdk8i7n","previousOperationId":"4a0z18yeq0q4ggb"}
{"type":"operationStart","subtype":"engine","name":"handlebars","timestamp":1674753125078,"id":"727t1w6k9hq4rdc","previousEventId":"w883r4xh4xmjcyx","operationId":"g2o4t8sj2id3r82","previousOperationId":"4a0z18yeq0q4ggb"}
{"type":"log","timestamp":1674753125078,"level":"debug","message":"Rendering engine handlebars","meta":{"rootId":"8gcuqih0ucvph18","id":"8gcuqih0ucvph18"},"id":"qw3vgcbv158xn41","previousOperationId":"g2o4t8sj2id3r82"}
{"type":"operationEnd","operationId":"g2o4t8sj2id3r82","timestamp":1674753125112,"id":"rq7wd6p2eva3ss1","previousEventId":"727t1w6k9hq4rdc","previousOperationId":"g2o4t8sj2id3r82"}
{"type":"operationStart","subtype":"recipe","name":"chrome-pdf","timestamp":1674753125113,"id":"zi9zrhkjfa994hs","previousEventId":"rq7wd6p2eva3ss1","operationId":"18m3hcowm4p3vv4","previousOperationId":"g2o4t8sj2id3r82"}
{"type":"log","timestamp":1674753125113,"level":"debug","message":"Executing recipe chrome-pdf","meta":{"rootId":"8gcuqih0ucvph18","id":"8gcuqih0ucvph18"},"id":"q1g64bbjg52oq1a","previousOperationId":"18m3hcowm4p3vv4"}
{"type":"log","timestamp":1674753125119,"level":"debug","message":"Converting with chrome HeadlessChrome/105.0.5173.0 using chrome-pool strategy","meta":{"rootId":"8gcuqih0ucvph18","id":"8gcuqih0ucvph18"},"id":"xrn9fqmaoxcpuer","previousOperationId":"18m3hcowm4p3vv4"}
{"type":"log","timestamp":1674753125219,"level":"debug","message":"Page request: GET (document) file:///C:/Users/Johan/AppData/Local/Temp/jsreport/autocleanup/1501cf7f-4e57-4660-a5f9-96784a32bec1-chrome-pdf.html","meta":{"rootId":"8gcuqih0ucvph18","id":"8gcuqih0ucvph18"},"id":"zmxhu2h2ujhuv8l","previousOperationId":"18m3hcowm4p3vv4"}
{"type":"log","timestamp":1674753125245,"level":"debug","message":"Page request finished: GET (document) 200 file:///C:/Users/Johan/AppData/Local/Temp/jsreport/autocleanup/1501cf7f-4e57-4660-a5f9-96784a32bec1-chrome-pdf.html","meta":{"rootId":"8gcuqih0ucvph18","id":"8gcuqih0ucvph18"},"id":"n9ug94l2zv8d4fb","previousOperationId":"18m3hcowm4p3vv4"}
{"type":"log","timestamp":1674753125245,"level":"debug","message":"Page request: GET (stylesheet) https://cdnjs.cloudflare.com/ajax/libs/metro/4.1.5/css/metro.min.css","meta":{"rootId":"8gcuqih0ucvph18","id":"8gcuqih0ucvph18"},"id":"f4vjbsa0n793bom","previousOperationId":"18m3hcowm4p3vv4"}
{"type":"log","timestamp":1674753125245,"level":"debug","message":"Page request: GET (stylesheet) https://cdnjs.cloudflare.com/ajax/libs/chartist/0.11.0/chartist.min.css","meta":{"rootId":"8gcuqih0ucvph18","id":"8gcuqih0ucvph18"},"id":"6hg82kqnak701x0","previousOperationId":"18m3hcowm4p3vv4"}
{"type":"log","timestamp":1674753125245,"level":"debug","message":"Page request: GET (script) https://cdnjs.cloudflare.com/ajax/libs/chartist/0.11.0/chartist.min.js","meta":{"rootId":"8gcuqih0ucvph18","id":"8gcuqih0ucvph18"},"id":"mnejia7qe9d6ksd","previousOperationId":"18m3hcowm4p3vv4"}
{"type":"log","timestamp":1674753125246,"level":"debug","message":"Page request: GET (script) https://unpkg.com/chartist-plugin-tooltips@0.0.17","meta":{"rootId":"8gcuqih0ucvph18","id":"8gcuqih0ucvph18"},"id":"iwj729bzq4d2mkr","previousOperationId":"18m3hcowm4p3vv4"}
{"type":"log","timestamp":1674753125246,"level":"debug","message":"Page request: GET (script) https://unpkg.com/chartist-plugin-pointlabels@0.0.6","meta":{"rootId":"8gcuqih0ucvph18","id":"8gcuqih0ucvph18"},"id":"vejylbdvs6l0p1k","previousOperationId":"18m3hcowm4p3vv4"}
{"type":"log","timestamp":1674753125251,"level":"warn","message":"Page request failed: GET (script) 302 https://unpkg.com/chartist-plugin-tooltips@0.0.17 (redirect to: /chartist-plugin-tooltips@0.0.17/dist/chartist-plugin-tooltip.js)","meta":{"rootId":"8gcuqih0ucvph18","id":"8gcuqih0ucvph18"},"id":"jabmfgtvq0yf4l0","previousOperationId":"18m3hcowm4p3vv4"}
{"type":"log","timestamp":1674753125251,"level":"debug","message":"Page request: GET (script) https://unpkg.com/chartist-plugin-tooltips@0.0.17/dist/chartist-plugin-tooltip.js (redirect from: https://unpkg.com/chartist-plugin-tooltips@0.0.17)","meta":{"rootId":"8gcuqih0ucvph18","id":"8gcuqih0ucvph18"},"id":"fj4wc7jtnygszoj","previousOperationId":"18m3hcowm4p3vv4"}
{"type":"log","timestamp":1674753125252,"level":"debug","message":"Page request finished: GET (stylesheet) 200 https://cdnjs.cloudflare.com/ajax/libs/chartist/0.11.0/chartist.min.css","meta":{"rootId":"8gcuqih0ucvph18","id":"8gcuqih0ucvph18"},"id":"nvpvc1ppid9wcfy","previousOperationId":"18m3hcowm4p3vv4"}
{"type":"log","timestamp":1674753125252,"level":"debug","message":"Page request finished: GET (script) 200 https://cdnjs.cloudflare.com/ajax/libs/chartist/0.11.0/chartist.min.js","meta":{"rootId":"8gcuqih0ucvph18","id":"8gcuqih0ucvph18"},"id":"q69vqpworu382ax","previousOperationId":"18m3hcowm4p3vv4"}
{"type":"log","timestamp":1674753125253,"level":"warn","message":"Page request failed: GET (script) 302 https://unpkg.com/chartist-plugin-pointlabels@0.0.6 (redirect to: /chartist-plugin-pointlabels@0.0.6/dist/chartist-plugin-pointlabels.js)","meta":{"rootId":"8gcuqih0ucvph18","id":"8gcuqih0ucvph18"},"id":"91d1w279yzbj1hq","previousOperationId":"18m3hcowm4p3vv4"}
{"type":"log","timestamp":1674753125253,"level":"debug","message":"Page request: GET (script) https://unpkg.com/chartist-plugin-pointlabels@0.0.6/dist/chartist-plugin-pointlabels.js (redirect from: https://unpkg.com/chartist-plugin-pointlabels@0.0.6)","meta":{"rootId":"8gcuqih0ucvph18","id":"8gcuqih0ucvph18"},"id":"vnqtkg5xx9ory1l","previousOperationId":"18m3hcowm4p3vv4"}
{"type":"log","timestamp":1674753125267,"level":"debug","message":"Page request finished: GET (stylesheet) 200 https://cdnjs.cloudflare.com/ajax/libs/metro/4.1.5/css/metro.min.css","meta":{"rootId":"8gcuqih0ucvph18","id":"8gcuqih0ucvph18"},"id":"uq2ou3d91fh2l31","previousOperationId":"18m3hcowm4p3vv4"}
{"type":"log","timestamp":1674753125270,"level":"debug","message":"Page request finished: GET (script) 200 https://unpkg.com/chartist-plugin-tooltips@0.0.17/dist/chartist-plugin-tooltip.js","meta":{"rootId":"8gcuqih0ucvph18","id":"8gcuqih0ucvph18"},"id":"lr09rp1aao5lxnc","previousOperationId":"18m3hcowm4p3vv4"}
{"type":"log","timestamp":1674753125270,"level":"debug","message":"Page request finished: GET (script) 200 https://unpkg.com/chartist-plugin-pointlabels@0.0.6/dist/chartist-plugin-pointlabels.js","meta":{"rootId":"8gcuqih0ucvph18","id":"8gcuqih0ucvph18"},"id":"da0gvyogfth0b3b","previousOperationId":"18m3hcowm4p3vv4"}
{"type":"log","timestamp":1674753125272,"level":"debug","message":"(console:log) Me he venido","meta":{"userLevel":true,"rootId":"8gcuqih0ucvph18","id":"8gcuqih0ucvph18"},"id":"gqnijhulyiva496","previousOperationId":"18m3hcowm4p3vv4"}
{"type":"log","timestamp":1674753125272,"level":"debug","message":"(console:log) JSHandle@array","meta":{"userLevel":true,"rootId":"8gcuqih0ucvph18","id":"8gcuqih0ucvph18"},"id":"q4yf8te2j1oln6g","previousOperationId":"18m3hcowm4p3vv4"}
{"type":"log","timestamp":1674753125272,"level":"debug","message":"(console:log) JSHandle@array","meta":{"userLevel":true,"rootId":"8gcuqih0ucvph18","id":"8gcuqih0ucvph18"},"id":"w04sktbgm29jyls","previousOperationId":"18m3hcowm4p3vv4"}
{"type":"log","timestamp":1674753125321,"level":"debug","message":"Running chrome with params {\"printBackground\":true,\"timeout\":59217,\"margin\":{}}","meta":{"rootId":"8gcuqih0ucvph18","id":"8gcuqih0ucvph18"},"id":"xoz20v4jrwpnd7r","previousOperationId":"18m3hcowm4p3vv4"}
{"type":"operationEnd","operationId":"18m3hcowm4p3vv4","timestamp":1674753125482,"id":"aqn8ccsagg2tvyy","previousEventId":"zi9zrhkjfa994hs","previousOperationId":"18m3hcowm4p3vv4"}
{"type":"log","timestamp":1674753125482,"level":"debug","message":"Executing script testing (afterRender)","meta":{"rootId":"8gcuqih0ucvph18","id":"8gcuqih0ucvph18"},"id":"6qrdigbtrklcvop","previousOperationId":"18m3hcowm4p3vv4"}
{"type":"operationStart","subtype":"scriptsAfterRender","name":"scripts afterRender","timestamp":1674753125489,"id":"ybaq5fj2atildt0","previousEventId":"aqn8ccsagg2tvyy","operationId":"lfwezi3objgmne3","previousOperationId":"18m3hcowm4p3vv4"}
{"type":"operationStart","subtype":"script","name":"scripts testing","previousOperationId":"lfwezi3objgmne3","timestamp":1674753125489,"id":"3gan8cwgrnge7hd","previousEventId":"ybaq5fj2atildt0","operationId":"9ed8elzb0gow5in"}
{"type":"operationEnd","operationId":"9ed8elzb0gow5in","timestamp":1674753126660,"id":"onraevop7adzwqy","previousEventId":"aqn8ccsagg2tvyy","previousOperationId":"18m3hcowm4p3vv4"}
{"type":"operationEnd","operationId":"lfwezi3objgmne3","timestamp":1674753126660,"id":"0l1fjzybbc5pqjv","previousEventId":"onraevop7adzwqy","previousOperationId":"18m3hcowm4p3vv4"}
{"type":"log","timestamp":1674753126660,"level":"debug","message":"Skipping storing report.","meta":{"rootId":"8gcuqih0ucvph18","id":"8gcuqih0ucvph18"},"id":"7j8ezuhm94u4f2i","previousOperationId":"lfwezi3objgmne3"}
{"type":"log","timestamp":1674753126660,"level":"info","message":"Rendering request 18 finished in 2326 ms","meta":{"rootId":"8gcuqih0ucvph18","id":"8gcuqih0ucvph18"},"id":"g02yh4yq8mts6u2","previousOperationId":"lfwezi3objgmne3"}
{"type":"operationEnd","subtype":"render","operationId":"h1xcbzvh3zdzyqw","timestamp":1674753126660,"id":"xhk0ab6oo60prvp","previousEventId":"0l1fjzybbc5pqjv","previousOperationId":"lfwezi3objgmne3"}
{"type":"operationEnd","doDiffs":false,"previousEventId":"m6isgpokr5nkylm","previousOperationId":"5145p4es3z71xer","operationId":"5145p4es3z71xer","timestamp":1674753126665,"id":"ywhez6ppupnftjl"}
