{"type":"operationStart","subtype":"profile","data":{"_id":"RQX6UXP2gwAJK3y3","timestamp":"2023-01-24T18:57:28.855Z","state":"queued","mode":"standard","creationDate":"2023-01-24T18:57:28.857Z","modificationDate":"2023-01-24T18:57:28.857Z","shortid":"HwEFMHS","$entitySet":"profiles"},"doDiffs":false,"timestamp":1674586648856,"id":"sfvstychwy5y9ie","previousOperationId":null,"operationId":"cog3watuqvlmeuy"}
{"type":"log","level":"info","message":"Render request 2 queued for execution and waiting for available worker","previousOperationId":"cog3watuqvlmeuy","timestamp":1674586648857,"id":"b67z4775fr79azv"}
{"type":"operationStart","subtype":"render","name":"Data","previousOperationId":"cog3watuqvlmeuy","timestamp":1674586648878,"id":"m50nnwm9meuv3zm","previousEventId":"sfvstychwy5y9ie","operationId":"naxhq1oqru0qiro"}
{"type":"log","timestamp":1674586648879,"level":"info","message":"Starting rendering request 2","meta":{"rootId":"8ik4g8qbpyrpw8p","id":"8ik4g8qbpyrpw8p"},"id":"a65dvrnzlwfb1e5","previousOperationId":"naxhq1oqru0qiro"}
{"type":"log","timestamp":1674586648879,"level":"info","message":"Rendering template { name: Data, recipe: chrome-pdf, engine: handlebars, preview: true }","meta":{"rootId":"8ik4g8qbpyrpw8p","id":"8ik4g8qbpyrpw8p"},"id":"41kgkaqdjgcruw3","previousOperationId":"naxhq1oqru0qiro"}
{"type":"log","timestamp":1674586648880,"level":"debug","message":"Data item not defined for this template.","meta":{"rootId":"8ik4g8qbpyrpw8p","id":"8ik4g8qbpyrpw8p"},"id":"vr6se92ue2kfi5z","previousOperationId":"naxhq1oqru0qiro"}
{"type":"log","timestamp":1674586648884,"level":"debug","message":"Executing script testing (beforeRender)","meta":{"rootId":"8ik4g8qbpyrpw8p","id":"8ik4g8qbpyrpw8p"},"id":"2nnp7d5slr6ai0h","previousOperationId":"naxhq1oqru0qiro"}
{"type":"operationStart","subtype":"scriptsBeforeRender","name":"scripts beforeRender","timestamp":1674586648991,"id":"g30j4n04t9gltmh","previousEventId":"m50nnwm9meuv3zm","operationId":"swqlrmhfpx7pq3h","previousOperationId":"naxhq1oqru0qiro"}
{"type":"operationStart","subtype":"script","name":"scripts testing","previousOperationId":"swqlrmhfpx7pq3h","timestamp":1674586648991,"id":"drfpia1mgqz8r9l","previousEventId":"g30j4n04t9gltmh","operationId":"jkoqbprui4cm4lq"}
{"type":"operationEnd","operationId":"jkoqbprui4cm4lq","timestamp":1674586649398,"id":"muio3lqklnwvzq6","previousEventId":"m50nnwm9meuv3zm","previousOperationId":"naxhq1oqru0qiro"}
{"type":"operationEnd","operationId":"swqlrmhfpx7pq3h","timestamp":1674586649398,"id":"9gegwxb82x7nzxl","previousEventId":"muio3lqklnwvzq6","previousOperationId":"naxhq1oqru0qiro"}
{"type":"log","timestamp":1674586649398,"level":"debug","message":"Base url not specified, skipping its injection.","meta":{"rootId":"8ik4g8qbpyrpw8p","id":"8ik4g8qbpyrpw8p"},"id":"xvy7piys7frskdh","previousOperationId":"swqlrmhfpx7pq3h"}
{"type":"operationStart","subtype":"engine","name":"handlebars","timestamp":1674586649398,"id":"0ucmguokua543es","previousEventId":"9gegwxb82x7nzxl","operationId":"w8uobw4v1llymea","previousOperationId":"swqlrmhfpx7pq3h"}
{"type":"log","timestamp":1674586649398,"level":"debug","message":"Rendering engine handlebars","meta":{"rootId":"8ik4g8qbpyrpw8p","id":"8ik4g8qbpyrpw8p"},"id":"sf39lao9f9inoih","previousOperationId":"w8uobw4v1llymea"}
{"type":"operationEnd","operationId":"w8uobw4v1llymea","timestamp":1674586649412,"id":"s2fks6bow3c4ppl","previousEventId":"0ucmguokua543es","previousOperationId":"w8uobw4v1llymea"}
{"type":"operationStart","subtype":"recipe","name":"chrome-pdf","timestamp":1674586649413,"id":"eym4upbxjh1bhbt","previousEventId":"s2fks6bow3c4ppl","operationId":"25pgnzdjvbm8y0o","previousOperationId":"w8uobw4v1llymea"}
{"type":"log","timestamp":1674586649413,"level":"debug","message":"Executing recipe chrome-pdf","meta":{"rootId":"8ik4g8qbpyrpw8p","id":"8ik4g8qbpyrpw8p"},"id":"4qebz7p0632i3rr","previousOperationId":"25pgnzdjvbm8y0o"}
{"type":"log","timestamp":1674586649422,"level":"debug","message":"Converting with chrome HeadlessChrome/105.0.5173.0 using chrome-pool strategy","meta":{"rootId":"8ik4g8qbpyrpw8p","id":"8ik4g8qbpyrpw8p"},"id":"ubfddpebar3674v","previousOperationId":"25pgnzdjvbm8y0o"}
{"type":"log","timestamp":1674586649577,"level":"debug","message":"Page request: GET (document) file:///C:/Users/Johan/AppData/Local/Temp/jsreport/autocleanup/0a7d35c6-b82d-49b8-9095-d4e18b750265-chrome-pdf.html","meta":{"rootId":"8ik4g8qbpyrpw8p","id":"8ik4g8qbpyrpw8p"},"id":"t1telmlv6f2tvcf","previousOperationId":"25pgnzdjvbm8y0o"}
{"type":"log","timestamp":1674586649589,"level":"debug","message":"Page request finished: GET (document) 200 file:///C:/Users/Johan/AppData/Local/Temp/jsreport/autocleanup/0a7d35c6-b82d-49b8-9095-d4e18b750265-chrome-pdf.html","meta":{"rootId":"8ik4g8qbpyrpw8p","id":"8ik4g8qbpyrpw8p"},"id":"9frv74n5ftkmd1b","previousOperationId":"25pgnzdjvbm8y0o"}
{"type":"log","timestamp":1674586649589,"level":"debug","message":"Page request: GET (stylesheet) https://cdnjs.cloudflare.com/ajax/libs/metro/4.1.5/css/metro.min.css","meta":{"rootId":"8ik4g8qbpyrpw8p","id":"8ik4g8qbpyrpw8p"},"id":"ie547cjsf6pjphr","previousOperationId":"25pgnzdjvbm8y0o"}
{"type":"log","timestamp":1674586649590,"level":"debug","message":"Page request: GET (script) https://cdnjs.cloudflare.com/ajax/libs/Chart.js/2.7.2/Chart.min.js","meta":{"rootId":"8ik4g8qbpyrpw8p","id":"8ik4g8qbpyrpw8p"},"id":"0uppp56hch33451","previousOperationId":"25pgnzdjvbm8y0o"}
{"type":"log","timestamp":1674586649612,"level":"debug","message":"Page request finished: GET (stylesheet) 200 https://cdnjs.cloudflare.com/ajax/libs/metro/4.1.5/css/metro.min.css","meta":{"rootId":"8ik4g8qbpyrpw8p","id":"8ik4g8qbpyrpw8p"},"id":"ifi1hpsgw39g6uw","previousOperationId":"25pgnzdjvbm8y0o"}
{"type":"log","timestamp":1674586649613,"level":"debug","message":"Page request finished: GET (script) 200 https://cdnjs.cloudflare.com/ajax/libs/Chart.js/2.7.2/Chart.min.js","meta":{"rootId":"8ik4g8qbpyrpw8p","id":"8ik4g8qbpyrpw8p"},"id":"p5sbq733q2ol9wn","previousOperationId":"25pgnzdjvbm8y0o"}
{"type":"log","timestamp":1674586649695,"level":"debug","message":"Running chrome with params {\"printBackground\":true,\"timeout\":59435,\"margin\":{}}","meta":{"rootId":"8ik4g8qbpyrpw8p","id":"8ik4g8qbpyrpw8p"},"id":"47jmzeqkg108797","previousOperationId":"25pgnzdjvbm8y0o"}
{"type":"operationEnd","operationId":"25pgnzdjvbm8y0o","timestamp":1674586649850,"id":"p6kmp7q9m1l8qq2","previousEventId":"eym4upbxjh1bhbt","previousOperationId":"25pgnzdjvbm8y0o"}
{"type":"log","timestamp":1674586649850,"level":"debug","message":"Skipping storing report.","meta":{"rootId":"8ik4g8qbpyrpw8p","id":"8ik4g8qbpyrpw8p"},"id":"0wkujjnj4sa1km7","previousOperationId":"25pgnzdjvbm8y0o"}
{"type":"log","timestamp":1674586649850,"level":"info","message":"Rendering request 2 finished in 995 ms","meta":{"rootId":"8ik4g8qbpyrpw8p","id":"8ik4g8qbpyrpw8p"},"id":"ga3qgfegq617mco","previousOperationId":"25pgnzdjvbm8y0o"}
{"type":"operationEnd","subtype":"render","operationId":"naxhq1oqru0qiro","timestamp":1674586649850,"id":"iq626xbn2fcc56g","previousEventId":"p6kmp7q9m1l8qq2","previousOperationId":"25pgnzdjvbm8y0o"}
{"type":"operationEnd","doDiffs":false,"previousEventId":"sfvstychwy5y9ie","previousOperationId":"cog3watuqvlmeuy","operationId":"cog3watuqvlmeuy","timestamp":1674586649857,"id":"s93fj71uepa7rgl"}
