{"type":"operationStart","subtype":"profile","data":{"_id":"Chs2EiyKKF0inpoL","timestamp":"2023-01-26T17:28:58.538Z","state":"queued","mode":"standard","creationDate":"2023-01-26T17:28:58.541Z","modificationDate":"2023-01-26T17:28:58.541Z","shortid":"xGK_ToX","$entitySet":"profiles"},"doDiffs":false,"timestamp":1674754138540,"id":"6il5ut878y9rw70","previousOperationId":null,"operationId":"obchae9wmlxo9su"}
{"type":"log","level":"info","message":"Render request 41 queued for execution and waiting for available worker","previousOperationId":"obchae9wmlxo9su","timestamp":1674754138540,"id":"xtzny8wlbhr0b0q"}
{"type":"operationStart","subtype":"render","name":"Data","previousOperationId":"obchae9wmlxo9su","timestamp":1674754138552,"id":"idwlh0v2gjk66ol","previousEventId":"6il5ut878y9rw70","operationId":"65rwrpq56mh4urs"}
{"type":"log","timestamp":1674754138553,"level":"info","message":"Starting rendering request 41","meta":{"rootId":"8lwryukyj7jytdi","id":"8lwryukyj7jytdi"},"id":"gzvok30cmzdazdb","previousOperationId":"65rwrpq56mh4urs"}
{"type":"log","timestamp":1674754138553,"level":"info","message":"Rendering template { name: Data, recipe: chrome-pdf, engine: handlebars, preview: true }","meta":{"rootId":"8lwryukyj7jytdi","id":"8lwryukyj7jytdi"},"id":"7f6z6q2uh1ejk86","previousOperationId":"65rwrpq56mh4urs"}
{"type":"log","timestamp":1674754138555,"level":"debug","message":"Data item not defined for this template.","meta":{"rootId":"8lwryukyj7jytdi","id":"8lwryukyj7jytdi"},"id":"s14li08626vkiev","previousOperationId":"65rwrpq56mh4urs"}
{"type":"log","timestamp":1674754138561,"level":"debug","message":"Executing script testing (beforeRender)","meta":{"rootId":"8lwryukyj7jytdi","id":"8lwryukyj7jytdi"},"id":"dw0l35dj8tlihi5","previousOperationId":"65rwrpq56mh4urs"}
{"type":"operationStart","subtype":"scriptsBeforeRender","name":"scripts beforeRender","timestamp":1674754138627,"id":"m1ubcqmrqzwtt7n","previousEventId":"idwlh0v2gjk66ol","operationId":"8sn498v2bj0vazo","previousOperationId":"65rwrpq56mh4urs"}
{"type":"operationStart","subtype":"script","name":"scripts testing","previousOperationId":"8sn498v2bj0vazo","timestamp":1674754138627,"id":"bs2mq60crbmep6t","previousEventId":"m1ubcqmrqzwtt7n","operationId":"u64w6c718w976q1"}
{"type":"log","timestamp":1674754138862,"level":"debug","message":"(console:log) {\n  locationName: [ 'Las Palmas de Gran Canaria', 'Galdar', 'Teror' ],\n  repetition: [ '2', '1', '3' ]\n}","meta":{"userLevel":true,"rootId":"8lwryukyj7jytdi","id":"8lwryukyj7jytdi"},"id":"b6pmk6nagnffck5","previousOperationId":"u64w6c718w976q1"}
{"type":"log","timestamp":1674754138862,"level":"debug","message":"(console:log) [ 'Las Palmas de Gran Canaria', 'Galdar', 'Teror' ]","meta":{"userLevel":true,"rootId":"8lwryukyj7jytdi","id":"8lwryukyj7jytdi"},"id":"kmfrevll4vysf5c","previousOperationId":"u64w6c718w976q1"}
{"type":"log","timestamp":1674754138862,"level":"debug","message":"(console:log) [ '2', '1', '3' ]","meta":{"userLevel":true,"rootId":"8lwryukyj7jytdi","id":"8lwryukyj7jytdi"},"id":"xyungb3k2gn621t","previousOperationId":"u64w6c718w976q1"}
{"type":"operationEnd","operationId":"u64w6c718w976q1","timestamp":1674754139259,"id":"16zfeclarirgggb","previousEventId":"idwlh0v2gjk66ol","previousOperationId":"65rwrpq56mh4urs"}
{"type":"operationEnd","operationId":"8sn498v2bj0vazo","timestamp":1674754139259,"id":"antlj660kjd4yzw","previousEventId":"16zfeclarirgggb","previousOperationId":"65rwrpq56mh4urs"}
{"type":"log","timestamp":1674754139259,"level":"debug","message":"Base url not specified, skipping its injection.","meta":{"rootId":"8lwryukyj7jytdi","id":"8lwryukyj7jytdi"},"id":"5fhax4u7dqfahlm","previousOperationId":"8sn498v2bj0vazo"}
{"type":"operationStart","subtype":"engine","name":"handlebars","timestamp":1674754139259,"id":"jwlppsmmdeyl3so","previousEventId":"antlj660kjd4yzw","operationId":"4mvr7rjajjqolbs","previousOperationId":"8sn498v2bj0vazo"}
{"type":"log","timestamp":1674754139259,"level":"debug","message":"Rendering engine handlebars","meta":{"rootId":"8lwryukyj7jytdi","id":"8lwryukyj7jytdi"},"id":"prmeasnj1qgm1m0","previousOperationId":"4mvr7rjajjqolbs"}
{"type":"operationEnd","operationId":"4mvr7rjajjqolbs","timestamp":1674754139275,"id":"z6x7ezmafevsvoz","previousEventId":"jwlppsmmdeyl3so","previousOperationId":"4mvr7rjajjqolbs"}
{"type":"operationStart","subtype":"recipe","name":"chrome-pdf","timestamp":1674754139276,"id":"jgfe957jw2euzzr","previousEventId":"z6x7ezmafevsvoz","operationId":"8vie2kswogpbhrv","previousOperationId":"4mvr7rjajjqolbs"}
{"type":"log","timestamp":1674754139276,"level":"debug","message":"Executing recipe chrome-pdf","meta":{"rootId":"8lwryukyj7jytdi","id":"8lwryukyj7jytdi"},"id":"n2des752k2r8ab3","previousOperationId":"8vie2kswogpbhrv"}
{"type":"log","timestamp":1674754139279,"level":"debug","message":"Converting with chrome HeadlessChrome/105.0.5173.0 using chrome-pool strategy","meta":{"rootId":"8lwryukyj7jytdi","id":"8lwryukyj7jytdi"},"id":"f8j2i25rb7zg1y2","previousOperationId":"8vie2kswogpbhrv"}
{"type":"log","timestamp":1674754139375,"level":"debug","message":"Page request: GET (document) file:///C:/Users/Johan/AppData/Local/Temp/jsreport/autocleanup/927dd69c-6c40-46f7-8006-994d15a490df-chrome-pdf.html","meta":{"rootId":"8lwryukyj7jytdi","id":"8lwryukyj7jytdi"},"id":"glatpjgjjfoheom","previousOperationId":"8vie2kswogpbhrv"}
{"type":"log","timestamp":1674754139394,"level":"debug","message":"Page request: GET (stylesheet) https://cdnjs.cloudflare.com/ajax/libs/metro/4.1.5/css/metro.min.css","meta":{"rootId":"8lwryukyj7jytdi","id":"8lwryukyj7jytdi"},"id":"s9egr9y2if9rxd7","previousOperationId":"8vie2kswogpbhrv"}
{"type":"log","timestamp":1674754139395,"level":"debug","message":"Page request: GET (stylesheet) https://cdnjs.cloudflare.com/ajax/libs/chartist/0.11.0/chartist.min.css","meta":{"rootId":"8lwryukyj7jytdi","id":"8lwryukyj7jytdi"},"id":"8tqzgee76i9vefj","previousOperationId":"8vie2kswogpbhrv"}
{"type":"log","timestamp":1674754139395,"level":"debug","message":"Page request finished: GET (document) 200 file:///C:/Users/Johan/AppData/Local/Temp/jsreport/autocleanup/927dd69c-6c40-46f7-8006-994d15a490df-chrome-pdf.html","meta":{"rootId":"8lwryukyj7jytdi","id":"8lwryukyj7jytdi"},"id":"c4651fuf1xw0267","previousOperationId":"8vie2kswogpbhrv"}
{"type":"log","timestamp":1674754139395,"level":"debug","message":"Page request: GET (script) https://cdnjs.cloudflare.com/ajax/libs/chartist/0.11.0/chartist.min.js","meta":{"rootId":"8lwryukyj7jytdi","id":"8lwryukyj7jytdi"},"id":"so6s17hetnmk7db","previousOperationId":"8vie2kswogpbhrv"}
{"type":"log","timestamp":1674754139396,"level":"debug","message":"Page request: GET (script) https://unpkg.com/chartist-plugin-tooltips@0.0.17","meta":{"rootId":"8lwryukyj7jytdi","id":"8lwryukyj7jytdi"},"id":"7zk3mm64kprz7s0","previousOperationId":"8vie2kswogpbhrv"}
{"type":"log","timestamp":1674754139396,"level":"debug","message":"Page request: GET (script) https://unpkg.com/chartist-plugin-pointlabels@0.0.6","meta":{"rootId":"8lwryukyj7jytdi","id":"8lwryukyj7jytdi"},"id":"xt5uz42mdhayp8k","previousOperationId":"8vie2kswogpbhrv"}
{"type":"log","timestamp":1674754139402,"level":"debug","message":"Page request finished: GET (stylesheet) 200 https://cdnjs.cloudflare.com/ajax/libs/chartist/0.11.0/chartist.min.css","meta":{"rootId":"8lwryukyj7jytdi","id":"8lwryukyj7jytdi"},"id":"ah9w8uokytv3yks","previousOperationId":"8vie2kswogpbhrv"}
{"type":"log","timestamp":1674754139403,"level":"warn","message":"Page request failed: GET (script) 302 https://unpkg.com/chartist-plugin-tooltips@0.0.17 (redirect to: /chartist-plugin-tooltips@0.0.17/dist/chartist-plugin-tooltip.js)","meta":{"rootId":"8lwryukyj7jytdi","id":"8lwryukyj7jytdi"},"id":"gepfrrhvb1hlfac","previousOperationId":"8vie2kswogpbhrv"}
{"type":"log","timestamp":1674754139404,"level":"warn","message":"Page request failed: GET (script) 302 https://unpkg.com/chartist-plugin-pointlabels@0.0.6 (redirect to: /chartist-plugin-pointlabels@0.0.6/dist/chartist-plugin-pointlabels.js)","meta":{"rootId":"8lwryukyj7jytdi","id":"8lwryukyj7jytdi"},"id":"wke8pszkzgo1q7o","previousOperationId":"8vie2kswogpbhrv"}
{"type":"log","timestamp":1674754139404,"level":"debug","message":"Page request: GET (script) https://unpkg.com/chartist-plugin-tooltips@0.0.17/dist/chartist-plugin-tooltip.js (redirect from: https://unpkg.com/chartist-plugin-tooltips@0.0.17)","meta":{"rootId":"8lwryukyj7jytdi","id":"8lwryukyj7jytdi"},"id":"9b3jtpiwpgpkwel","previousOperationId":"8vie2kswogpbhrv"}
{"type":"log","timestamp":1674754139404,"level":"debug","message":"Page request: GET (script) https://unpkg.com/chartist-plugin-pointlabels@0.0.6/dist/chartist-plugin-pointlabels.js (redirect from: https://unpkg.com/chartist-plugin-pointlabels@0.0.6)","meta":{"rootId":"8lwryukyj7jytdi","id":"8lwryukyj7jytdi"},"id":"q6ijztt89ffvhi7","previousOperationId":"8vie2kswogpbhrv"}
{"type":"log","timestamp":1674754139405,"level":"debug","message":"Page request finished: GET (script) 200 https://cdnjs.cloudflare.com/ajax/libs/chartist/0.11.0/chartist.min.js","meta":{"rootId":"8lwryukyj7jytdi","id":"8lwryukyj7jytdi"},"id":"1va0r5vlm3r9yfx","previousOperationId":"8vie2kswogpbhrv"}
{"type":"log","timestamp":1674754139421,"level":"debug","message":"Page request finished: GET (stylesheet) 200 https://cdnjs.cloudflare.com/ajax/libs/metro/4.1.5/css/metro.min.css","meta":{"rootId":"8lwryukyj7jytdi","id":"8lwryukyj7jytdi"},"id":"wllvkr4td428bh7","previousOperationId":"8vie2kswogpbhrv"}
{"type":"log","timestamp":1674754139425,"level":"debug","message":"Page request finished: GET (script) 200 https://unpkg.com/chartist-plugin-tooltips@0.0.17/dist/chartist-plugin-tooltip.js","meta":{"rootId":"8lwryukyj7jytdi","id":"8lwryukyj7jytdi"},"id":"uav0sk95ud19pw5","previousOperationId":"8vie2kswogpbhrv"}
{"type":"log","timestamp":1674754139425,"level":"debug","message":"Page request finished: GET (script) 200 https://unpkg.com/chartist-plugin-pointlabels@0.0.6/dist/chartist-plugin-pointlabels.js","meta":{"rootId":"8lwryukyj7jytdi","id":"8lwryukyj7jytdi"},"id":"msiyyyqdgmsjwsa","previousOperationId":"8vie2kswogpbhrv"}
{"type":"log","timestamp":1674754139426,"level":"warn","message":"Page error: SyntaxError: Unexpected identifier","meta":{"rootId":"8lwryukyj7jytdi","id":"8lwryukyj7jytdi"},"id":"1idscd8a59ve5yk","previousOperationId":"8vie2kswogpbhrv"}
{"type":"log","timestamp":1674754139467,"level":"debug","message":"Running chrome with params {\"printBackground\":true,\"timeout\":59260,\"margin\":{}}","meta":{"rootId":"8lwryukyj7jytdi","id":"8lwryukyj7jytdi"},"id":"f07w7z9gsgm5vm1","previousOperationId":"8vie2kswogpbhrv"}
{"type":"operationEnd","operationId":"8vie2kswogpbhrv","timestamp":1674754139585,"id":"kjlsss3mbq5odkj","previousEventId":"jgfe957jw2euzzr","previousOperationId":"8vie2kswogpbhrv"}
{"type":"log","timestamp":1674754139585,"level":"debug","message":"Executing script testing (afterRender)","meta":{"rootId":"8lwryukyj7jytdi","id":"8lwryukyj7jytdi"},"id":"cx52upaefskewbo","previousOperationId":"8vie2kswogpbhrv"}
{"type":"operationStart","subtype":"scriptsAfterRender","name":"scripts afterRender","timestamp":1674754139592,"id":"9g9ldj68tj3j5gt","previousEventId":"kjlsss3mbq5odkj","operationId":"mqbcb9owkx84fcu","previousOperationId":"8vie2kswogpbhrv"}
{"type":"operationStart","subtype":"script","name":"scripts testing","previousOperationId":"mqbcb9owkx84fcu","timestamp":1674754139592,"id":"fexm5oe3njlnrly","previousEventId":"9g9ldj68tj3j5gt","operationId":"nyta4pgpkcbfj9x"}
{"type":"operationEnd","operationId":"nyta4pgpkcbfj9x","timestamp":1674754140706,"id":"f6orv06uk8a56vn","previousEventId":"kjlsss3mbq5odkj","previousOperationId":"8vie2kswogpbhrv"}
{"type":"operationEnd","operationId":"mqbcb9owkx84fcu","timestamp":1674754140706,"id":"774js9c1f2vnp1b","previousEventId":"f6orv06uk8a56vn","previousOperationId":"8vie2kswogpbhrv"}
{"type":"log","timestamp":1674754140706,"level":"debug","message":"Skipping storing report.","meta":{"rootId":"8lwryukyj7jytdi","id":"8lwryukyj7jytdi"},"id":"ebnv59rtt09fxzz","previousOperationId":"mqbcb9owkx84fcu"}
{"type":"log","timestamp":1674754140706,"level":"info","message":"Rendering request 41 finished in 2168 ms","meta":{"rootId":"8lwryukyj7jytdi","id":"8lwryukyj7jytdi"},"id":"unaluii6my7vlxe","previousOperationId":"mqbcb9owkx84fcu"}
{"type":"operationEnd","subtype":"render","operationId":"65rwrpq56mh4urs","timestamp":1674754140706,"id":"7912kjr49xgase9","previousEventId":"774js9c1f2vnp1b","previousOperationId":"mqbcb9owkx84fcu"}
{"type":"operationEnd","doDiffs":false,"previousEventId":"6il5ut878y9rw70","previousOperationId":"obchae9wmlxo9su","operationId":"obchae9wmlxo9su","timestamp":1674754140709,"id":"vns6hki5mya7xfl"}
