{"type":"operationStart","subtype":"profile","data":{"_id":"DJodx5zwtHz2MBIX","timestamp":"2023-01-26T17:06:17.388Z","state":"queued","mode":"standard","creationDate":"2023-01-26T17:06:17.390Z","modificationDate":"2023-01-26T17:06:17.390Z","shortid":"iwmnktL","$entitySet":"profiles"},"doDiffs":false,"timestamp":1674752777389,"id":"9ndd8dy70hpxkkj","previousOperationId":null,"operationId":"s8an3rc9t6bat8p"}
{"type":"log","level":"info","message":"Render request 11 queued for execution and waiting for available worker","previousOperationId":"s8an3rc9t6bat8p","timestamp":1674752777389,"id":"2udexppodndk4nc"}
{"type":"operationStart","subtype":"render","name":"Data","previousOperationId":"s8an3rc9t6bat8p","timestamp":1674752777399,"id":"opgk0ouxp1d6dnm","previousEventId":"9ndd8dy70hpxkkj","operationId":"h6bbs4whxejnmi9"}
{"type":"log","timestamp":1674752777399,"level":"info","message":"Starting rendering request 11","meta":{"rootId":"8qqcb6dqc3plcl9","id":"8qqcb6dqc3plcl9"},"id":"kobc5bp4kxeywm5","previousOperationId":"h6bbs4whxejnmi9"}
{"type":"log","timestamp":1674752777399,"level":"info","message":"Rendering template { name: Data, recipe: chrome-pdf, engine: handlebars, preview: true }","meta":{"rootId":"8qqcb6dqc3plcl9","id":"8qqcb6dqc3plcl9"},"id":"i09esa6bw57kjqz","previousOperationId":"h6bbs4whxejnmi9"}
{"type":"log","timestamp":1674752777400,"level":"debug","message":"Data item not defined for this template.","meta":{"rootId":"8qqcb6dqc3plcl9","id":"8qqcb6dqc3plcl9"},"id":"ywz6c3lks3u7s85","previousOperationId":"h6bbs4whxejnmi9"}
{"type":"log","timestamp":1674752777405,"level":"debug","message":"Executing script testing (beforeRender)","meta":{"rootId":"8qqcb6dqc3plcl9","id":"8qqcb6dqc3plcl9"},"id":"2gzus0e8i8veaso","previousOperationId":"h6bbs4whxejnmi9"}
{"type":"operationStart","subtype":"scriptsBeforeRender","name":"scripts beforeRender","timestamp":1674752777485,"id":"fi6ggzccyval17p","previousEventId":"opgk0ouxp1d6dnm","operationId":"rosv181k27374lj","previousOperationId":"h6bbs4whxejnmi9"}
{"type":"operationStart","subtype":"script","name":"scripts testing","previousOperationId":"rosv181k27374lj","timestamp":1674752777485,"id":"4a9jwl5o0gi8ucc","previousEventId":"fi6ggzccyval17p","operationId":"i01a91fkghtqpao"}
{"type":"log","timestamp":1674752778015,"level":"debug","message":"(console:log) {\n  locationnamesos: [ 'Las Palmas de Gran Canaria', 'Galdar', 'Teror' ],\n  repetition: [ '2', '1', '3' ]\n}","meta":{"userLevel":true,"rootId":"8qqcb6dqc3plcl9","id":"8qqcb6dqc3plcl9"},"id":"18fuxyw2yjao3hr","previousOperationId":"i01a91fkghtqpao"}
{"type":"log","timestamp":1674752778015,"level":"debug","message":"(console:log) undefined","meta":{"userLevel":true,"rootId":"8qqcb6dqc3plcl9","id":"8qqcb6dqc3plcl9"},"id":"m1sr1lbkjxzqp4k","previousOperationId":"i01a91fkghtqpao"}
{"type":"log","timestamp":1674752778015,"level":"debug","message":"(console:log) [ '2', '1', '3' ]","meta":{"userLevel":true,"rootId":"8qqcb6dqc3plcl9","id":"8qqcb6dqc3plcl9"},"id":"k0iipkcs9zzp7t5","previousOperationId":"i01a91fkghtqpao"}
{"type":"operationEnd","operationId":"i01a91fkghtqpao","timestamp":1674752778503,"id":"hwso0oezjx90zie","previousEventId":"opgk0ouxp1d6dnm","previousOperationId":"h6bbs4whxejnmi9"}
{"type":"operationEnd","operationId":"rosv181k27374lj","timestamp":1674752778503,"id":"uxrsvwiusug5dmq","previousEventId":"hwso0oezjx90zie","previousOperationId":"h6bbs4whxejnmi9"}
{"type":"log","timestamp":1674752778503,"level":"debug","message":"Base url not specified, skipping its injection.","meta":{"rootId":"8qqcb6dqc3plcl9","id":"8qqcb6dqc3plcl9"},"id":"81u7hnaa5mdc2wz","previousOperationId":"rosv181k27374lj"}
{"type":"operationStart","subtype":"engine","name":"handlebars","timestamp":1674752778503,"id":"4sts4umtimu4oej","previousEventId":"uxrsvwiusug5dmq","operationId":"ftnuco898cjws6p","previousOperationId":"rosv181k27374lj"}
{"type":"log","timestamp":1674752778503,"level":"debug","message":"Rendering engine handlebars","meta":{"rootId":"8qqcb6dqc3plcl9","id":"8qqcb6dqc3plcl9"},"id":"jxo9u6bfo2rfe2t","previousOperationId":"ftnuco898cjws6p"}
{"type":"operationEnd","operationId":"ftnuco898cjws6p","timestamp":1674752778518,"id":"4yesyghtmsvk5b7","previousEventId":"4sts4umtimu4oej","previousOperationId":"ftnuco898cjws6p"}
{"type":"operationStart","subtype":"recipe","name":"chrome-pdf","timestamp":1674752778519,"id":"s5ojqxsu188qc2g","previousEventId":"4yesyghtmsvk5b7","operationId":"b4q0oxc651v91g9","previousOperationId":"ftnuco898cjws6p"}
{"type":"log","timestamp":1674752778519,"level":"debug","message":"Executing recipe chrome-pdf","meta":{"rootId":"8qqcb6dqc3plcl9","id":"8qqcb6dqc3plcl9"},"id":"2fbec31otf7ddu5","previousOperationId":"b4q0oxc651v91g9"}
{"type":"log","timestamp":1674752778524,"level":"debug","message":"Converting with chrome HeadlessChrome/105.0.5173.0 using chrome-pool strategy","meta":{"rootId":"8qqcb6dqc3plcl9","id":"8qqcb6dqc3plcl9"},"id":"sjfadpjvrvnc7xr","previousOperationId":"b4q0oxc651v91g9"}
{"type":"log","timestamp":1674752778641,"level":"debug","message":"Page request: GET (document) file:///C:/Users/Johan/AppData/Local/Temp/jsreport/autocleanup/190e1eed-7f9f-497b-a878-9cdd3a5baf52-chrome-pdf.html","meta":{"rootId":"8qqcb6dqc3plcl9","id":"8qqcb6dqc3plcl9"},"id":"t7ng55jnri4bbiv","previousOperationId":"b4q0oxc651v91g9"}
{"type":"log","timestamp":1674752778662,"level":"debug","message":"Page request: GET (stylesheet) https://cdnjs.cloudflare.com/ajax/libs/metro/4.1.5/css/metro.min.css","meta":{"rootId":"8qqcb6dqc3plcl9","id":"8qqcb6dqc3plcl9"},"id":"ijolu1nr4rosr2n","previousOperationId":"b4q0oxc651v91g9"}
{"type":"log","timestamp":1674752778662,"level":"debug","message":"Page request: GET (stylesheet) https://cdnjs.cloudflare.com/ajax/libs/chartist/0.11.0/chartist.min.css","meta":{"rootId":"8qqcb6dqc3plcl9","id":"8qqcb6dqc3plcl9"},"id":"8t58do12rhlgyqr","previousOperationId":"b4q0oxc651v91g9"}
{"type":"log","timestamp":1674752778662,"level":"debug","message":"Page request: GET (script) https://cdnjs.cloudflare.com/ajax/libs/chartist/0.11.0/chartist.min.js","meta":{"rootId":"8qqcb6dqc3plcl9","id":"8qqcb6dqc3plcl9"},"id":"weredsjuy2j02cq","previousOperationId":"b4q0oxc651v91g9"}
{"type":"log","timestamp":1674752778662,"level":"debug","message":"Page request: GET (script) https://unpkg.com/chartist-plugin-tooltips@0.0.17","meta":{"rootId":"8qqcb6dqc3plcl9","id":"8qqcb6dqc3plcl9"},"id":"rqkhrdrw8zme4qv","previousOperationId":"b4q0oxc651v91g9"}
{"type":"log","timestamp":1674752778663,"level":"debug","message":"Page request finished: GET (document) 200 file:///C:/Users/Johan/AppData/Local/Temp/jsreport/autocleanup/190e1eed-7f9f-497b-a878-9cdd3a5baf52-chrome-pdf.html","meta":{"rootId":"8qqcb6dqc3plcl9","id":"8qqcb6dqc3plcl9"},"id":"jjvwb1d26adw55x","previousOperationId":"b4q0oxc651v91g9"}
{"type":"log","timestamp":1674752778663,"level":"debug","message":"Page request: GET (script) https://unpkg.com/chartist-plugin-pointlabels@0.0.6","meta":{"rootId":"8qqcb6dqc3plcl9","id":"8qqcb6dqc3plcl9"},"id":"uhpkiewwfcgaugu","previousOperationId":"b4q0oxc651v91g9"}
{"type":"log","timestamp":1674752778668,"level":"debug","message":"Page request finished: GET (stylesheet) 200 https://cdnjs.cloudflare.com/ajax/libs/chartist/0.11.0/chartist.min.css","meta":{"rootId":"8qqcb6dqc3plcl9","id":"8qqcb6dqc3plcl9"},"id":"ovigl9ok5qkv71t","previousOperationId":"b4q0oxc651v91g9"}
{"type":"log","timestamp":1674752778669,"level":"warn","message":"Page request failed: GET (script) 302 https://unpkg.com/chartist-plugin-tooltips@0.0.17 (redirect to: /chartist-plugin-tooltips@0.0.17/dist/chartist-plugin-tooltip.js)","meta":{"rootId":"8qqcb6dqc3plcl9","id":"8qqcb6dqc3plcl9"},"id":"yej7t4wav2mm313","previousOperationId":"b4q0oxc651v91g9"}
{"type":"log","timestamp":1674752778669,"level":"debug","message":"Page request: GET (script) https://unpkg.com/chartist-plugin-tooltips@0.0.17/dist/chartist-plugin-tooltip.js (redirect from: https://unpkg.com/chartist-plugin-tooltips@0.0.17)","meta":{"rootId":"8qqcb6dqc3plcl9","id":"8qqcb6dqc3plcl9"},"id":"30eszhdywfuvn8v","previousOperationId":"b4q0oxc651v91g9"}
{"type":"log","timestamp":1674752778670,"level":"warn","message":"Page request failed: GET (script) 302 https://unpkg.com/chartist-plugin-pointlabels@0.0.6 (redirect to: /chartist-plugin-pointlabels@0.0.6/dist/chartist-plugin-pointlabels.js)","meta":{"rootId":"8qqcb6dqc3plcl9","id":"8qqcb6dqc3plcl9"},"id":"r6jxsvpa6yuqhel","previousOperationId":"b4q0oxc651v91g9"}
{"type":"log","timestamp":1674752778670,"level":"debug","message":"Page request: GET (script) https://unpkg.com/chartist-plugin-pointlabels@0.0.6/dist/chartist-plugin-pointlabels.js (redirect from: https://unpkg.com/chartist-plugin-pointlabels@0.0.6)","meta":{"rootId":"8qqcb6dqc3plcl9","id":"8qqcb6dqc3plcl9"},"id":"96zcd2exiuykcmc","previousOperationId":"b4q0oxc651v91g9"}
{"type":"log","timestamp":1674752778684,"level":"debug","message":"Page request finished: GET (stylesheet) 200 https://cdnjs.cloudflare.com/ajax/libs/metro/4.1.5/css/metro.min.css","meta":{"rootId":"8qqcb6dqc3plcl9","id":"8qqcb6dqc3plcl9"},"id":"pc11n9w2hvhzyrq","previousOperationId":"b4q0oxc651v91g9"}
{"type":"log","timestamp":1674752778685,"level":"debug","message":"Page request finished: GET (script) 200 https://cdnjs.cloudflare.com/ajax/libs/chartist/0.11.0/chartist.min.js","meta":{"rootId":"8qqcb6dqc3plcl9","id":"8qqcb6dqc3plcl9"},"id":"8gjwlnm3gknqsdj","previousOperationId":"b4q0oxc651v91g9"}
{"type":"log","timestamp":1674752778688,"level":"debug","message":"Page request finished: GET (script) 200 https://unpkg.com/chartist-plugin-tooltips@0.0.17/dist/chartist-plugin-tooltip.js","meta":{"rootId":"8qqcb6dqc3plcl9","id":"8qqcb6dqc3plcl9"},"id":"nr9jqw7gqrl5yfi","previousOperationId":"b4q0oxc651v91g9"}
{"type":"log","timestamp":1674752778688,"level":"debug","message":"Page request finished: GET (script) 200 https://unpkg.com/chartist-plugin-pointlabels@0.0.6/dist/chartist-plugin-pointlabels.js","meta":{"rootId":"8qqcb6dqc3plcl9","id":"8qqcb6dqc3plcl9"},"id":"1p6r4nvz4b3hnxm","previousOperationId":"b4q0oxc651v91g9"}
{"type":"log","timestamp":1674752778690,"level":"warn","message":"Page error: SyntaxError: Unexpected identifier","meta":{"rootId":"8qqcb6dqc3plcl9","id":"8qqcb6dqc3plcl9"},"id":"o6vdewzbjq2bdjk","previousOperationId":"b4q0oxc651v91g9"}
{"type":"log","timestamp":1674752778746,"level":"debug","message":"Running chrome with params {\"printBackground\":true,\"timeout\":58864,\"margin\":{}}","meta":{"rootId":"8qqcb6dqc3plcl9","id":"8qqcb6dqc3plcl9"},"id":"f60k3qppqpkzy6d","previousOperationId":"b4q0oxc651v91g9"}
{"type":"operationEnd","operationId":"b4q0oxc651v91g9","timestamp":1674752778865,"id":"r773x41epk71uuc","previousEventId":"s5ojqxsu188qc2g","previousOperationId":"b4q0oxc651v91g9"}
{"type":"log","timestamp":1674752778865,"level":"debug","message":"Executing script testing (afterRender)","meta":{"rootId":"8qqcb6dqc3plcl9","id":"8qqcb6dqc3plcl9"},"id":"oa3t0tu9gn02u6g","previousOperationId":"b4q0oxc651v91g9"}
{"type":"operationStart","subtype":"scriptsAfterRender","name":"scripts afterRender","timestamp":1674752778873,"id":"wmh4g9ccqc89h7t","previousEventId":"r773x41epk71uuc","operationId":"hs8z2lrwnnumrnp","previousOperationId":"b4q0oxc651v91g9"}
{"type":"operationStart","subtype":"script","name":"scripts testing","previousOperationId":"hs8z2lrwnnumrnp","timestamp":1674752778873,"id":"e59bqiytx44nt54","previousEventId":"wmh4g9ccqc89h7t","operationId":"wmmhj70339xzr0d"}
{"type":"operationEnd","operationId":"wmmhj70339xzr0d","timestamp":1674752779869,"id":"cy82eu5ih527i73","previousEventId":"r773x41epk71uuc","previousOperationId":"b4q0oxc651v91g9"}
{"type":"operationEnd","operationId":"hs8z2lrwnnumrnp","timestamp":1674752779869,"id":"k5k8l5xbh4nubv2","previousEventId":"cy82eu5ih527i73","previousOperationId":"b4q0oxc651v91g9"}
{"type":"log","timestamp":1674752779869,"level":"debug","message":"Skipping storing report.","meta":{"rootId":"8qqcb6dqc3plcl9","id":"8qqcb6dqc3plcl9"},"id":"v1z0sy2qdykxsmo","previousOperationId":"hs8z2lrwnnumrnp"}
{"type":"log","timestamp":1674752779869,"level":"info","message":"Rendering request 11 finished in 2482 ms","meta":{"rootId":"8qqcb6dqc3plcl9","id":"8qqcb6dqc3plcl9"},"id":"8e7lo71jx2xy36d","previousOperationId":"hs8z2lrwnnumrnp"}
{"type":"operationEnd","subtype":"render","operationId":"h6bbs4whxejnmi9","timestamp":1674752779869,"id":"ur4odmq34fr9oo2","previousEventId":"k5k8l5xbh4nubv2","previousOperationId":"hs8z2lrwnnumrnp"}
{"type":"operationEnd","doDiffs":false,"previousEventId":"9ndd8dy70hpxkkj","previousOperationId":"s8an3rc9t6bat8p","operationId":"s8an3rc9t6bat8p","timestamp":1674752779873,"id":"tudz9u40e8ah4xu"}
