{"type":"operationStart","subtype":"profile","data":{"_id":"ukiJYpUZwJKbhfLp","timestamp":"2023-01-24T18:55:47.968Z","state":"queued","mode":"standard","creationDate":"2023-01-24T18:55:47.972Z","modificationDate":"2023-01-24T18:55:47.972Z","shortid":"QKcw14a","$entitySet":"profiles"},"doDiffs":false,"timestamp":1674586547970,"id":"xxyl4rndxx8mac6","previousOperationId":null,"operationId":"qu5g3t9a2oht0eb"}
{"type":"log","level":"info","message":"Render request 5 queued for execution and waiting for available worker","previousOperationId":"qu5g3t9a2oht0eb","timestamp":1674586547970,"id":"mm73v0orb25vz1n"}
{"type":"operationStart","subtype":"render","name":"Data","previousOperationId":"qu5g3t9a2oht0eb","timestamp":1674586547997,"id":"0jhj8sn56ijbykl","previousEventId":"xxyl4rndxx8mac6","operationId":"wx7oo0oksajdngs"}
{"type":"log","timestamp":1674586547997,"level":"info","message":"Starting rendering request 5","meta":{"rootId":"8vw3sv72c72nvlo","id":"8vw3sv72c72nvlo"},"id":"r1u1ewm62f5pbp1","previousOperationId":"wx7oo0oksajdngs"}
{"type":"log","timestamp":1674586547997,"level":"info","message":"Rendering template { name: Data, recipe: chrome-pdf, engine: handlebars, preview: true }","meta":{"rootId":"8vw3sv72c72nvlo","id":"8vw3sv72c72nvlo"},"id":"9ish0hzo9aqgdw0","previousOperationId":"wx7oo0oksajdngs"}
{"type":"log","timestamp":1674586548002,"level":"debug","message":"Data item not defined for this template.","meta":{"rootId":"8vw3sv72c72nvlo","id":"8vw3sv72c72nvlo"},"id":"d9x9nlb20x3250f","previousOperationId":"wx7oo0oksajdngs"}
{"type":"log","timestamp":1674586548008,"level":"debug","message":"Executing script testing (beforeRender)","meta":{"rootId":"8vw3sv72c72nvlo","id":"8vw3sv72c72nvlo"},"id":"dgssrbf8ofn22qr","previousOperationId":"wx7oo0oksajdngs"}
{"type":"operationStart","subtype":"scriptsBeforeRender","name":"scripts beforeRender","timestamp":1674586548095,"id":"468piqn0uoj4rsi","previousEventId":"0jhj8sn56ijbykl","operationId":"mtrh7rufogpqunw","previousOperationId":"wx7oo0oksajdngs"}
{"type":"operationStart","subtype":"script","name":"scripts testing","previousOperationId":"mtrh7rufogpqunw","timestamp":1674586548095,"id":"a156h8y4pbl24p3","previousEventId":"468piqn0uoj4rsi","operationId":"zwe1e4ay51aoabb"}
{"type":"operationEnd","operationId":"zwe1e4ay51aoabb","timestamp":1674586548686,"id":"ku8hhte1gor59i5","previousEventId":"0jhj8sn56ijbykl","previousOperationId":"wx7oo0oksajdngs"}
{"type":"operationEnd","operationId":"mtrh7rufogpqunw","timestamp":1674586548686,"id":"fam6qk3ltij4q6w","previousEventId":"ku8hhte1gor59i5","previousOperationId":"wx7oo0oksajdngs"}
{"type":"log","timestamp":1674586548686,"level":"debug","message":"Base url not specified, skipping its injection.","meta":{"rootId":"8vw3sv72c72nvlo","id":"8vw3sv72c72nvlo"},"id":"cth4n76lghf6bef","previousOperationId":"mtrh7rufogpqunw"}
{"type":"operationStart","subtype":"engine","name":"handlebars","timestamp":1674586548686,"id":"80mkz3hjqs9szfd","previousEventId":"fam6qk3ltij4q6w","operationId":"jrbz5gcxf99yhwl","previousOperationId":"mtrh7rufogpqunw"}
{"type":"log","timestamp":1674586548686,"level":"debug","message":"Rendering engine handlebars","meta":{"rootId":"8vw3sv72c72nvlo","id":"8vw3sv72c72nvlo"},"id":"r0pzoen9djey7vq","previousOperationId":"jrbz5gcxf99yhwl"}
{"type":"operationEnd","operationId":"jrbz5gcxf99yhwl","timestamp":1674586548699,"id":"g4bulkid13ke2at","previousEventId":"80mkz3hjqs9szfd","previousOperationId":"jrbz5gcxf99yhwl"}
{"type":"operationStart","subtype":"recipe","name":"chrome-pdf","timestamp":1674586548700,"id":"za7v88t5axwmynf","previousEventId":"g4bulkid13ke2at","operationId":"xrnk3a1zre5o7v6","previousOperationId":"jrbz5gcxf99yhwl"}
{"type":"log","timestamp":1674586548700,"level":"debug","message":"Executing recipe chrome-pdf","meta":{"rootId":"8vw3sv72c72nvlo","id":"8vw3sv72c72nvlo"},"id":"ibgvbpjvxazki9g","previousOperationId":"xrnk3a1zre5o7v6"}
{"type":"log","timestamp":1674586548712,"level":"debug","message":"Converting with chrome HeadlessChrome/105.0.5173.0 using chrome-pool strategy","meta":{"rootId":"8vw3sv72c72nvlo","id":"8vw3sv72c72nvlo"},"id":"x5zn96fq9h1ud73","previousOperationId":"xrnk3a1zre5o7v6"}
{"type":"log","timestamp":1674586548909,"level":"debug","message":"Page request: GET (document) file:///C:/Users/Johan/AppData/Local/Temp/jsreport/autocleanup/18cdf7bb-d3b2-4d44-a4ca-7ce9cda73cbe-chrome-pdf.html","meta":{"rootId":"8vw3sv72c72nvlo","id":"8vw3sv72c72nvlo"},"id":"a2098nxoweki5bw","previousOperationId":"xrnk3a1zre5o7v6"}
{"type":"log","timestamp":1674586548931,"level":"debug","message":"Page request finished: GET (document) 200 file:///C:/Users/Johan/AppData/Local/Temp/jsreport/autocleanup/18cdf7bb-d3b2-4d44-a4ca-7ce9cda73cbe-chrome-pdf.html","meta":{"rootId":"8vw3sv72c72nvlo","id":"8vw3sv72c72nvlo"},"id":"e4g66cj7bla8r4a","previousOperationId":"xrnk3a1zre5o7v6"}
{"type":"log","timestamp":1674586548931,"level":"debug","message":"Page request: GET (stylesheet) https://cdnjs.cloudflare.com/ajax/libs/metro/4.1.5/css/metro.min.css","meta":{"rootId":"8vw3sv72c72nvlo","id":"8vw3sv72c72nvlo"},"id":"hpwvqgy3z09tekq","previousOperationId":"xrnk3a1zre5o7v6"}
{"type":"log","timestamp":1674586548932,"level":"debug","message":"Page request: GET (script) https://cdnjs.cloudflare.com/ajax/libs/Chart.js/2.7.2/Chart.min.js","meta":{"rootId":"8vw3sv72c72nvlo","id":"8vw3sv72c72nvlo"},"id":"t950glutgthg8ru","previousOperationId":"xrnk3a1zre5o7v6"}
{"type":"log","timestamp":1674586548938,"level":"debug","message":"Page request finished: GET (script) 200 https://cdnjs.cloudflare.com/ajax/libs/Chart.js/2.7.2/Chart.min.js","meta":{"rootId":"8vw3sv72c72nvlo","id":"8vw3sv72c72nvlo"},"id":"zotdepzhsvuxv3y","previousOperationId":"xrnk3a1zre5o7v6"}
{"type":"log","timestamp":1674586548954,"level":"debug","message":"Page request finished: GET (stylesheet) 200 https://cdnjs.cloudflare.com/ajax/libs/metro/4.1.5/css/metro.min.css","meta":{"rootId":"8vw3sv72c72nvlo","id":"8vw3sv72c72nvlo"},"id":"wrwwngvfuhyak4r","previousOperationId":"xrnk3a1zre5o7v6"}
{"type":"log","timestamp":1674586549026,"level":"debug","message":"Running chrome with params {\"printBackground\":true,\"timeout\":59261,\"margin\":{}}","meta":{"rootId":"8vw3sv72c72nvlo","id":"8vw3sv72c72nvlo"},"id":"131dd8ymlm3loyw","previousOperationId":"xrnk3a1zre5o7v6"}
{"type":"operationEnd","operationId":"xrnk3a1zre5o7v6","timestamp":1674586549228,"id":"65o1ybbssqngekt","previousEventId":"za7v88t5axwmynf","previousOperationId":"xrnk3a1zre5o7v6"}
{"type":"log","timestamp":1674586549229,"level":"debug","message":"Skipping storing report.","meta":{"rootId":"8vw3sv72c72nvlo","id":"8vw3sv72c72nvlo"},"id":"3ecm5fmouyxuzti","previousOperationId":"xrnk3a1zre5o7v6"}
{"type":"log","timestamp":1674586549229,"level":"info","message":"Rendering request 5 finished in 1261 ms","meta":{"rootId":"8vw3sv72c72nvlo","id":"8vw3sv72c72nvlo"},"id":"csp430zmydqkhli","previousOperationId":"xrnk3a1zre5o7v6"}
{"type":"operationEnd","subtype":"render","operationId":"wx7oo0oksajdngs","timestamp":1674586549230,"id":"niduwvbd1lkcd84","previousEventId":"65o1ybbssqngekt","previousOperationId":"xrnk3a1zre5o7v6"}
{"type":"operationEnd","doDiffs":false,"previousEventId":"xxyl4rndxx8mac6","previousOperationId":"qu5g3t9a2oht0eb","operationId":"qu5g3t9a2oht0eb","timestamp":1674586549234,"id":"g4ipq9ld400x8es"}
