{"type":"operationStart","subtype":"profile","data":{"_id":"yyAWkmsg4sJrI6n8","timestamp":"2023-01-26T16:36:17.018Z","state":"queued","mode":"standard","creationDate":"2023-01-26T16:36:17.022Z","modificationDate":"2023-01-26T16:36:17.022Z","shortid":"rZzthng","$entitySet":"profiles"},"doDiffs":false,"timestamp":1674750977021,"id":"3q96bfai59lln1t","previousOperationId":null,"operationId":"yxt1gunj4zcj61c"}
{"type":"log","level":"info","message":"Render request 11 queued for execution and waiting for available worker","previousOperationId":"yxt1gunj4zcj61c","timestamp":1674750977021,"id":"rlfla46qc0ka9yy"}
{"type":"operationStart","subtype":"render","name":"Data","previousOperationId":"yxt1gunj4zcj61c","timestamp":1674750977030,"id":"25jecnyg13wc58b","previousEventId":"3q96bfai59lln1t","operationId":"68piga9u39253b7"}
{"type":"log","timestamp":1674750977031,"level":"info","message":"Starting rendering request 11","meta":{"rootId":"8xq58ro7i0ln0fd","id":"8xq58ro7i0ln0fd"},"id":"ttg9xo43gf3zlk9","previousOperationId":"68piga9u39253b7"}
{"type":"log","timestamp":1674750977031,"level":"info","message":"Rendering template { name: Data, recipe: chrome-pdf, engine: handlebars, preview: true }","meta":{"rootId":"8xq58ro7i0ln0fd","id":"8xq58ro7i0ln0fd"},"id":"nmsy0he77q2znx0","previousOperationId":"68piga9u39253b7"}
{"type":"log","timestamp":1674750977031,"level":"debug","message":"Data item not defined for this template.","meta":{"rootId":"8xq58ro7i0ln0fd","id":"8xq58ro7i0ln0fd"},"id":"nv6bg5swk1ow6ud","previousOperationId":"68piga9u39253b7"}
{"type":"log","timestamp":1674750977036,"level":"debug","message":"Executing script testing (beforeRender)","meta":{"rootId":"8xq58ro7i0ln0fd","id":"8xq58ro7i0ln0fd"},"id":"p9gwurhwjv38cnh","previousOperationId":"68piga9u39253b7"}
{"type":"operationStart","subtype":"scriptsBeforeRender","name":"scripts beforeRender","timestamp":1674750977088,"id":"7rrz2j205yrq5wc","previousEventId":"25jecnyg13wc58b","operationId":"cdhylpr5gxkczgf","previousOperationId":"68piga9u39253b7"}
{"type":"operationStart","subtype":"script","name":"scripts testing","previousOperationId":"cdhylpr5gxkczgf","timestamp":1674750977088,"id":"h75ft2f0mlnu8t0","previousEventId":"7rrz2j205yrq5wc","operationId":"766mkl9i70y8wz4"}
{"type":"log","timestamp":1674750977320,"level":"debug","message":"(console:log) {\n  locationName: [ 'Las Palmas de Gran Canaria', 'Galdar', 'Teror' ],\n  repetition: [ '2', '1', '3' ]\n}","meta":{"userLevel":true,"rootId":"8xq58ro7i0ln0fd","id":"8xq58ro7i0ln0fd"},"id":"djpidhsvfsgo1f1","previousOperationId":"766mkl9i70y8wz4"}
{"type":"operationEnd","operationId":"766mkl9i70y8wz4","timestamp":1674750977745,"id":"1f3v198br59c331","previousEventId":"25jecnyg13wc58b","previousOperationId":"68piga9u39253b7"}
{"type":"operationEnd","operationId":"cdhylpr5gxkczgf","timestamp":1674750977745,"id":"pd7drij7pvcaqht","previousEventId":"1f3v198br59c331","previousOperationId":"68piga9u39253b7"}
{"type":"log","timestamp":1674750977745,"level":"debug","message":"Base url not specified, skipping its injection.","meta":{"rootId":"8xq58ro7i0ln0fd","id":"8xq58ro7i0ln0fd"},"id":"x63lja0ym9ddvjx","previousOperationId":"cdhylpr5gxkczgf"}
{"type":"operationStart","subtype":"engine","name":"handlebars","timestamp":1674750977745,"id":"nilv6r2qnvhlc2o","previousEventId":"pd7drij7pvcaqht","operationId":"f53wn7xrqhnc3fr","previousOperationId":"cdhylpr5gxkczgf"}
{"type":"log","timestamp":1674750977745,"level":"debug","message":"Rendering engine handlebars","meta":{"rootId":"8xq58ro7i0ln0fd","id":"8xq58ro7i0ln0fd"},"id":"17tyucy10yipvap","previousOperationId":"f53wn7xrqhnc3fr"}
{"type":"operationEnd","operationId":"f53wn7xrqhnc3fr","timestamp":1674750977753,"id":"nyu802inrbzd0s6","previousEventId":"nilv6r2qnvhlc2o","previousOperationId":"f53wn7xrqhnc3fr"}
{"type":"operationStart","subtype":"recipe","name":"chrome-pdf","timestamp":1674750977754,"id":"d2b3hfsnlh1kqro","previousEventId":"nyu802inrbzd0s6","operationId":"n3clxuj8lowtxt3","previousOperationId":"f53wn7xrqhnc3fr"}
{"type":"log","timestamp":1674750977754,"level":"debug","message":"Executing recipe chrome-pdf","meta":{"rootId":"8xq58ro7i0ln0fd","id":"8xq58ro7i0ln0fd"},"id":"gqfwzpyl5a1smd5","previousOperationId":"n3clxuj8lowtxt3"}
{"type":"log","timestamp":1674750977757,"level":"debug","message":"Converting with chrome HeadlessChrome/105.0.5173.0 using chrome-pool strategy","meta":{"rootId":"8xq58ro7i0ln0fd","id":"8xq58ro7i0ln0fd"},"id":"7phxyfijf1dhwno","previousOperationId":"n3clxuj8lowtxt3"}
{"type":"log","timestamp":1674750977871,"level":"debug","message":"Page request: GET (document) file:///C:/Users/Johan/AppData/Local/Temp/jsreport/autocleanup/96eb8050-e300-405d-a085-72feec3bad95-chrome-pdf.html","meta":{"rootId":"8xq58ro7i0ln0fd","id":"8xq58ro7i0ln0fd"},"id":"q0h44zeubixnxk9","previousOperationId":"n3clxuj8lowtxt3"}
{"type":"log","timestamp":1674750977896,"level":"debug","message":"Page request: GET (stylesheet) https://cdnjs.cloudflare.com/ajax/libs/metro/4.1.5/css/metro.min.css","meta":{"rootId":"8xq58ro7i0ln0fd","id":"8xq58ro7i0ln0fd"},"id":"dqbci5kzwxva6uz","previousOperationId":"n3clxuj8lowtxt3"}
{"type":"log","timestamp":1674750977897,"level":"debug","message":"Page request: GET (stylesheet) https://cdnjs.cloudflare.com/ajax/libs/chartist/0.11.0/chartist.min.css","meta":{"rootId":"8xq58ro7i0ln0fd","id":"8xq58ro7i0ln0fd"},"id":"tci5eutrxfmzu9u","previousOperationId":"n3clxuj8lowtxt3"}
{"type":"log","timestamp":1674750977897,"level":"debug","message":"Page request: GET (script) https://cdnjs.cloudflare.com/ajax/libs/chartist/0.11.0/chartist.min.js","meta":{"rootId":"8xq58ro7i0ln0fd","id":"8xq58ro7i0ln0fd"},"id":"vimozahsbk5058x","previousOperationId":"n3clxuj8lowtxt3"}
{"type":"log","timestamp":1674750977898,"level":"debug","message":"Page request: GET (script) https://unpkg.com/chartist-plugin-tooltips@0.0.17","meta":{"rootId":"8xq58ro7i0ln0fd","id":"8xq58ro7i0ln0fd"},"id":"56qgtxi83b4hekl","previousOperationId":"n3clxuj8lowtxt3"}
{"type":"log","timestamp":1674750977898,"level":"debug","message":"Page request: GET (script) https://unpkg.com/chartist-plugin-pointlabels@0.0.6","meta":{"rootId":"8xq58ro7i0ln0fd","id":"8xq58ro7i0ln0fd"},"id":"buy2e1faizez57e","previousOperationId":"n3clxuj8lowtxt3"}
{"type":"log","timestamp":1674750977899,"level":"debug","message":"Page request finished: GET (document) 200 file:///C:/Users/Johan/AppData/Local/Temp/jsreport/autocleanup/96eb8050-e300-405d-a085-72feec3bad95-chrome-pdf.html","meta":{"rootId":"8xq58ro7i0ln0fd","id":"8xq58ro7i0ln0fd"},"id":"ptstdagylerhxjv","previousOperationId":"n3clxuj8lowtxt3"}
{"type":"log","timestamp":1674750977907,"level":"warn","message":"Page request failed: GET (script) 302 https://unpkg.com/chartist-plugin-tooltips@0.0.17 (redirect to: /chartist-plugin-tooltips@0.0.17/dist/chartist-plugin-tooltip.js)","meta":{"rootId":"8xq58ro7i0ln0fd","id":"8xq58ro7i0ln0fd"},"id":"iios2qq1n63o9xc","previousOperationId":"n3clxuj8lowtxt3"}
{"type":"log","timestamp":1674750977907,"level":"warn","message":"Page request failed: GET (script) 302 https://unpkg.com/chartist-plugin-pointlabels@0.0.6 (redirect to: /chartist-plugin-pointlabels@0.0.6/dist/chartist-plugin-pointlabels.js)","meta":{"rootId":"8xq58ro7i0ln0fd","id":"8xq58ro7i0ln0fd"},"id":"mxqu80h17co4222","previousOperationId":"n3clxuj8lowtxt3"}
{"type":"log","timestamp":1674750977907,"level":"debug","message":"Page request: GET (script) https://unpkg.com/chartist-plugin-tooltips@0.0.17/dist/chartist-plugin-tooltip.js (redirect from: https://unpkg.com/chartist-plugin-tooltips@0.0.17)","meta":{"rootId":"8xq58ro7i0ln0fd","id":"8xq58ro7i0ln0fd"},"id":"oy57zbo87ikbru1","previousOperationId":"n3clxuj8lowtxt3"}
{"type":"log","timestamp":1674750977907,"level":"debug","message":"Page request: GET (script) https://unpkg.com/chartist-plugin-pointlabels@0.0.6/dist/chartist-plugin-pointlabels.js (redirect from: https://unpkg.com/chartist-plugin-pointlabels@0.0.6)","meta":{"rootId":"8xq58ro7i0ln0fd","id":"8xq58ro7i0ln0fd"},"id":"9xjtxojyb5zjhxx","previousOperationId":"n3clxuj8lowtxt3"}
{"type":"log","timestamp":1674750977908,"level":"debug","message":"Page request finished: GET (stylesheet) 200 https://cdnjs.cloudflare.com/ajax/libs/chartist/0.11.0/chartist.min.css","meta":{"rootId":"8xq58ro7i0ln0fd","id":"8xq58ro7i0ln0fd"},"id":"47ry6ius2rjsmda","previousOperationId":"n3clxuj8lowtxt3"}
{"type":"log","timestamp":1674750977926,"level":"debug","message":"Page request finished: GET (stylesheet) 200 https://cdnjs.cloudflare.com/ajax/libs/metro/4.1.5/css/metro.min.css","meta":{"rootId":"8xq58ro7i0ln0fd","id":"8xq58ro7i0ln0fd"},"id":"s0xs358ow6xnbmj","previousOperationId":"n3clxuj8lowtxt3"}
{"type":"log","timestamp":1674750977927,"level":"debug","message":"Page request finished: GET (script) 200 https://cdnjs.cloudflare.com/ajax/libs/chartist/0.11.0/chartist.min.js","meta":{"rootId":"8xq58ro7i0ln0fd","id":"8xq58ro7i0ln0fd"},"id":"ewut33i9vn12tsq","previousOperationId":"n3clxuj8lowtxt3"}
{"type":"log","timestamp":1674750977928,"level":"debug","message":"Page request finished: GET (script) 200 https://unpkg.com/chartist-plugin-tooltips@0.0.17/dist/chartist-plugin-tooltip.js","meta":{"rootId":"8xq58ro7i0ln0fd","id":"8xq58ro7i0ln0fd"},"id":"7wz5y951wykk1ic","previousOperationId":"n3clxuj8lowtxt3"}
{"type":"log","timestamp":1674750977929,"level":"debug","message":"Page request finished: GET (script) 200 https://unpkg.com/chartist-plugin-pointlabels@0.0.6/dist/chartist-plugin-pointlabels.js","meta":{"rootId":"8xq58ro7i0ln0fd","id":"8xq58ro7i0ln0fd"},"id":"qnsu0s05ics6esx","previousOperationId":"n3clxuj8lowtxt3"}
{"type":"log","timestamp":1674750977932,"level":"debug","message":"(console:log) Me he venido","meta":{"userLevel":true,"rootId":"8xq58ro7i0ln0fd","id":"8xq58ro7i0ln0fd"},"id":"9j07og9jiz2fj65","previousOperationId":"n3clxuj8lowtxt3"}
{"type":"log","timestamp":1674750977983,"level":"debug","message":"Running chrome with params {\"printBackground\":true,\"timeout\":59263,\"margin\":{}}","meta":{"rootId":"8xq58ro7i0ln0fd","id":"8xq58ro7i0ln0fd"},"id":"8vsurhvivkguxwe","previousOperationId":"n3clxuj8lowtxt3"}
{"type":"operationEnd","operationId":"n3clxuj8lowtxt3","timestamp":1674750978140,"id":"idzzt970kjyu35h","previousEventId":"d2b3hfsnlh1kqro","previousOperationId":"n3clxuj8lowtxt3"}
{"type":"log","timestamp":1674750978140,"level":"debug","message":"Executing script testing (afterRender)","meta":{"rootId":"8xq58ro7i0ln0fd","id":"8xq58ro7i0ln0fd"},"id":"dfqpbxujx1tv4i3","previousOperationId":"n3clxuj8lowtxt3"}
{"type":"operationStart","subtype":"scriptsAfterRender","name":"scripts afterRender","timestamp":1674750978149,"id":"znt65j9o67bue9l","previousEventId":"idzzt970kjyu35h","operationId":"rdk5vmmclx3nm0m","previousOperationId":"n3clxuj8lowtxt3"}
{"type":"operationStart","subtype":"script","name":"scripts testing","previousOperationId":"rdk5vmmclx3nm0m","timestamp":1674750978149,"id":"5d38wr780q5c1dl","previousEventId":"znt65j9o67bue9l","operationId":"d7kkw74qffhr7ho"}
{"type":"operationEnd","operationId":"d7kkw74qffhr7ho","timestamp":1674750979384,"id":"54ya6tzm21o2tsa","previousEventId":"idzzt970kjyu35h","previousOperationId":"n3clxuj8lowtxt3"}
{"type":"operationEnd","operationId":"rdk5vmmclx3nm0m","timestamp":1674750979384,"id":"vz88kvyvcciapei","previousEventId":"54ya6tzm21o2tsa","previousOperationId":"n3clxuj8lowtxt3"}
{"type":"log","timestamp":1674750979384,"level":"debug","message":"Skipping storing report.","meta":{"rootId":"8xq58ro7i0ln0fd","id":"8xq58ro7i0ln0fd"},"id":"7hen81wnfwrnai8","previousOperationId":"rdk5vmmclx3nm0m"}
{"type":"log","timestamp":1674750979384,"level":"info","message":"Rendering request 11 finished in 2366 ms","meta":{"rootId":"8xq58ro7i0ln0fd","id":"8xq58ro7i0ln0fd"},"id":"o9yysukjzissvsl","previousOperationId":"rdk5vmmclx3nm0m"}
{"type":"operationEnd","subtype":"render","operationId":"68piga9u39253b7","timestamp":1674750979385,"id":"tkjmsjzjs4ttd3l","previousEventId":"vz88kvyvcciapei","previousOperationId":"rdk5vmmclx3nm0m"}
{"type":"operationEnd","doDiffs":false,"previousEventId":"3q96bfai59lln1t","previousOperationId":"yxt1gunj4zcj61c","operationId":"yxt1gunj4zcj61c","timestamp":1674750979388,"id":"i76qgziefwqay7y"}
