{"type":"operationStart","subtype":"profile","data":{"_id":"2RXjf0kS9yW16u2V","timestamp":"2023-01-26T15:23:56.201Z","state":"queued","mode":"standard","creationDate":"2023-01-26T15:23:56.206Z","modificationDate":"2023-01-26T15:23:56.206Z","shortid":"bLxrxOG","$entitySet":"profiles"},"doDiffs":false,"timestamp":1674746636202,"id":"5wv20s5m8xnolby","previousOperationId":null,"operationId":"8qk3m4q0luarx6l"}
{"type":"log","level":"info","message":"Render request 8 queued for execution and waiting for available worker","previousOperationId":"8qk3m4q0luarx6l","timestamp":1674746636203,"id":"rv6a0am056i1jv8"}
{"type":"operationStart","subtype":"render","name":"Data","previousOperationId":"8qk3m4q0luarx6l","timestamp":1674746636216,"id":"rqfnhq6cfohqxu0","previousEventId":"5wv20s5m8xnolby","operationId":"aujikubo6uqmba4"}
{"type":"log","timestamp":1674746636216,"level":"info","message":"Starting rendering request 8","meta":{"rootId":"8z9fa8b0dc2dmi5","id":"8z9fa8b0dc2dmi5"},"id":"2n17fyinxynyyyd","previousOperationId":"aujikubo6uqmba4"}
{"type":"log","timestamp":1674746636216,"level":"info","message":"Rendering template { name: Data, recipe: chrome-pdf, engine: handlebars, preview: true }","meta":{"rootId":"8z9fa8b0dc2dmi5","id":"8z9fa8b0dc2dmi5"},"id":"qi3x5p1guekcl6e","previousOperationId":"aujikubo6uqmba4"}
{"type":"log","timestamp":1674746636217,"level":"debug","message":"Data item not defined for this template.","meta":{"rootId":"8z9fa8b0dc2dmi5","id":"8z9fa8b0dc2dmi5"},"id":"g2yn87ta4v7z7t8","previousOperationId":"aujikubo6uqmba4"}
{"type":"log","timestamp":1674746636219,"level":"debug","message":"Executing script testing (beforeRender)","meta":{"rootId":"8z9fa8b0dc2dmi5","id":"8z9fa8b0dc2dmi5"},"id":"hymv8c5ha84bqvu","previousOperationId":"aujikubo6uqmba4"}
{"type":"operationStart","subtype":"scriptsBeforeRender","name":"scripts beforeRender","timestamp":1674746636276,"id":"c1lf87jpaquooz3","previousEventId":"rqfnhq6cfohqxu0","operationId":"mkuwzqynj7tm6b0","previousOperationId":"aujikubo6uqmba4"}
{"type":"operationStart","subtype":"script","name":"scripts testing","previousOperationId":"mkuwzqynj7tm6b0","timestamp":1674746636276,"id":"j8vn2ytg7i7gv4i","previousEventId":"c1lf87jpaquooz3","operationId":"zbxhqxa6398dc71"}
{"type":"log","timestamp":1674746636721,"level":"debug","message":"(console:log) [ '58', '2', '59' ]","meta":{"userLevel":true,"rootId":"8z9fa8b0dc2dmi5","id":"8z9fa8b0dc2dmi5"},"id":"xgx57yg486uh9wk","previousOperationId":"zbxhqxa6398dc71"}
{"type":"log","timestamp":1674746636721,"level":"debug","message":"(console:log) [ '2', '3', '1' ]","meta":{"userLevel":true,"rootId":"8z9fa8b0dc2dmi5","id":"8z9fa8b0dc2dmi5"},"id":"6av8xqfqkaisjlq","previousOperationId":"zbxhqxa6398dc71"}
{"type":"operationEnd","operationId":"zbxhqxa6398dc71","timestamp":1674746637108,"id":"75ulc4h6fm8mxmy","previousEventId":"rqfnhq6cfohqxu0","previousOperationId":"aujikubo6uqmba4"}
{"type":"operationEnd","operationId":"mkuwzqynj7tm6b0","timestamp":1674746637108,"id":"r5fhrzs58c8iqcg","previousEventId":"75ulc4h6fm8mxmy","previousOperationId":"aujikubo6uqmba4"}
{"type":"log","timestamp":1674746637108,"level":"debug","message":"Base url not specified, skipping its injection.","meta":{"rootId":"8z9fa8b0dc2dmi5","id":"8z9fa8b0dc2dmi5"},"id":"7ph1laasboqj129","previousOperationId":"mkuwzqynj7tm6b0"}
{"type":"operationStart","subtype":"engine","name":"handlebars","timestamp":1674746637109,"id":"495o58djr7taxhc","previousEventId":"r5fhrzs58c8iqcg","operationId":"dbr22znmphhy87x","previousOperationId":"mkuwzqynj7tm6b0"}
{"type":"log","timestamp":1674746637109,"level":"debug","message":"Rendering engine handlebars","meta":{"rootId":"8z9fa8b0dc2dmi5","id":"8z9fa8b0dc2dmi5"},"id":"e2fnmvofkvpjzue","previousOperationId":"dbr22znmphhy87x"}
{"type":"operationEnd","operationId":"dbr22znmphhy87x","timestamp":1674746637116,"id":"lz89c775h32exz2","previousEventId":"495o58djr7taxhc","previousOperationId":"dbr22znmphhy87x"}
{"type":"operationStart","subtype":"recipe","name":"chrome-pdf","timestamp":1674746637116,"id":"9p1w9bggcmbihug","previousEventId":"lz89c775h32exz2","operationId":"v6ojfk0t4bhcoav","previousOperationId":"dbr22znmphhy87x"}
{"type":"log","timestamp":1674746637116,"level":"debug","message":"Executing recipe chrome-pdf","meta":{"rootId":"8z9fa8b0dc2dmi5","id":"8z9fa8b0dc2dmi5"},"id":"q4xsj9c24rcg134","previousOperationId":"v6ojfk0t4bhcoav"}
{"type":"log","timestamp":1674746637118,"level":"debug","message":"Converting with chrome HeadlessChrome/105.0.5173.0 using chrome-pool strategy","meta":{"rootId":"8z9fa8b0dc2dmi5","id":"8z9fa8b0dc2dmi5"},"id":"3to0egmk6xr487v","previousOperationId":"v6ojfk0t4bhcoav"}
{"type":"log","timestamp":1674746637201,"level":"debug","message":"Page request: GET (document) file:///C:/Users/Johan/AppData/Local/Temp/jsreport/autocleanup/2534b235-9232-4c64-8a12-4577ce50b1c7-chrome-pdf.html","meta":{"rootId":"8z9fa8b0dc2dmi5","id":"8z9fa8b0dc2dmi5"},"id":"1qtmvv4yf9tfkfi","previousOperationId":"v6ojfk0t4bhcoav"}
{"type":"log","timestamp":1674746637222,"level":"debug","message":"Page request finished: GET (document) 200 file:///C:/Users/Johan/AppData/Local/Temp/jsreport/autocleanup/2534b235-9232-4c64-8a12-4577ce50b1c7-chrome-pdf.html","meta":{"rootId":"8z9fa8b0dc2dmi5","id":"8z9fa8b0dc2dmi5"},"id":"x2wv9cbfkx2tt0h","previousOperationId":"v6ojfk0t4bhcoav"}
{"type":"log","timestamp":1674746637222,"level":"debug","message":"Page request: GET (stylesheet) https://cdnjs.cloudflare.com/ajax/libs/metro/4.1.5/css/metro.min.css","meta":{"rootId":"8z9fa8b0dc2dmi5","id":"8z9fa8b0dc2dmi5"},"id":"aub9uc62ugvabh2","previousOperationId":"v6ojfk0t4bhcoav"}
{"type":"log","timestamp":1674746637222,"level":"debug","message":"Page request: GET (script) https://cdnjs.cloudflare.com/ajax/libs/Chart.js/2.7.2/Chart.min.js","meta":{"rootId":"8z9fa8b0dc2dmi5","id":"8z9fa8b0dc2dmi5"},"id":"tjd5vwbm8g5lnaf","previousOperationId":"v6ojfk0t4bhcoav"}
{"type":"log","timestamp":1674746637223,"level":"debug","message":"Page request: GET (stylesheet) https://cdnjs.cloudflare.com/ajax/libs/chartist/0.11.0/chartist.min.css","meta":{"rootId":"8z9fa8b0dc2dmi5","id":"8z9fa8b0dc2dmi5"},"id":"zrse9q2d96wnzjd","previousOperationId":"v6ojfk0t4bhcoav"}
{"type":"log","timestamp":1674746637223,"level":"debug","message":"Page request: GET (script) https://cdn.jsdelivr.net/npm/chart.js@2.9.3/dist/Chart.min.js","meta":{"rootId":"8z9fa8b0dc2dmi5","id":"8z9fa8b0dc2dmi5"},"id":"coy0rtrq3wb0zu5","previousOperationId":"v6ojfk0t4bhcoav"}
{"type":"log","timestamp":1674746637228,"level":"debug","message":"Page request finished: GET (stylesheet) 200 https://cdnjs.cloudflare.com/ajax/libs/chartist/0.11.0/chartist.min.css","meta":{"rootId":"8z9fa8b0dc2dmi5","id":"8z9fa8b0dc2dmi5"},"id":"2it427rghr7tel6","previousOperationId":"v6ojfk0t4bhcoav"}
{"type":"log","timestamp":1674746637229,"level":"debug","message":"Page request finished: GET (script) 200 https://cdnjs.cloudflare.com/ajax/libs/Chart.js/2.7.2/Chart.min.js","meta":{"rootId":"8z9fa8b0dc2dmi5","id":"8z9fa8b0dc2dmi5"},"id":"9i3t6tphihzhic5","previousOperationId":"v6ojfk0t4bhcoav"}
{"type":"log","timestamp":1674746637229,"level":"debug","message":"Page request finished: GET (script) 200 https://cdn.jsdelivr.net/npm/chart.js@2.9.3/dist/Chart.min.js","meta":{"rootId":"8z9fa8b0dc2dmi5","id":"8z9fa8b0dc2dmi5"},"id":"rvoi9sk6wiro3j4","previousOperationId":"v6ojfk0t4bhcoav"}
{"type":"log","timestamp":1674746637244,"level":"debug","message":"Page request finished: GET (stylesheet) 200 https://cdnjs.cloudflare.com/ajax/libs/metro/4.1.5/css/metro.min.css","meta":{"rootId":"8z9fa8b0dc2dmi5","id":"8z9fa8b0dc2dmi5"},"id":"en078pu5ka61sly","previousOperationId":"v6ojfk0t4bhcoav"}
{"type":"log","timestamp":1674746637253,"level":"warn","message":"Page error: SyntaxError: Unexpected token ','","meta":{"rootId":"8z9fa8b0dc2dmi5","id":"8z9fa8b0dc2dmi5"},"id":"9iob1be33qkkdlx","previousOperationId":"v6ojfk0t4bhcoav"}
{"type":"log","timestamp":1674746637290,"level":"debug","message":"Running chrome with params {\"printBackground\":true,\"timeout\":59084,\"margin\":{}}","meta":{"rootId":"8z9fa8b0dc2dmi5","id":"8z9fa8b0dc2dmi5"},"id":"kmdyfnb964z9v92","previousOperationId":"v6ojfk0t4bhcoav"}
{"type":"operationEnd","operationId":"v6ojfk0t4bhcoav","timestamp":1674746637390,"id":"6cpc9oi1kxrygv6","previousEventId":"9p1w9bggcmbihug","previousOperationId":"v6ojfk0t4bhcoav"}
{"type":"log","timestamp":1674746637390,"level":"debug","message":"Executing script testing (afterRender)","meta":{"rootId":"8z9fa8b0dc2dmi5","id":"8z9fa8b0dc2dmi5"},"id":"qlpd9fs1ep1nwzs","previousOperationId":"v6ojfk0t4bhcoav"}
{"type":"operationStart","subtype":"scriptsAfterRender","name":"scripts afterRender","timestamp":1674746637397,"id":"ssmqk3rpb8tmhkn","previousEventId":"6cpc9oi1kxrygv6","operationId":"f2rpytbgi76oaiq","previousOperationId":"v6ojfk0t4bhcoav"}
{"type":"operationStart","subtype":"script","name":"scripts testing","previousOperationId":"f2rpytbgi76oaiq","timestamp":1674746637397,"id":"lmoo41abh8oc0im","previousEventId":"ssmqk3rpb8tmhkn","operationId":"352e3g7k3afvp38"}
{"type":"operationEnd","operationId":"352e3g7k3afvp38","timestamp":1674746638862,"id":"2opihxifl67g5ai","previousEventId":"6cpc9oi1kxrygv6","previousOperationId":"v6ojfk0t4bhcoav"}
{"type":"operationEnd","operationId":"f2rpytbgi76oaiq","timestamp":1674746638862,"id":"94ywao7lzpoitn5","previousEventId":"2opihxifl67g5ai","previousOperationId":"v6ojfk0t4bhcoav"}
{"type":"log","timestamp":1674746638862,"level":"debug","message":"Skipping storing report.","meta":{"rootId":"8z9fa8b0dc2dmi5","id":"8z9fa8b0dc2dmi5"},"id":"ikt99exnfxz3kcb","previousOperationId":"f2rpytbgi76oaiq"}
{"type":"log","timestamp":1674746638862,"level":"info","message":"Rendering request 8 finished in 2661 ms","meta":{"rootId":"8z9fa8b0dc2dmi5","id":"8z9fa8b0dc2dmi5"},"id":"6o2n4g3ohwdi0wj","previousOperationId":"f2rpytbgi76oaiq"}
{"type":"operationEnd","subtype":"render","operationId":"aujikubo6uqmba4","timestamp":1674746638862,"id":"ka51akkk07ib9o5","previousEventId":"94ywao7lzpoitn5","previousOperationId":"f2rpytbgi76oaiq"}
{"type":"operationEnd","doDiffs":false,"previousEventId":"5wv20s5m8xnolby","previousOperationId":"8qk3m4q0luarx6l","operationId":"8qk3m4q0luarx6l","timestamp":1674746638866,"id":"i9za5lt0i7cvri7"}
