{"type":"operationStart","subtype":"profile","data":{"_id":"pmwfBhBwFFBdtzTD","timestamp":"2023-01-26T16:25:21.387Z","state":"queued","mode":"standard","creationDate":"2023-01-26T16:25:21.390Z","modificationDate":"2023-01-26T16:25:21.390Z","shortid":"Omwv4Q8","$entitySet":"profiles"},"doDiffs":false,"timestamp":1674750321388,"id":"y498g67lp14mdie","previousOperationId":null,"operationId":"j1iyt5fd6wa7o5u"}
{"type":"log","level":"info","message":"Render request 60 queued for execution and waiting for available worker","previousOperationId":"j1iyt5fd6wa7o5u","timestamp":1674750321389,"id":"85ngqap6ujs36j9"}
{"type":"operationStart","subtype":"render","name":"Data","previousOperationId":"j1iyt5fd6wa7o5u","timestamp":1674750321399,"id":"9llkw4t7939z19g","previousEventId":"y498g67lp14mdie","operationId":"0n8gcqg3zgpunut"}
{"type":"log","timestamp":1674750321400,"level":"info","message":"Starting rendering request 60","meta":{"rootId":"94c5m9bdpikwms6","id":"94c5m9bdpikwms6"},"id":"mubff0k31z0mzz5","previousOperationId":"0n8gcqg3zgpunut"}
{"type":"log","timestamp":1674750321401,"level":"info","message":"Rendering template { name: Data, recipe: chrome-pdf, engine: handlebars, preview: true }","meta":{"rootId":"94c5m9bdpikwms6","id":"94c5m9bdpikwms6"},"id":"pahbvm1sbubmse1","previousOperationId":"0n8gcqg3zgpunut"}
{"type":"log","timestamp":1674750321402,"level":"debug","message":"Data item not defined for this template.","meta":{"rootId":"94c5m9bdpikwms6","id":"94c5m9bdpikwms6"},"id":"3zekm5ahcgv08m8","previousOperationId":"0n8gcqg3zgpunut"}
{"type":"log","timestamp":1674750321405,"level":"debug","message":"Executing script testing (beforeRender)","meta":{"rootId":"94c5m9bdpikwms6","id":"94c5m9bdpikwms6"},"id":"y66kykklpljeudm","previousOperationId":"0n8gcqg3zgpunut"}
{"type":"operationStart","subtype":"scriptsBeforeRender","name":"scripts beforeRender","timestamp":1674750321783,"id":"3wfbsy2ztg5ua3l","previousEventId":"9llkw4t7939z19g","operationId":"qrhuc24r1gk1jdd","previousOperationId":"0n8gcqg3zgpunut"}
{"type":"operationStart","subtype":"script","name":"scripts testing","previousOperationId":"qrhuc24r1gk1jdd","timestamp":1674750321783,"id":"dzdj2viivmcm6h4","previousEventId":"3wfbsy2ztg5ua3l","operationId":"s39psutbuag76lj"}
{"type":"log","timestamp":1674750322022,"level":"debug","message":"(console:log) {\n  location: [ 'Teror', 'Gáldar', 'Las Palmas de Gran Canaria' ],\n  repetition: [ '3', '1', '2' ]\n}","meta":{"userLevel":true,"rootId":"94c5m9bdpikwms6","id":"94c5m9bdpikwms6"},"id":"3z68wxt4yaay8m3","previousOperationId":"s39psutbuag76lj"}
{"type":"operationEnd","operationId":"s39psutbuag76lj","timestamp":1674750322404,"id":"p2rb09vn1l7mj55","previousEventId":"9llkw4t7939z19g","previousOperationId":"0n8gcqg3zgpunut"}
{"type":"operationEnd","operationId":"qrhuc24r1gk1jdd","timestamp":1674750322404,"id":"3tpy6fn0m64n5w0","previousEventId":"p2rb09vn1l7mj55","previousOperationId":"0n8gcqg3zgpunut"}
{"type":"log","timestamp":1674750322404,"level":"debug","message":"Base url not specified, skipping its injection.","meta":{"rootId":"94c5m9bdpikwms6","id":"94c5m9bdpikwms6"},"id":"ab3lbiirfiggyyb","previousOperationId":"qrhuc24r1gk1jdd"}
{"type":"operationStart","subtype":"engine","name":"handlebars","timestamp":1674750322405,"id":"yorsyzz4kxs15rt","previousEventId":"3tpy6fn0m64n5w0","operationId":"vbak3lu28pcmdx3","previousOperationId":"qrhuc24r1gk1jdd"}
{"type":"log","timestamp":1674750322405,"level":"debug","message":"Rendering engine handlebars","meta":{"rootId":"94c5m9bdpikwms6","id":"94c5m9bdpikwms6"},"id":"o1jnc9dknq6s8gy","previousOperationId":"vbak3lu28pcmdx3"}
{"type":"operationEnd","operationId":"vbak3lu28pcmdx3","timestamp":1674750322683,"id":"jlnqmxjenk632ek","previousEventId":"yorsyzz4kxs15rt","previousOperationId":"vbak3lu28pcmdx3"}
{"type":"operationStart","subtype":"recipe","name":"chrome-pdf","timestamp":1674750322684,"id":"6yf4lun1x7t8u36","previousEventId":"jlnqmxjenk632ek","operationId":"tt1pqjzb4ksfdcv","previousOperationId":"vbak3lu28pcmdx3"}
{"type":"log","timestamp":1674750322684,"level":"debug","message":"Executing recipe chrome-pdf","meta":{"rootId":"94c5m9bdpikwms6","id":"94c5m9bdpikwms6"},"id":"mn09xe9fa15ve0x","previousOperationId":"tt1pqjzb4ksfdcv"}
{"type":"log","timestamp":1674750322955,"level":"debug","message":"Converting with chrome HeadlessChrome/105.0.5173.0 using chrome-pool strategy","meta":{"rootId":"94c5m9bdpikwms6","id":"94c5m9bdpikwms6"},"id":"28be9bq8zbxruee","previousOperationId":"tt1pqjzb4ksfdcv"}
{"type":"log","timestamp":1674750323086,"level":"debug","message":"Page request: GET (document) file:///C:/Users/Johan/AppData/Local/Temp/jsreport/autocleanup/ac43d9f7-e0ed-4c1c-936a-7c83686bc51a-chrome-pdf.html","meta":{"rootId":"94c5m9bdpikwms6","id":"94c5m9bdpikwms6"},"id":"cywyw2a32cqq8u6","previousOperationId":"tt1pqjzb4ksfdcv"}
{"type":"log","timestamp":1674750323109,"level":"debug","message":"Page request finished: GET (document) 200 file:///C:/Users/Johan/AppData/Local/Temp/jsreport/autocleanup/ac43d9f7-e0ed-4c1c-936a-7c83686bc51a-chrome-pdf.html","meta":{"rootId":"94c5m9bdpikwms6","id":"94c5m9bdpikwms6"},"id":"cm3z5zdojk2k60e","previousOperationId":"tt1pqjzb4ksfdcv"}
{"type":"log","timestamp":1674750323109,"level":"debug","message":"Page request: GET (stylesheet) https://cdnjs.cloudflare.com/ajax/libs/metro/4.1.5/css/metro.min.css","meta":{"rootId":"94c5m9bdpikwms6","id":"94c5m9bdpikwms6"},"id":"hdearu6nuqm96bb","previousOperationId":"tt1pqjzb4ksfdcv"}
{"type":"log","timestamp":1674750323109,"level":"debug","message":"Page request: GET (stylesheet) https://cdnjs.cloudflare.com/ajax/libs/chartist/0.11.0/chartist.min.css","meta":{"rootId":"94c5m9bdpikwms6","id":"94c5m9bdpikwms6"},"id":"ydabkq6h9ddb5q4","previousOperationId":"tt1pqjzb4ksfdcv"}
{"type":"log","timestamp":1674750323110,"level":"debug","message":"Page request: GET (script) https://cdnjs.cloudflare.com/ajax/libs/chartist/0.11.0/chartist.min.js","meta":{"rootId":"94c5m9bdpikwms6","id":"94c5m9bdpikwms6"},"id":"xe5qi3bs5sp39jd","previousOperationId":"tt1pqjzb4ksfdcv"}
{"type":"log","timestamp":1674750323110,"level":"debug","message":"Page request: GET (script) https://unpkg.com/chartist-plugin-tooltips@0.0.17","meta":{"rootId":"94c5m9bdpikwms6","id":"94c5m9bdpikwms6"},"id":"ykzc5tzq607ukme","previousOperationId":"tt1pqjzb4ksfdcv"}
{"type":"log","timestamp":1674750323110,"level":"debug","message":"Page request: GET (script) https://unpkg.com/chartist-plugin-pointlabels@0.0.6","meta":{"rootId":"94c5m9bdpikwms6","id":"94c5m9bdpikwms6"},"id":"558el1w1yckvux9","previousOperationId":"tt1pqjzb4ksfdcv"}
{"type":"log","timestamp":1674750323276,"level":"debug","message":"Page request finished: GET (stylesheet) 200 https://cdnjs.cloudflare.com/ajax/libs/chartist/0.11.0/chartist.min.css","meta":{"rootId":"94c5m9bdpikwms6","id":"94c5m9bdpikwms6"},"id":"zwmyxpaezjha9ro","previousOperationId":"tt1pqjzb4ksfdcv"}
{"type":"log","timestamp":1674750323277,"level":"warn","message":"Page request failed: GET (script) 302 https://unpkg.com/chartist-plugin-tooltips@0.0.17 (redirect to: /chartist-plugin-tooltips@0.0.17/dist/chartist-plugin-tooltip.js)","meta":{"rootId":"94c5m9bdpikwms6","id":"94c5m9bdpikwms6"},"id":"uqpzpbm12xan2ml","previousOperationId":"tt1pqjzb4ksfdcv"}
{"type":"log","timestamp":1674750323277,"level":"debug","message":"Page request: GET (script) https://unpkg.com/chartist-plugin-tooltips@0.0.17/dist/chartist-plugin-tooltip.js (redirect from: https://unpkg.com/chartist-plugin-tooltips@0.0.17)","meta":{"rootId":"94c5m9bdpikwms6","id":"94c5m9bdpikwms6"},"id":"2l2ditmstsirsiq","previousOperationId":"tt1pqjzb4ksfdcv"}
{"type":"log","timestamp":1674750323289,"level":"warn","message":"Page request failed: GET (script) 302 https://unpkg.com/chartist-plugin-pointlabels@0.0.6 (redirect to: /chartist-plugin-pointlabels@0.0.6/dist/chartist-plugin-pointlabels.js)","meta":{"rootId":"94c5m9bdpikwms6","id":"94c5m9bdpikwms6"},"id":"ao3qel9fh6u6nhk","previousOperationId":"tt1pqjzb4ksfdcv"}
{"type":"log","timestamp":1674750323289,"level":"debug","message":"Page request: GET (script) https://unpkg.com/chartist-plugin-pointlabels@0.0.6/dist/chartist-plugin-pointlabels.js (redirect from: https://unpkg.com/chartist-plugin-pointlabels@0.0.6)","meta":{"rootId":"94c5m9bdpikwms6","id":"94c5m9bdpikwms6"},"id":"8bftuj8jn8gkb3j","previousOperationId":"tt1pqjzb4ksfdcv"}
{"type":"log","timestamp":1674750323325,"level":"debug","message":"Page request finished: GET (stylesheet) 200 https://cdnjs.cloudflare.com/ajax/libs/metro/4.1.5/css/metro.min.css","meta":{"rootId":"94c5m9bdpikwms6","id":"94c5m9bdpikwms6"},"id":"4sg4lz83nfmxy3f","previousOperationId":"tt1pqjzb4ksfdcv"}
{"type":"log","timestamp":1674750323327,"level":"debug","message":"Page request finished: GET (script) 200 https://cdnjs.cloudflare.com/ajax/libs/chartist/0.11.0/chartist.min.js","meta":{"rootId":"94c5m9bdpikwms6","id":"94c5m9bdpikwms6"},"id":"9hx6ntyn7ahj850","previousOperationId":"tt1pqjzb4ksfdcv"}
{"type":"log","timestamp":1674750323330,"level":"debug","message":"Page request finished: GET (script) 200 https://unpkg.com/chartist-plugin-tooltips@0.0.17/dist/chartist-plugin-tooltip.js","meta":{"rootId":"94c5m9bdpikwms6","id":"94c5m9bdpikwms6"},"id":"3m4pqi171pk4plu","previousOperationId":"tt1pqjzb4ksfdcv"}
{"type":"log","timestamp":1674750323349,"level":"debug","message":"Page request finished: GET (script) 200 https://unpkg.com/chartist-plugin-pointlabels@0.0.6/dist/chartist-plugin-pointlabels.js","meta":{"rootId":"94c5m9bdpikwms6","id":"94c5m9bdpikwms6"},"id":"pkmhf7zi54ofwru","previousOperationId":"tt1pqjzb4ksfdcv"}
{"type":"log","timestamp":1674750323351,"level":"debug","message":"(console:log) Me he venido","meta":{"userLevel":true,"rootId":"94c5m9bdpikwms6","id":"94c5m9bdpikwms6"},"id":"xcmrhkg96nqeqc9","previousOperationId":"tt1pqjzb4ksfdcv"}
{"type":"log","timestamp":1674750323403,"level":"debug","message":"Running chrome with params {\"printBackground\":true,\"timeout\":58571,\"margin\":{}}","meta":{"rootId":"94c5m9bdpikwms6","id":"94c5m9bdpikwms6"},"id":"jz6n3hmydrqwftg","previousOperationId":"tt1pqjzb4ksfdcv"}
{"type":"operationEnd","operationId":"tt1pqjzb4ksfdcv","timestamp":1674750323536,"id":"hvbad5elhorxubb","previousEventId":"6yf4lun1x7t8u36","previousOperationId":"tt1pqjzb4ksfdcv"}
{"type":"log","timestamp":1674750323536,"level":"debug","message":"Executing script testing (afterRender)","meta":{"rootId":"94c5m9bdpikwms6","id":"94c5m9bdpikwms6"},"id":"xlptnpn372blnh5","previousOperationId":"tt1pqjzb4ksfdcv"}
{"type":"operationStart","subtype":"scriptsAfterRender","name":"scripts afterRender","timestamp":1674750323544,"id":"x7h2daaf9bl5ba4","previousEventId":"hvbad5elhorxubb","operationId":"8ueehpqxa31kleg","previousOperationId":"tt1pqjzb4ksfdcv"}
{"type":"operationStart","subtype":"script","name":"scripts testing","previousOperationId":"8ueehpqxa31kleg","timestamp":1674750323544,"id":"ekinqqwsl4fhodn","previousEventId":"x7h2daaf9bl5ba4","operationId":"v4jxuvwqyh9b4sw"}
{"type":"operationEnd","operationId":"v4jxuvwqyh9b4sw","timestamp":1674750325033,"id":"34kddxfflukchsy","previousEventId":"hvbad5elhorxubb","previousOperationId":"tt1pqjzb4ksfdcv"}
{"type":"operationEnd","operationId":"8ueehpqxa31kleg","timestamp":1674750325033,"id":"sv48rzyp1nxfvus","previousEventId":"34kddxfflukchsy","previousOperationId":"tt1pqjzb4ksfdcv"}
{"type":"log","timestamp":1674750325033,"level":"debug","message":"Skipping storing report.","meta":{"rootId":"94c5m9bdpikwms6","id":"94c5m9bdpikwms6"},"id":"6lq7zrkbea9ty3r","previousOperationId":"8ueehpqxa31kleg"}
{"type":"log","timestamp":1674750325033,"level":"info","message":"Rendering request 60 finished in 3647 ms","meta":{"rootId":"94c5m9bdpikwms6","id":"94c5m9bdpikwms6"},"id":"x36eqw6qg0tmpri","previousOperationId":"8ueehpqxa31kleg"}
{"type":"operationEnd","subtype":"render","operationId":"0n8gcqg3zgpunut","timestamp":1674750325033,"id":"cgke0q3acpmh1jx","previousEventId":"sv48rzyp1nxfvus","previousOperationId":"8ueehpqxa31kleg"}
{"type":"operationEnd","doDiffs":false,"previousEventId":"y498g67lp14mdie","previousOperationId":"j1iyt5fd6wa7o5u","operationId":"j1iyt5fd6wa7o5u","timestamp":1674750325037,"id":"bathm73v1u4u8hk"}
