{"type":"operationStart","subtype":"profile","data":{"_id":"kh8wVXxaJl16SfTN","timestamp":"2023-01-26T15:37:11.997Z","state":"queued","mode":"standard","creationDate":"2023-01-26T15:37:11.999Z","modificationDate":"2023-01-26T15:37:11.999Z","shortid":"J4HiFF8","$entitySet":"profiles"},"doDiffs":false,"timestamp":1674747431998,"id":"jhe8evfaergqc1f","previousOperationId":null,"operationId":"e18vp988s78szov"}
{"type":"log","level":"info","message":"Render request 30 queued for execution and waiting for available worker","previousOperationId":"e18vp988s78szov","timestamp":1674747431998,"id":"p17dvkk53zqsc51"}
{"type":"operationStart","subtype":"render","name":"Data","previousOperationId":"e18vp988s78szov","timestamp":1674747432021,"id":"8v1m4j9xlsddy9s","previousEventId":"jhe8evfaergqc1f","operationId":"j2jha77jd8bt2tr"}
{"type":"log","timestamp":1674747432021,"level":"info","message":"Starting rendering request 30","meta":{"rootId":"95l7ajbk929mfg9","id":"95l7ajbk929mfg9"},"id":"pd5lmdmubsdb70t","previousOperationId":"j2jha77jd8bt2tr"}
{"type":"log","timestamp":1674747432021,"level":"info","message":"Rendering template { name: Data, recipe: chrome-pdf, engine: handlebars, preview: true }","meta":{"rootId":"95l7ajbk929mfg9","id":"95l7ajbk929mfg9"},"id":"50ot0r8qav218ka","previousOperationId":"j2jha77jd8bt2tr"}
{"type":"log","timestamp":1674747432023,"level":"debug","message":"Data item not defined for this template.","meta":{"rootId":"95l7ajbk929mfg9","id":"95l7ajbk929mfg9"},"id":"gpveo6c4d2arwca","previousOperationId":"j2jha77jd8bt2tr"}
{"type":"log","timestamp":1674747432026,"level":"debug","message":"Executing script testing (beforeRender)","meta":{"rootId":"95l7ajbk929mfg9","id":"95l7ajbk929mfg9"},"id":"e1jg0n3a0au2qph","previousOperationId":"j2jha77jd8bt2tr"}
{"type":"operationStart","subtype":"scriptsBeforeRender","name":"scripts beforeRender","timestamp":1674747432101,"id":"rpwy0zhcki37izi","previousEventId":"8v1m4j9xlsddy9s","operationId":"psu1h7pe00ajohe","previousOperationId":"j2jha77jd8bt2tr"}
{"type":"operationStart","subtype":"script","name":"scripts testing","previousOperationId":"psu1h7pe00ajohe","timestamp":1674747432101,"id":"q1u9rv7m62ph7th","previousEventId":"rpwy0zhcki37izi","operationId":"b63uto6xf4vs6wp"}
{"type":"log","timestamp":1674747432442,"level":"debug","message":"(console:log) {\n  events: {\n    id: 54,\n    title: 'Festival Cine Gáldar',\n    description: 'Este año tenemos el placer de anunciar el Festival de cine de Gáldar un año más donde podremos ver cine de todos los géneros y tipos...',\n    date: '2022-11-02',\n    starting_hour: '15:00',\n    finished_hour: '21:00',\n    url: 'https://ficgaldar.es',\n    created_at: '2022-12-16T20:21:57.613Z',\n    updated_at: '2022-12-16T20:33:25.999Z',\n    location_id: 59,\n    event_type_id: 42,\n    image: 'http://localhost:3000/rails/active_storage/blobs/redirect/eyJfcmFpbHMiOnsibWVzc2FnZSI6IkJBaHBidz09IiwiZXhwIjpudWxsLCJwdXIiOiJibG9iX2lkIn19--4d03c0a42072b5f7f6a32f42e165676d2dde3b17/af-FIC-cartel-MEDIOS-1320x1848.png'\n  },\n  location_id: [ '58', '2', '59' ],\n  repetition: [ '2', '3', '1' ]\n}","meta":{"userLevel":true,"rootId":"95l7ajbk929mfg9","id":"95l7ajbk929mfg9"},"id":"liuhqdlh11qnq8l","previousOperationId":"b63uto6xf4vs6wp"}
{"type":"operationEnd","operationId":"b63uto6xf4vs6wp","timestamp":1674747432840,"id":"znhaqu8lt3i47bf","previousEventId":"8v1m4j9xlsddy9s","previousOperationId":"j2jha77jd8bt2tr"}
{"type":"operationEnd","operationId":"psu1h7pe00ajohe","timestamp":1674747432840,"id":"63n18ieihd0p4c8","previousEventId":"znhaqu8lt3i47bf","previousOperationId":"j2jha77jd8bt2tr"}
{"type":"log","timestamp":1674747432840,"level":"debug","message":"Base url not specified, skipping its injection.","meta":{"rootId":"95l7ajbk929mfg9","id":"95l7ajbk929mfg9"},"id":"wpaxyljx5pwyk95","previousOperationId":"psu1h7pe00ajohe"}
{"type":"operationStart","subtype":"engine","name":"handlebars","timestamp":1674747432840,"id":"ihgjr23yzl125mt","previousEventId":"63n18ieihd0p4c8","operationId":"h3vpzq4jcbll4h9","previousOperationId":"psu1h7pe00ajohe"}
{"type":"log","timestamp":1674747432840,"level":"debug","message":"Rendering engine handlebars","meta":{"rootId":"95l7ajbk929mfg9","id":"95l7ajbk929mfg9"},"id":"u853e4afqzgnppk","previousOperationId":"h3vpzq4jcbll4h9"}
{"type":"operationEnd","operationId":"h3vpzq4jcbll4h9","timestamp":1674747432847,"id":"4ylt7hcxr60ili8","previousEventId":"ihgjr23yzl125mt","previousOperationId":"h3vpzq4jcbll4h9"}
{"type":"operationStart","subtype":"recipe","name":"chrome-pdf","timestamp":1674747432848,"id":"1k7ox93nacy0u8c","previousEventId":"4ylt7hcxr60ili8","operationId":"o9eshzl6bn0laxm","previousOperationId":"h3vpzq4jcbll4h9"}
{"type":"log","timestamp":1674747432848,"level":"debug","message":"Executing recipe chrome-pdf","meta":{"rootId":"95l7ajbk929mfg9","id":"95l7ajbk929mfg9"},"id":"g3tlo69xjz9xtka","previousOperationId":"o9eshzl6bn0laxm"}
{"type":"log","timestamp":1674747432854,"level":"debug","message":"Converting with chrome HeadlessChrome/105.0.5173.0 using chrome-pool strategy","meta":{"rootId":"95l7ajbk929mfg9","id":"95l7ajbk929mfg9"},"id":"docjdpeaqygwp3u","previousOperationId":"o9eshzl6bn0laxm"}
{"type":"log","timestamp":1674747432964,"level":"debug","message":"Page request: GET (document) file:///C:/Users/Johan/AppData/Local/Temp/jsreport/autocleanup/cab15d4b-02ea-428e-91cd-ec02ff08dc83-chrome-pdf.html","meta":{"rootId":"95l7ajbk929mfg9","id":"95l7ajbk929mfg9"},"id":"pnqwe5yd7e2mrw1","previousOperationId":"o9eshzl6bn0laxm"}
{"type":"log","timestamp":1674747432990,"level":"debug","message":"Page request finished: GET (document) 200 file:///C:/Users/Johan/AppData/Local/Temp/jsreport/autocleanup/cab15d4b-02ea-428e-91cd-ec02ff08dc83-chrome-pdf.html","meta":{"rootId":"95l7ajbk929mfg9","id":"95l7ajbk929mfg9"},"id":"zj59kr1pv9a9gt2","previousOperationId":"o9eshzl6bn0laxm"}
{"type":"log","timestamp":1674747432990,"level":"debug","message":"Page request: GET (stylesheet) https://cdnjs.cloudflare.com/ajax/libs/metro/4.1.5/css/metro.min.css","meta":{"rootId":"95l7ajbk929mfg9","id":"95l7ajbk929mfg9"},"id":"p4qt69isnhc8mvy","previousOperationId":"o9eshzl6bn0laxm"}
{"type":"log","timestamp":1674747432990,"level":"debug","message":"Page request: GET (script) https://cdnjs.cloudflare.com/ajax/libs/Chart.js/2.7.2/Chart.min.js","meta":{"rootId":"95l7ajbk929mfg9","id":"95l7ajbk929mfg9"},"id":"gtjhy2ddb04144d","previousOperationId":"o9eshzl6bn0laxm"}
{"type":"log","timestamp":1674747432991,"level":"debug","message":"Page request: GET (stylesheet) https://cdnjs.cloudflare.com/ajax/libs/chartist/0.11.0/chartist.min.css","meta":{"rootId":"95l7ajbk929mfg9","id":"95l7ajbk929mfg9"},"id":"cuhat4zrphg01c2","previousOperationId":"o9eshzl6bn0laxm"}
{"type":"log","timestamp":1674747432991,"level":"debug","message":"Page request: GET (script) https://cdn.jsdelivr.net/npm/chart.js@2.9.3/dist/Chart.min.js","meta":{"rootId":"95l7ajbk929mfg9","id":"95l7ajbk929mfg9"},"id":"tpuqyzwf4yq9vdf","previousOperationId":"o9eshzl6bn0laxm"}
{"type":"log","timestamp":1674747432999,"level":"debug","message":"Page request finished: GET (stylesheet) 200 https://cdnjs.cloudflare.com/ajax/libs/chartist/0.11.0/chartist.min.css","meta":{"rootId":"95l7ajbk929mfg9","id":"95l7ajbk929mfg9"},"id":"ptrho2noqopvqyh","previousOperationId":"o9eshzl6bn0laxm"}
{"type":"log","timestamp":1674747432999,"level":"debug","message":"Page request finished: GET (script) 200 https://cdnjs.cloudflare.com/ajax/libs/Chart.js/2.7.2/Chart.min.js","meta":{"rootId":"95l7ajbk929mfg9","id":"95l7ajbk929mfg9"},"id":"iul4zc2n6jde79m","previousOperationId":"o9eshzl6bn0laxm"}
{"type":"log","timestamp":1674747432999,"level":"debug","message":"Page request finished: GET (script) 200 https://cdn.jsdelivr.net/npm/chart.js@2.9.3/dist/Chart.min.js","meta":{"rootId":"95l7ajbk929mfg9","id":"95l7ajbk929mfg9"},"id":"ly3zxef7h77zy6j","previousOperationId":"o9eshzl6bn0laxm"}
{"type":"log","timestamp":1674747433016,"level":"debug","message":"Page request finished: GET (stylesheet) 200 https://cdnjs.cloudflare.com/ajax/libs/metro/4.1.5/css/metro.min.css","meta":{"rootId":"95l7ajbk929mfg9","id":"95l7ajbk929mfg9"},"id":"6ouwqeov4rh89eq","previousOperationId":"o9eshzl6bn0laxm"}
{"type":"log","timestamp":1674747433026,"level":"warn","message":"Page error: SyntaxError: Unexpected token ';'","meta":{"rootId":"95l7ajbk929mfg9","id":"95l7ajbk929mfg9"},"id":"cwwmt51octdotd2","previousOperationId":"o9eshzl6bn0laxm"}
{"type":"log","timestamp":1674747433059,"level":"debug","message":"Running chrome with params {\"printBackground\":true,\"timeout\":59147,\"margin\":{}}","meta":{"rootId":"95l7ajbk929mfg9","id":"95l7ajbk929mfg9"},"id":"6jvqdkbhd1dsxpu","previousOperationId":"o9eshzl6bn0laxm"}
{"type":"operationEnd","operationId":"o9eshzl6bn0laxm","timestamp":1674747433177,"id":"h8vz2lc8xotxh1u","previousEventId":"1k7ox93nacy0u8c","previousOperationId":"o9eshzl6bn0laxm"}
{"type":"log","timestamp":1674747433177,"level":"debug","message":"Executing script testing (afterRender)","meta":{"rootId":"95l7ajbk929mfg9","id":"95l7ajbk929mfg9"},"id":"poqczizlsjxv3f5","previousOperationId":"o9eshzl6bn0laxm"}
{"type":"operationStart","subtype":"scriptsAfterRender","name":"scripts afterRender","timestamp":1674747433184,"id":"pus3hspy38c23b2","previousEventId":"h8vz2lc8xotxh1u","operationId":"dcxaeuce3rrn05v","previousOperationId":"o9eshzl6bn0laxm"}
{"type":"operationStart","subtype":"script","name":"scripts testing","previousOperationId":"dcxaeuce3rrn05v","timestamp":1674747433184,"id":"yw3oafmno0vdrz3","previousEventId":"pus3hspy38c23b2","operationId":"f14c1zqx5wlpj9k"}
{"type":"operationEnd","operationId":"f14c1zqx5wlpj9k","timestamp":1674747434540,"id":"1ryspd6gc2850ve","previousEventId":"h8vz2lc8xotxh1u","previousOperationId":"o9eshzl6bn0laxm"}
{"type":"operationEnd","operationId":"dcxaeuce3rrn05v","timestamp":1674747434540,"id":"kwosbkmhln99csv","previousEventId":"1ryspd6gc2850ve","previousOperationId":"o9eshzl6bn0laxm"}
{"type":"log","timestamp":1674747434540,"level":"debug","message":"Skipping storing report.","meta":{"rootId":"95l7ajbk929mfg9","id":"95l7ajbk929mfg9"},"id":"knqblm7v43xcoql","previousOperationId":"dcxaeuce3rrn05v"}
{"type":"log","timestamp":1674747434540,"level":"info","message":"Rendering request 30 finished in 2543 ms","meta":{"rootId":"95l7ajbk929mfg9","id":"95l7ajbk929mfg9"},"id":"f8x487bxbkoc966","previousOperationId":"dcxaeuce3rrn05v"}
{"type":"operationEnd","subtype":"render","operationId":"j2jha77jd8bt2tr","timestamp":1674747434540,"id":"x9qr8cii2u6khn0","previousEventId":"kwosbkmhln99csv","previousOperationId":"dcxaeuce3rrn05v"}
{"type":"operationEnd","doDiffs":false,"previousEventId":"jhe8evfaergqc1f","previousOperationId":"e18vp988s78szov","operationId":"e18vp988s78szov","timestamp":1674747434544,"id":"yp4krt7ddvbvclq"}
