{"type":"operationStart","subtype":"profile","data":{"_id":"SvBCp2NtJPIU0joR","timestamp":"2023-01-26T15:59:27.886Z","state":"queued","mode":"standard","creationDate":"2023-01-26T15:59:27.892Z","modificationDate":"2023-01-26T15:59:27.892Z","shortid":"OP3baeV","$entitySet":"profiles"},"doDiffs":false,"timestamp":1674748767889,"id":"pexgtm9xg3rb5je","previousOperationId":null,"operationId":"0o4e3cxl711ou4s"}
{"type":"log","level":"info","message":"Render request 45 queued for execution and waiting for available worker","previousOperationId":"0o4e3cxl711ou4s","timestamp":1674748767891,"id":"l3w4d2cmtnwmsko"}
{"type":"operationStart","subtype":"render","name":"Data","previousOperationId":"0o4e3cxl711ou4s","timestamp":1674748767903,"id":"bd55cz00lmyjsz4","previousEventId":"pexgtm9xg3rb5je","operationId":"1dy9kn9jo3nk080"}
{"type":"log","timestamp":1674748767903,"level":"info","message":"Starting rendering request 45","meta":{"rootId":"96cbm59jsckm8m4","id":"96cbm59jsckm8m4"},"id":"inq5caytt6lrhmw","previousOperationId":"1dy9kn9jo3nk080"}
{"type":"log","timestamp":1674748767904,"level":"info","message":"Rendering template { name: Data, recipe: chrome-pdf, engine: handlebars, preview: true }","meta":{"rootId":"96cbm59jsckm8m4","id":"96cbm59jsckm8m4"},"id":"faf5za6c29jtd9g","previousOperationId":"1dy9kn9jo3nk080"}
{"type":"log","timestamp":1674748767906,"level":"debug","message":"Data item not defined for this template.","meta":{"rootId":"96cbm59jsckm8m4","id":"96cbm59jsckm8m4"},"id":"qxonokd4gg5ct6a","previousOperationId":"1dy9kn9jo3nk080"}
{"type":"log","timestamp":1674748767908,"level":"debug","message":"Executing script testing (beforeRender)","meta":{"rootId":"96cbm59jsckm8m4","id":"96cbm59jsckm8m4"},"id":"1wskq2j6nzmsv8t","previousOperationId":"1dy9kn9jo3nk080"}
{"type":"operationStart","subtype":"scriptsBeforeRender","name":"scripts beforeRender","timestamp":1674748767963,"id":"rocbmwmlivjy041","previousEventId":"bd55cz00lmyjsz4","operationId":"b5txsat7h87odps","previousOperationId":"1dy9kn9jo3nk080"}
{"type":"operationStart","subtype":"script","name":"scripts testing","previousOperationId":"b5txsat7h87odps","timestamp":1674748767963,"id":"qosf9ibhitvus88","previousEventId":"rocbmwmlivjy041","operationId":"jyylpqb3gzntwy3"}
{"type":"log","timestamp":1674748768240,"level":"debug","message":"(console:log) { location_id: [ '58', '2', '59' ], repetition: [ '2', '3', '1' ] }","meta":{"userLevel":true,"rootId":"96cbm59jsckm8m4","id":"96cbm59jsckm8m4"},"id":"eyn5o5rvc2d2ffl","previousOperationId":"jyylpqb3gzntwy3"}
{"type":"operationEnd","operationId":"jyylpqb3gzntwy3","timestamp":1674748768782,"id":"gk2r10o2vztnyso","previousEventId":"bd55cz00lmyjsz4","previousOperationId":"1dy9kn9jo3nk080"}
{"type":"operationEnd","operationId":"b5txsat7h87odps","timestamp":1674748768782,"id":"b4vhgir31se4yyb","previousEventId":"gk2r10o2vztnyso","previousOperationId":"1dy9kn9jo3nk080"}
{"type":"log","timestamp":1674748768782,"level":"debug","message":"Base url not specified, skipping its injection.","meta":{"rootId":"96cbm59jsckm8m4","id":"96cbm59jsckm8m4"},"id":"po8k6z1an6mt6rn","previousOperationId":"b5txsat7h87odps"}
{"type":"operationStart","subtype":"engine","name":"handlebars","timestamp":1674748768782,"id":"126x4ggo9p8ho0d","previousEventId":"b4vhgir31se4yyb","operationId":"iqplbylx8mzmoni","previousOperationId":"b5txsat7h87odps"}
{"type":"log","timestamp":1674748768782,"level":"debug","message":"Rendering engine handlebars","meta":{"rootId":"96cbm59jsckm8m4","id":"96cbm59jsckm8m4"},"id":"c2ht9k6tv5389cv","previousOperationId":"iqplbylx8mzmoni"}
{"type":"operationEnd","operationId":"iqplbylx8mzmoni","timestamp":1674748768797,"id":"8dpkempjg70elgo","previousEventId":"126x4ggo9p8ho0d","previousOperationId":"iqplbylx8mzmoni"}
{"type":"operationStart","subtype":"recipe","name":"chrome-pdf","timestamp":1674748768798,"id":"pyzxlpl9b309dzn","previousEventId":"8dpkempjg70elgo","operationId":"fz5nupqow5vonf4","previousOperationId":"iqplbylx8mzmoni"}
{"type":"log","timestamp":1674748768798,"level":"debug","message":"Executing recipe chrome-pdf","meta":{"rootId":"96cbm59jsckm8m4","id":"96cbm59jsckm8m4"},"id":"dj9yzj4s7aop99d","previousOperationId":"fz5nupqow5vonf4"}
{"type":"log","timestamp":1674748768801,"level":"debug","message":"Converting with chrome HeadlessChrome/105.0.5173.0 using chrome-pool strategy","meta":{"rootId":"96cbm59jsckm8m4","id":"96cbm59jsckm8m4"},"id":"xe4c5443j9kxrej","previousOperationId":"fz5nupqow5vonf4"}
{"type":"log","timestamp":1674748768890,"level":"debug","message":"Page request: GET (document) file:///C:/Users/Johan/AppData/Local/Temp/jsreport/autocleanup/b88be682-b5fe-4f1d-8dbd-64b04a44b223-chrome-pdf.html","meta":{"rootId":"96cbm59jsckm8m4","id":"96cbm59jsckm8m4"},"id":"4v9l0k98gaw38wr","previousOperationId":"fz5nupqow5vonf4"}
{"type":"log","timestamp":1674748768915,"level":"debug","message":"Page request: GET (stylesheet) https://cdnjs.cloudflare.com/ajax/libs/metro/4.1.5/css/metro.min.css","meta":{"rootId":"96cbm59jsckm8m4","id":"96cbm59jsckm8m4"},"id":"yrwg8jxm0ztfuih","previousOperationId":"fz5nupqow5vonf4"}
{"type":"log","timestamp":1674748768915,"level":"debug","message":"Page request: GET (script) https://cdnjs.cloudflare.com/ajax/libs/Chart.js/2.7.2/Chart.min.js","meta":{"rootId":"96cbm59jsckm8m4","id":"96cbm59jsckm8m4"},"id":"r8rk1g4qr4pb2ep","previousOperationId":"fz5nupqow5vonf4"}
{"type":"log","timestamp":1674748768915,"level":"debug","message":"Page request: GET (stylesheet) https://cdnjs.cloudflare.com/ajax/libs/chartist/0.11.0/chartist.min.css","meta":{"rootId":"96cbm59jsckm8m4","id":"96cbm59jsckm8m4"},"id":"pd3qgco5nxm2rc5","previousOperationId":"fz5nupqow5vonf4"}
{"type":"log","timestamp":1674748768916,"level":"debug","message":"Page request: GET (script) https://cdnjs.cloudflare.com/ajax/libs/chartist/0.11.0/chartist.min.js","meta":{"rootId":"96cbm59jsckm8m4","id":"96cbm59jsckm8m4"},"id":"70m0saaydu2fm6v","previousOperationId":"fz5nupqow5vonf4"}
{"type":"log","timestamp":1674748768916,"level":"debug","message":"Page request: GET (script) https://unpkg.com/chartist-plugin-tooltips@0.0.17","meta":{"rootId":"96cbm59jsckm8m4","id":"96cbm59jsckm8m4"},"id":"47lkc9y8p680h8k","previousOperationId":"fz5nupqow5vonf4"}
{"type":"log","timestamp":1674748768916,"level":"debug","message":"Page request finished: GET (document) 200 file:///C:/Users/Johan/AppData/Local/Temp/jsreport/autocleanup/b88be682-b5fe-4f1d-8dbd-64b04a44b223-chrome-pdf.html","meta":{"rootId":"96cbm59jsckm8m4","id":"96cbm59jsckm8m4"},"id":"cyamx69k8t3aot0","previousOperationId":"fz5nupqow5vonf4"}
{"type":"log","timestamp":1674748768916,"level":"debug","message":"Page request: GET (script) https://unpkg.com/chartist-plugin-pointlabels@0.0.6","meta":{"rootId":"96cbm59jsckm8m4","id":"96cbm59jsckm8m4"},"id":"fq5hi5oyhyl4y86","previousOperationId":"fz5nupqow5vonf4"}
{"type":"log","timestamp":1674748768922,"level":"warn","message":"Page request failed: GET (script) 302 https://unpkg.com/chartist-plugin-tooltips@0.0.17 (redirect to: /chartist-plugin-tooltips@0.0.17/dist/chartist-plugin-tooltip.js)","meta":{"rootId":"96cbm59jsckm8m4","id":"96cbm59jsckm8m4"},"id":"jk5f8wm9mklg286","previousOperationId":"fz5nupqow5vonf4"}
{"type":"log","timestamp":1674748768922,"level":"debug","message":"Page request: GET (script) https://unpkg.com/chartist-plugin-tooltips@0.0.17/dist/chartist-plugin-tooltip.js (redirect from: https://unpkg.com/chartist-plugin-tooltips@0.0.17)","meta":{"rootId":"96cbm59jsckm8m4","id":"96cbm59jsckm8m4"},"id":"luv6cewkqiv8bpe","previousOperationId":"fz5nupqow5vonf4"}
{"type":"log","timestamp":1674748768923,"level":"debug","message":"Page request finished: GET (stylesheet) 200 https://cdnjs.cloudflare.com/ajax/libs/chartist/0.11.0/chartist.min.css","meta":{"rootId":"96cbm59jsckm8m4","id":"96cbm59jsckm8m4"},"id":"jd5lll6ao6kbt4k","previousOperationId":"fz5nupqow5vonf4"}
{"type":"log","timestamp":1674748768924,"level":"debug","message":"Page request finished: GET (script) 200 https://cdnjs.cloudflare.com/ajax/libs/chartist/0.11.0/chartist.min.js","meta":{"rootId":"96cbm59jsckm8m4","id":"96cbm59jsckm8m4"},"id":"wb2at5f3yu10g7q","previousOperationId":"fz5nupqow5vonf4"}
{"type":"log","timestamp":1674748768924,"level":"warn","message":"Page request failed: GET (script) 302 https://unpkg.com/chartist-plugin-pointlabels@0.0.6 (redirect to: /chartist-plugin-pointlabels@0.0.6/dist/chartist-plugin-pointlabels.js)","meta":{"rootId":"96cbm59jsckm8m4","id":"96cbm59jsckm8m4"},"id":"0eki2fjv6c0asko","previousOperationId":"fz5nupqow5vonf4"}
{"type":"log","timestamp":1674748768924,"level":"debug","message":"Page request: GET (script) https://unpkg.com/chartist-plugin-pointlabels@0.0.6/dist/chartist-plugin-pointlabels.js (redirect from: https://unpkg.com/chartist-plugin-pointlabels@0.0.6)","meta":{"rootId":"96cbm59jsckm8m4","id":"96cbm59jsckm8m4"},"id":"pavd2zva9qiwek8","previousOperationId":"fz5nupqow5vonf4"}
{"type":"log","timestamp":1674748768948,"level":"debug","message":"Page request finished: GET (stylesheet) 200 https://cdnjs.cloudflare.com/ajax/libs/metro/4.1.5/css/metro.min.css","meta":{"rootId":"96cbm59jsckm8m4","id":"96cbm59jsckm8m4"},"id":"am7u3kbv33nz1ne","previousOperationId":"fz5nupqow5vonf4"}
{"type":"log","timestamp":1674748768948,"level":"debug","message":"Page request finished: GET (script) 200 https://cdnjs.cloudflare.com/ajax/libs/Chart.js/2.7.2/Chart.min.js","meta":{"rootId":"96cbm59jsckm8m4","id":"96cbm59jsckm8m4"},"id":"s0xbdcaen9cpakt","previousOperationId":"fz5nupqow5vonf4"}
{"type":"log","timestamp":1674748768956,"level":"debug","message":"Page request finished: GET (script) 200 https://unpkg.com/chartist-plugin-tooltips@0.0.17/dist/chartist-plugin-tooltip.js","meta":{"rootId":"96cbm59jsckm8m4","id":"96cbm59jsckm8m4"},"id":"m13u7s3fxukxrj7","previousOperationId":"fz5nupqow5vonf4"}
{"type":"log","timestamp":1674748768956,"level":"debug","message":"Page request finished: GET (script) 200 https://unpkg.com/chartist-plugin-pointlabels@0.0.6/dist/chartist-plugin-pointlabels.js","meta":{"rootId":"96cbm59jsckm8m4","id":"96cbm59jsckm8m4"},"id":"qv6gk59nxvck1ls","previousOperationId":"fz5nupqow5vonf4"}
{"type":"log","timestamp":1674748768963,"level":"debug","message":"(console:log) Me he venido","meta":{"userLevel":true,"rootId":"96cbm59jsckm8m4","id":"96cbm59jsckm8m4"},"id":"g6c34nd8ko4zc77","previousOperationId":"fz5nupqow5vonf4"}
{"type":"log","timestamp":1674748768996,"level":"warn","message":"Page error: TypeError: b.normalized.series[e].forEach is not a function\n    at f.<anonymous> (https://cdnjs.cloudflare.com/ajax/libs/chartist/0.11.0/chartist.min.js:9:2056)\n    at Array.forEach (<anonymous>)\n    at f.d [as createChart] (https://cdnjs.cloudflare.com/ajax/libs/chartist/0.11.0/chartist.min.js:9:1626)\n    at f.h (https://cdnjs.cloudflare.com/ajax/libs/chartist/0.11.0/chartist.min.js:8:15161)","meta":{"rootId":"96cbm59jsckm8m4","id":"96cbm59jsckm8m4"},"id":"cihps5qx8h2dkdh","previousOperationId":"fz5nupqow5vonf4"}
{"type":"log","timestamp":1674748769007,"level":"debug","message":"Running chrome with params {\"printBackground\":true,\"timeout\":59085,\"margin\":{}}","meta":{"rootId":"96cbm59jsckm8m4","id":"96cbm59jsckm8m4"},"id":"7rkjrc1x8uqwtcp","previousOperationId":"fz5nupqow5vonf4"}
{"type":"operationEnd","operationId":"fz5nupqow5vonf4","timestamp":1674748769138,"id":"lnfd0w0sg79qf6w","previousEventId":"pyzxlpl9b309dzn","previousOperationId":"fz5nupqow5vonf4"}
{"type":"log","timestamp":1674748769138,"level":"debug","message":"Executing script testing (afterRender)","meta":{"rootId":"96cbm59jsckm8m4","id":"96cbm59jsckm8m4"},"id":"qe35pr0yufb2qz3","previousOperationId":"fz5nupqow5vonf4"}
{"type":"operationStart","subtype":"scriptsAfterRender","name":"scripts afterRender","timestamp":1674748769145,"id":"6jsrzxaperk794u","previousEventId":"lnfd0w0sg79qf6w","operationId":"kgnii0w0klc8q4d","previousOperationId":"fz5nupqow5vonf4"}
{"type":"operationStart","subtype":"script","name":"scripts testing","previousOperationId":"kgnii0w0klc8q4d","timestamp":1674748769145,"id":"lqpjuwdtx00jfb8","previousEventId":"6jsrzxaperk794u","operationId":"1padr8fwu4pbx2p"}
{"type":"operationEnd","operationId":"1padr8fwu4pbx2p","timestamp":1674748770210,"id":"m8krvhh964hlvpf","previousEventId":"lnfd0w0sg79qf6w","previousOperationId":"fz5nupqow5vonf4"}
{"type":"operationEnd","operationId":"kgnii0w0klc8q4d","timestamp":1674748770210,"id":"mr49wglyvqwpfzh","previousEventId":"m8krvhh964hlvpf","previousOperationId":"fz5nupqow5vonf4"}
{"type":"log","timestamp":1674748770210,"level":"debug","message":"Skipping storing report.","meta":{"rootId":"96cbm59jsckm8m4","id":"96cbm59jsckm8m4"},"id":"2cxtlhhv7kmfjxy","previousOperationId":"kgnii0w0klc8q4d"}
{"type":"log","timestamp":1674748770210,"level":"info","message":"Rendering request 45 finished in 2324 ms","meta":{"rootId":"96cbm59jsckm8m4","id":"96cbm59jsckm8m4"},"id":"62uppp6i65a3jf0","previousOperationId":"kgnii0w0klc8q4d"}
{"type":"operationEnd","subtype":"render","operationId":"1dy9kn9jo3nk080","timestamp":1674748770210,"id":"va0m2cw9xe4d3ac","previousEventId":"mr49wglyvqwpfzh","previousOperationId":"kgnii0w0klc8q4d"}
{"type":"operationEnd","doDiffs":false,"previousEventId":"pexgtm9xg3rb5je","previousOperationId":"0o4e3cxl711ou4s","operationId":"0o4e3cxl711ou4s","timestamp":1674748770213,"id":"00368bnnckzi7xp"}
