{"type":"operationStart","subtype":"profile","data":{"_id":"U5j07uwwiSYtTyW6","timestamp":"2023-01-26T17:18:33.207Z","state":"queued","mode":"standard","creationDate":"2023-01-26T17:18:33.209Z","modificationDate":"2023-01-26T17:18:33.209Z","shortid":"feYjLkp","$entitySet":"profiles"},"doDiffs":false,"timestamp":1674753513208,"id":"ix28y8wn4lczlpx","previousOperationId":null,"operationId":"6i3fwb4x4oy85on"}
{"type":"log","level":"info","message":"Render request 27 queued for execution and waiting for available worker","previousOperationId":"6i3fwb4x4oy85on","timestamp":1674753513208,"id":"8icox0dq60e3cwf"}
{"type":"operationStart","subtype":"render","name":"Data","previousOperationId":"6i3fwb4x4oy85on","timestamp":1674753513216,"id":"4perc3evukhmh33","previousEventId":"ix28y8wn4lczlpx","operationId":"cvo4720ukooqqve"}
{"type":"log","timestamp":1674753513216,"level":"info","message":"Starting rendering request 27","meta":{"rootId":"9ekya1agotqpcbn","id":"9ekya1agotqpcbn"},"id":"h5nduddf2ahspzj","previousOperationId":"cvo4720ukooqqve"}
{"type":"log","timestamp":1674753513216,"level":"info","message":"Rendering template { name: Data, recipe: chrome-pdf, engine: handlebars, preview: true }","meta":{"rootId":"9ekya1agotqpcbn","id":"9ekya1agotqpcbn"},"id":"i8g7gar7ms7lem6","previousOperationId":"cvo4720ukooqqve"}
{"type":"log","timestamp":1674753513217,"level":"debug","message":"Data item not defined for this template.","meta":{"rootId":"9ekya1agotqpcbn","id":"9ekya1agotqpcbn"},"id":"hxnlrvg8wl8qr0q","previousOperationId":"cvo4720ukooqqve"}
{"type":"log","timestamp":1674753513218,"level":"debug","message":"Executing script testing (beforeRender)","meta":{"rootId":"9ekya1agotqpcbn","id":"9ekya1agotqpcbn"},"id":"d0xzi64h6is6crn","previousOperationId":"cvo4720ukooqqve"}
{"type":"operationStart","subtype":"scriptsBeforeRender","name":"scripts beforeRender","timestamp":1674753513257,"id":"ycfmoieknbhp4bs","previousEventId":"4perc3evukhmh33","operationId":"qoxkolv55p3a0ju","previousOperationId":"cvo4720ukooqqve"}
{"type":"operationStart","subtype":"script","name":"scripts testing","previousOperationId":"qoxkolv55p3a0ju","timestamp":1674753513257,"id":"zui84zsbk8mtpbe","previousEventId":"ycfmoieknbhp4bs","operationId":"xyv2zecvq6r9k5m"}
{"type":"log","timestamp":1674753513471,"level":"debug","message":"(console:log) {\n  locationName: [ 'Las Palmas de Gran Canaria', 'Galdar', 'Teror' ],\n  repetition: [ '2', '1', '3' ]\n}","meta":{"userLevel":true,"rootId":"9ekya1agotqpcbn","id":"9ekya1agotqpcbn"},"id":"8hyowiit7b2wexn","previousOperationId":"xyv2zecvq6r9k5m"}
{"type":"log","timestamp":1674753513471,"level":"debug","message":"(console:log) [ 'Las Palmas de Gran Canaria', 'Galdar', 'Teror' ]","meta":{"userLevel":true,"rootId":"9ekya1agotqpcbn","id":"9ekya1agotqpcbn"},"id":"c1ssos4gp6qt8bo","previousOperationId":"xyv2zecvq6r9k5m"}
{"type":"log","timestamp":1674753513471,"level":"debug","message":"(console:log) [ '2', '1', '3' ]","meta":{"userLevel":true,"rootId":"9ekya1agotqpcbn","id":"9ekya1agotqpcbn"},"id":"jstme063yc993r4","previousOperationId":"xyv2zecvq6r9k5m"}
{"type":"operationEnd","operationId":"xyv2zecvq6r9k5m","timestamp":1674753513869,"id":"kve8wmulqq8w223","previousEventId":"4perc3evukhmh33","previousOperationId":"cvo4720ukooqqve"}
{"type":"operationEnd","operationId":"qoxkolv55p3a0ju","timestamp":1674753513869,"id":"g5uq8mb1iiavk2n","previousEventId":"kve8wmulqq8w223","previousOperationId":"cvo4720ukooqqve"}
{"type":"log","timestamp":1674753513869,"level":"debug","message":"Base url not specified, skipping its injection.","meta":{"rootId":"9ekya1agotqpcbn","id":"9ekya1agotqpcbn"},"id":"wiys33tvyebrbn8","previousOperationId":"qoxkolv55p3a0ju"}
{"type":"operationStart","subtype":"engine","name":"handlebars","timestamp":1674753513869,"id":"er2lhfrirx16wzs","previousEventId":"g5uq8mb1iiavk2n","operationId":"7lgb9q25arw42t1","previousOperationId":"qoxkolv55p3a0ju"}
{"type":"log","timestamp":1674753513869,"level":"debug","message":"Rendering engine handlebars","meta":{"rootId":"9ekya1agotqpcbn","id":"9ekya1agotqpcbn"},"id":"g2zvicrynjxw22w","previousOperationId":"7lgb9q25arw42t1"}
{"type":"operationEnd","operationId":"7lgb9q25arw42t1","timestamp":1674753513885,"id":"ue10z4odj1g8o08","previousEventId":"er2lhfrirx16wzs","previousOperationId":"7lgb9q25arw42t1"}
{"type":"operationStart","subtype":"recipe","name":"chrome-pdf","timestamp":1674753513888,"id":"hmptbphlngdich3","previousEventId":"ue10z4odj1g8o08","operationId":"lnirn7vj5jacl6l","previousOperationId":"7lgb9q25arw42t1"}
{"type":"log","timestamp":1674753513888,"level":"debug","message":"Executing recipe chrome-pdf","meta":{"rootId":"9ekya1agotqpcbn","id":"9ekya1agotqpcbn"},"id":"61lahm7u2i5vcpz","previousOperationId":"lnirn7vj5jacl6l"}
{"type":"log","timestamp":1674753513896,"level":"debug","message":"Converting with chrome HeadlessChrome/105.0.5173.0 using chrome-pool strategy","meta":{"rootId":"9ekya1agotqpcbn","id":"9ekya1agotqpcbn"},"id":"uw5mk61pp71omr4","previousOperationId":"lnirn7vj5jacl6l"}
{"type":"log","timestamp":1674753513982,"level":"debug","message":"Page request: GET (document) file:///C:/Users/Johan/AppData/Local/Temp/jsreport/autocleanup/3c53bc6b-f845-45c9-844b-ff122a47ecdd-chrome-pdf.html","meta":{"rootId":"9ekya1agotqpcbn","id":"9ekya1agotqpcbn"},"id":"x26jp601bn6wa0n","previousOperationId":"lnirn7vj5jacl6l"}
{"type":"log","timestamp":1674753514006,"level":"debug","message":"Page request: GET (stylesheet) https://cdnjs.cloudflare.com/ajax/libs/metro/4.1.5/css/metro.min.css","meta":{"rootId":"9ekya1agotqpcbn","id":"9ekya1agotqpcbn"},"id":"6jvaip0vy3abm8i","previousOperationId":"lnirn7vj5jacl6l"}
{"type":"log","timestamp":1674753514006,"level":"debug","message":"Page request: GET (stylesheet) https://cdnjs.cloudflare.com/ajax/libs/chartist/0.11.0/chartist.min.css","meta":{"rootId":"9ekya1agotqpcbn","id":"9ekya1agotqpcbn"},"id":"l43cnqff5mikn9e","previousOperationId":"lnirn7vj5jacl6l"}
{"type":"log","timestamp":1674753514006,"level":"debug","message":"Page request: GET (script) https://cdnjs.cloudflare.com/ajax/libs/chartist/0.11.0/chartist.min.js","meta":{"rootId":"9ekya1agotqpcbn","id":"9ekya1agotqpcbn"},"id":"zq3z6h8zy0otdfw","previousOperationId":"lnirn7vj5jacl6l"}
{"type":"log","timestamp":1674753514007,"level":"debug","message":"Page request: GET (script) https://unpkg.com/chartist-plugin-tooltips@0.0.17","meta":{"rootId":"9ekya1agotqpcbn","id":"9ekya1agotqpcbn"},"id":"a10yx6i8vye1fma","previousOperationId":"lnirn7vj5jacl6l"}
{"type":"log","timestamp":1674753514008,"level":"debug","message":"Page request finished: GET (document) 200 file:///C:/Users/Johan/AppData/Local/Temp/jsreport/autocleanup/3c53bc6b-f845-45c9-844b-ff122a47ecdd-chrome-pdf.html","meta":{"rootId":"9ekya1agotqpcbn","id":"9ekya1agotqpcbn"},"id":"t86rfeug9vjbuc9","previousOperationId":"lnirn7vj5jacl6l"}
{"type":"log","timestamp":1674753514008,"level":"debug","message":"Page request: GET (script) https://unpkg.com/chartist-plugin-pointlabels@0.0.6","meta":{"rootId":"9ekya1agotqpcbn","id":"9ekya1agotqpcbn"},"id":"e2849jye5mffmz0","previousOperationId":"lnirn7vj5jacl6l"}
{"type":"log","timestamp":1674753514011,"level":"warn","message":"Page request failed: GET (script) 302 https://unpkg.com/chartist-plugin-tooltips@0.0.17 (redirect to: /chartist-plugin-tooltips@0.0.17/dist/chartist-plugin-tooltip.js)","meta":{"rootId":"9ekya1agotqpcbn","id":"9ekya1agotqpcbn"},"id":"mv3v0cxwm173q3n","previousOperationId":"lnirn7vj5jacl6l"}
{"type":"log","timestamp":1674753514012,"level":"debug","message":"Page request: GET (script) https://unpkg.com/chartist-plugin-tooltips@0.0.17/dist/chartist-plugin-tooltip.js (redirect from: https://unpkg.com/chartist-plugin-tooltips@0.0.17)","meta":{"rootId":"9ekya1agotqpcbn","id":"9ekya1agotqpcbn"},"id":"5c0iq8tqkqf9t3y","previousOperationId":"lnirn7vj5jacl6l"}
{"type":"log","timestamp":1674753514013,"level":"debug","message":"Page request finished: GET (stylesheet) 200 https://cdnjs.cloudflare.com/ajax/libs/chartist/0.11.0/chartist.min.css","meta":{"rootId":"9ekya1agotqpcbn","id":"9ekya1agotqpcbn"},"id":"0wkxz3zqjbxwlzm","previousOperationId":"lnirn7vj5jacl6l"}
{"type":"log","timestamp":1674753514014,"level":"debug","message":"Page request finished: GET (script) 200 https://cdnjs.cloudflare.com/ajax/libs/chartist/0.11.0/chartist.min.js","meta":{"rootId":"9ekya1agotqpcbn","id":"9ekya1agotqpcbn"},"id":"0129o0wtwqa0vi5","previousOperationId":"lnirn7vj5jacl6l"}
{"type":"log","timestamp":1674753514015,"level":"warn","message":"Page request failed: GET (script) 302 https://unpkg.com/chartist-plugin-pointlabels@0.0.6 (redirect to: /chartist-plugin-pointlabels@0.0.6/dist/chartist-plugin-pointlabels.js)","meta":{"rootId":"9ekya1agotqpcbn","id":"9ekya1agotqpcbn"},"id":"b0vbf60htan22ub","previousOperationId":"lnirn7vj5jacl6l"}
{"type":"log","timestamp":1674753514015,"level":"debug","message":"Page request: GET (script) https://unpkg.com/chartist-plugin-pointlabels@0.0.6/dist/chartist-plugin-pointlabels.js (redirect from: https://unpkg.com/chartist-plugin-pointlabels@0.0.6)","meta":{"rootId":"9ekya1agotqpcbn","id":"9ekya1agotqpcbn"},"id":"pkaw8vb6tl4so78","previousOperationId":"lnirn7vj5jacl6l"}
{"type":"log","timestamp":1674753514030,"level":"debug","message":"Page request finished: GET (stylesheet) 200 https://cdnjs.cloudflare.com/ajax/libs/metro/4.1.5/css/metro.min.css","meta":{"rootId":"9ekya1agotqpcbn","id":"9ekya1agotqpcbn"},"id":"hndj0h1a18vxob7","previousOperationId":"lnirn7vj5jacl6l"}
{"type":"log","timestamp":1674753514031,"level":"debug","message":"Page request finished: GET (script) 200 https://unpkg.com/chartist-plugin-tooltips@0.0.17/dist/chartist-plugin-tooltip.js","meta":{"rootId":"9ekya1agotqpcbn","id":"9ekya1agotqpcbn"},"id":"bi6aw4430h71pjs","previousOperationId":"lnirn7vj5jacl6l"}
{"type":"log","timestamp":1674753514031,"level":"debug","message":"Page request finished: GET (script) 200 https://unpkg.com/chartist-plugin-pointlabels@0.0.6/dist/chartist-plugin-pointlabels.js","meta":{"rootId":"9ekya1agotqpcbn","id":"9ekya1agotqpcbn"},"id":"r16dm78qy5k91zh","previousOperationId":"lnirn7vj5jacl6l"}
{"type":"log","timestamp":1674753514034,"level":"warn","message":"Page error: SyntaxError: Unexpected identifier","meta":{"rootId":"9ekya1agotqpcbn","id":"9ekya1agotqpcbn"},"id":"rm3i2a75huk3ttm","previousOperationId":"lnirn7vj5jacl6l"}
{"type":"log","timestamp":1674753514068,"level":"debug","message":"Running chrome with params {\"printBackground\":true,\"timeout\":59312,\"margin\":{}}","meta":{"rootId":"9ekya1agotqpcbn","id":"9ekya1agotqpcbn"},"id":"l0cnhc8z050t8aj","previousOperationId":"lnirn7vj5jacl6l"}
{"type":"operationEnd","operationId":"lnirn7vj5jacl6l","timestamp":1674753514171,"id":"t060fcpsq17stbh","previousEventId":"hmptbphlngdich3","previousOperationId":"lnirn7vj5jacl6l"}
{"type":"log","timestamp":1674753514171,"level":"debug","message":"Executing script testing (afterRender)","meta":{"rootId":"9ekya1agotqpcbn","id":"9ekya1agotqpcbn"},"id":"bpf0zlzq7zb0xbb","previousOperationId":"lnirn7vj5jacl6l"}
{"type":"operationStart","subtype":"scriptsAfterRender","name":"scripts afterRender","timestamp":1674753514178,"id":"2i0napih0fq3ewu","previousEventId":"t060fcpsq17stbh","operationId":"na2dnrn4xyvkdhh","previousOperationId":"lnirn7vj5jacl6l"}
{"type":"operationStart","subtype":"script","name":"scripts testing","previousOperationId":"na2dnrn4xyvkdhh","timestamp":1674753514178,"id":"oy1inezlbg46jnn","previousEventId":"2i0napih0fq3ewu","operationId":"x4ao2bqyy89nvh7"}
{"type":"operationEnd","operationId":"x4ao2bqyy89nvh7","timestamp":1674753515229,"id":"cb4n2pguvakps0g","previousEventId":"t060fcpsq17stbh","previousOperationId":"lnirn7vj5jacl6l"}
{"type":"operationEnd","operationId":"na2dnrn4xyvkdhh","timestamp":1674753515229,"id":"0k1tc0n2s1r1mzk","previousEventId":"cb4n2pguvakps0g","previousOperationId":"lnirn7vj5jacl6l"}
{"type":"log","timestamp":1674753515229,"level":"debug","message":"Skipping storing report.","meta":{"rootId":"9ekya1agotqpcbn","id":"9ekya1agotqpcbn"},"id":"noltr6ybera74sj","previousOperationId":"na2dnrn4xyvkdhh"}
{"type":"log","timestamp":1674753515229,"level":"info","message":"Rendering request 27 finished in 2022 ms","meta":{"rootId":"9ekya1agotqpcbn","id":"9ekya1agotqpcbn"},"id":"9fjmdozbd7kof71","previousOperationId":"na2dnrn4xyvkdhh"}
{"type":"operationEnd","subtype":"render","operationId":"cvo4720ukooqqve","timestamp":1674753515229,"id":"bivkrsc4d1h39g1","previousEventId":"0k1tc0n2s1r1mzk","previousOperationId":"na2dnrn4xyvkdhh"}
{"type":"operationEnd","doDiffs":false,"previousEventId":"ix28y8wn4lczlpx","previousOperationId":"6i3fwb4x4oy85on","operationId":"6i3fwb4x4oy85on","timestamp":1674753515232,"id":"ny26azt4u6nrz0s"}
