{"type":"operationStart","subtype":"profile","data":{"_id":"ltn6wwmdxzNjMB0d","timestamp":"2023-01-26T15:23:11.065Z","state":"queued","mode":"standard","creationDate":"2023-01-26T15:23:11.067Z","modificationDate":"2023-01-26T15:23:11.067Z","shortid":"EO6WAOv","$entitySet":"profiles"},"doDiffs":false,"timestamp":1674746591066,"id":"3noaf1hzehse0ms","previousOperationId":null,"operationId":"4uomn0k2xzaqr4i"}
{"type":"log","level":"info","message":"Render request 7 queued for execution and waiting for available worker","previousOperationId":"4uomn0k2xzaqr4i","timestamp":1674746591067,"id":"rba5x1x6qq2t84w"}
{"type":"operationStart","subtype":"render","name":"Data","previousOperationId":"4uomn0k2xzaqr4i","timestamp":1674746591076,"id":"1pllgu38prdf5mx","previousEventId":"3noaf1hzehse0ms","operationId":"f7rhk9pfpeamd79"}
{"type":"log","timestamp":1674746591076,"level":"info","message":"Starting rendering request 7","meta":{"rootId":"abph616w6ak0k3t","id":"abph616w6ak0k3t"},"id":"d81j6a7ikhktmrx","previousOperationId":"f7rhk9pfpeamd79"}
{"type":"log","timestamp":1674746591076,"level":"info","message":"Rendering template { name: Data, recipe: chrome-pdf, engine: handlebars, preview: true }","meta":{"rootId":"abph616w6ak0k3t","id":"abph616w6ak0k3t"},"id":"gi3wx5k9y3uihi2","previousOperationId":"f7rhk9pfpeamd79"}
{"type":"log","timestamp":1674746591077,"level":"debug","message":"Data item not defined for this template.","meta":{"rootId":"abph616w6ak0k3t","id":"abph616w6ak0k3t"},"id":"06635xgy309epkb","previousOperationId":"f7rhk9pfpeamd79"}
{"type":"log","timestamp":1674746591078,"level":"debug","message":"Executing script testing (beforeRender)","meta":{"rootId":"abph616w6ak0k3t","id":"abph616w6ak0k3t"},"id":"v4ff98m1bygf8j7","previousOperationId":"f7rhk9pfpeamd79"}
{"type":"operationStart","subtype":"scriptsBeforeRender","name":"scripts beforeRender","timestamp":1674746591124,"id":"cx0ker2z5re5bja","previousEventId":"1pllgu38prdf5mx","operationId":"ph9h94dyfihfbgm","previousOperationId":"f7rhk9pfpeamd79"}
{"type":"operationStart","subtype":"script","name":"scripts testing","previousOperationId":"ph9h94dyfihfbgm","timestamp":1674746591124,"id":"rleiqewaq3nu3rj","previousEventId":"cx0ker2z5re5bja","operationId":"k5maq6aylwnsdbp"}
{"type":"operationEnd","operationId":"k5maq6aylwnsdbp","timestamp":1674746591651,"id":"mfofytyxwmiyi9z","previousEventId":"1pllgu38prdf5mx","previousOperationId":"f7rhk9pfpeamd79"}
{"type":"operationEnd","operationId":"ph9h94dyfihfbgm","timestamp":1674746591651,"id":"iwkd8zytsmhesie","previousEventId":"mfofytyxwmiyi9z","previousOperationId":"f7rhk9pfpeamd79"}
{"type":"log","timestamp":1674746591651,"level":"debug","message":"Base url not specified, skipping its injection.","meta":{"rootId":"abph616w6ak0k3t","id":"abph616w6ak0k3t"},"id":"x01dkgwntjuarsz","previousOperationId":"ph9h94dyfihfbgm"}
{"type":"operationStart","subtype":"engine","name":"handlebars","timestamp":1674746591652,"id":"pjmgj8z3rura20n","previousEventId":"iwkd8zytsmhesie","operationId":"suagoslqv4mllz0","previousOperationId":"ph9h94dyfihfbgm"}
{"type":"log","timestamp":1674746591652,"level":"debug","message":"Rendering engine handlebars","meta":{"rootId":"abph616w6ak0k3t","id":"abph616w6ak0k3t"},"id":"sdfdxyb0cw38lga","previousOperationId":"suagoslqv4mllz0"}
{"type":"operationEnd","operationId":"suagoslqv4mllz0","timestamp":1674746591665,"id":"3y24hla45ao39fc","previousEventId":"pjmgj8z3rura20n","previousOperationId":"suagoslqv4mllz0"}
{"type":"operationStart","subtype":"recipe","name":"chrome-pdf","timestamp":1674746591665,"id":"4390910vimst2kz","previousEventId":"3y24hla45ao39fc","operationId":"cix2slnw39hqmmz","previousOperationId":"suagoslqv4mllz0"}
{"type":"log","timestamp":1674746591665,"level":"debug","message":"Executing recipe chrome-pdf","meta":{"rootId":"abph616w6ak0k3t","id":"abph616w6ak0k3t"},"id":"6isvvpq3fpmd6nu","previousOperationId":"cix2slnw39hqmmz"}
{"type":"log","timestamp":1674746591667,"level":"debug","message":"Converting with chrome HeadlessChrome/105.0.5173.0 using chrome-pool strategy","meta":{"rootId":"abph616w6ak0k3t","id":"abph616w6ak0k3t"},"id":"2l42tkpnmma3a9a","previousOperationId":"cix2slnw39hqmmz"}
{"type":"log","timestamp":1674746591750,"level":"debug","message":"Page request: GET (document) file:///C:/Users/Johan/AppData/Local/Temp/jsreport/autocleanup/53ef4028-9ceb-44d3-8a3d-678868bf80a0-chrome-pdf.html","meta":{"rootId":"abph616w6ak0k3t","id":"abph616w6ak0k3t"},"id":"995f60j0gvovpgv","previousOperationId":"cix2slnw39hqmmz"}
{"type":"log","timestamp":1674746591771,"level":"debug","message":"Page request finished: GET (document) 200 file:///C:/Users/Johan/AppData/Local/Temp/jsreport/autocleanup/53ef4028-9ceb-44d3-8a3d-678868bf80a0-chrome-pdf.html","meta":{"rootId":"abph616w6ak0k3t","id":"abph616w6ak0k3t"},"id":"tytqma01nwtd01g","previousOperationId":"cix2slnw39hqmmz"}
{"type":"log","timestamp":1674746591771,"level":"debug","message":"Page request: GET (stylesheet) https://cdnjs.cloudflare.com/ajax/libs/metro/4.1.5/css/metro.min.css","meta":{"rootId":"abph616w6ak0k3t","id":"abph616w6ak0k3t"},"id":"s1m2pty59uk0voz","previousOperationId":"cix2slnw39hqmmz"}
{"type":"log","timestamp":1674746591772,"level":"debug","message":"Page request: GET (script) https://cdnjs.cloudflare.com/ajax/libs/Chart.js/2.7.2/Chart.min.js","meta":{"rootId":"abph616w6ak0k3t","id":"abph616w6ak0k3t"},"id":"mk2v2m76ptqgzay","previousOperationId":"cix2slnw39hqmmz"}
{"type":"log","timestamp":1674746591772,"level":"debug","message":"Page request: GET (stylesheet) https://cdnjs.cloudflare.com/ajax/libs/chartist/0.11.0/chartist.min.css","meta":{"rootId":"abph616w6ak0k3t","id":"abph616w6ak0k3t"},"id":"fgbxpzgy6lr4toz","previousOperationId":"cix2slnw39hqmmz"}
{"type":"log","timestamp":1674746591772,"level":"debug","message":"Page request: GET (script) https://cdn.jsdelivr.net/npm/chart.js@2.9.3/dist/Chart.min.js","meta":{"rootId":"abph616w6ak0k3t","id":"abph616w6ak0k3t"},"id":"q76jsafbydwbvja","previousOperationId":"cix2slnw39hqmmz"}
{"type":"log","timestamp":1674746591779,"level":"debug","message":"Page request finished: GET (stylesheet) 200 https://cdnjs.cloudflare.com/ajax/libs/chartist/0.11.0/chartist.min.css","meta":{"rootId":"abph616w6ak0k3t","id":"abph616w6ak0k3t"},"id":"udruhwvl4sxt2b1","previousOperationId":"cix2slnw39hqmmz"}
{"type":"log","timestamp":1674746591780,"level":"debug","message":"Page request finished: GET (script) 200 https://cdnjs.cloudflare.com/ajax/libs/Chart.js/2.7.2/Chart.min.js","meta":{"rootId":"abph616w6ak0k3t","id":"abph616w6ak0k3t"},"id":"jl7lluvajoseimf","previousOperationId":"cix2slnw39hqmmz"}
{"type":"log","timestamp":1674746591780,"level":"debug","message":"Page request finished: GET (script) 200 https://cdn.jsdelivr.net/npm/chart.js@2.9.3/dist/Chart.min.js","meta":{"rootId":"abph616w6ak0k3t","id":"abph616w6ak0k3t"},"id":"gifpretluhohwn9","previousOperationId":"cix2slnw39hqmmz"}
{"type":"log","timestamp":1674746591795,"level":"debug","message":"Page request finished: GET (stylesheet) 200 https://cdnjs.cloudflare.com/ajax/libs/metro/4.1.5/css/metro.min.css","meta":{"rootId":"abph616w6ak0k3t","id":"abph616w6ak0k3t"},"id":"yqgbbotdolfr2ni","previousOperationId":"cix2slnw39hqmmz"}
{"type":"log","timestamp":1674746591804,"level":"warn","message":"Page error: SyntaxError: Unexpected token ','","meta":{"rootId":"abph616w6ak0k3t","id":"abph616w6ak0k3t"},"id":"5a0enshuj6jdvrx","previousOperationId":"cix2slnw39hqmmz"}
{"type":"log","timestamp":1674746591846,"level":"debug","message":"Running chrome with params {\"printBackground\":true,\"timeout\":59398,\"margin\":{}}","meta":{"rootId":"abph616w6ak0k3t","id":"abph616w6ak0k3t"},"id":"uj5jvawavfm3j23","previousOperationId":"cix2slnw39hqmmz"}
{"type":"operationEnd","operationId":"cix2slnw39hqmmz","timestamp":1674746591956,"id":"p11yenpzkyuww08","previousEventId":"4390910vimst2kz","previousOperationId":"cix2slnw39hqmmz"}
{"type":"log","timestamp":1674746591956,"level":"debug","message":"Executing script testing (afterRender)","meta":{"rootId":"abph616w6ak0k3t","id":"abph616w6ak0k3t"},"id":"ubbkojlbrxjswii","previousOperationId":"cix2slnw39hqmmz"}
{"type":"operationStart","subtype":"scriptsAfterRender","name":"scripts afterRender","timestamp":1674746591967,"id":"lddx1zi3te6stxk","previousEventId":"p11yenpzkyuww08","operationId":"0y4t1jkz4vu8yv5","previousOperationId":"cix2slnw39hqmmz"}
{"type":"operationStart","subtype":"script","name":"scripts testing","previousOperationId":"0y4t1jkz4vu8yv5","timestamp":1674746591967,"id":"mcacret4p1ddb7a","previousEventId":"lddx1zi3te6stxk","operationId":"azr572gae2sayya"}
{"type":"log","timestamp":1674746592189,"level":"debug","message":"(console:log) [ '58', '2', '59' ]","meta":{"userLevel":true,"rootId":"abph616w6ak0k3t","id":"abph616w6ak0k3t"},"id":"lwolemlwys5wj8g","previousOperationId":"azr572gae2sayya"}
{"type":"log","timestamp":1674746592189,"level":"debug","message":"(console:log) [ '2', '3', '1' ]","meta":{"userLevel":true,"rootId":"abph616w6ak0k3t","id":"abph616w6ak0k3t"},"id":"ewvhs5sfjpe7qqc","previousOperationId":"azr572gae2sayya"}
{"type":"operationEnd","operationId":"azr572gae2sayya","timestamp":1674746593316,"id":"c9pwmhp6zwpkian","previousEventId":"p11yenpzkyuww08","previousOperationId":"cix2slnw39hqmmz"}
{"type":"operationEnd","operationId":"0y4t1jkz4vu8yv5","timestamp":1674746593316,"id":"2pheofyvt0bgiyx","previousEventId":"c9pwmhp6zwpkian","previousOperationId":"cix2slnw39hqmmz"}
{"type":"log","timestamp":1674746593316,"level":"debug","message":"Skipping storing report.","meta":{"rootId":"abph616w6ak0k3t","id":"abph616w6ak0k3t"},"id":"s4dmtug2l09y6xp","previousOperationId":"0y4t1jkz4vu8yv5"}
{"type":"log","timestamp":1674746593316,"level":"info","message":"Rendering request 7 finished in 2251 ms","meta":{"rootId":"abph616w6ak0k3t","id":"abph616w6ak0k3t"},"id":"xvg4lu40pkodgt3","previousOperationId":"0y4t1jkz4vu8yv5"}
{"type":"operationEnd","subtype":"render","operationId":"f7rhk9pfpeamd79","timestamp":1674746593316,"id":"sxwx12qyspku2xt","previousEventId":"2pheofyvt0bgiyx","previousOperationId":"0y4t1jkz4vu8yv5"}
{"type":"operationEnd","doDiffs":false,"previousEventId":"3noaf1hzehse0ms","previousOperationId":"4uomn0k2xzaqr4i","operationId":"4uomn0k2xzaqr4i","timestamp":1674746593319,"id":"ndnai0n6nzztwh4"}
