{"type":"operationStart","subtype":"profile","data":{"_id":"oeLA6mZjuzqqe8eU","timestamp":"2023-01-26T16:04:33.996Z","state":"queued","mode":"standard","creationDate":"2023-01-26T16:04:33.999Z","modificationDate":"2023-01-26T16:04:33.999Z","shortid":"WqvAETj","$entitySet":"profiles"},"doDiffs":false,"timestamp":1674749073998,"id":"cdeh90wr8rvgr18","previousOperationId":null,"operationId":"gkuom5d9lt80k5c"}
{"type":"log","level":"info","message":"Render request 53 queued for execution and waiting for available worker","previousOperationId":"gkuom5d9lt80k5c","timestamp":1674749073998,"id":"uye39azq1dtybpo"}
{"type":"operationStart","subtype":"render","name":"Data","previousOperationId":"gkuom5d9lt80k5c","timestamp":1674749074010,"id":"p5iuqtsew42ymf7","previousEventId":"cdeh90wr8rvgr18","operationId":"9f66x6aklyb3xct"}
{"type":"log","timestamp":1674749074010,"level":"info","message":"Starting rendering request 53","meta":{"rootId":"ac6vhafy9zk9wfw","id":"ac6vhafy9zk9wfw"},"id":"zsmawk3fuxsdzl3","previousOperationId":"9f66x6aklyb3xct"}
{"type":"log","timestamp":1674749074010,"level":"info","message":"Rendering template { name: Data, recipe: chrome-pdf, engine: handlebars, preview: true }","meta":{"rootId":"ac6vhafy9zk9wfw","id":"ac6vhafy9zk9wfw"},"id":"330cgz53e1jur2o","previousOperationId":"9f66x6aklyb3xct"}
{"type":"log","timestamp":1674749074011,"level":"debug","message":"Data item not defined for this template.","meta":{"rootId":"ac6vhafy9zk9wfw","id":"ac6vhafy9zk9wfw"},"id":"7bgin2k5458xm4r","previousOperationId":"9f66x6aklyb3xct"}
{"type":"log","timestamp":1674749074013,"level":"debug","message":"Executing script testing (beforeRender)","meta":{"rootId":"ac6vhafy9zk9wfw","id":"ac6vhafy9zk9wfw"},"id":"fakhwp02iwro3nh","previousOperationId":"9f66x6aklyb3xct"}
{"type":"operationStart","subtype":"scriptsBeforeRender","name":"scripts beforeRender","timestamp":1674749074068,"id":"r0mn01y0fsxu6bc","previousEventId":"p5iuqtsew42ymf7","operationId":"0hopttjv94bw34x","previousOperationId":"9f66x6aklyb3xct"}
{"type":"operationStart","subtype":"script","name":"scripts testing","previousOperationId":"0hopttjv94bw34x","timestamp":1674749074068,"id":"8l3c8jabqy9c0lj","previousEventId":"r0mn01y0fsxu6bc","operationId":"v5vfl9rn80cgtoq"}
{"type":"log","timestamp":1674749074302,"level":"debug","message":"(console:log) { location_id: [ '58', '2', '59' ], repetition: [ '2', '3', '1' ] }","meta":{"userLevel":true,"rootId":"ac6vhafy9zk9wfw","id":"ac6vhafy9zk9wfw"},"id":"5if0obofk1x76qh","previousOperationId":"v5vfl9rn80cgtoq"}
{"type":"operationEnd","operationId":"v5vfl9rn80cgtoq","timestamp":1674749074720,"id":"ykoa9i013958b30","previousEventId":"p5iuqtsew42ymf7","previousOperationId":"9f66x6aklyb3xct"}
{"type":"operationEnd","operationId":"0hopttjv94bw34x","timestamp":1674749074720,"id":"lp155qxoe4qm4ti","previousEventId":"ykoa9i013958b30","previousOperationId":"9f66x6aklyb3xct"}
{"type":"log","timestamp":1674749074721,"level":"debug","message":"Base url not specified, skipping its injection.","meta":{"rootId":"ac6vhafy9zk9wfw","id":"ac6vhafy9zk9wfw"},"id":"pgg5xn9bci9mut7","previousOperationId":"0hopttjv94bw34x"}
{"type":"operationStart","subtype":"engine","name":"handlebars","timestamp":1674749074721,"id":"1h18utl6c0tlq5q","previousEventId":"lp155qxoe4qm4ti","operationId":"qve1fm5uazdpkmo","previousOperationId":"0hopttjv94bw34x"}
{"type":"log","timestamp":1674749074721,"level":"debug","message":"Rendering engine handlebars","meta":{"rootId":"ac6vhafy9zk9wfw","id":"ac6vhafy9zk9wfw"},"id":"fyw8xj8syuomumy","previousOperationId":"qve1fm5uazdpkmo"}
{"type":"operationEnd","operationId":"qve1fm5uazdpkmo","timestamp":1674749074732,"id":"e41503npbixhgdj","previousEventId":"1h18utl6c0tlq5q","previousOperationId":"qve1fm5uazdpkmo"}
{"type":"operationStart","subtype":"recipe","name":"chrome-pdf","timestamp":1674749074732,"id":"wztq00isjbhniiv","previousEventId":"e41503npbixhgdj","operationId":"bb0b2mqqwl0jf5l","previousOperationId":"qve1fm5uazdpkmo"}
{"type":"log","timestamp":1674749074732,"level":"debug","message":"Executing recipe chrome-pdf","meta":{"rootId":"ac6vhafy9zk9wfw","id":"ac6vhafy9zk9wfw"},"id":"zzvi9un07k4tzx0","previousOperationId":"bb0b2mqqwl0jf5l"}
{"type":"log","timestamp":1674749074735,"level":"debug","message":"Converting with chrome HeadlessChrome/105.0.5173.0 using chrome-pool strategy","meta":{"rootId":"ac6vhafy9zk9wfw","id":"ac6vhafy9zk9wfw"},"id":"cjn3fvuyxjrp6jz","previousOperationId":"bb0b2mqqwl0jf5l"}
{"type":"log","timestamp":1674749074814,"level":"debug","message":"Page request: GET (document) file:///C:/Users/Johan/AppData/Local/Temp/jsreport/autocleanup/e6644dd7-f80f-49b4-a60b-39ba30d36e5c-chrome-pdf.html","meta":{"rootId":"ac6vhafy9zk9wfw","id":"ac6vhafy9zk9wfw"},"id":"7wi3oc29u41c0vc","previousOperationId":"bb0b2mqqwl0jf5l"}
{"type":"log","timestamp":1674749074838,"level":"debug","message":"Page request: GET (stylesheet) https://cdnjs.cloudflare.com/ajax/libs/metro/4.1.5/css/metro.min.css","meta":{"rootId":"ac6vhafy9zk9wfw","id":"ac6vhafy9zk9wfw"},"id":"rn2bfikpfhwgjbj","previousOperationId":"bb0b2mqqwl0jf5l"}
{"type":"log","timestamp":1674749074839,"level":"debug","message":"Page request: GET (stylesheet) https://cdnjs.cloudflare.com/ajax/libs/chartist/0.11.0/chartist.min.css","meta":{"rootId":"ac6vhafy9zk9wfw","id":"ac6vhafy9zk9wfw"},"id":"40ombu9tncws24n","previousOperationId":"bb0b2mqqwl0jf5l"}
{"type":"log","timestamp":1674749074839,"level":"debug","message":"Page request: GET (script) https://cdnjs.cloudflare.com/ajax/libs/chartist/0.11.0/chartist.min.js","meta":{"rootId":"ac6vhafy9zk9wfw","id":"ac6vhafy9zk9wfw"},"id":"6psrxeq1xi2ip2a","previousOperationId":"bb0b2mqqwl0jf5l"}
{"type":"log","timestamp":1674749074839,"level":"debug","message":"Page request finished: GET (document) 200 file:///C:/Users/Johan/AppData/Local/Temp/jsreport/autocleanup/e6644dd7-f80f-49b4-a60b-39ba30d36e5c-chrome-pdf.html","meta":{"rootId":"ac6vhafy9zk9wfw","id":"ac6vhafy9zk9wfw"},"id":"3j32xhdsvafajjq","previousOperationId":"bb0b2mqqwl0jf5l"}
{"type":"log","timestamp":1674749074839,"level":"debug","message":"Page request: GET (script) https://unpkg.com/chartist-plugin-tooltips@0.0.17","meta":{"rootId":"ac6vhafy9zk9wfw","id":"ac6vhafy9zk9wfw"},"id":"0va2cj8mpwz4h2r","previousOperationId":"bb0b2mqqwl0jf5l"}
{"type":"log","timestamp":1674749074840,"level":"debug","message":"Page request: GET (script) https://unpkg.com/chartist-plugin-pointlabels@0.0.6","meta":{"rootId":"ac6vhafy9zk9wfw","id":"ac6vhafy9zk9wfw"},"id":"7bx57y0clolp1qv","previousOperationId":"bb0b2mqqwl0jf5l"}
{"type":"log","timestamp":1674749074848,"level":"debug","message":"Page request finished: GET (stylesheet) 200 https://cdnjs.cloudflare.com/ajax/libs/chartist/0.11.0/chartist.min.css","meta":{"rootId":"ac6vhafy9zk9wfw","id":"ac6vhafy9zk9wfw"},"id":"g6rw3dnxfru0mhp","previousOperationId":"bb0b2mqqwl0jf5l"}
{"type":"log","timestamp":1674749074849,"level":"warn","message":"Page request failed: GET (script) 302 https://unpkg.com/chartist-plugin-tooltips@0.0.17 (redirect to: /chartist-plugin-tooltips@0.0.17/dist/chartist-plugin-tooltip.js)","meta":{"rootId":"ac6vhafy9zk9wfw","id":"ac6vhafy9zk9wfw"},"id":"892bxr56f7oep2u","previousOperationId":"bb0b2mqqwl0jf5l"}
{"type":"log","timestamp":1674749074849,"level":"debug","message":"Page request: GET (script) https://unpkg.com/chartist-plugin-tooltips@0.0.17/dist/chartist-plugin-tooltip.js (redirect from: https://unpkg.com/chartist-plugin-tooltips@0.0.17)","meta":{"rootId":"ac6vhafy9zk9wfw","id":"ac6vhafy9zk9wfw"},"id":"267q7gsv1n8o3tw","previousOperationId":"bb0b2mqqwl0jf5l"}
{"type":"log","timestamp":1674749074850,"level":"debug","message":"Page request finished: GET (script) 200 https://cdnjs.cloudflare.com/ajax/libs/chartist/0.11.0/chartist.min.js","meta":{"rootId":"ac6vhafy9zk9wfw","id":"ac6vhafy9zk9wfw"},"id":"0y0t69druslnvx1","previousOperationId":"bb0b2mqqwl0jf5l"}
{"type":"log","timestamp":1674749074850,"level":"warn","message":"Page request failed: GET (script) 302 https://unpkg.com/chartist-plugin-pointlabels@0.0.6 (redirect to: /chartist-plugin-pointlabels@0.0.6/dist/chartist-plugin-pointlabels.js)","meta":{"rootId":"ac6vhafy9zk9wfw","id":"ac6vhafy9zk9wfw"},"id":"xgrhi0y8zo5dr3i","previousOperationId":"bb0b2mqqwl0jf5l"}
{"type":"log","timestamp":1674749074850,"level":"debug","message":"Page request: GET (script) https://unpkg.com/chartist-plugin-pointlabels@0.0.6/dist/chartist-plugin-pointlabels.js (redirect from: https://unpkg.com/chartist-plugin-pointlabels@0.0.6)","meta":{"rootId":"ac6vhafy9zk9wfw","id":"ac6vhafy9zk9wfw"},"id":"yvimtnivkypzfz9","previousOperationId":"bb0b2mqqwl0jf5l"}
{"type":"log","timestamp":1674749074866,"level":"debug","message":"Page request finished: GET (stylesheet) 200 https://cdnjs.cloudflare.com/ajax/libs/metro/4.1.5/css/metro.min.css","meta":{"rootId":"ac6vhafy9zk9wfw","id":"ac6vhafy9zk9wfw"},"id":"egeljsrc6f7exz9","previousOperationId":"bb0b2mqqwl0jf5l"}
{"type":"log","timestamp":1674749074868,"level":"debug","message":"Page request finished: GET (script) 200 https://unpkg.com/chartist-plugin-tooltips@0.0.17/dist/chartist-plugin-tooltip.js","meta":{"rootId":"ac6vhafy9zk9wfw","id":"ac6vhafy9zk9wfw"},"id":"ccl1rcxmuttjd7d","previousOperationId":"bb0b2mqqwl0jf5l"}
{"type":"log","timestamp":1674749074868,"level":"debug","message":"Page request finished: GET (script) 200 https://unpkg.com/chartist-plugin-pointlabels@0.0.6/dist/chartist-plugin-pointlabels.js","meta":{"rootId":"ac6vhafy9zk9wfw","id":"ac6vhafy9zk9wfw"},"id":"wt09cr01gbcm5zu","previousOperationId":"bb0b2mqqwl0jf5l"}
{"type":"log","timestamp":1674749074871,"level":"debug","message":"(console:log) Me he venido","meta":{"userLevel":true,"rootId":"ac6vhafy9zk9wfw","id":"ac6vhafy9zk9wfw"},"id":"9b9ca672r8qxb2m","previousOperationId":"bb0b2mqqwl0jf5l"}
{"type":"log","timestamp":1674749074922,"level":"debug","message":"Running chrome with params {\"printBackground\":true,\"timeout\":59262,\"margin\":{}}","meta":{"rootId":"ac6vhafy9zk9wfw","id":"ac6vhafy9zk9wfw"},"id":"9ar17ejgwfij2of","previousOperationId":"bb0b2mqqwl0jf5l"}
{"type":"operationEnd","operationId":"bb0b2mqqwl0jf5l","timestamp":1674749075106,"id":"mkg8um29dzn7jkl","previousEventId":"wztq00isjbhniiv","previousOperationId":"bb0b2mqqwl0jf5l"}
{"type":"log","timestamp":1674749075107,"level":"debug","message":"Executing script testing (afterRender)","meta":{"rootId":"ac6vhafy9zk9wfw","id":"ac6vhafy9zk9wfw"},"id":"yse5mijljxp7o11","previousOperationId":"bb0b2mqqwl0jf5l"}
{"type":"operationStart","subtype":"scriptsAfterRender","name":"scripts afterRender","timestamp":1674749075116,"id":"zbqhzvy3y7gim3w","previousEventId":"mkg8um29dzn7jkl","operationId":"36ysh7cs5rglosy","previousOperationId":"bb0b2mqqwl0jf5l"}
{"type":"operationStart","subtype":"script","name":"scripts testing","previousOperationId":"36ysh7cs5rglosy","timestamp":1674749075116,"id":"lhgz89qldxgpqr1","previousEventId":"zbqhzvy3y7gim3w","operationId":"dwxe2diq16rx607"}
{"type":"operationEnd","operationId":"dwxe2diq16rx607","timestamp":1674749076142,"id":"40jlbdz1hhn6rrj","previousEventId":"mkg8um29dzn7jkl","previousOperationId":"bb0b2mqqwl0jf5l"}
{"type":"operationEnd","operationId":"36ysh7cs5rglosy","timestamp":1674749076142,"id":"e5xytnq54ozjhmt","previousEventId":"40jlbdz1hhn6rrj","previousOperationId":"bb0b2mqqwl0jf5l"}
{"type":"log","timestamp":1674749076142,"level":"debug","message":"Skipping storing report.","meta":{"rootId":"ac6vhafy9zk9wfw","id":"ac6vhafy9zk9wfw"},"id":"au0imaixwdecjmx","previousOperationId":"36ysh7cs5rglosy"}
{"type":"log","timestamp":1674749076142,"level":"info","message":"Rendering request 53 finished in 2146 ms","meta":{"rootId":"ac6vhafy9zk9wfw","id":"ac6vhafy9zk9wfw"},"id":"vyg7dvarbpf5wbt","previousOperationId":"36ysh7cs5rglosy"}
{"type":"operationEnd","subtype":"render","operationId":"9f66x6aklyb3xct","timestamp":1674749076142,"id":"jvjupak8qhwhti1","previousEventId":"e5xytnq54ozjhmt","previousOperationId":"36ysh7cs5rglosy"}
{"type":"operationEnd","doDiffs":false,"previousEventId":"cdeh90wr8rvgr18","previousOperationId":"gkuom5d9lt80k5c","operationId":"gkuom5d9lt80k5c","timestamp":1674749076144,"id":"ig4clkn247xx4t8"}
