{"type":"operationStart","subtype":"profile","data":{"_id":"ZLr2imsFUSRWuzCC","timestamp":"2023-01-26T15:45:48.871Z","state":"queued","mode":"standard","creationDate":"2023-01-26T15:45:48.874Z","modificationDate":"2023-01-26T15:45:48.874Z","shortid":"6b1VMnp","$entitySet":"profiles"},"doDiffs":false,"timestamp":1674747948872,"id":"1xgwn347p3lb04d","previousOperationId":null,"operationId":"ekv4zk19ss5lzln"}
{"type":"log","level":"info","message":"Render request 42 queued for execution and waiting for available worker","previousOperationId":"ekv4zk19ss5lzln","timestamp":1674747948873,"id":"nhpm57a9nbpfc68"}
{"type":"operationStart","subtype":"render","name":"Data","previousOperationId":"ekv4zk19ss5lzln","timestamp":1674747948886,"id":"7nbjktkoflrbipb","previousEventId":"1xgwn347p3lb04d","operationId":"6tjivj9dx5dlnaw"}
{"type":"log","timestamp":1674747948886,"level":"info","message":"Starting rendering request 42","meta":{"rootId":"aclbkbg4je2hj6j","id":"aclbkbg4je2hj6j"},"id":"iy292esjsg50oub","previousOperationId":"6tjivj9dx5dlnaw"}
{"type":"log","timestamp":1674747948887,"level":"info","message":"Rendering template { name: Data, recipe: chrome-pdf, engine: handlebars, preview: true }","meta":{"rootId":"aclbkbg4je2hj6j","id":"aclbkbg4je2hj6j"},"id":"k3t5hdprwzyocvb","previousOperationId":"6tjivj9dx5dlnaw"}
{"type":"log","timestamp":1674747948888,"level":"debug","message":"Data item not defined for this template.","meta":{"rootId":"aclbkbg4je2hj6j","id":"aclbkbg4je2hj6j"},"id":"bsnasq8y7aysyht","previousOperationId":"6tjivj9dx5dlnaw"}
{"type":"log","timestamp":1674747948889,"level":"debug","message":"Executing script testing (beforeRender)","meta":{"rootId":"aclbkbg4je2hj6j","id":"aclbkbg4je2hj6j"},"id":"xbys39fl5ei94tz","previousOperationId":"6tjivj9dx5dlnaw"}
{"type":"operationStart","subtype":"scriptsBeforeRender","name":"scripts beforeRender","timestamp":1674747948940,"id":"vmr0p58uno8nt82","previousEventId":"7nbjktkoflrbipb","operationId":"qdf8z9wzb8nihsf","previousOperationId":"6tjivj9dx5dlnaw"}
{"type":"operationStart","subtype":"script","name":"scripts testing","previousOperationId":"qdf8z9wzb8nihsf","timestamp":1674747948940,"id":"fhqnkiwm8b489td","previousEventId":"vmr0p58uno8nt82","operationId":"53uzwiq1o61geu4"}
{"type":"log","timestamp":1674747949210,"level":"debug","message":"(console:log) { location_id: [ '58', '2', '59' ], repetition: [ '2', '3', '1' ] }","meta":{"userLevel":true,"rootId":"aclbkbg4je2hj6j","id":"aclbkbg4je2hj6j"},"id":"ekmrh7me5y69335","previousOperationId":"53uzwiq1o61geu4"}
{"type":"operationEnd","operationId":"53uzwiq1o61geu4","timestamp":1674747949671,"id":"xxalhxeocq2dq3f","previousEventId":"7nbjktkoflrbipb","previousOperationId":"6tjivj9dx5dlnaw"}
{"type":"operationEnd","operationId":"qdf8z9wzb8nihsf","timestamp":1674747949671,"id":"cawhvr4wbaqnzwz","previousEventId":"xxalhxeocq2dq3f","previousOperationId":"6tjivj9dx5dlnaw"}
{"type":"log","timestamp":1674747949671,"level":"debug","message":"Base url not specified, skipping its injection.","meta":{"rootId":"aclbkbg4je2hj6j","id":"aclbkbg4je2hj6j"},"id":"usfwzbdicag1oit","previousOperationId":"qdf8z9wzb8nihsf"}
{"type":"operationStart","subtype":"engine","name":"handlebars","timestamp":1674747949672,"id":"th18kacitpwn3hg","previousEventId":"cawhvr4wbaqnzwz","operationId":"jwnd5310lsfykeg","previousOperationId":"qdf8z9wzb8nihsf"}
{"type":"log","timestamp":1674747949672,"level":"debug","message":"Rendering engine handlebars","meta":{"rootId":"aclbkbg4je2hj6j","id":"aclbkbg4je2hj6j"},"id":"5wfhi4769rv47ta","previousOperationId":"jwnd5310lsfykeg"}
{"type":"operationEnd","operationId":"jwnd5310lsfykeg","timestamp":1674747949679,"id":"7ntlzdbfl3hsmse","previousEventId":"th18kacitpwn3hg","previousOperationId":"jwnd5310lsfykeg"}
{"type":"operationStart","subtype":"recipe","name":"chrome-pdf","timestamp":1674747949680,"id":"3cuom4gru6myrq2","previousEventId":"7ntlzdbfl3hsmse","operationId":"v1f3v0jnq0bx9gb","previousOperationId":"jwnd5310lsfykeg"}
{"type":"log","timestamp":1674747949680,"level":"debug","message":"Executing recipe chrome-pdf","meta":{"rootId":"aclbkbg4je2hj6j","id":"aclbkbg4je2hj6j"},"id":"cvtupr2juub3lm6","previousOperationId":"v1f3v0jnq0bx9gb"}
{"type":"log","timestamp":1674747949684,"level":"debug","message":"Converting with chrome HeadlessChrome/105.0.5173.0 using chrome-pool strategy","meta":{"rootId":"aclbkbg4je2hj6j","id":"aclbkbg4je2hj6j"},"id":"cmsjdbossou2oyd","previousOperationId":"v1f3v0jnq0bx9gb"}
{"type":"log","timestamp":1674747949781,"level":"debug","message":"Page request: GET (document) file:///C:/Users/Johan/AppData/Local/Temp/jsreport/autocleanup/d06bb86e-ed04-4159-b97d-a50fa0e4613c-chrome-pdf.html","meta":{"rootId":"aclbkbg4je2hj6j","id":"aclbkbg4je2hj6j"},"id":"62j0i04r4wvh5to","previousOperationId":"v1f3v0jnq0bx9gb"}
{"type":"log","timestamp":1674747949805,"level":"debug","message":"Page request finished: GET (document) 200 file:///C:/Users/Johan/AppData/Local/Temp/jsreport/autocleanup/d06bb86e-ed04-4159-b97d-a50fa0e4613c-chrome-pdf.html","meta":{"rootId":"aclbkbg4je2hj6j","id":"aclbkbg4je2hj6j"},"id":"fq75j25f1huajs9","previousOperationId":"v1f3v0jnq0bx9gb"}
{"type":"log","timestamp":1674747949805,"level":"debug","message":"Page request: GET (stylesheet) https://cdnjs.cloudflare.com/ajax/libs/metro/4.1.5/css/metro.min.css","meta":{"rootId":"aclbkbg4je2hj6j","id":"aclbkbg4je2hj6j"},"id":"3po2ksz0qlksqgu","previousOperationId":"v1f3v0jnq0bx9gb"}
{"type":"log","timestamp":1674747949805,"level":"debug","message":"Page request: GET (script) https://cdnjs.cloudflare.com/ajax/libs/Chart.js/2.7.2/Chart.min.js","meta":{"rootId":"aclbkbg4je2hj6j","id":"aclbkbg4je2hj6j"},"id":"h4crqykkkr9y2aq","previousOperationId":"v1f3v0jnq0bx9gb"}
{"type":"log","timestamp":1674747949806,"level":"debug","message":"Page request: GET (stylesheet) https://cdnjs.cloudflare.com/ajax/libs/chartist/0.11.0/chartist.min.css","meta":{"rootId":"aclbkbg4je2hj6j","id":"aclbkbg4je2hj6j"},"id":"g7drqoog690f9uf","previousOperationId":"v1f3v0jnq0bx9gb"}
{"type":"log","timestamp":1674747949806,"level":"debug","message":"Page request: GET (script) https://cdn.jsdelivr.net/npm/chart.js@2.9.3/dist/Chart.min.js","meta":{"rootId":"aclbkbg4je2hj6j","id":"aclbkbg4je2hj6j"},"id":"esowzalrrrgh4xk","previousOperationId":"v1f3v0jnq0bx9gb"}
{"type":"log","timestamp":1674747949815,"level":"debug","message":"Page request finished: GET (stylesheet) 200 https://cdnjs.cloudflare.com/ajax/libs/chartist/0.11.0/chartist.min.css","meta":{"rootId":"aclbkbg4je2hj6j","id":"aclbkbg4je2hj6j"},"id":"p9c3et9hfl9o5bo","previousOperationId":"v1f3v0jnq0bx9gb"}
{"type":"log","timestamp":1674747949817,"level":"debug","message":"Page request finished: GET (script) 200 https://cdnjs.cloudflare.com/ajax/libs/Chart.js/2.7.2/Chart.min.js","meta":{"rootId":"aclbkbg4je2hj6j","id":"aclbkbg4je2hj6j"},"id":"szkkqmjwkemcrln","previousOperationId":"v1f3v0jnq0bx9gb"}
{"type":"log","timestamp":1674747949817,"level":"debug","message":"Page request finished: GET (script) 200 https://cdn.jsdelivr.net/npm/chart.js@2.9.3/dist/Chart.min.js","meta":{"rootId":"aclbkbg4je2hj6j","id":"aclbkbg4je2hj6j"},"id":"ft2hd65z20ee5eb","previousOperationId":"v1f3v0jnq0bx9gb"}
{"type":"log","timestamp":1674747949833,"level":"debug","message":"Page request finished: GET (stylesheet) 200 https://cdnjs.cloudflare.com/ajax/libs/metro/4.1.5/css/metro.min.css","meta":{"rootId":"aclbkbg4je2hj6j","id":"aclbkbg4je2hj6j"},"id":"k6djlcg4qyw3ffe","previousOperationId":"v1f3v0jnq0bx9gb"}
{"type":"log","timestamp":1674747949844,"level":"debug","message":"(console:log) Me he venido","meta":{"userLevel":true,"rootId":"aclbkbg4je2hj6j","id":"aclbkbg4je2hj6j"},"id":"n7mbi1kkeiyw3v8","previousOperationId":"v1f3v0jnq0bx9gb"}
{"type":"log","timestamp":1674747949844,"level":"debug","message":"(console:log) JSHandle@array","meta":{"userLevel":true,"rootId":"aclbkbg4je2hj6j","id":"aclbkbg4je2hj6j"},"id":"jairt2wwsa64w3i","previousOperationId":"v1f3v0jnq0bx9gb"}
{"type":"log","timestamp":1674747949930,"level":"debug","message":"Running chrome with params {\"printBackground\":true,\"timeout\":59189,\"margin\":{}}","meta":{"rootId":"aclbkbg4je2hj6j","id":"aclbkbg4je2hj6j"},"id":"b11uc9zbub540nb","previousOperationId":"v1f3v0jnq0bx9gb"}
{"type":"operationEnd","operationId":"v1f3v0jnq0bx9gb","timestamp":1674747950067,"id":"cunyuy4gcv0lj2d","previousEventId":"3cuom4gru6myrq2","previousOperationId":"v1f3v0jnq0bx9gb"}
{"type":"log","timestamp":1674747950067,"level":"debug","message":"Executing script testing (afterRender)","meta":{"rootId":"aclbkbg4je2hj6j","id":"aclbkbg4je2hj6j"},"id":"8mfehwa1hxf85ti","previousOperationId":"v1f3v0jnq0bx9gb"}
{"type":"operationStart","subtype":"scriptsAfterRender","name":"scripts afterRender","timestamp":1674747950076,"id":"eeesaflw1mk023d","previousEventId":"cunyuy4gcv0lj2d","operationId":"uclfd975pke88ib","previousOperationId":"v1f3v0jnq0bx9gb"}
{"type":"operationStart","subtype":"script","name":"scripts testing","previousOperationId":"uclfd975pke88ib","timestamp":1674747950076,"id":"f8q8pzfgtg4h33g","previousEventId":"eeesaflw1mk023d","operationId":"fjsogz8y1801d4e"}
{"type":"operationEnd","operationId":"fjsogz8y1801d4e","timestamp":1674747951218,"id":"her4ttelw47pnpn","previousEventId":"cunyuy4gcv0lj2d","previousOperationId":"v1f3v0jnq0bx9gb"}
{"type":"operationEnd","operationId":"uclfd975pke88ib","timestamp":1674747951218,"id":"dfytwn35j9zhtcr","previousEventId":"her4ttelw47pnpn","previousOperationId":"v1f3v0jnq0bx9gb"}
{"type":"log","timestamp":1674747951218,"level":"debug","message":"Skipping storing report.","meta":{"rootId":"aclbkbg4je2hj6j","id":"aclbkbg4je2hj6j"},"id":"3bv4qee99bfue8p","previousOperationId":"uclfd975pke88ib"}
{"type":"log","timestamp":1674747951218,"level":"info","message":"Rendering request 42 finished in 2347 ms","meta":{"rootId":"aclbkbg4je2hj6j","id":"aclbkbg4je2hj6j"},"id":"99dhx3yu0uwkna1","previousOperationId":"uclfd975pke88ib"}
{"type":"operationEnd","subtype":"render","operationId":"6tjivj9dx5dlnaw","timestamp":1674747951218,"id":"vidshaiozi8540x","previousEventId":"dfytwn35j9zhtcr","previousOperationId":"uclfd975pke88ib"}
{"type":"operationEnd","doDiffs":false,"previousEventId":"1xgwn347p3lb04d","previousOperationId":"ekv4zk19ss5lzln","operationId":"ekv4zk19ss5lzln","timestamp":1674747951221,"id":"babwb5q8hehesy5"}
