{"type":"operationStart","subtype":"profile","data":{"_id":"Tv3fwJwcSIdMoLCq","timestamp":"2023-01-26T16:51:19.122Z","state":"queued","mode":"standard","creationDate":"2023-01-26T16:51:19.125Z","modificationDate":"2023-01-26T16:51:19.125Z","shortid":"MtGiPdy","$entitySet":"profiles"},"doDiffs":false,"timestamp":1674751879123,"id":"lny8w70awynzu69","previousOperationId":null,"operationId":"c8pdhm427gpopu4"}
{"type":"log","level":"info","message":"Render request 7 queued for execution and waiting for available worker","previousOperationId":"c8pdhm427gpopu4","timestamp":1674751879124,"id":"ehtbtglk7lk3446"}
{"type":"operationStart","subtype":"render","name":"Data","previousOperationId":"c8pdhm427gpopu4","timestamp":1674751879134,"id":"cdl8emxgsd4m4ap","previousEventId":"lny8w70awynzu69","operationId":"mwdj91u94qhv96p"}
{"type":"log","timestamp":1674751879134,"level":"info","message":"Starting rendering request 7","meta":{"rootId":"aippym0p27pkwnt","id":"aippym0p27pkwnt"},"id":"7qrso9mbo4cu7zw","previousOperationId":"mwdj91u94qhv96p"}
{"type":"log","timestamp":1674751879135,"level":"info","message":"Rendering template { name: Data, recipe: chrome-pdf, engine: handlebars, preview: true }","meta":{"rootId":"aippym0p27pkwnt","id":"aippym0p27pkwnt"},"id":"hhgxqvl9ho0flby","previousOperationId":"mwdj91u94qhv96p"}
{"type":"log","timestamp":1674751879135,"level":"debug","message":"Data item not defined for this template.","meta":{"rootId":"aippym0p27pkwnt","id":"aippym0p27pkwnt"},"id":"3si1ezxlmymozsu","previousOperationId":"mwdj91u94qhv96p"}
{"type":"log","timestamp":1674751879139,"level":"debug","message":"Executing script testing (beforeRender)","meta":{"rootId":"aippym0p27pkwnt","id":"aippym0p27pkwnt"},"id":"esfmjv4yv6jxn5j","previousOperationId":"mwdj91u94qhv96p"}
{"type":"operationStart","subtype":"scriptsBeforeRender","name":"scripts beforeRender","timestamp":1674751879191,"id":"0xxynjae40ja5fr","previousEventId":"cdl8emxgsd4m4ap","operationId":"zrby3r7nezlaneg","previousOperationId":"mwdj91u94qhv96p"}
{"type":"operationStart","subtype":"script","name":"scripts testing","previousOperationId":"zrby3r7nezlaneg","timestamp":1674751879191,"id":"c39bg2leupym0jx","previousEventId":"0xxynjae40ja5fr","operationId":"09uo5f7iezpikgi"}
{"type":"log","timestamp":1674751879394,"level":"debug","message":"(console:log) {\n  locationName: [ 'Las Palmas de Gran Canaria', 'Galdar', 'Teror' ],\n  repetition: [ '2', '1', '3' ]\n}","meta":{"userLevel":true,"rootId":"aippym0p27pkwnt","id":"aippym0p27pkwnt"},"id":"3ol3pa7bo66j5fn","previousOperationId":"09uo5f7iezpikgi"}
{"type":"log","timestamp":1674751879394,"level":"debug","message":"(console:log) [ 'Las Palmas de Gran Canaria', 'Galdar', 'Teror' ]","meta":{"userLevel":true,"rootId":"aippym0p27pkwnt","id":"aippym0p27pkwnt"},"id":"f2dyuhzu1rwbb56","previousOperationId":"09uo5f7iezpikgi"}
{"type":"log","timestamp":1674751879394,"level":"debug","message":"(console:log) [ '2', '1', '3' ]","meta":{"userLevel":true,"rootId":"aippym0p27pkwnt","id":"aippym0p27pkwnt"},"id":"pdmnfgrj19d19tg","previousOperationId":"09uo5f7iezpikgi"}
{"type":"operationEnd","operationId":"09uo5f7iezpikgi","timestamp":1674751879813,"id":"fyoqwl8rtb4lpad","previousEventId":"cdl8emxgsd4m4ap","previousOperationId":"mwdj91u94qhv96p"}
{"type":"operationEnd","operationId":"zrby3r7nezlaneg","timestamp":1674751879813,"id":"sfk1acpth4r3iiy","previousEventId":"fyoqwl8rtb4lpad","previousOperationId":"mwdj91u94qhv96p"}
{"type":"log","timestamp":1674751879813,"level":"debug","message":"Base url not specified, skipping its injection.","meta":{"rootId":"aippym0p27pkwnt","id":"aippym0p27pkwnt"},"id":"q7updfwoslypfdl","previousOperationId":"zrby3r7nezlaneg"}
{"type":"operationStart","subtype":"engine","name":"handlebars","timestamp":1674751879814,"id":"a7875oibvntpgmc","previousEventId":"sfk1acpth4r3iiy","operationId":"46xi1439xarpkxt","previousOperationId":"zrby3r7nezlaneg"}
{"type":"log","timestamp":1674751879814,"level":"debug","message":"Rendering engine handlebars","meta":{"rootId":"aippym0p27pkwnt","id":"aippym0p27pkwnt"},"id":"stnykocwgxel88y","previousOperationId":"46xi1439xarpkxt"}
{"type":"operationEnd","operationId":"46xi1439xarpkxt","timestamp":1674751879826,"id":"jtfzvvhnu0gpubx","previousEventId":"a7875oibvntpgmc","previousOperationId":"46xi1439xarpkxt"}
{"type":"operationStart","subtype":"recipe","name":"chrome-pdf","timestamp":1674751879827,"id":"0b3pg16gj0e28hg","previousEventId":"jtfzvvhnu0gpubx","operationId":"wnm2w3np85baiqs","previousOperationId":"46xi1439xarpkxt"}
{"type":"log","timestamp":1674751879827,"level":"debug","message":"Executing recipe chrome-pdf","meta":{"rootId":"aippym0p27pkwnt","id":"aippym0p27pkwnt"},"id":"31wc7v09nxw08vs","previousOperationId":"wnm2w3np85baiqs"}
{"type":"log","timestamp":1674751879831,"level":"debug","message":"Converting with chrome HeadlessChrome/105.0.5173.0 using chrome-pool strategy","meta":{"rootId":"aippym0p27pkwnt","id":"aippym0p27pkwnt"},"id":"1u42q7evbllichy","previousOperationId":"wnm2w3np85baiqs"}
{"type":"log","timestamp":1674751879928,"level":"debug","message":"Page request: GET (document) file:///C:/Users/Johan/AppData/Local/Temp/jsreport/autocleanup/fc7b6d24-01c1-4f86-aa64-ad42fad3acec-chrome-pdf.html","meta":{"rootId":"aippym0p27pkwnt","id":"aippym0p27pkwnt"},"id":"0vmw6p0ll0zbn8o","previousOperationId":"wnm2w3np85baiqs"}
{"type":"log","timestamp":1674751879952,"level":"debug","message":"Page request: GET (stylesheet) https://cdnjs.cloudflare.com/ajax/libs/metro/4.1.5/css/metro.min.css","meta":{"rootId":"aippym0p27pkwnt","id":"aippym0p27pkwnt"},"id":"zyqzchpuj96sq5c","previousOperationId":"wnm2w3np85baiqs"}
{"type":"log","timestamp":1674751879953,"level":"debug","message":"Page request: GET (stylesheet) https://cdnjs.cloudflare.com/ajax/libs/chartist/0.11.0/chartist.min.css","meta":{"rootId":"aippym0p27pkwnt","id":"aippym0p27pkwnt"},"id":"ankgmu14pqaqq5w","previousOperationId":"wnm2w3np85baiqs"}
{"type":"log","timestamp":1674751879954,"level":"debug","message":"Page request finished: GET (document) 200 file:///C:/Users/Johan/AppData/Local/Temp/jsreport/autocleanup/fc7b6d24-01c1-4f86-aa64-ad42fad3acec-chrome-pdf.html","meta":{"rootId":"aippym0p27pkwnt","id":"aippym0p27pkwnt"},"id":"cz02ib3dhj9fk6e","previousOperationId":"wnm2w3np85baiqs"}
{"type":"log","timestamp":1674751879954,"level":"debug","message":"Page request: GET (script) https://cdnjs.cloudflare.com/ajax/libs/chartist/0.11.0/chartist.min.js","meta":{"rootId":"aippym0p27pkwnt","id":"aippym0p27pkwnt"},"id":"31le5ibktarp8ln","previousOperationId":"wnm2w3np85baiqs"}
{"type":"log","timestamp":1674751879954,"level":"debug","message":"Page request: GET (script) https://unpkg.com/chartist-plugin-tooltips@0.0.17","meta":{"rootId":"aippym0p27pkwnt","id":"aippym0p27pkwnt"},"id":"v6phgbtzsk8xqrf","previousOperationId":"wnm2w3np85baiqs"}
{"type":"log","timestamp":1674751879954,"level":"debug","message":"Page request: GET (script) https://unpkg.com/chartist-plugin-pointlabels@0.0.6","meta":{"rootId":"aippym0p27pkwnt","id":"aippym0p27pkwnt"},"id":"gqowvcb40y1pair","previousOperationId":"wnm2w3np85baiqs"}
{"type":"log","timestamp":1674751879959,"level":"debug","message":"Page request finished: GET (stylesheet) 200 https://cdnjs.cloudflare.com/ajax/libs/chartist/0.11.0/chartist.min.css","meta":{"rootId":"aippym0p27pkwnt","id":"aippym0p27pkwnt"},"id":"gmi0azl8tlurts7","previousOperationId":"wnm2w3np85baiqs"}
{"type":"log","timestamp":1674751879961,"level":"warn","message":"Page request failed: GET (script) 302 https://unpkg.com/chartist-plugin-tooltips@0.0.17 (redirect to: /chartist-plugin-tooltips@0.0.17/dist/chartist-plugin-tooltip.js)","meta":{"rootId":"aippym0p27pkwnt","id":"aippym0p27pkwnt"},"id":"kw65nz3m1rtbou6","previousOperationId":"wnm2w3np85baiqs"}
{"type":"log","timestamp":1674751879961,"level":"debug","message":"Page request: GET (script) https://unpkg.com/chartist-plugin-tooltips@0.0.17/dist/chartist-plugin-tooltip.js (redirect from: https://unpkg.com/chartist-plugin-tooltips@0.0.17)","meta":{"rootId":"aippym0p27pkwnt","id":"aippym0p27pkwnt"},"id":"fj5cjeju5nv0dtc","previousOperationId":"wnm2w3np85baiqs"}
{"type":"log","timestamp":1674751879962,"level":"warn","message":"Page request failed: GET (script) 302 https://unpkg.com/chartist-plugin-pointlabels@0.0.6 (redirect to: /chartist-plugin-pointlabels@0.0.6/dist/chartist-plugin-pointlabels.js)","meta":{"rootId":"aippym0p27pkwnt","id":"aippym0p27pkwnt"},"id":"l9jw3bwy4x9izon","previousOperationId":"wnm2w3np85baiqs"}
{"type":"log","timestamp":1674751879962,"level":"debug","message":"Page request: GET (script) https://unpkg.com/chartist-plugin-pointlabels@0.0.6/dist/chartist-plugin-pointlabels.js (redirect from: https://unpkg.com/chartist-plugin-pointlabels@0.0.6)","meta":{"rootId":"aippym0p27pkwnt","id":"aippym0p27pkwnt"},"id":"jqtidrlknricu5y","previousOperationId":"wnm2w3np85baiqs"}
{"type":"log","timestamp":1674751879963,"level":"debug","message":"Page request finished: GET (script) 200 https://cdnjs.cloudflare.com/ajax/libs/chartist/0.11.0/chartist.min.js","meta":{"rootId":"aippym0p27pkwnt","id":"aippym0p27pkwnt"},"id":"6gt2di9rj0n6vb6","previousOperationId":"wnm2w3np85baiqs"}
{"type":"log","timestamp":1674751879994,"level":"debug","message":"Page request finished: GET (stylesheet) 200 https://cdnjs.cloudflare.com/ajax/libs/metro/4.1.5/css/metro.min.css","meta":{"rootId":"aippym0p27pkwnt","id":"aippym0p27pkwnt"},"id":"6timd2ffja8uj2d","previousOperationId":"wnm2w3np85baiqs"}
{"type":"log","timestamp":1674751879998,"level":"debug","message":"Page request finished: GET (script) 200 https://unpkg.com/chartist-plugin-tooltips@0.0.17/dist/chartist-plugin-tooltip.js","meta":{"rootId":"aippym0p27pkwnt","id":"aippym0p27pkwnt"},"id":"acmi5wpck8hhha0","previousOperationId":"wnm2w3np85baiqs"}
{"type":"log","timestamp":1674751879998,"level":"debug","message":"Page request finished: GET (script) 200 https://unpkg.com/chartist-plugin-pointlabels@0.0.6/dist/chartist-plugin-pointlabels.js","meta":{"rootId":"aippym0p27pkwnt","id":"aippym0p27pkwnt"},"id":"5msvti7ufrpw3yb","previousOperationId":"wnm2w3np85baiqs"}
{"type":"log","timestamp":1674751880002,"level":"debug","message":"(console:log) Me he venido","meta":{"userLevel":true,"rootId":"aippym0p27pkwnt","id":"aippym0p27pkwnt"},"id":"4eg86bt2gf4jo49","previousOperationId":"wnm2w3np85baiqs"}
{"type":"log","timestamp":1674751880002,"level":"debug","message":"(console:log) JSHandle@array","meta":{"userLevel":true,"rootId":"aippym0p27pkwnt","id":"aippym0p27pkwnt"},"id":"7mizl021dzcren7","previousOperationId":"wnm2w3np85baiqs"}
{"type":"log","timestamp":1674751880004,"level":"debug","message":"(console:log) JSHandle@array","meta":{"userLevel":true,"rootId":"aippym0p27pkwnt","id":"aippym0p27pkwnt"},"id":"21axssbm0hynuzb","previousOperationId":"wnm2w3np85baiqs"}
{"type":"log","timestamp":1674751880061,"level":"debug","message":"Running chrome with params {\"printBackground\":true,\"timeout\":59292,\"margin\":{}}","meta":{"rootId":"aippym0p27pkwnt","id":"aippym0p27pkwnt"},"id":"x1pto2ywak6zciu","previousOperationId":"wnm2w3np85baiqs"}
{"type":"operationEnd","operationId":"wnm2w3np85baiqs","timestamp":1674751880204,"id":"dc0n9t69wm327v3","previousEventId":"0b3pg16gj0e28hg","previousOperationId":"wnm2w3np85baiqs"}
{"type":"log","timestamp":1674751880204,"level":"debug","message":"Executing script testing (afterRender)","meta":{"rootId":"aippym0p27pkwnt","id":"aippym0p27pkwnt"},"id":"gsi5oowxykszrbf","previousOperationId":"wnm2w3np85baiqs"}
{"type":"operationStart","subtype":"scriptsAfterRender","name":"scripts afterRender","timestamp":1674751880212,"id":"gosfxywq66qp0z4","previousEventId":"dc0n9t69wm327v3","operationId":"iomlygggxg503rd","previousOperationId":"wnm2w3np85baiqs"}
{"type":"operationStart","subtype":"script","name":"scripts testing","previousOperationId":"iomlygggxg503rd","timestamp":1674751880212,"id":"l7ozr13gzwr9f8d","previousEventId":"gosfxywq66qp0z4","operationId":"9bs2nayjhw8ghtc"}
{"type":"operationEnd","operationId":"9bs2nayjhw8ghtc","timestamp":1674751881232,"id":"xfig2wcdrtwyxjn","previousEventId":"dc0n9t69wm327v3","previousOperationId":"wnm2w3np85baiqs"}
{"type":"operationEnd","operationId":"iomlygggxg503rd","timestamp":1674751881232,"id":"nmlth4z8u2ch86l","previousEventId":"xfig2wcdrtwyxjn","previousOperationId":"wnm2w3np85baiqs"}
{"type":"log","timestamp":1674751881232,"level":"debug","message":"Skipping storing report.","meta":{"rootId":"aippym0p27pkwnt","id":"aippym0p27pkwnt"},"id":"rtc7tu5l2e02os3","previousOperationId":"iomlygggxg503rd"}
{"type":"log","timestamp":1674751881232,"level":"info","message":"Rendering request 7 finished in 2110 ms","meta":{"rootId":"aippym0p27pkwnt","id":"aippym0p27pkwnt"},"id":"py0t4ro0lqsfm3j","previousOperationId":"iomlygggxg503rd"}
{"type":"operationEnd","subtype":"render","operationId":"mwdj91u94qhv96p","timestamp":1674751881232,"id":"tlekfrmzqlhrnoz","previousEventId":"nmlth4z8u2ch86l","previousOperationId":"iomlygggxg503rd"}
{"type":"operationEnd","doDiffs":false,"previousEventId":"lny8w70awynzu69","previousOperationId":"c8pdhm427gpopu4","operationId":"c8pdhm427gpopu4","timestamp":1674751881238,"id":"fuqsm6c9c0r70f2"}
