{"type":"operationStart","subtype":"profile","data":{"_id":"GTHarhezXV14b9CJ","timestamp":"2023-01-26T16:38:16.854Z","state":"queued","mode":"standard","creationDate":"2023-01-26T16:38:16.858Z","modificationDate":"2023-01-26T16:38:16.858Z","shortid":"i_Ic3XW","$entitySet":"profiles"},"doDiffs":false,"timestamp":1674751096856,"id":"okqddpwl0h38en6","previousOperationId":null,"operationId":"rvqb3peu3cgdfdh"}
{"type":"log","level":"info","message":"Render request 1 queued for execution and waiting for available worker","previousOperationId":"rvqb3peu3cgdfdh","timestamp":1674751096857,"id":"q7g0ecq00prjzfx"}
{"type":"operationStart","subtype":"render","name":"Data","previousOperationId":"rvqb3peu3cgdfdh","timestamp":1674751096872,"id":"3eu4sudvw69fqmj","previousEventId":"okqddpwl0h38en6","operationId":"kwg42z2nsemv66q"}
{"type":"log","timestamp":1674751096873,"level":"info","message":"Starting rendering request 1","meta":{"rootId":"anjimumqvh5l5go","id":"anjimumqvh5l5go"},"id":"uhggug9f4g44s7n","previousOperationId":"kwg42z2nsemv66q"}
{"type":"log","timestamp":1674751096875,"level":"info","message":"Rendering template { name: Data, recipe: chrome-pdf, engine: handlebars, preview: true }","meta":{"rootId":"anjimumqvh5l5go","id":"anjimumqvh5l5go"},"id":"72r0z6f2lv2his1","previousOperationId":"kwg42z2nsemv66q"}
{"type":"log","timestamp":1674751096876,"level":"debug","message":"Data item not defined for this template.","meta":{"rootId":"anjimumqvh5l5go","id":"anjimumqvh5l5go"},"id":"9hzvkb05nl1wqns","previousOperationId":"kwg42z2nsemv66q"}
{"type":"log","timestamp":1674751096879,"level":"debug","message":"Executing script testing (beforeRender)","meta":{"rootId":"anjimumqvh5l5go","id":"anjimumqvh5l5go"},"id":"weej5fwkj8sgwnd","previousOperationId":"kwg42z2nsemv66q"}
{"type":"operationStart","subtype":"scriptsBeforeRender","name":"scripts beforeRender","timestamp":1674751097194,"id":"9rlt78bfb4e8gsi","previousEventId":"3eu4sudvw69fqmj","operationId":"p9yha85em71o5sj","previousOperationId":"kwg42z2nsemv66q"}
{"type":"operationStart","subtype":"script","name":"scripts testing","previousOperationId":"p9yha85em71o5sj","timestamp":1674751097194,"id":"h1seczdhls3broh","previousEventId":"9rlt78bfb4e8gsi","operationId":"acfwf057xsgta71"}
{"type":"log","timestamp":1674751097404,"level":"debug","message":"(console:log) {\n  locationName: [ 'Las Palmas de Gran Canaria', 'Galdar', 'Teror' ],\n  repetition: [ '2', '1', '3' ]\n}","meta":{"userLevel":true,"rootId":"anjimumqvh5l5go","id":"anjimumqvh5l5go"},"id":"pve1rtrngq2eajv","previousOperationId":"acfwf057xsgta71"}
{"type":"operationEnd","operationId":"acfwf057xsgta71","timestamp":1674751097808,"id":"ntbiwcmjbeu9e3b","previousEventId":"3eu4sudvw69fqmj","previousOperationId":"kwg42z2nsemv66q"}
{"type":"operationEnd","operationId":"p9yha85em71o5sj","timestamp":1674751097808,"id":"c36a8bii5ss5bfs","previousEventId":"ntbiwcmjbeu9e3b","previousOperationId":"kwg42z2nsemv66q"}
{"type":"log","timestamp":1674751097808,"level":"debug","message":"Base url not specified, skipping its injection.","meta":{"rootId":"anjimumqvh5l5go","id":"anjimumqvh5l5go"},"id":"10sqcel9i7q6w4p","previousOperationId":"p9yha85em71o5sj"}
{"type":"operationStart","subtype":"engine","name":"handlebars","timestamp":1674751097809,"id":"zh4cicx0krihd4a","previousEventId":"c36a8bii5ss5bfs","operationId":"nss6m5alsse3cey","previousOperationId":"p9yha85em71o5sj"}
{"type":"log","timestamp":1674751097809,"level":"debug","message":"Rendering engine handlebars","meta":{"rootId":"anjimumqvh5l5go","id":"anjimumqvh5l5go"},"id":"wx26v27ubanh3r5","previousOperationId":"nss6m5alsse3cey"}
{"type":"operationEnd","operationId":"nss6m5alsse3cey","timestamp":1674751098116,"id":"rhboazwwhlidwf2","previousEventId":"zh4cicx0krihd4a","previousOperationId":"nss6m5alsse3cey"}
{"type":"operationStart","subtype":"recipe","name":"chrome-pdf","timestamp":1674751098117,"id":"fa8jqb5vvi1853f","previousEventId":"rhboazwwhlidwf2","operationId":"mmumyv52tjmd8yu","previousOperationId":"nss6m5alsse3cey"}
{"type":"log","timestamp":1674751098117,"level":"debug","message":"Executing recipe chrome-pdf","meta":{"rootId":"anjimumqvh5l5go","id":"anjimumqvh5l5go"},"id":"fxin5j7mf8f04qn","previousOperationId":"mmumyv52tjmd8yu"}
{"type":"log","timestamp":1674751098385,"level":"debug","message":"Converting with chrome HeadlessChrome/105.0.5173.0 using chrome-pool strategy","meta":{"rootId":"anjimumqvh5l5go","id":"anjimumqvh5l5go"},"id":"eqnvgcywd5aii8v","previousOperationId":"mmumyv52tjmd8yu"}
{"type":"log","timestamp":1674751098522,"level":"debug","message":"Page request: GET (document) file:///C:/Users/Johan/AppData/Local/Temp/jsreport/autocleanup/22eefe99-9f08-4f02-a534-d902555a45e6-chrome-pdf.html","meta":{"rootId":"anjimumqvh5l5go","id":"anjimumqvh5l5go"},"id":"q5kq54a0bnzxafd","previousOperationId":"mmumyv52tjmd8yu"}
{"type":"log","timestamp":1674751098543,"level":"debug","message":"Page request finished: GET (document) 200 file:///C:/Users/Johan/AppData/Local/Temp/jsreport/autocleanup/22eefe99-9f08-4f02-a534-d902555a45e6-chrome-pdf.html","meta":{"rootId":"anjimumqvh5l5go","id":"anjimumqvh5l5go"},"id":"1ieofwo3xpysgik","previousOperationId":"mmumyv52tjmd8yu"}
{"type":"log","timestamp":1674751098543,"level":"debug","message":"Page request: GET (stylesheet) https://cdnjs.cloudflare.com/ajax/libs/metro/4.1.5/css/metro.min.css","meta":{"rootId":"anjimumqvh5l5go","id":"anjimumqvh5l5go"},"id":"9zdwupeb77yan2x","previousOperationId":"mmumyv52tjmd8yu"}
{"type":"log","timestamp":1674751098544,"level":"debug","message":"Page request: GET (stylesheet) https://cdnjs.cloudflare.com/ajax/libs/chartist/0.11.0/chartist.min.css","meta":{"rootId":"anjimumqvh5l5go","id":"anjimumqvh5l5go"},"id":"b7aljxh6f2iwbec","previousOperationId":"mmumyv52tjmd8yu"}
{"type":"log","timestamp":1674751098544,"level":"debug","message":"Page request: GET (script) https://cdnjs.cloudflare.com/ajax/libs/chartist/0.11.0/chartist.min.js","meta":{"rootId":"anjimumqvh5l5go","id":"anjimumqvh5l5go"},"id":"ggi7txu9qks4vmq","previousOperationId":"mmumyv52tjmd8yu"}
{"type":"log","timestamp":1674751098544,"level":"debug","message":"Page request: GET (script) https://unpkg.com/chartist-plugin-tooltips@0.0.17","meta":{"rootId":"anjimumqvh5l5go","id":"anjimumqvh5l5go"},"id":"gujlg5nhkltkgf8","previousOperationId":"mmumyv52tjmd8yu"}
{"type":"log","timestamp":1674751098544,"level":"debug","message":"Page request: GET (script) https://unpkg.com/chartist-plugin-pointlabels@0.0.6","meta":{"rootId":"anjimumqvh5l5go","id":"anjimumqvh5l5go"},"id":"q9y9qmt8zq65ofr","previousOperationId":"mmumyv52tjmd8yu"}
{"type":"log","timestamp":1674751101057,"level":"warn","message":"Page request failed: GET (script) 302 https://unpkg.com/chartist-plugin-tooltips@0.0.17 (redirect to: /chartist-plugin-tooltips@0.0.17/dist/chartist-plugin-tooltip.js)","meta":{"rootId":"anjimumqvh5l5go","id":"anjimumqvh5l5go"},"id":"e53nthlkalg548c","previousOperationId":"mmumyv52tjmd8yu"}
{"type":"log","timestamp":1674751101057,"level":"debug","message":"Page request: GET (script) https://unpkg.com/chartist-plugin-tooltips@0.0.17/dist/chartist-plugin-tooltip.js (redirect from: https://unpkg.com/chartist-plugin-tooltips@0.0.17)","meta":{"rootId":"anjimumqvh5l5go","id":"anjimumqvh5l5go"},"id":"9re175tst0sd1dx","previousOperationId":"mmumyv52tjmd8yu"}
{"type":"log","timestamp":1674751101063,"level":"warn","message":"Page request failed: GET (script) 302 https://unpkg.com/chartist-plugin-pointlabels@0.0.6 (redirect to: /chartist-plugin-pointlabels@0.0.6/dist/chartist-plugin-pointlabels.js)","meta":{"rootId":"anjimumqvh5l5go","id":"anjimumqvh5l5go"},"id":"pi4ppsmzbkvts9w","previousOperationId":"mmumyv52tjmd8yu"}
{"type":"log","timestamp":1674751101063,"level":"debug","message":"Page request: GET (script) https://unpkg.com/chartist-plugin-pointlabels@0.0.6/dist/chartist-plugin-pointlabels.js (redirect from: https://unpkg.com/chartist-plugin-pointlabels@0.0.6)","meta":{"rootId":"anjimumqvh5l5go","id":"anjimumqvh5l5go"},"id":"v0dgby7p0steudg","previousOperationId":"mmumyv52tjmd8yu"}
{"type":"log","timestamp":1674751101086,"level":"debug","message":"Page request finished: GET (stylesheet) 200 https://cdnjs.cloudflare.com/ajax/libs/metro/4.1.5/css/metro.min.css","meta":{"rootId":"anjimumqvh5l5go","id":"anjimumqvh5l5go"},"id":"6h66gxpbpv5l87e","previousOperationId":"mmumyv52tjmd8yu"}
{"type":"log","timestamp":1674751101088,"level":"debug","message":"Page request finished: GET (stylesheet) 200 https://cdnjs.cloudflare.com/ajax/libs/chartist/0.11.0/chartist.min.css","meta":{"rootId":"anjimumqvh5l5go","id":"anjimumqvh5l5go"},"id":"anzdtuak9k56r5h","previousOperationId":"mmumyv52tjmd8yu"}
{"type":"log","timestamp":1674751101092,"level":"debug","message":"Page request finished: GET (script) 200 https://cdnjs.cloudflare.com/ajax/libs/chartist/0.11.0/chartist.min.js","meta":{"rootId":"anjimumqvh5l5go","id":"anjimumqvh5l5go"},"id":"bffh0kk1lgfsajx","previousOperationId":"mmumyv52tjmd8yu"}
{"type":"log","timestamp":1674751101115,"level":"debug","message":"Page request finished: GET (script) 200 https://unpkg.com/chartist-plugin-tooltips@0.0.17/dist/chartist-plugin-tooltip.js","meta":{"rootId":"anjimumqvh5l5go","id":"anjimumqvh5l5go"},"id":"e06mdvlx0dfv93e","previousOperationId":"mmumyv52tjmd8yu"}
{"type":"log","timestamp":1674751101121,"level":"debug","message":"Page request finished: GET (script) 200 https://unpkg.com/chartist-plugin-pointlabels@0.0.6/dist/chartist-plugin-pointlabels.js","meta":{"rootId":"anjimumqvh5l5go","id":"anjimumqvh5l5go"},"id":"jl7s3wy2tsfqqzy","previousOperationId":"mmumyv52tjmd8yu"}
{"type":"log","timestamp":1674751101122,"level":"warn","message":"Page error: SyntaxError: Unexpected identifier","meta":{"rootId":"anjimumqvh5l5go","id":"anjimumqvh5l5go"},"id":"gnr44qatrh5obmb","previousOperationId":"mmumyv52tjmd8yu"}
{"type":"log","timestamp":1674751101155,"level":"debug","message":"Running chrome with params {\"printBackground\":true,\"timeout\":58593,\"margin\":{}}","meta":{"rootId":"anjimumqvh5l5go","id":"anjimumqvh5l5go"},"id":"ta7c0ax2aegwntm","previousOperationId":"mmumyv52tjmd8yu"}
{"type":"operationEnd","operationId":"mmumyv52tjmd8yu","timestamp":1674751101264,"id":"9q4w7bgfdutsm6a","previousEventId":"fa8jqb5vvi1853f","previousOperationId":"mmumyv52tjmd8yu"}
{"type":"log","timestamp":1674751101265,"level":"debug","message":"Executing script testing (afterRender)","meta":{"rootId":"anjimumqvh5l5go","id":"anjimumqvh5l5go"},"id":"4dkx24echqwukb4","previousOperationId":"mmumyv52tjmd8yu"}
{"type":"operationStart","subtype":"scriptsAfterRender","name":"scripts afterRender","timestamp":1674751101272,"id":"q05mxv05h8t4v5t","previousEventId":"9q4w7bgfdutsm6a","operationId":"dxguemb0b231bck","previousOperationId":"mmumyv52tjmd8yu"}
{"type":"operationStart","subtype":"script","name":"scripts testing","previousOperationId":"dxguemb0b231bck","timestamp":1674751101272,"id":"vwic8g0ic7our96","previousEventId":"q05mxv05h8t4v5t","operationId":"w34273zdo79fd8m"}
{"type":"operationEnd","operationId":"w34273zdo79fd8m","timestamp":1674751102345,"id":"matd1m76i1sec49","previousEventId":"9q4w7bgfdutsm6a","previousOperationId":"mmumyv52tjmd8yu"}
{"type":"operationEnd","operationId":"dxguemb0b231bck","timestamp":1674751102345,"id":"ielift2j31cbq7u","previousEventId":"matd1m76i1sec49","previousOperationId":"mmumyv52tjmd8yu"}
{"type":"log","timestamp":1674751102346,"level":"debug","message":"Skipping storing report.","meta":{"rootId":"anjimumqvh5l5go","id":"anjimumqvh5l5go"},"id":"suhwyd97oq868l1","previousOperationId":"dxguemb0b231bck"}
{"type":"log","timestamp":1674751102346,"level":"info","message":"Rendering request 1 finished in 5493 ms","meta":{"rootId":"anjimumqvh5l5go","id":"anjimumqvh5l5go"},"id":"tx62l9cnb65o8r6","previousOperationId":"dxguemb0b231bck"}
{"type":"operationEnd","subtype":"render","operationId":"kwg42z2nsemv66q","timestamp":1674751102346,"id":"e7phya9p0popltq","previousEventId":"ielift2j31cbq7u","previousOperationId":"dxguemb0b231bck"}
{"type":"operationEnd","doDiffs":false,"previousEventId":"okqddpwl0h38en6","previousOperationId":"rvqb3peu3cgdfdh","operationId":"rvqb3peu3cgdfdh","timestamp":1674751102351,"id":"v44vxp7jgu19x26"}
