{"type":"operationStart","subtype":"profile","data":{"_id":"PfCejnSWSgQmDagg","timestamp":"2023-01-26T16:28:22.073Z","state":"queued","mode":"standard","creationDate":"2023-01-26T16:28:22.075Z","modificationDate":"2023-01-26T16:28:22.075Z","shortid":"sVnPvFw","$entitySet":"profiles"},"doDiffs":false,"timestamp":1674750502074,"id":"xumg90bnw0dugy1","previousOperationId":null,"operationId":"fr0emho1pvlpukp"}
{"type":"log","level":"info","message":"Render request 66 queued for execution and waiting for available worker","previousOperationId":"fr0emho1pvlpukp","timestamp":1674750502074,"id":"1p6au5te29ny7eo"}
{"type":"operationStart","subtype":"render","name":"Data","previousOperationId":"fr0emho1pvlpukp","timestamp":1674750502086,"id":"7nc2o7akolpmiyu","previousEventId":"xumg90bnw0dugy1","operationId":"kgiddutus1rp26c"}
{"type":"log","timestamp":1674750502086,"level":"info","message":"Starting rendering request 66","meta":{"rootId":"atp3shvouokgagz","id":"atp3shvouokgagz"},"id":"1vpp4fhgs9h1we2","previousOperationId":"kgiddutus1rp26c"}
{"type":"log","timestamp":1674750502087,"level":"info","message":"Rendering template { name: Data, recipe: chrome-pdf, engine: handlebars, preview: true }","meta":{"rootId":"atp3shvouokgagz","id":"atp3shvouokgagz"},"id":"0rbu4semkuhjmqm","previousOperationId":"kgiddutus1rp26c"}
{"type":"log","timestamp":1674750502087,"level":"debug","message":"Data item not defined for this template.","meta":{"rootId":"atp3shvouokgagz","id":"atp3shvouokgagz"},"id":"jziuu8rfe57pkl4","previousOperationId":"kgiddutus1rp26c"}
{"type":"log","timestamp":1674750502088,"level":"debug","message":"Executing script testing (beforeRender)","meta":{"rootId":"atp3shvouokgagz","id":"atp3shvouokgagz"},"id":"62zl2ndjx6c8qgm","previousOperationId":"kgiddutus1rp26c"}
{"type":"operationStart","subtype":"scriptsBeforeRender","name":"scripts beforeRender","timestamp":1674750502132,"id":"f2czqc1m387ukzd","previousEventId":"7nc2o7akolpmiyu","operationId":"5l3d8j1c868r7tx","previousOperationId":"kgiddutus1rp26c"}
{"type":"operationStart","subtype":"script","name":"scripts testing","previousOperationId":"5l3d8j1c868r7tx","timestamp":1674750502132,"id":"87gbau8jryqvd9r","previousEventId":"f2czqc1m387ukzd","operationId":"lvjbrdgulmo6dfd"}
{"type":"log","timestamp":1674750502385,"level":"debug","message":"(console:log) {\n  name: [ 'Teror', 'Gáldar', 'Las Palmas de Gran Canaria' ],\n  repetition: [ '3', '1', '2' ]\n}","meta":{"userLevel":true,"rootId":"atp3shvouokgagz","id":"atp3shvouokgagz"},"id":"6zh3zn9wqmd7pgw","previousOperationId":"lvjbrdgulmo6dfd"}
{"type":"operationEnd","operationId":"lvjbrdgulmo6dfd","timestamp":1674750502783,"id":"fpgd52ewnt6tjdq","previousEventId":"7nc2o7akolpmiyu","previousOperationId":"kgiddutus1rp26c"}
{"type":"operationEnd","operationId":"5l3d8j1c868r7tx","timestamp":1674750502783,"id":"znyiadk7ur3otdx","previousEventId":"fpgd52ewnt6tjdq","previousOperationId":"kgiddutus1rp26c"}
{"type":"log","timestamp":1674750502783,"level":"debug","message":"Base url not specified, skipping its injection.","meta":{"rootId":"atp3shvouokgagz","id":"atp3shvouokgagz"},"id":"td3548wh5s5lpa1","previousOperationId":"5l3d8j1c868r7tx"}
{"type":"operationStart","subtype":"engine","name":"handlebars","timestamp":1674750502784,"id":"24cz4uhumj60tps","previousEventId":"znyiadk7ur3otdx","operationId":"pgkbnzycd86x5i0","previousOperationId":"5l3d8j1c868r7tx"}
{"type":"log","timestamp":1674750502784,"level":"debug","message":"Rendering engine handlebars","meta":{"rootId":"atp3shvouokgagz","id":"atp3shvouokgagz"},"id":"xjo9gzu0hozpwir","previousOperationId":"pgkbnzycd86x5i0"}
{"type":"operationEnd","operationId":"pgkbnzycd86x5i0","timestamp":1674750502796,"id":"pg9xzrxsxj2wpoy","previousEventId":"24cz4uhumj60tps","previousOperationId":"pgkbnzycd86x5i0"}
{"type":"operationStart","subtype":"recipe","name":"chrome-pdf","timestamp":1674750502797,"id":"eur61c9yn35vjfc","previousEventId":"pg9xzrxsxj2wpoy","operationId":"bnf9dday6x2vyi2","previousOperationId":"pgkbnzycd86x5i0"}
{"type":"log","timestamp":1674750502797,"level":"debug","message":"Executing recipe chrome-pdf","meta":{"rootId":"atp3shvouokgagz","id":"atp3shvouokgagz"},"id":"rvxj316tay01c88","previousOperationId":"bnf9dday6x2vyi2"}
{"type":"log","timestamp":1674750502800,"level":"debug","message":"Converting with chrome HeadlessChrome/105.0.5173.0 using chrome-pool strategy","meta":{"rootId":"atp3shvouokgagz","id":"atp3shvouokgagz"},"id":"hnuizdb0y2f4ysm","previousOperationId":"bnf9dday6x2vyi2"}
{"type":"log","timestamp":1674750502884,"level":"debug","message":"Page request: GET (document) file:///C:/Users/Johan/AppData/Local/Temp/jsreport/autocleanup/c470c703-1cea-40cd-ac32-49a7a7d4269d-chrome-pdf.html","meta":{"rootId":"atp3shvouokgagz","id":"atp3shvouokgagz"},"id":"4smeziz2fradl6a","previousOperationId":"bnf9dday6x2vyi2"}
{"type":"log","timestamp":1674750502904,"level":"debug","message":"Page request finished: GET (document) 200 file:///C:/Users/Johan/AppData/Local/Temp/jsreport/autocleanup/c470c703-1cea-40cd-ac32-49a7a7d4269d-chrome-pdf.html","meta":{"rootId":"atp3shvouokgagz","id":"atp3shvouokgagz"},"id":"00c5nef0snanpsu","previousOperationId":"bnf9dday6x2vyi2"}
{"type":"log","timestamp":1674750502905,"level":"debug","message":"Page request: GET (stylesheet) https://cdnjs.cloudflare.com/ajax/libs/metro/4.1.5/css/metro.min.css","meta":{"rootId":"atp3shvouokgagz","id":"atp3shvouokgagz"},"id":"tz6clyfq3qujglr","previousOperationId":"bnf9dday6x2vyi2"}
{"type":"log","timestamp":1674750502905,"level":"debug","message":"Page request: GET (stylesheet) https://cdnjs.cloudflare.com/ajax/libs/chartist/0.11.0/chartist.min.css","meta":{"rootId":"atp3shvouokgagz","id":"atp3shvouokgagz"},"id":"f2z7yq1rdcnhbd6","previousOperationId":"bnf9dday6x2vyi2"}
{"type":"log","timestamp":1674750502905,"level":"debug","message":"Page request: GET (script) https://cdnjs.cloudflare.com/ajax/libs/chartist/0.11.0/chartist.min.js","meta":{"rootId":"atp3shvouokgagz","id":"atp3shvouokgagz"},"id":"9dqpg91ogptyss1","previousOperationId":"bnf9dday6x2vyi2"}
{"type":"log","timestamp":1674750502905,"level":"debug","message":"Page request: GET (script) https://unpkg.com/chartist-plugin-tooltips@0.0.17","meta":{"rootId":"atp3shvouokgagz","id":"atp3shvouokgagz"},"id":"2y0q6le3qf882un","previousOperationId":"bnf9dday6x2vyi2"}
{"type":"log","timestamp":1674750502905,"level":"debug","message":"Page request: GET (script) https://unpkg.com/chartist-plugin-pointlabels@0.0.6","meta":{"rootId":"atp3shvouokgagz","id":"atp3shvouokgagz"},"id":"5hhzprjed2shps3","previousOperationId":"bnf9dday6x2vyi2"}
{"type":"log","timestamp":1674750502911,"level":"debug","message":"Page request finished: GET (stylesheet) 200 https://cdnjs.cloudflare.com/ajax/libs/chartist/0.11.0/chartist.min.css","meta":{"rootId":"atp3shvouokgagz","id":"atp3shvouokgagz"},"id":"8t0pvl00vwjhfa9","previousOperationId":"bnf9dday6x2vyi2"}
{"type":"log","timestamp":1674750502912,"level":"warn","message":"Page request failed: GET (script) 302 https://unpkg.com/chartist-plugin-tooltips@0.0.17 (redirect to: /chartist-plugin-tooltips@0.0.17/dist/chartist-plugin-tooltip.js)","meta":{"rootId":"atp3shvouokgagz","id":"atp3shvouokgagz"},"id":"26w5tlxryeiaaqk","previousOperationId":"bnf9dday6x2vyi2"}
{"type":"log","timestamp":1674750502912,"level":"debug","message":"Page request: GET (script) https://unpkg.com/chartist-plugin-tooltips@0.0.17/dist/chartist-plugin-tooltip.js (redirect from: https://unpkg.com/chartist-plugin-tooltips@0.0.17)","meta":{"rootId":"atp3shvouokgagz","id":"atp3shvouokgagz"},"id":"4xxewz00l5vcy5u","previousOperationId":"bnf9dday6x2vyi2"}
{"type":"log","timestamp":1674750502913,"level":"warn","message":"Page request failed: GET (script) 302 https://unpkg.com/chartist-plugin-pointlabels@0.0.6 (redirect to: /chartist-plugin-pointlabels@0.0.6/dist/chartist-plugin-pointlabels.js)","meta":{"rootId":"atp3shvouokgagz","id":"atp3shvouokgagz"},"id":"0kl9o56f406h3za","previousOperationId":"bnf9dday6x2vyi2"}
{"type":"log","timestamp":1674750502913,"level":"debug","message":"Page request: GET (script) https://unpkg.com/chartist-plugin-pointlabels@0.0.6/dist/chartist-plugin-pointlabels.js (redirect from: https://unpkg.com/chartist-plugin-pointlabels@0.0.6)","meta":{"rootId":"atp3shvouokgagz","id":"atp3shvouokgagz"},"id":"kgq6fuheyqf3957","previousOperationId":"bnf9dday6x2vyi2"}
{"type":"log","timestamp":1674750502929,"level":"debug","message":"Page request finished: GET (stylesheet) 200 https://cdnjs.cloudflare.com/ajax/libs/metro/4.1.5/css/metro.min.css","meta":{"rootId":"atp3shvouokgagz","id":"atp3shvouokgagz"},"id":"m032qw97eynwyul","previousOperationId":"bnf9dday6x2vyi2"}
{"type":"log","timestamp":1674750502930,"level":"debug","message":"Page request finished: GET (script) 200 https://cdnjs.cloudflare.com/ajax/libs/chartist/0.11.0/chartist.min.js","meta":{"rootId":"atp3shvouokgagz","id":"atp3shvouokgagz"},"id":"74z0a0mlzon61h2","previousOperationId":"bnf9dday6x2vyi2"}
{"type":"log","timestamp":1674750502933,"level":"debug","message":"Page request finished: GET (script) 200 https://unpkg.com/chartist-plugin-tooltips@0.0.17/dist/chartist-plugin-tooltip.js","meta":{"rootId":"atp3shvouokgagz","id":"atp3shvouokgagz"},"id":"m9nkf82o09y12lt","previousOperationId":"bnf9dday6x2vyi2"}
{"type":"log","timestamp":1674750502934,"level":"debug","message":"Page request finished: GET (script) 200 https://unpkg.com/chartist-plugin-pointlabels@0.0.6/dist/chartist-plugin-pointlabels.js","meta":{"rootId":"atp3shvouokgagz","id":"atp3shvouokgagz"},"id":"7lw7evutvjgdwxf","previousOperationId":"bnf9dday6x2vyi2"}
{"type":"log","timestamp":1674750502935,"level":"warn","message":"Page error: SyntaxError: missing ) after argument list","meta":{"rootId":"atp3shvouokgagz","id":"atp3shvouokgagz"},"id":"olaksa2helks2xq","previousOperationId":"bnf9dday6x2vyi2"}
{"type":"log","timestamp":1674750502975,"level":"debug","message":"Running chrome with params {\"printBackground\":true,\"timeout\":59274,\"margin\":{}}","meta":{"rootId":"atp3shvouokgagz","id":"atp3shvouokgagz"},"id":"j5t1elkfb90noub","previousOperationId":"bnf9dday6x2vyi2"}
{"type":"operationEnd","operationId":"bnf9dday6x2vyi2","timestamp":1674750503084,"id":"vh64wtmf7hiid8w","previousEventId":"eur61c9yn35vjfc","previousOperationId":"bnf9dday6x2vyi2"}
{"type":"log","timestamp":1674750503084,"level":"debug","message":"Executing script testing (afterRender)","meta":{"rootId":"atp3shvouokgagz","id":"atp3shvouokgagz"},"id":"m0zpu3otdat95uq","previousOperationId":"bnf9dday6x2vyi2"}
{"type":"operationStart","subtype":"scriptsAfterRender","name":"scripts afterRender","timestamp":1674750503094,"id":"cm77ylr5n19gbww","previousEventId":"vh64wtmf7hiid8w","operationId":"luum5rkuhf9uxlu","previousOperationId":"bnf9dday6x2vyi2"}
{"type":"operationStart","subtype":"script","name":"scripts testing","previousOperationId":"luum5rkuhf9uxlu","timestamp":1674750503094,"id":"mrdt9xlg3i56tul","previousEventId":"cm77ylr5n19gbww","operationId":"n4ozipotghw6n40"}
{"type":"operationEnd","operationId":"n4ozipotghw6n40","timestamp":1674750504084,"id":"t8ep502hvq00kfv","previousEventId":"vh64wtmf7hiid8w","previousOperationId":"bnf9dday6x2vyi2"}
{"type":"operationEnd","operationId":"luum5rkuhf9uxlu","timestamp":1674750504084,"id":"rzjew4g9qsh9luq","previousEventId":"t8ep502hvq00kfv","previousOperationId":"bnf9dday6x2vyi2"}
{"type":"log","timestamp":1674750504084,"level":"debug","message":"Skipping storing report.","meta":{"rootId":"atp3shvouokgagz","id":"atp3shvouokgagz"},"id":"u3p62x7yfe44ff0","previousOperationId":"luum5rkuhf9uxlu"}
{"type":"log","timestamp":1674750504084,"level":"info","message":"Rendering request 66 finished in 2011 ms","meta":{"rootId":"atp3shvouokgagz","id":"atp3shvouokgagz"},"id":"lqanutus7ahlf2r","previousOperationId":"luum5rkuhf9uxlu"}
{"type":"operationEnd","subtype":"render","operationId":"kgiddutus1rp26c","timestamp":1674750504084,"id":"f20b0hp9sj64h0p","previousEventId":"rzjew4g9qsh9luq","previousOperationId":"luum5rkuhf9uxlu"}
{"type":"operationEnd","doDiffs":false,"previousEventId":"xumg90bnw0dugy1","previousOperationId":"fr0emho1pvlpukp","operationId":"fr0emho1pvlpukp","timestamp":1674750504087,"id":"imcz4z7hb20q88o"}
