{"type":"operationStart","subtype":"profile","data":{"_id":"ioyYHZwxGQXxNhFb","timestamp":"2023-01-26T17:26:42.201Z","state":"queued","mode":"standard","creationDate":"2023-01-26T17:26:42.204Z","modificationDate":"2023-01-26T17:26:42.204Z","shortid":"3wMy8H_","$entitySet":"profiles"},"doDiffs":false,"timestamp":1674754002203,"id":"7qx7lj5h0x8scqa","previousOperationId":null,"operationId":"5xi8wkkywk0bic8"}
{"type":"log","level":"info","message":"Render request 38 queued for execution and waiting for available worker","previousOperationId":"5xi8wkkywk0bic8","timestamp":1674754002203,"id":"hk9t9czdwl6bfa8"}
{"type":"operationStart","subtype":"render","name":"Data","previousOperationId":"5xi8wkkywk0bic8","timestamp":1674754002217,"id":"peuxyqhj8no2biy","previousEventId":"7qx7lj5h0x8scqa","operationId":"18efbkonl293t5k"}
{"type":"log","timestamp":1674754002217,"level":"info","message":"Starting rendering request 38","meta":{"rootId":"b0iw94litsb5p1m","id":"b0iw94litsb5p1m"},"id":"8t6ajjys2ug1abe","previousOperationId":"18efbkonl293t5k"}
{"type":"log","timestamp":1674754002217,"level":"info","message":"Rendering template { name: Data, recipe: chrome-pdf, engine: handlebars, preview: true }","meta":{"rootId":"b0iw94litsb5p1m","id":"b0iw94litsb5p1m"},"id":"1ht9a5tj9h353m6","previousOperationId":"18efbkonl293t5k"}
{"type":"log","timestamp":1674754002217,"level":"debug","message":"Data item not defined for this template.","meta":{"rootId":"b0iw94litsb5p1m","id":"b0iw94litsb5p1m"},"id":"r8m60bjecw9n9ys","previousOperationId":"18efbkonl293t5k"}
{"type":"log","timestamp":1674754002219,"level":"debug","message":"Executing script testing (beforeRender)","meta":{"rootId":"b0iw94litsb5p1m","id":"b0iw94litsb5p1m"},"id":"brtuut5o25fomly","previousOperationId":"18efbkonl293t5k"}
{"type":"operationStart","subtype":"scriptsBeforeRender","name":"scripts beforeRender","timestamp":1674754002279,"id":"0wr16yp9fasz0eg","previousEventId":"peuxyqhj8no2biy","operationId":"w9nqcqaxwgfn36b","previousOperationId":"18efbkonl293t5k"}
{"type":"operationStart","subtype":"script","name":"scripts testing","previousOperationId":"w9nqcqaxwgfn36b","timestamp":1674754002279,"id":"s5xem33nppsktu3","previousEventId":"0wr16yp9fasz0eg","operationId":"n76l5xyvstwf57z"}
{"type":"log","timestamp":1674754002477,"level":"debug","message":"(console:log) {\n  locationName: [ 'Las Palmas de Gran Canaria', 'Galdar', 'Teror' ],\n  repetition: [ '2', '1', '3' ]\n}","meta":{"userLevel":true,"rootId":"b0iw94litsb5p1m","id":"b0iw94litsb5p1m"},"id":"ksfe3c5j4k8rjgh","previousOperationId":"n76l5xyvstwf57z"}
{"type":"log","timestamp":1674754002477,"level":"debug","message":"(console:log) [ 'Las Palmas de Gran Canaria', 'Galdar', 'Teror' ]","meta":{"userLevel":true,"rootId":"b0iw94litsb5p1m","id":"b0iw94litsb5p1m"},"id":"j70ssbd7j31pbwo","previousOperationId":"n76l5xyvstwf57z"}
{"type":"log","timestamp":1674754002477,"level":"debug","message":"(console:log) [ '2', '1', '3' ]","meta":{"userLevel":true,"rootId":"b0iw94litsb5p1m","id":"b0iw94litsb5p1m"},"id":"4duhuti8ujdgof2","previousOperationId":"n76l5xyvstwf57z"}
{"type":"operationEnd","operationId":"n76l5xyvstwf57z","timestamp":1674754002912,"id":"9ojnqpj5uuzp65i","previousEventId":"peuxyqhj8no2biy","previousOperationId":"18efbkonl293t5k"}
{"type":"operationEnd","operationId":"w9nqcqaxwgfn36b","timestamp":1674754002912,"id":"mqvkpmayj6w91pc","previousEventId":"9ojnqpj5uuzp65i","previousOperationId":"18efbkonl293t5k"}
{"type":"log","timestamp":1674754002912,"level":"debug","message":"Base url not specified, skipping its injection.","meta":{"rootId":"b0iw94litsb5p1m","id":"b0iw94litsb5p1m"},"id":"ksslekrdk98xjjz","previousOperationId":"w9nqcqaxwgfn36b"}
{"type":"operationStart","subtype":"engine","name":"handlebars","timestamp":1674754002912,"id":"ocn7grm75tdblp8","previousEventId":"mqvkpmayj6w91pc","operationId":"43lywplz7ywp39y","previousOperationId":"w9nqcqaxwgfn36b"}
{"type":"log","timestamp":1674754002912,"level":"debug","message":"Rendering engine handlebars","meta":{"rootId":"b0iw94litsb5p1m","id":"b0iw94litsb5p1m"},"id":"mrsyysn1evefrgg","previousOperationId":"43lywplz7ywp39y"}
{"type":"operationEnd","operationId":"43lywplz7ywp39y","timestamp":1674754002927,"id":"3pqtteesh9t2d8p","previousEventId":"ocn7grm75tdblp8","previousOperationId":"43lywplz7ywp39y"}
{"type":"operationStart","subtype":"recipe","name":"chrome-pdf","timestamp":1674754002927,"id":"37j80kiwt8ee36a","previousEventId":"3pqtteesh9t2d8p","operationId":"r8zk6mbbm7qsgmj","previousOperationId":"43lywplz7ywp39y"}
{"type":"log","timestamp":1674754002927,"level":"debug","message":"Executing recipe chrome-pdf","meta":{"rootId":"b0iw94litsb5p1m","id":"b0iw94litsb5p1m"},"id":"zobdfxo2jd3mb52","previousOperationId":"r8zk6mbbm7qsgmj"}
{"type":"log","timestamp":1674754002931,"level":"debug","message":"Converting with chrome HeadlessChrome/105.0.5173.0 using chrome-pool strategy","meta":{"rootId":"b0iw94litsb5p1m","id":"b0iw94litsb5p1m"},"id":"q7xt8ehnthxujk1","previousOperationId":"r8zk6mbbm7qsgmj"}
{"type":"log","timestamp":1674754003042,"level":"debug","message":"Page request: GET (document) file:///C:/Users/Johan/AppData/Local/Temp/jsreport/autocleanup/8806b077-bf5c-4c2f-bbd4-ddd39f18d3b5-chrome-pdf.html","meta":{"rootId":"b0iw94litsb5p1m","id":"b0iw94litsb5p1m"},"id":"in94jc8g3cfrymp","previousOperationId":"r8zk6mbbm7qsgmj"}
{"type":"log","timestamp":1674754003064,"level":"debug","message":"Page request: GET (stylesheet) https://cdnjs.cloudflare.com/ajax/libs/metro/4.1.5/css/metro.min.css","meta":{"rootId":"b0iw94litsb5p1m","id":"b0iw94litsb5p1m"},"id":"dg5qu1j06wj90uh","previousOperationId":"r8zk6mbbm7qsgmj"}
{"type":"log","timestamp":1674754003064,"level":"debug","message":"Page request: GET (stylesheet) https://cdnjs.cloudflare.com/ajax/libs/chartist/0.11.0/chartist.min.css","meta":{"rootId":"b0iw94litsb5p1m","id":"b0iw94litsb5p1m"},"id":"6r5tlz446ca27w1","previousOperationId":"r8zk6mbbm7qsgmj"}
{"type":"log","timestamp":1674754003065,"level":"debug","message":"Page request: GET (script) https://cdnjs.cloudflare.com/ajax/libs/chartist/0.11.0/chartist.min.js","meta":{"rootId":"b0iw94litsb5p1m","id":"b0iw94litsb5p1m"},"id":"rhikxgg1o9ydp5y","previousOperationId":"r8zk6mbbm7qsgmj"}
{"type":"log","timestamp":1674754003065,"level":"debug","message":"Page request: GET (script) https://unpkg.com/chartist-plugin-tooltips@0.0.17","meta":{"rootId":"b0iw94litsb5p1m","id":"b0iw94litsb5p1m"},"id":"qd88cq5czqk0hno","previousOperationId":"r8zk6mbbm7qsgmj"}
{"type":"log","timestamp":1674754003065,"level":"debug","message":"Page request: GET (script) https://unpkg.com/chartist-plugin-pointlabels@0.0.6","meta":{"rootId":"b0iw94litsb5p1m","id":"b0iw94litsb5p1m"},"id":"p46gcq20e5e7fxj","previousOperationId":"r8zk6mbbm7qsgmj"}
{"type":"log","timestamp":1674754003065,"level":"debug","message":"Page request finished: GET (document) 200 file:///C:/Users/Johan/AppData/Local/Temp/jsreport/autocleanup/8806b077-bf5c-4c2f-bbd4-ddd39f18d3b5-chrome-pdf.html","meta":{"rootId":"b0iw94litsb5p1m","id":"b0iw94litsb5p1m"},"id":"cnc9ry050e4d6ta","previousOperationId":"r8zk6mbbm7qsgmj"}
{"type":"log","timestamp":1674754003071,"level":"debug","message":"Page request finished: GET (stylesheet) 200 https://cdnjs.cloudflare.com/ajax/libs/chartist/0.11.0/chartist.min.css","meta":{"rootId":"b0iw94litsb5p1m","id":"b0iw94litsb5p1m"},"id":"3xo6d1cxy757nhr","previousOperationId":"r8zk6mbbm7qsgmj"}
{"type":"log","timestamp":1674754003072,"level":"warn","message":"Page request failed: GET (script) 302 https://unpkg.com/chartist-plugin-tooltips@0.0.17 (redirect to: /chartist-plugin-tooltips@0.0.17/dist/chartist-plugin-tooltip.js)","meta":{"rootId":"b0iw94litsb5p1m","id":"b0iw94litsb5p1m"},"id":"b06jqng1hhlqoxm","previousOperationId":"r8zk6mbbm7qsgmj"}
{"type":"log","timestamp":1674754003072,"level":"debug","message":"Page request: GET (script) https://unpkg.com/chartist-plugin-tooltips@0.0.17/dist/chartist-plugin-tooltip.js (redirect from: https://unpkg.com/chartist-plugin-tooltips@0.0.17)","meta":{"rootId":"b0iw94litsb5p1m","id":"b0iw94litsb5p1m"},"id":"hw9hsrsb08apvgf","previousOperationId":"r8zk6mbbm7qsgmj"}
{"type":"log","timestamp":1674754003073,"level":"warn","message":"Page request failed: GET (script) 302 https://unpkg.com/chartist-plugin-pointlabels@0.0.6 (redirect to: /chartist-plugin-pointlabels@0.0.6/dist/chartist-plugin-pointlabels.js)","meta":{"rootId":"b0iw94litsb5p1m","id":"b0iw94litsb5p1m"},"id":"s5l0xmxsy7iz5o9","previousOperationId":"r8zk6mbbm7qsgmj"}
{"type":"log","timestamp":1674754003073,"level":"debug","message":"Page request: GET (script) https://unpkg.com/chartist-plugin-pointlabels@0.0.6/dist/chartist-plugin-pointlabels.js (redirect from: https://unpkg.com/chartist-plugin-pointlabels@0.0.6)","meta":{"rootId":"b0iw94litsb5p1m","id":"b0iw94litsb5p1m"},"id":"1bhffmwc3eyq3iu","previousOperationId":"r8zk6mbbm7qsgmj"}
{"type":"log","timestamp":1674754003106,"level":"debug","message":"Page request finished: GET (stylesheet) 200 https://cdnjs.cloudflare.com/ajax/libs/metro/4.1.5/css/metro.min.css","meta":{"rootId":"b0iw94litsb5p1m","id":"b0iw94litsb5p1m"},"id":"gvudd1tazoygdfs","previousOperationId":"r8zk6mbbm7qsgmj"}
{"type":"log","timestamp":1674754003107,"level":"debug","message":"Page request finished: GET (script) 200 https://cdnjs.cloudflare.com/ajax/libs/chartist/0.11.0/chartist.min.js","meta":{"rootId":"b0iw94litsb5p1m","id":"b0iw94litsb5p1m"},"id":"4016gl178y4ppvl","previousOperationId":"r8zk6mbbm7qsgmj"}
{"type":"log","timestamp":1674754003112,"level":"debug","message":"Page request finished: GET (script) 200 https://unpkg.com/chartist-plugin-tooltips@0.0.17/dist/chartist-plugin-tooltip.js","meta":{"rootId":"b0iw94litsb5p1m","id":"b0iw94litsb5p1m"},"id":"76j1yt51mx11h2k","previousOperationId":"r8zk6mbbm7qsgmj"}
{"type":"log","timestamp":1674754003113,"level":"debug","message":"Page request finished: GET (script) 200 https://unpkg.com/chartist-plugin-pointlabels@0.0.6/dist/chartist-plugin-pointlabels.js","meta":{"rootId":"b0iw94litsb5p1m","id":"b0iw94litsb5p1m"},"id":"ayz4rc21xnznmak","previousOperationId":"r8zk6mbbm7qsgmj"}
{"type":"log","timestamp":1674754003117,"level":"debug","message":"(console:log) Me he venido","meta":{"userLevel":true,"rootId":"b0iw94litsb5p1m","id":"b0iw94litsb5p1m"},"id":"jvk5sqdv4u1q5zh","previousOperationId":"r8zk6mbbm7qsgmj"}
{"type":"log","timestamp":1674754003118,"level":"debug","message":"(console:log) JSHandle@array","meta":{"userLevel":true,"rootId":"b0iw94litsb5p1m","id":"b0iw94litsb5p1m"},"id":"7rr7xnh0yf9o2ny","previousOperationId":"r8zk6mbbm7qsgmj"}
{"type":"log","timestamp":1674754003166,"level":"warn","message":"Page error: TypeError: b.normalized.series[e].forEach is not a function\n    at f.<anonymous> (https://cdnjs.cloudflare.com/ajax/libs/chartist/0.11.0/chartist.min.js:9:2056)\n    at Array.forEach (<anonymous>)\n    at f.d [as createChart] (https://cdnjs.cloudflare.com/ajax/libs/chartist/0.11.0/chartist.min.js:9:1626)\n    at f.h (https://cdnjs.cloudflare.com/ajax/libs/chartist/0.11.0/chartist.min.js:8:15161)","meta":{"rootId":"b0iw94litsb5p1m","id":"b0iw94litsb5p1m"},"id":"g9ger0lrj36292l","previousOperationId":"r8zk6mbbm7qsgmj"}
{"type":"log","timestamp":1674754003177,"level":"debug","message":"Running chrome with params {\"printBackground\":true,\"timeout\":59271,\"margin\":{}}","meta":{"rootId":"b0iw94litsb5p1m","id":"b0iw94litsb5p1m"},"id":"r05ass8qnklj7a9","previousOperationId":"r8zk6mbbm7qsgmj"}
{"type":"operationEnd","operationId":"r8zk6mbbm7qsgmj","timestamp":1674754003345,"id":"28ljlw90qkip9uw","previousEventId":"37j80kiwt8ee36a","previousOperationId":"r8zk6mbbm7qsgmj"}
{"type":"log","timestamp":1674754003346,"level":"debug","message":"Executing script testing (afterRender)","meta":{"rootId":"b0iw94litsb5p1m","id":"b0iw94litsb5p1m"},"id":"ajagg1i42e7p686","previousOperationId":"r8zk6mbbm7qsgmj"}
{"type":"operationStart","subtype":"scriptsAfterRender","name":"scripts afterRender","timestamp":1674754003358,"id":"ty01g4rqe1uy6hp","previousEventId":"28ljlw90qkip9uw","operationId":"c0syjzvr1s9npoh","previousOperationId":"r8zk6mbbm7qsgmj"}
{"type":"operationStart","subtype":"script","name":"scripts testing","previousOperationId":"c0syjzvr1s9npoh","timestamp":1674754003358,"id":"bdprjwp242ul6xn","previousEventId":"ty01g4rqe1uy6hp","operationId":"e4juwiaxfpq2wzo"}
{"type":"operationEnd","operationId":"e4juwiaxfpq2wzo","timestamp":1674754004664,"id":"p06l0xgikedm6o9","previousEventId":"28ljlw90qkip9uw","previousOperationId":"r8zk6mbbm7qsgmj"}
{"type":"operationEnd","operationId":"c0syjzvr1s9npoh","timestamp":1674754004664,"id":"gda7c620hjgrpg1","previousEventId":"p06l0xgikedm6o9","previousOperationId":"r8zk6mbbm7qsgmj"}
{"type":"log","timestamp":1674754004665,"level":"debug","message":"Skipping storing report.","meta":{"rootId":"b0iw94litsb5p1m","id":"b0iw94litsb5p1m"},"id":"xrqoeev9mdw2rer","previousOperationId":"c0syjzvr1s9npoh"}
{"type":"log","timestamp":1674754004665,"level":"info","message":"Rendering request 38 finished in 2464 ms","meta":{"rootId":"b0iw94litsb5p1m","id":"b0iw94litsb5p1m"},"id":"wd9j3paxq4f7rzh","previousOperationId":"c0syjzvr1s9npoh"}
{"type":"operationEnd","subtype":"render","operationId":"18efbkonl293t5k","timestamp":1674754004665,"id":"5h2nau09k8buex6","previousEventId":"gda7c620hjgrpg1","previousOperationId":"c0syjzvr1s9npoh"}
{"type":"operationEnd","doDiffs":false,"previousEventId":"7qx7lj5h0x8scqa","previousOperationId":"5xi8wkkywk0bic8","operationId":"5xi8wkkywk0bic8","timestamp":1674754004670,"id":"xykngenpked7ogr"}
