{"type":"operationStart","subtype":"profile","data":{"_id":"38zObsOFVhvQvIzs","timestamp":"2023-01-26T16:32:09.846Z","state":"queued","mode":"standard","creationDate":"2023-01-26T16:32:09.852Z","modificationDate":"2023-01-26T16:32:09.852Z","shortid":"PtHMJhb","$entitySet":"profiles"},"doDiffs":false,"timestamp":1674750729849,"id":"i9e7ggwufev6ifb","previousOperationId":null,"operationId":"vsys0r8oaq1zox1"}
{"type":"log","level":"info","message":"Render request 5 queued for execution and waiting for available worker","previousOperationId":"vsys0r8oaq1zox1","timestamp":1674750729850,"id":"q949vnreqdr9h6f"}
{"type":"operationStart","subtype":"render","name":"Data","previousOperationId":"vsys0r8oaq1zox1","timestamp":1674750729875,"id":"sbvbzf53lkqf1hi","previousEventId":"i9e7ggwufev6ifb","operationId":"sybd1a2nj412z5c"}
{"type":"log","timestamp":1674750729875,"level":"info","message":"Starting rendering request 5","meta":{"rootId":"bgqhsc2m4e5te1p","id":"bgqhsc2m4e5te1p"},"id":"ervak3nlk37q3nk","previousOperationId":"sybd1a2nj412z5c"}
{"type":"log","timestamp":1674750729876,"level":"info","message":"Rendering template { name: Data, recipe: chrome-pdf, engine: handlebars, preview: true }","meta":{"rootId":"bgqhsc2m4e5te1p","id":"bgqhsc2m4e5te1p"},"id":"eptrtljlf48x5qn","previousOperationId":"sybd1a2nj412z5c"}
{"type":"log","timestamp":1674750729877,"level":"debug","message":"Data item not defined for this template.","meta":{"rootId":"bgqhsc2m4e5te1p","id":"bgqhsc2m4e5te1p"},"id":"u7muzbavjlk36xp","previousOperationId":"sybd1a2nj412z5c"}
{"type":"log","timestamp":1674750729880,"level":"debug","message":"Executing script testing (beforeRender)","meta":{"rootId":"bgqhsc2m4e5te1p","id":"bgqhsc2m4e5te1p"},"id":"24ny608da8bai7h","previousOperationId":"sybd1a2nj412z5c"}
{"type":"operationStart","subtype":"scriptsBeforeRender","name":"scripts beforeRender","timestamp":1674750729956,"id":"7ru5rlumzo9gcks","previousEventId":"sbvbzf53lkqf1hi","operationId":"uhh217xiohl14c0","previousOperationId":"sybd1a2nj412z5c"}
{"type":"operationStart","subtype":"script","name":"scripts testing","previousOperationId":"uhh217xiohl14c0","timestamp":1674750729956,"id":"g6ey5i412aorur9","previousEventId":"7ru5rlumzo9gcks","operationId":"71tijhj0lsjpxdo"}
{"type":"log","timestamp":1674750730210,"level":"debug","message":"(console:log) {\n  name: [ 'Las Palmas de Gran Canaria', 'Galdar', 'Teror' ],\n  repetition: [ '2', '1', '3' ]\n}","meta":{"userLevel":true,"rootId":"bgqhsc2m4e5te1p","id":"bgqhsc2m4e5te1p"},"id":"s2ffwem4j9fwmp9","previousOperationId":"71tijhj0lsjpxdo"}
{"type":"operationEnd","operationId":"71tijhj0lsjpxdo","timestamp":1674750730632,"id":"evffunvhkdfq7vv","previousEventId":"sbvbzf53lkqf1hi","previousOperationId":"sybd1a2nj412z5c"}
{"type":"operationEnd","operationId":"uhh217xiohl14c0","timestamp":1674750730632,"id":"wen550vuprayd69","previousEventId":"evffunvhkdfq7vv","previousOperationId":"sybd1a2nj412z5c"}
{"type":"log","timestamp":1674750730632,"level":"debug","message":"Base url not specified, skipping its injection.","meta":{"rootId":"bgqhsc2m4e5te1p","id":"bgqhsc2m4e5te1p"},"id":"yw6562vaf51yjet","previousOperationId":"uhh217xiohl14c0"}
{"type":"operationStart","subtype":"engine","name":"handlebars","timestamp":1674750730632,"id":"2wmd265gvplrt7u","previousEventId":"wen550vuprayd69","operationId":"j1y049pib3ojbcy","previousOperationId":"uhh217xiohl14c0"}
{"type":"log","timestamp":1674750730632,"level":"debug","message":"Rendering engine handlebars","meta":{"rootId":"bgqhsc2m4e5te1p","id":"bgqhsc2m4e5te1p"},"id":"oif9vrm5y20gj00","previousOperationId":"j1y049pib3ojbcy"}
{"type":"operationEnd","operationId":"j1y049pib3ojbcy","timestamp":1674750730647,"id":"h3kcov9lzym0nn2","previousEventId":"2wmd265gvplrt7u","previousOperationId":"j1y049pib3ojbcy"}
{"type":"operationStart","subtype":"recipe","name":"chrome-pdf","timestamp":1674750730647,"id":"r7j26k35cnee32d","previousEventId":"h3kcov9lzym0nn2","operationId":"k9w7emdjg4qpbsa","previousOperationId":"j1y049pib3ojbcy"}
{"type":"log","timestamp":1674750730647,"level":"debug","message":"Executing recipe chrome-pdf","meta":{"rootId":"bgqhsc2m4e5te1p","id":"bgqhsc2m4e5te1p"},"id":"4pxg16xsi5gcua3","previousOperationId":"k9w7emdjg4qpbsa"}
{"type":"log","timestamp":1674750730651,"level":"debug","message":"Converting with chrome HeadlessChrome/105.0.5173.0 using chrome-pool strategy","meta":{"rootId":"bgqhsc2m4e5te1p","id":"bgqhsc2m4e5te1p"},"id":"8w7ghh2neux60vp","previousOperationId":"k9w7emdjg4qpbsa"}
{"type":"log","timestamp":1674750730752,"level":"debug","message":"Page request: GET (document) file:///C:/Users/Johan/AppData/Local/Temp/jsreport/autocleanup/a50e56cc-1936-4987-8ea8-5d03e85b1858-chrome-pdf.html","meta":{"rootId":"bgqhsc2m4e5te1p","id":"bgqhsc2m4e5te1p"},"id":"up3mnxvp68xbwqi","previousOperationId":"k9w7emdjg4qpbsa"}
{"type":"log","timestamp":1674750730780,"level":"debug","message":"Page request finished: GET (document) 200 file:///C:/Users/Johan/AppData/Local/Temp/jsreport/autocleanup/a50e56cc-1936-4987-8ea8-5d03e85b1858-chrome-pdf.html","meta":{"rootId":"bgqhsc2m4e5te1p","id":"bgqhsc2m4e5te1p"},"id":"o0qhgwbofi9fdcy","previousOperationId":"k9w7emdjg4qpbsa"}
{"type":"log","timestamp":1674750730780,"level":"debug","message":"Page request: GET (stylesheet) https://cdnjs.cloudflare.com/ajax/libs/metro/4.1.5/css/metro.min.css","meta":{"rootId":"bgqhsc2m4e5te1p","id":"bgqhsc2m4e5te1p"},"id":"48hfb9c63gchprm","previousOperationId":"k9w7emdjg4qpbsa"}
{"type":"log","timestamp":1674750730780,"level":"debug","message":"Page request: GET (stylesheet) https://cdnjs.cloudflare.com/ajax/libs/chartist/0.11.0/chartist.min.css","meta":{"rootId":"bgqhsc2m4e5te1p","id":"bgqhsc2m4e5te1p"},"id":"n91cwizei4adoft","previousOperationId":"k9w7emdjg4qpbsa"}
{"type":"log","timestamp":1674750730781,"level":"debug","message":"Page request: GET (script) https://cdnjs.cloudflare.com/ajax/libs/chartist/0.11.0/chartist.min.js","meta":{"rootId":"bgqhsc2m4e5te1p","id":"bgqhsc2m4e5te1p"},"id":"yfyfb6vpgwmhvm4","previousOperationId":"k9w7emdjg4qpbsa"}
{"type":"log","timestamp":1674750730781,"level":"debug","message":"Page request: GET (script) https://unpkg.com/chartist-plugin-tooltips@0.0.17","meta":{"rootId":"bgqhsc2m4e5te1p","id":"bgqhsc2m4e5te1p"},"id":"lmvu3emsm5i7llt","previousOperationId":"k9w7emdjg4qpbsa"}
{"type":"log","timestamp":1674750730781,"level":"debug","message":"Page request: GET (script) https://unpkg.com/chartist-plugin-pointlabels@0.0.6","meta":{"rootId":"bgqhsc2m4e5te1p","id":"bgqhsc2m4e5te1p"},"id":"k1zcaoq8aall9sy","previousOperationId":"k9w7emdjg4qpbsa"}
{"type":"log","timestamp":1674750730786,"level":"debug","message":"Page request finished: GET (stylesheet) 200 https://cdnjs.cloudflare.com/ajax/libs/chartist/0.11.0/chartist.min.css","meta":{"rootId":"bgqhsc2m4e5te1p","id":"bgqhsc2m4e5te1p"},"id":"jl3z2gc14xmgn9a","previousOperationId":"k9w7emdjg4qpbsa"}
{"type":"log","timestamp":1674750730787,"level":"warn","message":"Page request failed: GET (script) 302 https://unpkg.com/chartist-plugin-tooltips@0.0.17 (redirect to: /chartist-plugin-tooltips@0.0.17/dist/chartist-plugin-tooltip.js)","meta":{"rootId":"bgqhsc2m4e5te1p","id":"bgqhsc2m4e5te1p"},"id":"dnq4n84nak7nzj7","previousOperationId":"k9w7emdjg4qpbsa"}
{"type":"log","timestamp":1674750730787,"level":"debug","message":"Page request: GET (script) https://unpkg.com/chartist-plugin-tooltips@0.0.17/dist/chartist-plugin-tooltip.js (redirect from: https://unpkg.com/chartist-plugin-tooltips@0.0.17)","meta":{"rootId":"bgqhsc2m4e5te1p","id":"bgqhsc2m4e5te1p"},"id":"n5g861qmue0tbti","previousOperationId":"k9w7emdjg4qpbsa"}
{"type":"log","timestamp":1674750730788,"level":"warn","message":"Page request failed: GET (script) 302 https://unpkg.com/chartist-plugin-pointlabels@0.0.6 (redirect to: /chartist-plugin-pointlabels@0.0.6/dist/chartist-plugin-pointlabels.js)","meta":{"rootId":"bgqhsc2m4e5te1p","id":"bgqhsc2m4e5te1p"},"id":"aiztz8nj659a6mu","previousOperationId":"k9w7emdjg4qpbsa"}
{"type":"log","timestamp":1674750730788,"level":"debug","message":"Page request: GET (script) https://unpkg.com/chartist-plugin-pointlabels@0.0.6/dist/chartist-plugin-pointlabels.js (redirect from: https://unpkg.com/chartist-plugin-pointlabels@0.0.6)","meta":{"rootId":"bgqhsc2m4e5te1p","id":"bgqhsc2m4e5te1p"},"id":"dg379bymtd39ep1","previousOperationId":"k9w7emdjg4qpbsa"}
{"type":"log","timestamp":1674750730788,"level":"debug","message":"Page request finished: GET (script) 200 https://cdnjs.cloudflare.com/ajax/libs/chartist/0.11.0/chartist.min.js","meta":{"rootId":"bgqhsc2m4e5te1p","id":"bgqhsc2m4e5te1p"},"id":"pnssagb5cmldv8v","previousOperationId":"k9w7emdjg4qpbsa"}
{"type":"log","timestamp":1674750730804,"level":"debug","message":"Page request finished: GET (stylesheet) 200 https://cdnjs.cloudflare.com/ajax/libs/metro/4.1.5/css/metro.min.css","meta":{"rootId":"bgqhsc2m4e5te1p","id":"bgqhsc2m4e5te1p"},"id":"gy7mnq9t2zi10s9","previousOperationId":"k9w7emdjg4qpbsa"}
{"type":"log","timestamp":1674750730806,"level":"debug","message":"Page request finished: GET (script) 200 https://unpkg.com/chartist-plugin-tooltips@0.0.17/dist/chartist-plugin-tooltip.js","meta":{"rootId":"bgqhsc2m4e5te1p","id":"bgqhsc2m4e5te1p"},"id":"vy51sdzeg1g3f1l","previousOperationId":"k9w7emdjg4qpbsa"}
{"type":"log","timestamp":1674750730806,"level":"debug","message":"Page request finished: GET (script) 200 https://unpkg.com/chartist-plugin-pointlabels@0.0.6/dist/chartist-plugin-pointlabels.js","meta":{"rootId":"bgqhsc2m4e5te1p","id":"bgqhsc2m4e5te1p"},"id":"7rasz48pi4tpc03","previousOperationId":"k9w7emdjg4qpbsa"}
{"type":"log","timestamp":1674750730808,"level":"debug","message":"(console:log) Me he venido","meta":{"userLevel":true,"rootId":"bgqhsc2m4e5te1p","id":"bgqhsc2m4e5te1p"},"id":"qnzkscx3785m7fu","previousOperationId":"k9w7emdjg4qpbsa"}
{"type":"log","timestamp":1674750730876,"level":"debug","message":"Running chrome with params {\"printBackground\":true,\"timeout\":59197,\"margin\":{}}","meta":{"rootId":"bgqhsc2m4e5te1p","id":"bgqhsc2m4e5te1p"},"id":"fjqo18hwi58axkx","previousOperationId":"k9w7emdjg4qpbsa"}
{"type":"operationEnd","operationId":"k9w7emdjg4qpbsa","timestamp":1674750731017,"id":"uou58k86stfyc07","previousEventId":"r7j26k35cnee32d","previousOperationId":"k9w7emdjg4qpbsa"}
{"type":"log","timestamp":1674750731017,"level":"debug","message":"Executing script testing (afterRender)","meta":{"rootId":"bgqhsc2m4e5te1p","id":"bgqhsc2m4e5te1p"},"id":"q41j8oc0aaqlyyo","previousOperationId":"k9w7emdjg4qpbsa"}
{"type":"operationStart","subtype":"scriptsAfterRender","name":"scripts afterRender","timestamp":1674750731026,"id":"t62jgep2cubc8cf","previousEventId":"uou58k86stfyc07","operationId":"tj5vw5rwtx6u149","previousOperationId":"k9w7emdjg4qpbsa"}
{"type":"operationStart","subtype":"script","name":"scripts testing","previousOperationId":"tj5vw5rwtx6u149","timestamp":1674750731026,"id":"8lwbjicyni3aytu","previousEventId":"t62jgep2cubc8cf","operationId":"zc4x0ey9g9tjbr7"}
{"type":"operationEnd","operationId":"zc4x0ey9g9tjbr7","timestamp":1674750732140,"id":"nh9ydmuyljx5t4v","previousEventId":"uou58k86stfyc07","previousOperationId":"k9w7emdjg4qpbsa"}
{"type":"operationEnd","operationId":"tj5vw5rwtx6u149","timestamp":1674750732140,"id":"09ln4cvqwrnvele","previousEventId":"nh9ydmuyljx5t4v","previousOperationId":"k9w7emdjg4qpbsa"}
{"type":"log","timestamp":1674750732140,"level":"debug","message":"Skipping storing report.","meta":{"rootId":"bgqhsc2m4e5te1p","id":"bgqhsc2m4e5te1p"},"id":"87y7dai5hpx8wbb","previousOperationId":"tj5vw5rwtx6u149"}
{"type":"log","timestamp":1674750732140,"level":"info","message":"Rendering request 5 finished in 2294 ms","meta":{"rootId":"bgqhsc2m4e5te1p","id":"bgqhsc2m4e5te1p"},"id":"p0xbi8b313xxi3l","previousOperationId":"tj5vw5rwtx6u149"}
{"type":"operationEnd","subtype":"render","operationId":"sybd1a2nj412z5c","timestamp":1674750732140,"id":"x0bt5dadet1154i","previousEventId":"09ln4cvqwrnvele","previousOperationId":"tj5vw5rwtx6u149"}
{"type":"operationEnd","doDiffs":false,"previousEventId":"i9e7ggwufev6ifb","previousOperationId":"vsys0r8oaq1zox1","operationId":"vsys0r8oaq1zox1","timestamp":1674750732143,"id":"yuyykpdd4dj2kmt"}
