{"type":"operationStart","subtype":"profile","data":{"_id":"3g8YT6YAfaYAVFcC","timestamp":"2023-01-24T19:30:33.278Z","state":"queued","mode":"standard","creationDate":"2023-01-24T19:30:33.280Z","modificationDate":"2023-01-24T19:30:33.280Z","shortid":"1Qj4fdw","$entitySet":"profiles"},"doDiffs":false,"timestamp":1674588633279,"id":"rnzarlhfliw5bnb","previousOperationId":null,"operationId":"zyeigpg5mlf6kve"}
{"type":"log","level":"info","message":"Render request 11 queued for execution and waiting for available worker","previousOperationId":"zyeigpg5mlf6kve","timestamp":1674588633279,"id":"fpvaxvdmo7iexz0"}
{"type":"operationStart","subtype":"render","name":"Data","previousOperationId":"zyeigpg5mlf6kve","timestamp":1674588633291,"id":"k40hft1yrk2c9ef","previousEventId":"rnzarlhfliw5bnb","operationId":"53za9wgmsna8q33"}
{"type":"log","timestamp":1674588633291,"level":"info","message":"Starting rendering request 11","meta":{"rootId":"blglb97mwn5rduc","id":"blglb97mwn5rduc"},"id":"uzn0hjcow7l5zn7","previousOperationId":"53za9wgmsna8q33"}
{"type":"log","timestamp":1674588633291,"level":"info","message":"Rendering template { name: Data, recipe: chrome-pdf, engine: handlebars, preview: true }","meta":{"rootId":"blglb97mwn5rduc","id":"blglb97mwn5rduc"},"id":"j0abgyxekpbuxl3","previousOperationId":"53za9wgmsna8q33"}
{"type":"log","timestamp":1674588633292,"level":"debug","message":"Data item not defined for this template.","meta":{"rootId":"blglb97mwn5rduc","id":"blglb97mwn5rduc"},"id":"dnyzpe2tie3zra9","previousOperationId":"53za9wgmsna8q33"}
{"type":"log","timestamp":1674588633295,"level":"debug","message":"Executing script testing (beforeRender)","meta":{"rootId":"blglb97mwn5rduc","id":"blglb97mwn5rduc"},"id":"givtt8pb2v2d7ea","previousOperationId":"53za9wgmsna8q33"}
{"type":"operationStart","subtype":"scriptsBeforeRender","name":"scripts beforeRender","timestamp":1674588633357,"id":"lfj5ndbjpntg8km","previousEventId":"k40hft1yrk2c9ef","operationId":"nuztcw9j3s3bolp","previousOperationId":"53za9wgmsna8q33"}
{"type":"operationStart","subtype":"script","name":"scripts testing","previousOperationId":"nuztcw9j3s3bolp","timestamp":1674588633357,"id":"fxu1yxiqdcteutm","previousEventId":"lfj5ndbjpntg8km","operationId":"37rhkwox021cjoq"}
{"type":"operationEnd","operationId":"37rhkwox021cjoq","timestamp":1674588633940,"id":"nm45c1z05ngpdzo","previousEventId":"k40hft1yrk2c9ef","previousOperationId":"53za9wgmsna8q33"}
{"type":"operationEnd","operationId":"nuztcw9j3s3bolp","timestamp":1674588633940,"id":"s0mojpnjavnp3tt","previousEventId":"nm45c1z05ngpdzo","previousOperationId":"53za9wgmsna8q33"}
{"type":"log","timestamp":1674588633940,"level":"debug","message":"Base url not specified, skipping its injection.","meta":{"rootId":"blglb97mwn5rduc","id":"blglb97mwn5rduc"},"id":"dj8u7xwtfsp8zn7","previousOperationId":"nuztcw9j3s3bolp"}
{"type":"operationStart","subtype":"engine","name":"handlebars","timestamp":1674588633940,"id":"bmnq9x2wlxz7ly0","previousEventId":"s0mojpnjavnp3tt","operationId":"qdnx03t33spyh9d","previousOperationId":"nuztcw9j3s3bolp"}
{"type":"log","timestamp":1674588633940,"level":"debug","message":"Rendering engine handlebars","meta":{"rootId":"blglb97mwn5rduc","id":"blglb97mwn5rduc"},"id":"c9pfjros9e7tck8","previousOperationId":"qdnx03t33spyh9d"}
{"type":"operationEnd","operationId":"qdnx03t33spyh9d","timestamp":1674588633960,"id":"50zxw7czxfr6bg8","previousEventId":"bmnq9x2wlxz7ly0","previousOperationId":"qdnx03t33spyh9d"}
{"type":"operationStart","subtype":"recipe","name":"chrome-pdf","timestamp":1674588633960,"id":"u2x1enoww75lf67","previousEventId":"50zxw7czxfr6bg8","operationId":"x9tcy92r6bgg0bc","previousOperationId":"qdnx03t33spyh9d"}
{"type":"log","timestamp":1674588633960,"level":"debug","message":"Executing recipe chrome-pdf","meta":{"rootId":"blglb97mwn5rduc","id":"blglb97mwn5rduc"},"id":"al1w9yg8qs6vdoq","previousOperationId":"x9tcy92r6bgg0bc"}
{"type":"log","timestamp":1674588633965,"level":"debug","message":"Converting with chrome HeadlessChrome/105.0.5173.0 using chrome-pool strategy","meta":{"rootId":"blglb97mwn5rduc","id":"blglb97mwn5rduc"},"id":"v8r99pmevznyshm","previousOperationId":"x9tcy92r6bgg0bc"}
{"type":"log","timestamp":1674588634103,"level":"debug","message":"Page request: GET (document) file:///C:/Users/Johan/AppData/Local/Temp/jsreport/autocleanup/71aaedf3-fc0d-40b9-bbc7-ac99e37efde8-chrome-pdf.html","meta":{"rootId":"blglb97mwn5rduc","id":"blglb97mwn5rduc"},"id":"w062fgoshmtezir","previousOperationId":"x9tcy92r6bgg0bc"}
{"type":"log","timestamp":1674588634121,"level":"debug","message":"Page request finished: GET (document) 200 file:///C:/Users/Johan/AppData/Local/Temp/jsreport/autocleanup/71aaedf3-fc0d-40b9-bbc7-ac99e37efde8-chrome-pdf.html","meta":{"rootId":"blglb97mwn5rduc","id":"blglb97mwn5rduc"},"id":"szs7a15xxy3suuh","previousOperationId":"x9tcy92r6bgg0bc"}
{"type":"log","timestamp":1674588634121,"level":"debug","message":"Page request: GET (stylesheet) https://cdnjs.cloudflare.com/ajax/libs/metro/4.1.5/css/metro.min.css","meta":{"rootId":"blglb97mwn5rduc","id":"blglb97mwn5rduc"},"id":"yfbvjuognmhmsbn","previousOperationId":"x9tcy92r6bgg0bc"}
{"type":"log","timestamp":1674588634122,"level":"debug","message":"Page request: GET (script) https://cdnjs.cloudflare.com/ajax/libs/Chart.js/2.7.2/Chart.min.js","meta":{"rootId":"blglb97mwn5rduc","id":"blglb97mwn5rduc"},"id":"zb4qpu8i8819o3j","previousOperationId":"x9tcy92r6bgg0bc"}
{"type":"log","timestamp":1674588634153,"level":"debug","message":"Page request finished: GET (stylesheet) 200 https://cdnjs.cloudflare.com/ajax/libs/metro/4.1.5/css/metro.min.css","meta":{"rootId":"blglb97mwn5rduc","id":"blglb97mwn5rduc"},"id":"k25p6v0e0kjsu8b","previousOperationId":"x9tcy92r6bgg0bc"}
{"type":"log","timestamp":1674588634153,"level":"debug","message":"Page request finished: GET (script) 200 https://cdnjs.cloudflare.com/ajax/libs/Chart.js/2.7.2/Chart.min.js","meta":{"rootId":"blglb97mwn5rduc","id":"blglb97mwn5rduc"},"id":"h799miurva9n4b1","previousOperationId":"x9tcy92r6bgg0bc"}
{"type":"log","timestamp":1674588634214,"level":"debug","message":"Running chrome with params {\"printBackground\":true,\"timeout\":59315,\"margin\":{}}","meta":{"rootId":"blglb97mwn5rduc","id":"blglb97mwn5rduc"},"id":"30tc5tejzlftdtk","previousOperationId":"x9tcy92r6bgg0bc"}
{"type":"operationEnd","operationId":"x9tcy92r6bgg0bc","timestamp":1674588634373,"id":"nvj0m35t7pbjco9","previousEventId":"u2x1enoww75lf67","previousOperationId":"x9tcy92r6bgg0bc"}
{"type":"log","timestamp":1674588634373,"level":"debug","message":"Executing script testing (afterRender)","meta":{"rootId":"blglb97mwn5rduc","id":"blglb97mwn5rduc"},"id":"skuozwv354yb69e","previousOperationId":"x9tcy92r6bgg0bc"}
{"type":"operationStart","subtype":"scriptsAfterRender","name":"scripts afterRender","timestamp":1674588634389,"id":"ot6cq1d1i3owdx9","previousEventId":"nvj0m35t7pbjco9","operationId":"16vqtutakxdwecf","previousOperationId":"x9tcy92r6bgg0bc"}
{"type":"operationStart","subtype":"script","name":"scripts testing","previousOperationId":"16vqtutakxdwecf","timestamp":1674588634389,"id":"ccp8lmtxuwo5czt","previousEventId":"ot6cq1d1i3owdx9","operationId":"1i14dc18jjc2kg3"}
{"type":"log","timestamp":1674588634389,"level":"debug","message":"(console:log) fhsdiufhsduifhuighdfuighdfiugdfshgiufdgdfighdfgdhugdfhghdfighdfiughdfgiudfgh","meta":{"userLevel":true,"rootId":"blglb97mwn5rduc","id":"blglb97mwn5rduc"},"id":"r5bqat831kzfe4z","previousOperationId":"1i14dc18jjc2kg3"}
{"type":"operationEnd","operationId":"1i14dc18jjc2kg3","timestamp":1674588666187,"id":"pkahnw64cchwk7v","previousEventId":"nvj0m35t7pbjco9","previousOperationId":"x9tcy92r6bgg0bc"}
{"type":"operationEnd","operationId":"16vqtutakxdwecf","timestamp":1674588666187,"id":"j05gf0t8ldlndgu","previousEventId":"pkahnw64cchwk7v","previousOperationId":"x9tcy92r6bgg0bc"}
{"type":"log","timestamp":1674588666187,"level":"debug","message":"Skipping storing report.","meta":{"rootId":"blglb97mwn5rduc","id":"blglb97mwn5rduc"},"id":"hdk4j2ne76k8ipx","previousOperationId":"16vqtutakxdwecf"}
{"type":"log","timestamp":1674588666187,"level":"info","message":"Rendering request 11 finished in 32909 ms","meta":{"rootId":"blglb97mwn5rduc","id":"blglb97mwn5rduc"},"id":"7p0eyn4k16g62cl","previousOperationId":"16vqtutakxdwecf"}
{"type":"operationEnd","subtype":"render","operationId":"53za9wgmsna8q33","timestamp":1674588666187,"id":"a4fdfzalf9izq5z","previousEventId":"j05gf0t8ldlndgu","previousOperationId":"16vqtutakxdwecf"}
{"type":"operationEnd","doDiffs":false,"previousEventId":"rnzarlhfliw5bnb","previousOperationId":"zyeigpg5mlf6kve","operationId":"zyeigpg5mlf6kve","timestamp":1674588666193,"id":"95lso4d2r3k1dhp"}
