{"type":"operationStart","subtype":"profile","data":{"_id":"dNLoFmah258Zup75","timestamp":"2023-01-26T16:40:21.526Z","state":"queued","mode":"standard","creationDate":"2023-01-26T16:40:21.530Z","modificationDate":"2023-01-26T16:40:21.530Z","shortid":"wqr5lZ4","$entitySet":"profiles"},"doDiffs":false,"timestamp":1674751221529,"id":"bc12xcdyzv3cbcp","previousOperationId":null,"operationId":"ks9rh1ntza3qfx9"}
{"type":"log","level":"info","message":"Render request 4 queued for execution and waiting for available worker","previousOperationId":"ks9rh1ntza3qfx9","timestamp":1674751221529,"id":"ya8r49g2za40xjp"}
{"type":"operationStart","subtype":"render","name":"Data","previousOperationId":"ks9rh1ntza3qfx9","timestamp":1674751221544,"id":"j7khl4um4vkdnf8","previousEventId":"bc12xcdyzv3cbcp","operationId":"nscq9rog3al4kk8"}
{"type":"log","timestamp":1674751221544,"level":"info","message":"Starting rendering request 4","meta":{"rootId":"bozzkgftni00sju","id":"bozzkgftni00sju"},"id":"4at8gz7xvj2wma5","previousOperationId":"nscq9rog3al4kk8"}
{"type":"log","timestamp":1674751221545,"level":"info","message":"Rendering template { name: Data, recipe: chrome-pdf, engine: handlebars, preview: true }","meta":{"rootId":"bozzkgftni00sju","id":"bozzkgftni00sju"},"id":"fxsmvhmlh8tnz7j","previousOperationId":"nscq9rog3al4kk8"}
{"type":"log","timestamp":1674751221545,"level":"debug","message":"Data item not defined for this template.","meta":{"rootId":"bozzkgftni00sju","id":"bozzkgftni00sju"},"id":"o24w553kedi7s0k","previousOperationId":"nscq9rog3al4kk8"}
{"type":"log","timestamp":1674751221554,"level":"debug","message":"Executing script testing (beforeRender)","meta":{"rootId":"bozzkgftni00sju","id":"bozzkgftni00sju"},"id":"s5hjxv3p3lkqjf1","previousOperationId":"nscq9rog3al4kk8"}
{"type":"operationStart","subtype":"scriptsBeforeRender","name":"scripts beforeRender","timestamp":1674751221616,"id":"p0h2djtf7qqvs1h","previousEventId":"j7khl4um4vkdnf8","operationId":"sd2obo1st7s2pjf","previousOperationId":"nscq9rog3al4kk8"}
{"type":"operationStart","subtype":"script","name":"scripts testing","previousOperationId":"sd2obo1st7s2pjf","timestamp":1674751221616,"id":"29ew74mye9j495i","previousEventId":"p0h2djtf7qqvs1h","operationId":"4xc0demxhqcdwov"}
{"type":"log","timestamp":1674751221878,"level":"debug","message":"(console:log) {\n  locationName: [ 'Las Palmas de Gran Canaria', 'Galdar', 'Teror' ],\n  repetition: [ '2', '1', '3' ]\n}","meta":{"userLevel":true,"rootId":"bozzkgftni00sju","id":"bozzkgftni00sju"},"id":"zmk6aq7jtanjf2j","previousOperationId":"4xc0demxhqcdwov"}
{"type":"operationEnd","operationId":"4xc0demxhqcdwov","timestamp":1674751222275,"id":"nsn094rl16zq7un","previousEventId":"j7khl4um4vkdnf8","previousOperationId":"nscq9rog3al4kk8"}
{"type":"operationEnd","operationId":"sd2obo1st7s2pjf","timestamp":1674751222275,"id":"3e80yjgl6uxbv4x","previousEventId":"nsn094rl16zq7un","previousOperationId":"nscq9rog3al4kk8"}
{"type":"log","timestamp":1674751222275,"level":"debug","message":"Base url not specified, skipping its injection.","meta":{"rootId":"bozzkgftni00sju","id":"bozzkgftni00sju"},"id":"23xss05pvkil4nw","previousOperationId":"sd2obo1st7s2pjf"}
{"type":"operationStart","subtype":"engine","name":"handlebars","timestamp":1674751222276,"id":"84z85h2dq313zwy","previousEventId":"3e80yjgl6uxbv4x","operationId":"axhtjnbrhtln0c9","previousOperationId":"sd2obo1st7s2pjf"}
{"type":"log","timestamp":1674751222276,"level":"debug","message":"Rendering engine handlebars","meta":{"rootId":"bozzkgftni00sju","id":"bozzkgftni00sju"},"id":"vo1pjjjlwc02ts6","previousOperationId":"axhtjnbrhtln0c9"}
{"type":"operationEnd","operationId":"axhtjnbrhtln0c9","timestamp":1674751222289,"id":"fywqewsldr1h6lc","previousEventId":"84z85h2dq313zwy","previousOperationId":"axhtjnbrhtln0c9"}
{"type":"operationStart","subtype":"recipe","name":"chrome-pdf","timestamp":1674751222290,"id":"6tmnyodjkd8dj58","previousEventId":"fywqewsldr1h6lc","operationId":"hrjif7zve6csqwt","previousOperationId":"axhtjnbrhtln0c9"}
{"type":"log","timestamp":1674751222290,"level":"debug","message":"Executing recipe chrome-pdf","meta":{"rootId":"bozzkgftni00sju","id":"bozzkgftni00sju"},"id":"kw93cgibfjck74a","previousOperationId":"hrjif7zve6csqwt"}
{"type":"log","timestamp":1674751222293,"level":"debug","message":"Converting with chrome HeadlessChrome/105.0.5173.0 using chrome-pool strategy","meta":{"rootId":"bozzkgftni00sju","id":"bozzkgftni00sju"},"id":"ew2a4zg027qofvo","previousOperationId":"hrjif7zve6csqwt"}
{"type":"log","timestamp":1674751222388,"level":"debug","message":"Page request: GET (document) file:///C:/Users/Johan/AppData/Local/Temp/jsreport/autocleanup/ecde77a3-f65a-474b-b3ba-837ac53ed4e9-chrome-pdf.html","meta":{"rootId":"bozzkgftni00sju","id":"bozzkgftni00sju"},"id":"x92z42c4bo8wxjj","previousOperationId":"hrjif7zve6csqwt"}
{"type":"log","timestamp":1674751222410,"level":"debug","message":"Page request: GET (stylesheet) https://cdnjs.cloudflare.com/ajax/libs/metro/4.1.5/css/metro.min.css","meta":{"rootId":"bozzkgftni00sju","id":"bozzkgftni00sju"},"id":"rwtgl7e81gi7kx8","previousOperationId":"hrjif7zve6csqwt"}
{"type":"log","timestamp":1674751222410,"level":"debug","message":"Page request: GET (stylesheet) https://cdnjs.cloudflare.com/ajax/libs/chartist/0.11.0/chartist.min.css","meta":{"rootId":"bozzkgftni00sju","id":"bozzkgftni00sju"},"id":"mf54vbgn1og1gj5","previousOperationId":"hrjif7zve6csqwt"}
{"type":"log","timestamp":1674751222411,"level":"debug","message":"Page request: GET (script) https://cdnjs.cloudflare.com/ajax/libs/chartist/0.11.0/chartist.min.js","meta":{"rootId":"bozzkgftni00sju","id":"bozzkgftni00sju"},"id":"hc6wv0lmw890nhr","previousOperationId":"hrjif7zve6csqwt"}
{"type":"log","timestamp":1674751222411,"level":"debug","message":"Page request finished: GET (document) 200 file:///C:/Users/Johan/AppData/Local/Temp/jsreport/autocleanup/ecde77a3-f65a-474b-b3ba-837ac53ed4e9-chrome-pdf.html","meta":{"rootId":"bozzkgftni00sju","id":"bozzkgftni00sju"},"id":"vbkko56ck5eforh","previousOperationId":"hrjif7zve6csqwt"}
{"type":"log","timestamp":1674751222411,"level":"debug","message":"Page request: GET (script) https://unpkg.com/chartist-plugin-tooltips@0.0.17","meta":{"rootId":"bozzkgftni00sju","id":"bozzkgftni00sju"},"id":"yzgx0c3vduhr5bp","previousOperationId":"hrjif7zve6csqwt"}
{"type":"log","timestamp":1674751222412,"level":"debug","message":"Page request: GET (script) https://unpkg.com/chartist-plugin-pointlabels@0.0.6","meta":{"rootId":"bozzkgftni00sju","id":"bozzkgftni00sju"},"id":"m9xgo9ysmasnbr2","previousOperationId":"hrjif7zve6csqwt"}
{"type":"log","timestamp":1674751222418,"level":"debug","message":"Page request finished: GET (stylesheet) 200 https://cdnjs.cloudflare.com/ajax/libs/chartist/0.11.0/chartist.min.css","meta":{"rootId":"bozzkgftni00sju","id":"bozzkgftni00sju"},"id":"yy188mxv8a45emn","previousOperationId":"hrjif7zve6csqwt"}
{"type":"log","timestamp":1674751222420,"level":"warn","message":"Page request failed: GET (script) 302 https://unpkg.com/chartist-plugin-tooltips@0.0.17 (redirect to: /chartist-plugin-tooltips@0.0.17/dist/chartist-plugin-tooltip.js)","meta":{"rootId":"bozzkgftni00sju","id":"bozzkgftni00sju"},"id":"un7s0xwb2y5wc6f","previousOperationId":"hrjif7zve6csqwt"}
{"type":"log","timestamp":1674751222420,"level":"debug","message":"Page request: GET (script) https://unpkg.com/chartist-plugin-tooltips@0.0.17/dist/chartist-plugin-tooltip.js (redirect from: https://unpkg.com/chartist-plugin-tooltips@0.0.17)","meta":{"rootId":"bozzkgftni00sju","id":"bozzkgftni00sju"},"id":"4l3pbnvk7pfwvhb","previousOperationId":"hrjif7zve6csqwt"}
{"type":"log","timestamp":1674751222420,"level":"warn","message":"Page request failed: GET (script) 302 https://unpkg.com/chartist-plugin-pointlabels@0.0.6 (redirect to: /chartist-plugin-pointlabels@0.0.6/dist/chartist-plugin-pointlabels.js)","meta":{"rootId":"bozzkgftni00sju","id":"bozzkgftni00sju"},"id":"qtwf82x60myhsmi","previousOperationId":"hrjif7zve6csqwt"}
{"type":"log","timestamp":1674751222421,"level":"debug","message":"Page request: GET (script) https://unpkg.com/chartist-plugin-pointlabels@0.0.6/dist/chartist-plugin-pointlabels.js (redirect from: https://unpkg.com/chartist-plugin-pointlabels@0.0.6)","meta":{"rootId":"bozzkgftni00sju","id":"bozzkgftni00sju"},"id":"gtb4wyh5ion3rmo","previousOperationId":"hrjif7zve6csqwt"}
{"type":"log","timestamp":1674751222437,"level":"debug","message":"Page request finished: GET (stylesheet) 200 https://cdnjs.cloudflare.com/ajax/libs/metro/4.1.5/css/metro.min.css","meta":{"rootId":"bozzkgftni00sju","id":"bozzkgftni00sju"},"id":"q1ces8qmo809sm1","previousOperationId":"hrjif7zve6csqwt"}
{"type":"log","timestamp":1674751222437,"level":"debug","message":"Page request finished: GET (script) 200 https://cdnjs.cloudflare.com/ajax/libs/chartist/0.11.0/chartist.min.js","meta":{"rootId":"bozzkgftni00sju","id":"bozzkgftni00sju"},"id":"xvkqh2m1y5r7kbj","previousOperationId":"hrjif7zve6csqwt"}
{"type":"log","timestamp":1674751222439,"level":"debug","message":"Page request finished: GET (script) 200 https://unpkg.com/chartist-plugin-tooltips@0.0.17/dist/chartist-plugin-tooltip.js","meta":{"rootId":"bozzkgftni00sju","id":"bozzkgftni00sju"},"id":"iz6jsphmo4htzz4","previousOperationId":"hrjif7zve6csqwt"}
{"type":"log","timestamp":1674751222440,"level":"debug","message":"Page request finished: GET (script) 200 https://unpkg.com/chartist-plugin-pointlabels@0.0.6/dist/chartist-plugin-pointlabels.js","meta":{"rootId":"bozzkgftni00sju","id":"bozzkgftni00sju"},"id":"zd9yvv729cyexnk","previousOperationId":"hrjif7zve6csqwt"}
{"type":"log","timestamp":1674751222441,"level":"warn","message":"Page error: SyntaxError: Unexpected identifier","meta":{"rootId":"bozzkgftni00sju","id":"bozzkgftni00sju"},"id":"walxcchyo4jqy4o","previousOperationId":"hrjif7zve6csqwt"}
{"type":"log","timestamp":1674751222476,"level":"debug","message":"Running chrome with params {\"printBackground\":true,\"timeout\":59233,\"margin\":{}}","meta":{"rootId":"bozzkgftni00sju","id":"bozzkgftni00sju"},"id":"voqf9fi6tr1m5gx","previousOperationId":"hrjif7zve6csqwt"}
{"type":"operationEnd","operationId":"hrjif7zve6csqwt","timestamp":1674751222580,"id":"k79nmi27uh6cipc","previousEventId":"6tmnyodjkd8dj58","previousOperationId":"hrjif7zve6csqwt"}
{"type":"log","timestamp":1674751222580,"level":"debug","message":"Executing script testing (afterRender)","meta":{"rootId":"bozzkgftni00sju","id":"bozzkgftni00sju"},"id":"ixkkoksg8gd57el","previousOperationId":"hrjif7zve6csqwt"}
{"type":"operationStart","subtype":"scriptsAfterRender","name":"scripts afterRender","timestamp":1674751222588,"id":"rqihii8l1iaht2n","previousEventId":"k79nmi27uh6cipc","operationId":"zzphqqb40yl62er","previousOperationId":"hrjif7zve6csqwt"}
{"type":"operationStart","subtype":"script","name":"scripts testing","previousOperationId":"zzphqqb40yl62er","timestamp":1674751222588,"id":"s1pmq6hb92u3rar","previousEventId":"rqihii8l1iaht2n","operationId":"52troqbmxle5xh6"}
{"type":"operationEnd","operationId":"52troqbmxle5xh6","timestamp":1674751223621,"id":"00v7ija3c0eduxi","previousEventId":"k79nmi27uh6cipc","previousOperationId":"hrjif7zve6csqwt"}
{"type":"operationEnd","operationId":"zzphqqb40yl62er","timestamp":1674751223621,"id":"aajwgvs929hd05d","previousEventId":"00v7ija3c0eduxi","previousOperationId":"hrjif7zve6csqwt"}
{"type":"log","timestamp":1674751223621,"level":"debug","message":"Skipping storing report.","meta":{"rootId":"bozzkgftni00sju","id":"bozzkgftni00sju"},"id":"ll9nvn2kl6dw9ic","previousOperationId":"zzphqqb40yl62er"}
{"type":"log","timestamp":1674751223621,"level":"info","message":"Rendering request 4 finished in 2096 ms","meta":{"rootId":"bozzkgftni00sju","id":"bozzkgftni00sju"},"id":"lgd049f7ro3ur37","previousOperationId":"zzphqqb40yl62er"}
{"type":"operationEnd","subtype":"render","operationId":"nscq9rog3al4kk8","timestamp":1674751223621,"id":"wjcfco07n5879ip","previousEventId":"aajwgvs929hd05d","previousOperationId":"zzphqqb40yl62er"}
{"type":"operationEnd","doDiffs":false,"previousEventId":"bc12xcdyzv3cbcp","previousOperationId":"ks9rh1ntza3qfx9","operationId":"ks9rh1ntza3qfx9","timestamp":1674751223627,"id":"u08ny9ii3qza0it"}
