{"type":"operationStart","subtype":"profile","data":{"_id":"WiZgOvnDfUdR5sK1","timestamp":"2023-01-26T16:01:21.507Z","state":"queued","mode":"standard","creationDate":"2023-01-26T16:01:21.509Z","modificationDate":"2023-01-26T16:01:21.509Z","shortid":"hMlC6u0","$entitySet":"profiles"},"doDiffs":false,"timestamp":1674748881508,"id":"r6dj72w3uy8c6a4","previousOperationId":null,"operationId":"jhgo3mwt61efkyy"}
{"type":"log","level":"info","message":"Render request 47 queued for execution and waiting for available worker","previousOperationId":"jhgo3mwt61efkyy","timestamp":1674748881508,"id":"85ql3blwf3pij1a"}
{"type":"operationStart","subtype":"render","name":"Data","previousOperationId":"jhgo3mwt61efkyy","timestamp":1674748881517,"id":"kgjqqwtm7gjsnwx","previousEventId":"r6dj72w3uy8c6a4","operationId":"tnet05sxi05dc2r"}
{"type":"log","timestamp":1674748881517,"level":"info","message":"Starting rendering request 47","meta":{"rootId":"cdxhp8drex79rup","id":"cdxhp8drex79rup"},"id":"39uedgydqczh1h3","previousOperationId":"tnet05sxi05dc2r"}
{"type":"log","timestamp":1674748881518,"level":"info","message":"Rendering template { name: Data, recipe: chrome-pdf, engine: handlebars, preview: true }","meta":{"rootId":"cdxhp8drex79rup","id":"cdxhp8drex79rup"},"id":"x7tblpffrp5cmte","previousOperationId":"tnet05sxi05dc2r"}
{"type":"log","timestamp":1674748881518,"level":"debug","message":"Data item not defined for this template.","meta":{"rootId":"cdxhp8drex79rup","id":"cdxhp8drex79rup"},"id":"4y6rmtadbjj1msi","previousOperationId":"tnet05sxi05dc2r"}
{"type":"log","timestamp":1674748881522,"level":"debug","message":"Executing script testing (beforeRender)","meta":{"rootId":"cdxhp8drex79rup","id":"cdxhp8drex79rup"},"id":"iiu8djadz6tbidn","previousOperationId":"tnet05sxi05dc2r"}
{"type":"operationStart","subtype":"scriptsBeforeRender","name":"scripts beforeRender","timestamp":1674748881575,"id":"60lthy0pjw04pbv","previousEventId":"kgjqqwtm7gjsnwx","operationId":"k1ub8ws53d0nlbh","previousOperationId":"tnet05sxi05dc2r"}
{"type":"operationStart","subtype":"script","name":"scripts testing","previousOperationId":"k1ub8ws53d0nlbh","timestamp":1674748881575,"id":"4q9gokxa48edz1f","previousEventId":"60lthy0pjw04pbv","operationId":"mo7a5cbdbg6bft3"}
{"type":"log","timestamp":1674748881817,"level":"debug","message":"(console:log) { location_id: [ '58', '2', '59' ], repetition: [ '2', '3', '1' ] }","meta":{"userLevel":true,"rootId":"cdxhp8drex79rup","id":"cdxhp8drex79rup"},"id":"5bxmi7blw0k4x5y","previousOperationId":"mo7a5cbdbg6bft3"}
{"type":"operationEnd","operationId":"mo7a5cbdbg6bft3","timestamp":1674748882263,"id":"zjq4h3jtroio0t4","previousEventId":"kgjqqwtm7gjsnwx","previousOperationId":"tnet05sxi05dc2r"}
{"type":"operationEnd","operationId":"k1ub8ws53d0nlbh","timestamp":1674748882263,"id":"shk0fiqmqzaokcs","previousEventId":"zjq4h3jtroio0t4","previousOperationId":"tnet05sxi05dc2r"}
{"type":"log","timestamp":1674748882263,"level":"debug","message":"Base url not specified, skipping its injection.","meta":{"rootId":"cdxhp8drex79rup","id":"cdxhp8drex79rup"},"id":"4b0xkai0mr44i9w","previousOperationId":"k1ub8ws53d0nlbh"}
{"type":"operationStart","subtype":"engine","name":"handlebars","timestamp":1674748882263,"id":"amy48pjm1jgtwvq","previousEventId":"shk0fiqmqzaokcs","operationId":"2sddvjk9en8feke","previousOperationId":"k1ub8ws53d0nlbh"}
{"type":"log","timestamp":1674748882264,"level":"debug","message":"Rendering engine handlebars","meta":{"rootId":"cdxhp8drex79rup","id":"cdxhp8drex79rup"},"id":"1fv9hm3du0yqgpp","previousOperationId":"2sddvjk9en8feke"}
{"type":"operationEnd","operationId":"2sddvjk9en8feke","timestamp":1674748882276,"id":"4wwg6xuacat5b89","previousEventId":"amy48pjm1jgtwvq","previousOperationId":"2sddvjk9en8feke"}
{"type":"operationStart","subtype":"recipe","name":"chrome-pdf","timestamp":1674748882277,"id":"eboik0h2vh97ncg","previousEventId":"4wwg6xuacat5b89","operationId":"qni9f2x97l1wpjr","previousOperationId":"2sddvjk9en8feke"}
{"type":"log","timestamp":1674748882277,"level":"debug","message":"Executing recipe chrome-pdf","meta":{"rootId":"cdxhp8drex79rup","id":"cdxhp8drex79rup"},"id":"yu6o6elgsncra9c","previousOperationId":"qni9f2x97l1wpjr"}
{"type":"log","timestamp":1674748882280,"level":"debug","message":"Converting with chrome HeadlessChrome/105.0.5173.0 using chrome-pool strategy","meta":{"rootId":"cdxhp8drex79rup","id":"cdxhp8drex79rup"},"id":"6s68436l5dgw48x","previousOperationId":"qni9f2x97l1wpjr"}
{"type":"log","timestamp":1674748882360,"level":"debug","message":"Page request: GET (document) file:///C:/Users/Johan/AppData/Local/Temp/jsreport/autocleanup/cc4f365f-c1e2-496b-9a6a-b7782c9011d1-chrome-pdf.html","meta":{"rootId":"cdxhp8drex79rup","id":"cdxhp8drex79rup"},"id":"tej5e4rxujtove2","previousOperationId":"qni9f2x97l1wpjr"}
{"type":"log","timestamp":1674748882384,"level":"debug","message":"Page request: GET (stylesheet) https://cdnjs.cloudflare.com/ajax/libs/metro/4.1.5/css/metro.min.css","meta":{"rootId":"cdxhp8drex79rup","id":"cdxhp8drex79rup"},"id":"xet6v61q96yl100","previousOperationId":"qni9f2x97l1wpjr"}
{"type":"log","timestamp":1674748882384,"level":"debug","message":"Page request: GET (script) https://cdnjs.cloudflare.com/ajax/libs/Chart.js/2.7.2/Chart.min.js","meta":{"rootId":"cdxhp8drex79rup","id":"cdxhp8drex79rup"},"id":"478afkqz99zxtqt","previousOperationId":"qni9f2x97l1wpjr"}
{"type":"log","timestamp":1674748882384,"level":"debug","message":"Page request: GET (stylesheet) https://cdnjs.cloudflare.com/ajax/libs/chartist/0.11.0/chartist.min.css","meta":{"rootId":"cdxhp8drex79rup","id":"cdxhp8drex79rup"},"id":"w5iggngnlh6oery","previousOperationId":"qni9f2x97l1wpjr"}
{"type":"log","timestamp":1674748882385,"level":"debug","message":"Page request finished: GET (document) 200 file:///C:/Users/Johan/AppData/Local/Temp/jsreport/autocleanup/cc4f365f-c1e2-496b-9a6a-b7782c9011d1-chrome-pdf.html","meta":{"rootId":"cdxhp8drex79rup","id":"cdxhp8drex79rup"},"id":"bnfpign7gn77f1x","previousOperationId":"qni9f2x97l1wpjr"}
{"type":"log","timestamp":1674748882385,"level":"debug","message":"Page request: GET (script) https://cdnjs.cloudflare.com/ajax/libs/chartist/0.11.0/chartist.min.js","meta":{"rootId":"cdxhp8drex79rup","id":"cdxhp8drex79rup"},"id":"m1hgc09uigw7xjj","previousOperationId":"qni9f2x97l1wpjr"}
{"type":"log","timestamp":1674748882385,"level":"debug","message":"Page request: GET (script) https://unpkg.com/chartist-plugin-tooltips@0.0.17","meta":{"rootId":"cdxhp8drex79rup","id":"cdxhp8drex79rup"},"id":"yux0jbucbdomglz","previousOperationId":"qni9f2x97l1wpjr"}
{"type":"log","timestamp":1674748882386,"level":"debug","message":"Page request: GET (script) https://unpkg.com/chartist-plugin-pointlabels@0.0.6","meta":{"rootId":"cdxhp8drex79rup","id":"cdxhp8drex79rup"},"id":"s5wmgscp7pfxh2r","previousOperationId":"qni9f2x97l1wpjr"}
{"type":"log","timestamp":1674748882391,"level":"debug","message":"Page request finished: GET (stylesheet) 200 https://cdnjs.cloudflare.com/ajax/libs/chartist/0.11.0/chartist.min.css","meta":{"rootId":"cdxhp8drex79rup","id":"cdxhp8drex79rup"},"id":"dwqzgeehzuqe823","previousOperationId":"qni9f2x97l1wpjr"}
{"type":"log","timestamp":1674748882391,"level":"debug","message":"Page request finished: GET (script) 200 https://cdnjs.cloudflare.com/ajax/libs/Chart.js/2.7.2/Chart.min.js","meta":{"rootId":"cdxhp8drex79rup","id":"cdxhp8drex79rup"},"id":"53lmvl4b0l1gi0y","previousOperationId":"qni9f2x97l1wpjr"}
{"type":"log","timestamp":1674748882392,"level":"warn","message":"Page request failed: GET (script) 302 https://unpkg.com/chartist-plugin-tooltips@0.0.17 (redirect to: /chartist-plugin-tooltips@0.0.17/dist/chartist-plugin-tooltip.js)","meta":{"rootId":"cdxhp8drex79rup","id":"cdxhp8drex79rup"},"id":"d53nwgdnyh3w1m6","previousOperationId":"qni9f2x97l1wpjr"}
{"type":"log","timestamp":1674748882393,"level":"warn","message":"Page request failed: GET (script) 302 https://unpkg.com/chartist-plugin-pointlabels@0.0.6 (redirect to: /chartist-plugin-pointlabels@0.0.6/dist/chartist-plugin-pointlabels.js)","meta":{"rootId":"cdxhp8drex79rup","id":"cdxhp8drex79rup"},"id":"4ybz1tqeley33k5","previousOperationId":"qni9f2x97l1wpjr"}
{"type":"log","timestamp":1674748882393,"level":"debug","message":"Page request: GET (script) https://unpkg.com/chartist-plugin-tooltips@0.0.17/dist/chartist-plugin-tooltip.js (redirect from: https://unpkg.com/chartist-plugin-tooltips@0.0.17)","meta":{"rootId":"cdxhp8drex79rup","id":"cdxhp8drex79rup"},"id":"f5szjqacopl8u9w","previousOperationId":"qni9f2x97l1wpjr"}
{"type":"log","timestamp":1674748882393,"level":"debug","message":"Page request: GET (script) https://unpkg.com/chartist-plugin-pointlabels@0.0.6/dist/chartist-plugin-pointlabels.js (redirect from: https://unpkg.com/chartist-plugin-pointlabels@0.0.6)","meta":{"rootId":"cdxhp8drex79rup","id":"cdxhp8drex79rup"},"id":"u66jmndjbhqy6jc","previousOperationId":"qni9f2x97l1wpjr"}
{"type":"log","timestamp":1674748882393,"level":"debug","message":"Page request finished: GET (script) 200 https://cdnjs.cloudflare.com/ajax/libs/chartist/0.11.0/chartist.min.js","meta":{"rootId":"cdxhp8drex79rup","id":"cdxhp8drex79rup"},"id":"hzu7f90vrs18im7","previousOperationId":"qni9f2x97l1wpjr"}
{"type":"log","timestamp":1674748882408,"level":"debug","message":"Page request finished: GET (stylesheet) 200 https://cdnjs.cloudflare.com/ajax/libs/metro/4.1.5/css/metro.min.css","meta":{"rootId":"cdxhp8drex79rup","id":"cdxhp8drex79rup"},"id":"3cm6pss1jktzlor","previousOperationId":"qni9f2x97l1wpjr"}
{"type":"log","timestamp":1674748882413,"level":"debug","message":"Page request finished: GET (script) 200 https://unpkg.com/chartist-plugin-tooltips@0.0.17/dist/chartist-plugin-tooltip.js","meta":{"rootId":"cdxhp8drex79rup","id":"cdxhp8drex79rup"},"id":"xbvm8ubbg5sg1nz","previousOperationId":"qni9f2x97l1wpjr"}
{"type":"log","timestamp":1674748882414,"level":"debug","message":"Page request finished: GET (script) 200 https://unpkg.com/chartist-plugin-pointlabels@0.0.6/dist/chartist-plugin-pointlabels.js","meta":{"rootId":"cdxhp8drex79rup","id":"cdxhp8drex79rup"},"id":"zf72jtib7tz07rp","previousOperationId":"qni9f2x97l1wpjr"}
{"type":"log","timestamp":1674748882416,"level":"debug","message":"(console:log) Me he venido","meta":{"userLevel":true,"rootId":"cdxhp8drex79rup","id":"cdxhp8drex79rup"},"id":"4i42ki2f0gs4rt0","previousOperationId":"qni9f2x97l1wpjr"}
{"type":"log","timestamp":1674748882455,"level":"warn","message":"Page error: TypeError: b.normalized.series[e].forEach is not a function\n    at f.<anonymous> (https://cdnjs.cloudflare.com/ajax/libs/chartist/0.11.0/chartist.min.js:9:2056)\n    at Array.forEach (<anonymous>)\n    at f.d [as createChart] (https://cdnjs.cloudflare.com/ajax/libs/chartist/0.11.0/chartist.min.js:9:1626)\n    at f.h (https://cdnjs.cloudflare.com/ajax/libs/chartist/0.11.0/chartist.min.js:8:15161)","meta":{"rootId":"cdxhp8drex79rup","id":"cdxhp8drex79rup"},"id":"418k0qanauwpsmj","previousOperationId":"qni9f2x97l1wpjr"}
{"type":"log","timestamp":1674748882468,"level":"debug","message":"Running chrome with params {\"printBackground\":true,\"timeout\":59229,\"margin\":{}}","meta":{"rootId":"cdxhp8drex79rup","id":"cdxhp8drex79rup"},"id":"wv9lonrkgsz1bsv","previousOperationId":"qni9f2x97l1wpjr"}
{"type":"operationEnd","operationId":"qni9f2x97l1wpjr","timestamp":1674748882602,"id":"t82fiesakkfj15o","previousEventId":"eboik0h2vh97ncg","previousOperationId":"qni9f2x97l1wpjr"}
{"type":"log","timestamp":1674748882602,"level":"debug","message":"Executing script testing (afterRender)","meta":{"rootId":"cdxhp8drex79rup","id":"cdxhp8drex79rup"},"id":"avu8lq5pvvklgvp","previousOperationId":"qni9f2x97l1wpjr"}
{"type":"operationStart","subtype":"scriptsAfterRender","name":"scripts afterRender","timestamp":1674748882610,"id":"if7d0sgyblt0squ","previousEventId":"t82fiesakkfj15o","operationId":"d4vbo2139fmmt6h","previousOperationId":"qni9f2x97l1wpjr"}
{"type":"operationStart","subtype":"script","name":"scripts testing","previousOperationId":"d4vbo2139fmmt6h","timestamp":1674748882610,"id":"9n8bibhxf8y154y","previousEventId":"if7d0sgyblt0squ","operationId":"fxsh3nwmosbuu7l"}
{"type":"operationEnd","operationId":"fxsh3nwmosbuu7l","timestamp":1674748883824,"id":"rtwjm3jpxievx6p","previousEventId":"t82fiesakkfj15o","previousOperationId":"qni9f2x97l1wpjr"}
{"type":"operationEnd","operationId":"d4vbo2139fmmt6h","timestamp":1674748883824,"id":"yzt9s2a7swfmdpc","previousEventId":"rtwjm3jpxievx6p","previousOperationId":"qni9f2x97l1wpjr"}
{"type":"log","timestamp":1674748883824,"level":"debug","message":"Skipping storing report.","meta":{"rootId":"cdxhp8drex79rup","id":"cdxhp8drex79rup"},"id":"4sccimq29xpxiov","previousOperationId":"d4vbo2139fmmt6h"}
{"type":"log","timestamp":1674748883824,"level":"info","message":"Rendering request 47 finished in 2317 ms","meta":{"rootId":"cdxhp8drex79rup","id":"cdxhp8drex79rup"},"id":"0ey98z5yxwyedhz","previousOperationId":"d4vbo2139fmmt6h"}
{"type":"operationEnd","subtype":"render","operationId":"tnet05sxi05dc2r","timestamp":1674748883824,"id":"teywasqkxklj7h1","previousEventId":"yzt9s2a7swfmdpc","previousOperationId":"d4vbo2139fmmt6h"}
{"type":"operationEnd","doDiffs":false,"previousEventId":"r6dj72w3uy8c6a4","previousOperationId":"jhgo3mwt61efkyy","operationId":"jhgo3mwt61efkyy","timestamp":1674748883827,"id":"v9ygzyketwdz8ln"}
