{"type":"operationStart","subtype":"profile","data":{"_id":"XlmQEp2uO5HnR2YU","timestamp":"2023-01-26T17:03:46.488Z","state":"queued","mode":"standard","creationDate":"2023-01-26T17:03:46.491Z","modificationDate":"2023-01-26T17:03:46.491Z","shortid":"NWbrcX4","$entitySet":"profiles"},"doDiffs":false,"timestamp":1674752626489,"id":"molyqkdgogichp1","previousOperationId":null,"operationId":"jkokom4ef13ar6x"}
{"type":"log","level":"info","message":"Render request 7 queued for execution and waiting for available worker","previousOperationId":"jkokom4ef13ar6x","timestamp":1674752626489,"id":"d9b6t23okdxktip"}
{"type":"operationStart","subtype":"render","name":"Data","previousOperationId":"jkokom4ef13ar6x","timestamp":1674752626507,"id":"0lur9gfplyrwcwl","previousEventId":"molyqkdgogichp1","operationId":"f6hxq6imznfnmz1"}
{"type":"log","timestamp":1674752626507,"level":"info","message":"Starting rendering request 7","meta":{"rootId":"cq78x90egn1oh7q","id":"cq78x90egn1oh7q"},"id":"lsifv0qnld7u3dc","previousOperationId":"f6hxq6imznfnmz1"}
{"type":"log","timestamp":1674752626507,"level":"info","message":"Rendering template { name: Data, recipe: chrome-pdf, engine: handlebars, preview: true }","meta":{"rootId":"cq78x90egn1oh7q","id":"cq78x90egn1oh7q"},"id":"bnopgdxe50whuyu","previousOperationId":"f6hxq6imznfnmz1"}
{"type":"log","timestamp":1674752626508,"level":"debug","message":"Data item not defined for this template.","meta":{"rootId":"cq78x90egn1oh7q","id":"cq78x90egn1oh7q"},"id":"gi1wzmv19mxhtif","previousOperationId":"f6hxq6imznfnmz1"}
{"type":"log","timestamp":1674752626513,"level":"debug","message":"Executing script testing (beforeRender)","meta":{"rootId":"cq78x90egn1oh7q","id":"cq78x90egn1oh7q"},"id":"m4myyvcsz6gj4ck","previousOperationId":"f6hxq6imznfnmz1"}
{"type":"operationStart","subtype":"scriptsBeforeRender","name":"scripts beforeRender","timestamp":1674752626564,"id":"owtjhdufxnqyj4i","previousEventId":"0lur9gfplyrwcwl","operationId":"psjwv65g14w5rv2","previousOperationId":"f6hxq6imznfnmz1"}
{"type":"operationStart","subtype":"script","name":"scripts testing","previousOperationId":"psjwv65g14w5rv2","timestamp":1674752626564,"id":"ldcc02mw86gyrma","previousEventId":"owtjhdufxnqyj4i","operationId":"yq0lvsl44qdpqz7"}
{"type":"log","timestamp":1674752626804,"level":"debug","message":"(console:log) {\n  locationName: [ 'Las Palmas de Gran Canaria', 'Galdar', 'Teror' ],\n  repetition: [ '2', '1', '3' ]\n}","meta":{"userLevel":true,"rootId":"cq78x90egn1oh7q","id":"cq78x90egn1oh7q"},"id":"wv7ufu75z7ivuqb","previousOperationId":"yq0lvsl44qdpqz7"}
{"type":"log","timestamp":1674752626804,"level":"debug","message":"(console:log) [ 'Las Palmas de Gran Canaria', 'Galdar', 'Teror' ]","meta":{"userLevel":true,"rootId":"cq78x90egn1oh7q","id":"cq78x90egn1oh7q"},"id":"atiuuuc84tzhe32","previousOperationId":"yq0lvsl44qdpqz7"}
{"type":"log","timestamp":1674752626804,"level":"debug","message":"(console:log) [ '2', '1', '3' ]","meta":{"userLevel":true,"rootId":"cq78x90egn1oh7q","id":"cq78x90egn1oh7q"},"id":"1jdd35pae7gft6k","previousOperationId":"yq0lvsl44qdpqz7"}
{"type":"operationEnd","operationId":"yq0lvsl44qdpqz7","timestamp":1674752627191,"id":"vxk08tfp0emsrsx","previousEventId":"0lur9gfplyrwcwl","previousOperationId":"f6hxq6imznfnmz1"}
{"type":"operationEnd","operationId":"psjwv65g14w5rv2","timestamp":1674752627191,"id":"n52fs4ogyrvx0v6","previousEventId":"vxk08tfp0emsrsx","previousOperationId":"f6hxq6imznfnmz1"}
{"type":"log","timestamp":1674752627191,"level":"debug","message":"Base url not specified, skipping its injection.","meta":{"rootId":"cq78x90egn1oh7q","id":"cq78x90egn1oh7q"},"id":"wgqefewtys17pcj","previousOperationId":"psjwv65g14w5rv2"}
{"type":"operationStart","subtype":"engine","name":"handlebars","timestamp":1674752627191,"id":"ihxau1u8got4kov","previousEventId":"n52fs4ogyrvx0v6","operationId":"pchnp69qo7i4fqq","previousOperationId":"psjwv65g14w5rv2"}
{"type":"log","timestamp":1674752627191,"level":"debug","message":"Rendering engine handlebars","meta":{"rootId":"cq78x90egn1oh7q","id":"cq78x90egn1oh7q"},"id":"r6i5xa2z68yts33","previousOperationId":"pchnp69qo7i4fqq"}
{"type":"operationEnd","operationId":"pchnp69qo7i4fqq","timestamp":1674752627206,"id":"6yo154fzjsv6p8d","previousEventId":"ihxau1u8got4kov","previousOperationId":"pchnp69qo7i4fqq"}
{"type":"operationStart","subtype":"recipe","name":"chrome-pdf","timestamp":1674752627207,"id":"ry3cnx8ty6lepmu","previousEventId":"6yo154fzjsv6p8d","operationId":"h32mr0oq2fhkzuz","previousOperationId":"pchnp69qo7i4fqq"}
{"type":"log","timestamp":1674752627207,"level":"debug","message":"Executing recipe chrome-pdf","meta":{"rootId":"cq78x90egn1oh7q","id":"cq78x90egn1oh7q"},"id":"g2mjs3ph5ih7z34","previousOperationId":"h32mr0oq2fhkzuz"}
{"type":"log","timestamp":1674752627210,"level":"debug","message":"Converting with chrome HeadlessChrome/105.0.5173.0 using chrome-pool strategy","meta":{"rootId":"cq78x90egn1oh7q","id":"cq78x90egn1oh7q"},"id":"o0ej05xs2og56bb","previousOperationId":"h32mr0oq2fhkzuz"}
{"type":"log","timestamp":1674752627295,"level":"debug","message":"Page request: GET (document) file:///C:/Users/Johan/AppData/Local/Temp/jsreport/autocleanup/c2866440-b74b-4139-a080-4b44dbe51856-chrome-pdf.html","meta":{"rootId":"cq78x90egn1oh7q","id":"cq78x90egn1oh7q"},"id":"pjcsng1e2evktc6","previousOperationId":"h32mr0oq2fhkzuz"}
{"type":"log","timestamp":1674752627321,"level":"debug","message":"Page request: GET (stylesheet) https://cdnjs.cloudflare.com/ajax/libs/metro/4.1.5/css/metro.min.css","meta":{"rootId":"cq78x90egn1oh7q","id":"cq78x90egn1oh7q"},"id":"uc7yuodiwirvyzq","previousOperationId":"h32mr0oq2fhkzuz"}
{"type":"log","timestamp":1674752627322,"level":"debug","message":"Page request: GET (stylesheet) https://cdnjs.cloudflare.com/ajax/libs/chartist/0.11.0/chartist.min.css","meta":{"rootId":"cq78x90egn1oh7q","id":"cq78x90egn1oh7q"},"id":"p6505k5kcxeu2zc","previousOperationId":"h32mr0oq2fhkzuz"}
{"type":"log","timestamp":1674752627323,"level":"debug","message":"Page request finished: GET (document) 200 file:///C:/Users/Johan/AppData/Local/Temp/jsreport/autocleanup/c2866440-b74b-4139-a080-4b44dbe51856-chrome-pdf.html","meta":{"rootId":"cq78x90egn1oh7q","id":"cq78x90egn1oh7q"},"id":"b5e1sm9cx3bqa1x","previousOperationId":"h32mr0oq2fhkzuz"}
{"type":"log","timestamp":1674752627323,"level":"debug","message":"Page request: GET (script) https://cdnjs.cloudflare.com/ajax/libs/chartist/0.11.0/chartist.min.js","meta":{"rootId":"cq78x90egn1oh7q","id":"cq78x90egn1oh7q"},"id":"urw63veiof287fn","previousOperationId":"h32mr0oq2fhkzuz"}
{"type":"log","timestamp":1674752627323,"level":"debug","message":"Page request: GET (script) https://unpkg.com/chartist-plugin-tooltips@0.0.17","meta":{"rootId":"cq78x90egn1oh7q","id":"cq78x90egn1oh7q"},"id":"rkwbw6x19ernbo2","previousOperationId":"h32mr0oq2fhkzuz"}
{"type":"log","timestamp":1674752627323,"level":"debug","message":"Page request: GET (script) https://unpkg.com/chartist-plugin-pointlabels@0.0.6","meta":{"rootId":"cq78x90egn1oh7q","id":"cq78x90egn1oh7q"},"id":"vhweys1c9chw4ts","previousOperationId":"h32mr0oq2fhkzuz"}
{"type":"log","timestamp":1674752627328,"level":"debug","message":"Page request finished: GET (stylesheet) 200 https://cdnjs.cloudflare.com/ajax/libs/chartist/0.11.0/chartist.min.css","meta":{"rootId":"cq78x90egn1oh7q","id":"cq78x90egn1oh7q"},"id":"5jh1zn4gdrpdvm2","previousOperationId":"h32mr0oq2fhkzuz"}
{"type":"log","timestamp":1674752627328,"level":"warn","message":"Page request failed: GET (script) 302 https://unpkg.com/chartist-plugin-tooltips@0.0.17 (redirect to: /chartist-plugin-tooltips@0.0.17/dist/chartist-plugin-tooltip.js)","meta":{"rootId":"cq78x90egn1oh7q","id":"cq78x90egn1oh7q"},"id":"eqz9bh2ssf7s95v","previousOperationId":"h32mr0oq2fhkzuz"}
{"type":"log","timestamp":1674752627329,"level":"debug","message":"Page request: GET (script) https://unpkg.com/chartist-plugin-tooltips@0.0.17/dist/chartist-plugin-tooltip.js (redirect from: https://unpkg.com/chartist-plugin-tooltips@0.0.17)","meta":{"rootId":"cq78x90egn1oh7q","id":"cq78x90egn1oh7q"},"id":"aylsg34de7588vm","previousOperationId":"h32mr0oq2fhkzuz"}
{"type":"log","timestamp":1674752627329,"level":"warn","message":"Page request failed: GET (script) 302 https://unpkg.com/chartist-plugin-pointlabels@0.0.6 (redirect to: /chartist-plugin-pointlabels@0.0.6/dist/chartist-plugin-pointlabels.js)","meta":{"rootId":"cq78x90egn1oh7q","id":"cq78x90egn1oh7q"},"id":"6n18rt7hdzmfa9d","previousOperationId":"h32mr0oq2fhkzuz"}
{"type":"log","timestamp":1674752627329,"level":"debug","message":"Page request finished: GET (script) 200 https://cdnjs.cloudflare.com/ajax/libs/chartist/0.11.0/chartist.min.js","meta":{"rootId":"cq78x90egn1oh7q","id":"cq78x90egn1oh7q"},"id":"snxajsdpuacaq8o","previousOperationId":"h32mr0oq2fhkzuz"}
{"type":"log","timestamp":1674752627329,"level":"debug","message":"Page request: GET (script) https://unpkg.com/chartist-plugin-pointlabels@0.0.6/dist/chartist-plugin-pointlabels.js (redirect from: https://unpkg.com/chartist-plugin-pointlabels@0.0.6)","meta":{"rootId":"cq78x90egn1oh7q","id":"cq78x90egn1oh7q"},"id":"b3xiz9xvxdoj0wr","previousOperationId":"h32mr0oq2fhkzuz"}
{"type":"log","timestamp":1674752627346,"level":"debug","message":"Page request finished: GET (stylesheet) 200 https://cdnjs.cloudflare.com/ajax/libs/metro/4.1.5/css/metro.min.css","meta":{"rootId":"cq78x90egn1oh7q","id":"cq78x90egn1oh7q"},"id":"qvld4jiu4woy0a4","previousOperationId":"h32mr0oq2fhkzuz"}
{"type":"log","timestamp":1674752627348,"level":"debug","message":"Page request finished: GET (script) 200 https://unpkg.com/chartist-plugin-tooltips@0.0.17/dist/chartist-plugin-tooltip.js","meta":{"rootId":"cq78x90egn1oh7q","id":"cq78x90egn1oh7q"},"id":"wx9dpcvjjltxzv7","previousOperationId":"h32mr0oq2fhkzuz"}
{"type":"log","timestamp":1674752627348,"level":"debug","message":"Page request finished: GET (script) 200 https://unpkg.com/chartist-plugin-pointlabels@0.0.6/dist/chartist-plugin-pointlabels.js","meta":{"rootId":"cq78x90egn1oh7q","id":"cq78x90egn1oh7q"},"id":"ym9uqr900looji7","previousOperationId":"h32mr0oq2fhkzuz"}
{"type":"log","timestamp":1674752627350,"level":"debug","message":"(console:log) Me he venido","meta":{"userLevel":true,"rootId":"cq78x90egn1oh7q","id":"cq78x90egn1oh7q"},"id":"tllucps17xjps6w","previousOperationId":"h32mr0oq2fhkzuz"}
{"type":"log","timestamp":1674752627351,"level":"debug","message":"(console:log) JSHandle@array","meta":{"userLevel":true,"rootId":"cq78x90egn1oh7q","id":"cq78x90egn1oh7q"},"id":"xp6y16jfv7sglol","previousOperationId":"h32mr0oq2fhkzuz"}
{"type":"log","timestamp":1674752627351,"level":"debug","message":"(console:log) JSHandle@array","meta":{"userLevel":true,"rootId":"cq78x90egn1oh7q","id":"cq78x90egn1oh7q"},"id":"8zt3565e71y3qqk","previousOperationId":"h32mr0oq2fhkzuz"}
{"type":"log","timestamp":1674752627400,"level":"debug","message":"Running chrome with params {\"printBackground\":true,\"timeout\":59279,\"margin\":{}}","meta":{"rootId":"cq78x90egn1oh7q","id":"cq78x90egn1oh7q"},"id":"netkvqgvuauu55c","previousOperationId":"h32mr0oq2fhkzuz"}
{"type":"operationEnd","operationId":"h32mr0oq2fhkzuz","timestamp":1674752627535,"id":"o2sqez0ea1dhu71","previousEventId":"ry3cnx8ty6lepmu","previousOperationId":"h32mr0oq2fhkzuz"}
{"type":"log","timestamp":1674752627535,"level":"debug","message":"Executing script testing (afterRender)","meta":{"rootId":"cq78x90egn1oh7q","id":"cq78x90egn1oh7q"},"id":"rfoc9s2yezi06ni","previousOperationId":"h32mr0oq2fhkzuz"}
{"type":"operationStart","subtype":"scriptsAfterRender","name":"scripts afterRender","timestamp":1674752627544,"id":"3ony9tkhde3652t","previousEventId":"o2sqez0ea1dhu71","operationId":"8mqdtyk18733odv","previousOperationId":"h32mr0oq2fhkzuz"}
{"type":"operationStart","subtype":"script","name":"scripts testing","previousOperationId":"8mqdtyk18733odv","timestamp":1674752627544,"id":"5g6ecq38btvigy3","previousEventId":"3ony9tkhde3652t","operationId":"ubqqg7bjpi4bbw3"}
{"type":"operationEnd","operationId":"ubqqg7bjpi4bbw3","timestamp":1674752628597,"id":"lr3oek9g1tw32g9","previousEventId":"o2sqez0ea1dhu71","previousOperationId":"h32mr0oq2fhkzuz"}
{"type":"operationEnd","operationId":"8mqdtyk18733odv","timestamp":1674752628597,"id":"okg666iu6dhe0ks","previousEventId":"lr3oek9g1tw32g9","previousOperationId":"h32mr0oq2fhkzuz"}
{"type":"log","timestamp":1674752628597,"level":"debug","message":"Skipping storing report.","meta":{"rootId":"cq78x90egn1oh7q","id":"cq78x90egn1oh7q"},"id":"ft85ae7oz35k1q7","previousOperationId":"8mqdtyk18733odv"}
{"type":"log","timestamp":1674752628597,"level":"info","message":"Rendering request 7 finished in 2109 ms","meta":{"rootId":"cq78x90egn1oh7q","id":"cq78x90egn1oh7q"},"id":"uk8eegzmgyux8k8","previousOperationId":"8mqdtyk18733odv"}
{"type":"operationEnd","subtype":"render","operationId":"f6hxq6imznfnmz1","timestamp":1674752628597,"id":"hy2b2yf6xhgu9fu","previousEventId":"okg666iu6dhe0ks","previousOperationId":"8mqdtyk18733odv"}
{"type":"operationEnd","doDiffs":false,"previousEventId":"molyqkdgogichp1","previousOperationId":"jkokom4ef13ar6x","operationId":"jkokom4ef13ar6x","timestamp":1674752628601,"id":"n7euw54d2tc7a8d"}
