{"type":"operationStart","subtype":"profile","data":{"_id":"u75DEuuSoLFC6vtY","timestamp":"2023-01-26T11:31:33.218Z","state":"queued","mode":"standard","creationDate":"2023-01-26T11:31:33.221Z","modificationDate":"2023-01-26T11:31:33.221Z","shortid":"9DpwKXy","$entitySet":"profiles"},"doDiffs":false,"timestamp":1674732693220,"id":"x6mkzmqh0hci7bb","previousOperationId":null,"operationId":"4ezs9n8be6zzguk"}
{"type":"log","level":"info","message":"Render request 21 queued for execution and waiting for available worker","previousOperationId":"4ezs9n8be6zzguk","timestamp":1674732693221,"id":"dn43rbytx96mqvk"}
{"type":"operationStart","subtype":"render","name":"Data","previousOperationId":"4ezs9n8be6zzguk","timestamp":1674732693231,"id":"faq456c42vfw6lu","previousEventId":"x6mkzmqh0hci7bb","operationId":"zgdq7fjlg5m895m"}
{"type":"log","timestamp":1674732693231,"level":"info","message":"Starting rendering request 21","meta":{"rootId":"cqqcfe00rdvikis","id":"cqqcfe00rdvikis"},"id":"aci6u6tgm7vfrbf","previousOperationId":"zgdq7fjlg5m895m"}
{"type":"log","timestamp":1674732693231,"level":"info","message":"Rendering template { name: Data, recipe: chrome-pdf, engine: handlebars, preview: true }","meta":{"rootId":"cqqcfe00rdvikis","id":"cqqcfe00rdvikis"},"id":"y5kzatwt051vpbk","previousOperationId":"zgdq7fjlg5m895m"}
{"type":"log","timestamp":1674732693232,"level":"debug","message":"Data item not defined for this template.","meta":{"rootId":"cqqcfe00rdvikis","id":"cqqcfe00rdvikis"},"id":"33ud89lar1go7uu","previousOperationId":"zgdq7fjlg5m895m"}
{"type":"log","timestamp":1674732693235,"level":"debug","message":"Executing script testing (beforeRender)","meta":{"rootId":"cqqcfe00rdvikis","id":"cqqcfe00rdvikis"},"id":"1404wz5jmyqawzu","previousOperationId":"zgdq7fjlg5m895m"}
{"type":"operationStart","subtype":"scriptsBeforeRender","name":"scripts beforeRender","timestamp":1674732693331,"id":"detqfpthgye22m0","previousEventId":"faq456c42vfw6lu","operationId":"kg0isujk48y4pwi","previousOperationId":"zgdq7fjlg5m895m"}
{"type":"operationStart","subtype":"script","name":"scripts testing","previousOperationId":"kg0isujk48y4pwi","timestamp":1674732693331,"id":"s0cccxcvvjzvv0f","previousEventId":"detqfpthgye22m0","operationId":"md9j2wev7ube0yu"}
{"type":"log","timestamp":1674732693765,"level":"debug","message":"(console:log) {\n  events: {\n    id: 54,\n    title: 'Festival Cine Gáldar',\n    description: 'Este año tenemos el placer de anunciar el Festival de cine de Gáldar un año más donde podremos ver cine de todos los géneros y tipos...',\n    date: '2022-11-02',\n    starting_hour: '15:00',\n    finished_hour: '21:00',\n    url: 'https://ficgaldar.es',\n    created_at: '2022-12-16T20:21:57.613Z',\n    updated_at: '2022-12-16T20:33:25.999Z',\n    location_id: 59,\n    event_type_id: 42,\n    image: 'http://localhost:3000/rails/active_storage/blobs/redirect/eyJfcmFpbHMiOnsibWVzc2FnZSI6IkJBaHBidz09IiwiZXhwIjpudWxsLCJwdXIiOiJibG9iX2lkIn19--4d03c0a42072b5f7f6a32f42e165676d2dde3b17/af-FIC-cartel-MEDIOS-1320x1848.png'\n  },\n  location_id: [ '58', '2', '59' ],\n  repetition: [ '1', '3', '1' ]\n}","meta":{"userLevel":true,"rootId":"cqqcfe00rdvikis","id":"cqqcfe00rdvikis"},"id":"w73qebg0yts3kfl","previousOperationId":"md9j2wev7ube0yu"}
{"type":"operationEnd","operationId":"md9j2wev7ube0yu","timestamp":1674732694313,"id":"z57mchin80subaq","previousEventId":"faq456c42vfw6lu","previousOperationId":"zgdq7fjlg5m895m"}
{"type":"operationEnd","operationId":"kg0isujk48y4pwi","timestamp":1674732694313,"id":"z4fj1tjv6c1q3ja","previousEventId":"z57mchin80subaq","previousOperationId":"zgdq7fjlg5m895m"}
{"type":"log","timestamp":1674732694313,"level":"debug","message":"Base url not specified, skipping its injection.","meta":{"rootId":"cqqcfe00rdvikis","id":"cqqcfe00rdvikis"},"id":"p1mp0wpn2dts6av","previousOperationId":"kg0isujk48y4pwi"}
{"type":"operationStart","subtype":"engine","name":"handlebars","timestamp":1674732694314,"id":"rwnei9dlp44hpqs","previousEventId":"z4fj1tjv6c1q3ja","operationId":"b5ftde37o3w5xg0","previousOperationId":"kg0isujk48y4pwi"}
{"type":"log","timestamp":1674732694314,"level":"debug","message":"Rendering engine handlebars","meta":{"rootId":"cqqcfe00rdvikis","id":"cqqcfe00rdvikis"},"id":"x5ti6xfopx3bzbs","previousOperationId":"b5ftde37o3w5xg0"}
{"type":"operationEnd","operationId":"b5ftde37o3w5xg0","timestamp":1674732694327,"id":"pubvk78t12ik29n","previousEventId":"rwnei9dlp44hpqs","previousOperationId":"b5ftde37o3w5xg0"}
{"type":"operationStart","subtype":"recipe","name":"chrome-pdf","timestamp":1674732694328,"id":"81m0fwhe272vh81","previousEventId":"pubvk78t12ik29n","operationId":"7hqwa1h37k1p3i1","previousOperationId":"b5ftde37o3w5xg0"}
{"type":"log","timestamp":1674732694328,"level":"debug","message":"Executing recipe chrome-pdf","meta":{"rootId":"cqqcfe00rdvikis","id":"cqqcfe00rdvikis"},"id":"c9pi9ng4g77ny7l","previousOperationId":"7hqwa1h37k1p3i1"}
{"type":"log","timestamp":1674732694335,"level":"debug","message":"Converting with chrome HeadlessChrome/105.0.5173.0 using chrome-pool strategy","meta":{"rootId":"cqqcfe00rdvikis","id":"cqqcfe00rdvikis"},"id":"39kjgucp2p4bj2s","previousOperationId":"7hqwa1h37k1p3i1"}
{"type":"log","timestamp":1674732694466,"level":"debug","message":"Page request: GET (document) file:///C:/Users/Johan/AppData/Local/Temp/jsreport/autocleanup/ef014dd8-769c-4455-b488-5147e600aae5-chrome-pdf.html","meta":{"rootId":"cqqcfe00rdvikis","id":"cqqcfe00rdvikis"},"id":"lqjw9pald74zdjt","previousOperationId":"7hqwa1h37k1p3i1"}
{"type":"log","timestamp":1674732694501,"level":"debug","message":"Page request finished: GET (document) 200 file:///C:/Users/Johan/AppData/Local/Temp/jsreport/autocleanup/ef014dd8-769c-4455-b488-5147e600aae5-chrome-pdf.html","meta":{"rootId":"cqqcfe00rdvikis","id":"cqqcfe00rdvikis"},"id":"8ektq8z2blqvqtz","previousOperationId":"7hqwa1h37k1p3i1"}
{"type":"log","timestamp":1674732694501,"level":"debug","message":"Page request: GET (stylesheet) https://cdnjs.cloudflare.com/ajax/libs/metro/4.1.5/css/metro.min.css","meta":{"rootId":"cqqcfe00rdvikis","id":"cqqcfe00rdvikis"},"id":"o4tv1wdew0pgurl","previousOperationId":"7hqwa1h37k1p3i1"}
{"type":"log","timestamp":1674732694501,"level":"debug","message":"Page request: GET (script) https://cdnjs.cloudflare.com/ajax/libs/Chart.js/2.7.2/Chart.min.js","meta":{"rootId":"cqqcfe00rdvikis","id":"cqqcfe00rdvikis"},"id":"i887ni4qvzu0a8g","previousOperationId":"7hqwa1h37k1p3i1"}
{"type":"log","timestamp":1674732694501,"level":"debug","message":"Page request: GET (stylesheet) https://cdnjs.cloudflare.com/ajax/libs/chartist/0.11.0/chartist.min.css","meta":{"rootId":"cqqcfe00rdvikis","id":"cqqcfe00rdvikis"},"id":"8t8gtyj7kstisff","previousOperationId":"7hqwa1h37k1p3i1"}
{"type":"log","timestamp":1674732694501,"level":"debug","message":"Page request: GET (script) https://cdnjs.cloudflare.com/ajax/libs/chartist/0.11.0/chartist.min.js","meta":{"rootId":"cqqcfe00rdvikis","id":"cqqcfe00rdvikis"},"id":"xi9ypo48hw1q2wj","previousOperationId":"7hqwa1h37k1p3i1"}
{"type":"log","timestamp":1674732694502,"level":"debug","message":"Page request: GET (script) https://unpkg.com/chartist-plugin-tooltips@0.0.17","meta":{"rootId":"cqqcfe00rdvikis","id":"cqqcfe00rdvikis"},"id":"95iy531qg083czt","previousOperationId":"7hqwa1h37k1p3i1"}
{"type":"log","timestamp":1674732694502,"level":"debug","message":"Page request: GET (script) https://unpkg.com/chartist-plugin-pointlabels@0.0.6","meta":{"rootId":"cqqcfe00rdvikis","id":"cqqcfe00rdvikis"},"id":"b8ht8r7oxqitciz","previousOperationId":"7hqwa1h37k1p3i1"}
{"type":"log","timestamp":1674732694502,"level":"debug","message":"Page request: GET (script) http://code.jquery.com/jquery-1.11.0.min.js","meta":{"rootId":"cqqcfe00rdvikis","id":"cqqcfe00rdvikis"},"id":"dtzknx8vsgpm84h","previousOperationId":"7hqwa1h37k1p3i1"}
{"type":"log","timestamp":1674732694502,"level":"debug","message":"Page request: GET (script) http://cdnjs.cloudflare.com/ajax/libs/flot/0.8.1/jquery.flot.min.js","meta":{"rootId":"cqqcfe00rdvikis","id":"cqqcfe00rdvikis"},"id":"9ogiijxgd0qrsf8","previousOperationId":"7hqwa1h37k1p3i1"}
{"type":"log","timestamp":1674732694503,"level":"debug","message":"Page request: GET (script) https://cdn.jsdelivr.net/npm/chart.js@2.9.3/dist/Chart.min.js","meta":{"rootId":"cqqcfe00rdvikis","id":"cqqcfe00rdvikis"},"id":"djn9axacrxkhgh4","previousOperationId":"7hqwa1h37k1p3i1"}
{"type":"log","timestamp":1674732694511,"level":"warn","message":"Page request failed: GET (script) 307 http://cdnjs.cloudflare.com/ajax/libs/flot/0.8.1/jquery.flot.min.js (redirect to: https://cdnjs.cloudflare.com/ajax/libs/flot/0.8.1/jquery.flot.min.js)","meta":{"rootId":"cqqcfe00rdvikis","id":"cqqcfe00rdvikis"},"id":"uyxr73l7g8u77pd","previousOperationId":"7hqwa1h37k1p3i1"}
{"type":"log","timestamp":1674732694512,"level":"debug","message":"Page request: GET (script) https://cdnjs.cloudflare.com/ajax/libs/flot/0.8.1/jquery.flot.min.js (redirect from: http://cdnjs.cloudflare.com/ajax/libs/flot/0.8.1/jquery.flot.min.js)","meta":{"rootId":"cqqcfe00rdvikis","id":"cqqcfe00rdvikis"},"id":"d5zk41nkotbfrj4","previousOperationId":"7hqwa1h37k1p3i1"}
{"type":"log","timestamp":1674732694515,"level":"debug","message":"Page request finished: GET (stylesheet) 200 https://cdnjs.cloudflare.com/ajax/libs/chartist/0.11.0/chartist.min.css","meta":{"rootId":"cqqcfe00rdvikis","id":"cqqcfe00rdvikis"},"id":"w2fwtkck7k4o9w4","previousOperationId":"7hqwa1h37k1p3i1"}
{"type":"log","timestamp":1674732694516,"level":"warn","message":"Page request failed: GET (script) 302 https://unpkg.com/chartist-plugin-tooltips@0.0.17 (redirect to: /chartist-plugin-tooltips@0.0.17/dist/chartist-plugin-tooltip.js)","meta":{"rootId":"cqqcfe00rdvikis","id":"cqqcfe00rdvikis"},"id":"jtty9uop6ur8iaz","previousOperationId":"7hqwa1h37k1p3i1"}
{"type":"log","timestamp":1674732694516,"level":"warn","message":"Page request failed: GET (script) 302 https://unpkg.com/chartist-plugin-pointlabels@0.0.6 (redirect to: /chartist-plugin-pointlabels@0.0.6/dist/chartist-plugin-pointlabels.js)","meta":{"rootId":"cqqcfe00rdvikis","id":"cqqcfe00rdvikis"},"id":"flvm061zxa2l2yr","previousOperationId":"7hqwa1h37k1p3i1"}
{"type":"log","timestamp":1674732694520,"level":"debug","message":"Page request finished: GET (script) 200 https://cdnjs.cloudflare.com/ajax/libs/chartist/0.11.0/chartist.min.js","meta":{"rootId":"cqqcfe00rdvikis","id":"cqqcfe00rdvikis"},"id":"3s7vs9j9d2iy0a1","previousOperationId":"7hqwa1h37k1p3i1"}
{"type":"log","timestamp":1674732694521,"level":"debug","message":"Page request finished: GET (script) 200 https://cdnjs.cloudflare.com/ajax/libs/Chart.js/2.7.2/Chart.min.js","meta":{"rootId":"cqqcfe00rdvikis","id":"cqqcfe00rdvikis"},"id":"b13eh68tl9thhk0","previousOperationId":"7hqwa1h37k1p3i1"}
{"type":"log","timestamp":1674732694521,"level":"debug","message":"Page request: GET (script) https://unpkg.com/chartist-plugin-tooltips@0.0.17/dist/chartist-plugin-tooltip.js (redirect from: https://unpkg.com/chartist-plugin-tooltips@0.0.17)","meta":{"rootId":"cqqcfe00rdvikis","id":"cqqcfe00rdvikis"},"id":"8qwtzg5huab65g7","previousOperationId":"7hqwa1h37k1p3i1"}
{"type":"log","timestamp":1674732694521,"level":"debug","message":"Page request: GET (script) https://unpkg.com/chartist-plugin-pointlabels@0.0.6/dist/chartist-plugin-pointlabels.js (redirect from: https://unpkg.com/chartist-plugin-pointlabels@0.0.6)","meta":{"rootId":"cqqcfe00rdvikis","id":"cqqcfe00rdvikis"},"id":"b7vh5cccqn1ebzg","previousOperationId":"7hqwa1h37k1p3i1"}
{"type":"log","timestamp":1674732694523,"level":"debug","message":"Page request finished: GET (script) 200 http://code.jquery.com/jquery-1.11.0.min.js","meta":{"rootId":"cqqcfe00rdvikis","id":"cqqcfe00rdvikis"},"id":"g633b802fl3ogl3","previousOperationId":"7hqwa1h37k1p3i1"}
{"type":"log","timestamp":1674732694524,"level":"debug","message":"Page request finished: GET (script) 200 https://cdn.jsdelivr.net/npm/chart.js@2.9.3/dist/Chart.min.js","meta":{"rootId":"cqqcfe00rdvikis","id":"cqqcfe00rdvikis"},"id":"6u50tfsq97087er","previousOperationId":"7hqwa1h37k1p3i1"}
{"type":"log","timestamp":1674732694557,"level":"debug","message":"Page request finished: GET (stylesheet) 200 https://cdnjs.cloudflare.com/ajax/libs/metro/4.1.5/css/metro.min.css","meta":{"rootId":"cqqcfe00rdvikis","id":"cqqcfe00rdvikis"},"id":"8df24ux3v6add5b","previousOperationId":"7hqwa1h37k1p3i1"}
{"type":"log","timestamp":1674732694557,"level":"debug","message":"Page request finished: GET (script) 200 https://cdnjs.cloudflare.com/ajax/libs/flot/0.8.1/jquery.flot.min.js","meta":{"rootId":"cqqcfe00rdvikis","id":"cqqcfe00rdvikis"},"id":"i4zs304j5ffl8w9","previousOperationId":"7hqwa1h37k1p3i1"}
{"type":"log","timestamp":1674732694568,"level":"debug","message":"Page request finished: GET (script) 200 https://unpkg.com/chartist-plugin-tooltips@0.0.17/dist/chartist-plugin-tooltip.js","meta":{"rootId":"cqqcfe00rdvikis","id":"cqqcfe00rdvikis"},"id":"g213ftq7fo40wfs","previousOperationId":"7hqwa1h37k1p3i1"}
{"type":"log","timestamp":1674732694569,"level":"debug","message":"Page request finished: GET (script) 200 https://unpkg.com/chartist-plugin-pointlabels@0.0.6/dist/chartist-plugin-pointlabels.js","meta":{"rootId":"cqqcfe00rdvikis","id":"cqqcfe00rdvikis"},"id":"5n1tchjoj0ssm7y","previousOperationId":"7hqwa1h37k1p3i1"}
{"type":"log","timestamp":1674732694591,"level":"warn","message":"Page error: SyntaxError: Unexpected token ','","meta":{"rootId":"cqqcfe00rdvikis","id":"cqqcfe00rdvikis"},"id":"ve5urrqzjoo67f7","previousOperationId":"7hqwa1h37k1p3i1"}
{"type":"log","timestamp":1674732694659,"level":"debug","message":"Running chrome with params {\"printBackground\":true,\"timeout\":58884,\"margin\":{}}","meta":{"rootId":"cqqcfe00rdvikis","id":"cqqcfe00rdvikis"},"id":"rh8ka48tkto3rs5","previousOperationId":"7hqwa1h37k1p3i1"}
{"type":"operationEnd","operationId":"7hqwa1h37k1p3i1","timestamp":1674732694866,"id":"pbb3awe9c1efr7l","previousEventId":"81m0fwhe272vh81","previousOperationId":"7hqwa1h37k1p3i1"}
{"type":"log","timestamp":1674732694866,"level":"debug","message":"Executing script testing (afterRender)","meta":{"rootId":"cqqcfe00rdvikis","id":"cqqcfe00rdvikis"},"id":"fjvahyzs02gwm71","previousOperationId":"7hqwa1h37k1p3i1"}
{"type":"operationStart","subtype":"scriptsAfterRender","name":"scripts afterRender","timestamp":1674732694875,"id":"bf9vvsnguug0n7o","previousEventId":"pbb3awe9c1efr7l","operationId":"make1wzcynfsq2l","previousOperationId":"7hqwa1h37k1p3i1"}
{"type":"operationStart","subtype":"script","name":"scripts testing","previousOperationId":"make1wzcynfsq2l","timestamp":1674732694875,"id":"bnpkmy5wsss8vle","previousEventId":"bf9vvsnguug0n7o","operationId":"8trua1nm4c2dpr5"}
{"type":"operationEnd","operationId":"8trua1nm4c2dpr5","timestamp":1674732695873,"id":"9v5q325gl0ve5tj","previousEventId":"pbb3awe9c1efr7l","previousOperationId":"7hqwa1h37k1p3i1"}
{"type":"operationEnd","operationId":"make1wzcynfsq2l","timestamp":1674732695874,"id":"ski6h12j0zlkoz4","previousEventId":"9v5q325gl0ve5tj","previousOperationId":"7hqwa1h37k1p3i1"}
{"type":"log","timestamp":1674732695874,"level":"debug","message":"Skipping storing report.","meta":{"rootId":"cqqcfe00rdvikis","id":"cqqcfe00rdvikis"},"id":"yeuzh9dgub0ov5z","previousOperationId":"make1wzcynfsq2l"}
{"type":"log","timestamp":1674732695874,"level":"info","message":"Rendering request 21 finished in 2657 ms","meta":{"rootId":"cqqcfe00rdvikis","id":"cqqcfe00rdvikis"},"id":"8ft4dts9wwtevf3","previousOperationId":"make1wzcynfsq2l"}
{"type":"operationEnd","subtype":"render","operationId":"zgdq7fjlg5m895m","timestamp":1674732695874,"id":"6nxpw47dhhjijda","previousEventId":"ski6h12j0zlkoz4","previousOperationId":"make1wzcynfsq2l"}
{"type":"operationEnd","doDiffs":false,"previousEventId":"x6mkzmqh0hci7bb","previousOperationId":"4ezs9n8be6zzguk","operationId":"4ezs9n8be6zzguk","timestamp":1674732695879,"id":"lksx9hjxkcm6aa0"}
