{"type":"operationStart","subtype":"profile","data":{"_id":"2SyzxKsvzxo4KRHT","timestamp":"2023-01-26T15:47:44.666Z","state":"queued","mode":"standard","creationDate":"2023-01-26T15:47:44.670Z","modificationDate":"2023-01-26T15:47:44.670Z","shortid":"Y6aMxSS","$entitySet":"profiles"},"doDiffs":false,"timestamp":1674748064668,"id":"vvbo6zbemylmhy1","previousOperationId":null,"operationId":"80etpqu7dogs631"}
{"type":"log","level":"info","message":"Render request 43 queued for execution and waiting for available worker","previousOperationId":"80etpqu7dogs631","timestamp":1674748064668,"id":"rkwmrsx9qoqz6bt"}
{"type":"operationStart","subtype":"render","name":"Data","previousOperationId":"80etpqu7dogs631","timestamp":1674748064678,"id":"17n3xbqmhlsmemk","previousEventId":"vvbo6zbemylmhy1","operationId":"afwszyykl95kqm5"}
{"type":"log","timestamp":1674748064678,"level":"info","message":"Starting rendering request 43","meta":{"rootId":"d58jp7enx39s8qi","id":"d58jp7enx39s8qi"},"id":"i32njppytyafz6o","previousOperationId":"afwszyykl95kqm5"}
{"type":"log","timestamp":1674748064679,"level":"info","message":"Rendering template { name: Data, recipe: chrome-pdf, engine: handlebars, preview: true }","meta":{"rootId":"d58jp7enx39s8qi","id":"d58jp7enx39s8qi"},"id":"v7p0yxchld8olfz","previousOperationId":"afwszyykl95kqm5"}
{"type":"log","timestamp":1674748064680,"level":"debug","message":"Data item not defined for this template.","meta":{"rootId":"d58jp7enx39s8qi","id":"d58jp7enx39s8qi"},"id":"hlebq22jklfv7t4","previousOperationId":"afwszyykl95kqm5"}
{"type":"log","timestamp":1674748064684,"level":"debug","message":"Executing script testing (beforeRender)","meta":{"rootId":"d58jp7enx39s8qi","id":"d58jp7enx39s8qi"},"id":"wsezmoosogum1hl","previousOperationId":"afwszyykl95kqm5"}
{"type":"operationStart","subtype":"scriptsBeforeRender","name":"scripts beforeRender","timestamp":1674748064732,"id":"s1crmxu4d7lpwjt","previousEventId":"17n3xbqmhlsmemk","operationId":"hqe89q2vxvp78yk","previousOperationId":"afwszyykl95kqm5"}
{"type":"operationStart","subtype":"script","name":"scripts testing","previousOperationId":"hqe89q2vxvp78yk","timestamp":1674748064732,"id":"0ncb8g4231nyxgh","previousEventId":"s1crmxu4d7lpwjt","operationId":"mmvzwwuphtosm75"}
{"type":"log","timestamp":1674748065085,"level":"debug","message":"(console:log) { location_id: [ '58', '2', '59' ], repetition: [ '2', '3', '1' ] }","meta":{"userLevel":true,"rootId":"d58jp7enx39s8qi","id":"d58jp7enx39s8qi"},"id":"chy2nh3fbjgigmx","previousOperationId":"mmvzwwuphtosm75"}
{"type":"operationEnd","operationId":"mmvzwwuphtosm75","timestamp":1674748065522,"id":"r74y26l8dgl4yky","previousEventId":"17n3xbqmhlsmemk","previousOperationId":"afwszyykl95kqm5"}
{"type":"operationEnd","operationId":"hqe89q2vxvp78yk","timestamp":1674748065523,"id":"9prk58kf7if66lg","previousEventId":"r74y26l8dgl4yky","previousOperationId":"afwszyykl95kqm5"}
{"type":"log","timestamp":1674748065523,"level":"debug","message":"Base url not specified, skipping its injection.","meta":{"rootId":"d58jp7enx39s8qi","id":"d58jp7enx39s8qi"},"id":"zxt03migmyrql32","previousOperationId":"hqe89q2vxvp78yk"}
{"type":"operationStart","subtype":"engine","name":"handlebars","timestamp":1674748065523,"id":"dxwi74tm9n3str0","previousEventId":"9prk58kf7if66lg","operationId":"0xgsjgpqp174qob","previousOperationId":"hqe89q2vxvp78yk"}
{"type":"log","timestamp":1674748065523,"level":"debug","message":"Rendering engine handlebars","meta":{"rootId":"d58jp7enx39s8qi","id":"d58jp7enx39s8qi"},"id":"959ecc2sbdjdlue","previousOperationId":"0xgsjgpqp174qob"}
{"type":"operationEnd","operationId":"0xgsjgpqp174qob","timestamp":1674748065539,"id":"e1x0ldyhkwt6gxw","previousEventId":"dxwi74tm9n3str0","previousOperationId":"0xgsjgpqp174qob"}
{"type":"operationStart","subtype":"recipe","name":"chrome-pdf","timestamp":1674748065539,"id":"bslgapwzaojq4ka","previousEventId":"e1x0ldyhkwt6gxw","operationId":"z4i8brqnho4j5up","previousOperationId":"0xgsjgpqp174qob"}
{"type":"log","timestamp":1674748065539,"level":"debug","message":"Executing recipe chrome-pdf","meta":{"rootId":"d58jp7enx39s8qi","id":"d58jp7enx39s8qi"},"id":"46o3ibk83jdmnwl","previousOperationId":"z4i8brqnho4j5up"}
{"type":"log","timestamp":1674748065543,"level":"debug","message":"Converting with chrome HeadlessChrome/105.0.5173.0 using chrome-pool strategy","meta":{"rootId":"d58jp7enx39s8qi","id":"d58jp7enx39s8qi"},"id":"paeb7gwi0p0xq6l","previousOperationId":"z4i8brqnho4j5up"}
{"type":"log","timestamp":1674748065645,"level":"debug","message":"Page request: GET (document) file:///C:/Users/Johan/AppData/Local/Temp/jsreport/autocleanup/9b228c96-945a-4f89-b976-d2fcb3ca8a83-chrome-pdf.html","meta":{"rootId":"d58jp7enx39s8qi","id":"d58jp7enx39s8qi"},"id":"3dg03ndx45jkzip","previousOperationId":"z4i8brqnho4j5up"}
{"type":"log","timestamp":1674748065672,"level":"debug","message":"Page request: GET (stylesheet) https://cdnjs.cloudflare.com/ajax/libs/metro/4.1.5/css/metro.min.css","meta":{"rootId":"d58jp7enx39s8qi","id":"d58jp7enx39s8qi"},"id":"ve1n9ai8kvjren7","previousOperationId":"z4i8brqnho4j5up"}
{"type":"log","timestamp":1674748065673,"level":"debug","message":"Page request: GET (script) https://cdnjs.cloudflare.com/ajax/libs/Chart.js/2.7.2/Chart.min.js","meta":{"rootId":"d58jp7enx39s8qi","id":"d58jp7enx39s8qi"},"id":"ir47for2xf12xyk","previousOperationId":"z4i8brqnho4j5up"}
{"type":"log","timestamp":1674748065673,"level":"debug","message":"Page request: GET (stylesheet) https://cdnjs.cloudflare.com/ajax/libs/chartist/0.11.0/chartist.min.css","meta":{"rootId":"d58jp7enx39s8qi","id":"d58jp7enx39s8qi"},"id":"hv6ykfbdie2fz63","previousOperationId":"z4i8brqnho4j5up"}
{"type":"log","timestamp":1674748065673,"level":"debug","message":"Page request finished: GET (document) 200 file:///C:/Users/Johan/AppData/Local/Temp/jsreport/autocleanup/9b228c96-945a-4f89-b976-d2fcb3ca8a83-chrome-pdf.html","meta":{"rootId":"d58jp7enx39s8qi","id":"d58jp7enx39s8qi"},"id":"w4jp9340bs8gjc4","previousOperationId":"z4i8brqnho4j5up"}
{"type":"log","timestamp":1674748065674,"level":"debug","message":"Page request: GET (script) https://cdn.jsdelivr.net/npm/chart.js@2.9.3/dist/Chart.min.js","meta":{"rootId":"d58jp7enx39s8qi","id":"d58jp7enx39s8qi"},"id":"h1wpsbwuzizu4he","previousOperationId":"z4i8brqnho4j5up"}
{"type":"log","timestamp":1674748065680,"level":"debug","message":"Page request finished: GET (stylesheet) 200 https://cdnjs.cloudflare.com/ajax/libs/chartist/0.11.0/chartist.min.css","meta":{"rootId":"d58jp7enx39s8qi","id":"d58jp7enx39s8qi"},"id":"qw4fblox5wcd56z","previousOperationId":"z4i8brqnho4j5up"}
{"type":"log","timestamp":1674748065680,"level":"debug","message":"Page request finished: GET (script) 200 https://cdnjs.cloudflare.com/ajax/libs/Chart.js/2.7.2/Chart.min.js","meta":{"rootId":"d58jp7enx39s8qi","id":"d58jp7enx39s8qi"},"id":"0wykxh41aq6nxo5","previousOperationId":"z4i8brqnho4j5up"}
{"type":"log","timestamp":1674748065683,"level":"debug","message":"Page request finished: GET (script) 200 https://cdn.jsdelivr.net/npm/chart.js@2.9.3/dist/Chart.min.js","meta":{"rootId":"d58jp7enx39s8qi","id":"d58jp7enx39s8qi"},"id":"hw4j126mrpp09sa","previousOperationId":"z4i8brqnho4j5up"}
{"type":"log","timestamp":1674748065699,"level":"debug","message":"Page request finished: GET (stylesheet) 200 https://cdnjs.cloudflare.com/ajax/libs/metro/4.1.5/css/metro.min.css","meta":{"rootId":"d58jp7enx39s8qi","id":"d58jp7enx39s8qi"},"id":"26jxbxrncrrgrwg","previousOperationId":"z4i8brqnho4j5up"}
{"type":"log","timestamp":1674748065710,"level":"debug","message":"(console:log) Me he venido","meta":{"userLevel":true,"rootId":"d58jp7enx39s8qi","id":"d58jp7enx39s8qi"},"id":"i6nfn53gsnr14jp","previousOperationId":"z4i8brqnho4j5up"}
{"type":"log","timestamp":1674748065776,"level":"debug","message":"Running chrome with params {\"printBackground\":true,\"timeout\":59125,\"margin\":{}}","meta":{"rootId":"d58jp7enx39s8qi","id":"d58jp7enx39s8qi"},"id":"7lfneh65hs8us97","previousOperationId":"z4i8brqnho4j5up"}
{"type":"operationEnd","operationId":"z4i8brqnho4j5up","timestamp":1674748065889,"id":"kj1k8pp4cmcoacc","previousEventId":"bslgapwzaojq4ka","previousOperationId":"z4i8brqnho4j5up"}
{"type":"log","timestamp":1674748065890,"level":"debug","message":"Executing script testing (afterRender)","meta":{"rootId":"d58jp7enx39s8qi","id":"d58jp7enx39s8qi"},"id":"9rfioe3s84s8na4","previousOperationId":"z4i8brqnho4j5up"}
{"type":"operationStart","subtype":"scriptsAfterRender","name":"scripts afterRender","timestamp":1674748065899,"id":"wvvkjse1nqrrn1q","previousEventId":"kj1k8pp4cmcoacc","operationId":"ckm5f8uugjkb3cv","previousOperationId":"z4i8brqnho4j5up"}
{"type":"operationStart","subtype":"script","name":"scripts testing","previousOperationId":"ckm5f8uugjkb3cv","timestamp":1674748065899,"id":"5p2lqqp10txd5an","previousEventId":"wvvkjse1nqrrn1q","operationId":"qc7hm5c18ei7zv3"}
{"type":"operationEnd","operationId":"qc7hm5c18ei7zv3","timestamp":1674748067211,"id":"qgigfld59foit73","previousEventId":"kj1k8pp4cmcoacc","previousOperationId":"z4i8brqnho4j5up"}
{"type":"operationEnd","operationId":"ckm5f8uugjkb3cv","timestamp":1674748067211,"id":"cgg87hynvys4zhr","previousEventId":"qgigfld59foit73","previousOperationId":"z4i8brqnho4j5up"}
{"type":"log","timestamp":1674748067211,"level":"debug","message":"Skipping storing report.","meta":{"rootId":"d58jp7enx39s8qi","id":"d58jp7enx39s8qi"},"id":"yae0s87oujrxjek","previousOperationId":"ckm5f8uugjkb3cv"}
{"type":"log","timestamp":1674748067211,"level":"info","message":"Rendering request 43 finished in 2545 ms","meta":{"rootId":"d58jp7enx39s8qi","id":"d58jp7enx39s8qi"},"id":"wcib616t7vonskd","previousOperationId":"ckm5f8uugjkb3cv"}
{"type":"operationEnd","subtype":"render","operationId":"afwszyykl95kqm5","timestamp":1674748067211,"id":"dauruzirks43x1h","previousEventId":"cgg87hynvys4zhr","previousOperationId":"ckm5f8uugjkb3cv"}
{"type":"operationEnd","doDiffs":false,"previousEventId":"vvbo6zbemylmhy1","previousOperationId":"80etpqu7dogs631","operationId":"80etpqu7dogs631","timestamp":1674748067214,"id":"9fly57vbhzg3042"}
