{"type":"operationStart","subtype":"profile","data":{"_id":"OafVVdWHv7aoKCEL","timestamp":"2023-01-26T17:26:10.826Z","state":"queued","mode":"standard","creationDate":"2023-01-26T17:26:10.829Z","modificationDate":"2023-01-26T17:26:10.829Z","shortid":"kn7u-cJ","$entitySet":"profiles"},"doDiffs":false,"timestamp":1674753970828,"id":"gtrpbgc7rp14r09","previousOperationId":null,"operationId":"0md6pkp8zyph9hc"}
{"type":"log","level":"info","message":"Render request 37 queued for execution and waiting for available worker","previousOperationId":"0md6pkp8zyph9hc","timestamp":1674753970828,"id":"o0hgth4mywyt5bt"}
{"type":"operationStart","subtype":"render","name":"Data","previousOperationId":"0md6pkp8zyph9hc","timestamp":1674753970839,"id":"2rxish6v93yaogv","previousEventId":"gtrpbgc7rp14r09","operationId":"xstwqpdykkv7gt4"}
{"type":"log","timestamp":1674753970839,"level":"info","message":"Starting rendering request 37","meta":{"rootId":"d7grl3ntttlx4qp","id":"d7grl3ntttlx4qp"},"id":"yrqbz9gm4bkwaw9","previousOperationId":"xstwqpdykkv7gt4"}
{"type":"log","timestamp":1674753970839,"level":"info","message":"Rendering template { name: Data, recipe: chrome-pdf, engine: handlebars, preview: true }","meta":{"rootId":"d7grl3ntttlx4qp","id":"d7grl3ntttlx4qp"},"id":"43311as4r958tn3","previousOperationId":"xstwqpdykkv7gt4"}
{"type":"log","timestamp":1674753970840,"level":"debug","message":"Data item not defined for this template.","meta":{"rootId":"d7grl3ntttlx4qp","id":"d7grl3ntttlx4qp"},"id":"5jdjpdwh6wm8h1f","previousOperationId":"xstwqpdykkv7gt4"}
{"type":"log","timestamp":1674753970842,"level":"debug","message":"Executing script testing (beforeRender)","meta":{"rootId":"d7grl3ntttlx4qp","id":"d7grl3ntttlx4qp"},"id":"ui8mqu5hctltzrr","previousOperationId":"xstwqpdykkv7gt4"}
{"type":"operationStart","subtype":"scriptsBeforeRender","name":"scripts beforeRender","timestamp":1674753970885,"id":"fbuz0d8yr5a0s5l","previousEventId":"2rxish6v93yaogv","operationId":"vivdp98tkr1yioj","previousOperationId":"xstwqpdykkv7gt4"}
{"type":"operationStart","subtype":"script","name":"scripts testing","previousOperationId":"vivdp98tkr1yioj","timestamp":1674753970885,"id":"gv1mkoio02eanhl","previousEventId":"fbuz0d8yr5a0s5l","operationId":"t3d4ampdnw4kgle"}
{"type":"log","timestamp":1674753971228,"level":"debug","message":"(console:log) {\n  locationName: [ 'Las Palmas de Gran Canaria', 'Galdar', 'Teror' ],\n  repetition: [ '2', '1', '3' ]\n}","meta":{"userLevel":true,"rootId":"d7grl3ntttlx4qp","id":"d7grl3ntttlx4qp"},"id":"ehdm0de2bhrtl6h","previousOperationId":"t3d4ampdnw4kgle"}
{"type":"log","timestamp":1674753971228,"level":"debug","message":"(console:log) [ 'Las Palmas de Gran Canaria', 'Galdar', 'Teror' ]","meta":{"userLevel":true,"rootId":"d7grl3ntttlx4qp","id":"d7grl3ntttlx4qp"},"id":"q207h1v94ypyeck","previousOperationId":"t3d4ampdnw4kgle"}
{"type":"log","timestamp":1674753971228,"level":"debug","message":"(console:log) [ '2', '1', '3' ]","meta":{"userLevel":true,"rootId":"d7grl3ntttlx4qp","id":"d7grl3ntttlx4qp"},"id":"w9dykde9ya1p1m4","previousOperationId":"t3d4ampdnw4kgle"}
{"type":"operationEnd","operationId":"t3d4ampdnw4kgle","timestamp":1674753971679,"id":"38sxz8rh6t1og1k","previousEventId":"2rxish6v93yaogv","previousOperationId":"xstwqpdykkv7gt4"}
{"type":"operationEnd","operationId":"vivdp98tkr1yioj","timestamp":1674753971679,"id":"rqmmwp1bfeecfko","previousEventId":"38sxz8rh6t1og1k","previousOperationId":"xstwqpdykkv7gt4"}
{"type":"log","timestamp":1674753971679,"level":"debug","message":"Base url not specified, skipping its injection.","meta":{"rootId":"d7grl3ntttlx4qp","id":"d7grl3ntttlx4qp"},"id":"9h4zic3p31yfjjq","previousOperationId":"vivdp98tkr1yioj"}
{"type":"operationStart","subtype":"engine","name":"handlebars","timestamp":1674753971679,"id":"1iv8f471pr1m3la","previousEventId":"rqmmwp1bfeecfko","operationId":"2a704ktzdyvhtdu","previousOperationId":"vivdp98tkr1yioj"}
{"type":"log","timestamp":1674753971679,"level":"debug","message":"Rendering engine handlebars","meta":{"rootId":"d7grl3ntttlx4qp","id":"d7grl3ntttlx4qp"},"id":"prlm73r9dmvrjb1","previousOperationId":"2a704ktzdyvhtdu"}
{"type":"operationEnd","operationId":"2a704ktzdyvhtdu","timestamp":1674753971690,"id":"1occsj5e6n120we","previousEventId":"1iv8f471pr1m3la","previousOperationId":"2a704ktzdyvhtdu"}
{"type":"operationStart","subtype":"recipe","name":"chrome-pdf","timestamp":1674753971691,"id":"ltwntvmgnqb5ci5","previousEventId":"1occsj5e6n120we","operationId":"kaq7atgregp0rhr","previousOperationId":"2a704ktzdyvhtdu"}
{"type":"log","timestamp":1674753971691,"level":"debug","message":"Executing recipe chrome-pdf","meta":{"rootId":"d7grl3ntttlx4qp","id":"d7grl3ntttlx4qp"},"id":"wis4rbyox8i7eb5","previousOperationId":"kaq7atgregp0rhr"}
{"type":"log","timestamp":1674753971696,"level":"debug","message":"Converting with chrome HeadlessChrome/105.0.5173.0 using chrome-pool strategy","meta":{"rootId":"d7grl3ntttlx4qp","id":"d7grl3ntttlx4qp"},"id":"i6dgo4gvhnnubw8","previousOperationId":"kaq7atgregp0rhr"}
{"type":"log","timestamp":1674753971780,"level":"debug","message":"Page request: GET (document) file:///C:/Users/Johan/AppData/Local/Temp/jsreport/autocleanup/9baee70f-b336-400c-8c5b-c1c34a694e5d-chrome-pdf.html","meta":{"rootId":"d7grl3ntttlx4qp","id":"d7grl3ntttlx4qp"},"id":"kig45d61x5pd0ns","previousOperationId":"kaq7atgregp0rhr"}
{"type":"log","timestamp":1674753971806,"level":"debug","message":"Page request: GET (stylesheet) https://cdnjs.cloudflare.com/ajax/libs/metro/4.1.5/css/metro.min.css","meta":{"rootId":"d7grl3ntttlx4qp","id":"d7grl3ntttlx4qp"},"id":"cmpumfr4ryorzw3","previousOperationId":"kaq7atgregp0rhr"}
{"type":"log","timestamp":1674753971807,"level":"debug","message":"Page request finished: GET (document) 200 file:///C:/Users/Johan/AppData/Local/Temp/jsreport/autocleanup/9baee70f-b336-400c-8c5b-c1c34a694e5d-chrome-pdf.html","meta":{"rootId":"d7grl3ntttlx4qp","id":"d7grl3ntttlx4qp"},"id":"ajxie221i05fp8e","previousOperationId":"kaq7atgregp0rhr"}
{"type":"log","timestamp":1674753971807,"level":"debug","message":"Page request: GET (stylesheet) https://cdnjs.cloudflare.com/ajax/libs/chartist/0.11.0/chartist.min.css","meta":{"rootId":"d7grl3ntttlx4qp","id":"d7grl3ntttlx4qp"},"id":"ok4y826e6q54dbu","previousOperationId":"kaq7atgregp0rhr"}
{"type":"log","timestamp":1674753971808,"level":"debug","message":"Page request: GET (script) https://cdnjs.cloudflare.com/ajax/libs/chartist/0.11.0/chartist.min.js","meta":{"rootId":"d7grl3ntttlx4qp","id":"d7grl3ntttlx4qp"},"id":"te9l6zcuukh25v9","previousOperationId":"kaq7atgregp0rhr"}
{"type":"log","timestamp":1674753971808,"level":"debug","message":"Page request: GET (script) https://unpkg.com/chartist-plugin-tooltips@0.0.17","meta":{"rootId":"d7grl3ntttlx4qp","id":"d7grl3ntttlx4qp"},"id":"patllreyqflcjoj","previousOperationId":"kaq7atgregp0rhr"}
{"type":"log","timestamp":1674753971808,"level":"debug","message":"Page request: GET (script) https://unpkg.com/chartist-plugin-pointlabels@0.0.6","meta":{"rootId":"d7grl3ntttlx4qp","id":"d7grl3ntttlx4qp"},"id":"fbqo7ed0f74jctx","previousOperationId":"kaq7atgregp0rhr"}
{"type":"log","timestamp":1674753971813,"level":"warn","message":"Page request failed: GET (script) 302 https://unpkg.com/chartist-plugin-tooltips@0.0.17 (redirect to: /chartist-plugin-tooltips@0.0.17/dist/chartist-plugin-tooltip.js)","meta":{"rootId":"d7grl3ntttlx4qp","id":"d7grl3ntttlx4qp"},"id":"922qc3refjlyequ","previousOperationId":"kaq7atgregp0rhr"}
{"type":"log","timestamp":1674753971813,"level":"debug","message":"Page request: GET (script) https://unpkg.com/chartist-plugin-tooltips@0.0.17/dist/chartist-plugin-tooltip.js (redirect from: https://unpkg.com/chartist-plugin-tooltips@0.0.17)","meta":{"rootId":"d7grl3ntttlx4qp","id":"d7grl3ntttlx4qp"},"id":"wr18hgwzku82nzg","previousOperationId":"kaq7atgregp0rhr"}
{"type":"log","timestamp":1674753971814,"level":"warn","message":"Page request failed: GET (script) 302 https://unpkg.com/chartist-plugin-pointlabels@0.0.6 (redirect to: /chartist-plugin-pointlabels@0.0.6/dist/chartist-plugin-pointlabels.js)","meta":{"rootId":"d7grl3ntttlx4qp","id":"d7grl3ntttlx4qp"},"id":"5hknkh668608fy5","previousOperationId":"kaq7atgregp0rhr"}
{"type":"log","timestamp":1674753971815,"level":"debug","message":"Page request finished: GET (stylesheet) 200 https://cdnjs.cloudflare.com/ajax/libs/chartist/0.11.0/chartist.min.css","meta":{"rootId":"d7grl3ntttlx4qp","id":"d7grl3ntttlx4qp"},"id":"yxvst8ux20m0jg7","previousOperationId":"kaq7atgregp0rhr"}
{"type":"log","timestamp":1674753971815,"level":"debug","message":"Page request: GET (script) https://unpkg.com/chartist-plugin-pointlabels@0.0.6/dist/chartist-plugin-pointlabels.js (redirect from: https://unpkg.com/chartist-plugin-pointlabels@0.0.6)","meta":{"rootId":"d7grl3ntttlx4qp","id":"d7grl3ntttlx4qp"},"id":"rgj7hzr1kevm343","previousOperationId":"kaq7atgregp0rhr"}
{"type":"log","timestamp":1674753971832,"level":"debug","message":"Page request finished: GET (stylesheet) 200 https://cdnjs.cloudflare.com/ajax/libs/metro/4.1.5/css/metro.min.css","meta":{"rootId":"d7grl3ntttlx4qp","id":"d7grl3ntttlx4qp"},"id":"ec8drg9h6uctjq8","previousOperationId":"kaq7atgregp0rhr"}
{"type":"log","timestamp":1674753971832,"level":"debug","message":"Page request finished: GET (script) 200 https://cdnjs.cloudflare.com/ajax/libs/chartist/0.11.0/chartist.min.js","meta":{"rootId":"d7grl3ntttlx4qp","id":"d7grl3ntttlx4qp"},"id":"1x65pniinaemc3u","previousOperationId":"kaq7atgregp0rhr"}
{"type":"log","timestamp":1674753971834,"level":"debug","message":"Page request finished: GET (script) 200 https://unpkg.com/chartist-plugin-tooltips@0.0.17/dist/chartist-plugin-tooltip.js","meta":{"rootId":"d7grl3ntttlx4qp","id":"d7grl3ntttlx4qp"},"id":"olxywrw7xqe6qsh","previousOperationId":"kaq7atgregp0rhr"}
{"type":"log","timestamp":1674753971834,"level":"debug","message":"Page request finished: GET (script) 200 https://unpkg.com/chartist-plugin-pointlabels@0.0.6/dist/chartist-plugin-pointlabels.js","meta":{"rootId":"d7grl3ntttlx4qp","id":"d7grl3ntttlx4qp"},"id":"0dkl7flk3bskym4","previousOperationId":"kaq7atgregp0rhr"}
{"type":"log","timestamp":1674753971835,"level":"warn","message":"Page error: SyntaxError: Unexpected number","meta":{"rootId":"d7grl3ntttlx4qp","id":"d7grl3ntttlx4qp"},"id":"oqeut36gyuvor5l","previousOperationId":"kaq7atgregp0rhr"}
{"type":"log","timestamp":1674753971870,"level":"debug","message":"Running chrome with params {\"printBackground\":true,\"timeout\":59131,\"margin\":{}}","meta":{"rootId":"d7grl3ntttlx4qp","id":"d7grl3ntttlx4qp"},"id":"olc3nscar5j27v4","previousOperationId":"kaq7atgregp0rhr"}
{"type":"operationEnd","operationId":"kaq7atgregp0rhr","timestamp":1674753971980,"id":"ny72y29gj3nfp7c","previousEventId":"ltwntvmgnqb5ci5","previousOperationId":"kaq7atgregp0rhr"}
{"type":"log","timestamp":1674753971980,"level":"debug","message":"Executing script testing (afterRender)","meta":{"rootId":"d7grl3ntttlx4qp","id":"d7grl3ntttlx4qp"},"id":"w67rl1fj5gkpyol","previousOperationId":"kaq7atgregp0rhr"}
{"type":"operationStart","subtype":"scriptsAfterRender","name":"scripts afterRender","timestamp":1674753971991,"id":"qvygy6gx4yyyufl","previousEventId":"ny72y29gj3nfp7c","operationId":"lty3gs1nkohuaz2","previousOperationId":"kaq7atgregp0rhr"}
{"type":"operationStart","subtype":"script","name":"scripts testing","previousOperationId":"lty3gs1nkohuaz2","timestamp":1674753971991,"id":"nkuupw5iph9cw6e","previousEventId":"qvygy6gx4yyyufl","operationId":"i3kigqhyvs9sbqi"}
{"type":"operationEnd","operationId":"i3kigqhyvs9sbqi","timestamp":1674753973068,"id":"850v90wd1nobmpq","previousEventId":"ny72y29gj3nfp7c","previousOperationId":"kaq7atgregp0rhr"}
{"type":"operationEnd","operationId":"lty3gs1nkohuaz2","timestamp":1674753973068,"id":"7e1zliucvk97e4j","previousEventId":"850v90wd1nobmpq","previousOperationId":"kaq7atgregp0rhr"}
{"type":"log","timestamp":1674753973068,"level":"debug","message":"Skipping storing report.","meta":{"rootId":"d7grl3ntttlx4qp","id":"d7grl3ntttlx4qp"},"id":"0tplbbgmx88oach","previousOperationId":"lty3gs1nkohuaz2"}
{"type":"log","timestamp":1674753973068,"level":"info","message":"Rendering request 37 finished in 2242 ms","meta":{"rootId":"d7grl3ntttlx4qp","id":"d7grl3ntttlx4qp"},"id":"diq6xugxslminil","previousOperationId":"lty3gs1nkohuaz2"}
{"type":"operationEnd","subtype":"render","operationId":"xstwqpdykkv7gt4","timestamp":1674753973068,"id":"pg8716yjlrungi2","previousEventId":"7e1zliucvk97e4j","previousOperationId":"lty3gs1nkohuaz2"}
{"type":"operationEnd","doDiffs":false,"previousEventId":"gtrpbgc7rp14r09","previousOperationId":"0md6pkp8zyph9hc","operationId":"0md6pkp8zyph9hc","timestamp":1674753973072,"id":"5vd7hnta4u0w5us"}
