{"type":"operationStart","subtype":"profile","data":{"_id":"Xks6NBDb4qwwgewy","timestamp":"2023-01-26T15:39:09.596Z","state":"queued","mode":"standard","creationDate":"2023-01-26T15:39:09.599Z","modificationDate":"2023-01-26T15:39:09.599Z","shortid":"_u2vCrE","$entitySet":"profiles"},"doDiffs":false,"timestamp":1674747549597,"id":"016qchsm1xibx4w","previousOperationId":null,"operationId":"b4d250ukx6q4a3p"}
{"type":"log","level":"info","message":"Render request 34 queued for execution and waiting for available worker","previousOperationId":"b4d250ukx6q4a3p","timestamp":1674747549597,"id":"emk8qb38efm1prh"}
{"type":"operationStart","subtype":"render","name":"Data","previousOperationId":"b4d250ukx6q4a3p","timestamp":1674747549615,"id":"i01dedo3v0hpwzv","previousEventId":"016qchsm1xibx4w","operationId":"vc6r6x41bxx21bq"}
{"type":"log","timestamp":1674747549615,"level":"info","message":"Starting rendering request 34","meta":{"rootId":"d8cap0o1igg98ky","id":"d8cap0o1igg98ky"},"id":"d9ko9fcjvjeflg3","previousOperationId":"vc6r6x41bxx21bq"}
{"type":"log","timestamp":1674747549616,"level":"info","message":"Rendering template { name: Data, recipe: chrome-pdf, engine: handlebars, preview: true }","meta":{"rootId":"d8cap0o1igg98ky","id":"d8cap0o1igg98ky"},"id":"ax2v8j1zjn7ling","previousOperationId":"vc6r6x41bxx21bq"}
{"type":"log","timestamp":1674747549617,"level":"debug","message":"Data item not defined for this template.","meta":{"rootId":"d8cap0o1igg98ky","id":"d8cap0o1igg98ky"},"id":"9wvhanvdgqvpt2t","previousOperationId":"vc6r6x41bxx21bq"}
{"type":"log","timestamp":1674747549622,"level":"debug","message":"Executing script testing (beforeRender)","meta":{"rootId":"d8cap0o1igg98ky","id":"d8cap0o1igg98ky"},"id":"zhsvdi15x8bsyv4","previousOperationId":"vc6r6x41bxx21bq"}
{"type":"operationStart","subtype":"scriptsBeforeRender","name":"scripts beforeRender","timestamp":1674747549682,"id":"gsrariptq5uwc8d","previousEventId":"i01dedo3v0hpwzv","operationId":"0cben3xgkgend3v","previousOperationId":"vc6r6x41bxx21bq"}
{"type":"operationStart","subtype":"script","name":"scripts testing","previousOperationId":"0cben3xgkgend3v","timestamp":1674747549682,"id":"ajscn635au5ifg6","previousEventId":"gsrariptq5uwc8d","operationId":"fpaxvaj1xhwd11h"}
{"type":"log","timestamp":1674747549931,"level":"debug","message":"(console:log) { location_id: [ '58', '2', '59' ], repetition: [ '2', '3', '1' ] }","meta":{"userLevel":true,"rootId":"d8cap0o1igg98ky","id":"d8cap0o1igg98ky"},"id":"vxpuuql3smxgch4","previousOperationId":"fpaxvaj1xhwd11h"}
{"type":"operationEnd","operationId":"fpaxvaj1xhwd11h","timestamp":1674747550350,"id":"j7afb10ixuvvqe9","previousEventId":"i01dedo3v0hpwzv","previousOperationId":"vc6r6x41bxx21bq"}
{"type":"operationEnd","operationId":"0cben3xgkgend3v","timestamp":1674747550350,"id":"z008wb4ql9639as","previousEventId":"j7afb10ixuvvqe9","previousOperationId":"vc6r6x41bxx21bq"}
{"type":"log","timestamp":1674747550350,"level":"debug","message":"Base url not specified, skipping its injection.","meta":{"rootId":"d8cap0o1igg98ky","id":"d8cap0o1igg98ky"},"id":"mykipmmi9ho3gr9","previousOperationId":"0cben3xgkgend3v"}
{"type":"operationStart","subtype":"engine","name":"handlebars","timestamp":1674747550350,"id":"exz1uelx9dqqq7c","previousEventId":"z008wb4ql9639as","operationId":"rra59rlsibxeekc","previousOperationId":"0cben3xgkgend3v"}
{"type":"log","timestamp":1674747550350,"level":"debug","message":"Rendering engine handlebars","meta":{"rootId":"d8cap0o1igg98ky","id":"d8cap0o1igg98ky"},"id":"dlck1cae3q68254","previousOperationId":"rra59rlsibxeekc"}
{"type":"operationEnd","operationId":"rra59rlsibxeekc","timestamp":1674747550369,"id":"e61ua8dcc47k759","previousEventId":"exz1uelx9dqqq7c","previousOperationId":"rra59rlsibxeekc"}
{"type":"operationStart","subtype":"recipe","name":"chrome-pdf","timestamp":1674747550369,"id":"8f7u13jegrb9qjt","previousEventId":"e61ua8dcc47k759","operationId":"tf249m4ci5w77ub","previousOperationId":"rra59rlsibxeekc"}
{"type":"log","timestamp":1674747550369,"level":"debug","message":"Executing recipe chrome-pdf","meta":{"rootId":"d8cap0o1igg98ky","id":"d8cap0o1igg98ky"},"id":"pu1hy34t0g9gsjr","previousOperationId":"tf249m4ci5w77ub"}
{"type":"log","timestamp":1674747550378,"level":"debug","message":"Converting with chrome HeadlessChrome/105.0.5173.0 using chrome-pool strategy","meta":{"rootId":"d8cap0o1igg98ky","id":"d8cap0o1igg98ky"},"id":"35hp4fgyhakm0v0","previousOperationId":"tf249m4ci5w77ub"}
{"type":"log","timestamp":1674747550476,"level":"debug","message":"Page request: GET (document) file:///C:/Users/Johan/AppData/Local/Temp/jsreport/autocleanup/456909e9-4ecd-4b5f-9483-b8f49cacf80d-chrome-pdf.html","meta":{"rootId":"d8cap0o1igg98ky","id":"d8cap0o1igg98ky"},"id":"5mvsh5le031jele","previousOperationId":"tf249m4ci5w77ub"}
{"type":"log","timestamp":1674747550518,"level":"debug","message":"Page request: GET (stylesheet) https://cdnjs.cloudflare.com/ajax/libs/metro/4.1.5/css/metro.min.css","meta":{"rootId":"d8cap0o1igg98ky","id":"d8cap0o1igg98ky"},"id":"2n0ykszq3a5n1i2","previousOperationId":"tf249m4ci5w77ub"}
{"type":"log","timestamp":1674747550519,"level":"debug","message":"Page request: GET (script) https://cdnjs.cloudflare.com/ajax/libs/Chart.js/2.7.2/Chart.min.js","meta":{"rootId":"d8cap0o1igg98ky","id":"d8cap0o1igg98ky"},"id":"eni8pbuy2h1yc0o","previousOperationId":"tf249m4ci5w77ub"}
{"type":"log","timestamp":1674747550520,"level":"debug","message":"Page request finished: GET (document) 200 file:///C:/Users/Johan/AppData/Local/Temp/jsreport/autocleanup/456909e9-4ecd-4b5f-9483-b8f49cacf80d-chrome-pdf.html","meta":{"rootId":"d8cap0o1igg98ky","id":"d8cap0o1igg98ky"},"id":"7hmae819xj1uv4u","previousOperationId":"tf249m4ci5w77ub"}
{"type":"log","timestamp":1674747550520,"level":"debug","message":"Page request: GET (stylesheet) https://cdnjs.cloudflare.com/ajax/libs/chartist/0.11.0/chartist.min.css","meta":{"rootId":"d8cap0o1igg98ky","id":"d8cap0o1igg98ky"},"id":"v19s32ymmheu1xb","previousOperationId":"tf249m4ci5w77ub"}
{"type":"log","timestamp":1674747550520,"level":"debug","message":"Page request: GET (script) https://cdn.jsdelivr.net/npm/chart.js@2.9.3/dist/Chart.min.js","meta":{"rootId":"d8cap0o1igg98ky","id":"d8cap0o1igg98ky"},"id":"zqexqhx9lxc144k","previousOperationId":"tf249m4ci5w77ub"}
{"type":"log","timestamp":1674747550532,"level":"debug","message":"Page request finished: GET (script) 200 https://cdnjs.cloudflare.com/ajax/libs/Chart.js/2.7.2/Chart.min.js","meta":{"rootId":"d8cap0o1igg98ky","id":"d8cap0o1igg98ky"},"id":"v6xca92fhobwu9s","previousOperationId":"tf249m4ci5w77ub"}
{"type":"log","timestamp":1674747550533,"level":"debug","message":"Page request finished: GET (stylesheet) 200 https://cdnjs.cloudflare.com/ajax/libs/chartist/0.11.0/chartist.min.css","meta":{"rootId":"d8cap0o1igg98ky","id":"d8cap0o1igg98ky"},"id":"21gd1zw61dtvkxd","previousOperationId":"tf249m4ci5w77ub"}
{"type":"log","timestamp":1674747550533,"level":"debug","message":"Page request finished: GET (script) 200 https://cdn.jsdelivr.net/npm/chart.js@2.9.3/dist/Chart.min.js","meta":{"rootId":"d8cap0o1igg98ky","id":"d8cap0o1igg98ky"},"id":"f0gcb41yrm9jec6","previousOperationId":"tf249m4ci5w77ub"}
{"type":"log","timestamp":1674747550548,"level":"debug","message":"Page request finished: GET (stylesheet) 200 https://cdnjs.cloudflare.com/ajax/libs/metro/4.1.5/css/metro.min.css","meta":{"rootId":"d8cap0o1igg98ky","id":"d8cap0o1igg98ky"},"id":"cqint5p3to0piew","previousOperationId":"tf249m4ci5w77ub"}
{"type":"log","timestamp":1674747550559,"level":"warn","message":"Page error: SyntaxError: Unexpected number","meta":{"rootId":"d8cap0o1igg98ky","id":"d8cap0o1igg98ky"},"id":"xiqtskh1xwx9xl2","previousOperationId":"tf249m4ci5w77ub"}
{"type":"log","timestamp":1674747550605,"level":"debug","message":"Running chrome with params {\"printBackground\":true,\"timeout\":59221,\"margin\":{}}","meta":{"rootId":"d8cap0o1igg98ky","id":"d8cap0o1igg98ky"},"id":"hl1h62gsp7h1umh","previousOperationId":"tf249m4ci5w77ub"}
{"type":"operationEnd","operationId":"tf249m4ci5w77ub","timestamp":1674747550724,"id":"w4991z624orjnth","previousEventId":"8f7u13jegrb9qjt","previousOperationId":"tf249m4ci5w77ub"}
{"type":"log","timestamp":1674747550724,"level":"debug","message":"Executing script testing (afterRender)","meta":{"rootId":"d8cap0o1igg98ky","id":"d8cap0o1igg98ky"},"id":"lar9gajy98jupwu","previousOperationId":"tf249m4ci5w77ub"}
{"type":"operationStart","subtype":"scriptsAfterRender","name":"scripts afterRender","timestamp":1674747550733,"id":"fonpqd4fhjo113p","previousEventId":"w4991z624orjnth","operationId":"qozaghaq4vz0qia","previousOperationId":"tf249m4ci5w77ub"}
{"type":"operationStart","subtype":"script","name":"scripts testing","previousOperationId":"qozaghaq4vz0qia","timestamp":1674747550733,"id":"gh5jqfenhhr1pnw","previousEventId":"fonpqd4fhjo113p","operationId":"pjd8t0p11s4gjk8"}
{"type":"operationEnd","operationId":"pjd8t0p11s4gjk8","timestamp":1674747551851,"id":"6yxrp91lvqiigg2","previousEventId":"w4991z624orjnth","previousOperationId":"tf249m4ci5w77ub"}
{"type":"operationEnd","operationId":"qozaghaq4vz0qia","timestamp":1674747551851,"id":"dz27c47yo9j8gwf","previousEventId":"6yxrp91lvqiigg2","previousOperationId":"tf249m4ci5w77ub"}
{"type":"log","timestamp":1674747551851,"level":"debug","message":"Skipping storing report.","meta":{"rootId":"d8cap0o1igg98ky","id":"d8cap0o1igg98ky"},"id":"zncip25gpj9bwwf","previousOperationId":"qozaghaq4vz0qia"}
{"type":"log","timestamp":1674747551851,"level":"info","message":"Rendering request 34 finished in 2255 ms","meta":{"rootId":"d8cap0o1igg98ky","id":"d8cap0o1igg98ky"},"id":"ibfsmm4tj77dtw2","previousOperationId":"qozaghaq4vz0qia"}
{"type":"operationEnd","subtype":"render","operationId":"vc6r6x41bxx21bq","timestamp":1674747551851,"id":"bgx6q1dd352hm2m","previousEventId":"dz27c47yo9j8gwf","previousOperationId":"qozaghaq4vz0qia"}
{"type":"operationEnd","doDiffs":false,"previousEventId":"016qchsm1xibx4w","previousOperationId":"b4d250ukx6q4a3p","operationId":"b4d250ukx6q4a3p","timestamp":1674747551855,"id":"wsudw6hu3pf3nx0"}
