{"type":"operationStart","subtype":"profile","data":{"_id":"igPLQFPwuZQPcRlo","timestamp":"2023-01-26T17:00:45.492Z","state":"queued","mode":"standard","creationDate":"2023-01-26T17:00:45.495Z","modificationDate":"2023-01-26T17:00:45.495Z","shortid":"ONI47Fx","$entitySet":"profiles"},"doDiffs":false,"timestamp":1674752445495,"id":"hrdcgu4tbm92vgn","previousOperationId":null,"operationId":"5scgsz0nehaaqyr"}
{"type":"log","level":"info","message":"Render request 3 queued for execution and waiting for available worker","previousOperationId":"5scgsz0nehaaqyr","timestamp":1674752445495,"id":"2vqgsx3dgbc1ihl"}
{"type":"operationStart","subtype":"render","name":"Data","previousOperationId":"5scgsz0nehaaqyr","timestamp":1674752445506,"id":"j6ctu3wud0sd16f","previousEventId":"hrdcgu4tbm92vgn","operationId":"zklg3udhk4e2dsz"}
{"type":"log","timestamp":1674752445506,"level":"info","message":"Starting rendering request 3","meta":{"rootId":"dax76cspe1hizc3","id":"dax76cspe1hizc3"},"id":"q515bozy05kgxmm","previousOperationId":"zklg3udhk4e2dsz"}
{"type":"log","timestamp":1674752445507,"level":"info","message":"Rendering template { name: Data, recipe: chrome-pdf, engine: handlebars, preview: true }","meta":{"rootId":"dax76cspe1hizc3","id":"dax76cspe1hizc3"},"id":"egnz8gbaooem685","previousOperationId":"zklg3udhk4e2dsz"}
{"type":"log","timestamp":1674752445508,"level":"debug","message":"Data item not defined for this template.","meta":{"rootId":"dax76cspe1hizc3","id":"dax76cspe1hizc3"},"id":"shx5gqpqyj7a2db","previousOperationId":"zklg3udhk4e2dsz"}
{"type":"log","timestamp":1674752445512,"level":"debug","message":"Executing script testing (beforeRender)","meta":{"rootId":"dax76cspe1hizc3","id":"dax76cspe1hizc3"},"id":"p34r4rju3uiff08","previousOperationId":"zklg3udhk4e2dsz"}
{"type":"operationStart","subtype":"scriptsBeforeRender","name":"scripts beforeRender","timestamp":1674752445579,"id":"kvq8335vba7y043","previousEventId":"j6ctu3wud0sd16f","operationId":"gc89rlo9y21el4x","previousOperationId":"zklg3udhk4e2dsz"}
{"type":"operationStart","subtype":"script","name":"scripts testing","previousOperationId":"gc89rlo9y21el4x","timestamp":1674752445579,"id":"8lu5ib0bd0dlrar","previousEventId":"kvq8335vba7y043","operationId":"0382ptemzlqn0aa"}
{"type":"log","timestamp":1674752445802,"level":"debug","message":"(console:log) {\n  locationName: [ 'Las Palmas de Gran Canaria', 'Galdar', 'Teror' ],\n  repetition: [ '2', '1', '3' ]\n}","meta":{"userLevel":true,"rootId":"dax76cspe1hizc3","id":"dax76cspe1hizc3"},"id":"5ouspyz3ov812z0","previousOperationId":"0382ptemzlqn0aa"}
{"type":"log","timestamp":1674752445802,"level":"debug","message":"(console:log) [ 'Las Palmas de Gran Canaria', 'Galdar', 'Teror' ]","meta":{"userLevel":true,"rootId":"dax76cspe1hizc3","id":"dax76cspe1hizc3"},"id":"ntu9ffbgp8c3d9k","previousOperationId":"0382ptemzlqn0aa"}
{"type":"log","timestamp":1674752445802,"level":"debug","message":"(console:log) [ '2', '1', '3' ]","meta":{"userLevel":true,"rootId":"dax76cspe1hizc3","id":"dax76cspe1hizc3"},"id":"ar5uaf39b3gnv3h","previousOperationId":"0382ptemzlqn0aa"}
{"type":"operationEnd","operationId":"0382ptemzlqn0aa","timestamp":1674752446246,"id":"nccxeqk9n065eyh","previousEventId":"j6ctu3wud0sd16f","previousOperationId":"zklg3udhk4e2dsz"}
{"type":"operationEnd","operationId":"gc89rlo9y21el4x","timestamp":1674752446246,"id":"hsxkghizhz8k2yj","previousEventId":"nccxeqk9n065eyh","previousOperationId":"zklg3udhk4e2dsz"}
{"type":"log","timestamp":1674752446246,"level":"debug","message":"Base url not specified, skipping its injection.","meta":{"rootId":"dax76cspe1hizc3","id":"dax76cspe1hizc3"},"id":"eixzql3ai6os7y5","previousOperationId":"gc89rlo9y21el4x"}
{"type":"operationStart","subtype":"engine","name":"handlebars","timestamp":1674752446246,"id":"8c9qfyop26iimr1","previousEventId":"hsxkghizhz8k2yj","operationId":"fxs1uf8ftxymy0f","previousOperationId":"gc89rlo9y21el4x"}
{"type":"log","timestamp":1674752446246,"level":"debug","message":"Rendering engine handlebars","meta":{"rootId":"dax76cspe1hizc3","id":"dax76cspe1hizc3"},"id":"csblwf8ha6afanm","previousOperationId":"fxs1uf8ftxymy0f"}
{"type":"operationEnd","operationId":"fxs1uf8ftxymy0f","timestamp":1674752446271,"id":"l0fooaxr77n3cxc","previousEventId":"8c9qfyop26iimr1","previousOperationId":"fxs1uf8ftxymy0f"}
{"type":"operationStart","subtype":"recipe","name":"chrome-pdf","timestamp":1674752446271,"id":"g5ofukd6tjo2pq0","previousEventId":"l0fooaxr77n3cxc","operationId":"o8a8phfyagn7yif","previousOperationId":"fxs1uf8ftxymy0f"}
{"type":"log","timestamp":1674752446271,"level":"debug","message":"Executing recipe chrome-pdf","meta":{"rootId":"dax76cspe1hizc3","id":"dax76cspe1hizc3"},"id":"hj2wv4s24nnic64","previousOperationId":"o8a8phfyagn7yif"}
{"type":"log","timestamp":1674752446275,"level":"debug","message":"Converting with chrome HeadlessChrome/105.0.5173.0 using chrome-pool strategy","meta":{"rootId":"dax76cspe1hizc3","id":"dax76cspe1hizc3"},"id":"szlfm25hn3l72o1","previousOperationId":"o8a8phfyagn7yif"}
{"type":"log","timestamp":1674752446396,"level":"debug","message":"Page request: GET (document) file:///C:/Users/Johan/AppData/Local/Temp/jsreport/autocleanup/11435c2f-f500-462f-8c21-139c1f0aa436-chrome-pdf.html","meta":{"rootId":"dax76cspe1hizc3","id":"dax76cspe1hizc3"},"id":"dhd5kh5v8vqvly0","previousOperationId":"o8a8phfyagn7yif"}
{"type":"log","timestamp":1674752446417,"level":"debug","message":"Page request: GET (stylesheet) https://cdnjs.cloudflare.com/ajax/libs/metro/4.1.5/css/metro.min.css","meta":{"rootId":"dax76cspe1hizc3","id":"dax76cspe1hizc3"},"id":"dgx9cr21dbesf4d","previousOperationId":"o8a8phfyagn7yif"}
{"type":"log","timestamp":1674752446417,"level":"debug","message":"Page request: GET (stylesheet) https://cdnjs.cloudflare.com/ajax/libs/chartist/0.11.0/chartist.min.css","meta":{"rootId":"dax76cspe1hizc3","id":"dax76cspe1hizc3"},"id":"8ipbrhbut0zh3l5","previousOperationId":"o8a8phfyagn7yif"}
{"type":"log","timestamp":1674752446417,"level":"debug","message":"Page request: GET (script) https://cdnjs.cloudflare.com/ajax/libs/chartist/0.11.0/chartist.min.js","meta":{"rootId":"dax76cspe1hizc3","id":"dax76cspe1hizc3"},"id":"5oub5z8acuuoyhh","previousOperationId":"o8a8phfyagn7yif"}
{"type":"log","timestamp":1674752446417,"level":"debug","message":"Page request: GET (script) https://unpkg.com/chartist-plugin-tooltips@0.0.17","meta":{"rootId":"dax76cspe1hizc3","id":"dax76cspe1hizc3"},"id":"6gsbdj9px7y64cu","previousOperationId":"o8a8phfyagn7yif"}
{"type":"log","timestamp":1674752446418,"level":"debug","message":"Page request finished: GET (document) 200 file:///C:/Users/Johan/AppData/Local/Temp/jsreport/autocleanup/11435c2f-f500-462f-8c21-139c1f0aa436-chrome-pdf.html","meta":{"rootId":"dax76cspe1hizc3","id":"dax76cspe1hizc3"},"id":"rh1s0dbcisy1kxk","previousOperationId":"o8a8phfyagn7yif"}
{"type":"log","timestamp":1674752446418,"level":"debug","message":"Page request: GET (script) https://unpkg.com/chartist-plugin-pointlabels@0.0.6","meta":{"rootId":"dax76cspe1hizc3","id":"dax76cspe1hizc3"},"id":"8zyw8ikgwfscleh","previousOperationId":"o8a8phfyagn7yif"}
{"type":"log","timestamp":1674752446425,"level":"debug","message":"Page request finished: GET (stylesheet) 200 https://cdnjs.cloudflare.com/ajax/libs/chartist/0.11.0/chartist.min.css","meta":{"rootId":"dax76cspe1hizc3","id":"dax76cspe1hizc3"},"id":"nz86l739x0ova8s","previousOperationId":"o8a8phfyagn7yif"}
{"type":"log","timestamp":1674752446426,"level":"warn","message":"Page request failed: GET (script) 302 https://unpkg.com/chartist-plugin-tooltips@0.0.17 (redirect to: /chartist-plugin-tooltips@0.0.17/dist/chartist-plugin-tooltip.js)","meta":{"rootId":"dax76cspe1hizc3","id":"dax76cspe1hizc3"},"id":"u9if27i9cf0apdw","previousOperationId":"o8a8phfyagn7yif"}
{"type":"log","timestamp":1674752446427,"level":"warn","message":"Page request failed: GET (script) 302 https://unpkg.com/chartist-plugin-pointlabels@0.0.6 (redirect to: /chartist-plugin-pointlabels@0.0.6/dist/chartist-plugin-pointlabels.js)","meta":{"rootId":"dax76cspe1hizc3","id":"dax76cspe1hizc3"},"id":"eynsnvr2k7x5ak2","previousOperationId":"o8a8phfyagn7yif"}
{"type":"log","timestamp":1674752446427,"level":"debug","message":"Page request: GET (script) https://unpkg.com/chartist-plugin-tooltips@0.0.17/dist/chartist-plugin-tooltip.js (redirect from: https://unpkg.com/chartist-plugin-tooltips@0.0.17)","meta":{"rootId":"dax76cspe1hizc3","id":"dax76cspe1hizc3"},"id":"el6wamck3k5413m","previousOperationId":"o8a8phfyagn7yif"}
{"type":"log","timestamp":1674752446427,"level":"debug","message":"Page request: GET (script) https://unpkg.com/chartist-plugin-pointlabels@0.0.6/dist/chartist-plugin-pointlabels.js (redirect from: https://unpkg.com/chartist-plugin-pointlabels@0.0.6)","meta":{"rootId":"dax76cspe1hizc3","id":"dax76cspe1hizc3"},"id":"5srfik69wiiuo8q","previousOperationId":"o8a8phfyagn7yif"}
{"type":"log","timestamp":1674752446447,"level":"debug","message":"Page request finished: GET (stylesheet) 200 https://cdnjs.cloudflare.com/ajax/libs/metro/4.1.5/css/metro.min.css","meta":{"rootId":"dax76cspe1hizc3","id":"dax76cspe1hizc3"},"id":"qnyx27bzkl0ovbp","previousOperationId":"o8a8phfyagn7yif"}
{"type":"log","timestamp":1674752446447,"level":"debug","message":"Page request finished: GET (script) 200 https://cdnjs.cloudflare.com/ajax/libs/chartist/0.11.0/chartist.min.js","meta":{"rootId":"dax76cspe1hizc3","id":"dax76cspe1hizc3"},"id":"xo5rmk7fhe1dpux","previousOperationId":"o8a8phfyagn7yif"}
{"type":"log","timestamp":1674752446454,"level":"debug","message":"Page request finished: GET (script) 200 https://unpkg.com/chartist-plugin-tooltips@0.0.17/dist/chartist-plugin-tooltip.js","meta":{"rootId":"dax76cspe1hizc3","id":"dax76cspe1hizc3"},"id":"3x1i06fxk0otqgq","previousOperationId":"o8a8phfyagn7yif"}
{"type":"log","timestamp":1674752446455,"level":"debug","message":"Page request finished: GET (script) 200 https://unpkg.com/chartist-plugin-pointlabels@0.0.6/dist/chartist-plugin-pointlabels.js","meta":{"rootId":"dax76cspe1hizc3","id":"dax76cspe1hizc3"},"id":"uqifvmnn09vntmi","previousOperationId":"o8a8phfyagn7yif"}
{"type":"log","timestamp":1674752446458,"level":"warn","message":"Page error: SyntaxError: Unexpected identifier","meta":{"rootId":"dax76cspe1hizc3","id":"dax76cspe1hizc3"},"id":"zi5vr62nomdd1kr","previousOperationId":"o8a8phfyagn7yif"}
{"type":"log","timestamp":1674752446502,"level":"debug","message":"Running chrome with params {\"printBackground\":true,\"timeout\":59219,\"margin\":{}}","meta":{"rootId":"dax76cspe1hizc3","id":"dax76cspe1hizc3"},"id":"2vgk1hik7dmqqng","previousOperationId":"o8a8phfyagn7yif"}
{"type":"operationEnd","operationId":"o8a8phfyagn7yif","timestamp":1674752446621,"id":"guz0d2omq9vw7f9","previousEventId":"g5ofukd6tjo2pq0","previousOperationId":"o8a8phfyagn7yif"}
{"type":"log","timestamp":1674752446621,"level":"debug","message":"Executing script testing (afterRender)","meta":{"rootId":"dax76cspe1hizc3","id":"dax76cspe1hizc3"},"id":"s17hu443nlry2ve","previousOperationId":"o8a8phfyagn7yif"}
{"type":"operationStart","subtype":"scriptsAfterRender","name":"scripts afterRender","timestamp":1674752446634,"id":"4i6w58otvcznxc6","previousEventId":"guz0d2omq9vw7f9","operationId":"q9cyf3adgka6mxi","previousOperationId":"o8a8phfyagn7yif"}
{"type":"operationStart","subtype":"script","name":"scripts testing","previousOperationId":"q9cyf3adgka6mxi","timestamp":1674752446634,"id":"c2rj9w0nm37wlho","previousEventId":"4i6w58otvcznxc6","operationId":"835z2xp5k5dou7f"}
{"type":"operationEnd","operationId":"835z2xp5k5dou7f","timestamp":1674752447614,"id":"pveoqpcztwufia2","previousEventId":"guz0d2omq9vw7f9","previousOperationId":"o8a8phfyagn7yif"}
{"type":"operationEnd","operationId":"q9cyf3adgka6mxi","timestamp":1674752447614,"id":"1q49gl6rftszy0v","previousEventId":"pveoqpcztwufia2","previousOperationId":"o8a8phfyagn7yif"}
{"type":"log","timestamp":1674752447614,"level":"debug","message":"Skipping storing report.","meta":{"rootId":"dax76cspe1hizc3","id":"dax76cspe1hizc3"},"id":"8hay7g7zwwf8hh0","previousOperationId":"q9cyf3adgka6mxi"}
{"type":"log","timestamp":1674752447615,"level":"info","message":"Rendering request 3 finished in 2123 ms","meta":{"rootId":"dax76cspe1hizc3","id":"dax76cspe1hizc3"},"id":"z5ro8vny3jo5gdg","previousOperationId":"q9cyf3adgka6mxi"}
{"type":"operationEnd","subtype":"render","operationId":"zklg3udhk4e2dsz","timestamp":1674752447615,"id":"j7bkl2qo0mqbpg4","previousEventId":"1q49gl6rftszy0v","previousOperationId":"q9cyf3adgka6mxi"}
{"type":"operationEnd","doDiffs":false,"previousEventId":"hrdcgu4tbm92vgn","previousOperationId":"5scgsz0nehaaqyr","operationId":"5scgsz0nehaaqyr","timestamp":1674752447620,"id":"9c5kem08tki3k9c"}
