{"type":"operationStart","subtype":"profile","data":{"_id":"dAwbVcg07n11LMdK","timestamp":"2023-01-26T18:31:24.750Z","state":"queued","mode":"standard","creationDate":"2023-01-26T18:31:24.753Z","modificationDate":"2023-01-26T18:31:24.753Z","shortid":"BXq7e1A","$entitySet":"profiles"},"doDiffs":false,"timestamp":1674757884752,"id":"gp1pmgbvq1bnx25","previousOperationId":null,"operationId":"viww4cv3lywuaxg"}
{"type":"log","level":"info","message":"Render request 18 queued for execution and waiting for available worker","previousOperationId":"viww4cv3lywuaxg","timestamp":1674757884752,"id":"7xg3mwaq0qw9brq"}
{"type":"operationStart","subtype":"render","name":"Data","previousOperationId":"viww4cv3lywuaxg","timestamp":1674757884762,"id":"tb8fpsnzw9fy1p2","previousEventId":"gp1pmgbvq1bnx25","operationId":"vwdyczojovno39i"}
{"type":"log","timestamp":1674757884762,"level":"info","message":"Starting rendering request 18","meta":{"rootId":"db2z4s8uy5tfya4","id":"db2z4s8uy5tfya4"},"id":"k1baxskqhitg2ls","previousOperationId":"vwdyczojovno39i"}
{"type":"log","timestamp":1674757884762,"level":"info","message":"Rendering template { name: Data, recipe: chrome-pdf, engine: handlebars, preview: true }","meta":{"rootId":"db2z4s8uy5tfya4","id":"db2z4s8uy5tfya4"},"id":"29igjjt8xawaw89","previousOperationId":"vwdyczojovno39i"}
{"type":"log","timestamp":1674757884763,"level":"debug","message":"Data item not defined for this template.","meta":{"rootId":"db2z4s8uy5tfya4","id":"db2z4s8uy5tfya4"},"id":"a5k07qrsijb3d27","previousOperationId":"vwdyczojovno39i"}
{"type":"log","timestamp":1674757884764,"level":"debug","message":"Executing script testing (beforeRender)","meta":{"rootId":"db2z4s8uy5tfya4","id":"db2z4s8uy5tfya4"},"id":"rp92vse94op0xgq","previousOperationId":"vwdyczojovno39i"}
{"type":"operationStart","subtype":"scriptsBeforeRender","name":"scripts beforeRender","timestamp":1674757884812,"id":"fqd3lek1gz14a1t","previousEventId":"tb8fpsnzw9fy1p2","operationId":"2buqn7pgqpu824m","previousOperationId":"vwdyczojovno39i"}
{"type":"operationStart","subtype":"script","name":"scripts testing","previousOperationId":"2buqn7pgqpu824m","timestamp":1674757884812,"id":"1pe7ilmj2myf8f5","previousEventId":"fqd3lek1gz14a1t","operationId":"5rohffy5sb9vqsg"}
{"type":"log","timestamp":1674757885032,"level":"debug","message":"(console:log) Sin cuidado: 2,1,3","meta":{"userLevel":true,"rootId":"db2z4s8uy5tfya4","id":"db2z4s8uy5tfya4"},"id":"srh6vwxjwtbfu1o","previousOperationId":"5rohffy5sb9vqsg"}
{"type":"log","timestamp":1674757885032,"level":"debug","message":"(console:log) Sin cuidado: Arucas,Galdar,Teror","meta":{"userLevel":true,"rootId":"db2z4s8uy5tfya4","id":"db2z4s8uy5tfya4"},"id":"72utye50ucm9v37","previousOperationId":"5rohffy5sb9vqsg"}
{"type":"operationEnd","operationId":"5rohffy5sb9vqsg","timestamp":1674757885445,"id":"jx3oudg4hgfqtnh","previousEventId":"tb8fpsnzw9fy1p2","previousOperationId":"vwdyczojovno39i"}
{"type":"operationEnd","operationId":"2buqn7pgqpu824m","timestamp":1674757885445,"id":"8kra4kji30uzho4","previousEventId":"jx3oudg4hgfqtnh","previousOperationId":"vwdyczojovno39i"}
{"type":"log","timestamp":1674757885445,"level":"debug","message":"Base url not specified, skipping its injection.","meta":{"rootId":"db2z4s8uy5tfya4","id":"db2z4s8uy5tfya4"},"id":"5modytd1vykynfk","previousOperationId":"2buqn7pgqpu824m"}
{"type":"operationStart","subtype":"engine","name":"handlebars","timestamp":1674757885445,"id":"3c7poisw4m9oouo","previousEventId":"8kra4kji30uzho4","operationId":"um0p0vdu4k0rcsf","previousOperationId":"2buqn7pgqpu824m"}
{"type":"log","timestamp":1674757885445,"level":"debug","message":"Rendering engine handlebars","meta":{"rootId":"db2z4s8uy5tfya4","id":"db2z4s8uy5tfya4"},"id":"7hl51g4uxkashxp","previousOperationId":"um0p0vdu4k0rcsf"}
{"type":"operationEnd","operationId":"um0p0vdu4k0rcsf","timestamp":1674757885458,"id":"xett2eb7wjnbgtv","previousEventId":"3c7poisw4m9oouo","previousOperationId":"um0p0vdu4k0rcsf"}
{"type":"operationStart","subtype":"recipe","name":"chrome-pdf","timestamp":1674757885458,"id":"ovwxmemtvn7bqp3","previousEventId":"xett2eb7wjnbgtv","operationId":"v0mwy3eq2g1r5uq","previousOperationId":"um0p0vdu4k0rcsf"}
{"type":"log","timestamp":1674757885458,"level":"debug","message":"Executing recipe chrome-pdf","meta":{"rootId":"db2z4s8uy5tfya4","id":"db2z4s8uy5tfya4"},"id":"sbd7m3hbmlyozmt","previousOperationId":"v0mwy3eq2g1r5uq"}
{"type":"log","timestamp":1674757885461,"level":"debug","message":"Converting with chrome HeadlessChrome/105.0.5173.0 using chrome-pool strategy","meta":{"rootId":"db2z4s8uy5tfya4","id":"db2z4s8uy5tfya4"},"id":"2rubpd9zw14j7s9","previousOperationId":"v0mwy3eq2g1r5uq"}
{"type":"log","timestamp":1674757885546,"level":"debug","message":"Page request: GET (document) file:///C:/Users/Johan/AppData/Local/Temp/jsreport/autocleanup/6af84e2f-31e0-49ed-9d6e-6761191b42ff-chrome-pdf.html","meta":{"rootId":"db2z4s8uy5tfya4","id":"db2z4s8uy5tfya4"},"id":"6y6ewjpaebgbgzv","previousOperationId":"v0mwy3eq2g1r5uq"}
{"type":"log","timestamp":1674757885570,"level":"debug","message":"Page request finished: GET (document) 200 file:///C:/Users/Johan/AppData/Local/Temp/jsreport/autocleanup/6af84e2f-31e0-49ed-9d6e-6761191b42ff-chrome-pdf.html","meta":{"rootId":"db2z4s8uy5tfya4","id":"db2z4s8uy5tfya4"},"id":"bqw941yhhj2zhcf","previousOperationId":"v0mwy3eq2g1r5uq"}
{"type":"log","timestamp":1674757885570,"level":"debug","message":"Page request: GET (stylesheet) https://cdnjs.cloudflare.com/ajax/libs/metro/4.1.5/css/metro.min.css","meta":{"rootId":"db2z4s8uy5tfya4","id":"db2z4s8uy5tfya4"},"id":"58vriwrcoqdwesx","previousOperationId":"v0mwy3eq2g1r5uq"}
{"type":"log","timestamp":1674757885571,"level":"debug","message":"Page request: GET (stylesheet) https://cdnjs.cloudflare.com/ajax/libs/chartist/0.11.0/chartist.min.css","meta":{"rootId":"db2z4s8uy5tfya4","id":"db2z4s8uy5tfya4"},"id":"p75y4x44o3h5f38","previousOperationId":"v0mwy3eq2g1r5uq"}
{"type":"log","timestamp":1674757885572,"level":"debug","message":"Page request: GET (script) https://cdnjs.cloudflare.com/ajax/libs/chartist/0.11.0/chartist.min.js","meta":{"rootId":"db2z4s8uy5tfya4","id":"db2z4s8uy5tfya4"},"id":"qjp2kubef9jt5nj","previousOperationId":"v0mwy3eq2g1r5uq"}
{"type":"log","timestamp":1674757885572,"level":"debug","message":"Page request: GET (script) https://unpkg.com/chartist-plugin-tooltips@0.0.17","meta":{"rootId":"db2z4s8uy5tfya4","id":"db2z4s8uy5tfya4"},"id":"rq7m4fssrs5ck5f","previousOperationId":"v0mwy3eq2g1r5uq"}
{"type":"log","timestamp":1674757885572,"level":"debug","message":"Page request: GET (script) https://unpkg.com/chartist-plugin-pointlabels@0.0.6","meta":{"rootId":"db2z4s8uy5tfya4","id":"db2z4s8uy5tfya4"},"id":"yurhiypnqkqhflp","previousOperationId":"v0mwy3eq2g1r5uq"}
{"type":"log","timestamp":1674757885579,"level":"warn","message":"Page request failed: GET (script) 302 https://unpkg.com/chartist-plugin-tooltips@0.0.17 (redirect to: /chartist-plugin-tooltips@0.0.17/dist/chartist-plugin-tooltip.js)","meta":{"rootId":"db2z4s8uy5tfya4","id":"db2z4s8uy5tfya4"},"id":"ou6rwc1vrboihah","previousOperationId":"v0mwy3eq2g1r5uq"}
{"type":"log","timestamp":1674757885579,"level":"warn","message":"Page request failed: GET (script) 302 https://unpkg.com/chartist-plugin-pointlabels@0.0.6 (redirect to: /chartist-plugin-pointlabels@0.0.6/dist/chartist-plugin-pointlabels.js)","meta":{"rootId":"db2z4s8uy5tfya4","id":"db2z4s8uy5tfya4"},"id":"uno0h7pddlyfned","previousOperationId":"v0mwy3eq2g1r5uq"}
{"type":"log","timestamp":1674757885579,"level":"debug","message":"Page request: GET (script) https://unpkg.com/chartist-plugin-tooltips@0.0.17/dist/chartist-plugin-tooltip.js (redirect from: https://unpkg.com/chartist-plugin-tooltips@0.0.17)","meta":{"rootId":"db2z4s8uy5tfya4","id":"db2z4s8uy5tfya4"},"id":"72bqn70fp7daqgg","previousOperationId":"v0mwy3eq2g1r5uq"}
{"type":"log","timestamp":1674757885580,"level":"debug","message":"Page request: GET (script) https://unpkg.com/chartist-plugin-pointlabels@0.0.6/dist/chartist-plugin-pointlabels.js (redirect from: https://unpkg.com/chartist-plugin-pointlabels@0.0.6)","meta":{"rootId":"db2z4s8uy5tfya4","id":"db2z4s8uy5tfya4"},"id":"pbqpqwsymraatik","previousOperationId":"v0mwy3eq2g1r5uq"}
{"type":"log","timestamp":1674757885581,"level":"debug","message":"Page request finished: GET (stylesheet) 200 https://cdnjs.cloudflare.com/ajax/libs/chartist/0.11.0/chartist.min.css","meta":{"rootId":"db2z4s8uy5tfya4","id":"db2z4s8uy5tfya4"},"id":"zdi92kjb8fsxwbv","previousOperationId":"v0mwy3eq2g1r5uq"}
{"type":"log","timestamp":1674757885599,"level":"debug","message":"Page request finished: GET (stylesheet) 200 https://cdnjs.cloudflare.com/ajax/libs/metro/4.1.5/css/metro.min.css","meta":{"rootId":"db2z4s8uy5tfya4","id":"db2z4s8uy5tfya4"},"id":"np1cs29pbb7qw5z","previousOperationId":"v0mwy3eq2g1r5uq"}
{"type":"log","timestamp":1674757885600,"level":"debug","message":"Page request finished: GET (script) 200 https://cdnjs.cloudflare.com/ajax/libs/chartist/0.11.0/chartist.min.js","meta":{"rootId":"db2z4s8uy5tfya4","id":"db2z4s8uy5tfya4"},"id":"oqf6tpa1iy2t84j","previousOperationId":"v0mwy3eq2g1r5uq"}
{"type":"log","timestamp":1674757885602,"level":"debug","message":"Page request finished: GET (script) 200 https://unpkg.com/chartist-plugin-tooltips@0.0.17/dist/chartist-plugin-tooltip.js","meta":{"rootId":"db2z4s8uy5tfya4","id":"db2z4s8uy5tfya4"},"id":"uw5e8ysbtuyq0hg","previousOperationId":"v0mwy3eq2g1r5uq"}
{"type":"log","timestamp":1674757885602,"level":"debug","message":"Page request finished: GET (script) 200 https://unpkg.com/chartist-plugin-pointlabels@0.0.6/dist/chartist-plugin-pointlabels.js","meta":{"rootId":"db2z4s8uy5tfya4","id":"db2z4s8uy5tfya4"},"id":"gk29n151xu4zfc5","previousOperationId":"v0mwy3eq2g1r5uq"}
{"type":"log","timestamp":1674757885603,"level":"debug","message":"(console:log) Me he venido","meta":{"userLevel":true,"rootId":"db2z4s8uy5tfya4","id":"db2z4s8uy5tfya4"},"id":"flmzno6qcw8wchp","previousOperationId":"v0mwy3eq2g1r5uq"}
{"type":"log","timestamp":1674757885603,"level":"debug","message":"(console:log) Cuidado: 2,1,3","meta":{"userLevel":true,"rootId":"db2z4s8uy5tfya4","id":"db2z4s8uy5tfya4"},"id":"yhlycq1stnh0s0t","previousOperationId":"v0mwy3eq2g1r5uq"}
{"type":"log","timestamp":1674757885604,"level":"debug","message":"(console:log) Cuidado: undefined","meta":{"userLevel":true,"rootId":"db2z4s8uy5tfya4","id":"db2z4s8uy5tfya4"},"id":"0u041wakrzulol1","previousOperationId":"v0mwy3eq2g1r5uq"}
{"type":"log","timestamp":1674757885604,"level":"warn","message":"Page error: ReferenceError: Arucas is not defined\n    at file:///C:/Users/Johan/AppData/Local/Temp/jsreport/autocleanup/6af84e2f-31e0-49ed-9d6e-6761191b42ff-chrome-pdf.html:57:31","meta":{"rootId":"db2z4s8uy5tfya4","id":"db2z4s8uy5tfya4"},"id":"dwo1asupvf02lvv","previousOperationId":"v0mwy3eq2g1r5uq"}
{"type":"log","timestamp":1674757885642,"level":"debug","message":"Running chrome with params {\"printBackground\":true,\"timeout\":59290,\"margin\":{}}","meta":{"rootId":"db2z4s8uy5tfya4","id":"db2z4s8uy5tfya4"},"id":"dxwhccx5oqlkxx7","previousOperationId":"v0mwy3eq2g1r5uq"}
{"type":"operationEnd","operationId":"v0mwy3eq2g1r5uq","timestamp":1674757885760,"id":"x7r82kcuk7ubxzr","previousEventId":"ovwxmemtvn7bqp3","previousOperationId":"v0mwy3eq2g1r5uq"}
{"type":"log","timestamp":1674757885760,"level":"debug","message":"Executing script testing (afterRender)","meta":{"rootId":"db2z4s8uy5tfya4","id":"db2z4s8uy5tfya4"},"id":"axt0bpunsbt9qhi","previousOperationId":"v0mwy3eq2g1r5uq"}
{"type":"operationStart","subtype":"scriptsAfterRender","name":"scripts afterRender","timestamp":1674757885767,"id":"o9et03yf8lp3lcp","previousEventId":"x7r82kcuk7ubxzr","operationId":"lorwbbwsmwh05np","previousOperationId":"v0mwy3eq2g1r5uq"}
{"type":"operationStart","subtype":"script","name":"scripts testing","previousOperationId":"lorwbbwsmwh05np","timestamp":1674757885767,"id":"t2uvs9s4ijypk8g","previousEventId":"o9et03yf8lp3lcp","operationId":"2jf0v6ild9czdhe"}
{"type":"operationEnd","operationId":"2jf0v6ild9czdhe","timestamp":1674757886808,"id":"9wvpffw77sedzvu","previousEventId":"x7r82kcuk7ubxzr","previousOperationId":"v0mwy3eq2g1r5uq"}
{"type":"operationEnd","operationId":"lorwbbwsmwh05np","timestamp":1674757886808,"id":"eq8ov7y978kpez2","previousEventId":"9wvpffw77sedzvu","previousOperationId":"v0mwy3eq2g1r5uq"}
{"type":"log","timestamp":1674757886808,"level":"debug","message":"Skipping storing report.","meta":{"rootId":"db2z4s8uy5tfya4","id":"db2z4s8uy5tfya4"},"id":"32k9a9lcabr71n0","previousOperationId":"lorwbbwsmwh05np"}
{"type":"log","timestamp":1674757886808,"level":"info","message":"Rendering request 18 finished in 2058 ms","meta":{"rootId":"db2z4s8uy5tfya4","id":"db2z4s8uy5tfya4"},"id":"ouusna4gnbhtjai","previousOperationId":"lorwbbwsmwh05np"}
{"type":"operationEnd","subtype":"render","operationId":"vwdyczojovno39i","timestamp":1674757886808,"id":"h1uqa2vops2ag8d","previousEventId":"eq8ov7y978kpez2","previousOperationId":"lorwbbwsmwh05np"}
{"type":"operationEnd","doDiffs":false,"previousEventId":"gp1pmgbvq1bnx25","previousOperationId":"viww4cv3lywuaxg","operationId":"viww4cv3lywuaxg","timestamp":1674757886812,"id":"zhms0e2i6n140lw"}
