{"type":"operationStart","subtype":"profile","data":{"_id":"DtgTbTpU77moY4Gn","timestamp":"2023-01-26T16:02:58.338Z","state":"queued","mode":"standard","creationDate":"2023-01-26T16:02:58.342Z","modificationDate":"2023-01-26T16:02:58.342Z","shortid":"BAF3sO0","$entitySet":"profiles"},"doDiffs":false,"timestamp":1674748978340,"id":"gt7vx1008j12brj","previousOperationId":null,"operationId":"77yzhz2p5wiqps2"}
{"type":"log","level":"info","message":"Render request 50 queued for execution and waiting for available worker","previousOperationId":"77yzhz2p5wiqps2","timestamp":1674748978340,"id":"x8w0kofloeo6x6o"}
{"type":"operationStart","subtype":"render","name":"Data","previousOperationId":"77yzhz2p5wiqps2","timestamp":1674748978349,"id":"nfqzpvlg4wg0krb","previousEventId":"gt7vx1008j12brj","operationId":"1yeta8bn4k5hbh5"}
{"type":"log","timestamp":1674748978350,"level":"info","message":"Starting rendering request 50","meta":{"rootId":"dmviyuujszsit0g","id":"dmviyuujszsit0g"},"id":"4zbzple6v986hl4","previousOperationId":"1yeta8bn4k5hbh5"}
{"type":"log","timestamp":1674748978350,"level":"info","message":"Rendering template { name: Data, recipe: chrome-pdf, engine: handlebars, preview: true }","meta":{"rootId":"dmviyuujszsit0g","id":"dmviyuujszsit0g"},"id":"cseg3npp7ecqp8z","previousOperationId":"1yeta8bn4k5hbh5"}
{"type":"log","timestamp":1674748978350,"level":"debug","message":"Data item not defined for this template.","meta":{"rootId":"dmviyuujszsit0g","id":"dmviyuujszsit0g"},"id":"prf923ujzy0l4go","previousOperationId":"1yeta8bn4k5hbh5"}
{"type":"log","timestamp":1674748978352,"level":"debug","message":"Executing script testing (beforeRender)","meta":{"rootId":"dmviyuujszsit0g","id":"dmviyuujszsit0g"},"id":"m40h02qbjllfulj","previousOperationId":"1yeta8bn4k5hbh5"}
{"type":"operationStart","subtype":"scriptsBeforeRender","name":"scripts beforeRender","timestamp":1674748978392,"id":"v856nhp57s7zgof","previousEventId":"nfqzpvlg4wg0krb","operationId":"6hwldhfmftyh0e4","previousOperationId":"1yeta8bn4k5hbh5"}
{"type":"operationStart","subtype":"script","name":"scripts testing","previousOperationId":"6hwldhfmftyh0e4","timestamp":1674748978392,"id":"majaejnmk25imwp","previousEventId":"v856nhp57s7zgof","operationId":"5kjt17kt1lnamf8"}
{"type":"log","timestamp":1674748978617,"level":"debug","message":"(console:log) { location_id: [ '58', '2', '59' ], repetition: [ '2', '3', '1' ] }","meta":{"userLevel":true,"rootId":"dmviyuujszsit0g","id":"dmviyuujszsit0g"},"id":"0v37zfph6xt4e9l","previousOperationId":"5kjt17kt1lnamf8"}
{"type":"operationEnd","operationId":"5kjt17kt1lnamf8","timestamp":1674748979013,"id":"0yu5g1s0bnslpaw","previousEventId":"nfqzpvlg4wg0krb","previousOperationId":"1yeta8bn4k5hbh5"}
{"type":"operationEnd","operationId":"6hwldhfmftyh0e4","timestamp":1674748979013,"id":"j66fiso0tlomk4c","previousEventId":"0yu5g1s0bnslpaw","previousOperationId":"1yeta8bn4k5hbh5"}
{"type":"log","timestamp":1674748979013,"level":"debug","message":"Base url not specified, skipping its injection.","meta":{"rootId":"dmviyuujszsit0g","id":"dmviyuujszsit0g"},"id":"6cpbtj3zisfhagh","previousOperationId":"6hwldhfmftyh0e4"}
{"type":"operationStart","subtype":"engine","name":"handlebars","timestamp":1674748979013,"id":"j6oi7ql2a5xgod0","previousEventId":"j66fiso0tlomk4c","operationId":"c5aw21caym0l491","previousOperationId":"6hwldhfmftyh0e4"}
{"type":"log","timestamp":1674748979013,"level":"debug","message":"Rendering engine handlebars","meta":{"rootId":"dmviyuujszsit0g","id":"dmviyuujszsit0g"},"id":"etg1yl353i5ix89","previousOperationId":"c5aw21caym0l491"}
{"type":"operationEnd","operationId":"c5aw21caym0l491","timestamp":1674748979026,"id":"gom6gr22zzx886h","previousEventId":"j6oi7ql2a5xgod0","previousOperationId":"c5aw21caym0l491"}
{"type":"operationStart","subtype":"recipe","name":"chrome-pdf","timestamp":1674748979027,"id":"d41tt6ba8rw6tma","previousEventId":"gom6gr22zzx886h","operationId":"vf2wsfslnwy6e42","previousOperationId":"c5aw21caym0l491"}
{"type":"log","timestamp":1674748979027,"level":"debug","message":"Executing recipe chrome-pdf","meta":{"rootId":"dmviyuujszsit0g","id":"dmviyuujszsit0g"},"id":"6677xx39m9ny07v","previousOperationId":"vf2wsfslnwy6e42"}
{"type":"log","timestamp":1674748979030,"level":"debug","message":"Converting with chrome HeadlessChrome/105.0.5173.0 using chrome-pool strategy","meta":{"rootId":"dmviyuujszsit0g","id":"dmviyuujszsit0g"},"id":"yi6oiyz9q4z4lby","previousOperationId":"vf2wsfslnwy6e42"}
{"type":"log","timestamp":1674748979118,"level":"debug","message":"Page request: GET (document) file:///C:/Users/Johan/AppData/Local/Temp/jsreport/autocleanup/ecc0d943-8e45-46ac-ad44-8f4e32ddc3f6-chrome-pdf.html","meta":{"rootId":"dmviyuujszsit0g","id":"dmviyuujszsit0g"},"id":"wywnzcd7jwi5olm","previousOperationId":"vf2wsfslnwy6e42"}
{"type":"log","timestamp":1674748979138,"level":"debug","message":"Page request: GET (stylesheet) https://cdnjs.cloudflare.com/ajax/libs/metro/4.1.5/css/metro.min.css","meta":{"rootId":"dmviyuujszsit0g","id":"dmviyuujszsit0g"},"id":"vqn83hxbecmhg9r","previousOperationId":"vf2wsfslnwy6e42"}
{"type":"log","timestamp":1674748979139,"level":"debug","message":"Page request: GET (stylesheet) https://cdnjs.cloudflare.com/ajax/libs/chartist/0.11.0/chartist.min.css","meta":{"rootId":"dmviyuujszsit0g","id":"dmviyuujszsit0g"},"id":"v0o24ybotlx92tu","previousOperationId":"vf2wsfslnwy6e42"}
{"type":"log","timestamp":1674748979139,"level":"debug","message":"Page request: GET (script) https://cdnjs.cloudflare.com/ajax/libs/chartist/0.11.0/chartist.min.js","meta":{"rootId":"dmviyuujszsit0g","id":"dmviyuujszsit0g"},"id":"iubn4qjevi8i7iq","previousOperationId":"vf2wsfslnwy6e42"}
{"type":"log","timestamp":1674748979140,"level":"debug","message":"Page request: GET (script) https://unpkg.com/chartist-plugin-tooltips@0.0.17","meta":{"rootId":"dmviyuujszsit0g","id":"dmviyuujszsit0g"},"id":"w8z4a9h2yqzvxiw","previousOperationId":"vf2wsfslnwy6e42"}
{"type":"log","timestamp":1674748979140,"level":"debug","message":"Page request: GET (script) https://unpkg.com/chartist-plugin-pointlabels@0.0.6","meta":{"rootId":"dmviyuujszsit0g","id":"dmviyuujszsit0g"},"id":"cvj84yhp71s2e51","previousOperationId":"vf2wsfslnwy6e42"}
{"type":"log","timestamp":1674748979141,"level":"debug","message":"Page request finished: GET (document) 200 file:///C:/Users/Johan/AppData/Local/Temp/jsreport/autocleanup/ecc0d943-8e45-46ac-ad44-8f4e32ddc3f6-chrome-pdf.html","meta":{"rootId":"dmviyuujszsit0g","id":"dmviyuujszsit0g"},"id":"wpj95sxwux14ffs","previousOperationId":"vf2wsfslnwy6e42"}
{"type":"log","timestamp":1674748979144,"level":"warn","message":"Page request failed: GET (script) 302 https://unpkg.com/chartist-plugin-tooltips@0.0.17 (redirect to: /chartist-plugin-tooltips@0.0.17/dist/chartist-plugin-tooltip.js)","meta":{"rootId":"dmviyuujszsit0g","id":"dmviyuujszsit0g"},"id":"bzkejc1fdlfbgch","previousOperationId":"vf2wsfslnwy6e42"}
{"type":"log","timestamp":1674748979144,"level":"warn","message":"Page request failed: GET (script) 302 https://unpkg.com/chartist-plugin-pointlabels@0.0.6 (redirect to: /chartist-plugin-pointlabels@0.0.6/dist/chartist-plugin-pointlabels.js)","meta":{"rootId":"dmviyuujszsit0g","id":"dmviyuujszsit0g"},"id":"f94qon1iu1or71l","previousOperationId":"vf2wsfslnwy6e42"}
{"type":"log","timestamp":1674748979145,"level":"debug","message":"Page request: GET (script) https://unpkg.com/chartist-plugin-tooltips@0.0.17/dist/chartist-plugin-tooltip.js (redirect from: https://unpkg.com/chartist-plugin-tooltips@0.0.17)","meta":{"rootId":"dmviyuujszsit0g","id":"dmviyuujszsit0g"},"id":"4ns11w3nd4q2ffx","previousOperationId":"vf2wsfslnwy6e42"}
{"type":"log","timestamp":1674748979145,"level":"debug","message":"Page request: GET (script) https://unpkg.com/chartist-plugin-pointlabels@0.0.6/dist/chartist-plugin-pointlabels.js (redirect from: https://unpkg.com/chartist-plugin-pointlabels@0.0.6)","meta":{"rootId":"dmviyuujszsit0g","id":"dmviyuujszsit0g"},"id":"d4gct5bfafczr0f","previousOperationId":"vf2wsfslnwy6e42"}
{"type":"log","timestamp":1674748979147,"level":"debug","message":"Page request finished: GET (stylesheet) 200 https://cdnjs.cloudflare.com/ajax/libs/chartist/0.11.0/chartist.min.css","meta":{"rootId":"dmviyuujszsit0g","id":"dmviyuujszsit0g"},"id":"ktqbpjdts66vmcr","previousOperationId":"vf2wsfslnwy6e42"}
{"type":"log","timestamp":1674748979164,"level":"debug","message":"Page request finished: GET (stylesheet) 200 https://cdnjs.cloudflare.com/ajax/libs/metro/4.1.5/css/metro.min.css","meta":{"rootId":"dmviyuujszsit0g","id":"dmviyuujszsit0g"},"id":"tieslfurxt9rs0e","previousOperationId":"vf2wsfslnwy6e42"}
{"type":"log","timestamp":1674748979164,"level":"debug","message":"Page request finished: GET (script) 200 https://cdnjs.cloudflare.com/ajax/libs/chartist/0.11.0/chartist.min.js","meta":{"rootId":"dmviyuujszsit0g","id":"dmviyuujszsit0g"},"id":"r7jk1fqq04nrmdj","previousOperationId":"vf2wsfslnwy6e42"}
{"type":"log","timestamp":1674748979174,"level":"debug","message":"Page request finished: GET (script) 200 https://unpkg.com/chartist-plugin-tooltips@0.0.17/dist/chartist-plugin-tooltip.js","meta":{"rootId":"dmviyuujszsit0g","id":"dmviyuujszsit0g"},"id":"7imkc9sbe8anptp","previousOperationId":"vf2wsfslnwy6e42"}
{"type":"log","timestamp":1674748979174,"level":"debug","message":"Page request finished: GET (script) 200 https://unpkg.com/chartist-plugin-pointlabels@0.0.6/dist/chartist-plugin-pointlabels.js","meta":{"rootId":"dmviyuujszsit0g","id":"dmviyuujszsit0g"},"id":"00vtxg8z3x50i1w","previousOperationId":"vf2wsfslnwy6e42"}
{"type":"log","timestamp":1674748979176,"level":"debug","message":"(console:log) Me he venido","meta":{"userLevel":true,"rootId":"dmviyuujszsit0g","id":"dmviyuujszsit0g"},"id":"dyoxc5yf15eq0pq","previousOperationId":"vf2wsfslnwy6e42"}
{"type":"log","timestamp":1674748979206,"level":"warn","message":"Page error: TypeError: b.normalized.series[e].forEach is not a function\n    at f.<anonymous> (https://cdnjs.cloudflare.com/ajax/libs/chartist/0.11.0/chartist.min.js:9:2056)\n    at Array.forEach (<anonymous>)\n    at f.d [as createChart] (https://cdnjs.cloudflare.com/ajax/libs/chartist/0.11.0/chartist.min.js:9:1626)\n    at f.h (https://cdnjs.cloudflare.com/ajax/libs/chartist/0.11.0/chartist.min.js:8:15161)","meta":{"rootId":"dmviyuujszsit0g","id":"dmviyuujszsit0g"},"id":"5ya3x6il007m25c","previousOperationId":"vf2wsfslnwy6e42"}
{"type":"log","timestamp":1674748979220,"level":"debug","message":"Running chrome with params {\"printBackground\":true,\"timeout\":59309,\"margin\":{}}","meta":{"rootId":"dmviyuujszsit0g","id":"dmviyuujszsit0g"},"id":"trvi8tem3jegda3","previousOperationId":"vf2wsfslnwy6e42"}
{"type":"operationEnd","operationId":"vf2wsfslnwy6e42","timestamp":1674748979351,"id":"i4izz5ltijw6m73","previousEventId":"d41tt6ba8rw6tma","previousOperationId":"vf2wsfslnwy6e42"}
{"type":"log","timestamp":1674748979351,"level":"debug","message":"Executing script testing (afterRender)","meta":{"rootId":"dmviyuujszsit0g","id":"dmviyuujszsit0g"},"id":"2gnnhl8w5dlq62l","previousOperationId":"vf2wsfslnwy6e42"}
{"type":"operationStart","subtype":"scriptsAfterRender","name":"scripts afterRender","timestamp":1674748979359,"id":"4gacu22aeuw4bi1","previousEventId":"i4izz5ltijw6m73","operationId":"l315g6dfybval2s","previousOperationId":"vf2wsfslnwy6e42"}
{"type":"operationStart","subtype":"script","name":"scripts testing","previousOperationId":"l315g6dfybval2s","timestamp":1674748979359,"id":"gz1takosduno018","previousEventId":"4gacu22aeuw4bi1","operationId":"36ow9yfjhmorwai"}
{"type":"operationEnd","operationId":"36ow9yfjhmorwai","timestamp":1674748980476,"id":"0u79uv7hvwh7ned","previousEventId":"i4izz5ltijw6m73","previousOperationId":"vf2wsfslnwy6e42"}
{"type":"operationEnd","operationId":"l315g6dfybval2s","timestamp":1674748980476,"id":"r69jss0hfh7rrsx","previousEventId":"0u79uv7hvwh7ned","previousOperationId":"vf2wsfslnwy6e42"}
{"type":"log","timestamp":1674748980476,"level":"debug","message":"Skipping storing report.","meta":{"rootId":"dmviyuujszsit0g","id":"dmviyuujszsit0g"},"id":"5b2jp35479lqbfy","previousOperationId":"l315g6dfybval2s"}
{"type":"log","timestamp":1674748980476,"level":"info","message":"Rendering request 50 finished in 2138 ms","meta":{"rootId":"dmviyuujszsit0g","id":"dmviyuujszsit0g"},"id":"d0eaunkb2ub9bxx","previousOperationId":"l315g6dfybval2s"}
{"type":"operationEnd","subtype":"render","operationId":"1yeta8bn4k5hbh5","timestamp":1674748980476,"id":"wjnh0o3haki0t1g","previousEventId":"r69jss0hfh7rrsx","previousOperationId":"l315g6dfybval2s"}
{"type":"operationEnd","doDiffs":false,"previousEventId":"gt7vx1008j12brj","previousOperationId":"77yzhz2p5wiqps2","operationId":"77yzhz2p5wiqps2","timestamp":1674748980480,"id":"5xl8frvyy4q2iae"}
