{"type":"operationStart","subtype":"profile","data":{"_id":"rVHG8cWTGHKG9Enn","timestamp":"2023-01-26T17:24:30.242Z","state":"queued","mode":"standard","creationDate":"2023-01-26T17:24:30.245Z","modificationDate":"2023-01-26T17:24:30.245Z","shortid":"tcMI2C4","$entitySet":"profiles"},"doDiffs":false,"timestamp":1674753870244,"id":"wwttso7apcst2n7","previousOperationId":null,"operationId":"6o3asl7ea8a10iy"}
{"type":"log","level":"info","message":"Render request 32 queued for execution and waiting for available worker","previousOperationId":"6o3asl7ea8a10iy","timestamp":1674753870244,"id":"lqms10agad27wbb"}
{"type":"operationStart","subtype":"render","name":"Data","previousOperationId":"6o3asl7ea8a10iy","timestamp":1674753870252,"id":"9ntyohe91j9gyyf","previousEventId":"wwttso7apcst2n7","operationId":"pib3wxabx31sxsz"}
{"type":"log","timestamp":1674753870252,"level":"info","message":"Starting rendering request 32","meta":{"rootId":"e82xd0cmh00iiyk","id":"e82xd0cmh00iiyk"},"id":"qyqgjaydcckae7c","previousOperationId":"pib3wxabx31sxsz"}
{"type":"log","timestamp":1674753870252,"level":"info","message":"Rendering template { name: Data, recipe: chrome-pdf, engine: handlebars, preview: true }","meta":{"rootId":"e82xd0cmh00iiyk","id":"e82xd0cmh00iiyk"},"id":"j953xwypd5bnvnm","previousOperationId":"pib3wxabx31sxsz"}
{"type":"log","timestamp":1674753870252,"level":"debug","message":"Data item not defined for this template.","meta":{"rootId":"e82xd0cmh00iiyk","id":"e82xd0cmh00iiyk"},"id":"q52sjrxpaxd820y","previousOperationId":"pib3wxabx31sxsz"}
{"type":"log","timestamp":1674753870254,"level":"debug","message":"Executing script testing (beforeRender)","meta":{"rootId":"e82xd0cmh00iiyk","id":"e82xd0cmh00iiyk"},"id":"m9f4a61hp5vf1dk","previousOperationId":"pib3wxabx31sxsz"}
{"type":"operationStart","subtype":"scriptsBeforeRender","name":"scripts beforeRender","timestamp":1674753870292,"id":"tux6djaz02y8umm","previousEventId":"9ntyohe91j9gyyf","operationId":"go02xcqzk3n1zj3","previousOperationId":"pib3wxabx31sxsz"}
{"type":"operationStart","subtype":"script","name":"scripts testing","previousOperationId":"go02xcqzk3n1zj3","timestamp":1674753870292,"id":"4s6banbjyyt83fc","previousEventId":"tux6djaz02y8umm","operationId":"2go6nr2t97btod5"}
{"type":"log","timestamp":1674753870495,"level":"debug","message":"(console:log) {\n  locationName: [ 'Las Palmas de Gran Canaria', 'Galdar', 'Teror' ],\n  repetition: [ '2', '1', '3' ]\n}","meta":{"userLevel":true,"rootId":"e82xd0cmh00iiyk","id":"e82xd0cmh00iiyk"},"id":"yo84kbk2pf30axb","previousOperationId":"2go6nr2t97btod5"}
{"type":"log","timestamp":1674753870495,"level":"debug","message":"(console:log) [ 'Las Palmas de Gran Canaria', 'Galdar', 'Teror' ]","meta":{"userLevel":true,"rootId":"e82xd0cmh00iiyk","id":"e82xd0cmh00iiyk"},"id":"clhykl9k9t6mf6s","previousOperationId":"2go6nr2t97btod5"}
{"type":"log","timestamp":1674753870495,"level":"debug","message":"(console:log) [ '2', '1', '3' ]","meta":{"userLevel":true,"rootId":"e82xd0cmh00iiyk","id":"e82xd0cmh00iiyk"},"id":"eu0p7ghwtzaq3yf","previousOperationId":"2go6nr2t97btod5"}
{"type":"operationEnd","operationId":"2go6nr2t97btod5","timestamp":1674753870933,"id":"buv1nbszvrfm7j7","previousEventId":"9ntyohe91j9gyyf","previousOperationId":"pib3wxabx31sxsz"}
{"type":"operationEnd","operationId":"go02xcqzk3n1zj3","timestamp":1674753870933,"id":"ie0lolfmsyntkg0","previousEventId":"buv1nbszvrfm7j7","previousOperationId":"pib3wxabx31sxsz"}
{"type":"log","timestamp":1674753870933,"level":"debug","message":"Base url not specified, skipping its injection.","meta":{"rootId":"e82xd0cmh00iiyk","id":"e82xd0cmh00iiyk"},"id":"uegztovtgah8gt7","previousOperationId":"go02xcqzk3n1zj3"}
{"type":"operationStart","subtype":"engine","name":"handlebars","timestamp":1674753870933,"id":"gj8fz0iyp9pi6ic","previousEventId":"ie0lolfmsyntkg0","operationId":"4zpidxrtk0rs666","previousOperationId":"go02xcqzk3n1zj3"}
{"type":"log","timestamp":1674753870933,"level":"debug","message":"Rendering engine handlebars","meta":{"rootId":"e82xd0cmh00iiyk","id":"e82xd0cmh00iiyk"},"id":"ivrf1hbcyeiqwuu","previousOperationId":"4zpidxrtk0rs666"}
{"type":"operationEnd","operationId":"4zpidxrtk0rs666","timestamp":1674753870947,"id":"h91ozqnph7cebzo","previousEventId":"gj8fz0iyp9pi6ic","previousOperationId":"4zpidxrtk0rs666"}
{"type":"operationStart","subtype":"recipe","name":"chrome-pdf","timestamp":1674753870947,"id":"xj3bdc39vz34uf5","previousEventId":"h91ozqnph7cebzo","operationId":"oj7d6q5ro0xnw37","previousOperationId":"4zpidxrtk0rs666"}
{"type":"log","timestamp":1674753870947,"level":"debug","message":"Executing recipe chrome-pdf","meta":{"rootId":"e82xd0cmh00iiyk","id":"e82xd0cmh00iiyk"},"id":"rp304f4eyhzvp0n","previousOperationId":"oj7d6q5ro0xnw37"}
{"type":"log","timestamp":1674753870951,"level":"debug","message":"Converting with chrome HeadlessChrome/105.0.5173.0 using chrome-pool strategy","meta":{"rootId":"e82xd0cmh00iiyk","id":"e82xd0cmh00iiyk"},"id":"4chq3eu9v46cnkb","previousOperationId":"oj7d6q5ro0xnw37"}
{"type":"log","timestamp":1674753871033,"level":"debug","message":"Page request: GET (document) file:///C:/Users/Johan/AppData/Local/Temp/jsreport/autocleanup/f440a9e7-29c3-4ca5-803f-f0ae86cdd9de-chrome-pdf.html","meta":{"rootId":"e82xd0cmh00iiyk","id":"e82xd0cmh00iiyk"},"id":"65ovvuw94rj0y1y","previousOperationId":"oj7d6q5ro0xnw37"}
{"type":"log","timestamp":1674753871054,"level":"debug","message":"Page request: GET (stylesheet) https://cdnjs.cloudflare.com/ajax/libs/metro/4.1.5/css/metro.min.css","meta":{"rootId":"e82xd0cmh00iiyk","id":"e82xd0cmh00iiyk"},"id":"cdu6o7w7w2e5299","previousOperationId":"oj7d6q5ro0xnw37"}
{"type":"log","timestamp":1674753871054,"level":"debug","message":"Page request: GET (stylesheet) https://cdnjs.cloudflare.com/ajax/libs/chartist/0.11.0/chartist.min.css","meta":{"rootId":"e82xd0cmh00iiyk","id":"e82xd0cmh00iiyk"},"id":"i8bdseassb9a9ch","previousOperationId":"oj7d6q5ro0xnw37"}
{"type":"log","timestamp":1674753871054,"level":"debug","message":"Page request: GET (script) https://cdnjs.cloudflare.com/ajax/libs/chartist/0.11.0/chartist.min.js","meta":{"rootId":"e82xd0cmh00iiyk","id":"e82xd0cmh00iiyk"},"id":"1axu0b8to1hbkc8","previousOperationId":"oj7d6q5ro0xnw37"}
{"type":"log","timestamp":1674753871054,"level":"debug","message":"Page request: GET (script) https://unpkg.com/chartist-plugin-tooltips@0.0.17","meta":{"rootId":"e82xd0cmh00iiyk","id":"e82xd0cmh00iiyk"},"id":"1kr46plexzwstx2","previousOperationId":"oj7d6q5ro0xnw37"}
{"type":"log","timestamp":1674753871055,"level":"debug","message":"Page request: GET (script) https://unpkg.com/chartist-plugin-pointlabels@0.0.6","meta":{"rootId":"e82xd0cmh00iiyk","id":"e82xd0cmh00iiyk"},"id":"fi7qrtqx35ve13y","previousOperationId":"oj7d6q5ro0xnw37"}
{"type":"log","timestamp":1674753871055,"level":"debug","message":"Page request finished: GET (document) 200 file:///C:/Users/Johan/AppData/Local/Temp/jsreport/autocleanup/f440a9e7-29c3-4ca5-803f-f0ae86cdd9de-chrome-pdf.html","meta":{"rootId":"e82xd0cmh00iiyk","id":"e82xd0cmh00iiyk"},"id":"tkntl1fw9i3l641","previousOperationId":"oj7d6q5ro0xnw37"}
{"type":"log","timestamp":1674753871060,"level":"warn","message":"Page request failed: GET (script) 302 https://unpkg.com/chartist-plugin-tooltips@0.0.17 (redirect to: /chartist-plugin-tooltips@0.0.17/dist/chartist-plugin-tooltip.js)","meta":{"rootId":"e82xd0cmh00iiyk","id":"e82xd0cmh00iiyk"},"id":"lyhfr1jzrhjiema","previousOperationId":"oj7d6q5ro0xnw37"}
{"type":"log","timestamp":1674753871060,"level":"debug","message":"Page request: GET (script) https://unpkg.com/chartist-plugin-tooltips@0.0.17/dist/chartist-plugin-tooltip.js (redirect from: https://unpkg.com/chartist-plugin-tooltips@0.0.17)","meta":{"rootId":"e82xd0cmh00iiyk","id":"e82xd0cmh00iiyk"},"id":"gtlu375eu9p8aks","previousOperationId":"oj7d6q5ro0xnw37"}
{"type":"log","timestamp":1674753871061,"level":"debug","message":"Page request finished: GET (stylesheet) 200 https://cdnjs.cloudflare.com/ajax/libs/chartist/0.11.0/chartist.min.css","meta":{"rootId":"e82xd0cmh00iiyk","id":"e82xd0cmh00iiyk"},"id":"yprdt2l2gihqw8k","previousOperationId":"oj7d6q5ro0xnw37"}
{"type":"log","timestamp":1674753871062,"level":"warn","message":"Page request failed: GET (script) 302 https://unpkg.com/chartist-plugin-pointlabels@0.0.6 (redirect to: /chartist-plugin-pointlabels@0.0.6/dist/chartist-plugin-pointlabels.js)","meta":{"rootId":"e82xd0cmh00iiyk","id":"e82xd0cmh00iiyk"},"id":"m56fux9fn3bedd7","previousOperationId":"oj7d6q5ro0xnw37"}
{"type":"log","timestamp":1674753871063,"level":"debug","message":"Page request: GET (script) https://unpkg.com/chartist-plugin-pointlabels@0.0.6/dist/chartist-plugin-pointlabels.js (redirect from: https://unpkg.com/chartist-plugin-pointlabels@0.0.6)","meta":{"rootId":"e82xd0cmh00iiyk","id":"e82xd0cmh00iiyk"},"id":"z6zt01et5u4qt69","previousOperationId":"oj7d6q5ro0xnw37"}
{"type":"log","timestamp":1674753871063,"level":"debug","message":"Page request finished: GET (script) 200 https://cdnjs.cloudflare.com/ajax/libs/chartist/0.11.0/chartist.min.js","meta":{"rootId":"e82xd0cmh00iiyk","id":"e82xd0cmh00iiyk"},"id":"d1onpw18duq8yb1","previousOperationId":"oj7d6q5ro0xnw37"}
{"type":"log","timestamp":1674753871077,"level":"debug","message":"Page request finished: GET (stylesheet) 200 https://cdnjs.cloudflare.com/ajax/libs/metro/4.1.5/css/metro.min.css","meta":{"rootId":"e82xd0cmh00iiyk","id":"e82xd0cmh00iiyk"},"id":"p0vbs3q69vs3f29","previousOperationId":"oj7d6q5ro0xnw37"}
{"type":"log","timestamp":1674753871079,"level":"debug","message":"Page request finished: GET (script) 200 https://unpkg.com/chartist-plugin-tooltips@0.0.17/dist/chartist-plugin-tooltip.js","meta":{"rootId":"e82xd0cmh00iiyk","id":"e82xd0cmh00iiyk"},"id":"cdw68z6tde1m3mb","previousOperationId":"oj7d6q5ro0xnw37"}
{"type":"log","timestamp":1674753871079,"level":"debug","message":"Page request finished: GET (script) 200 https://unpkg.com/chartist-plugin-pointlabels@0.0.6/dist/chartist-plugin-pointlabels.js","meta":{"rootId":"e82xd0cmh00iiyk","id":"e82xd0cmh00iiyk"},"id":"ti27vs4kgzfyk8u","previousOperationId":"oj7d6q5ro0xnw37"}
{"type":"log","timestamp":1674753871081,"level":"debug","message":"(console:log) Me he venido","meta":{"userLevel":true,"rootId":"e82xd0cmh00iiyk","id":"e82xd0cmh00iiyk"},"id":"zij08i0vb684aro","previousOperationId":"oj7d6q5ro0xnw37"}
{"type":"log","timestamp":1674753871081,"level":"warn","message":"Page error: ReferenceError: chart is not defined\n    at file:///C:/Users/Johan/AppData/Local/Temp/jsreport/autocleanup/f440a9e7-29c3-4ca5-803f-f0ae86cdd9de-chrome-pdf.html:54:27","meta":{"rootId":"e82xd0cmh00iiyk","id":"e82xd0cmh00iiyk"},"id":"ziolqdusukvd78u","previousOperationId":"oj7d6q5ro0xnw37"}
{"type":"log","timestamp":1674753871119,"level":"debug","message":"Running chrome with params {\"printBackground\":true,\"timeout\":59293,\"margin\":{}}","meta":{"rootId":"e82xd0cmh00iiyk","id":"e82xd0cmh00iiyk"},"id":"yyrr08wm2v6alwr","previousOperationId":"oj7d6q5ro0xnw37"}
{"type":"operationEnd","operationId":"oj7d6q5ro0xnw37","timestamp":1674753871222,"id":"0xq8psgbf5kjzhk","previousEventId":"xj3bdc39vz34uf5","previousOperationId":"oj7d6q5ro0xnw37"}
{"type":"log","timestamp":1674753871222,"level":"debug","message":"Executing script testing (afterRender)","meta":{"rootId":"e82xd0cmh00iiyk","id":"e82xd0cmh00iiyk"},"id":"o8vboqd6tcbxrh6","previousOperationId":"oj7d6q5ro0xnw37"}
{"type":"operationStart","subtype":"scriptsAfterRender","name":"scripts afterRender","timestamp":1674753871230,"id":"11qn701la822swf","previousEventId":"0xq8psgbf5kjzhk","operationId":"fezi2ns7daqwi3y","previousOperationId":"oj7d6q5ro0xnw37"}
{"type":"operationStart","subtype":"script","name":"scripts testing","previousOperationId":"fezi2ns7daqwi3y","timestamp":1674753871230,"id":"1dry77s9a33o0q1","previousEventId":"11qn701la822swf","operationId":"m7paj5u2vcabm9n"}
{"type":"operationEnd","operationId":"m7paj5u2vcabm9n","timestamp":1674753872202,"id":"wcd3ewljcujwyqp","previousEventId":"0xq8psgbf5kjzhk","previousOperationId":"oj7d6q5ro0xnw37"}
{"type":"operationEnd","operationId":"fezi2ns7daqwi3y","timestamp":1674753872202,"id":"ekde3312k939pzl","previousEventId":"wcd3ewljcujwyqp","previousOperationId":"oj7d6q5ro0xnw37"}
{"type":"log","timestamp":1674753872203,"level":"debug","message":"Skipping storing report.","meta":{"rootId":"e82xd0cmh00iiyk","id":"e82xd0cmh00iiyk"},"id":"nnuahpjp2f91s3n","previousOperationId":"fezi2ns7daqwi3y"}
{"type":"log","timestamp":1674753872203,"level":"info","message":"Rendering request 32 finished in 1961 ms","meta":{"rootId":"e82xd0cmh00iiyk","id":"e82xd0cmh00iiyk"},"id":"r5gu33clel6ivva","previousOperationId":"fezi2ns7daqwi3y"}
{"type":"operationEnd","subtype":"render","operationId":"pib3wxabx31sxsz","timestamp":1674753872203,"id":"v8qr8ac3js4rvpc","previousEventId":"ekde3312k939pzl","previousOperationId":"fezi2ns7daqwi3y"}
{"type":"operationEnd","doDiffs":false,"previousEventId":"wwttso7apcst2n7","previousOperationId":"6o3asl7ea8a10iy","operationId":"6o3asl7ea8a10iy","timestamp":1674753872207,"id":"1y4ekwv0n913orw"}
