{"type":"operationStart","subtype":"profile","data":{"_id":"9gvBeZsoi7coiEgx","timestamp":"2023-01-26T12:36:57.058Z","state":"queued","mode":"standard","creationDate":"2023-01-26T12:36:57.062Z","modificationDate":"2023-01-26T12:36:57.062Z","shortid":"WaHcm0l","$entitySet":"profiles"},"doDiffs":false,"timestamp":1674736617060,"id":"ztbeb35s54qk1yu","previousOperationId":null,"operationId":"cz0wteq385vgo8j"}
{"type":"log","level":"info","message":"Render request 31 queued for execution and waiting for available worker","previousOperationId":"cz0wteq385vgo8j","timestamp":1674736617060,"id":"qxdnypqj8tm812u"}
{"type":"operationStart","subtype":"render","name":"Data","previousOperationId":"cz0wteq385vgo8j","timestamp":1674736617080,"id":"vl8oszr89m8373c","previousEventId":"ztbeb35s54qk1yu","operationId":"cl7wrvj8fd016ad"}
{"type":"log","timestamp":1674736617080,"level":"info","message":"Starting rendering request 31","meta":{"rootId":"ekmxtyeczqv5dco","id":"ekmxtyeczqv5dco"},"id":"fhhcr16tf1i1mlj","previousOperationId":"cl7wrvj8fd016ad"}
{"type":"log","timestamp":1674736617080,"level":"info","message":"Rendering template { name: Data, recipe: chrome-pdf, engine: handlebars, preview: true }","meta":{"rootId":"ekmxtyeczqv5dco","id":"ekmxtyeczqv5dco"},"id":"xg0gzfgn64pz5o4","previousOperationId":"cl7wrvj8fd016ad"}
{"type":"log","timestamp":1674736617081,"level":"debug","message":"Data item not defined for this template.","meta":{"rootId":"ekmxtyeczqv5dco","id":"ekmxtyeczqv5dco"},"id":"udchf60h15pvznt","previousOperationId":"cl7wrvj8fd016ad"}
{"type":"log","timestamp":1674736617093,"level":"debug","message":"Executing script testing (beforeRender)","meta":{"rootId":"ekmxtyeczqv5dco","id":"ekmxtyeczqv5dco"},"id":"4c8r0e9h8mnro65","previousOperationId":"cl7wrvj8fd016ad"}
{"type":"operationStart","subtype":"scriptsBeforeRender","name":"scripts beforeRender","timestamp":1674736617171,"id":"qrjhwv3vfmtc0qz","previousEventId":"vl8oszr89m8373c","operationId":"gmuneuldr0nmn4k","previousOperationId":"cl7wrvj8fd016ad"}
{"type":"operationStart","subtype":"script","name":"scripts testing","previousOperationId":"gmuneuldr0nmn4k","timestamp":1674736617171,"id":"y1zxcjikq5u4d27","previousEventId":"qrjhwv3vfmtc0qz","operationId":"djp6iqzcdn9r7u0"}
{"type":"operationEnd","operationId":"djp6iqzcdn9r7u0","timestamp":1674736617884,"id":"bi71bjhz7ra65fh","previousEventId":"vl8oszr89m8373c","previousOperationId":"cl7wrvj8fd016ad"}
{"type":"operationEnd","operationId":"gmuneuldr0nmn4k","timestamp":1674736617884,"id":"6ucorn9xklix4sj","previousEventId":"bi71bjhz7ra65fh","previousOperationId":"cl7wrvj8fd016ad"}
{"type":"log","timestamp":1674736617884,"level":"debug","message":"Base url not specified, skipping its injection.","meta":{"rootId":"ekmxtyeczqv5dco","id":"ekmxtyeczqv5dco"},"id":"eswevqzpi0m2hy2","previousOperationId":"gmuneuldr0nmn4k"}
{"type":"operationStart","subtype":"engine","name":"handlebars","timestamp":1674736617884,"id":"hq17gijvpj51zei","previousEventId":"6ucorn9xklix4sj","operationId":"2j0thvzcn01uczk","previousOperationId":"gmuneuldr0nmn4k"}
{"type":"log","timestamp":1674736617884,"level":"debug","message":"Rendering engine handlebars","meta":{"rootId":"ekmxtyeczqv5dco","id":"ekmxtyeczqv5dco"},"id":"ifsmuazkc5nqnzb","previousOperationId":"2j0thvzcn01uczk"}
{"type":"operationEnd","operationId":"2j0thvzcn01uczk","timestamp":1674736617911,"id":"c9j37hnn11fdekz","previousEventId":"hq17gijvpj51zei","previousOperationId":"2j0thvzcn01uczk"}
{"type":"operationStart","subtype":"recipe","name":"chrome-pdf","timestamp":1674736617912,"id":"kcbn2g0c9xt2wp3","previousEventId":"c9j37hnn11fdekz","operationId":"gokbvrehglxpnhl","previousOperationId":"2j0thvzcn01uczk"}
{"type":"log","timestamp":1674736617912,"level":"debug","message":"Executing recipe chrome-pdf","meta":{"rootId":"ekmxtyeczqv5dco","id":"ekmxtyeczqv5dco"},"id":"iigwsln434hzwnq","previousOperationId":"gokbvrehglxpnhl"}
{"type":"log","timestamp":1674736617918,"level":"debug","message":"Converting with chrome HeadlessChrome/105.0.5173.0 using chrome-pool strategy","meta":{"rootId":"ekmxtyeczqv5dco","id":"ekmxtyeczqv5dco"},"id":"pwn68rvy5sz7a6p","previousOperationId":"gokbvrehglxpnhl"}
{"type":"log","timestamp":1674736618051,"level":"debug","message":"Page request: GET (document) file:///C:/Users/Johan/AppData/Local/Temp/jsreport/autocleanup/e7f1782b-9962-43cf-b99b-b118ad5d2777-chrome-pdf.html","meta":{"rootId":"ekmxtyeczqv5dco","id":"ekmxtyeczqv5dco"},"id":"c3el6vialod11x4","previousOperationId":"gokbvrehglxpnhl"}
{"type":"log","timestamp":1674736618087,"level":"debug","message":"Page request finished: GET (document) 200 file:///C:/Users/Johan/AppData/Local/Temp/jsreport/autocleanup/e7f1782b-9962-43cf-b99b-b118ad5d2777-chrome-pdf.html","meta":{"rootId":"ekmxtyeczqv5dco","id":"ekmxtyeczqv5dco"},"id":"pm5ioktaul31bay","previousOperationId":"gokbvrehglxpnhl"}
{"type":"log","timestamp":1674736618088,"level":"debug","message":"Page request: GET (stylesheet) https://cdnjs.cloudflare.com/ajax/libs/metro/4.1.5/css/metro.min.css","meta":{"rootId":"ekmxtyeczqv5dco","id":"ekmxtyeczqv5dco"},"id":"3l5bdja6ml3xjx8","previousOperationId":"gokbvrehglxpnhl"}
{"type":"log","timestamp":1674736618090,"level":"debug","message":"Page request: GET (script) https://cdnjs.cloudflare.com/ajax/libs/Chart.js/2.7.2/Chart.min.js","meta":{"rootId":"ekmxtyeczqv5dco","id":"ekmxtyeczqv5dco"},"id":"aryyi234f18wg4t","previousOperationId":"gokbvrehglxpnhl"}
{"type":"log","timestamp":1674736618090,"level":"debug","message":"Page request: GET (stylesheet) https://cdnjs.cloudflare.com/ajax/libs/chartist/0.11.0/chartist.min.css","meta":{"rootId":"ekmxtyeczqv5dco","id":"ekmxtyeczqv5dco"},"id":"fgh0qe5fiqy0asf","previousOperationId":"gokbvrehglxpnhl"}
{"type":"log","timestamp":1674736618090,"level":"debug","message":"Page request: GET (script) https://cdnjs.cloudflare.com/ajax/libs/chartist/0.11.0/chartist.min.js","meta":{"rootId":"ekmxtyeczqv5dco","id":"ekmxtyeczqv5dco"},"id":"p9cjrk43kh4v971","previousOperationId":"gokbvrehglxpnhl"}
{"type":"log","timestamp":1674736618091,"level":"debug","message":"Page request: GET (script) https://unpkg.com/chartist-plugin-tooltips@0.0.17","meta":{"rootId":"ekmxtyeczqv5dco","id":"ekmxtyeczqv5dco"},"id":"ohh137y5grssa8f","previousOperationId":"gokbvrehglxpnhl"}
{"type":"log","timestamp":1674736618091,"level":"debug","message":"Page request: GET (script) https://unpkg.com/chartist-plugin-pointlabels@0.0.6","meta":{"rootId":"ekmxtyeczqv5dco","id":"ekmxtyeczqv5dco"},"id":"6vzsxo2qnxa5zy6","previousOperationId":"gokbvrehglxpnhl"}
{"type":"log","timestamp":1674736618091,"level":"debug","message":"Page request: GET (script) http://code.jquery.com/jquery-1.11.0.min.js","meta":{"rootId":"ekmxtyeczqv5dco","id":"ekmxtyeczqv5dco"},"id":"jwibbc3yb6pupik","previousOperationId":"gokbvrehglxpnhl"}
{"type":"log","timestamp":1674736618091,"level":"debug","message":"Page request: GET (script) http://cdnjs.cloudflare.com/ajax/libs/flot/0.8.1/jquery.flot.min.js","meta":{"rootId":"ekmxtyeczqv5dco","id":"ekmxtyeczqv5dco"},"id":"aqi5uvjebq809e7","previousOperationId":"gokbvrehglxpnhl"}
{"type":"log","timestamp":1674736618092,"level":"debug","message":"Page request: GET (script) https://cdn.jsdelivr.net/npm/chart.js@2.9.3/dist/Chart.min.js","meta":{"rootId":"ekmxtyeczqv5dco","id":"ekmxtyeczqv5dco"},"id":"85i5v9zktg6igw4","previousOperationId":"gokbvrehglxpnhl"}
{"type":"log","timestamp":1674736618101,"level":"debug","message":"Page request finished: GET (stylesheet) 200 https://cdnjs.cloudflare.com/ajax/libs/chartist/0.11.0/chartist.min.css","meta":{"rootId":"ekmxtyeczqv5dco","id":"ekmxtyeczqv5dco"},"id":"v4sh42gjcugx86x","previousOperationId":"gokbvrehglxpnhl"}
{"type":"log","timestamp":1674736618102,"level":"warn","message":"Page request failed: GET (script) 302 https://unpkg.com/chartist-plugin-tooltips@0.0.17 (redirect to: /chartist-plugin-tooltips@0.0.17/dist/chartist-plugin-tooltip.js)","meta":{"rootId":"ekmxtyeczqv5dco","id":"ekmxtyeczqv5dco"},"id":"qftq16pymudzx59","previousOperationId":"gokbvrehglxpnhl"}
{"type":"log","timestamp":1674736618102,"level":"debug","message":"Page request: GET (script) https://unpkg.com/chartist-plugin-tooltips@0.0.17/dist/chartist-plugin-tooltip.js (redirect from: https://unpkg.com/chartist-plugin-tooltips@0.0.17)","meta":{"rootId":"ekmxtyeczqv5dco","id":"ekmxtyeczqv5dco"},"id":"prvvo8s50nnvp5w","previousOperationId":"gokbvrehglxpnhl"}
{"type":"log","timestamp":1674736618103,"level":"warn","message":"Page request failed: GET (script) 307 http://cdnjs.cloudflare.com/ajax/libs/flot/0.8.1/jquery.flot.min.js (redirect to: https://cdnjs.cloudflare.com/ajax/libs/flot/0.8.1/jquery.flot.min.js)","meta":{"rootId":"ekmxtyeczqv5dco","id":"ekmxtyeczqv5dco"},"id":"a3dfhds7uhazg9u","previousOperationId":"gokbvrehglxpnhl"}
{"type":"log","timestamp":1674736618104,"level":"warn","message":"Page request failed: GET (script) 302 https://unpkg.com/chartist-plugin-pointlabels@0.0.6 (redirect to: /chartist-plugin-pointlabels@0.0.6/dist/chartist-plugin-pointlabels.js)","meta":{"rootId":"ekmxtyeczqv5dco","id":"ekmxtyeczqv5dco"},"id":"5ya1whzrt4isj94","previousOperationId":"gokbvrehglxpnhl"}
{"type":"log","timestamp":1674736618104,"level":"debug","message":"Page request finished: GET (script) 200 https://cdnjs.cloudflare.com/ajax/libs/Chart.js/2.7.2/Chart.min.js","meta":{"rootId":"ekmxtyeczqv5dco","id":"ekmxtyeczqv5dco"},"id":"ijha7ef7ytl4wso","previousOperationId":"gokbvrehglxpnhl"}
{"type":"log","timestamp":1674736618104,"level":"debug","message":"Page request finished: GET (script) 200 https://cdnjs.cloudflare.com/ajax/libs/chartist/0.11.0/chartist.min.js","meta":{"rootId":"ekmxtyeczqv5dco","id":"ekmxtyeczqv5dco"},"id":"tp3h2c94d39f0o0","previousOperationId":"gokbvrehglxpnhl"}
{"type":"log","timestamp":1674736618108,"level":"debug","message":"Page request: GET (script) https://cdnjs.cloudflare.com/ajax/libs/flot/0.8.1/jquery.flot.min.js (redirect from: http://cdnjs.cloudflare.com/ajax/libs/flot/0.8.1/jquery.flot.min.js)","meta":{"rootId":"ekmxtyeczqv5dco","id":"ekmxtyeczqv5dco"},"id":"xmqk7ow54dvnxp8","previousOperationId":"gokbvrehglxpnhl"}
{"type":"log","timestamp":1674736618108,"level":"debug","message":"Page request: GET (script) https://unpkg.com/chartist-plugin-pointlabels@0.0.6/dist/chartist-plugin-pointlabels.js (redirect from: https://unpkg.com/chartist-plugin-pointlabels@0.0.6)","meta":{"rootId":"ekmxtyeczqv5dco","id":"ekmxtyeczqv5dco"},"id":"4ecm3h79ilw5nj5","previousOperationId":"gokbvrehglxpnhl"}
{"type":"log","timestamp":1674736618110,"level":"debug","message":"Page request finished: GET (script) 200 http://code.jquery.com/jquery-1.11.0.min.js","meta":{"rootId":"ekmxtyeczqv5dco","id":"ekmxtyeczqv5dco"},"id":"1yor0w8jp92m5pc","previousOperationId":"gokbvrehglxpnhl"}
{"type":"log","timestamp":1674736618110,"level":"debug","message":"Page request finished: GET (script) 200 https://cdn.jsdelivr.net/npm/chart.js@2.9.3/dist/Chart.min.js","meta":{"rootId":"ekmxtyeczqv5dco","id":"ekmxtyeczqv5dco"},"id":"jjm374g8uf96ybv","previousOperationId":"gokbvrehglxpnhl"}
{"type":"log","timestamp":1674736618127,"level":"debug","message":"Page request finished: GET (stylesheet) 200 https://cdnjs.cloudflare.com/ajax/libs/metro/4.1.5/css/metro.min.css","meta":{"rootId":"ekmxtyeczqv5dco","id":"ekmxtyeczqv5dco"},"id":"ly2n63ukdcb18kn","previousOperationId":"gokbvrehglxpnhl"}
{"type":"log","timestamp":1674736618136,"level":"debug","message":"Page request finished: GET (script) 200 https://unpkg.com/chartist-plugin-tooltips@0.0.17/dist/chartist-plugin-tooltip.js","meta":{"rootId":"ekmxtyeczqv5dco","id":"ekmxtyeczqv5dco"},"id":"42x0x9zhquo7vnl","previousOperationId":"gokbvrehglxpnhl"}
{"type":"log","timestamp":1674736618137,"level":"debug","message":"Page request finished: GET (script) 200 https://unpkg.com/chartist-plugin-pointlabels@0.0.6/dist/chartist-plugin-pointlabels.js","meta":{"rootId":"ekmxtyeczqv5dco","id":"ekmxtyeczqv5dco"},"id":"3mrvslxjnpbie70","previousOperationId":"gokbvrehglxpnhl"}
{"type":"log","timestamp":1674736618137,"level":"debug","message":"Page request finished: GET (script) 200 https://cdnjs.cloudflare.com/ajax/libs/flot/0.8.1/jquery.flot.min.js","meta":{"rootId":"ekmxtyeczqv5dco","id":"ekmxtyeczqv5dco"},"id":"0ncv5djf4fflstw","previousOperationId":"gokbvrehglxpnhl"}
{"type":"log","timestamp":1674736618166,"level":"warn","message":"Page error: SyntaxError: Unexpected token ','","meta":{"rootId":"ekmxtyeczqv5dco","id":"ekmxtyeczqv5dco"},"id":"v6gg4rwo2xk9tfl","previousOperationId":"gokbvrehglxpnhl"}
{"type":"log","timestamp":1674736618227,"level":"debug","message":"Running chrome with params {\"printBackground\":true,\"timeout\":59142,\"margin\":{}}","meta":{"rootId":"ekmxtyeczqv5dco","id":"ekmxtyeczqv5dco"},"id":"m8ovncwbu5a5zz0","previousOperationId":"gokbvrehglxpnhl"}
{"type":"operationEnd","operationId":"gokbvrehglxpnhl","timestamp":1674736618388,"id":"wx8jjw2pi6dftfw","previousEventId":"kcbn2g0c9xt2wp3","previousOperationId":"gokbvrehglxpnhl"}
{"type":"log","timestamp":1674736618388,"level":"debug","message":"Executing script testing (afterRender)","meta":{"rootId":"ekmxtyeczqv5dco","id":"ekmxtyeczqv5dco"},"id":"shk0t383otlv9vq","previousOperationId":"gokbvrehglxpnhl"}
{"type":"operationStart","subtype":"scriptsAfterRender","name":"scripts afterRender","timestamp":1674736618403,"id":"qzf5peeq19kdgzi","previousEventId":"wx8jjw2pi6dftfw","operationId":"5ztiigo516u02sz","previousOperationId":"gokbvrehglxpnhl"}
{"type":"operationStart","subtype":"script","name":"scripts testing","previousOperationId":"5ztiigo516u02sz","timestamp":1674736618403,"id":"z9uyf5obp103u92","previousEventId":"qzf5peeq19kdgzi","operationId":"q70yusn7y3andcg"}
{"type":"log","timestamp":1674736618692,"level":"debug","message":"(console:log) { location_id: [ '58', '2', '59' ], repetition: [ '2', '3', '1' ] }","meta":{"userLevel":true,"rootId":"ekmxtyeczqv5dco","id":"ekmxtyeczqv5dco"},"id":"7sateydp1h9yagk","previousOperationId":"q70yusn7y3andcg"}
{"type":"operationEnd","operationId":"q70yusn7y3andcg","timestamp":1674736619618,"id":"3fcngxj1xqag00i","previousEventId":"wx8jjw2pi6dftfw","previousOperationId":"gokbvrehglxpnhl"}
{"type":"operationEnd","operationId":"5ztiigo516u02sz","timestamp":1674736619618,"id":"ozsdsfxur409hyt","previousEventId":"3fcngxj1xqag00i","previousOperationId":"gokbvrehglxpnhl"}
{"type":"log","timestamp":1674736619618,"level":"debug","message":"Skipping storing report.","meta":{"rootId":"ekmxtyeczqv5dco","id":"ekmxtyeczqv5dco"},"id":"libey96y6njv010","previousOperationId":"5ztiigo516u02sz"}
{"type":"log","timestamp":1674736619618,"level":"info","message":"Rendering request 31 finished in 2560 ms","meta":{"rootId":"ekmxtyeczqv5dco","id":"ekmxtyeczqv5dco"},"id":"ytb94w5lx27wbks","previousOperationId":"5ztiigo516u02sz"}
{"type":"operationEnd","subtype":"render","operationId":"cl7wrvj8fd016ad","timestamp":1674736619618,"id":"1byb5szyjdq7pvm","previousEventId":"ozsdsfxur409hyt","previousOperationId":"5ztiigo516u02sz"}
{"type":"operationEnd","doDiffs":false,"previousEventId":"ztbeb35s54qk1yu","previousOperationId":"cz0wteq385vgo8j","operationId":"cz0wteq385vgo8j","timestamp":1674736619623,"id":"lxpm2k13a7080t9"}
