{"type":"operationStart","subtype":"profile","data":{"_id":"BKgTucjuUFHucpTJ","timestamp":"2023-01-26T16:50:22.782Z","state":"queued","mode":"standard","creationDate":"2023-01-26T16:50:22.785Z","modificationDate":"2023-01-26T16:50:22.785Z","shortid":"C4OP6iS","$entitySet":"profiles"},"doDiffs":false,"timestamp":1674751822783,"id":"rziziqv04yiz5bq","previousOperationId":null,"operationId":"6g68k3xyqe77da1"}
{"type":"log","level":"info","message":"Render request 3 queued for execution and waiting for available worker","previousOperationId":"6g68k3xyqe77da1","timestamp":1674751822783,"id":"ygolq5rcro85flg"}
{"type":"operationStart","subtype":"render","name":"Data","previousOperationId":"6g68k3xyqe77da1","timestamp":1674751822797,"id":"ht3nji99db4dvwx","previousEventId":"rziziqv04yiz5bq","operationId":"wropu7r3tdnwwnp"}
{"type":"log","timestamp":1674751822798,"level":"info","message":"Starting rendering request 3","meta":{"rootId":"ezxk5ib8dyi1v7l","id":"ezxk5ib8dyi1v7l"},"id":"rai63q51crcqxew","previousOperationId":"wropu7r3tdnwwnp"}
{"type":"log","timestamp":1674751822798,"level":"info","message":"Rendering template { name: Data, recipe: chrome-pdf, engine: handlebars, preview: true }","meta":{"rootId":"ezxk5ib8dyi1v7l","id":"ezxk5ib8dyi1v7l"},"id":"b272bp6dndnofz9","previousOperationId":"wropu7r3tdnwwnp"}
{"type":"log","timestamp":1674751822800,"level":"debug","message":"Data item not defined for this template.","meta":{"rootId":"ezxk5ib8dyi1v7l","id":"ezxk5ib8dyi1v7l"},"id":"kc9ey8mdjj5d5bc","previousOperationId":"wropu7r3tdnwwnp"}
{"type":"log","timestamp":1674751822802,"level":"debug","message":"Executing script testing (beforeRender)","meta":{"rootId":"ezxk5ib8dyi1v7l","id":"ezxk5ib8dyi1v7l"},"id":"r3a2dymw5i9sqw2","previousOperationId":"wropu7r3tdnwwnp"}
{"type":"operationStart","subtype":"scriptsBeforeRender","name":"scripts beforeRender","timestamp":1674751822859,"id":"9969lig696ubfqa","previousEventId":"ht3nji99db4dvwx","operationId":"z9qx8p2cmenh6no","previousOperationId":"wropu7r3tdnwwnp"}
{"type":"operationStart","subtype":"script","name":"scripts testing","previousOperationId":"z9qx8p2cmenh6no","timestamp":1674751822859,"id":"njp04y8mkixl2zz","previousEventId":"9969lig696ubfqa","operationId":"ntxkj6849430vcl"}
{"type":"log","timestamp":1674751823084,"level":"debug","message":"(console:log) {\n  locationName: [ 'Las Palmas de Gran Canaria', 'Galdar', 'Teror' ],\n  repetition: [ '2', '1', '3' ]\n}","meta":{"userLevel":true,"rootId":"ezxk5ib8dyi1v7l","id":"ezxk5ib8dyi1v7l"},"id":"juswk3lfcuaunlz","previousOperationId":"ntxkj6849430vcl"}
{"type":"log","timestamp":1674751823084,"level":"debug","message":"(console:log) [ 'Las Palmas de Gran Canaria', 'Galdar', 'Teror' ]","meta":{"userLevel":true,"rootId":"ezxk5ib8dyi1v7l","id":"ezxk5ib8dyi1v7l"},"id":"d59yhkkzqt1kjly","previousOperationId":"ntxkj6849430vcl"}
{"type":"log","timestamp":1674751823084,"level":"debug","message":"(console:log) [ '2', '1', '3' ]","meta":{"userLevel":true,"rootId":"ezxk5ib8dyi1v7l","id":"ezxk5ib8dyi1v7l"},"id":"45chjjtafsvocsx","previousOperationId":"ntxkj6849430vcl"}
{"type":"operationEnd","operationId":"ntxkj6849430vcl","timestamp":1674751823516,"id":"b7h8mu2j3kpve1l","previousEventId":"ht3nji99db4dvwx","previousOperationId":"wropu7r3tdnwwnp"}
{"type":"operationEnd","operationId":"z9qx8p2cmenh6no","timestamp":1674751823516,"id":"ph8capo4alonyzd","previousEventId":"b7h8mu2j3kpve1l","previousOperationId":"wropu7r3tdnwwnp"}
{"type":"log","timestamp":1674751823516,"level":"debug","message":"Base url not specified, skipping its injection.","meta":{"rootId":"ezxk5ib8dyi1v7l","id":"ezxk5ib8dyi1v7l"},"id":"i6antptz1onit4k","previousOperationId":"z9qx8p2cmenh6no"}
{"type":"operationStart","subtype":"engine","name":"handlebars","timestamp":1674751823517,"id":"tl9wc49utu1d4xh","previousEventId":"ph8capo4alonyzd","operationId":"hep7jfy2fnbsypp","previousOperationId":"z9qx8p2cmenh6no"}
{"type":"log","timestamp":1674751823517,"level":"debug","message":"Rendering engine handlebars","meta":{"rootId":"ezxk5ib8dyi1v7l","id":"ezxk5ib8dyi1v7l"},"id":"ty3752n1krkc8gx","previousOperationId":"hep7jfy2fnbsypp"}
{"type":"operationEnd","operationId":"hep7jfy2fnbsypp","timestamp":1674751823531,"id":"g5uaqpf82p5pzhx","previousEventId":"tl9wc49utu1d4xh","previousOperationId":"hep7jfy2fnbsypp"}
{"type":"operationStart","subtype":"recipe","name":"chrome-pdf","timestamp":1674751823532,"id":"y8ihf52j40saqnt","previousEventId":"g5uaqpf82p5pzhx","operationId":"e61ays3mvgqhbul","previousOperationId":"hep7jfy2fnbsypp"}
{"type":"log","timestamp":1674751823532,"level":"debug","message":"Executing recipe chrome-pdf","meta":{"rootId":"ezxk5ib8dyi1v7l","id":"ezxk5ib8dyi1v7l"},"id":"c01axhmayyrgur9","previousOperationId":"e61ays3mvgqhbul"}
{"type":"log","timestamp":1674751823535,"level":"debug","message":"Converting with chrome HeadlessChrome/105.0.5173.0 using chrome-pool strategy","meta":{"rootId":"ezxk5ib8dyi1v7l","id":"ezxk5ib8dyi1v7l"},"id":"45ll2f08jh9rcl9","previousOperationId":"e61ays3mvgqhbul"}
{"type":"log","timestamp":1674751823643,"level":"debug","message":"Page request: GET (document) file:///C:/Users/Johan/AppData/Local/Temp/jsreport/autocleanup/1b2b6326-3d9b-4fb9-990b-d834c6359d09-chrome-pdf.html","meta":{"rootId":"ezxk5ib8dyi1v7l","id":"ezxk5ib8dyi1v7l"},"id":"2114ucxonuh2ben","previousOperationId":"e61ays3mvgqhbul"}
{"type":"log","timestamp":1674751823675,"level":"debug","message":"Page request: GET (stylesheet) https://cdnjs.cloudflare.com/ajax/libs/metro/4.1.5/css/metro.min.css","meta":{"rootId":"ezxk5ib8dyi1v7l","id":"ezxk5ib8dyi1v7l"},"id":"wawslwys00kwtft","previousOperationId":"e61ays3mvgqhbul"}
{"type":"log","timestamp":1674751823675,"level":"debug","message":"Page request: GET (stylesheet) https://cdnjs.cloudflare.com/ajax/libs/chartist/0.11.0/chartist.min.css","meta":{"rootId":"ezxk5ib8dyi1v7l","id":"ezxk5ib8dyi1v7l"},"id":"vmfv2aijt3xacrd","previousOperationId":"e61ays3mvgqhbul"}
{"type":"log","timestamp":1674751823675,"level":"debug","message":"Page request: GET (script) https://cdnjs.cloudflare.com/ajax/libs/chartist/0.11.0/chartist.min.js","meta":{"rootId":"ezxk5ib8dyi1v7l","id":"ezxk5ib8dyi1v7l"},"id":"11ew99zz5nyf6sw","previousOperationId":"e61ays3mvgqhbul"}
{"type":"log","timestamp":1674751823675,"level":"debug","message":"Page request: GET (script) https://unpkg.com/chartist-plugin-tooltips@0.0.17","meta":{"rootId":"ezxk5ib8dyi1v7l","id":"ezxk5ib8dyi1v7l"},"id":"qy884k7dokeoe5v","previousOperationId":"e61ays3mvgqhbul"}
{"type":"log","timestamp":1674751823676,"level":"debug","message":"Page request finished: GET (document) 200 file:///C:/Users/Johan/AppData/Local/Temp/jsreport/autocleanup/1b2b6326-3d9b-4fb9-990b-d834c6359d09-chrome-pdf.html","meta":{"rootId":"ezxk5ib8dyi1v7l","id":"ezxk5ib8dyi1v7l"},"id":"ciume1b4hyyxzoq","previousOperationId":"e61ays3mvgqhbul"}
{"type":"log","timestamp":1674751823676,"level":"debug","message":"Page request: GET (script) https://unpkg.com/chartist-plugin-pointlabels@0.0.6","meta":{"rootId":"ezxk5ib8dyi1v7l","id":"ezxk5ib8dyi1v7l"},"id":"aio86uts9jhd244","previousOperationId":"e61ays3mvgqhbul"}
{"type":"log","timestamp":1674751823682,"level":"warn","message":"Page request failed: GET (script) 302 https://unpkg.com/chartist-plugin-tooltips@0.0.17 (redirect to: /chartist-plugin-tooltips@0.0.17/dist/chartist-plugin-tooltip.js)","meta":{"rootId":"ezxk5ib8dyi1v7l","id":"ezxk5ib8dyi1v7l"},"id":"jm3uf9tzdaigbla","previousOperationId":"e61ays3mvgqhbul"}
{"type":"log","timestamp":1674751823683,"level":"debug","message":"Page request: GET (script) https://unpkg.com/chartist-plugin-tooltips@0.0.17/dist/chartist-plugin-tooltip.js (redirect from: https://unpkg.com/chartist-plugin-tooltips@0.0.17)","meta":{"rootId":"ezxk5ib8dyi1v7l","id":"ezxk5ib8dyi1v7l"},"id":"b4d66khfclmldxm","previousOperationId":"e61ays3mvgqhbul"}
{"type":"log","timestamp":1674751823684,"level":"debug","message":"Page request finished: GET (stylesheet) 200 https://cdnjs.cloudflare.com/ajax/libs/chartist/0.11.0/chartist.min.css","meta":{"rootId":"ezxk5ib8dyi1v7l","id":"ezxk5ib8dyi1v7l"},"id":"ua4wxargsxkrdcg","previousOperationId":"e61ays3mvgqhbul"}
{"type":"log","timestamp":1674751823685,"level":"warn","message":"Page request failed: GET (script) 302 https://unpkg.com/chartist-plugin-pointlabels@0.0.6 (redirect to: /chartist-plugin-pointlabels@0.0.6/dist/chartist-plugin-pointlabels.js)","meta":{"rootId":"ezxk5ib8dyi1v7l","id":"ezxk5ib8dyi1v7l"},"id":"d458mm02w17xeyt","previousOperationId":"e61ays3mvgqhbul"}
{"type":"log","timestamp":1674751823686,"level":"debug","message":"Page request: GET (script) https://unpkg.com/chartist-plugin-pointlabels@0.0.6/dist/chartist-plugin-pointlabels.js (redirect from: https://unpkg.com/chartist-plugin-pointlabels@0.0.6)","meta":{"rootId":"ezxk5ib8dyi1v7l","id":"ezxk5ib8dyi1v7l"},"id":"oocnciim30uci4h","previousOperationId":"e61ays3mvgqhbul"}
{"type":"log","timestamp":1674751823700,"level":"debug","message":"Page request finished: GET (stylesheet) 200 https://cdnjs.cloudflare.com/ajax/libs/metro/4.1.5/css/metro.min.css","meta":{"rootId":"ezxk5ib8dyi1v7l","id":"ezxk5ib8dyi1v7l"},"id":"w0d1wt3invws7ov","previousOperationId":"e61ays3mvgqhbul"}
{"type":"log","timestamp":1674751823700,"level":"debug","message":"Page request finished: GET (script) 200 https://cdnjs.cloudflare.com/ajax/libs/chartist/0.11.0/chartist.min.js","meta":{"rootId":"ezxk5ib8dyi1v7l","id":"ezxk5ib8dyi1v7l"},"id":"oplozxpf38cbhwi","previousOperationId":"e61ays3mvgqhbul"}
{"type":"log","timestamp":1674751823701,"level":"debug","message":"Page request finished: GET (script) 200 https://unpkg.com/chartist-plugin-tooltips@0.0.17/dist/chartist-plugin-tooltip.js","meta":{"rootId":"ezxk5ib8dyi1v7l","id":"ezxk5ib8dyi1v7l"},"id":"t8b6psqngn29pv4","previousOperationId":"e61ays3mvgqhbul"}
{"type":"log","timestamp":1674751823702,"level":"debug","message":"Page request finished: GET (script) 200 https://unpkg.com/chartist-plugin-pointlabels@0.0.6/dist/chartist-plugin-pointlabels.js","meta":{"rootId":"ezxk5ib8dyi1v7l","id":"ezxk5ib8dyi1v7l"},"id":"npgttmhgq163x0a","previousOperationId":"e61ays3mvgqhbul"}
{"type":"log","timestamp":1674751823703,"level":"warn","message":"Page error: SyntaxError: Unexpected identifier","meta":{"rootId":"ezxk5ib8dyi1v7l","id":"ezxk5ib8dyi1v7l"},"id":"0bbjhkegbkah8fj","previousOperationId":"e61ays3mvgqhbul"}
{"type":"log","timestamp":1674751823735,"level":"debug","message":"Running chrome with params {\"printBackground\":true,\"timeout\":59248,\"margin\":{}}","meta":{"rootId":"ezxk5ib8dyi1v7l","id":"ezxk5ib8dyi1v7l"},"id":"p41dtwrtvwymnlp","previousOperationId":"e61ays3mvgqhbul"}
{"type":"operationEnd","operationId":"e61ays3mvgqhbul","timestamp":1674751823850,"id":"j7hr7jimdgz2ez4","previousEventId":"y8ihf52j40saqnt","previousOperationId":"e61ays3mvgqhbul"}
{"type":"log","timestamp":1674751823850,"level":"debug","message":"Executing script testing (afterRender)","meta":{"rootId":"ezxk5ib8dyi1v7l","id":"ezxk5ib8dyi1v7l"},"id":"5ei064gt9hkc17s","previousOperationId":"e61ays3mvgqhbul"}
{"type":"operationStart","subtype":"scriptsAfterRender","name":"scripts afterRender","timestamp":1674751823858,"id":"a24xr9ja5tp3uyh","previousEventId":"j7hr7jimdgz2ez4","operationId":"5x7mme2kjxleyx8","previousOperationId":"e61ays3mvgqhbul"}
{"type":"operationStart","subtype":"script","name":"scripts testing","previousOperationId":"5x7mme2kjxleyx8","timestamp":1674751823858,"id":"x4gqnitbudaxbjx","previousEventId":"a24xr9ja5tp3uyh","operationId":"rqnze220bck4wsa"}
{"type":"operationEnd","operationId":"rqnze220bck4wsa","timestamp":1674751824881,"id":"kbfh8qc6er422vg","previousEventId":"j7hr7jimdgz2ez4","previousOperationId":"e61ays3mvgqhbul"}
{"type":"operationEnd","operationId":"5x7mme2kjxleyx8","timestamp":1674751824881,"id":"byjbn64w02tkkez","previousEventId":"kbfh8qc6er422vg","previousOperationId":"e61ays3mvgqhbul"}
{"type":"log","timestamp":1674751824881,"level":"debug","message":"Skipping storing report.","meta":{"rootId":"ezxk5ib8dyi1v7l","id":"ezxk5ib8dyi1v7l"},"id":"qzbgm6fiwsek97n","previousOperationId":"5x7mme2kjxleyx8"}
{"type":"log","timestamp":1674751824881,"level":"info","message":"Rendering request 3 finished in 2099 ms","meta":{"rootId":"ezxk5ib8dyi1v7l","id":"ezxk5ib8dyi1v7l"},"id":"ezuetapnwddrfsg","previousOperationId":"5x7mme2kjxleyx8"}
{"type":"operationEnd","subtype":"render","operationId":"wropu7r3tdnwwnp","timestamp":1674751824881,"id":"lif1wb8syzkg7sx","previousEventId":"byjbn64w02tkkez","previousOperationId":"5x7mme2kjxleyx8"}
{"type":"operationEnd","doDiffs":false,"previousEventId":"rziziqv04yiz5bq","previousOperationId":"6g68k3xyqe77da1","operationId":"6g68k3xyqe77da1","timestamp":1674751824886,"id":"z1jjfaa8mvmjyxk"}
