{"type":"operationStart","subtype":"profile","data":{"_id":"uR3AtT4odwDIj7y9","timestamp":"2023-01-26T12:40:25.152Z","state":"queued","mode":"standard","creationDate":"2023-01-26T12:40:25.157Z","modificationDate":"2023-01-26T12:40:25.157Z","shortid":"sceW2a6","$entitySet":"profiles"},"doDiffs":false,"timestamp":1674736825154,"id":"y81k1ggg5kxnzw3","previousOperationId":null,"operationId":"vgvpwgfx5utuzpz"}
{"type":"log","level":"info","message":"Render request 35 queued for execution and waiting for available worker","previousOperationId":"vgvpwgfx5utuzpz","timestamp":1674736825156,"id":"kzrq5xt1z483uxb"}
{"type":"operationStart","subtype":"render","name":"Data","previousOperationId":"vgvpwgfx5utuzpz","timestamp":1674736825176,"id":"hq6icckl6gu1wzs","previousEventId":"y81k1ggg5kxnzw3","operationId":"s7uihtn996bt9c2"}
{"type":"log","timestamp":1674736825176,"level":"info","message":"Starting rendering request 35","meta":{"rootId":"f0wz2rsby8k6xsh","id":"f0wz2rsby8k6xsh"},"id":"a562qh7cyhi913z","previousOperationId":"s7uihtn996bt9c2"}
{"type":"log","timestamp":1674736825177,"level":"info","message":"Rendering template { name: Data, recipe: chrome-pdf, engine: handlebars, preview: true }","meta":{"rootId":"f0wz2rsby8k6xsh","id":"f0wz2rsby8k6xsh"},"id":"6panx276t3c82y1","previousOperationId":"s7uihtn996bt9c2"}
{"type":"log","timestamp":1674736825181,"level":"debug","message":"Data item not defined for this template.","meta":{"rootId":"f0wz2rsby8k6xsh","id":"f0wz2rsby8k6xsh"},"id":"mq4a53iir93xuya","previousOperationId":"s7uihtn996bt9c2"}
{"type":"log","timestamp":1674736825185,"level":"debug","message":"Executing script testing (beforeRender)","meta":{"rootId":"f0wz2rsby8k6xsh","id":"f0wz2rsby8k6xsh"},"id":"bkptq1d08kf5xtg","previousOperationId":"s7uihtn996bt9c2"}
{"type":"operationStart","subtype":"scriptsBeforeRender","name":"scripts beforeRender","timestamp":1674736825269,"id":"7cfgsfu1kdzwxgq","previousEventId":"hq6icckl6gu1wzs","operationId":"ssqcx0pdcffpnpm","previousOperationId":"s7uihtn996bt9c2"}
{"type":"operationStart","subtype":"script","name":"scripts testing","previousOperationId":"ssqcx0pdcffpnpm","timestamp":1674736825269,"id":"638869p07ejivs2","previousEventId":"7cfgsfu1kdzwxgq","operationId":"qdsu7e5caad8okq"}
{"type":"operationEnd","operationId":"qdsu7e5caad8okq","timestamp":1674736825967,"id":"iqp09c5y14tjtgi","previousEventId":"hq6icckl6gu1wzs","previousOperationId":"s7uihtn996bt9c2"}
{"type":"operationEnd","operationId":"ssqcx0pdcffpnpm","timestamp":1674736825967,"id":"qcpjal1l2g5ehpm","previousEventId":"iqp09c5y14tjtgi","previousOperationId":"s7uihtn996bt9c2"}
{"type":"log","timestamp":1674736825967,"level":"debug","message":"Base url not specified, skipping its injection.","meta":{"rootId":"f0wz2rsby8k6xsh","id":"f0wz2rsby8k6xsh"},"id":"q36df3ivz4y88xf","previousOperationId":"ssqcx0pdcffpnpm"}
{"type":"operationStart","subtype":"engine","name":"handlebars","timestamp":1674736825967,"id":"2o0g0yqktsl5tgf","previousEventId":"qcpjal1l2g5ehpm","operationId":"3itav1mi7f6gqsa","previousOperationId":"ssqcx0pdcffpnpm"}
{"type":"log","timestamp":1674736825967,"level":"debug","message":"Rendering engine handlebars","meta":{"rootId":"f0wz2rsby8k6xsh","id":"f0wz2rsby8k6xsh"},"id":"it32vej7w67rckn","previousOperationId":"3itav1mi7f6gqsa"}
{"type":"operationEnd","operationId":"3itav1mi7f6gqsa","timestamp":1674736825988,"id":"1x2w0vwxbur01qu","previousEventId":"2o0g0yqktsl5tgf","previousOperationId":"3itav1mi7f6gqsa"}
{"type":"operationStart","subtype":"recipe","name":"chrome-pdf","timestamp":1674736825988,"id":"7wxwp2j6bmtz3x1","previousEventId":"1x2w0vwxbur01qu","operationId":"sw7mebnn33xwwd1","previousOperationId":"3itav1mi7f6gqsa"}
{"type":"log","timestamp":1674736825988,"level":"debug","message":"Executing recipe chrome-pdf","meta":{"rootId":"f0wz2rsby8k6xsh","id":"f0wz2rsby8k6xsh"},"id":"a8r05gj5wlnn8ys","previousOperationId":"sw7mebnn33xwwd1"}
{"type":"log","timestamp":1674736825995,"level":"debug","message":"Converting with chrome HeadlessChrome/105.0.5173.0 using chrome-pool strategy","meta":{"rootId":"f0wz2rsby8k6xsh","id":"f0wz2rsby8k6xsh"},"id":"4alo5eyrgbnv87y","previousOperationId":"sw7mebnn33xwwd1"}
{"type":"log","timestamp":1674736826132,"level":"debug","message":"Page request: GET (document) file:///C:/Users/Johan/AppData/Local/Temp/jsreport/autocleanup/b77e17cb-092a-44d8-bebc-20937df8edc9-chrome-pdf.html","meta":{"rootId":"f0wz2rsby8k6xsh","id":"f0wz2rsby8k6xsh"},"id":"83vu1q94j2kumk7","previousOperationId":"sw7mebnn33xwwd1"}
{"type":"log","timestamp":1674736826169,"level":"debug","message":"Page request: GET (stylesheet) https://cdnjs.cloudflare.com/ajax/libs/metro/4.1.5/css/metro.min.css","meta":{"rootId":"f0wz2rsby8k6xsh","id":"f0wz2rsby8k6xsh"},"id":"dpbrhtqrpa47u5m","previousOperationId":"sw7mebnn33xwwd1"}
{"type":"log","timestamp":1674736826170,"level":"debug","message":"Page request: GET (script) https://cdnjs.cloudflare.com/ajax/libs/Chart.js/2.7.2/Chart.min.js","meta":{"rootId":"f0wz2rsby8k6xsh","id":"f0wz2rsby8k6xsh"},"id":"9tx1p8bi4pbkpj5","previousOperationId":"sw7mebnn33xwwd1"}
{"type":"log","timestamp":1674736826171,"level":"debug","message":"Page request: GET (stylesheet) https://cdnjs.cloudflare.com/ajax/libs/chartist/0.11.0/chartist.min.css","meta":{"rootId":"f0wz2rsby8k6xsh","id":"f0wz2rsby8k6xsh"},"id":"a1hh2tbcjflc7ky","previousOperationId":"sw7mebnn33xwwd1"}
{"type":"log","timestamp":1674736826171,"level":"debug","message":"Page request: GET (script) https://cdnjs.cloudflare.com/ajax/libs/chartist/0.11.0/chartist.min.js","meta":{"rootId":"f0wz2rsby8k6xsh","id":"f0wz2rsby8k6xsh"},"id":"mpjjyqevij3bfjj","previousOperationId":"sw7mebnn33xwwd1"}
{"type":"log","timestamp":1674736826172,"level":"debug","message":"Page request: GET (script) https://unpkg.com/chartist-plugin-tooltips@0.0.17","meta":{"rootId":"f0wz2rsby8k6xsh","id":"f0wz2rsby8k6xsh"},"id":"0gofc0ueyswokxx","previousOperationId":"sw7mebnn33xwwd1"}
{"type":"log","timestamp":1674736826173,"level":"debug","message":"Page request finished: GET (document) 200 file:///C:/Users/Johan/AppData/Local/Temp/jsreport/autocleanup/b77e17cb-092a-44d8-bebc-20937df8edc9-chrome-pdf.html","meta":{"rootId":"f0wz2rsby8k6xsh","id":"f0wz2rsby8k6xsh"},"id":"3h7g3d9jpt3t8zp","previousOperationId":"sw7mebnn33xwwd1"}
{"type":"log","timestamp":1674736826174,"level":"debug","message":"Page request: GET (script) https://unpkg.com/chartist-plugin-pointlabels@0.0.6","meta":{"rootId":"f0wz2rsby8k6xsh","id":"f0wz2rsby8k6xsh"},"id":"rxxdaqb60l7hk0s","previousOperationId":"sw7mebnn33xwwd1"}
{"type":"log","timestamp":1674736826175,"level":"debug","message":"Page request: GET (script) http://code.jquery.com/jquery-1.11.0.min.js","meta":{"rootId":"f0wz2rsby8k6xsh","id":"f0wz2rsby8k6xsh"},"id":"jhkaz78uibdrg6j","previousOperationId":"sw7mebnn33xwwd1"}
{"type":"log","timestamp":1674736826175,"level":"debug","message":"Page request: GET (script) http://cdnjs.cloudflare.com/ajax/libs/flot/0.8.1/jquery.flot.min.js","meta":{"rootId":"f0wz2rsby8k6xsh","id":"f0wz2rsby8k6xsh"},"id":"e5lrrrhqtrixn8j","previousOperationId":"sw7mebnn33xwwd1"}
{"type":"log","timestamp":1674736826175,"level":"debug","message":"Page request: GET (script) https://cdn.jsdelivr.net/npm/chart.js@2.9.3/dist/Chart.min.js","meta":{"rootId":"f0wz2rsby8k6xsh","id":"f0wz2rsby8k6xsh"},"id":"tneouh4lq4vmvcu","previousOperationId":"sw7mebnn33xwwd1"}
{"type":"log","timestamp":1674736826185,"level":"debug","message":"Page request finished: GET (stylesheet) 200 https://cdnjs.cloudflare.com/ajax/libs/chartist/0.11.0/chartist.min.css","meta":{"rootId":"f0wz2rsby8k6xsh","id":"f0wz2rsby8k6xsh"},"id":"1hlav9dg46e37r1","previousOperationId":"sw7mebnn33xwwd1"}
{"type":"log","timestamp":1674736826187,"level":"debug","message":"Page request finished: GET (script) 200 https://cdnjs.cloudflare.com/ajax/libs/chartist/0.11.0/chartist.min.js","meta":{"rootId":"f0wz2rsby8k6xsh","id":"f0wz2rsby8k6xsh"},"id":"7jjfd58lrunsvun","previousOperationId":"sw7mebnn33xwwd1"}
{"type":"log","timestamp":1674736826188,"level":"debug","message":"Page request finished: GET (script) 200 https://cdnjs.cloudflare.com/ajax/libs/Chart.js/2.7.2/Chart.min.js","meta":{"rootId":"f0wz2rsby8k6xsh","id":"f0wz2rsby8k6xsh"},"id":"yucegfhlnqazlcp","previousOperationId":"sw7mebnn33xwwd1"}
{"type":"log","timestamp":1674736826189,"level":"warn","message":"Page request failed: GET (script) 302 https://unpkg.com/chartist-plugin-tooltips@0.0.17 (redirect to: /chartist-plugin-tooltips@0.0.17/dist/chartist-plugin-tooltip.js)","meta":{"rootId":"f0wz2rsby8k6xsh","id":"f0wz2rsby8k6xsh"},"id":"1cbltkbqvfn4d83","previousOperationId":"sw7mebnn33xwwd1"}
{"type":"log","timestamp":1674736826189,"level":"debug","message":"Page request: GET (script) https://unpkg.com/chartist-plugin-tooltips@0.0.17/dist/chartist-plugin-tooltip.js (redirect from: https://unpkg.com/chartist-plugin-tooltips@0.0.17)","meta":{"rootId":"f0wz2rsby8k6xsh","id":"f0wz2rsby8k6xsh"},"id":"yuvusfwa7v1xitr","previousOperationId":"sw7mebnn33xwwd1"}
{"type":"log","timestamp":1674736826190,"level":"warn","message":"Page request failed: GET (script) 307 http://cdnjs.cloudflare.com/ajax/libs/flot/0.8.1/jquery.flot.min.js (redirect to: https://cdnjs.cloudflare.com/ajax/libs/flot/0.8.1/jquery.flot.min.js)","meta":{"rootId":"f0wz2rsby8k6xsh","id":"f0wz2rsby8k6xsh"},"id":"xfg0l3khjb9iat8","previousOperationId":"sw7mebnn33xwwd1"}
{"type":"log","timestamp":1674736826191,"level":"debug","message":"Page request: GET (script) https://cdnjs.cloudflare.com/ajax/libs/flot/0.8.1/jquery.flot.min.js (redirect from: http://cdnjs.cloudflare.com/ajax/libs/flot/0.8.1/jquery.flot.min.js)","meta":{"rootId":"f0wz2rsby8k6xsh","id":"f0wz2rsby8k6xsh"},"id":"nw4p8gzma85rg09","previousOperationId":"sw7mebnn33xwwd1"}
{"type":"log","timestamp":1674736826191,"level":"debug","message":"Page request finished: GET (script) 200 http://code.jquery.com/jquery-1.11.0.min.js","meta":{"rootId":"f0wz2rsby8k6xsh","id":"f0wz2rsby8k6xsh"},"id":"adt8d0qh6ikl6bb","previousOperationId":"sw7mebnn33xwwd1"}
{"type":"log","timestamp":1674736826191,"level":"warn","message":"Page request failed: GET (script) 302 https://unpkg.com/chartist-plugin-pointlabels@0.0.6 (redirect to: /chartist-plugin-pointlabels@0.0.6/dist/chartist-plugin-pointlabels.js)","meta":{"rootId":"f0wz2rsby8k6xsh","id":"f0wz2rsby8k6xsh"},"id":"be506aovziv3egw","previousOperationId":"sw7mebnn33xwwd1"}
{"type":"log","timestamp":1674736826191,"level":"debug","message":"Page request finished: GET (script) 200 https://cdn.jsdelivr.net/npm/chart.js@2.9.3/dist/Chart.min.js","meta":{"rootId":"f0wz2rsby8k6xsh","id":"f0wz2rsby8k6xsh"},"id":"zxl9x20zj58b5zf","previousOperationId":"sw7mebnn33xwwd1"}
{"type":"log","timestamp":1674736826192,"level":"debug","message":"Page request: GET (script) https://unpkg.com/chartist-plugin-pointlabels@0.0.6/dist/chartist-plugin-pointlabels.js (redirect from: https://unpkg.com/chartist-plugin-pointlabels@0.0.6)","meta":{"rootId":"f0wz2rsby8k6xsh","id":"f0wz2rsby8k6xsh"},"id":"sumvbl895zt2yt3","previousOperationId":"sw7mebnn33xwwd1"}
{"type":"log","timestamp":1674736826214,"level":"debug","message":"Page request finished: GET (stylesheet) 200 https://cdnjs.cloudflare.com/ajax/libs/metro/4.1.5/css/metro.min.css","meta":{"rootId":"f0wz2rsby8k6xsh","id":"f0wz2rsby8k6xsh"},"id":"avc18cc5k5jkvu9","previousOperationId":"sw7mebnn33xwwd1"}
{"type":"log","timestamp":1674736826223,"level":"debug","message":"Page request finished: GET (script) 200 https://unpkg.com/chartist-plugin-tooltips@0.0.17/dist/chartist-plugin-tooltip.js","meta":{"rootId":"f0wz2rsby8k6xsh","id":"f0wz2rsby8k6xsh"},"id":"nyxn4988fwvjuhx","previousOperationId":"sw7mebnn33xwwd1"}
{"type":"log","timestamp":1674736826223,"level":"debug","message":"Page request finished: GET (script) 200 https://unpkg.com/chartist-plugin-pointlabels@0.0.6/dist/chartist-plugin-pointlabels.js","meta":{"rootId":"f0wz2rsby8k6xsh","id":"f0wz2rsby8k6xsh"},"id":"26y7x7wxpslwnm3","previousOperationId":"sw7mebnn33xwwd1"}
{"type":"log","timestamp":1674736826225,"level":"debug","message":"Page request finished: GET (script) 200 https://cdnjs.cloudflare.com/ajax/libs/flot/0.8.1/jquery.flot.min.js","meta":{"rootId":"f0wz2rsby8k6xsh","id":"f0wz2rsby8k6xsh"},"id":"wujbujvxv1va43y","previousOperationId":"sw7mebnn33xwwd1"}
{"type":"log","timestamp":1674736826245,"level":"warn","message":"Page error: SyntaxError: Unexpected token ','","meta":{"rootId":"f0wz2rsby8k6xsh","id":"f0wz2rsby8k6xsh"},"id":"osguys0xu2f8025","previousOperationId":"sw7mebnn33xwwd1"}
{"type":"log","timestamp":1674736826308,"level":"debug","message":"Running chrome with params {\"printBackground\":true,\"timeout\":59158,\"margin\":{}}","meta":{"rootId":"f0wz2rsby8k6xsh","id":"f0wz2rsby8k6xsh"},"id":"rlsd0phytthatw1","previousOperationId":"sw7mebnn33xwwd1"}
{"type":"operationEnd","operationId":"sw7mebnn33xwwd1","timestamp":1674736826465,"id":"z8x22hhrw1b3dni","previousEventId":"7wxwp2j6bmtz3x1","previousOperationId":"sw7mebnn33xwwd1"}
{"type":"log","timestamp":1674736826466,"level":"debug","message":"Executing script testing (afterRender)","meta":{"rootId":"f0wz2rsby8k6xsh","id":"f0wz2rsby8k6xsh"},"id":"bm3tn93cf9118s3","previousOperationId":"sw7mebnn33xwwd1"}
{"type":"operationStart","subtype":"scriptsAfterRender","name":"scripts afterRender","timestamp":1674736826476,"id":"9ckcvktl5nkgke4","previousEventId":"z8x22hhrw1b3dni","operationId":"y24dq8q0n5pelpf","previousOperationId":"sw7mebnn33xwwd1"}
{"type":"operationStart","subtype":"script","name":"scripts testing","previousOperationId":"y24dq8q0n5pelpf","timestamp":1674736826476,"id":"gulaa7ojbx2094a","previousEventId":"9ckcvktl5nkgke4","operationId":"91j8y0r04usf09p"}
{"type":"log","timestamp":1674736826743,"level":"debug","message":"(console:log) [ '58', '2', '59' ]","meta":{"userLevel":true,"rootId":"f0wz2rsby8k6xsh","id":"f0wz2rsby8k6xsh"},"id":"2ksg0hanjsvv4z1","previousOperationId":"91j8y0r04usf09p"}
{"type":"log","timestamp":1674736826743,"level":"debug","message":"(console:log) [ '2', '3', '1' ]","meta":{"userLevel":true,"rootId":"f0wz2rsby8k6xsh","id":"f0wz2rsby8k6xsh"},"id":"1wsjhnwnjc8hrld","previousOperationId":"91j8y0r04usf09p"}
{"type":"operationEnd","operationId":"91j8y0r04usf09p","timestamp":1674736827775,"id":"7g1vql5evujnb6y","previousEventId":"z8x22hhrw1b3dni","previousOperationId":"sw7mebnn33xwwd1"}
{"type":"operationEnd","operationId":"y24dq8q0n5pelpf","timestamp":1674736827775,"id":"ecepkkq8fv5b64n","previousEventId":"7g1vql5evujnb6y","previousOperationId":"sw7mebnn33xwwd1"}
{"type":"log","timestamp":1674736827775,"level":"debug","message":"Skipping storing report.","meta":{"rootId":"f0wz2rsby8k6xsh","id":"f0wz2rsby8k6xsh"},"id":"mz12lnv4m6j30i8","previousOperationId":"y24dq8q0n5pelpf"}
{"type":"log","timestamp":1674736827775,"level":"info","message":"Rendering request 35 finished in 2623 ms","meta":{"rootId":"f0wz2rsby8k6xsh","id":"f0wz2rsby8k6xsh"},"id":"4gjdh7838mr025v","previousOperationId":"y24dq8q0n5pelpf"}
{"type":"operationEnd","subtype":"render","operationId":"s7uihtn996bt9c2","timestamp":1674736827775,"id":"gjr5xwmbm8h6mg0","previousEventId":"ecepkkq8fv5b64n","previousOperationId":"y24dq8q0n5pelpf"}
{"type":"operationEnd","doDiffs":false,"previousEventId":"y81k1ggg5kxnzw3","previousOperationId":"vgvpwgfx5utuzpz","operationId":"vgvpwgfx5utuzpz","timestamp":1674736827816,"id":"zhtztnbss4caedx"}
