{"type":"operationStart","subtype":"profile","data":{"_id":"A67JbNovz0sgaNr2","timestamp":"2023-01-26T17:25:25.150Z","state":"queued","mode":"standard","creationDate":"2023-01-26T17:25:25.153Z","modificationDate":"2023-01-26T17:25:25.153Z","shortid":"LtICuuM","$entitySet":"profiles"},"doDiffs":false,"timestamp":1674753925151,"id":"jauc4axyu6pr1px","previousOperationId":null,"operationId":"t15w99yunkd1ths"}
{"type":"log","level":"info","message":"Render request 35 queued for execution and waiting for available worker","previousOperationId":"t15w99yunkd1ths","timestamp":1674753925151,"id":"24q7th5w5inhz4b"}
{"type":"operationStart","subtype":"render","name":"Data","previousOperationId":"t15w99yunkd1ths","timestamp":1674753925161,"id":"kiquywca18u5m1k","previousEventId":"jauc4axyu6pr1px","operationId":"a0h2oregxjs1fqo"}
{"type":"log","timestamp":1674753925161,"level":"info","message":"Starting rendering request 35","meta":{"rootId":"f4ajxvqzhu5v8xn","id":"f4ajxvqzhu5v8xn"},"id":"83xufkphyhp3s4x","previousOperationId":"a0h2oregxjs1fqo"}
{"type":"log","timestamp":1674753925161,"level":"info","message":"Rendering template { name: Data, recipe: chrome-pdf, engine: handlebars, preview: true }","meta":{"rootId":"f4ajxvqzhu5v8xn","id":"f4ajxvqzhu5v8xn"},"id":"019b5fdmt306zws","previousOperationId":"a0h2oregxjs1fqo"}
{"type":"log","timestamp":1674753925162,"level":"debug","message":"Data item not defined for this template.","meta":{"rootId":"f4ajxvqzhu5v8xn","id":"f4ajxvqzhu5v8xn"},"id":"33bwgspji12jxhc","previousOperationId":"a0h2oregxjs1fqo"}
{"type":"log","timestamp":1674753925164,"level":"debug","message":"Executing script testing (beforeRender)","meta":{"rootId":"f4ajxvqzhu5v8xn","id":"f4ajxvqzhu5v8xn"},"id":"5vbszgo2sq42551","previousOperationId":"a0h2oregxjs1fqo"}
{"type":"operationStart","subtype":"scriptsBeforeRender","name":"scripts beforeRender","timestamp":1674753925208,"id":"1fylk7ebynub80s","previousEventId":"kiquywca18u5m1k","operationId":"jihut65jd6lkmtp","previousOperationId":"a0h2oregxjs1fqo"}
{"type":"operationStart","subtype":"script","name":"scripts testing","previousOperationId":"jihut65jd6lkmtp","timestamp":1674753925208,"id":"ljr40q8b97w3xfg","previousEventId":"1fylk7ebynub80s","operationId":"0amvgiq8337a7zh"}
{"type":"log","timestamp":1674753925435,"level":"debug","message":"(console:log) {\n  locationName: [ 'Las Palmas de Gran Canaria', 'Galdar', 'Teror' ],\n  repetition: [ '2', '1', '3' ]\n}","meta":{"userLevel":true,"rootId":"f4ajxvqzhu5v8xn","id":"f4ajxvqzhu5v8xn"},"id":"bjawyksv48satf8","previousOperationId":"0amvgiq8337a7zh"}
{"type":"log","timestamp":1674753925436,"level":"debug","message":"(console:log) [ 'Las Palmas de Gran Canaria', 'Galdar', 'Teror' ]","meta":{"userLevel":true,"rootId":"f4ajxvqzhu5v8xn","id":"f4ajxvqzhu5v8xn"},"id":"z2clzkypusxp0jg","previousOperationId":"0amvgiq8337a7zh"}
{"type":"log","timestamp":1674753925436,"level":"debug","message":"(console:log) [ '2', '1', '3' ]","meta":{"userLevel":true,"rootId":"f4ajxvqzhu5v8xn","id":"f4ajxvqzhu5v8xn"},"id":"bwize47s40szmdj","previousOperationId":"0amvgiq8337a7zh"}
{"type":"operationEnd","operationId":"0amvgiq8337a7zh","timestamp":1674753925877,"id":"cguyml0cmbkw52k","previousEventId":"kiquywca18u5m1k","previousOperationId":"a0h2oregxjs1fqo"}
{"type":"operationEnd","operationId":"jihut65jd6lkmtp","timestamp":1674753925877,"id":"t6f05ndiub2rif7","previousEventId":"cguyml0cmbkw52k","previousOperationId":"a0h2oregxjs1fqo"}
{"type":"log","timestamp":1674753925877,"level":"debug","message":"Base url not specified, skipping its injection.","meta":{"rootId":"f4ajxvqzhu5v8xn","id":"f4ajxvqzhu5v8xn"},"id":"m1wqi3xu23ivloa","previousOperationId":"jihut65jd6lkmtp"}
{"type":"operationStart","subtype":"engine","name":"handlebars","timestamp":1674753925877,"id":"ley7ios8jigxttu","previousEventId":"t6f05ndiub2rif7","operationId":"pwebvcesohdkbvk","previousOperationId":"jihut65jd6lkmtp"}
{"type":"log","timestamp":1674753925877,"level":"debug","message":"Rendering engine handlebars","meta":{"rootId":"f4ajxvqzhu5v8xn","id":"f4ajxvqzhu5v8xn"},"id":"ysiuuzvs0dhud65","previousOperationId":"pwebvcesohdkbvk"}
{"type":"operationEnd","operationId":"pwebvcesohdkbvk","timestamp":1674753925884,"id":"ki7lusc3t7ny23l","previousEventId":"ley7ios8jigxttu","previousOperationId":"pwebvcesohdkbvk"}
{"type":"operationStart","subtype":"recipe","name":"chrome-pdf","timestamp":1674753925885,"id":"j53n3rxha6eatyt","previousEventId":"ki7lusc3t7ny23l","operationId":"7tg2f3x0c3m7nvu","previousOperationId":"pwebvcesohdkbvk"}
{"type":"log","timestamp":1674753925885,"level":"debug","message":"Executing recipe chrome-pdf","meta":{"rootId":"f4ajxvqzhu5v8xn","id":"f4ajxvqzhu5v8xn"},"id":"w2eugh32vfvt4ss","previousOperationId":"7tg2f3x0c3m7nvu"}
{"type":"log","timestamp":1674753925888,"level":"debug","message":"Converting with chrome HeadlessChrome/105.0.5173.0 using chrome-pool strategy","meta":{"rootId":"f4ajxvqzhu5v8xn","id":"f4ajxvqzhu5v8xn"},"id":"qb6vlww3qvpt4yd","previousOperationId":"7tg2f3x0c3m7nvu"}
{"type":"log","timestamp":1674753925971,"level":"debug","message":"Page request: GET (document) file:///C:/Users/Johan/AppData/Local/Temp/jsreport/autocleanup/169c9a6f-abb5-4284-b37f-fe122e6a0d3b-chrome-pdf.html","meta":{"rootId":"f4ajxvqzhu5v8xn","id":"f4ajxvqzhu5v8xn"},"id":"js54ahgl6fvw0qy","previousOperationId":"7tg2f3x0c3m7nvu"}
{"type":"log","timestamp":1674753925993,"level":"debug","message":"Page request: GET (stylesheet) https://cdnjs.cloudflare.com/ajax/libs/metro/4.1.5/css/metro.min.css","meta":{"rootId":"f4ajxvqzhu5v8xn","id":"f4ajxvqzhu5v8xn"},"id":"9nlpa4f2qwy2z60","previousOperationId":"7tg2f3x0c3m7nvu"}
{"type":"log","timestamp":1674753925993,"level":"debug","message":"Page request: GET (stylesheet) https://cdnjs.cloudflare.com/ajax/libs/chartist/0.11.0/chartist.min.css","meta":{"rootId":"f4ajxvqzhu5v8xn","id":"f4ajxvqzhu5v8xn"},"id":"y29sfxdf0lyp95q","previousOperationId":"7tg2f3x0c3m7nvu"}
{"type":"log","timestamp":1674753925994,"level":"debug","message":"Page request finished: GET (document) 200 file:///C:/Users/Johan/AppData/Local/Temp/jsreport/autocleanup/169c9a6f-abb5-4284-b37f-fe122e6a0d3b-chrome-pdf.html","meta":{"rootId":"f4ajxvqzhu5v8xn","id":"f4ajxvqzhu5v8xn"},"id":"z72vir6eo6ucerg","previousOperationId":"7tg2f3x0c3m7nvu"}
{"type":"log","timestamp":1674753925994,"level":"debug","message":"Page request: GET (script) https://cdnjs.cloudflare.com/ajax/libs/chartist/0.11.0/chartist.min.js","meta":{"rootId":"f4ajxvqzhu5v8xn","id":"f4ajxvqzhu5v8xn"},"id":"xsvl4kq8al4ed69","previousOperationId":"7tg2f3x0c3m7nvu"}
{"type":"log","timestamp":1674753925994,"level":"debug","message":"Page request: GET (script) https://unpkg.com/chartist-plugin-tooltips@0.0.17","meta":{"rootId":"f4ajxvqzhu5v8xn","id":"f4ajxvqzhu5v8xn"},"id":"s6qtuoq4neo5fxt","previousOperationId":"7tg2f3x0c3m7nvu"}
{"type":"log","timestamp":1674753925994,"level":"debug","message":"Page request: GET (script) https://unpkg.com/chartist-plugin-pointlabels@0.0.6","meta":{"rootId":"f4ajxvqzhu5v8xn","id":"f4ajxvqzhu5v8xn"},"id":"8u8oo20tqd9vy22","previousOperationId":"7tg2f3x0c3m7nvu"}
{"type":"log","timestamp":1674753925999,"level":"debug","message":"Page request finished: GET (stylesheet) 200 https://cdnjs.cloudflare.com/ajax/libs/chartist/0.11.0/chartist.min.css","meta":{"rootId":"f4ajxvqzhu5v8xn","id":"f4ajxvqzhu5v8xn"},"id":"4ctlg77oqiyr5am","previousOperationId":"7tg2f3x0c3m7nvu"}
{"type":"log","timestamp":1674753926003,"level":"warn","message":"Page request failed: GET (script) 302 https://unpkg.com/chartist-plugin-tooltips@0.0.17 (redirect to: /chartist-plugin-tooltips@0.0.17/dist/chartist-plugin-tooltip.js)","meta":{"rootId":"f4ajxvqzhu5v8xn","id":"f4ajxvqzhu5v8xn"},"id":"elt2wwso82z4bjg","previousOperationId":"7tg2f3x0c3m7nvu"}
{"type":"log","timestamp":1674753926003,"level":"debug","message":"Page request: GET (script) https://unpkg.com/chartist-plugin-tooltips@0.0.17/dist/chartist-plugin-tooltip.js (redirect from: https://unpkg.com/chartist-plugin-tooltips@0.0.17)","meta":{"rootId":"f4ajxvqzhu5v8xn","id":"f4ajxvqzhu5v8xn"},"id":"3fo58h704jkewq1","previousOperationId":"7tg2f3x0c3m7nvu"}
{"type":"log","timestamp":1674753926007,"level":"warn","message":"Page request failed: GET (script) 302 https://unpkg.com/chartist-plugin-pointlabels@0.0.6 (redirect to: /chartist-plugin-pointlabels@0.0.6/dist/chartist-plugin-pointlabels.js)","meta":{"rootId":"f4ajxvqzhu5v8xn","id":"f4ajxvqzhu5v8xn"},"id":"j6vgyo378t0g2kn","previousOperationId":"7tg2f3x0c3m7nvu"}
{"type":"log","timestamp":1674753926007,"level":"debug","message":"Page request finished: GET (script) 200 https://cdnjs.cloudflare.com/ajax/libs/chartist/0.11.0/chartist.min.js","meta":{"rootId":"f4ajxvqzhu5v8xn","id":"f4ajxvqzhu5v8xn"},"id":"jnb4thcn6mk9vku","previousOperationId":"7tg2f3x0c3m7nvu"}
{"type":"log","timestamp":1674753926008,"level":"debug","message":"Page request: GET (script) https://unpkg.com/chartist-plugin-pointlabels@0.0.6/dist/chartist-plugin-pointlabels.js (redirect from: https://unpkg.com/chartist-plugin-pointlabels@0.0.6)","meta":{"rootId":"f4ajxvqzhu5v8xn","id":"f4ajxvqzhu5v8xn"},"id":"0w93y1y4vvzs19c","previousOperationId":"7tg2f3x0c3m7nvu"}
{"type":"log","timestamp":1674753926026,"level":"debug","message":"Page request finished: GET (stylesheet) 200 https://cdnjs.cloudflare.com/ajax/libs/metro/4.1.5/css/metro.min.css","meta":{"rootId":"f4ajxvqzhu5v8xn","id":"f4ajxvqzhu5v8xn"},"id":"2xzqqitnr9mhn79","previousOperationId":"7tg2f3x0c3m7nvu"}
{"type":"log","timestamp":1674753926028,"level":"debug","message":"Page request finished: GET (script) 200 https://unpkg.com/chartist-plugin-tooltips@0.0.17/dist/chartist-plugin-tooltip.js","meta":{"rootId":"f4ajxvqzhu5v8xn","id":"f4ajxvqzhu5v8xn"},"id":"4xcjt6sxv4g302s","previousOperationId":"7tg2f3x0c3m7nvu"}
{"type":"log","timestamp":1674753926028,"level":"debug","message":"Page request finished: GET (script) 200 https://unpkg.com/chartist-plugin-pointlabels@0.0.6/dist/chartist-plugin-pointlabels.js","meta":{"rootId":"f4ajxvqzhu5v8xn","id":"f4ajxvqzhu5v8xn"},"id":"h425ux03lol6uya","previousOperationId":"7tg2f3x0c3m7nvu"}
{"type":"log","timestamp":1674753926030,"level":"warn","message":"Page error: SyntaxError: Unexpected token '.'","meta":{"rootId":"f4ajxvqzhu5v8xn","id":"f4ajxvqzhu5v8xn"},"id":"ec619hixkws2t8l","previousOperationId":"7tg2f3x0c3m7nvu"}
{"type":"log","timestamp":1674753926065,"level":"debug","message":"Running chrome with params {\"printBackground\":true,\"timeout\":59263,\"margin\":{}}","meta":{"rootId":"f4ajxvqzhu5v8xn","id":"f4ajxvqzhu5v8xn"},"id":"fnssez1btemkwry","previousOperationId":"7tg2f3x0c3m7nvu"}
{"type":"operationEnd","operationId":"7tg2f3x0c3m7nvu","timestamp":1674753926183,"id":"mxu33aly5oztmh4","previousEventId":"j53n3rxha6eatyt","previousOperationId":"7tg2f3x0c3m7nvu"}
{"type":"log","timestamp":1674753926183,"level":"debug","message":"Executing script testing (afterRender)","meta":{"rootId":"f4ajxvqzhu5v8xn","id":"f4ajxvqzhu5v8xn"},"id":"7uv0v3pce10yx5w","previousOperationId":"7tg2f3x0c3m7nvu"}
{"type":"operationStart","subtype":"scriptsAfterRender","name":"scripts afterRender","timestamp":1674753926189,"id":"aeq9gumppxwxq32","previousEventId":"mxu33aly5oztmh4","operationId":"pfw4xkj18y370dm","previousOperationId":"7tg2f3x0c3m7nvu"}
{"type":"operationStart","subtype":"script","name":"scripts testing","previousOperationId":"pfw4xkj18y370dm","timestamp":1674753926189,"id":"jw0dz4zes37tdmu","previousEventId":"aeq9gumppxwxq32","operationId":"aixy44v32huepvm"}
{"type":"operationEnd","operationId":"aixy44v32huepvm","timestamp":1674753927217,"id":"g0rpx43vte67rv1","previousEventId":"mxu33aly5oztmh4","previousOperationId":"7tg2f3x0c3m7nvu"}
{"type":"operationEnd","operationId":"pfw4xkj18y370dm","timestamp":1674753927217,"id":"a0l836k6c3wh78w","previousEventId":"g0rpx43vte67rv1","previousOperationId":"7tg2f3x0c3m7nvu"}
{"type":"log","timestamp":1674753927218,"level":"debug","message":"Skipping storing report.","meta":{"rootId":"f4ajxvqzhu5v8xn","id":"f4ajxvqzhu5v8xn"},"id":"yhm65cyitj3de9z","previousOperationId":"pfw4xkj18y370dm"}
{"type":"log","timestamp":1674753927218,"level":"info","message":"Rendering request 35 finished in 2068 ms","meta":{"rootId":"f4ajxvqzhu5v8xn","id":"f4ajxvqzhu5v8xn"},"id":"l5hbi9e1lueh3tp","previousOperationId":"pfw4xkj18y370dm"}
{"type":"operationEnd","subtype":"render","operationId":"a0h2oregxjs1fqo","timestamp":1674753927218,"id":"j2qzxufzs4dijun","previousEventId":"a0l836k6c3wh78w","previousOperationId":"pfw4xkj18y370dm"}
{"type":"operationEnd","doDiffs":false,"previousEventId":"jauc4axyu6pr1px","previousOperationId":"t15w99yunkd1ths","operationId":"t15w99yunkd1ths","timestamp":1674753927221,"id":"pnkma3i3l86iwge"}
