{"type":"operationStart","subtype":"profile","data":{"_id":"ZlTy5Ep6cS2mmU33","timestamp":"2023-01-26T15:26:14.944Z","state":"queued","mode":"standard","creationDate":"2023-01-26T15:26:14.946Z","modificationDate":"2023-01-26T15:26:14.946Z","shortid":"77EQsWs","$entitySet":"profiles"},"doDiffs":false,"timestamp":1674746774945,"id":"2pymacf74uh9elm","previousOperationId":null,"operationId":"mv1bswf1d6kosv9"}
{"type":"log","level":"info","message":"Render request 13 queued for execution and waiting for available worker","previousOperationId":"mv1bswf1d6kosv9","timestamp":1674746774945,"id":"8om41qw5tgz9g2i"}
{"type":"operationStart","subtype":"render","name":"Data","previousOperationId":"mv1bswf1d6kosv9","timestamp":1674746774958,"id":"p1hgsrpgh3ei5np","previousEventId":"2pymacf74uh9elm","operationId":"wqquwqye28et167"}
{"type":"log","timestamp":1674746774958,"level":"info","message":"Starting rendering request 13","meta":{"rootId":"fdwyn4axtesssgv","id":"fdwyn4axtesssgv"},"id":"6kzh9lq1uvwqra2","previousOperationId":"wqquwqye28et167"}
{"type":"log","timestamp":1674746774958,"level":"info","message":"Rendering template { name: Data, recipe: chrome-pdf, engine: handlebars, preview: true }","meta":{"rootId":"fdwyn4axtesssgv","id":"fdwyn4axtesssgv"},"id":"46fabtc3od5xu1z","previousOperationId":"wqquwqye28et167"}
{"type":"log","timestamp":1674746774959,"level":"debug","message":"Data item not defined for this template.","meta":{"rootId":"fdwyn4axtesssgv","id":"fdwyn4axtesssgv"},"id":"fu98ervrs3a58cl","previousOperationId":"wqquwqye28et167"}
{"type":"log","timestamp":1674746774961,"level":"debug","message":"Executing script testing (beforeRender)","meta":{"rootId":"fdwyn4axtesssgv","id":"fdwyn4axtesssgv"},"id":"134kr6lqjavgxxo","previousOperationId":"wqquwqye28et167"}
{"type":"operationStart","subtype":"scriptsBeforeRender","name":"scripts beforeRender","timestamp":1674746775009,"id":"zjsv4xbl2gzk43r","previousEventId":"p1hgsrpgh3ei5np","operationId":"9g1h2kf59iw5s67","previousOperationId":"wqquwqye28et167"}
{"type":"operationStart","subtype":"script","name":"scripts testing","previousOperationId":"9g1h2kf59iw5s67","timestamp":1674746775010,"id":"igttcb4at9r2a1u","previousEventId":"zjsv4xbl2gzk43r","operationId":"03s0xv0k21hhn2d"}
{"type":"log","timestamp":1674746775370,"level":"debug","message":"(console:log) [ '58', '2', '59' ]","meta":{"userLevel":true,"rootId":"fdwyn4axtesssgv","id":"fdwyn4axtesssgv"},"id":"j8n97axbxh4n8of","previousOperationId":"03s0xv0k21hhn2d"}
{"type":"log","timestamp":1674746775370,"level":"debug","message":"(console:log) [ '2', '3', '1' ]","meta":{"userLevel":true,"rootId":"fdwyn4axtesssgv","id":"fdwyn4axtesssgv"},"id":"vdoyvyvzreg7gsu","previousOperationId":"03s0xv0k21hhn2d"}
{"type":"operationEnd","operationId":"03s0xv0k21hhn2d","timestamp":1674746775770,"id":"t38msy6exglgg4x","previousEventId":"p1hgsrpgh3ei5np","previousOperationId":"wqquwqye28et167"}
{"type":"operationEnd","operationId":"9g1h2kf59iw5s67","timestamp":1674746775770,"id":"z8qfu87eizkecxj","previousEventId":"t38msy6exglgg4x","previousOperationId":"wqquwqye28et167"}
{"type":"log","timestamp":1674746775770,"level":"debug","message":"Base url not specified, skipping its injection.","meta":{"rootId":"fdwyn4axtesssgv","id":"fdwyn4axtesssgv"},"id":"kj4nbkan7w8ujja","previousOperationId":"9g1h2kf59iw5s67"}
{"type":"operationStart","subtype":"engine","name":"handlebars","timestamp":1674746775770,"id":"9omy9imdkwn1s3w","previousEventId":"z8qfu87eizkecxj","operationId":"plelomsvfd766n3","previousOperationId":"9g1h2kf59iw5s67"}
{"type":"log","timestamp":1674746775770,"level":"debug","message":"Rendering engine handlebars","meta":{"rootId":"fdwyn4axtesssgv","id":"fdwyn4axtesssgv"},"id":"y51vx4ikedzy9tj","previousOperationId":"plelomsvfd766n3"}
{"type":"operationEnd","operationId":"plelomsvfd766n3","timestamp":1674746775783,"id":"8j7355y46c84u76","previousEventId":"9omy9imdkwn1s3w","previousOperationId":"plelomsvfd766n3"}
{"type":"operationStart","subtype":"recipe","name":"chrome-pdf","timestamp":1674746775784,"id":"oaepiybqbdlo2sp","previousEventId":"8j7355y46c84u76","operationId":"ou4812sbyoj2tcn","previousOperationId":"plelomsvfd766n3"}
{"type":"log","timestamp":1674746775784,"level":"debug","message":"Executing recipe chrome-pdf","meta":{"rootId":"fdwyn4axtesssgv","id":"fdwyn4axtesssgv"},"id":"q1tolbiy9zexftl","previousOperationId":"ou4812sbyoj2tcn"}
{"type":"log","timestamp":1674746775788,"level":"debug","message":"Converting with chrome HeadlessChrome/105.0.5173.0 using chrome-pool strategy","meta":{"rootId":"fdwyn4axtesssgv","id":"fdwyn4axtesssgv"},"id":"xo4rqgm71gzq3ga","previousOperationId":"ou4812sbyoj2tcn"}
{"type":"log","timestamp":1674746775886,"level":"debug","message":"Page request: GET (document) file:///C:/Users/Johan/AppData/Local/Temp/jsreport/autocleanup/9aabf4e4-b04a-431b-af88-1ce7a8dd651b-chrome-pdf.html","meta":{"rootId":"fdwyn4axtesssgv","id":"fdwyn4axtesssgv"},"id":"j2mvl1dfnj4x7uh","previousOperationId":"ou4812sbyoj2tcn"}
{"type":"log","timestamp":1674746775905,"level":"debug","message":"Page request: GET (stylesheet) https://cdnjs.cloudflare.com/ajax/libs/metro/4.1.5/css/metro.min.css","meta":{"rootId":"fdwyn4axtesssgv","id":"fdwyn4axtesssgv"},"id":"a1msziw6qko6s4s","previousOperationId":"ou4812sbyoj2tcn"}
{"type":"log","timestamp":1674746775905,"level":"debug","message":"Page request: GET (script) https://cdnjs.cloudflare.com/ajax/libs/Chart.js/2.7.2/Chart.min.js","meta":{"rootId":"fdwyn4axtesssgv","id":"fdwyn4axtesssgv"},"id":"i604inisfhqicq7","previousOperationId":"ou4812sbyoj2tcn"}
{"type":"log","timestamp":1674746775906,"level":"debug","message":"Page request: GET (stylesheet) https://cdnjs.cloudflare.com/ajax/libs/chartist/0.11.0/chartist.min.css","meta":{"rootId":"fdwyn4axtesssgv","id":"fdwyn4axtesssgv"},"id":"4ks5w877r3axoib","previousOperationId":"ou4812sbyoj2tcn"}
{"type":"log","timestamp":1674746775907,"level":"debug","message":"Page request finished: GET (document) 200 file:///C:/Users/Johan/AppData/Local/Temp/jsreport/autocleanup/9aabf4e4-b04a-431b-af88-1ce7a8dd651b-chrome-pdf.html","meta":{"rootId":"fdwyn4axtesssgv","id":"fdwyn4axtesssgv"},"id":"vy39bbwp17vkaps","previousOperationId":"ou4812sbyoj2tcn"}
{"type":"log","timestamp":1674746775907,"level":"debug","message":"Page request: GET (script) https://cdn.jsdelivr.net/npm/chart.js@2.9.3/dist/Chart.min.js","meta":{"rootId":"fdwyn4axtesssgv","id":"fdwyn4axtesssgv"},"id":"4pflhjtl71hby9o","previousOperationId":"ou4812sbyoj2tcn"}
{"type":"log","timestamp":1674746775913,"level":"debug","message":"Page request finished: GET (stylesheet) 200 https://cdnjs.cloudflare.com/ajax/libs/chartist/0.11.0/chartist.min.css","meta":{"rootId":"fdwyn4axtesssgv","id":"fdwyn4axtesssgv"},"id":"wa0d9ixa03cqqps","previousOperationId":"ou4812sbyoj2tcn"}
{"type":"log","timestamp":1674746775914,"level":"debug","message":"Page request finished: GET (script) 200 https://cdnjs.cloudflare.com/ajax/libs/Chart.js/2.7.2/Chart.min.js","meta":{"rootId":"fdwyn4axtesssgv","id":"fdwyn4axtesssgv"},"id":"cfssicw1q2a5qhq","previousOperationId":"ou4812sbyoj2tcn"}
{"type":"log","timestamp":1674746775914,"level":"debug","message":"Page request finished: GET (script) 200 https://cdn.jsdelivr.net/npm/chart.js@2.9.3/dist/Chart.min.js","meta":{"rootId":"fdwyn4axtesssgv","id":"fdwyn4axtesssgv"},"id":"aicym9ey4q2c8b0","previousOperationId":"ou4812sbyoj2tcn"}
{"type":"log","timestamp":1674746775930,"level":"debug","message":"Page request finished: GET (stylesheet) 200 https://cdnjs.cloudflare.com/ajax/libs/metro/4.1.5/css/metro.min.css","meta":{"rootId":"fdwyn4axtesssgv","id":"fdwyn4axtesssgv"},"id":"9lc9kaprmjc0w18","previousOperationId":"ou4812sbyoj2tcn"}
{"type":"log","timestamp":1674746775939,"level":"warn","message":"Page error: SyntaxError: Unexpected token ','","meta":{"rootId":"fdwyn4axtesssgv","id":"fdwyn4axtesssgv"},"id":"g59rn8rfwkoz0mw","previousOperationId":"ou4812sbyoj2tcn"}
{"type":"log","timestamp":1674746775976,"level":"debug","message":"Running chrome with params {\"printBackground\":true,\"timeout\":59158,\"margin\":{}}","meta":{"rootId":"fdwyn4axtesssgv","id":"fdwyn4axtesssgv"},"id":"723895k2lld6vzt","previousOperationId":"ou4812sbyoj2tcn"}
{"type":"operationEnd","operationId":"ou4812sbyoj2tcn","timestamp":1674746776090,"id":"r66abdyhpc9swsk","previousEventId":"oaepiybqbdlo2sp","previousOperationId":"ou4812sbyoj2tcn"}
{"type":"log","timestamp":1674746776090,"level":"debug","message":"Executing script testing (afterRender)","meta":{"rootId":"fdwyn4axtesssgv","id":"fdwyn4axtesssgv"},"id":"62tdhq70ka2aqk9","previousOperationId":"ou4812sbyoj2tcn"}
{"type":"operationStart","subtype":"scriptsAfterRender","name":"scripts afterRender","timestamp":1674746776097,"id":"g84r456yrc3m1id","previousEventId":"r66abdyhpc9swsk","operationId":"gno7cuuecisk4cc","previousOperationId":"ou4812sbyoj2tcn"}
{"type":"operationStart","subtype":"script","name":"scripts testing","previousOperationId":"gno7cuuecisk4cc","timestamp":1674746776097,"id":"oxe0cao26a5v244","previousEventId":"g84r456yrc3m1id","operationId":"vwcaz1t2g4lzn3l"}
{"type":"operationEnd","operationId":"vwcaz1t2g4lzn3l","timestamp":1674746777234,"id":"4efs7q0kic1gqg9","previousEventId":"r66abdyhpc9swsk","previousOperationId":"ou4812sbyoj2tcn"}
{"type":"operationEnd","operationId":"gno7cuuecisk4cc","timestamp":1674746777234,"id":"ul2ymacdeqhwxaz","previousEventId":"4efs7q0kic1gqg9","previousOperationId":"ou4812sbyoj2tcn"}
{"type":"log","timestamp":1674746777234,"level":"debug","message":"Skipping storing report.","meta":{"rootId":"fdwyn4axtesssgv","id":"fdwyn4axtesssgv"},"id":"qdyi4qb49wrmvgb","previousOperationId":"gno7cuuecisk4cc"}
{"type":"log","timestamp":1674746777234,"level":"info","message":"Rendering request 13 finished in 2290 ms","meta":{"rootId":"fdwyn4axtesssgv","id":"fdwyn4axtesssgv"},"id":"9kgqggqb0a0lbi7","previousOperationId":"gno7cuuecisk4cc"}
{"type":"operationEnd","subtype":"render","operationId":"wqquwqye28et167","timestamp":1674746777234,"id":"gi1wbogn8zz2pq3","previousEventId":"ul2ymacdeqhwxaz","previousOperationId":"gno7cuuecisk4cc"}
{"type":"operationEnd","doDiffs":false,"previousEventId":"2pymacf74uh9elm","previousOperationId":"mv1bswf1d6kosv9","operationId":"mv1bswf1d6kosv9","timestamp":1674746777238,"id":"pjzrkgekk1tu6em"}
