{"type":"operationStart","subtype":"profile","data":{"_id":"IEvjyPwuwGkjqSpU","timestamp":"2023-01-26T17:35:46.690Z","state":"queued","mode":"standard","creationDate":"2023-01-26T17:35:46.693Z","modificationDate":"2023-01-26T17:35:46.693Z","shortid":"D_5J00S","$entitySet":"profiles"},"doDiffs":false,"timestamp":1674754546692,"id":"w1gvu3g72l5g1gv","previousOperationId":null,"operationId":"jomliav1qayscgr"}
{"type":"log","level":"info","message":"Render request 2 queued for execution and waiting for available worker","previousOperationId":"jomliav1qayscgr","timestamp":1674754546692,"id":"jeb8y24pwjrwos0"}
{"type":"operationStart","subtype":"render","name":"Data","previousOperationId":"jomliav1qayscgr","timestamp":1674754546705,"id":"lfc9a2bshc1pxcw","previousEventId":"w1gvu3g72l5g1gv","operationId":"56cxb5xdo0ywpmz"}
{"type":"log","timestamp":1674754546706,"level":"info","message":"Starting rendering request 2","meta":{"rootId":"fxa1xyiopy7atzf","id":"fxa1xyiopy7atzf"},"id":"73vwefyyt8u2p6l","previousOperationId":"56cxb5xdo0ywpmz"}
{"type":"log","timestamp":1674754546707,"level":"info","message":"Rendering template { name: Data, recipe: chrome-pdf, engine: handlebars, preview: true }","meta":{"rootId":"fxa1xyiopy7atzf","id":"fxa1xyiopy7atzf"},"id":"ti4rok214thrsuw","previousOperationId":"56cxb5xdo0ywpmz"}
{"type":"log","timestamp":1674754546707,"level":"debug","message":"Data item not defined for this template.","meta":{"rootId":"fxa1xyiopy7atzf","id":"fxa1xyiopy7atzf"},"id":"ss967awodbdfadb","previousOperationId":"56cxb5xdo0ywpmz"}
{"type":"log","timestamp":1674754546709,"level":"debug","message":"Executing script testing (beforeRender)","meta":{"rootId":"fxa1xyiopy7atzf","id":"fxa1xyiopy7atzf"},"id":"9dod1bu2glol1bo","previousOperationId":"56cxb5xdo0ywpmz"}
{"type":"operationStart","subtype":"scriptsBeforeRender","name":"scripts beforeRender","timestamp":1674754546771,"id":"nl2dt3rwc1tu8fx","previousEventId":"lfc9a2bshc1pxcw","operationId":"8dr751re3o52sh7","previousOperationId":"56cxb5xdo0ywpmz"}
{"type":"operationStart","subtype":"script","name":"scripts testing","previousOperationId":"8dr751re3o52sh7","timestamp":1674754546771,"id":"noucndb84p684jh","previousEventId":"nl2dt3rwc1tu8fx","operationId":"facz3yrugifnyc2"}
{"type":"log","timestamp":1674754546994,"level":"debug","message":"(console:log) {\n  locationName: [ 'Las Palmas de Gran Canaria', 'Galdar', 'Teror' ],\n  repetition: [ '2', '1', '3' ]\n}","meta":{"userLevel":true,"rootId":"fxa1xyiopy7atzf","id":"fxa1xyiopy7atzf"},"id":"qdsgbvh1m260lzi","previousOperationId":"facz3yrugifnyc2"}
{"type":"log","timestamp":1674754546994,"level":"debug","message":"(console:log) [ 'Las Palmas de Gran Canaria', 'Galdar', 'Teror' ]","meta":{"userLevel":true,"rootId":"fxa1xyiopy7atzf","id":"fxa1xyiopy7atzf"},"id":"epjj2bcal085gyi","previousOperationId":"facz3yrugifnyc2"}
{"type":"log","timestamp":1674754546995,"level":"debug","message":"(console:log) [ '2', '1', '3' ]","meta":{"userLevel":true,"rootId":"fxa1xyiopy7atzf","id":"fxa1xyiopy7atzf"},"id":"qfqa129t0jesd1w","previousOperationId":"facz3yrugifnyc2"}
{"type":"operationEnd","operationId":"facz3yrugifnyc2","timestamp":1674754547400,"id":"ldww9e14rx70psd","previousEventId":"lfc9a2bshc1pxcw","previousOperationId":"56cxb5xdo0ywpmz"}
{"type":"operationEnd","operationId":"8dr751re3o52sh7","timestamp":1674754547400,"id":"p8uaxn544yh2di6","previousEventId":"ldww9e14rx70psd","previousOperationId":"56cxb5xdo0ywpmz"}
{"type":"log","timestamp":1674754547400,"level":"debug","message":"Base url not specified, skipping its injection.","meta":{"rootId":"fxa1xyiopy7atzf","id":"fxa1xyiopy7atzf"},"id":"h7v8g5r5z2k691i","previousOperationId":"8dr751re3o52sh7"}
{"type":"operationStart","subtype":"engine","name":"handlebars","timestamp":1674754547400,"id":"63aen93hem86c21","previousEventId":"p8uaxn544yh2di6","operationId":"s2dnv1oeilr2fuv","previousOperationId":"8dr751re3o52sh7"}
{"type":"log","timestamp":1674754547400,"level":"debug","message":"Rendering engine handlebars","meta":{"rootId":"fxa1xyiopy7atzf","id":"fxa1xyiopy7atzf"},"id":"dm3p8vr6tl8cqqv","previousOperationId":"s2dnv1oeilr2fuv"}
{"type":"operationEnd","operationId":"s2dnv1oeilr2fuv","timestamp":1674754547416,"id":"m2lmcju22m3l41m","previousEventId":"63aen93hem86c21","previousOperationId":"s2dnv1oeilr2fuv"}
{"type":"operationStart","subtype":"recipe","name":"chrome-pdf","timestamp":1674754547417,"id":"oa7eplxqv4msn73","previousEventId":"m2lmcju22m3l41m","operationId":"rec3r14ortqwkgd","previousOperationId":"s2dnv1oeilr2fuv"}
{"type":"log","timestamp":1674754547417,"level":"debug","message":"Executing recipe chrome-pdf","meta":{"rootId":"fxa1xyiopy7atzf","id":"fxa1xyiopy7atzf"},"id":"0ogaswb1psw5iah","previousOperationId":"rec3r14ortqwkgd"}
{"type":"log","timestamp":1674754547420,"level":"debug","message":"Converting with chrome HeadlessChrome/105.0.5173.0 using chrome-pool strategy","meta":{"rootId":"fxa1xyiopy7atzf","id":"fxa1xyiopy7atzf"},"id":"f5s2dl9o4lh1bti","previousOperationId":"rec3r14ortqwkgd"}
{"type":"log","timestamp":1674754547508,"level":"debug","message":"Page request: GET (document) file:///C:/Users/Johan/AppData/Local/Temp/jsreport/autocleanup/b71038e4-6c11-4f76-a259-8389bc1fa076-chrome-pdf.html","meta":{"rootId":"fxa1xyiopy7atzf","id":"fxa1xyiopy7atzf"},"id":"d45tutpw4wb7ado","previousOperationId":"rec3r14ortqwkgd"}
{"type":"log","timestamp":1674754547528,"level":"debug","message":"Page request: GET (stylesheet) https://cdnjs.cloudflare.com/ajax/libs/metro/4.1.5/css/metro.min.css","meta":{"rootId":"fxa1xyiopy7atzf","id":"fxa1xyiopy7atzf"},"id":"wa8tz05mlzn9era","previousOperationId":"rec3r14ortqwkgd"}
{"type":"log","timestamp":1674754547529,"level":"debug","message":"Page request: GET (stylesheet) https://cdnjs.cloudflare.com/ajax/libs/chartist/0.11.0/chartist.min.css","meta":{"rootId":"fxa1xyiopy7atzf","id":"fxa1xyiopy7atzf"},"id":"x2lr6x4urue5vk6","previousOperationId":"rec3r14ortqwkgd"}
{"type":"log","timestamp":1674754547529,"level":"debug","message":"Page request: GET (script) https://cdnjs.cloudflare.com/ajax/libs/chartist/0.11.0/chartist.min.js","meta":{"rootId":"fxa1xyiopy7atzf","id":"fxa1xyiopy7atzf"},"id":"2jhg0jc5819xyud","previousOperationId":"rec3r14ortqwkgd"}
{"type":"log","timestamp":1674754547530,"level":"debug","message":"Page request finished: GET (document) 200 file:///C:/Users/Johan/AppData/Local/Temp/jsreport/autocleanup/b71038e4-6c11-4f76-a259-8389bc1fa076-chrome-pdf.html","meta":{"rootId":"fxa1xyiopy7atzf","id":"fxa1xyiopy7atzf"},"id":"o9spw81j9dqu7ky","previousOperationId":"rec3r14ortqwkgd"}
{"type":"log","timestamp":1674754547530,"level":"debug","message":"Page request: GET (script) https://unpkg.com/chartist-plugin-tooltips@0.0.17","meta":{"rootId":"fxa1xyiopy7atzf","id":"fxa1xyiopy7atzf"},"id":"86rdkcjcih1ry8v","previousOperationId":"rec3r14ortqwkgd"}
{"type":"log","timestamp":1674754547532,"level":"debug","message":"Page request: GET (script) https://unpkg.com/chartist-plugin-pointlabels@0.0.6","meta":{"rootId":"fxa1xyiopy7atzf","id":"fxa1xyiopy7atzf"},"id":"xpxqifqmhm87we8","previousOperationId":"rec3r14ortqwkgd"}
{"type":"log","timestamp":1674754547535,"level":"debug","message":"Page request finished: GET (stylesheet) 200 https://cdnjs.cloudflare.com/ajax/libs/chartist/0.11.0/chartist.min.css","meta":{"rootId":"fxa1xyiopy7atzf","id":"fxa1xyiopy7atzf"},"id":"eg9bigmtg0n8mq2","previousOperationId":"rec3r14ortqwkgd"}
{"type":"log","timestamp":1674754547537,"level":"warn","message":"Page request failed: GET (script) 302 https://unpkg.com/chartist-plugin-tooltips@0.0.17 (redirect to: /chartist-plugin-tooltips@0.0.17/dist/chartist-plugin-tooltip.js)","meta":{"rootId":"fxa1xyiopy7atzf","id":"fxa1xyiopy7atzf"},"id":"wdlkzckfp1xjmwt","previousOperationId":"rec3r14ortqwkgd"}
{"type":"log","timestamp":1674754547537,"level":"debug","message":"Page request: GET (script) https://unpkg.com/chartist-plugin-tooltips@0.0.17/dist/chartist-plugin-tooltip.js (redirect from: https://unpkg.com/chartist-plugin-tooltips@0.0.17)","meta":{"rootId":"fxa1xyiopy7atzf","id":"fxa1xyiopy7atzf"},"id":"8yjyiqsaf47xr40","previousOperationId":"rec3r14ortqwkgd"}
{"type":"log","timestamp":1674754547538,"level":"warn","message":"Page request failed: GET (script) 302 https://unpkg.com/chartist-plugin-pointlabels@0.0.6 (redirect to: /chartist-plugin-pointlabels@0.0.6/dist/chartist-plugin-pointlabels.js)","meta":{"rootId":"fxa1xyiopy7atzf","id":"fxa1xyiopy7atzf"},"id":"99ckti0oxmzion0","previousOperationId":"rec3r14ortqwkgd"}
{"type":"log","timestamp":1674754547538,"level":"debug","message":"Page request: GET (script) https://unpkg.com/chartist-plugin-pointlabels@0.0.6/dist/chartist-plugin-pointlabels.js (redirect from: https://unpkg.com/chartist-plugin-pointlabels@0.0.6)","meta":{"rootId":"fxa1xyiopy7atzf","id":"fxa1xyiopy7atzf"},"id":"2hr62gcjfs7797y","previousOperationId":"rec3r14ortqwkgd"}
{"type":"log","timestamp":1674754547555,"level":"debug","message":"Page request finished: GET (stylesheet) 200 https://cdnjs.cloudflare.com/ajax/libs/metro/4.1.5/css/metro.min.css","meta":{"rootId":"fxa1xyiopy7atzf","id":"fxa1xyiopy7atzf"},"id":"avxbpi7ufree4ha","previousOperationId":"rec3r14ortqwkgd"}
{"type":"log","timestamp":1674754547555,"level":"debug","message":"Page request finished: GET (script) 200 https://cdnjs.cloudflare.com/ajax/libs/chartist/0.11.0/chartist.min.js","meta":{"rootId":"fxa1xyiopy7atzf","id":"fxa1xyiopy7atzf"},"id":"cvdmkklp6gf6z08","previousOperationId":"rec3r14ortqwkgd"}
{"type":"log","timestamp":1674754547560,"level":"debug","message":"Page request finished: GET (script) 200 https://unpkg.com/chartist-plugin-tooltips@0.0.17/dist/chartist-plugin-tooltip.js","meta":{"rootId":"fxa1xyiopy7atzf","id":"fxa1xyiopy7atzf"},"id":"xjukc6vpzl3g72m","previousOperationId":"rec3r14ortqwkgd"}
{"type":"log","timestamp":1674754547561,"level":"debug","message":"Page request finished: GET (script) 200 https://unpkg.com/chartist-plugin-pointlabels@0.0.6/dist/chartist-plugin-pointlabels.js","meta":{"rootId":"fxa1xyiopy7atzf","id":"fxa1xyiopy7atzf"},"id":"jurgcgrscpr9qfo","previousOperationId":"rec3r14ortqwkgd"}
{"type":"log","timestamp":1674754547563,"level":"debug","message":"(console:log) Me he venido","meta":{"userLevel":true,"rootId":"fxa1xyiopy7atzf","id":"fxa1xyiopy7atzf"},"id":"gy0pu5wim7ykocy","previousOperationId":"rec3r14ortqwkgd"}
{"type":"log","timestamp":1674754547564,"level":"debug","message":"(console:log) JSHandle@array","meta":{"userLevel":true,"rootId":"fxa1xyiopy7atzf","id":"fxa1xyiopy7atzf"},"id":"0bgo4d360q5z108","previousOperationId":"rec3r14ortqwkgd"}
{"type":"log","timestamp":1674754547564,"level":"debug","message":"(console:log) JSHandle@array","meta":{"userLevel":true,"rootId":"fxa1xyiopy7atzf","id":"fxa1xyiopy7atzf"},"id":"29y9zvb2d0j4t4i","previousOperationId":"rec3r14ortqwkgd"}
{"type":"log","timestamp":1674754547600,"level":"warn","message":"Page error: TypeError: b.normalized.series[e].forEach is not a function\n    at f.<anonymous> (https://cdnjs.cloudflare.com/ajax/libs/chartist/0.11.0/chartist.min.js:9:2056)\n    at Array.forEach (<anonymous>)\n    at f.d [as createChart] (https://cdnjs.cloudflare.com/ajax/libs/chartist/0.11.0/chartist.min.js:9:1626)\n    at f.h (https://cdnjs.cloudflare.com/ajax/libs/chartist/0.11.0/chartist.min.js:8:15161)","meta":{"rootId":"fxa1xyiopy7atzf","id":"fxa1xyiopy7atzf"},"id":"on8rqajecg7xw4g","previousOperationId":"rec3r14ortqwkgd"}
{"type":"log","timestamp":1674754547615,"level":"debug","message":"Running chrome with params {\"printBackground\":true,\"timeout\":59271,\"margin\":{}}","meta":{"rootId":"fxa1xyiopy7atzf","id":"fxa1xyiopy7atzf"},"id":"xoeh4i8gywwrw2d","previousOperationId":"rec3r14ortqwkgd"}
{"type":"operationEnd","operationId":"rec3r14ortqwkgd","timestamp":1674754547770,"id":"k6veoos1pin2g76","previousEventId":"oa7eplxqv4msn73","previousOperationId":"rec3r14ortqwkgd"}
{"type":"log","timestamp":1674754547770,"level":"debug","message":"Executing script testing (afterRender)","meta":{"rootId":"fxa1xyiopy7atzf","id":"fxa1xyiopy7atzf"},"id":"zn8opbmn1iyfoxg","previousOperationId":"rec3r14ortqwkgd"}
{"type":"operationStart","subtype":"scriptsAfterRender","name":"scripts afterRender","timestamp":1674754547781,"id":"1w28z3cqydg85o7","previousEventId":"k6veoos1pin2g76","operationId":"s2rxvz7fhtue9c0","previousOperationId":"rec3r14ortqwkgd"}
{"type":"operationStart","subtype":"script","name":"scripts testing","previousOperationId":"s2rxvz7fhtue9c0","timestamp":1674754547781,"id":"da43vuvdwhmnj65","previousEventId":"1w28z3cqydg85o7","operationId":"62d0psnl3gwvxff"}
{"type":"operationEnd","operationId":"62d0psnl3gwvxff","timestamp":1674754548824,"id":"mtysjgyhk3mlpdt","previousEventId":"k6veoos1pin2g76","previousOperationId":"rec3r14ortqwkgd"}
{"type":"operationEnd","operationId":"s2rxvz7fhtue9c0","timestamp":1674754548824,"id":"czla8ua5pcnzndh","previousEventId":"mtysjgyhk3mlpdt","previousOperationId":"rec3r14ortqwkgd"}
{"type":"log","timestamp":1674754548824,"level":"debug","message":"Skipping storing report.","meta":{"rootId":"fxa1xyiopy7atzf","id":"fxa1xyiopy7atzf"},"id":"wbuc7io1vv1kqbb","previousOperationId":"s2rxvz7fhtue9c0"}
{"type":"log","timestamp":1674754548825,"level":"info","message":"Rendering request 2 finished in 2135 ms","meta":{"rootId":"fxa1xyiopy7atzf","id":"fxa1xyiopy7atzf"},"id":"a8a43w5ddmj95rh","previousOperationId":"s2rxvz7fhtue9c0"}
{"type":"operationEnd","subtype":"render","operationId":"56cxb5xdo0ywpmz","timestamp":1674754548825,"id":"322umtj14yzs9hg","previousEventId":"czla8ua5pcnzndh","previousOperationId":"s2rxvz7fhtue9c0"}
{"type":"operationEnd","doDiffs":false,"previousEventId":"w1gvu3g72l5g1gv","previousOperationId":"jomliav1qayscgr","operationId":"jomliav1qayscgr","timestamp":1674754548828,"id":"0k866ejowom819p"}
