{"type":"operationStart","subtype":"profile","data":{"_id":"QVstauthzJVaLYRd","timestamp":"2023-01-26T16:29:16.170Z","state":"queued","mode":"standard","creationDate":"2023-01-26T16:29:16.174Z","modificationDate":"2023-01-26T16:29:16.174Z","shortid":"KzndRVW","$entitySet":"profiles"},"doDiffs":false,"timestamp":1674750556173,"id":"slxnvzsxmmtx0l1","previousOperationId":null,"operationId":"j97jn6nx88b522s"}
{"type":"log","level":"info","message":"Render request 69 queued for execution and waiting for available worker","previousOperationId":"j97jn6nx88b522s","timestamp":1674750556173,"id":"p7gimjif5qrlxom"}
{"type":"operationStart","subtype":"render","name":"Data","previousOperationId":"j97jn6nx88b522s","timestamp":1674750556182,"id":"ixoyeg3aer5e5i6","previousEventId":"slxnvzsxmmtx0l1","operationId":"gwimkanwdip8nha"}
{"type":"log","timestamp":1674750556182,"level":"info","message":"Starting rendering request 69","meta":{"rootId":"g2ygbmfjefx1js1","id":"g2ygbmfjefx1js1"},"id":"702l6or2p4tv022","previousOperationId":"gwimkanwdip8nha"}
{"type":"log","timestamp":1674750556182,"level":"info","message":"Rendering template { name: Data, recipe: chrome-pdf, engine: handlebars, preview: true }","meta":{"rootId":"g2ygbmfjefx1js1","id":"g2ygbmfjefx1js1"},"id":"xwxmtumkql5u0ag","previousOperationId":"gwimkanwdip8nha"}
{"type":"log","timestamp":1674750556183,"level":"debug","message":"Data item not defined for this template.","meta":{"rootId":"g2ygbmfjefx1js1","id":"g2ygbmfjefx1js1"},"id":"ll2no4b7j217j3g","previousOperationId":"gwimkanwdip8nha"}
{"type":"log","timestamp":1674750556185,"level":"debug","message":"Executing script testing (beforeRender)","meta":{"rootId":"g2ygbmfjefx1js1","id":"g2ygbmfjefx1js1"},"id":"1fhnk3lgxxp6cio","previousOperationId":"gwimkanwdip8nha"}
{"type":"operationStart","subtype":"scriptsBeforeRender","name":"scripts beforeRender","timestamp":1674750556231,"id":"ltu6r71f0vsqtgn","previousEventId":"ixoyeg3aer5e5i6","operationId":"apxi5gneu5mizsz","previousOperationId":"gwimkanwdip8nha"}
{"type":"operationStart","subtype":"script","name":"scripts testing","previousOperationId":"apxi5gneu5mizsz","timestamp":1674750556231,"id":"aa1p6gdae5nanuo","previousEventId":"ltu6r71f0vsqtgn","operationId":"hx1ofj3crhtfmch"}
{"type":"log","timestamp":1674750556478,"level":"debug","message":"(console:log) {\n  name: [ 'Teror', 'Gáldar', 'Las Palmas de Gran Canaria' ],\n  repetition: [ '3', '1', '2' ]\n}","meta":{"userLevel":true,"rootId":"g2ygbmfjefx1js1","id":"g2ygbmfjefx1js1"},"id":"nwi76kshzj0n7nm","previousOperationId":"hx1ofj3crhtfmch"}
{"type":"operationEnd","operationId":"hx1ofj3crhtfmch","timestamp":1674750556893,"id":"0qfa2w8c5tbvmwb","previousEventId":"ixoyeg3aer5e5i6","previousOperationId":"gwimkanwdip8nha"}
{"type":"operationEnd","operationId":"apxi5gneu5mizsz","timestamp":1674750556893,"id":"0golukvouiztslu","previousEventId":"0qfa2w8c5tbvmwb","previousOperationId":"gwimkanwdip8nha"}
{"type":"log","timestamp":1674750556893,"level":"debug","message":"Base url not specified, skipping its injection.","meta":{"rootId":"g2ygbmfjefx1js1","id":"g2ygbmfjefx1js1"},"id":"l58hq82wo9fru06","previousOperationId":"apxi5gneu5mizsz"}
{"type":"operationStart","subtype":"engine","name":"handlebars","timestamp":1674750556893,"id":"woq39p7m7cle9rx","previousEventId":"0golukvouiztslu","operationId":"a79par35zd64sxd","previousOperationId":"apxi5gneu5mizsz"}
{"type":"log","timestamp":1674750556893,"level":"debug","message":"Rendering engine handlebars","meta":{"rootId":"g2ygbmfjefx1js1","id":"g2ygbmfjefx1js1"},"id":"iapxkk56y9r9701","previousOperationId":"a79par35zd64sxd"}
{"type":"operationEnd","operationId":"a79par35zd64sxd","timestamp":1674750556911,"id":"h7ycmiq5id2xcl8","previousEventId":"woq39p7m7cle9rx","previousOperationId":"a79par35zd64sxd"}
{"type":"operationStart","subtype":"recipe","name":"chrome-pdf","timestamp":1674750556912,"id":"1smh3nl5pdfoh3w","previousEventId":"h7ycmiq5id2xcl8","operationId":"xah31jgcvzpa8nq","previousOperationId":"a79par35zd64sxd"}
{"type":"log","timestamp":1674750556912,"level":"debug","message":"Executing recipe chrome-pdf","meta":{"rootId":"g2ygbmfjefx1js1","id":"g2ygbmfjefx1js1"},"id":"7d0ib9zwocoovjq","previousOperationId":"xah31jgcvzpa8nq"}
{"type":"log","timestamp":1674750556915,"level":"debug","message":"Converting with chrome HeadlessChrome/105.0.5173.0 using chrome-pool strategy","meta":{"rootId":"g2ygbmfjefx1js1","id":"g2ygbmfjefx1js1"},"id":"q936bfa4ay2zvgv","previousOperationId":"xah31jgcvzpa8nq"}
{"type":"log","timestamp":1674750557037,"level":"debug","message":"Page request: GET (document) file:///C:/Users/Johan/AppData/Local/Temp/jsreport/autocleanup/8db03aa6-63e7-40a2-b12c-d3598f78f72d-chrome-pdf.html","meta":{"rootId":"g2ygbmfjefx1js1","id":"g2ygbmfjefx1js1"},"id":"1vyvohuhyas2td9","previousOperationId":"xah31jgcvzpa8nq"}
{"type":"log","timestamp":1674750557067,"level":"debug","message":"Page request finished: GET (document) 200 file:///C:/Users/Johan/AppData/Local/Temp/jsreport/autocleanup/8db03aa6-63e7-40a2-b12c-d3598f78f72d-chrome-pdf.html","meta":{"rootId":"g2ygbmfjefx1js1","id":"g2ygbmfjefx1js1"},"id":"p33fihqdcz1j6f2","previousOperationId":"xah31jgcvzpa8nq"}
{"type":"log","timestamp":1674750557067,"level":"debug","message":"Page request: GET (stylesheet) https://cdnjs.cloudflare.com/ajax/libs/metro/4.1.5/css/metro.min.css","meta":{"rootId":"g2ygbmfjefx1js1","id":"g2ygbmfjefx1js1"},"id":"8seairyzyp2hvxc","previousOperationId":"xah31jgcvzpa8nq"}
{"type":"log","timestamp":1674750557068,"level":"debug","message":"Page request: GET (stylesheet) https://cdnjs.cloudflare.com/ajax/libs/chartist/0.11.0/chartist.min.css","meta":{"rootId":"g2ygbmfjefx1js1","id":"g2ygbmfjefx1js1"},"id":"w24mnh6v0plu5qc","previousOperationId":"xah31jgcvzpa8nq"}
{"type":"log","timestamp":1674750557068,"level":"debug","message":"Page request: GET (script) https://cdnjs.cloudflare.com/ajax/libs/chartist/0.11.0/chartist.min.js","meta":{"rootId":"g2ygbmfjefx1js1","id":"g2ygbmfjefx1js1"},"id":"3bta3g149lapplg","previousOperationId":"xah31jgcvzpa8nq"}
{"type":"log","timestamp":1674750557068,"level":"debug","message":"Page request: GET (script) https://unpkg.com/chartist-plugin-tooltips@0.0.17","meta":{"rootId":"g2ygbmfjefx1js1","id":"g2ygbmfjefx1js1"},"id":"7nsnvbwblpd1abq","previousOperationId":"xah31jgcvzpa8nq"}
{"type":"log","timestamp":1674750557068,"level":"debug","message":"Page request: GET (script) https://unpkg.com/chartist-plugin-pointlabels@0.0.6","meta":{"rootId":"g2ygbmfjefx1js1","id":"g2ygbmfjefx1js1"},"id":"gny1hxa5or1il9z","previousOperationId":"xah31jgcvzpa8nq"}
{"type":"log","timestamp":1674750557075,"level":"warn","message":"Page request failed: GET (script) 302 https://unpkg.com/chartist-plugin-tooltips@0.0.17 (redirect to: /chartist-plugin-tooltips@0.0.17/dist/chartist-plugin-tooltip.js)","meta":{"rootId":"g2ygbmfjefx1js1","id":"g2ygbmfjefx1js1"},"id":"90xwyh9ot19lpax","previousOperationId":"xah31jgcvzpa8nq"}
{"type":"log","timestamp":1674750557075,"level":"debug","message":"Page request: GET (script) https://unpkg.com/chartist-plugin-tooltips@0.0.17/dist/chartist-plugin-tooltip.js (redirect from: https://unpkg.com/chartist-plugin-tooltips@0.0.17)","meta":{"rootId":"g2ygbmfjefx1js1","id":"g2ygbmfjefx1js1"},"id":"arr9cl49b2n7otr","previousOperationId":"xah31jgcvzpa8nq"}
{"type":"log","timestamp":1674750557078,"level":"debug","message":"Page request finished: GET (stylesheet) 200 https://cdnjs.cloudflare.com/ajax/libs/chartist/0.11.0/chartist.min.css","meta":{"rootId":"g2ygbmfjefx1js1","id":"g2ygbmfjefx1js1"},"id":"fn5db7am0rq13kq","previousOperationId":"xah31jgcvzpa8nq"}
{"type":"log","timestamp":1674750557079,"level":"warn","message":"Page request failed: GET (script) 302 https://unpkg.com/chartist-plugin-pointlabels@0.0.6 (redirect to: /chartist-plugin-pointlabels@0.0.6/dist/chartist-plugin-pointlabels.js)","meta":{"rootId":"g2ygbmfjefx1js1","id":"g2ygbmfjefx1js1"},"id":"fqcwsqcjlattf6w","previousOperationId":"xah31jgcvzpa8nq"}
{"type":"log","timestamp":1674750557079,"level":"debug","message":"Page request: GET (script) https://unpkg.com/chartist-plugin-pointlabels@0.0.6/dist/chartist-plugin-pointlabels.js (redirect from: https://unpkg.com/chartist-plugin-pointlabels@0.0.6)","meta":{"rootId":"g2ygbmfjefx1js1","id":"g2ygbmfjefx1js1"},"id":"a5z5jk3owfnzxiv","previousOperationId":"xah31jgcvzpa8nq"}
{"type":"log","timestamp":1674750557095,"level":"debug","message":"Page request finished: GET (stylesheet) 200 https://cdnjs.cloudflare.com/ajax/libs/metro/4.1.5/css/metro.min.css","meta":{"rootId":"g2ygbmfjefx1js1","id":"g2ygbmfjefx1js1"},"id":"ixltz8lxi3bysqe","previousOperationId":"xah31jgcvzpa8nq"}
{"type":"log","timestamp":1674750557095,"level":"debug","message":"Page request finished: GET (script) 200 https://cdnjs.cloudflare.com/ajax/libs/chartist/0.11.0/chartist.min.js","meta":{"rootId":"g2ygbmfjefx1js1","id":"g2ygbmfjefx1js1"},"id":"mk1t93ef2tech6b","previousOperationId":"xah31jgcvzpa8nq"}
{"type":"log","timestamp":1674750557099,"level":"debug","message":"Page request finished: GET (script) 200 https://unpkg.com/chartist-plugin-tooltips@0.0.17/dist/chartist-plugin-tooltip.js","meta":{"rootId":"g2ygbmfjefx1js1","id":"g2ygbmfjefx1js1"},"id":"afmxzi2a30yr0rk","previousOperationId":"xah31jgcvzpa8nq"}
{"type":"log","timestamp":1674750557100,"level":"debug","message":"Page request finished: GET (script) 200 https://unpkg.com/chartist-plugin-pointlabels@0.0.6/dist/chartist-plugin-pointlabels.js","meta":{"rootId":"g2ygbmfjefx1js1","id":"g2ygbmfjefx1js1"},"id":"2nzky9nskyfwx70","previousOperationId":"xah31jgcvzpa8nq"}
{"type":"log","timestamp":1674750557101,"level":"warn","message":"Page error: SyntaxError: Unexpected identifier","meta":{"rootId":"g2ygbmfjefx1js1","id":"g2ygbmfjefx1js1"},"id":"3o51o0znaxufw44","previousOperationId":"xah31jgcvzpa8nq"}
{"type":"log","timestamp":1674750557140,"level":"debug","message":"Running chrome with params {\"printBackground\":true,\"timeout\":59256,\"margin\":{}}","meta":{"rootId":"g2ygbmfjefx1js1","id":"g2ygbmfjefx1js1"},"id":"30ty9n092txtjj3","previousOperationId":"xah31jgcvzpa8nq"}
{"type":"operationEnd","operationId":"xah31jgcvzpa8nq","timestamp":1674750557276,"id":"cauulr5h6cah6nb","previousEventId":"1smh3nl5pdfoh3w","previousOperationId":"xah31jgcvzpa8nq"}
{"type":"log","timestamp":1674750557276,"level":"debug","message":"Executing script testing (afterRender)","meta":{"rootId":"g2ygbmfjefx1js1","id":"g2ygbmfjefx1js1"},"id":"i0e29853mod71av","previousOperationId":"xah31jgcvzpa8nq"}
{"type":"operationStart","subtype":"scriptsAfterRender","name":"scripts afterRender","timestamp":1674750557286,"id":"n24hpodogzxdmvv","previousEventId":"cauulr5h6cah6nb","operationId":"wvn0vy8s59cnp6x","previousOperationId":"xah31jgcvzpa8nq"}
{"type":"operationStart","subtype":"script","name":"scripts testing","previousOperationId":"wvn0vy8s59cnp6x","timestamp":1674750557286,"id":"xoluku1yld2eomb","previousEventId":"n24hpodogzxdmvv","operationId":"z0exs2j37gip96d"}
{"type":"operationEnd","operationId":"z0exs2j37gip96d","timestamp":1674750558477,"id":"y87d8258aoo8w4d","previousEventId":"cauulr5h6cah6nb","previousOperationId":"xah31jgcvzpa8nq"}
{"type":"operationEnd","operationId":"wvn0vy8s59cnp6x","timestamp":1674750558477,"id":"z420vb0os1a27h6","previousEventId":"y87d8258aoo8w4d","previousOperationId":"xah31jgcvzpa8nq"}
{"type":"log","timestamp":1674750558477,"level":"debug","message":"Skipping storing report.","meta":{"rootId":"g2ygbmfjefx1js1","id":"g2ygbmfjefx1js1"},"id":"f66cmwxof1esijr","previousOperationId":"wvn0vy8s59cnp6x"}
{"type":"log","timestamp":1674750558477,"level":"info","message":"Rendering request 69 finished in 2307 ms","meta":{"rootId":"g2ygbmfjefx1js1","id":"g2ygbmfjefx1js1"},"id":"4vai79txfsekyeo","previousOperationId":"wvn0vy8s59cnp6x"}
{"type":"operationEnd","subtype":"render","operationId":"gwimkanwdip8nha","timestamp":1674750558477,"id":"s4r4vqller2379z","previousEventId":"z420vb0os1a27h6","previousOperationId":"wvn0vy8s59cnp6x"}
{"type":"operationEnd","doDiffs":false,"previousEventId":"slxnvzsxmmtx0l1","previousOperationId":"j97jn6nx88b522s","operationId":"j97jn6nx88b522s","timestamp":1674750558480,"id":"ejrp91pqk12kxjk"}
