{"type":"operationStart","subtype":"profile","data":{"_id":"CUMQseIsaGNO4hSA","timestamp":"2023-01-26T17:42:18.897Z","state":"queued","mode":"standard","creationDate":"2023-01-26T17:42:18.900Z","modificationDate":"2023-01-26T17:42:18.900Z","shortid":"FyyQ-9K","$entitySet":"profiles"},"doDiffs":false,"timestamp":1674754938898,"id":"13znds0ewg24g1o","previousOperationId":null,"operationId":"bmqa8oc4gqc4sp8"}
{"type":"log","level":"info","message":"Render request 10 queued for execution and waiting for available worker","previousOperationId":"bmqa8oc4gqc4sp8","timestamp":1674754938899,"id":"qcc2smu27q5clhy"}
{"type":"operationStart","subtype":"render","name":"Data","previousOperationId":"bmqa8oc4gqc4sp8","timestamp":1674754938910,"id":"bmwm7myniln4iaj","previousEventId":"13znds0ewg24g1o","operationId":"mxwad6yhnv61okp"}
{"type":"log","timestamp":1674754938910,"level":"info","message":"Starting rendering request 10","meta":{"rootId":"g3e0ajfqrk3ecvh","id":"g3e0ajfqrk3ecvh"},"id":"b1aejp4lalbnw1q","previousOperationId":"mxwad6yhnv61okp"}
{"type":"log","timestamp":1674754938911,"level":"info","message":"Rendering template { name: Data, recipe: chrome-pdf, engine: handlebars, preview: true }","meta":{"rootId":"g3e0ajfqrk3ecvh","id":"g3e0ajfqrk3ecvh"},"id":"0ojsuytlhz9iovr","previousOperationId":"mxwad6yhnv61okp"}
{"type":"log","timestamp":1674754938912,"level":"debug","message":"Data item not defined for this template.","meta":{"rootId":"g3e0ajfqrk3ecvh","id":"g3e0ajfqrk3ecvh"},"id":"tskudtks15ihcof","previousOperationId":"mxwad6yhnv61okp"}
{"type":"log","timestamp":1674754938915,"level":"debug","message":"Executing script testing (beforeRender)","meta":{"rootId":"g3e0ajfqrk3ecvh","id":"g3e0ajfqrk3ecvh"},"id":"l78hwpn6bmkszqg","previousOperationId":"mxwad6yhnv61okp"}
{"type":"operationStart","subtype":"scriptsBeforeRender","name":"scripts beforeRender","timestamp":1674754938968,"id":"u41f2jy036ux0sg","previousEventId":"bmwm7myniln4iaj","operationId":"oqbai2607epz907","previousOperationId":"mxwad6yhnv61okp"}
{"type":"operationStart","subtype":"script","name":"scripts testing","previousOperationId":"oqbai2607epz907","timestamp":1674754938968,"id":"jyhfv9bti2gnxeg","previousEventId":"u41f2jy036ux0sg","operationId":"xe1j4iw07lo9yjx"}
{"type":"log","timestamp":1674754939192,"level":"debug","message":"(console:log) [ '2', '1', '3' ]","meta":{"userLevel":true,"rootId":"g3e0ajfqrk3ecvh","id":"g3e0ajfqrk3ecvh"},"id":"6x72we773m23yee","previousOperationId":"xe1j4iw07lo9yjx"}
{"type":"log","timestamp":1674754939192,"level":"debug","message":"(console:log) [ 'Arucas', 'Galdar', 'Teror' ]","meta":{"userLevel":true,"rootId":"g3e0ajfqrk3ecvh","id":"g3e0ajfqrk3ecvh"},"id":"pxp462ve4x7lq1m","previousOperationId":"xe1j4iw07lo9yjx"}
{"type":"operationEnd","operationId":"xe1j4iw07lo9yjx","timestamp":1674754939565,"id":"z2197u5uahkbuby","previousEventId":"bmwm7myniln4iaj","previousOperationId":"mxwad6yhnv61okp"}
{"type":"operationEnd","operationId":"oqbai2607epz907","timestamp":1674754939565,"id":"72j80q89pegb1kr","previousEventId":"z2197u5uahkbuby","previousOperationId":"mxwad6yhnv61okp"}
{"type":"log","timestamp":1674754939565,"level":"debug","message":"Base url not specified, skipping its injection.","meta":{"rootId":"g3e0ajfqrk3ecvh","id":"g3e0ajfqrk3ecvh"},"id":"piefecblgavoyam","previousOperationId":"oqbai2607epz907"}
{"type":"operationStart","subtype":"engine","name":"handlebars","timestamp":1674754939565,"id":"ly0hm3qqwbow3zl","previousEventId":"72j80q89pegb1kr","operationId":"jpfvg5ipybbcjvt","previousOperationId":"oqbai2607epz907"}
{"type":"log","timestamp":1674754939565,"level":"debug","message":"Rendering engine handlebars","meta":{"rootId":"g3e0ajfqrk3ecvh","id":"g3e0ajfqrk3ecvh"},"id":"57v74ubp0632m7h","previousOperationId":"jpfvg5ipybbcjvt"}
{"type":"operationEnd","operationId":"jpfvg5ipybbcjvt","timestamp":1674754939573,"id":"dq5d7ssi6fn54g3","previousEventId":"ly0hm3qqwbow3zl","previousOperationId":"jpfvg5ipybbcjvt"}
{"type":"operationStart","subtype":"recipe","name":"chrome-pdf","timestamp":1674754939574,"id":"rpu7ets66861o3w","previousEventId":"dq5d7ssi6fn54g3","operationId":"fhvf5tsqg8pvayk","previousOperationId":"jpfvg5ipybbcjvt"}
{"type":"log","timestamp":1674754939574,"level":"debug","message":"Executing recipe chrome-pdf","meta":{"rootId":"g3e0ajfqrk3ecvh","id":"g3e0ajfqrk3ecvh"},"id":"nf3mkgk8e1h43n5","previousOperationId":"fhvf5tsqg8pvayk"}
{"type":"log","timestamp":1674754939576,"level":"debug","message":"Converting with chrome HeadlessChrome/105.0.5173.0 using chrome-pool strategy","meta":{"rootId":"g3e0ajfqrk3ecvh","id":"g3e0ajfqrk3ecvh"},"id":"gx3tsa02381ogqq","previousOperationId":"fhvf5tsqg8pvayk"}
{"type":"log","timestamp":1674754939653,"level":"debug","message":"Page request: GET (document) file:///C:/Users/Johan/AppData/Local/Temp/jsreport/autocleanup/9e29e1be-7c71-4b7c-853d-9e15b7d5f37a-chrome-pdf.html","meta":{"rootId":"g3e0ajfqrk3ecvh","id":"g3e0ajfqrk3ecvh"},"id":"fzpsrr2odd2oe4k","previousOperationId":"fhvf5tsqg8pvayk"}
{"type":"log","timestamp":1674754939675,"level":"debug","message":"Page request finished: GET (document) 200 file:///C:/Users/Johan/AppData/Local/Temp/jsreport/autocleanup/9e29e1be-7c71-4b7c-853d-9e15b7d5f37a-chrome-pdf.html","meta":{"rootId":"g3e0ajfqrk3ecvh","id":"g3e0ajfqrk3ecvh"},"id":"52q9davm5spr6o4","previousOperationId":"fhvf5tsqg8pvayk"}
{"type":"log","timestamp":1674754939675,"level":"debug","message":"Page request: GET (stylesheet) https://cdnjs.cloudflare.com/ajax/libs/metro/4.1.5/css/metro.min.css","meta":{"rootId":"g3e0ajfqrk3ecvh","id":"g3e0ajfqrk3ecvh"},"id":"3xczkl5zbdfl79w","previousOperationId":"fhvf5tsqg8pvayk"}
{"type":"log","timestamp":1674754939675,"level":"debug","message":"Page request: GET (stylesheet) https://cdnjs.cloudflare.com/ajax/libs/chartist/0.11.0/chartist.min.css","meta":{"rootId":"g3e0ajfqrk3ecvh","id":"g3e0ajfqrk3ecvh"},"id":"4aoxbjuvuk4pz5i","previousOperationId":"fhvf5tsqg8pvayk"}
{"type":"log","timestamp":1674754939675,"level":"debug","message":"Page request: GET (script) https://cdnjs.cloudflare.com/ajax/libs/chartist/0.11.0/chartist.min.js","meta":{"rootId":"g3e0ajfqrk3ecvh","id":"g3e0ajfqrk3ecvh"},"id":"42yhd2d4y828nwh","previousOperationId":"fhvf5tsqg8pvayk"}
{"type":"log","timestamp":1674754939675,"level":"debug","message":"Page request: GET (script) https://unpkg.com/chartist-plugin-tooltips@0.0.17","meta":{"rootId":"g3e0ajfqrk3ecvh","id":"g3e0ajfqrk3ecvh"},"id":"clia1gkf8aij4kt","previousOperationId":"fhvf5tsqg8pvayk"}
{"type":"log","timestamp":1674754939676,"level":"debug","message":"Page request: GET (script) https://unpkg.com/chartist-plugin-pointlabels@0.0.6","meta":{"rootId":"g3e0ajfqrk3ecvh","id":"g3e0ajfqrk3ecvh"},"id":"ewmdy5l4jiqf5gp","previousOperationId":"fhvf5tsqg8pvayk"}
{"type":"log","timestamp":1674754939681,"level":"warn","message":"Page request failed: GET (script) 302 https://unpkg.com/chartist-plugin-tooltips@0.0.17 (redirect to: /chartist-plugin-tooltips@0.0.17/dist/chartist-plugin-tooltip.js)","meta":{"rootId":"g3e0ajfqrk3ecvh","id":"g3e0ajfqrk3ecvh"},"id":"tmwys38pw8nuqw2","previousOperationId":"fhvf5tsqg8pvayk"}
{"type":"log","timestamp":1674754939682,"level":"debug","message":"Page request: GET (script) https://unpkg.com/chartist-plugin-tooltips@0.0.17/dist/chartist-plugin-tooltip.js (redirect from: https://unpkg.com/chartist-plugin-tooltips@0.0.17)","meta":{"rootId":"g3e0ajfqrk3ecvh","id":"g3e0ajfqrk3ecvh"},"id":"7z8v2cxutfrx7b4","previousOperationId":"fhvf5tsqg8pvayk"}
{"type":"log","timestamp":1674754939683,"level":"debug","message":"Page request finished: GET (stylesheet) 200 https://cdnjs.cloudflare.com/ajax/libs/chartist/0.11.0/chartist.min.css","meta":{"rootId":"g3e0ajfqrk3ecvh","id":"g3e0ajfqrk3ecvh"},"id":"n9cjm2xbwxhibf7","previousOperationId":"fhvf5tsqg8pvayk"}
{"type":"log","timestamp":1674754939684,"level":"warn","message":"Page request failed: GET (script) 302 https://unpkg.com/chartist-plugin-pointlabels@0.0.6 (redirect to: /chartist-plugin-pointlabels@0.0.6/dist/chartist-plugin-pointlabels.js)","meta":{"rootId":"g3e0ajfqrk3ecvh","id":"g3e0ajfqrk3ecvh"},"id":"6xvcmmnmyge4gln","previousOperationId":"fhvf5tsqg8pvayk"}
{"type":"log","timestamp":1674754939685,"level":"debug","message":"Page request: GET (script) https://unpkg.com/chartist-plugin-pointlabels@0.0.6/dist/chartist-plugin-pointlabels.js (redirect from: https://unpkg.com/chartist-plugin-pointlabels@0.0.6)","meta":{"rootId":"g3e0ajfqrk3ecvh","id":"g3e0ajfqrk3ecvh"},"id":"6mba6v3qevs78gg","previousOperationId":"fhvf5tsqg8pvayk"}
{"type":"log","timestamp":1674754939700,"level":"debug","message":"Page request finished: GET (stylesheet) 200 https://cdnjs.cloudflare.com/ajax/libs/metro/4.1.5/css/metro.min.css","meta":{"rootId":"g3e0ajfqrk3ecvh","id":"g3e0ajfqrk3ecvh"},"id":"gcwk9it65990lw4","previousOperationId":"fhvf5tsqg8pvayk"}
{"type":"log","timestamp":1674754939700,"level":"debug","message":"Page request finished: GET (script) 200 https://cdnjs.cloudflare.com/ajax/libs/chartist/0.11.0/chartist.min.js","meta":{"rootId":"g3e0ajfqrk3ecvh","id":"g3e0ajfqrk3ecvh"},"id":"0o05nua0ubrz2vr","previousOperationId":"fhvf5tsqg8pvayk"}
{"type":"log","timestamp":1674754939702,"level":"debug","message":"Page request finished: GET (script) 200 https://unpkg.com/chartist-plugin-tooltips@0.0.17/dist/chartist-plugin-tooltip.js","meta":{"rootId":"g3e0ajfqrk3ecvh","id":"g3e0ajfqrk3ecvh"},"id":"q316kub4wu61v9v","previousOperationId":"fhvf5tsqg8pvayk"}
{"type":"log","timestamp":1674754939703,"level":"debug","message":"Page request finished: GET (script) 200 https://unpkg.com/chartist-plugin-pointlabels@0.0.6/dist/chartist-plugin-pointlabels.js","meta":{"rootId":"g3e0ajfqrk3ecvh","id":"g3e0ajfqrk3ecvh"},"id":"lj3qewjmtr5pb7o","previousOperationId":"fhvf5tsqg8pvayk"}
{"type":"log","timestamp":1674754939704,"level":"debug","message":"(console:log) Me he venido","meta":{"userLevel":true,"rootId":"g3e0ajfqrk3ecvh","id":"g3e0ajfqrk3ecvh"},"id":"silqsdovle0go99","previousOperationId":"fhvf5tsqg8pvayk"}
{"type":"log","timestamp":1674754939704,"level":"warn","message":"Page error: ReferenceError: Arucas is not defined\n    at file:///C:/Users/Johan/AppData/Local/Temp/jsreport/autocleanup/9e29e1be-7c71-4b7c-853d-9e15b7d5f37a-chrome-pdf.html:54:28","meta":{"rootId":"g3e0ajfqrk3ecvh","id":"g3e0ajfqrk3ecvh"},"id":"5eqv4m4gmjg9cky","previousOperationId":"fhvf5tsqg8pvayk"}
{"type":"log","timestamp":1674754939742,"level":"debug","message":"Running chrome with params {\"printBackground\":true,\"timeout\":59322,\"margin\":{}}","meta":{"rootId":"g3e0ajfqrk3ecvh","id":"g3e0ajfqrk3ecvh"},"id":"emf0ij5f6yicx1g","previousOperationId":"fhvf5tsqg8pvayk"}
{"type":"operationEnd","operationId":"fhvf5tsqg8pvayk","timestamp":1674754939846,"id":"wk3u8ej2uhri61f","previousEventId":"rpu7ets66861o3w","previousOperationId":"fhvf5tsqg8pvayk"}
{"type":"log","timestamp":1674754939846,"level":"debug","message":"Executing script testing (afterRender)","meta":{"rootId":"g3e0ajfqrk3ecvh","id":"g3e0ajfqrk3ecvh"},"id":"2e77kfmu1upwovg","previousOperationId":"fhvf5tsqg8pvayk"}
{"type":"operationStart","subtype":"scriptsAfterRender","name":"scripts afterRender","timestamp":1674754939853,"id":"dtm45ly53lwjwco","previousEventId":"wk3u8ej2uhri61f","operationId":"ak0j3eg0n8pksx7","previousOperationId":"fhvf5tsqg8pvayk"}
{"type":"operationStart","subtype":"script","name":"scripts testing","previousOperationId":"ak0j3eg0n8pksx7","timestamp":1674754939853,"id":"55q4qt772o4kmf1","previousEventId":"dtm45ly53lwjwco","operationId":"41e2eo9bd2yu16q"}
{"type":"operationEnd","operationId":"41e2eo9bd2yu16q","timestamp":1674754940953,"id":"mkt00r6wfah2qf8","previousEventId":"wk3u8ej2uhri61f","previousOperationId":"fhvf5tsqg8pvayk"}
{"type":"operationEnd","operationId":"ak0j3eg0n8pksx7","timestamp":1674754940953,"id":"gaum0kh14memxfq","previousEventId":"mkt00r6wfah2qf8","previousOperationId":"fhvf5tsqg8pvayk"}
{"type":"log","timestamp":1674754940953,"level":"debug","message":"Skipping storing report.","meta":{"rootId":"g3e0ajfqrk3ecvh","id":"g3e0ajfqrk3ecvh"},"id":"dft0lr1ocqe4jwn","previousOperationId":"ak0j3eg0n8pksx7"}
{"type":"log","timestamp":1674754940953,"level":"info","message":"Rendering request 10 finished in 2056 ms","meta":{"rootId":"g3e0ajfqrk3ecvh","id":"g3e0ajfqrk3ecvh"},"id":"9mr2j9sawxn609k","previousOperationId":"ak0j3eg0n8pksx7"}
{"type":"operationEnd","subtype":"render","operationId":"mxwad6yhnv61okp","timestamp":1674754940953,"id":"rlo0ogq4lj69i8f","previousEventId":"gaum0kh14memxfq","previousOperationId":"ak0j3eg0n8pksx7"}
{"type":"operationEnd","doDiffs":false,"previousEventId":"13znds0ewg24g1o","previousOperationId":"bmqa8oc4gqc4sp8","operationId":"bmqa8oc4gqc4sp8","timestamp":1674754940959,"id":"cprrg5mvy3c71zg"}
