{"type":"operationStart","subtype":"profile","data":{"_id":"ipSM6mVMDeou0Cz7","timestamp":"2023-01-26T18:25:10.747Z","state":"queued","mode":"standard","creationDate":"2023-01-26T18:25:10.750Z","modificationDate":"2023-01-26T18:25:10.750Z","shortid":"qUmVvGs","$entitySet":"profiles"},"doDiffs":false,"timestamp":1674757510748,"id":"6iqenk6u95dy03j","previousOperationId":null,"operationId":"vubz40f6tmmlxlq"}
{"type":"log","level":"info","message":"Render request 9 queued for execution and waiting for available worker","previousOperationId":"vubz40f6tmmlxlq","timestamp":1674757510749,"id":"tzkh1by6wri1k1a"}
{"type":"operationStart","subtype":"render","name":"Data","previousOperationId":"vubz40f6tmmlxlq","timestamp":1674757510760,"id":"iqbivsyyj8sveza","previousEventId":"6iqenk6u95dy03j","operationId":"uto34nkh1q9rci0"}
{"type":"log","timestamp":1674757510760,"level":"info","message":"Starting rendering request 9","meta":{"rootId":"ge3jdyve0m33yqu","id":"ge3jdyve0m33yqu"},"id":"pa4re84wqsvc7yy","previousOperationId":"uto34nkh1q9rci0"}
{"type":"log","timestamp":1674757510760,"level":"info","message":"Rendering template { name: Data, recipe: chrome-pdf, engine: handlebars, preview: true }","meta":{"rootId":"ge3jdyve0m33yqu","id":"ge3jdyve0m33yqu"},"id":"iamldpbkj6u8i0h","previousOperationId":"uto34nkh1q9rci0"}
{"type":"log","timestamp":1674757510761,"level":"debug","message":"Data item not defined for this template.","meta":{"rootId":"ge3jdyve0m33yqu","id":"ge3jdyve0m33yqu"},"id":"0zbp0j0cngnuvv3","previousOperationId":"uto34nkh1q9rci0"}
{"type":"log","timestamp":1674757510763,"level":"debug","message":"Executing script testing (beforeRender)","meta":{"rootId":"ge3jdyve0m33yqu","id":"ge3jdyve0m33yqu"},"id":"vravh2wk19qa128","previousOperationId":"uto34nkh1q9rci0"}
{"type":"operationStart","subtype":"scriptsBeforeRender","name":"scripts beforeRender","timestamp":1674757510809,"id":"p8gja09c6mscne8","previousEventId":"iqbivsyyj8sveza","operationId":"5fk5rcsvx311ndx","previousOperationId":"uto34nkh1q9rci0"}
{"type":"operationStart","subtype":"script","name":"scripts testing","previousOperationId":"5fk5rcsvx311ndx","timestamp":1674757510809,"id":"fbzaq4ns3cfiboj","previousEventId":"p8gja09c6mscne8","operationId":"1tq10t13lezwb2a"}
{"type":"log","timestamp":1674757511055,"level":"debug","message":"(console:log) [ '2', '1', '3' ]","meta":{"userLevel":true,"rootId":"ge3jdyve0m33yqu","id":"ge3jdyve0m33yqu"},"id":"32oewdsn482lmr0","previousOperationId":"1tq10t13lezwb2a"}
{"type":"log","timestamp":1674757511055,"level":"debug","message":"(console:log) [ 'Arucas', 'Galdar', 'Teror' ]","meta":{"userLevel":true,"rootId":"ge3jdyve0m33yqu","id":"ge3jdyve0m33yqu"},"id":"rzrzxb7m7d5bk8b","previousOperationId":"1tq10t13lezwb2a"}
{"type":"operationEnd","operationId":"1tq10t13lezwb2a","timestamp":1674757511462,"id":"qlpxemfijrzlh15","previousEventId":"iqbivsyyj8sveza","previousOperationId":"uto34nkh1q9rci0"}
{"type":"operationEnd","operationId":"5fk5rcsvx311ndx","timestamp":1674757511462,"id":"plnwxj6h23cppxa","previousEventId":"qlpxemfijrzlh15","previousOperationId":"uto34nkh1q9rci0"}
{"type":"log","timestamp":1674757511462,"level":"debug","message":"Base url not specified, skipping its injection.","meta":{"rootId":"ge3jdyve0m33yqu","id":"ge3jdyve0m33yqu"},"id":"16yyd9nblxhmwvd","previousOperationId":"5fk5rcsvx311ndx"}
{"type":"operationStart","subtype":"engine","name":"handlebars","timestamp":1674757511462,"id":"acolsh8u5cdo0s7","previousEventId":"plnwxj6h23cppxa","operationId":"sz4krnidhgu0g4e","previousOperationId":"5fk5rcsvx311ndx"}
{"type":"log","timestamp":1674757511462,"level":"debug","message":"Rendering engine handlebars","meta":{"rootId":"ge3jdyve0m33yqu","id":"ge3jdyve0m33yqu"},"id":"6pmgx33zfppmsrd","previousOperationId":"sz4krnidhgu0g4e"}
{"type":"operationEnd","operationId":"sz4krnidhgu0g4e","timestamp":1674757511471,"id":"weae9635qfvxc2y","previousEventId":"acolsh8u5cdo0s7","previousOperationId":"sz4krnidhgu0g4e"}
{"type":"operationStart","subtype":"recipe","name":"chrome-pdf","timestamp":1674757511471,"id":"48050240ngbusee","previousEventId":"weae9635qfvxc2y","operationId":"nry9d9nnt9wc07o","previousOperationId":"sz4krnidhgu0g4e"}
{"type":"log","timestamp":1674757511471,"level":"debug","message":"Executing recipe chrome-pdf","meta":{"rootId":"ge3jdyve0m33yqu","id":"ge3jdyve0m33yqu"},"id":"pqy87dj3mwv05pz","previousOperationId":"nry9d9nnt9wc07o"}
{"type":"log","timestamp":1674757511473,"level":"debug","message":"Converting with chrome HeadlessChrome/105.0.5173.0 using chrome-pool strategy","meta":{"rootId":"ge3jdyve0m33yqu","id":"ge3jdyve0m33yqu"},"id":"9op6bim58j4chc9","previousOperationId":"nry9d9nnt9wc07o"}
{"type":"log","timestamp":1674757511554,"level":"debug","message":"Page request: GET (document) file:///C:/Users/Johan/AppData/Local/Temp/jsreport/autocleanup/ea46b136-2492-4460-8d26-91ec978e85dc-chrome-pdf.html","meta":{"rootId":"ge3jdyve0m33yqu","id":"ge3jdyve0m33yqu"},"id":"i0w0fk5am9tpsz7","previousOperationId":"nry9d9nnt9wc07o"}
{"type":"log","timestamp":1674757511575,"level":"debug","message":"Page request finished: GET (document) 200 file:///C:/Users/Johan/AppData/Local/Temp/jsreport/autocleanup/ea46b136-2492-4460-8d26-91ec978e85dc-chrome-pdf.html","meta":{"rootId":"ge3jdyve0m33yqu","id":"ge3jdyve0m33yqu"},"id":"ugbnuedp6lkrnij","previousOperationId":"nry9d9nnt9wc07o"}
{"type":"log","timestamp":1674757511576,"level":"debug","message":"Page request: GET (stylesheet) https://cdnjs.cloudflare.com/ajax/libs/metro/4.1.5/css/metro.min.css","meta":{"rootId":"ge3jdyve0m33yqu","id":"ge3jdyve0m33yqu"},"id":"mij1sws76ubsa5x","previousOperationId":"nry9d9nnt9wc07o"}
{"type":"log","timestamp":1674757511576,"level":"debug","message":"Page request: GET (stylesheet) https://cdnjs.cloudflare.com/ajax/libs/chartist/0.11.0/chartist.min.css","meta":{"rootId":"ge3jdyve0m33yqu","id":"ge3jdyve0m33yqu"},"id":"ixawm6h3cmzzl76","previousOperationId":"nry9d9nnt9wc07o"}
{"type":"log","timestamp":1674757511576,"level":"debug","message":"Page request: GET (script) https://cdnjs.cloudflare.com/ajax/libs/chartist/0.11.0/chartist.min.js","meta":{"rootId":"ge3jdyve0m33yqu","id":"ge3jdyve0m33yqu"},"id":"xk3m1uedxzu5tcj","previousOperationId":"nry9d9nnt9wc07o"}
{"type":"log","timestamp":1674757511576,"level":"debug","message":"Page request: GET (script) https://unpkg.com/chartist-plugin-tooltips@0.0.17","meta":{"rootId":"ge3jdyve0m33yqu","id":"ge3jdyve0m33yqu"},"id":"82wnowvvmrsdtu5","previousOperationId":"nry9d9nnt9wc07o"}
{"type":"log","timestamp":1674757511576,"level":"debug","message":"Page request: GET (script) https://unpkg.com/chartist-plugin-pointlabels@0.0.6","meta":{"rootId":"ge3jdyve0m33yqu","id":"ge3jdyve0m33yqu"},"id":"8vd6kv3slgyvst1","previousOperationId":"nry9d9nnt9wc07o"}
{"type":"log","timestamp":1674757511582,"level":"debug","message":"Page request finished: GET (stylesheet) 200 https://cdnjs.cloudflare.com/ajax/libs/chartist/0.11.0/chartist.min.css","meta":{"rootId":"ge3jdyve0m33yqu","id":"ge3jdyve0m33yqu"},"id":"p3uprpu77chtydx","previousOperationId":"nry9d9nnt9wc07o"}
{"type":"log","timestamp":1674757511584,"level":"warn","message":"Page request failed: GET (script) 302 https://unpkg.com/chartist-plugin-tooltips@0.0.17 (redirect to: /chartist-plugin-tooltips@0.0.17/dist/chartist-plugin-tooltip.js)","meta":{"rootId":"ge3jdyve0m33yqu","id":"ge3jdyve0m33yqu"},"id":"yh2cjozv1lm320a","previousOperationId":"nry9d9nnt9wc07o"}
{"type":"log","timestamp":1674757511584,"level":"debug","message":"Page request finished: GET (script) 200 https://cdnjs.cloudflare.com/ajax/libs/chartist/0.11.0/chartist.min.js","meta":{"rootId":"ge3jdyve0m33yqu","id":"ge3jdyve0m33yqu"},"id":"dpl9wyy0uii6xzs","previousOperationId":"nry9d9nnt9wc07o"}
{"type":"log","timestamp":1674757511584,"level":"debug","message":"Page request: GET (script) https://unpkg.com/chartist-plugin-tooltips@0.0.17/dist/chartist-plugin-tooltip.js (redirect from: https://unpkg.com/chartist-plugin-tooltips@0.0.17)","meta":{"rootId":"ge3jdyve0m33yqu","id":"ge3jdyve0m33yqu"},"id":"3xygsh47piicdv2","previousOperationId":"nry9d9nnt9wc07o"}
{"type":"log","timestamp":1674757511585,"level":"warn","message":"Page request failed: GET (script) 302 https://unpkg.com/chartist-plugin-pointlabels@0.0.6 (redirect to: /chartist-plugin-pointlabels@0.0.6/dist/chartist-plugin-pointlabels.js)","meta":{"rootId":"ge3jdyve0m33yqu","id":"ge3jdyve0m33yqu"},"id":"w6ymv813s500cpt","previousOperationId":"nry9d9nnt9wc07o"}
{"type":"log","timestamp":1674757511587,"level":"debug","message":"Page request: GET (script) https://unpkg.com/chartist-plugin-pointlabels@0.0.6/dist/chartist-plugin-pointlabels.js (redirect from: https://unpkg.com/chartist-plugin-pointlabels@0.0.6)","meta":{"rootId":"ge3jdyve0m33yqu","id":"ge3jdyve0m33yqu"},"id":"mcqfrkxjlnub8bo","previousOperationId":"nry9d9nnt9wc07o"}
{"type":"log","timestamp":1674757511602,"level":"debug","message":"Page request finished: GET (stylesheet) 200 https://cdnjs.cloudflare.com/ajax/libs/metro/4.1.5/css/metro.min.css","meta":{"rootId":"ge3jdyve0m33yqu","id":"ge3jdyve0m33yqu"},"id":"c6ahda4ogcur28i","previousOperationId":"nry9d9nnt9wc07o"}
{"type":"log","timestamp":1674757511604,"level":"debug","message":"Page request finished: GET (script) 200 https://unpkg.com/chartist-plugin-tooltips@0.0.17/dist/chartist-plugin-tooltip.js","meta":{"rootId":"ge3jdyve0m33yqu","id":"ge3jdyve0m33yqu"},"id":"ktzk2f8qoeriirj","previousOperationId":"nry9d9nnt9wc07o"}
{"type":"log","timestamp":1674757511604,"level":"debug","message":"Page request finished: GET (script) 200 https://unpkg.com/chartist-plugin-pointlabels@0.0.6/dist/chartist-plugin-pointlabels.js","meta":{"rootId":"ge3jdyve0m33yqu","id":"ge3jdyve0m33yqu"},"id":"idz56vtfgyt9mcs","previousOperationId":"nry9d9nnt9wc07o"}
{"type":"log","timestamp":1674757511606,"level":"debug","message":"(console:log) Me he venido","meta":{"userLevel":true,"rootId":"ge3jdyve0m33yqu","id":"ge3jdyve0m33yqu"},"id":"c4sam65rfxy8c7r","previousOperationId":"nry9d9nnt9wc07o"}
{"type":"log","timestamp":1674757511607,"level":"debug","message":"(console:log) Cuidado: 2,1,3","meta":{"userLevel":true,"rootId":"ge3jdyve0m33yqu","id":"ge3jdyve0m33yqu"},"id":"mg0njah8qymuxrd","previousOperationId":"nry9d9nnt9wc07o"}
{"type":"log","timestamp":1674757511607,"level":"warn","message":"Page error: ReferenceError: Arucas is not defined\n    at file:///C:/Users/Johan/AppData/Local/Temp/jsreport/autocleanup/ea46b136-2492-4460-8d26-91ec978e85dc-chrome-pdf.html:56:32","meta":{"rootId":"ge3jdyve0m33yqu","id":"ge3jdyve0m33yqu"},"id":"6rnu1bvdus8a0bc","previousOperationId":"nry9d9nnt9wc07o"}
{"type":"log","timestamp":1674757511643,"level":"debug","message":"Running chrome with params {\"printBackground\":true,\"timeout\":59274,\"margin\":{}}","meta":{"rootId":"ge3jdyve0m33yqu","id":"ge3jdyve0m33yqu"},"id":"znj72gmp0sf7fxb","previousOperationId":"nry9d9nnt9wc07o"}
{"type":"operationEnd","operationId":"nry9d9nnt9wc07o","timestamp":1674757511750,"id":"c34il8xxk05nn8m","previousEventId":"48050240ngbusee","previousOperationId":"nry9d9nnt9wc07o"}
{"type":"log","timestamp":1674757511750,"level":"debug","message":"Executing script testing (afterRender)","meta":{"rootId":"ge3jdyve0m33yqu","id":"ge3jdyve0m33yqu"},"id":"wq2rx70cqggwj35","previousOperationId":"nry9d9nnt9wc07o"}
{"type":"operationStart","subtype":"scriptsAfterRender","name":"scripts afterRender","timestamp":1674757511757,"id":"kv4y811irstr0tz","previousEventId":"c34il8xxk05nn8m","operationId":"6njvduas9v4yap3","previousOperationId":"nry9d9nnt9wc07o"}
{"type":"operationStart","subtype":"script","name":"scripts testing","previousOperationId":"6njvduas9v4yap3","timestamp":1674757511757,"id":"808wa1g6u2qfffe","previousEventId":"kv4y811irstr0tz","operationId":"ix9uiur6mypdh65"}
{"type":"operationEnd","operationId":"ix9uiur6mypdh65","timestamp":1674757512749,"id":"guu65hfu2bkys63","previousEventId":"c34il8xxk05nn8m","previousOperationId":"nry9d9nnt9wc07o"}
{"type":"operationEnd","operationId":"6njvduas9v4yap3","timestamp":1674757512749,"id":"8j1bt49znm3nxqx","previousEventId":"guu65hfu2bkys63","previousOperationId":"nry9d9nnt9wc07o"}
{"type":"log","timestamp":1674757512749,"level":"debug","message":"Skipping storing report.","meta":{"rootId":"ge3jdyve0m33yqu","id":"ge3jdyve0m33yqu"},"id":"cvkwclvkiccxtcx","previousOperationId":"6njvduas9v4yap3"}
{"type":"log","timestamp":1674757512749,"level":"info","message":"Rendering request 9 finished in 2002 ms","meta":{"rootId":"ge3jdyve0m33yqu","id":"ge3jdyve0m33yqu"},"id":"179ckeu2b8259pz","previousOperationId":"6njvduas9v4yap3"}
{"type":"operationEnd","subtype":"render","operationId":"uto34nkh1q9rci0","timestamp":1674757512749,"id":"fcaoshvjyegd1yd","previousEventId":"8j1bt49znm3nxqx","previousOperationId":"6njvduas9v4yap3"}
{"type":"operationEnd","doDiffs":false,"previousEventId":"6iqenk6u95dy03j","previousOperationId":"vubz40f6tmmlxlq","operationId":"vubz40f6tmmlxlq","timestamp":1674757512754,"id":"f60c2ku414ik2na"}
