{"type":"operationStart","subtype":"profile","data":{"_id":"u8tEnZXURElAX2eX","timestamp":"2023-01-26T16:25:27.169Z","state":"queued","mode":"standard","creationDate":"2023-01-26T16:25:27.171Z","modificationDate":"2023-01-26T16:25:27.171Z","shortid":"OQbNuJ8","$entitySet":"profiles"},"doDiffs":false,"timestamp":1674750327170,"id":"4oetpmgw7fi4sub","previousOperationId":null,"operationId":"jxhiyd75jdl3ew9"}
{"type":"log","level":"info","message":"Render request 62 queued for execution and waiting for available worker","previousOperationId":"jxhiyd75jdl3ew9","timestamp":1674750327170,"id":"ofgxxgpv241klso"}
{"type":"operationStart","subtype":"render","name":"Data","previousOperationId":"jxhiyd75jdl3ew9","timestamp":1674750327182,"id":"tqdsngm3quk0y8o","previousEventId":"4oetpmgw7fi4sub","operationId":"vvld45fbkghy7gv"}
{"type":"log","timestamp":1674750327183,"level":"info","message":"Starting rendering request 62","meta":{"rootId":"h1iem47iirrx3vw","id":"h1iem47iirrx3vw"},"id":"844yvq0kbrjq7vk","previousOperationId":"vvld45fbkghy7gv"}
{"type":"log","timestamp":1674750327184,"level":"info","message":"Rendering template { name: Data, recipe: chrome-pdf, engine: handlebars, preview: true }","meta":{"rootId":"h1iem47iirrx3vw","id":"h1iem47iirrx3vw"},"id":"sw9aodywmiphgu8","previousOperationId":"vvld45fbkghy7gv"}
{"type":"log","timestamp":1674750327185,"level":"debug","message":"Data item not defined for this template.","meta":{"rootId":"h1iem47iirrx3vw","id":"h1iem47iirrx3vw"},"id":"yzm2fai31bjiw6c","previousOperationId":"vvld45fbkghy7gv"}
{"type":"log","timestamp":1674750327189,"level":"debug","message":"Executing script testing (beforeRender)","meta":{"rootId":"h1iem47iirrx3vw","id":"h1iem47iirrx3vw"},"id":"7ja5e1k7txswak6","previousOperationId":"vvld45fbkghy7gv"}
{"type":"operationStart","subtype":"scriptsBeforeRender","name":"scripts beforeRender","timestamp":1674750327509,"id":"xf6p7dqptpfq4yg","previousEventId":"tqdsngm3quk0y8o","operationId":"y9ylkm3aq2g8v1e","previousOperationId":"vvld45fbkghy7gv"}
{"type":"operationStart","subtype":"script","name":"scripts testing","previousOperationId":"y9ylkm3aq2g8v1e","timestamp":1674750327509,"id":"0pm243hcu73mqcc","previousEventId":"xf6p7dqptpfq4yg","operationId":"5mnt7ii18aeezxu"}
{"type":"log","timestamp":1674750327748,"level":"debug","message":"(console:log) {\n  location: [ 'Teror', 'Gáldar', 'Las Palmas de Gran Canaria' ],\n  repetition: [ '3', '1', '2' ]\n}","meta":{"userLevel":true,"rootId":"h1iem47iirrx3vw","id":"h1iem47iirrx3vw"},"id":"jmw978lnzxa9do8","previousOperationId":"5mnt7ii18aeezxu"}
{"type":"operationEnd","operationId":"5mnt7ii18aeezxu","timestamp":1674750328129,"id":"o1gjl3l9mdrvdag","previousEventId":"tqdsngm3quk0y8o","previousOperationId":"vvld45fbkghy7gv"}
{"type":"operationEnd","operationId":"y9ylkm3aq2g8v1e","timestamp":1674750328129,"id":"5yjj8z2j1t0qiju","previousEventId":"o1gjl3l9mdrvdag","previousOperationId":"vvld45fbkghy7gv"}
{"type":"log","timestamp":1674750328129,"level":"debug","message":"Base url not specified, skipping its injection.","meta":{"rootId":"h1iem47iirrx3vw","id":"h1iem47iirrx3vw"},"id":"vmjzzgd326ojmvd","previousOperationId":"y9ylkm3aq2g8v1e"}
{"type":"operationStart","subtype":"engine","name":"handlebars","timestamp":1674750328130,"id":"24c23xmh3pou4if","previousEventId":"5yjj8z2j1t0qiju","operationId":"wvg7dkwq4mkwdo2","previousOperationId":"y9ylkm3aq2g8v1e"}
{"type":"log","timestamp":1674750328130,"level":"debug","message":"Rendering engine handlebars","meta":{"rootId":"h1iem47iirrx3vw","id":"h1iem47iirrx3vw"},"id":"w0ms6uuvduizukg","previousOperationId":"wvg7dkwq4mkwdo2"}
{"type":"operationEnd","operationId":"wvg7dkwq4mkwdo2","timestamp":1674750328416,"id":"uz6fzwfbm0kkzz9","previousEventId":"24c23xmh3pou4if","previousOperationId":"wvg7dkwq4mkwdo2"}
{"type":"operationStart","subtype":"recipe","name":"chrome-pdf","timestamp":1674750328417,"id":"fj3d82qu6v4j2mo","previousEventId":"uz6fzwfbm0kkzz9","operationId":"rtiubrdav93mv87","previousOperationId":"wvg7dkwq4mkwdo2"}
{"type":"log","timestamp":1674750328417,"level":"debug","message":"Executing recipe chrome-pdf","meta":{"rootId":"h1iem47iirrx3vw","id":"h1iem47iirrx3vw"},"id":"sbkos8johg33hxi","previousOperationId":"rtiubrdav93mv87"}
{"type":"log","timestamp":1674750328659,"level":"debug","message":"Converting with chrome HeadlessChrome/105.0.5173.0 using chrome-pool strategy","meta":{"rootId":"h1iem47iirrx3vw","id":"h1iem47iirrx3vw"},"id":"517oxfvqg67qrq0","previousOperationId":"rtiubrdav93mv87"}
{"type":"log","timestamp":1674750328782,"level":"debug","message":"Page request: GET (document) file:///C:/Users/Johan/AppData/Local/Temp/jsreport/autocleanup/f4f95166-fcfc-4431-a7fd-6ce7066ae253-chrome-pdf.html","meta":{"rootId":"h1iem47iirrx3vw","id":"h1iem47iirrx3vw"},"id":"weuotcnlbiw1boi","previousOperationId":"rtiubrdav93mv87"}
{"type":"log","timestamp":1674750328806,"level":"debug","message":"Page request finished: GET (document) 200 file:///C:/Users/Johan/AppData/Local/Temp/jsreport/autocleanup/f4f95166-fcfc-4431-a7fd-6ce7066ae253-chrome-pdf.html","meta":{"rootId":"h1iem47iirrx3vw","id":"h1iem47iirrx3vw"},"id":"9rh3l0nzjwivrt1","previousOperationId":"rtiubrdav93mv87"}
{"type":"log","timestamp":1674750328806,"level":"debug","message":"Page request: GET (stylesheet) https://cdnjs.cloudflare.com/ajax/libs/metro/4.1.5/css/metro.min.css","meta":{"rootId":"h1iem47iirrx3vw","id":"h1iem47iirrx3vw"},"id":"gi3ionrrvz6yj77","previousOperationId":"rtiubrdav93mv87"}
{"type":"log","timestamp":1674750328806,"level":"debug","message":"Page request: GET (stylesheet) https://cdnjs.cloudflare.com/ajax/libs/chartist/0.11.0/chartist.min.css","meta":{"rootId":"h1iem47iirrx3vw","id":"h1iem47iirrx3vw"},"id":"wijazkrktninf36","previousOperationId":"rtiubrdav93mv87"}
{"type":"log","timestamp":1674750328806,"level":"debug","message":"Page request: GET (script) https://cdnjs.cloudflare.com/ajax/libs/chartist/0.11.0/chartist.min.js","meta":{"rootId":"h1iem47iirrx3vw","id":"h1iem47iirrx3vw"},"id":"asbkpl7u3i4qxwh","previousOperationId":"rtiubrdav93mv87"}
{"type":"log","timestamp":1674750328807,"level":"debug","message":"Page request: GET (script) https://unpkg.com/chartist-plugin-tooltips@0.0.17","meta":{"rootId":"h1iem47iirrx3vw","id":"h1iem47iirrx3vw"},"id":"7kp5s34lteu2hgi","previousOperationId":"rtiubrdav93mv87"}
{"type":"log","timestamp":1674750328807,"level":"debug","message":"Page request: GET (script) https://unpkg.com/chartist-plugin-pointlabels@0.0.6","meta":{"rootId":"h1iem47iirrx3vw","id":"h1iem47iirrx3vw"},"id":"rztske7yg4dxx16","previousOperationId":"rtiubrdav93mv87"}
{"type":"log","timestamp":1674750328974,"level":"debug","message":"Page request finished: GET (script) 200 https://cdnjs.cloudflare.com/ajax/libs/chartist/0.11.0/chartist.min.js","meta":{"rootId":"h1iem47iirrx3vw","id":"h1iem47iirrx3vw"},"id":"1utflmt1jcz8pgt","previousOperationId":"rtiubrdav93mv87"}
{"type":"log","timestamp":1674750328977,"level":"debug","message":"Page request finished: GET (stylesheet) 200 https://cdnjs.cloudflare.com/ajax/libs/chartist/0.11.0/chartist.min.css","meta":{"rootId":"h1iem47iirrx3vw","id":"h1iem47iirrx3vw"},"id":"4d6s8tsqredp2a5","previousOperationId":"rtiubrdav93mv87"}
{"type":"log","timestamp":1674750328987,"level":"warn","message":"Page request failed: GET (script) 302 https://unpkg.com/chartist-plugin-tooltips@0.0.17 (redirect to: /chartist-plugin-tooltips@0.0.17/dist/chartist-plugin-tooltip.js)","meta":{"rootId":"h1iem47iirrx3vw","id":"h1iem47iirrx3vw"},"id":"ox511dl95kwzuuh","previousOperationId":"rtiubrdav93mv87"}
{"type":"log","timestamp":1674750328987,"level":"debug","message":"Page request: GET (script) https://unpkg.com/chartist-plugin-tooltips@0.0.17/dist/chartist-plugin-tooltip.js (redirect from: https://unpkg.com/chartist-plugin-tooltips@0.0.17)","meta":{"rootId":"h1iem47iirrx3vw","id":"h1iem47iirrx3vw"},"id":"z8q5qrd0tua7bvc","previousOperationId":"rtiubrdav93mv87"}
{"type":"log","timestamp":1674750329006,"level":"warn","message":"Page request failed: GET (script) 302 https://unpkg.com/chartist-plugin-pointlabels@0.0.6 (redirect to: /chartist-plugin-pointlabels@0.0.6/dist/chartist-plugin-pointlabels.js)","meta":{"rootId":"h1iem47iirrx3vw","id":"h1iem47iirrx3vw"},"id":"244k2955hk4479w","previousOperationId":"rtiubrdav93mv87"}
{"type":"log","timestamp":1674750329006,"level":"debug","message":"Page request: GET (script) https://unpkg.com/chartist-plugin-pointlabels@0.0.6/dist/chartist-plugin-pointlabels.js (redirect from: https://unpkg.com/chartist-plugin-pointlabels@0.0.6)","meta":{"rootId":"h1iem47iirrx3vw","id":"h1iem47iirrx3vw"},"id":"kkhvxoduc4jww3l","previousOperationId":"rtiubrdav93mv87"}
{"type":"log","timestamp":1674750329022,"level":"debug","message":"Page request finished: GET (stylesheet) 200 https://cdnjs.cloudflare.com/ajax/libs/metro/4.1.5/css/metro.min.css","meta":{"rootId":"h1iem47iirrx3vw","id":"h1iem47iirrx3vw"},"id":"sdtynzk6t7a2ng4","previousOperationId":"rtiubrdav93mv87"}
{"type":"log","timestamp":1674750329043,"level":"debug","message":"Page request finished: GET (script) 200 https://unpkg.com/chartist-plugin-tooltips@0.0.17/dist/chartist-plugin-tooltip.js","meta":{"rootId":"h1iem47iirrx3vw","id":"h1iem47iirrx3vw"},"id":"icjxt504n0u5lch","previousOperationId":"rtiubrdav93mv87"}
{"type":"log","timestamp":1674750329088,"level":"debug","message":"Page request finished: GET (script) 200 https://unpkg.com/chartist-plugin-pointlabels@0.0.6/dist/chartist-plugin-pointlabels.js","meta":{"rootId":"h1iem47iirrx3vw","id":"h1iem47iirrx3vw"},"id":"e2hda1j2m7pmboa","previousOperationId":"rtiubrdav93mv87"}
{"type":"log","timestamp":1674750329091,"level":"debug","message":"(console:log) Me he venido","meta":{"userLevel":true,"rootId":"h1iem47iirrx3vw","id":"h1iem47iirrx3vw"},"id":"klkp2db6gbwtpr5","previousOperationId":"rtiubrdav93mv87"}
{"type":"log","timestamp":1674750329137,"level":"debug","message":"Running chrome with params {\"printBackground\":true,\"timeout\":58632,\"margin\":{}}","meta":{"rootId":"h1iem47iirrx3vw","id":"h1iem47iirrx3vw"},"id":"ixrawhpiuxtfer4","previousOperationId":"rtiubrdav93mv87"}
{"type":"operationEnd","operationId":"rtiubrdav93mv87","timestamp":1674750329265,"id":"rxmr9uj9pnjwq66","previousEventId":"fj3d82qu6v4j2mo","previousOperationId":"rtiubrdav93mv87"}
{"type":"log","timestamp":1674750329266,"level":"debug","message":"Executing script testing (afterRender)","meta":{"rootId":"h1iem47iirrx3vw","id":"h1iem47iirrx3vw"},"id":"enhzxhxuawmi5wm","previousOperationId":"rtiubrdav93mv87"}
{"type":"operationStart","subtype":"scriptsAfterRender","name":"scripts afterRender","timestamp":1674750329273,"id":"o85pmokyv8o6bbv","previousEventId":"rxmr9uj9pnjwq66","operationId":"7smu1ktddzuh4qh","previousOperationId":"rtiubrdav93mv87"}
{"type":"operationStart","subtype":"script","name":"scripts testing","previousOperationId":"7smu1ktddzuh4qh","timestamp":1674750329273,"id":"mky334cavu5oo47","previousEventId":"o85pmokyv8o6bbv","operationId":"vytkte9cplvpr8h"}
{"type":"operationEnd","operationId":"vytkte9cplvpr8h","timestamp":1674750331023,"id":"75471empitrrfg7","previousEventId":"rxmr9uj9pnjwq66","previousOperationId":"rtiubrdav93mv87"}
{"type":"operationEnd","operationId":"7smu1ktddzuh4qh","timestamp":1674750331023,"id":"l8zhuj7vtgcif84","previousEventId":"75471empitrrfg7","previousOperationId":"rtiubrdav93mv87"}
{"type":"log","timestamp":1674750331024,"level":"debug","message":"Skipping storing report.","meta":{"rootId":"h1iem47iirrx3vw","id":"h1iem47iirrx3vw"},"id":"ohxdxdqvvx2o0zo","previousOperationId":"7smu1ktddzuh4qh"}
{"type":"log","timestamp":1674750331024,"level":"info","message":"Rendering request 62 finished in 3855 ms","meta":{"rootId":"h1iem47iirrx3vw","id":"h1iem47iirrx3vw"},"id":"2zbxsjx2zj6moyd","previousOperationId":"7smu1ktddzuh4qh"}
{"type":"operationEnd","subtype":"render","operationId":"vvld45fbkghy7gv","timestamp":1674750331024,"id":"jokhpbaxjth3z1s","previousEventId":"l8zhuj7vtgcif84","previousOperationId":"7smu1ktddzuh4qh"}
{"type":"operationEnd","doDiffs":false,"previousEventId":"4oetpmgw7fi4sub","previousOperationId":"jxhiyd75jdl3ew9","operationId":"jxhiyd75jdl3ew9","timestamp":1674750331027,"id":"nyaxzhbeirps4ex"}
