{"type":"operationStart","subtype":"profile","data":{"_id":"IBZntTzLhncICMSc","timestamp":"2023-01-26T15:22:28.893Z","state":"queued","mode":"standard","creationDate":"2023-01-26T15:22:28.896Z","modificationDate":"2023-01-26T15:22:28.896Z","shortid":"4g9FaX7","$entitySet":"profiles"},"doDiffs":false,"timestamp":1674746548895,"id":"ucwjcjmkuzf9nzq","previousOperationId":null,"operationId":"xi8ar86z8mls271"}
{"type":"log","level":"info","message":"Render request 6 queued for execution and waiting for available worker","previousOperationId":"xi8ar86z8mls271","timestamp":1674746548895,"id":"hhu2efxsv4hhw8n"}
{"type":"operationStart","subtype":"render","name":"Data","previousOperationId":"xi8ar86z8mls271","timestamp":1674746548905,"id":"3q9xkegaa5mogpm","previousEventId":"ucwjcjmkuzf9nzq","operationId":"5bznbu51dw8pmmw"}
{"type":"log","timestamp":1674746548905,"level":"info","message":"Starting rendering request 6","meta":{"rootId":"h2uljm6qmnb7pt7","id":"h2uljm6qmnb7pt7"},"id":"xf3f4mpl5k9op3y","previousOperationId":"5bznbu51dw8pmmw"}
{"type":"log","timestamp":1674746548906,"level":"info","message":"Rendering template { name: Data, recipe: chrome-pdf, engine: handlebars, preview: true }","meta":{"rootId":"h2uljm6qmnb7pt7","id":"h2uljm6qmnb7pt7"},"id":"175ysnl052n2wzz","previousOperationId":"5bznbu51dw8pmmw"}
{"type":"log","timestamp":1674746548907,"level":"debug","message":"Data item not defined for this template.","meta":{"rootId":"h2uljm6qmnb7pt7","id":"h2uljm6qmnb7pt7"},"id":"ebl3dj96nyelm73","previousOperationId":"5bznbu51dw8pmmw"}
{"type":"log","timestamp":1674746548909,"level":"debug","message":"Executing script testing (beforeRender)","meta":{"rootId":"h2uljm6qmnb7pt7","id":"h2uljm6qmnb7pt7"},"id":"flza7l9q6p2l7ia","previousOperationId":"5bznbu51dw8pmmw"}
{"type":"operationStart","subtype":"scriptsBeforeRender","name":"scripts beforeRender","timestamp":1674746548950,"id":"lisjk39dbfx4t0f","previousEventId":"3q9xkegaa5mogpm","operationId":"tsxtx9lkaps4lf8","previousOperationId":"5bznbu51dw8pmmw"}
{"type":"operationStart","subtype":"script","name":"scripts testing","previousOperationId":"tsxtx9lkaps4lf8","timestamp":1674746548950,"id":"2pszdq3849jg5gj","previousEventId":"lisjk39dbfx4t0f","operationId":"4lv2dxvwpjld5hr"}
{"type":"operationEnd","operationId":"4lv2dxvwpjld5hr","timestamp":1674746549447,"id":"ta6rk8uov28c10m","previousEventId":"3q9xkegaa5mogpm","previousOperationId":"5bznbu51dw8pmmw"}
{"type":"operationEnd","operationId":"tsxtx9lkaps4lf8","timestamp":1674746549447,"id":"h4u18edyoar1xrx","previousEventId":"ta6rk8uov28c10m","previousOperationId":"5bznbu51dw8pmmw"}
{"type":"log","timestamp":1674746549447,"level":"debug","message":"Base url not specified, skipping its injection.","meta":{"rootId":"h2uljm6qmnb7pt7","id":"h2uljm6qmnb7pt7"},"id":"h6ay2ikl6x545y8","previousOperationId":"tsxtx9lkaps4lf8"}
{"type":"operationStart","subtype":"engine","name":"handlebars","timestamp":1674746549447,"id":"sz1sdgl7kruizf9","previousEventId":"h4u18edyoar1xrx","operationId":"f33xp9g30u7r05k","previousOperationId":"tsxtx9lkaps4lf8"}
{"type":"log","timestamp":1674746549447,"level":"debug","message":"Rendering engine handlebars","meta":{"rootId":"h2uljm6qmnb7pt7","id":"h2uljm6qmnb7pt7"},"id":"iihiml7720dpy0j","previousOperationId":"f33xp9g30u7r05k"}
{"type":"operationEnd","operationId":"f33xp9g30u7r05k","timestamp":1674746549461,"id":"g439knmkhqx07y8","previousEventId":"sz1sdgl7kruizf9","previousOperationId":"f33xp9g30u7r05k"}
{"type":"operationStart","subtype":"recipe","name":"chrome-pdf","timestamp":1674746549462,"id":"xmnu96ugz56aviy","previousEventId":"g439knmkhqx07y8","operationId":"h1ry7gvtrrdpjrh","previousOperationId":"f33xp9g30u7r05k"}
{"type":"log","timestamp":1674746549462,"level":"debug","message":"Executing recipe chrome-pdf","meta":{"rootId":"h2uljm6qmnb7pt7","id":"h2uljm6qmnb7pt7"},"id":"3wdyie2c8aw3rr6","previousOperationId":"h1ry7gvtrrdpjrh"}
{"type":"log","timestamp":1674746549468,"level":"debug","message":"Converting with chrome HeadlessChrome/105.0.5173.0 using chrome-pool strategy","meta":{"rootId":"h2uljm6qmnb7pt7","id":"h2uljm6qmnb7pt7"},"id":"gsaqjnrwvsuvbmn","previousOperationId":"h1ry7gvtrrdpjrh"}
{"type":"log","timestamp":1674746549564,"level":"debug","message":"Page request: GET (document) file:///C:/Users/Johan/AppData/Local/Temp/jsreport/autocleanup/d8101e8e-2247-486e-97e9-74f538846264-chrome-pdf.html","meta":{"rootId":"h2uljm6qmnb7pt7","id":"h2uljm6qmnb7pt7"},"id":"jvhcd9jrvvdru9z","previousOperationId":"h1ry7gvtrrdpjrh"}
{"type":"log","timestamp":1674746549592,"level":"debug","message":"Page request: GET (stylesheet) https://cdnjs.cloudflare.com/ajax/libs/metro/4.1.5/css/metro.min.css","meta":{"rootId":"h2uljm6qmnb7pt7","id":"h2uljm6qmnb7pt7"},"id":"ryi27js99i50xl9","previousOperationId":"h1ry7gvtrrdpjrh"}
{"type":"log","timestamp":1674746549593,"level":"debug","message":"Page request: GET (script) https://cdnjs.cloudflare.com/ajax/libs/Chart.js/2.7.2/Chart.min.js","meta":{"rootId":"h2uljm6qmnb7pt7","id":"h2uljm6qmnb7pt7"},"id":"yh5jt40vc32tqbl","previousOperationId":"h1ry7gvtrrdpjrh"}
{"type":"log","timestamp":1674746549593,"level":"debug","message":"Page request: GET (stylesheet) https://cdnjs.cloudflare.com/ajax/libs/chartist/0.11.0/chartist.min.css","meta":{"rootId":"h2uljm6qmnb7pt7","id":"h2uljm6qmnb7pt7"},"id":"ctv9z2e0tm9tbtu","previousOperationId":"h1ry7gvtrrdpjrh"}
{"type":"log","timestamp":1674746549593,"level":"debug","message":"Page request finished: GET (document) 200 file:///C:/Users/Johan/AppData/Local/Temp/jsreport/autocleanup/d8101e8e-2247-486e-97e9-74f538846264-chrome-pdf.html","meta":{"rootId":"h2uljm6qmnb7pt7","id":"h2uljm6qmnb7pt7"},"id":"305mqei842omflj","previousOperationId":"h1ry7gvtrrdpjrh"}
{"type":"log","timestamp":1674746549594,"level":"debug","message":"Page request: GET (script) https://cdn.jsdelivr.net/npm/chart.js@2.9.3/dist/Chart.min.js","meta":{"rootId":"h2uljm6qmnb7pt7","id":"h2uljm6qmnb7pt7"},"id":"dnsyiad14jyl64g","previousOperationId":"h1ry7gvtrrdpjrh"}
{"type":"log","timestamp":1674746549601,"level":"debug","message":"Page request finished: GET (stylesheet) 200 https://cdnjs.cloudflare.com/ajax/libs/chartist/0.11.0/chartist.min.css","meta":{"rootId":"h2uljm6qmnb7pt7","id":"h2uljm6qmnb7pt7"},"id":"yubwl2yby4aj27v","previousOperationId":"h1ry7gvtrrdpjrh"}
{"type":"log","timestamp":1674746549602,"level":"debug","message":"Page request finished: GET (script) 200 https://cdnjs.cloudflare.com/ajax/libs/Chart.js/2.7.2/Chart.min.js","meta":{"rootId":"h2uljm6qmnb7pt7","id":"h2uljm6qmnb7pt7"},"id":"rkhqlgr4ncoa9zr","previousOperationId":"h1ry7gvtrrdpjrh"}
{"type":"log","timestamp":1674746549603,"level":"debug","message":"Page request finished: GET (script) 200 https://cdn.jsdelivr.net/npm/chart.js@2.9.3/dist/Chart.min.js","meta":{"rootId":"h2uljm6qmnb7pt7","id":"h2uljm6qmnb7pt7"},"id":"1u9py7jc5e6cjny","previousOperationId":"h1ry7gvtrrdpjrh"}
{"type":"log","timestamp":1674746549621,"level":"debug","message":"Page request finished: GET (stylesheet) 200 https://cdnjs.cloudflare.com/ajax/libs/metro/4.1.5/css/metro.min.css","meta":{"rootId":"h2uljm6qmnb7pt7","id":"h2uljm6qmnb7pt7"},"id":"odya1j1c8kix50p","previousOperationId":"h1ry7gvtrrdpjrh"}
{"type":"log","timestamp":1674746549720,"level":"debug","message":"Running chrome with params {\"printBackground\":true,\"timeout\":59426,\"margin\":{}}","meta":{"rootId":"h2uljm6qmnb7pt7","id":"h2uljm6qmnb7pt7"},"id":"d4b22f5dq2rwjts","previousOperationId":"h1ry7gvtrrdpjrh"}
{"type":"operationEnd","operationId":"h1ry7gvtrrdpjrh","timestamp":1674746549838,"id":"duopr43ho4bzqoa","previousEventId":"xmnu96ugz56aviy","previousOperationId":"h1ry7gvtrrdpjrh"}
{"type":"log","timestamp":1674746549838,"level":"debug","message":"Executing script testing (afterRender)","meta":{"rootId":"h2uljm6qmnb7pt7","id":"h2uljm6qmnb7pt7"},"id":"sfq3288n739wf4b","previousOperationId":"h1ry7gvtrrdpjrh"}
{"type":"operationStart","subtype":"scriptsAfterRender","name":"scripts afterRender","timestamp":1674746549846,"id":"jht3b46x0eeipwe","previousEventId":"duopr43ho4bzqoa","operationId":"ecg0mxinx4tk088","previousOperationId":"h1ry7gvtrrdpjrh"}
{"type":"operationStart","subtype":"script","name":"scripts testing","previousOperationId":"ecg0mxinx4tk088","timestamp":1674746549846,"id":"5c43whv2i82ab7u","previousEventId":"jht3b46x0eeipwe","operationId":"s5qutz4xs9a5re5"}
{"type":"log","timestamp":1674746550052,"level":"debug","message":"(console:log) [ '58', '2', '59' ]","meta":{"userLevel":true,"rootId":"h2uljm6qmnb7pt7","id":"h2uljm6qmnb7pt7"},"id":"6nlrjaygssyhya9","previousOperationId":"s5qutz4xs9a5re5"}
{"type":"log","timestamp":1674746550052,"level":"debug","message":"(console:log) [ '2', '3', '1' ]","meta":{"userLevel":true,"rootId":"h2uljm6qmnb7pt7","id":"h2uljm6qmnb7pt7"},"id":"z9uwl8t4uhtmt7y","previousOperationId":"s5qutz4xs9a5re5"}
{"type":"operationEnd","operationId":"s5qutz4xs9a5re5","timestamp":1674746551400,"id":"4n3m5tdoqr5xoy6","previousEventId":"duopr43ho4bzqoa","previousOperationId":"h1ry7gvtrrdpjrh"}
{"type":"operationEnd","operationId":"ecg0mxinx4tk088","timestamp":1674746551400,"id":"9hcmc30qy0o1k2j","previousEventId":"4n3m5tdoqr5xoy6","previousOperationId":"h1ry7gvtrrdpjrh"}
{"type":"log","timestamp":1674746551400,"level":"debug","message":"Skipping storing report.","meta":{"rootId":"h2uljm6qmnb7pt7","id":"h2uljm6qmnb7pt7"},"id":"a8prftg1gniwvxu","previousOperationId":"ecg0mxinx4tk088"}
{"type":"log","timestamp":1674746551400,"level":"info","message":"Rendering request 6 finished in 2507 ms","meta":{"rootId":"h2uljm6qmnb7pt7","id":"h2uljm6qmnb7pt7"},"id":"t7ncpoyhrh2agwl","previousOperationId":"ecg0mxinx4tk088"}
{"type":"operationEnd","subtype":"render","operationId":"5bznbu51dw8pmmw","timestamp":1674746551400,"id":"rorg9u05g5mxwks","previousEventId":"9hcmc30qy0o1k2j","previousOperationId":"ecg0mxinx4tk088"}
{"type":"operationEnd","doDiffs":false,"previousEventId":"ucwjcjmkuzf9nzq","previousOperationId":"xi8ar86z8mls271","operationId":"xi8ar86z8mls271","timestamp":1674746551403,"id":"21f3bzedyfydj07"}
