{"type":"operationStart","subtype":"profile","data":{"_id":"T7P9GabQdNZz3vtu","timestamp":"2023-01-24T19:08:55.314Z","state":"queued","mode":"standard","creationDate":"2023-01-24T19:08:55.317Z","modificationDate":"2023-01-24T19:08:55.317Z","shortid":"n7e6HJ9","$entitySet":"profiles"},"doDiffs":false,"timestamp":1674587335315,"id":"3e1hmuok509j1nc","previousOperationId":null,"operationId":"8mdlm0t5elcx9sj"}
{"type":"log","level":"info","message":"Render request 6 queued for execution and waiting for available worker","previousOperationId":"8mdlm0t5elcx9sj","timestamp":1674587335316,"id":"sktfq84u73f59oe"}
{"type":"operationStart","subtype":"render","name":"Data","previousOperationId":"8mdlm0t5elcx9sj","timestamp":1674587335334,"id":"0hyfzexo66ydrio","previousEventId":"3e1hmuok509j1nc","operationId":"dskb0jf48778wfi"}
{"type":"log","timestamp":1674587335334,"level":"info","message":"Starting rendering request 6","meta":{"rootId":"hfl6bfrdkpkfchl","id":"hfl6bfrdkpkfchl"},"id":"0gbope0up4yp6yt","previousOperationId":"dskb0jf48778wfi"}
{"type":"log","timestamp":1674587335334,"level":"info","message":"Rendering template { name: Data, recipe: chrome-pdf, engine: handlebars, preview: true }","meta":{"rootId":"hfl6bfrdkpkfchl","id":"hfl6bfrdkpkfchl"},"id":"mf33vs2gtcbqy95","previousOperationId":"dskb0jf48778wfi"}
{"type":"log","timestamp":1674587335335,"level":"debug","message":"Data item not defined for this template.","meta":{"rootId":"hfl6bfrdkpkfchl","id":"hfl6bfrdkpkfchl"},"id":"60khhbxxn4ry0gm","previousOperationId":"dskb0jf48778wfi"}
{"type":"log","timestamp":1674587335337,"level":"debug","message":"Executing script testing (beforeRender)","meta":{"rootId":"hfl6bfrdkpkfchl","id":"hfl6bfrdkpkfchl"},"id":"8p1i0bg4w4fcwxc","previousOperationId":"dskb0jf48778wfi"}
{"type":"operationStart","subtype":"scriptsBeforeRender","name":"scripts beforeRender","timestamp":1674587335413,"id":"i57f40vf7kyywvy","previousEventId":"0hyfzexo66ydrio","operationId":"synx8swhback6wg","previousOperationId":"dskb0jf48778wfi"}
{"type":"operationStart","subtype":"script","name":"scripts testing","previousOperationId":"synx8swhback6wg","timestamp":1674587335413,"id":"1jqfi3b7w4psyua","previousEventId":"i57f40vf7kyywvy","operationId":"2zyb1wn1sin6tt7"}
{"type":"operationEnd","operationId":"2zyb1wn1sin6tt7","timestamp":1674587335859,"id":"urr6rupe8rmslv4","previousEventId":"0hyfzexo66ydrio","previousOperationId":"dskb0jf48778wfi"}
{"type":"operationEnd","operationId":"synx8swhback6wg","timestamp":1674587335859,"id":"59igxqayj5xekyj","previousEventId":"urr6rupe8rmslv4","previousOperationId":"dskb0jf48778wfi"}
{"type":"log","timestamp":1674587335859,"level":"debug","message":"Base url not specified, skipping its injection.","meta":{"rootId":"hfl6bfrdkpkfchl","id":"hfl6bfrdkpkfchl"},"id":"g8c1ikauv5i2khm","previousOperationId":"synx8swhback6wg"}
{"type":"operationStart","subtype":"engine","name":"handlebars","timestamp":1674587335859,"id":"xgojs635scb3t1o","previousEventId":"59igxqayj5xekyj","operationId":"ndnx61idu7mjb9l","previousOperationId":"synx8swhback6wg"}
{"type":"log","timestamp":1674587335859,"level":"debug","message":"Rendering engine handlebars","meta":{"rootId":"hfl6bfrdkpkfchl","id":"hfl6bfrdkpkfchl"},"id":"18dbh0l17qyjr0c","previousOperationId":"ndnx61idu7mjb9l"}
{"type":"operationEnd","operationId":"ndnx61idu7mjb9l","timestamp":1674587335872,"id":"7x8j591c6voiypa","previousEventId":"xgojs635scb3t1o","previousOperationId":"ndnx61idu7mjb9l"}
{"type":"operationStart","subtype":"recipe","name":"chrome-pdf","timestamp":1674587335873,"id":"8kph25ha3lj9z5r","previousEventId":"7x8j591c6voiypa","operationId":"dg7m44o7oa1oxyo","previousOperationId":"ndnx61idu7mjb9l"}
{"type":"log","timestamp":1674587335873,"level":"debug","message":"Executing recipe chrome-pdf","meta":{"rootId":"hfl6bfrdkpkfchl","id":"hfl6bfrdkpkfchl"},"id":"w4asc9se2o7zh01","previousOperationId":"dg7m44o7oa1oxyo"}
{"type":"log","timestamp":1674587335878,"level":"debug","message":"Converting with chrome HeadlessChrome/105.0.5173.0 using chrome-pool strategy","meta":{"rootId":"hfl6bfrdkpkfchl","id":"hfl6bfrdkpkfchl"},"id":"67t6gs38bnyk9is","previousOperationId":"dg7m44o7oa1oxyo"}
{"type":"log","timestamp":1674587335997,"level":"debug","message":"Page request: GET (document) file:///C:/Users/Johan/AppData/Local/Temp/jsreport/autocleanup/a7341f8d-240a-4255-aa9f-37abc4ae92b8-chrome-pdf.html","meta":{"rootId":"hfl6bfrdkpkfchl","id":"hfl6bfrdkpkfchl"},"id":"m32vqc65w76wnze","previousOperationId":"dg7m44o7oa1oxyo"}
{"type":"log","timestamp":1674587336014,"level":"debug","message":"Page request finished: GET (document) 200 file:///C:/Users/Johan/AppData/Local/Temp/jsreport/autocleanup/a7341f8d-240a-4255-aa9f-37abc4ae92b8-chrome-pdf.html","meta":{"rootId":"hfl6bfrdkpkfchl","id":"hfl6bfrdkpkfchl"},"id":"kp0lee0jjbk3t7k","previousOperationId":"dg7m44o7oa1oxyo"}
{"type":"log","timestamp":1674587336014,"level":"debug","message":"Page request: GET (stylesheet) https://cdnjs.cloudflare.com/ajax/libs/metro/4.1.5/css/metro.min.css","meta":{"rootId":"hfl6bfrdkpkfchl","id":"hfl6bfrdkpkfchl"},"id":"qynbavxeyfpuz8m","previousOperationId":"dg7m44o7oa1oxyo"}
{"type":"log","timestamp":1674587336015,"level":"debug","message":"Page request: GET (script) https://cdnjs.cloudflare.com/ajax/libs/Chart.js/2.7.2/Chart.min.js","meta":{"rootId":"hfl6bfrdkpkfchl","id":"hfl6bfrdkpkfchl"},"id":"53et5j7feyp5i3m","previousOperationId":"dg7m44o7oa1oxyo"}
{"type":"log","timestamp":1674587336024,"level":"debug","message":"Page request finished: GET (script) 200 https://cdnjs.cloudflare.com/ajax/libs/Chart.js/2.7.2/Chart.min.js","meta":{"rootId":"hfl6bfrdkpkfchl","id":"hfl6bfrdkpkfchl"},"id":"fl5daptzg7b0vzd","previousOperationId":"dg7m44o7oa1oxyo"}
{"type":"log","timestamp":1674587336040,"level":"debug","message":"Page request finished: GET (stylesheet) 200 https://cdnjs.cloudflare.com/ajax/libs/metro/4.1.5/css/metro.min.css","meta":{"rootId":"hfl6bfrdkpkfchl","id":"hfl6bfrdkpkfchl"},"id":"ly46ms3ny56s3vx","previousOperationId":"dg7m44o7oa1oxyo"}
{"type":"log","timestamp":1674587336084,"level":"debug","message":"Running chrome with params {\"printBackground\":true,\"timeout\":59437,\"margin\":{}}","meta":{"rootId":"hfl6bfrdkpkfchl","id":"hfl6bfrdkpkfchl"},"id":"0gubkpry7xewqng","previousOperationId":"dg7m44o7oa1oxyo"}
{"type":"operationEnd","operationId":"dg7m44o7oa1oxyo","timestamp":1674587336210,"id":"ajqrvqdt1ff5wei","previousEventId":"8kph25ha3lj9z5r","previousOperationId":"dg7m44o7oa1oxyo"}
{"type":"log","timestamp":1674587336210,"level":"debug","message":"Skipping storing report.","meta":{"rootId":"hfl6bfrdkpkfchl","id":"hfl6bfrdkpkfchl"},"id":"8zx0lzxjh0aokd0","previousOperationId":"dg7m44o7oa1oxyo"}
{"type":"log","timestamp":1674587336211,"level":"info","message":"Rendering request 6 finished in 897 ms","meta":{"rootId":"hfl6bfrdkpkfchl","id":"hfl6bfrdkpkfchl"},"id":"lnby0rtgcua5x2u","previousOperationId":"dg7m44o7oa1oxyo"}
{"type":"operationEnd","subtype":"render","operationId":"dskb0jf48778wfi","timestamp":1674587336211,"id":"71t3ilqkg466a6i","previousEventId":"ajqrvqdt1ff5wei","previousOperationId":"dg7m44o7oa1oxyo"}
{"type":"operationEnd","doDiffs":false,"previousEventId":"3e1hmuok509j1nc","previousOperationId":"8mdlm0t5elcx9sj","operationId":"8mdlm0t5elcx9sj","timestamp":1674587336215,"id":"ic8xzqeqafsnm8a"}
