{"type":"operationStart","subtype":"profile","data":{"_id":"vSNgtbQdriWIUIpL","timestamp":"2023-01-26T17:04:22.716Z","state":"queued","mode":"standard","creationDate":"2023-01-26T17:04:22.718Z","modificationDate":"2023-01-26T17:04:22.718Z","shortid":"3t7o6O9","$entitySet":"profiles"},"doDiffs":false,"timestamp":1674752662717,"id":"f9e18skvly9utne","previousOperationId":null,"operationId":"159qcu57wqas80p"}
{"type":"log","level":"info","message":"Render request 8 queued for execution and waiting for available worker","previousOperationId":"159qcu57wqas80p","timestamp":1674752662717,"id":"uxj3ot1h995xlep"}
{"type":"operationStart","subtype":"render","name":"Data","previousOperationId":"159qcu57wqas80p","timestamp":1674752662729,"id":"spb18snow2cwpvy","previousEventId":"f9e18skvly9utne","operationId":"21hoxslvzx6xjwj"}
{"type":"log","timestamp":1674752662729,"level":"info","message":"Starting rendering request 8","meta":{"rootId":"hfzuwyvnt0pq3nr","id":"hfzuwyvnt0pq3nr"},"id":"w3e2rvfr9ynhndm","previousOperationId":"21hoxslvzx6xjwj"}
{"type":"log","timestamp":1674752662729,"level":"info","message":"Rendering template { name: Data, recipe: chrome-pdf, engine: handlebars, preview: true }","meta":{"rootId":"hfzuwyvnt0pq3nr","id":"hfzuwyvnt0pq3nr"},"id":"o7z9oq9zq6vtr1l","previousOperationId":"21hoxslvzx6xjwj"}
{"type":"log","timestamp":1674752662730,"level":"debug","message":"Data item not defined for this template.","meta":{"rootId":"hfzuwyvnt0pq3nr","id":"hfzuwyvnt0pq3nr"},"id":"wy0zf0ovr7wjwep","previousOperationId":"21hoxslvzx6xjwj"}
{"type":"log","timestamp":1674752662732,"level":"debug","message":"Executing script testing (beforeRender)","meta":{"rootId":"hfzuwyvnt0pq3nr","id":"hfzuwyvnt0pq3nr"},"id":"qz34d2fms2dc17j","previousOperationId":"21hoxslvzx6xjwj"}
{"type":"operationStart","subtype":"scriptsBeforeRender","name":"scripts beforeRender","timestamp":1674752662780,"id":"9csfayvygm2oz8s","previousEventId":"spb18snow2cwpvy","operationId":"7b3c5rsgpja4e0n","previousOperationId":"21hoxslvzx6xjwj"}
{"type":"operationStart","subtype":"script","name":"scripts testing","previousOperationId":"7b3c5rsgpja4e0n","timestamp":1674752662780,"id":"2jlh0x6jix2nbh1","previousEventId":"9csfayvygm2oz8s","operationId":"fyc7vv1bowwjwy5"}
{"type":"log","timestamp":1674752663022,"level":"debug","message":"(console:log) {\n  locationName: [ 'Las Palmas de Gran Canaria', 'Galdar', 'Teror' ],\n  repetition: [ '2', '1', '3' ]\n}","meta":{"userLevel":true,"rootId":"hfzuwyvnt0pq3nr","id":"hfzuwyvnt0pq3nr"},"id":"s49f8f55n3yk7hh","previousOperationId":"fyc7vv1bowwjwy5"}
{"type":"log","timestamp":1674752663022,"level":"debug","message":"(console:log) [ 'Las Palmas de Gran Canaria', 'Galdar', 'Teror' ]","meta":{"userLevel":true,"rootId":"hfzuwyvnt0pq3nr","id":"hfzuwyvnt0pq3nr"},"id":"xtkt4qg5cein98x","previousOperationId":"fyc7vv1bowwjwy5"}
{"type":"log","timestamp":1674752663022,"level":"debug","message":"(console:log) [ '2', '1', '3' ]","meta":{"userLevel":true,"rootId":"hfzuwyvnt0pq3nr","id":"hfzuwyvnt0pq3nr"},"id":"3ylny5u0ybz71ob","previousOperationId":"fyc7vv1bowwjwy5"}
{"type":"operationEnd","operationId":"fyc7vv1bowwjwy5","timestamp":1674752663410,"id":"3x6tgjw300lhct8","previousEventId":"spb18snow2cwpvy","previousOperationId":"21hoxslvzx6xjwj"}
{"type":"operationEnd","operationId":"7b3c5rsgpja4e0n","timestamp":1674752663410,"id":"jei0o28rdjm64ll","previousEventId":"3x6tgjw300lhct8","previousOperationId":"21hoxslvzx6xjwj"}
{"type":"log","timestamp":1674752663410,"level":"debug","message":"Base url not specified, skipping its injection.","meta":{"rootId":"hfzuwyvnt0pq3nr","id":"hfzuwyvnt0pq3nr"},"id":"ve81jge56unjnno","previousOperationId":"7b3c5rsgpja4e0n"}
{"type":"operationStart","subtype":"engine","name":"handlebars","timestamp":1674752663410,"id":"ii9kq5c0j9uj1fy","previousEventId":"jei0o28rdjm64ll","operationId":"8olqnicr0ddccdz","previousOperationId":"7b3c5rsgpja4e0n"}
{"type":"log","timestamp":1674752663410,"level":"debug","message":"Rendering engine handlebars","meta":{"rootId":"hfzuwyvnt0pq3nr","id":"hfzuwyvnt0pq3nr"},"id":"a6d0rar5l1f6f97","previousOperationId":"8olqnicr0ddccdz"}
{"type":"operationEnd","operationId":"8olqnicr0ddccdz","timestamp":1674752663421,"id":"rebbhprla0le638","previousEventId":"ii9kq5c0j9uj1fy","previousOperationId":"8olqnicr0ddccdz"}
{"type":"operationStart","subtype":"recipe","name":"chrome-pdf","timestamp":1674752663421,"id":"sc113c53nh7u61f","previousEventId":"rebbhprla0le638","operationId":"nochvqs71g18od8","previousOperationId":"8olqnicr0ddccdz"}
{"type":"log","timestamp":1674752663421,"level":"debug","message":"Executing recipe chrome-pdf","meta":{"rootId":"hfzuwyvnt0pq3nr","id":"hfzuwyvnt0pq3nr"},"id":"loxivnw00r405ja","previousOperationId":"nochvqs71g18od8"}
{"type":"log","timestamp":1674752663425,"level":"debug","message":"Converting with chrome HeadlessChrome/105.0.5173.0 using chrome-pool strategy","meta":{"rootId":"hfzuwyvnt0pq3nr","id":"hfzuwyvnt0pq3nr"},"id":"n0w4g7bzc1fn0ya","previousOperationId":"nochvqs71g18od8"}
{"type":"log","timestamp":1674752663511,"level":"debug","message":"Page request: GET (document) file:///C:/Users/Johan/AppData/Local/Temp/jsreport/autocleanup/5e0feaf0-c5c9-4505-9a73-607953d9eac9-chrome-pdf.html","meta":{"rootId":"hfzuwyvnt0pq3nr","id":"hfzuwyvnt0pq3nr"},"id":"kp29pjnjcf9kk12","previousOperationId":"nochvqs71g18od8"}
{"type":"log","timestamp":1674752663532,"level":"debug","message":"Page request: GET (stylesheet) https://cdnjs.cloudflare.com/ajax/libs/metro/4.1.5/css/metro.min.css","meta":{"rootId":"hfzuwyvnt0pq3nr","id":"hfzuwyvnt0pq3nr"},"id":"l61r0qhp8e3fpn5","previousOperationId":"nochvqs71g18od8"}
{"type":"log","timestamp":1674752663532,"level":"debug","message":"Page request: GET (stylesheet) https://cdnjs.cloudflare.com/ajax/libs/chartist/0.11.0/chartist.min.css","meta":{"rootId":"hfzuwyvnt0pq3nr","id":"hfzuwyvnt0pq3nr"},"id":"5tdz2zxu6kybymx","previousOperationId":"nochvqs71g18od8"}
{"type":"log","timestamp":1674752663533,"level":"debug","message":"Page request: GET (script) https://cdnjs.cloudflare.com/ajax/libs/chartist/0.11.0/chartist.min.js","meta":{"rootId":"hfzuwyvnt0pq3nr","id":"hfzuwyvnt0pq3nr"},"id":"tw2axoq74jgzs60","previousOperationId":"nochvqs71g18od8"}
{"type":"log","timestamp":1674752663533,"level":"debug","message":"Page request: GET (script) https://unpkg.com/chartist-plugin-tooltips@0.0.17","meta":{"rootId":"hfzuwyvnt0pq3nr","id":"hfzuwyvnt0pq3nr"},"id":"kj67fy4xxsbld80","previousOperationId":"nochvqs71g18od8"}
{"type":"log","timestamp":1674752663534,"level":"debug","message":"Page request finished: GET (document) 200 file:///C:/Users/Johan/AppData/Local/Temp/jsreport/autocleanup/5e0feaf0-c5c9-4505-9a73-607953d9eac9-chrome-pdf.html","meta":{"rootId":"hfzuwyvnt0pq3nr","id":"hfzuwyvnt0pq3nr"},"id":"vd5oiohh18muxu7","previousOperationId":"nochvqs71g18od8"}
{"type":"log","timestamp":1674752663535,"level":"debug","message":"Page request: GET (script) https://unpkg.com/chartist-plugin-pointlabels@0.0.6","meta":{"rootId":"hfzuwyvnt0pq3nr","id":"hfzuwyvnt0pq3nr"},"id":"c3rpxnv2vi11jpb","previousOperationId":"nochvqs71g18od8"}
{"type":"log","timestamp":1674752663538,"level":"warn","message":"Page request failed: GET (script) 302 https://unpkg.com/chartist-plugin-tooltips@0.0.17 (redirect to: /chartist-plugin-tooltips@0.0.17/dist/chartist-plugin-tooltip.js)","meta":{"rootId":"hfzuwyvnt0pq3nr","id":"hfzuwyvnt0pq3nr"},"id":"a560kupisbnodfp","previousOperationId":"nochvqs71g18od8"}
{"type":"log","timestamp":1674752663538,"level":"debug","message":"Page request: GET (script) https://unpkg.com/chartist-plugin-tooltips@0.0.17/dist/chartist-plugin-tooltip.js (redirect from: https://unpkg.com/chartist-plugin-tooltips@0.0.17)","meta":{"rootId":"hfzuwyvnt0pq3nr","id":"hfzuwyvnt0pq3nr"},"id":"xuxh933bfbr3zto","previousOperationId":"nochvqs71g18od8"}
{"type":"log","timestamp":1674752663538,"level":"debug","message":"Page request finished: GET (stylesheet) 200 https://cdnjs.cloudflare.com/ajax/libs/chartist/0.11.0/chartist.min.css","meta":{"rootId":"hfzuwyvnt0pq3nr","id":"hfzuwyvnt0pq3nr"},"id":"nm9vc6m8x1sryqh","previousOperationId":"nochvqs71g18od8"}
{"type":"log","timestamp":1674752663541,"level":"debug","message":"Page request finished: GET (script) 200 https://cdnjs.cloudflare.com/ajax/libs/chartist/0.11.0/chartist.min.js","meta":{"rootId":"hfzuwyvnt0pq3nr","id":"hfzuwyvnt0pq3nr"},"id":"0jsafe5bhtotce0","previousOperationId":"nochvqs71g18od8"}
{"type":"log","timestamp":1674752663542,"level":"warn","message":"Page request failed: GET (script) 302 https://unpkg.com/chartist-plugin-pointlabels@0.0.6 (redirect to: /chartist-plugin-pointlabels@0.0.6/dist/chartist-plugin-pointlabels.js)","meta":{"rootId":"hfzuwyvnt0pq3nr","id":"hfzuwyvnt0pq3nr"},"id":"5vq2c4isf8rv5ar","previousOperationId":"nochvqs71g18od8"}
{"type":"log","timestamp":1674752663542,"level":"debug","message":"Page request: GET (script) https://unpkg.com/chartist-plugin-pointlabels@0.0.6/dist/chartist-plugin-pointlabels.js (redirect from: https://unpkg.com/chartist-plugin-pointlabels@0.0.6)","meta":{"rootId":"hfzuwyvnt0pq3nr","id":"hfzuwyvnt0pq3nr"},"id":"qv2t5dmucrxsk04","previousOperationId":"nochvqs71g18od8"}
{"type":"log","timestamp":1674752663556,"level":"debug","message":"Page request finished: GET (stylesheet) 200 https://cdnjs.cloudflare.com/ajax/libs/metro/4.1.5/css/metro.min.css","meta":{"rootId":"hfzuwyvnt0pq3nr","id":"hfzuwyvnt0pq3nr"},"id":"588ievl0k7xr9ji","previousOperationId":"nochvqs71g18od8"}
{"type":"log","timestamp":1674752663557,"level":"debug","message":"Page request finished: GET (script) 200 https://unpkg.com/chartist-plugin-tooltips@0.0.17/dist/chartist-plugin-tooltip.js","meta":{"rootId":"hfzuwyvnt0pq3nr","id":"hfzuwyvnt0pq3nr"},"id":"z390aw79kg4gjcv","previousOperationId":"nochvqs71g18od8"}
{"type":"log","timestamp":1674752663558,"level":"debug","message":"Page request finished: GET (script) 200 https://unpkg.com/chartist-plugin-pointlabels@0.0.6/dist/chartist-plugin-pointlabels.js","meta":{"rootId":"hfzuwyvnt0pq3nr","id":"hfzuwyvnt0pq3nr"},"id":"u3l1q52257fy056","previousOperationId":"nochvqs71g18od8"}
{"type":"log","timestamp":1674752663559,"level":"warn","message":"Page error: SyntaxError: Unexpected identifier","meta":{"rootId":"hfzuwyvnt0pq3nr","id":"hfzuwyvnt0pq3nr"},"id":"6y2o48foertgbsj","previousOperationId":"nochvqs71g18od8"}
{"type":"log","timestamp":1674752663594,"level":"debug","message":"Running chrome with params {\"printBackground\":true,\"timeout\":59292,\"margin\":{}}","meta":{"rootId":"hfzuwyvnt0pq3nr","id":"hfzuwyvnt0pq3nr"},"id":"x3jv3l8slz1ot6r","previousOperationId":"nochvqs71g18od8"}
{"type":"operationEnd","operationId":"nochvqs71g18od8","timestamp":1674752663745,"id":"qgkma5zpahy52qa","previousEventId":"sc113c53nh7u61f","previousOperationId":"nochvqs71g18od8"}
{"type":"log","timestamp":1674752663745,"level":"debug","message":"Executing script testing (afterRender)","meta":{"rootId":"hfzuwyvnt0pq3nr","id":"hfzuwyvnt0pq3nr"},"id":"ft7mlxxirxvhhyg","previousOperationId":"nochvqs71g18od8"}
{"type":"operationStart","subtype":"scriptsAfterRender","name":"scripts afterRender","timestamp":1674752663753,"id":"iync2ouy4yv25mf","previousEventId":"qgkma5zpahy52qa","operationId":"6boga0iuu7r9fjo","previousOperationId":"nochvqs71g18od8"}
{"type":"operationStart","subtype":"script","name":"scripts testing","previousOperationId":"6boga0iuu7r9fjo","timestamp":1674752663753,"id":"6g9eg04f9g32g5s","previousEventId":"iync2ouy4yv25mf","operationId":"dxk0ecbozcvcfab"}
{"type":"operationEnd","operationId":"dxk0ecbozcvcfab","timestamp":1674752664711,"id":"j9bbab5uztkgywx","previousEventId":"qgkma5zpahy52qa","previousOperationId":"nochvqs71g18od8"}
{"type":"operationEnd","operationId":"6boga0iuu7r9fjo","timestamp":1674752664711,"id":"sg2h0ph9v7fmt1u","previousEventId":"j9bbab5uztkgywx","previousOperationId":"nochvqs71g18od8"}
{"type":"log","timestamp":1674752664711,"level":"debug","message":"Skipping storing report.","meta":{"rootId":"hfzuwyvnt0pq3nr","id":"hfzuwyvnt0pq3nr"},"id":"i4b14eyrtjoeysi","previousOperationId":"6boga0iuu7r9fjo"}
{"type":"log","timestamp":1674752664711,"level":"info","message":"Rendering request 8 finished in 1995 ms","meta":{"rootId":"hfzuwyvnt0pq3nr","id":"hfzuwyvnt0pq3nr"},"id":"3jxzl13fm5tic2m","previousOperationId":"6boga0iuu7r9fjo"}
{"type":"operationEnd","subtype":"render","operationId":"21hoxslvzx6xjwj","timestamp":1674752664711,"id":"gp9bb5q9rwshsr5","previousEventId":"sg2h0ph9v7fmt1u","previousOperationId":"6boga0iuu7r9fjo"}
{"type":"operationEnd","doDiffs":false,"previousEventId":"f9e18skvly9utne","previousOperationId":"159qcu57wqas80p","operationId":"159qcu57wqas80p","timestamp":1674752664716,"id":"gfcb2lt46y61y16"}
