{"type":"operationStart","subtype":"profile","data":{"_id":"Z107JkXnORpI15y6","timestamp":"2023-01-26T17:40:50.049Z","state":"queued","mode":"standard","creationDate":"2023-01-26T17:40:50.053Z","modificationDate":"2023-01-26T17:40:50.053Z","shortid":"PenXLLG","$entitySet":"profiles"},"doDiffs":false,"timestamp":1674754850051,"id":"tpiksqvgcva6bkm","previousOperationId":null,"operationId":"acb1h7te1sr7iwa"}
{"type":"log","level":"info","message":"Render request 7 queued for execution and waiting for available worker","previousOperationId":"acb1h7te1sr7iwa","timestamp":1674754850051,"id":"9l2jvf7sj9mrero"}
{"type":"operationStart","subtype":"render","name":"Data","previousOperationId":"acb1h7te1sr7iwa","timestamp":1674754850065,"id":"fewj2tbcz8i73ro","previousEventId":"tpiksqvgcva6bkm","operationId":"mt0hmsoc510hakp"}
{"type":"log","timestamp":1674754850065,"level":"info","message":"Starting rendering request 7","meta":{"rootId":"hodx4obue8mheph","id":"hodx4obue8mheph"},"id":"wqe4cxliqu0bcsi","previousOperationId":"mt0hmsoc510hakp"}
{"type":"log","timestamp":1674754850065,"level":"info","message":"Rendering template { name: Data, recipe: chrome-pdf, engine: handlebars, preview: true }","meta":{"rootId":"hodx4obue8mheph","id":"hodx4obue8mheph"},"id":"bwj5zyj6ddylqzz","previousOperationId":"mt0hmsoc510hakp"}
{"type":"log","timestamp":1674754850068,"level":"debug","message":"Data item not defined for this template.","meta":{"rootId":"hodx4obue8mheph","id":"hodx4obue8mheph"},"id":"770p4s0k4ow9xoq","previousOperationId":"mt0hmsoc510hakp"}
{"type":"log","timestamp":1674754850072,"level":"debug","message":"Executing script testing (beforeRender)","meta":{"rootId":"hodx4obue8mheph","id":"hodx4obue8mheph"},"id":"09rq9afqxk0svhj","previousOperationId":"mt0hmsoc510hakp"}
{"type":"operationStart","subtype":"scriptsBeforeRender","name":"scripts beforeRender","timestamp":1674754850168,"id":"kzyw7skhakwnn1g","previousEventId":"fewj2tbcz8i73ro","operationId":"hdcxmnsk2i0t6vz","previousOperationId":"mt0hmsoc510hakp"}
{"type":"operationStart","subtype":"script","name":"scripts testing","previousOperationId":"hdcxmnsk2i0t6vz","timestamp":1674754850169,"id":"30fk1ugxpzup8lg","previousEventId":"kzyw7skhakwnn1g","operationId":"53odl8fedxgptcv"}
{"type":"log","timestamp":1674754850406,"level":"debug","message":"(console:log) [ '2', '1', '3' ]","meta":{"userLevel":true,"rootId":"hodx4obue8mheph","id":"hodx4obue8mheph"},"id":"rh18i8ouhwu9dcj","previousOperationId":"53odl8fedxgptcv"}
{"type":"log","timestamp":1674754850406,"level":"debug","message":"(console:log) [ 'Las Palmas de Gran Canaria', 'Galdar', 'Teror' ]","meta":{"userLevel":true,"rootId":"hodx4obue8mheph","id":"hodx4obue8mheph"},"id":"muiqsmdpuxl0byf","previousOperationId":"53odl8fedxgptcv"}
{"type":"operationEnd","operationId":"53odl8fedxgptcv","timestamp":1674754850853,"id":"qh6lp0laevb0bvy","previousEventId":"fewj2tbcz8i73ro","previousOperationId":"mt0hmsoc510hakp"}
{"type":"operationEnd","operationId":"hdcxmnsk2i0t6vz","timestamp":1674754850853,"id":"qwsat8fx432xiq5","previousEventId":"qh6lp0laevb0bvy","previousOperationId":"mt0hmsoc510hakp"}
{"type":"log","timestamp":1674754850853,"level":"debug","message":"Base url not specified, skipping its injection.","meta":{"rootId":"hodx4obue8mheph","id":"hodx4obue8mheph"},"id":"b23uaxxhuhvtjnl","previousOperationId":"hdcxmnsk2i0t6vz"}
{"type":"operationStart","subtype":"engine","name":"handlebars","timestamp":1674754850853,"id":"e7341s1c0rayson","previousEventId":"qwsat8fx432xiq5","operationId":"u856p6s9820m4m0","previousOperationId":"hdcxmnsk2i0t6vz"}
{"type":"log","timestamp":1674754850853,"level":"debug","message":"Rendering engine handlebars","meta":{"rootId":"hodx4obue8mheph","id":"hodx4obue8mheph"},"id":"ubdso73bc2le95v","previousOperationId":"u856p6s9820m4m0"}
{"type":"operationEnd","operationId":"u856p6s9820m4m0","timestamp":1674754850862,"id":"f0zldwj63rdjm50","previousEventId":"e7341s1c0rayson","previousOperationId":"u856p6s9820m4m0"}
{"type":"operationStart","subtype":"recipe","name":"chrome-pdf","timestamp":1674754850863,"id":"2sdco2mhrs4i726","previousEventId":"f0zldwj63rdjm50","operationId":"jgxvhyo0slbnhs2","previousOperationId":"u856p6s9820m4m0"}
{"type":"log","timestamp":1674754850863,"level":"debug","message":"Executing recipe chrome-pdf","meta":{"rootId":"hodx4obue8mheph","id":"hodx4obue8mheph"},"id":"2ng3ygv14991hko","previousOperationId":"jgxvhyo0slbnhs2"}
{"type":"log","timestamp":1674754850868,"level":"debug","message":"Converting with chrome HeadlessChrome/105.0.5173.0 using chrome-pool strategy","meta":{"rootId":"hodx4obue8mheph","id":"hodx4obue8mheph"},"id":"062mc3jx6rcxv91","previousOperationId":"jgxvhyo0slbnhs2"}
{"type":"log","timestamp":1674754850999,"level":"debug","message":"Page request: GET (document) file:///C:/Users/Johan/AppData/Local/Temp/jsreport/autocleanup/e061ee74-1b28-4bff-ba21-cb9a95f62b15-chrome-pdf.html","meta":{"rootId":"hodx4obue8mheph","id":"hodx4obue8mheph"},"id":"pn01x1j2td6c0iz","previousOperationId":"jgxvhyo0slbnhs2"}
{"type":"log","timestamp":1674754851028,"level":"debug","message":"Page request finished: GET (document) 200 file:///C:/Users/Johan/AppData/Local/Temp/jsreport/autocleanup/e061ee74-1b28-4bff-ba21-cb9a95f62b15-chrome-pdf.html","meta":{"rootId":"hodx4obue8mheph","id":"hodx4obue8mheph"},"id":"yd6cuj7z47fhy1u","previousOperationId":"jgxvhyo0slbnhs2"}
{"type":"log","timestamp":1674754851028,"level":"debug","message":"Page request: GET (stylesheet) https://cdnjs.cloudflare.com/ajax/libs/metro/4.1.5/css/metro.min.css","meta":{"rootId":"hodx4obue8mheph","id":"hodx4obue8mheph"},"id":"6o6r8fjt3v69u84","previousOperationId":"jgxvhyo0slbnhs2"}
{"type":"log","timestamp":1674754851028,"level":"debug","message":"Page request: GET (stylesheet) https://cdnjs.cloudflare.com/ajax/libs/chartist/0.11.0/chartist.min.css","meta":{"rootId":"hodx4obue8mheph","id":"hodx4obue8mheph"},"id":"qlevkkc84olt3iq","previousOperationId":"jgxvhyo0slbnhs2"}
{"type":"log","timestamp":1674754851028,"level":"debug","message":"Page request: GET (script) https://cdnjs.cloudflare.com/ajax/libs/chartist/0.11.0/chartist.min.js","meta":{"rootId":"hodx4obue8mheph","id":"hodx4obue8mheph"},"id":"q2pz1y2pg8ai54f","previousOperationId":"jgxvhyo0slbnhs2"}
{"type":"log","timestamp":1674754851028,"level":"debug","message":"Page request: GET (script) https://unpkg.com/chartist-plugin-tooltips@0.0.17","meta":{"rootId":"hodx4obue8mheph","id":"hodx4obue8mheph"},"id":"n7ryqy7xwkicmtg","previousOperationId":"jgxvhyo0slbnhs2"}
{"type":"log","timestamp":1674754851028,"level":"debug","message":"Page request: GET (script) https://unpkg.com/chartist-plugin-pointlabels@0.0.6","meta":{"rootId":"hodx4obue8mheph","id":"hodx4obue8mheph"},"id":"iy6laazk17oj82b","previousOperationId":"jgxvhyo0slbnhs2"}
{"type":"log","timestamp":1674754851035,"level":"warn","message":"Page request failed: GET (script) 302 https://unpkg.com/chartist-plugin-tooltips@0.0.17 (redirect to: /chartist-plugin-tooltips@0.0.17/dist/chartist-plugin-tooltip.js)","meta":{"rootId":"hodx4obue8mheph","id":"hodx4obue8mheph"},"id":"giyt5lquc7ngn0l","previousOperationId":"jgxvhyo0slbnhs2"}
{"type":"log","timestamp":1674754851036,"level":"debug","message":"Page request: GET (script) https://unpkg.com/chartist-plugin-tooltips@0.0.17/dist/chartist-plugin-tooltip.js (redirect from: https://unpkg.com/chartist-plugin-tooltips@0.0.17)","meta":{"rootId":"hodx4obue8mheph","id":"hodx4obue8mheph"},"id":"w4het1038ni5qu7","previousOperationId":"jgxvhyo0slbnhs2"}
{"type":"log","timestamp":1674754851037,"level":"debug","message":"Page request finished: GET (stylesheet) 200 https://cdnjs.cloudflare.com/ajax/libs/chartist/0.11.0/chartist.min.css","meta":{"rootId":"hodx4obue8mheph","id":"hodx4obue8mheph"},"id":"58wbk115c0d5fzg","previousOperationId":"jgxvhyo0slbnhs2"}
{"type":"log","timestamp":1674754851040,"level":"warn","message":"Page request failed: GET (script) 302 https://unpkg.com/chartist-plugin-pointlabels@0.0.6 (redirect to: /chartist-plugin-pointlabels@0.0.6/dist/chartist-plugin-pointlabels.js)","meta":{"rootId":"hodx4obue8mheph","id":"hodx4obue8mheph"},"id":"zgf0jgs5z22t3o1","previousOperationId":"jgxvhyo0slbnhs2"}
{"type":"log","timestamp":1674754851040,"level":"debug","message":"Page request: GET (script) https://unpkg.com/chartist-plugin-pointlabels@0.0.6/dist/chartist-plugin-pointlabels.js (redirect from: https://unpkg.com/chartist-plugin-pointlabels@0.0.6)","meta":{"rootId":"hodx4obue8mheph","id":"hodx4obue8mheph"},"id":"51pedxm6kbcbh4r","previousOperationId":"jgxvhyo0slbnhs2"}
{"type":"log","timestamp":1674754851064,"level":"debug","message":"Page request finished: GET (stylesheet) 200 https://cdnjs.cloudflare.com/ajax/libs/metro/4.1.5/css/metro.min.css","meta":{"rootId":"hodx4obue8mheph","id":"hodx4obue8mheph"},"id":"2uuifjkfy6sq5a0","previousOperationId":"jgxvhyo0slbnhs2"}
{"type":"log","timestamp":1674754851065,"level":"debug","message":"Page request finished: GET (script) 200 https://cdnjs.cloudflare.com/ajax/libs/chartist/0.11.0/chartist.min.js","meta":{"rootId":"hodx4obue8mheph","id":"hodx4obue8mheph"},"id":"zset5f38y4r8kmc","previousOperationId":"jgxvhyo0slbnhs2"}
{"type":"log","timestamp":1674754851072,"level":"debug","message":"Page request finished: GET (script) 200 https://unpkg.com/chartist-plugin-tooltips@0.0.17/dist/chartist-plugin-tooltip.js","meta":{"rootId":"hodx4obue8mheph","id":"hodx4obue8mheph"},"id":"uhbjobkszlmoxt6","previousOperationId":"jgxvhyo0slbnhs2"}
{"type":"log","timestamp":1674754851073,"level":"debug","message":"Page request finished: GET (script) 200 https://unpkg.com/chartist-plugin-pointlabels@0.0.6/dist/chartist-plugin-pointlabels.js","meta":{"rootId":"hodx4obue8mheph","id":"hodx4obue8mheph"},"id":"xpp1iu5irz7upca","previousOperationId":"jgxvhyo0slbnhs2"}
{"type":"log","timestamp":1674754851079,"level":"debug","message":"(console:log) Me he venido","meta":{"userLevel":true,"rootId":"hodx4obue8mheph","id":"hodx4obue8mheph"},"id":"1vrpxgmjon4qqcq","previousOperationId":"jgxvhyo0slbnhs2"}
{"type":"log","timestamp":1674754851080,"level":"debug","message":"(console:log) JSHandle@array","meta":{"userLevel":true,"rootId":"hodx4obue8mheph","id":"hodx4obue8mheph"},"id":"eqddzqdzt3hj0bd","previousOperationId":"jgxvhyo0slbnhs2"}
{"type":"log","timestamp":1674754851146,"level":"warn","message":"Page error: TypeError: b.normalized.series[e].forEach is not a function\n    at f.<anonymous> (https://cdnjs.cloudflare.com/ajax/libs/chartist/0.11.0/chartist.min.js:9:2056)\n    at Array.forEach (<anonymous>)\n    at f.d [as createChart] (https://cdnjs.cloudflare.com/ajax/libs/chartist/0.11.0/chartist.min.js:9:1626)\n    at f.h (https://cdnjs.cloudflare.com/ajax/libs/chartist/0.11.0/chartist.min.js:8:15161)","meta":{"rootId":"hodx4obue8mheph","id":"hodx4obue8mheph"},"id":"cdwyecuxqhps81e","previousOperationId":"jgxvhyo0slbnhs2"}
{"type":"log","timestamp":1674754851174,"level":"debug","message":"Running chrome with params {\"printBackground\":true,\"timeout\":59183,\"margin\":{}}","meta":{"rootId":"hodx4obue8mheph","id":"hodx4obue8mheph"},"id":"0tf981mouda88ks","previousOperationId":"jgxvhyo0slbnhs2"}
{"type":"operationEnd","operationId":"jgxvhyo0slbnhs2","timestamp":1674754851351,"id":"uh3z5dqz6ysxqxw","previousEventId":"2sdco2mhrs4i726","previousOperationId":"jgxvhyo0slbnhs2"}
{"type":"log","timestamp":1674754851351,"level":"debug","message":"Executing script testing (afterRender)","meta":{"rootId":"hodx4obue8mheph","id":"hodx4obue8mheph"},"id":"l691cktxch0el1w","previousOperationId":"jgxvhyo0slbnhs2"}
{"type":"operationStart","subtype":"scriptsAfterRender","name":"scripts afterRender","timestamp":1674754851360,"id":"l7i78gzp7xb2akd","previousEventId":"uh3z5dqz6ysxqxw","operationId":"n4uu5faglvbpadi","previousOperationId":"jgxvhyo0slbnhs2"}
{"type":"operationStart","subtype":"script","name":"scripts testing","previousOperationId":"n4uu5faglvbpadi","timestamp":1674754851360,"id":"cekn8nw4pias7eb","previousEventId":"l7i78gzp7xb2akd","operationId":"mapgzk6m2bwj9ix"}
{"type":"operationEnd","operationId":"mapgzk6m2bwj9ix","timestamp":1674754852648,"id":"yerlva8zp1enm0d","previousEventId":"uh3z5dqz6ysxqxw","previousOperationId":"jgxvhyo0slbnhs2"}
{"type":"operationEnd","operationId":"n4uu5faglvbpadi","timestamp":1674754852648,"id":"0gf3t147qfepot1","previousEventId":"yerlva8zp1enm0d","previousOperationId":"jgxvhyo0slbnhs2"}
{"type":"log","timestamp":1674754852648,"level":"debug","message":"Skipping storing report.","meta":{"rootId":"hodx4obue8mheph","id":"hodx4obue8mheph"},"id":"6sblkal7wfi2u3o","previousOperationId":"n4uu5faglvbpadi"}
{"type":"log","timestamp":1674754852648,"level":"info","message":"Rendering request 7 finished in 2599 ms","meta":{"rootId":"hodx4obue8mheph","id":"hodx4obue8mheph"},"id":"dq1u14lnq2laxbg","previousOperationId":"n4uu5faglvbpadi"}
{"type":"operationEnd","subtype":"render","operationId":"mt0hmsoc510hakp","timestamp":1674754852648,"id":"xsux3rc6volh454","previousEventId":"0gf3t147qfepot1","previousOperationId":"n4uu5faglvbpadi"}
{"type":"operationEnd","doDiffs":false,"previousEventId":"tpiksqvgcva6bkm","previousOperationId":"acb1h7te1sr7iwa","operationId":"acb1h7te1sr7iwa","timestamp":1674754852658,"id":"haj3h20p44yju3h"}
