{"type":"operationStart","subtype":"profile","data":{"_id":"QSwCfsrtbgvaTbuL","timestamp":"2023-01-26T16:23:36.121Z","state":"queued","mode":"standard","creationDate":"2023-01-26T16:23:36.123Z","modificationDate":"2023-01-26T16:23:36.123Z","shortid":"vc7yRDr","$entitySet":"profiles"},"doDiffs":false,"timestamp":1674750216122,"id":"g7a0acp32jpmau7","previousOperationId":null,"operationId":"yl7px85jq2rttcm"}
{"type":"log","level":"info","message":"Render request 55 queued for execution and waiting for available worker","previousOperationId":"yl7px85jq2rttcm","timestamp":1674750216123,"id":"xsvvrfx97ge7obg"}
{"type":"operationStart","subtype":"render","name":"Data","previousOperationId":"yl7px85jq2rttcm","timestamp":1674750216137,"id":"8saxb822veyy6x4","previousEventId":"g7a0acp32jpmau7","operationId":"qyecdov4wcuz0gs"}
{"type":"log","timestamp":1674750216137,"level":"info","message":"Starting rendering request 55","meta":{"rootId":"hqfw7urkchl3om4","id":"hqfw7urkchl3om4"},"id":"jfp689et26ko7ib","previousOperationId":"qyecdov4wcuz0gs"}
{"type":"log","timestamp":1674750216137,"level":"info","message":"Rendering template { name: Data, recipe: chrome-pdf, engine: handlebars, preview: true }","meta":{"rootId":"hqfw7urkchl3om4","id":"hqfw7urkchl3om4"},"id":"c5zp4xuy97du5ur","previousOperationId":"qyecdov4wcuz0gs"}
{"type":"log","timestamp":1674750216139,"level":"debug","message":"Data item not defined for this template.","meta":{"rootId":"hqfw7urkchl3om4","id":"hqfw7urkchl3om4"},"id":"3d6c8wbwseakn6n","previousOperationId":"qyecdov4wcuz0gs"}
{"type":"log","timestamp":1674750216145,"level":"debug","message":"Executing script testing (beforeRender)","meta":{"rootId":"hqfw7urkchl3om4","id":"hqfw7urkchl3om4"},"id":"x9vbin9jnc69js6","previousOperationId":"qyecdov4wcuz0gs"}
{"type":"operationStart","subtype":"scriptsBeforeRender","name":"scripts beforeRender","timestamp":1674750216226,"id":"xu8k3982y9vh96b","previousEventId":"8saxb822veyy6x4","operationId":"mzz9f3i4uggsymu","previousOperationId":"qyecdov4wcuz0gs"}
{"type":"operationStart","subtype":"script","name":"scripts testing","previousOperationId":"mzz9f3i4uggsymu","timestamp":1674750216226,"id":"m0etvx9bcqd7axq","previousEventId":"xu8k3982y9vh96b","operationId":"y9eysz60ooucmf5"}
{"type":"log","timestamp":1674750216458,"level":"debug","message":"(console:log) {\n  location: [ 'Teror', 'Gáldar', 'Las Palmas de Gran Canaria' ],\n  repetition: [ '3', '1', '2' ]\n}","meta":{"userLevel":true,"rootId":"hqfw7urkchl3om4","id":"hqfw7urkchl3om4"},"id":"vf14ssz3dlx8c3x","previousOperationId":"y9eysz60ooucmf5"}
{"type":"operationEnd","operationId":"y9eysz60ooucmf5","timestamp":1674750216866,"id":"iru3cumor8mvqtj","previousEventId":"8saxb822veyy6x4","previousOperationId":"qyecdov4wcuz0gs"}
{"type":"operationEnd","operationId":"mzz9f3i4uggsymu","timestamp":1674750216866,"id":"n094bsrvwqr0l3h","previousEventId":"iru3cumor8mvqtj","previousOperationId":"qyecdov4wcuz0gs"}
{"type":"log","timestamp":1674750216866,"level":"debug","message":"Base url not specified, skipping its injection.","meta":{"rootId":"hqfw7urkchl3om4","id":"hqfw7urkchl3om4"},"id":"0wkkerhpmpddwjp","previousOperationId":"mzz9f3i4uggsymu"}
{"type":"operationStart","subtype":"engine","name":"handlebars","timestamp":1674750216866,"id":"jbplqmar1tgrcuw","previousEventId":"n094bsrvwqr0l3h","operationId":"uddht4rkmrrwdm4","previousOperationId":"mzz9f3i4uggsymu"}
{"type":"log","timestamp":1674750216866,"level":"debug","message":"Rendering engine handlebars","meta":{"rootId":"hqfw7urkchl3om4","id":"hqfw7urkchl3om4"},"id":"lx0fv6n2ii61k1h","previousOperationId":"uddht4rkmrrwdm4"}
{"type":"operationEnd","operationId":"uddht4rkmrrwdm4","timestamp":1674750216887,"id":"m6nc04tt3ios0k3","previousEventId":"jbplqmar1tgrcuw","previousOperationId":"uddht4rkmrrwdm4"}
{"type":"operationStart","subtype":"recipe","name":"chrome-pdf","timestamp":1674750216887,"id":"7cttpc0ttsk7xt2","previousEventId":"m6nc04tt3ios0k3","operationId":"ocz5ogpo6tmcdn6","previousOperationId":"uddht4rkmrrwdm4"}
{"type":"log","timestamp":1674750216887,"level":"debug","message":"Executing recipe chrome-pdf","meta":{"rootId":"hqfw7urkchl3om4","id":"hqfw7urkchl3om4"},"id":"ngwnsqauo4awrqj","previousOperationId":"ocz5ogpo6tmcdn6"}
{"type":"log","timestamp":1674750216894,"level":"debug","message":"Converting with chrome HeadlessChrome/105.0.5173.0 using chrome-pool strategy","meta":{"rootId":"hqfw7urkchl3om4","id":"hqfw7urkchl3om4"},"id":"tbs91jfbmepz88j","previousOperationId":"ocz5ogpo6tmcdn6"}
{"type":"log","timestamp":1674750216995,"level":"debug","message":"Page request: GET (document) file:///C:/Users/Johan/AppData/Local/Temp/jsreport/autocleanup/db3d1cb1-7734-4231-98e7-9bf44494524c-chrome-pdf.html","meta":{"rootId":"hqfw7urkchl3om4","id":"hqfw7urkchl3om4"},"id":"nfc5p7kmdkz0elw","previousOperationId":"ocz5ogpo6tmcdn6"}
{"type":"log","timestamp":1674750217025,"level":"debug","message":"Page request: GET (stylesheet) https://cdnjs.cloudflare.com/ajax/libs/metro/4.1.5/css/metro.min.css","meta":{"rootId":"hqfw7urkchl3om4","id":"hqfw7urkchl3om4"},"id":"2hkoybnr0qyn0fg","previousOperationId":"ocz5ogpo6tmcdn6"}
{"type":"log","timestamp":1674750217025,"level":"debug","message":"Page request: GET (stylesheet) https://cdnjs.cloudflare.com/ajax/libs/chartist/0.11.0/chartist.min.css","meta":{"rootId":"hqfw7urkchl3om4","id":"hqfw7urkchl3om4"},"id":"46d5maxp4d1cl70","previousOperationId":"ocz5ogpo6tmcdn6"}
{"type":"log","timestamp":1674750217025,"level":"debug","message":"Page request: GET (script) https://cdnjs.cloudflare.com/ajax/libs/chartist/0.11.0/chartist.min.js","meta":{"rootId":"hqfw7urkchl3om4","id":"hqfw7urkchl3om4"},"id":"jn7gzxw7bjc9qqd","previousOperationId":"ocz5ogpo6tmcdn6"}
{"type":"log","timestamp":1674750217026,"level":"debug","message":"Page request: GET (script) https://unpkg.com/chartist-plugin-tooltips@0.0.17","meta":{"rootId":"hqfw7urkchl3om4","id":"hqfw7urkchl3om4"},"id":"c4p4uae749uumte","previousOperationId":"ocz5ogpo6tmcdn6"}
{"type":"log","timestamp":1674750217026,"level":"debug","message":"Page request: GET (script) https://unpkg.com/chartist-plugin-pointlabels@0.0.6","meta":{"rootId":"hqfw7urkchl3om4","id":"hqfw7urkchl3om4"},"id":"r0yu5p32q8z19r3","previousOperationId":"ocz5ogpo6tmcdn6"}
{"type":"log","timestamp":1674750217026,"level":"debug","message":"Page request finished: GET (document) 200 file:///C:/Users/Johan/AppData/Local/Temp/jsreport/autocleanup/db3d1cb1-7734-4231-98e7-9bf44494524c-chrome-pdf.html","meta":{"rootId":"hqfw7urkchl3om4","id":"hqfw7urkchl3om4"},"id":"nu9x9h1oixtr2b7","previousOperationId":"ocz5ogpo6tmcdn6"}
{"type":"log","timestamp":1674750217032,"level":"warn","message":"Page request failed: GET (script) 302 https://unpkg.com/chartist-plugin-tooltips@0.0.17 (redirect to: /chartist-plugin-tooltips@0.0.17/dist/chartist-plugin-tooltip.js)","meta":{"rootId":"hqfw7urkchl3om4","id":"hqfw7urkchl3om4"},"id":"n4177e1any7csv2","previousOperationId":"ocz5ogpo6tmcdn6"}
{"type":"log","timestamp":1674750217033,"level":"debug","message":"Page request: GET (script) https://unpkg.com/chartist-plugin-tooltips@0.0.17/dist/chartist-plugin-tooltip.js (redirect from: https://unpkg.com/chartist-plugin-tooltips@0.0.17)","meta":{"rootId":"hqfw7urkchl3om4","id":"hqfw7urkchl3om4"},"id":"tl7ios31lzply8o","previousOperationId":"ocz5ogpo6tmcdn6"}
{"type":"log","timestamp":1674750217034,"level":"debug","message":"Page request finished: GET (stylesheet) 200 https://cdnjs.cloudflare.com/ajax/libs/chartist/0.11.0/chartist.min.css","meta":{"rootId":"hqfw7urkchl3om4","id":"hqfw7urkchl3om4"},"id":"3p1bqv64ecq0ry1","previousOperationId":"ocz5ogpo6tmcdn6"}
{"type":"log","timestamp":1674750217037,"level":"warn","message":"Page request failed: GET (script) 302 https://unpkg.com/chartist-plugin-pointlabels@0.0.6 (redirect to: /chartist-plugin-pointlabels@0.0.6/dist/chartist-plugin-pointlabels.js)","meta":{"rootId":"hqfw7urkchl3om4","id":"hqfw7urkchl3om4"},"id":"69gfp8wqbtk93hp","previousOperationId":"ocz5ogpo6tmcdn6"}
{"type":"log","timestamp":1674750217037,"level":"debug","message":"Page request: GET (script) https://unpkg.com/chartist-plugin-pointlabels@0.0.6/dist/chartist-plugin-pointlabels.js (redirect from: https://unpkg.com/chartist-plugin-pointlabels@0.0.6)","meta":{"rootId":"hqfw7urkchl3om4","id":"hqfw7urkchl3om4"},"id":"cbpov3lykwxflo7","previousOperationId":"ocz5ogpo6tmcdn6"}
{"type":"log","timestamp":1674750217053,"level":"debug","message":"Page request finished: GET (stylesheet) 200 https://cdnjs.cloudflare.com/ajax/libs/metro/4.1.5/css/metro.min.css","meta":{"rootId":"hqfw7urkchl3om4","id":"hqfw7urkchl3om4"},"id":"927y2g35zt0mwhb","previousOperationId":"ocz5ogpo6tmcdn6"}
{"type":"log","timestamp":1674750217053,"level":"debug","message":"Page request finished: GET (script) 200 https://cdnjs.cloudflare.com/ajax/libs/chartist/0.11.0/chartist.min.js","meta":{"rootId":"hqfw7urkchl3om4","id":"hqfw7urkchl3om4"},"id":"jpae3fd00awsgaf","previousOperationId":"ocz5ogpo6tmcdn6"}
{"type":"log","timestamp":1674750217058,"level":"debug","message":"Page request finished: GET (script) 200 https://unpkg.com/chartist-plugin-tooltips@0.0.17/dist/chartist-plugin-tooltip.js","meta":{"rootId":"hqfw7urkchl3om4","id":"hqfw7urkchl3om4"},"id":"nd2r444pbt48a7m","previousOperationId":"ocz5ogpo6tmcdn6"}
{"type":"log","timestamp":1674750217058,"level":"debug","message":"Page request finished: GET (script) 200 https://unpkg.com/chartist-plugin-pointlabels@0.0.6/dist/chartist-plugin-pointlabels.js","meta":{"rootId":"hqfw7urkchl3om4","id":"hqfw7urkchl3om4"},"id":"9gk2wdzx8xpdupy","previousOperationId":"ocz5ogpo6tmcdn6"}
{"type":"log","timestamp":1674750217058,"level":"debug","message":"(console:log) Me he venido","meta":{"userLevel":true,"rootId":"hqfw7urkchl3om4","id":"hqfw7urkchl3om4"},"id":"e6mainbe3m95vm8","previousOperationId":"ocz5ogpo6tmcdn6"}
{"type":"log","timestamp":1674750217128,"level":"debug","message":"Running chrome with params {\"printBackground\":true,\"timeout\":59228,\"margin\":{}}","meta":{"rootId":"hqfw7urkchl3om4","id":"hqfw7urkchl3om4"},"id":"ee6fcgct8vwkplw","previousOperationId":"ocz5ogpo6tmcdn6"}
{"type":"operationEnd","operationId":"ocz5ogpo6tmcdn6","timestamp":1674750217287,"id":"35ynq7sesv8zupa","previousEventId":"7cttpc0ttsk7xt2","previousOperationId":"ocz5ogpo6tmcdn6"}
{"type":"log","timestamp":1674750217287,"level":"debug","message":"Executing script testing (afterRender)","meta":{"rootId":"hqfw7urkchl3om4","id":"hqfw7urkchl3om4"},"id":"8c0ukasc3umnlks","previousOperationId":"ocz5ogpo6tmcdn6"}
{"type":"operationStart","subtype":"scriptsAfterRender","name":"scripts afterRender","timestamp":1674750217297,"id":"qq46anqazsuvj85","previousEventId":"35ynq7sesv8zupa","operationId":"u9a72y45klo9cen","previousOperationId":"ocz5ogpo6tmcdn6"}
{"type":"operationStart","subtype":"script","name":"scripts testing","previousOperationId":"u9a72y45klo9cen","timestamp":1674750217297,"id":"fhseannb15gc1ui","previousEventId":"qq46anqazsuvj85","operationId":"ml9fqhyqkiqi38h"}
{"type":"operationEnd","operationId":"ml9fqhyqkiqi38h","timestamp":1674750218483,"id":"zlw1zzxsfnr5c7m","previousEventId":"35ynq7sesv8zupa","previousOperationId":"ocz5ogpo6tmcdn6"}
{"type":"operationEnd","operationId":"u9a72y45klo9cen","timestamp":1674750218483,"id":"cnahwilajmrf0zu","previousEventId":"zlw1zzxsfnr5c7m","previousOperationId":"ocz5ogpo6tmcdn6"}
{"type":"log","timestamp":1674750218483,"level":"debug","message":"Skipping storing report.","meta":{"rootId":"hqfw7urkchl3om4","id":"hqfw7urkchl3om4"},"id":"9uwvy88ib73u4k6","previousOperationId":"u9a72y45klo9cen"}
{"type":"log","timestamp":1674750218483,"level":"info","message":"Rendering request 55 finished in 2362 ms","meta":{"rootId":"hqfw7urkchl3om4","id":"hqfw7urkchl3om4"},"id":"wwjoiklnbtbp3ce","previousOperationId":"u9a72y45klo9cen"}
{"type":"operationEnd","subtype":"render","operationId":"qyecdov4wcuz0gs","timestamp":1674750218483,"id":"zwdftkia71a20uu","previousEventId":"cnahwilajmrf0zu","previousOperationId":"u9a72y45klo9cen"}
{"type":"operationEnd","doDiffs":false,"previousEventId":"g7a0acp32jpmau7","previousOperationId":"yl7px85jq2rttcm","operationId":"yl7px85jq2rttcm","timestamp":1674750218489,"id":"ltiwr4vzfhp0359"}
