{"type":"operationStart","subtype":"profile","data":{"_id":"UApj6wYNz5qppOVt","timestamp":"2023-01-26T17:17:14.437Z","state":"queued","mode":"standard","creationDate":"2023-01-26T17:17:14.439Z","modificationDate":"2023-01-26T17:17:14.439Z","shortid":"q9QtT2X","$entitySet":"profiles"},"doDiffs":false,"timestamp":1674753434438,"id":"l85a3ckcpjsvrjd","previousOperationId":null,"operationId":"x5pbhyoxsf8tcx4"}
{"type":"log","level":"info","message":"Render request 24 queued for execution and waiting for available worker","previousOperationId":"x5pbhyoxsf8tcx4","timestamp":1674753434438,"id":"ylk7dv2e5vga4k7"}
{"type":"operationStart","subtype":"render","name":"Data","previousOperationId":"x5pbhyoxsf8tcx4","timestamp":1674753434448,"id":"9qhcsbtxe5f4uej","previousEventId":"l85a3ckcpjsvrjd","operationId":"rq4jw5eosx88b31"}
{"type":"log","timestamp":1674753434448,"level":"info","message":"Starting rendering request 24","meta":{"rootId":"i6u83pxcmhweqhn","id":"i6u83pxcmhweqhn"},"id":"fcle2yw05adswyz","previousOperationId":"rq4jw5eosx88b31"}
{"type":"log","timestamp":1674753434448,"level":"info","message":"Rendering template { name: Data, recipe: chrome-pdf, engine: handlebars, preview: true }","meta":{"rootId":"i6u83pxcmhweqhn","id":"i6u83pxcmhweqhn"},"id":"86q9rp426ke9cgz","previousOperationId":"rq4jw5eosx88b31"}
{"type":"log","timestamp":1674753434451,"level":"debug","message":"Data item not defined for this template.","meta":{"rootId":"i6u83pxcmhweqhn","id":"i6u83pxcmhweqhn"},"id":"fy02ed4vrxwm6sp","previousOperationId":"rq4jw5eosx88b31"}
{"type":"log","timestamp":1674753434453,"level":"debug","message":"Executing script testing (beforeRender)","meta":{"rootId":"i6u83pxcmhweqhn","id":"i6u83pxcmhweqhn"},"id":"b0scmgzw76sv6le","previousOperationId":"rq4jw5eosx88b31"}
{"type":"operationStart","subtype":"scriptsBeforeRender","name":"scripts beforeRender","timestamp":1674753434525,"id":"gvq8o097r1rplxq","previousEventId":"9qhcsbtxe5f4uej","operationId":"wyrbby8umbv7d83","previousOperationId":"rq4jw5eosx88b31"}
{"type":"operationStart","subtype":"script","name":"scripts testing","previousOperationId":"wyrbby8umbv7d83","timestamp":1674753434525,"id":"jbr0q9620eai5jf","previousEventId":"gvq8o097r1rplxq","operationId":"2uzed0jljw9kxih"}
{"type":"log","timestamp":1674753434772,"level":"debug","message":"(console:log) {\n  locationName: [ 'Las Palmas de Gran Canaria', 'Galdar', 'Teror' ],\n  repetition: [ '2', '1', '3' ]\n}","meta":{"userLevel":true,"rootId":"i6u83pxcmhweqhn","id":"i6u83pxcmhweqhn"},"id":"7sisi78lywf4qf6","previousOperationId":"2uzed0jljw9kxih"}
{"type":"log","timestamp":1674753434772,"level":"debug","message":"(console:log) [ 'Las Palmas de Gran Canaria', 'Galdar', 'Teror' ]","meta":{"userLevel":true,"rootId":"i6u83pxcmhweqhn","id":"i6u83pxcmhweqhn"},"id":"zr16h8cgd67jtjj","previousOperationId":"2uzed0jljw9kxih"}
{"type":"log","timestamp":1674753434772,"level":"debug","message":"(console:log) [ '2', '1', '3' ]","meta":{"userLevel":true,"rootId":"i6u83pxcmhweqhn","id":"i6u83pxcmhweqhn"},"id":"1b9rhce66v6k0jq","previousOperationId":"2uzed0jljw9kxih"}
{"type":"operationEnd","operationId":"2uzed0jljw9kxih","timestamp":1674753435204,"id":"bkwt5el11jyrxi4","previousEventId":"9qhcsbtxe5f4uej","previousOperationId":"rq4jw5eosx88b31"}
{"type":"operationEnd","operationId":"wyrbby8umbv7d83","timestamp":1674753435204,"id":"pjfh4mrk020r57c","previousEventId":"bkwt5el11jyrxi4","previousOperationId":"rq4jw5eosx88b31"}
{"type":"log","timestamp":1674753435204,"level":"debug","message":"Base url not specified, skipping its injection.","meta":{"rootId":"i6u83pxcmhweqhn","id":"i6u83pxcmhweqhn"},"id":"ag7hw05k1dfyila","previousOperationId":"wyrbby8umbv7d83"}
{"type":"operationStart","subtype":"engine","name":"handlebars","timestamp":1674753435204,"id":"6drlt48qfy48cyb","previousEventId":"pjfh4mrk020r57c","operationId":"kkdnjt2ygl9qop2","previousOperationId":"wyrbby8umbv7d83"}
{"type":"log","timestamp":1674753435204,"level":"debug","message":"Rendering engine handlebars","meta":{"rootId":"i6u83pxcmhweqhn","id":"i6u83pxcmhweqhn"},"id":"i3zf8q5sxxrvez5","previousOperationId":"kkdnjt2ygl9qop2"}
{"type":"operationEnd","operationId":"kkdnjt2ygl9qop2","timestamp":1674753435229,"id":"t17dxc7drxjlbyt","previousEventId":"6drlt48qfy48cyb","previousOperationId":"kkdnjt2ygl9qop2"}
{"type":"operationStart","subtype":"recipe","name":"chrome-pdf","timestamp":1674753435230,"id":"xfna8wvd6pfxjrj","previousEventId":"t17dxc7drxjlbyt","operationId":"tk58uflct8up4kd","previousOperationId":"kkdnjt2ygl9qop2"}
{"type":"log","timestamp":1674753435230,"level":"debug","message":"Executing recipe chrome-pdf","meta":{"rootId":"i6u83pxcmhweqhn","id":"i6u83pxcmhweqhn"},"id":"fstpqcom95sridy","previousOperationId":"tk58uflct8up4kd"}
{"type":"log","timestamp":1674753435236,"level":"debug","message":"Converting with chrome HeadlessChrome/105.0.5173.0 using chrome-pool strategy","meta":{"rootId":"i6u83pxcmhweqhn","id":"i6u83pxcmhweqhn"},"id":"bsbei1of6qsflt5","previousOperationId":"tk58uflct8up4kd"}
{"type":"log","timestamp":1674753435342,"level":"debug","message":"Page request: GET (document) file:///C:/Users/Johan/AppData/Local/Temp/jsreport/autocleanup/05cf0271-aa4d-4ac7-8809-f8fbc6b4b022-chrome-pdf.html","meta":{"rootId":"i6u83pxcmhweqhn","id":"i6u83pxcmhweqhn"},"id":"41rml7o48sgvt8x","previousOperationId":"tk58uflct8up4kd"}
{"type":"log","timestamp":1674753435360,"level":"debug","message":"Page request finished: GET (document) 200 file:///C:/Users/Johan/AppData/Local/Temp/jsreport/autocleanup/05cf0271-aa4d-4ac7-8809-f8fbc6b4b022-chrome-pdf.html","meta":{"rootId":"i6u83pxcmhweqhn","id":"i6u83pxcmhweqhn"},"id":"hs84j2td922mawk","previousOperationId":"tk58uflct8up4kd"}
{"type":"log","timestamp":1674753435360,"level":"debug","message":"Page request: GET (stylesheet) https://cdnjs.cloudflare.com/ajax/libs/metro/4.1.5/css/metro.min.css","meta":{"rootId":"i6u83pxcmhweqhn","id":"i6u83pxcmhweqhn"},"id":"ghh1w0y4eotwe6u","previousOperationId":"tk58uflct8up4kd"}
{"type":"log","timestamp":1674753435360,"level":"debug","message":"Page request: GET (stylesheet) https://cdnjs.cloudflare.com/ajax/libs/chartist/0.11.0/chartist.min.css","meta":{"rootId":"i6u83pxcmhweqhn","id":"i6u83pxcmhweqhn"},"id":"dihxe1j58a6cyfs","previousOperationId":"tk58uflct8up4kd"}
{"type":"log","timestamp":1674753435360,"level":"debug","message":"Page request: GET (script) https://cdnjs.cloudflare.com/ajax/libs/chartist/0.11.0/chartist.min.js","meta":{"rootId":"i6u83pxcmhweqhn","id":"i6u83pxcmhweqhn"},"id":"vytquaa15tii6t6","previousOperationId":"tk58uflct8up4kd"}
{"type":"log","timestamp":1674753435361,"level":"debug","message":"Page request: GET (script) https://unpkg.com/chartist-plugin-tooltips@0.0.17","meta":{"rootId":"i6u83pxcmhweqhn","id":"i6u83pxcmhweqhn"},"id":"oxv9tbz3mhd3hwz","previousOperationId":"tk58uflct8up4kd"}
{"type":"log","timestamp":1674753435361,"level":"debug","message":"Page request: GET (script) https://unpkg.com/chartist-plugin-pointlabels@0.0.6","meta":{"rootId":"i6u83pxcmhweqhn","id":"i6u83pxcmhweqhn"},"id":"ukg56puwbuizkyj","previousOperationId":"tk58uflct8up4kd"}
{"type":"log","timestamp":1674753435365,"level":"warn","message":"Page request failed: GET (script) 302 https://unpkg.com/chartist-plugin-tooltips@0.0.17 (redirect to: /chartist-plugin-tooltips@0.0.17/dist/chartist-plugin-tooltip.js)","meta":{"rootId":"i6u83pxcmhweqhn","id":"i6u83pxcmhweqhn"},"id":"2tdl19owhiwslwi","previousOperationId":"tk58uflct8up4kd"}
{"type":"log","timestamp":1674753435365,"level":"debug","message":"Page request: GET (script) https://unpkg.com/chartist-plugin-tooltips@0.0.17/dist/chartist-plugin-tooltip.js (redirect from: https://unpkg.com/chartist-plugin-tooltips@0.0.17)","meta":{"rootId":"i6u83pxcmhweqhn","id":"i6u83pxcmhweqhn"},"id":"atqljd5wnwm7x00","previousOperationId":"tk58uflct8up4kd"}
{"type":"log","timestamp":1674753435368,"level":"debug","message":"Page request finished: GET (stylesheet) 200 https://cdnjs.cloudflare.com/ajax/libs/chartist/0.11.0/chartist.min.css","meta":{"rootId":"i6u83pxcmhweqhn","id":"i6u83pxcmhweqhn"},"id":"0k7am3x2ximytku","previousOperationId":"tk58uflct8up4kd"}
{"type":"log","timestamp":1674753435369,"level":"warn","message":"Page request failed: GET (script) 302 https://unpkg.com/chartist-plugin-pointlabels@0.0.6 (redirect to: /chartist-plugin-pointlabels@0.0.6/dist/chartist-plugin-pointlabels.js)","meta":{"rootId":"i6u83pxcmhweqhn","id":"i6u83pxcmhweqhn"},"id":"5wyeytr93dxa6m4","previousOperationId":"tk58uflct8up4kd"}
{"type":"log","timestamp":1674753435370,"level":"debug","message":"Page request finished: GET (script) 200 https://cdnjs.cloudflare.com/ajax/libs/chartist/0.11.0/chartist.min.js","meta":{"rootId":"i6u83pxcmhweqhn","id":"i6u83pxcmhweqhn"},"id":"5e8lqmf4ttfu41q","previousOperationId":"tk58uflct8up4kd"}
{"type":"log","timestamp":1674753435370,"level":"debug","message":"Page request: GET (script) https://unpkg.com/chartist-plugin-pointlabels@0.0.6/dist/chartist-plugin-pointlabels.js (redirect from: https://unpkg.com/chartist-plugin-pointlabels@0.0.6)","meta":{"rootId":"i6u83pxcmhweqhn","id":"i6u83pxcmhweqhn"},"id":"sbv3v1a8j5g8dnp","previousOperationId":"tk58uflct8up4kd"}
{"type":"log","timestamp":1674753435385,"level":"debug","message":"Page request finished: GET (stylesheet) 200 https://cdnjs.cloudflare.com/ajax/libs/metro/4.1.5/css/metro.min.css","meta":{"rootId":"i6u83pxcmhweqhn","id":"i6u83pxcmhweqhn"},"id":"lbjl4z1bu6os8gw","previousOperationId":"tk58uflct8up4kd"}
{"type":"log","timestamp":1674753435387,"level":"debug","message":"Page request finished: GET (script) 200 https://unpkg.com/chartist-plugin-tooltips@0.0.17/dist/chartist-plugin-tooltip.js","meta":{"rootId":"i6u83pxcmhweqhn","id":"i6u83pxcmhweqhn"},"id":"6ngnwxoqlb8zcaz","previousOperationId":"tk58uflct8up4kd"}
{"type":"log","timestamp":1674753435387,"level":"debug","message":"Page request finished: GET (script) 200 https://unpkg.com/chartist-plugin-pointlabels@0.0.6/dist/chartist-plugin-pointlabels.js","meta":{"rootId":"i6u83pxcmhweqhn","id":"i6u83pxcmhweqhn"},"id":"q64op0i8f6j4o9j","previousOperationId":"tk58uflct8up4kd"}
{"type":"log","timestamp":1674753435388,"level":"debug","message":"(console:log) Me he venido","meta":{"userLevel":true,"rootId":"i6u83pxcmhweqhn","id":"i6u83pxcmhweqhn"},"id":"90jqyzkvg08sodo","previousOperationId":"tk58uflct8up4kd"}
{"type":"log","timestamp":1674753435389,"level":"debug","message":"(console:log) JSHandle@array","meta":{"userLevel":true,"rootId":"i6u83pxcmhweqhn","id":"i6u83pxcmhweqhn"},"id":"t8dhmq74u209h7k","previousOperationId":"tk58uflct8up4kd"}
{"type":"log","timestamp":1674753435389,"level":"debug","message":"(console:log) JSHandle@array","meta":{"userLevel":true,"rootId":"i6u83pxcmhweqhn","id":"i6u83pxcmhweqhn"},"id":"lhbczbuz9k9abv5","previousOperationId":"tk58uflct8up4kd"}
{"type":"log","timestamp":1674753435460,"level":"debug","message":"Running chrome with params {\"printBackground\":true,\"timeout\":59204,\"margin\":{}}","meta":{"rootId":"i6u83pxcmhweqhn","id":"i6u83pxcmhweqhn"},"id":"y5dot46pkc76qza","previousOperationId":"tk58uflct8up4kd"}
{"type":"operationEnd","operationId":"tk58uflct8up4kd","timestamp":1674753435602,"id":"w59yedwddvok9b3","previousEventId":"xfna8wvd6pfxjrj","previousOperationId":"tk58uflct8up4kd"}
{"type":"log","timestamp":1674753435602,"level":"debug","message":"Executing script testing (afterRender)","meta":{"rootId":"i6u83pxcmhweqhn","id":"i6u83pxcmhweqhn"},"id":"84554rxvzjaf1d2","previousOperationId":"tk58uflct8up4kd"}
{"type":"operationStart","subtype":"scriptsAfterRender","name":"scripts afterRender","timestamp":1674753435613,"id":"c1zf29ruig6rpgd","previousEventId":"w59yedwddvok9b3","operationId":"cafa1koeyu8ubbr","previousOperationId":"tk58uflct8up4kd"}
{"type":"operationStart","subtype":"script","name":"scripts testing","previousOperationId":"cafa1koeyu8ubbr","timestamp":1674753435613,"id":"r2w6gjjl6wjekw4","previousEventId":"c1zf29ruig6rpgd","operationId":"0qqomrx2z7425gu"}
{"type":"operationEnd","operationId":"0qqomrx2z7425gu","timestamp":1674753436770,"id":"ogigzmc4e5a6v82","previousEventId":"w59yedwddvok9b3","previousOperationId":"tk58uflct8up4kd"}
{"type":"operationEnd","operationId":"cafa1koeyu8ubbr","timestamp":1674753436770,"id":"ko1183hjoucbjw5","previousEventId":"ogigzmc4e5a6v82","previousOperationId":"tk58uflct8up4kd"}
{"type":"log","timestamp":1674753436770,"level":"debug","message":"Skipping storing report.","meta":{"rootId":"i6u83pxcmhweqhn","id":"i6u83pxcmhweqhn"},"id":"kiizwjtv3rqupzo","previousOperationId":"cafa1koeyu8ubbr"}
{"type":"log","timestamp":1674753436770,"level":"info","message":"Rendering request 24 finished in 2333 ms","meta":{"rootId":"i6u83pxcmhweqhn","id":"i6u83pxcmhweqhn"},"id":"oe42t73ongelbyx","previousOperationId":"cafa1koeyu8ubbr"}
{"type":"operationEnd","subtype":"render","operationId":"rq4jw5eosx88b31","timestamp":1674753436770,"id":"m8um1dscn22vd5e","previousEventId":"ko1183hjoucbjw5","previousOperationId":"cafa1koeyu8ubbr"}
{"type":"operationEnd","doDiffs":false,"previousEventId":"l85a3ckcpjsvrjd","previousOperationId":"x5pbhyoxsf8tcx4","operationId":"x5pbhyoxsf8tcx4","timestamp":1674753436774,"id":"vxx9svxe204aojt"}
