{"type":"operationStart","subtype":"profile","data":{"_id":"DnKvm4bxopo1DIsm","timestamp":"2023-01-26T17:23:26.778Z","state":"queued","mode":"standard","creationDate":"2023-01-26T17:23:26.781Z","modificationDate":"2023-01-26T17:23:26.781Z","shortid":"Xx7ixJC","$entitySet":"profiles"},"doDiffs":false,"timestamp":1674753806779,"id":"5idyf2w24iuvch3","previousOperationId":null,"operationId":"6de71l452sxtabw"}
{"type":"log","level":"info","message":"Render request 30 queued for execution and waiting for available worker","previousOperationId":"6de71l452sxtabw","timestamp":1674753806779,"id":"5i741719pqd8q71"}
{"type":"operationStart","subtype":"render","name":"Data","previousOperationId":"6de71l452sxtabw","timestamp":1674753806793,"id":"e6z5zig4clvhd9t","previousEventId":"5idyf2w24iuvch3","operationId":"rof4z0ubmtf3r10"}
{"type":"log","timestamp":1674753806793,"level":"info","message":"Starting rendering request 30","meta":{"rootId":"iddf10qivgh9kgy","id":"iddf10qivgh9kgy"},"id":"3qoii4otlu2ccs2","previousOperationId":"rof4z0ubmtf3r10"}
{"type":"log","timestamp":1674753806793,"level":"info","message":"Rendering template { name: Data, recipe: chrome-pdf, engine: handlebars, preview: true }","meta":{"rootId":"iddf10qivgh9kgy","id":"iddf10qivgh9kgy"},"id":"vdwc7z8zkwksab5","previousOperationId":"rof4z0ubmtf3r10"}
{"type":"log","timestamp":1674753806794,"level":"debug","message":"Data item not defined for this template.","meta":{"rootId":"iddf10qivgh9kgy","id":"iddf10qivgh9kgy"},"id":"xp2261abd76ov3p","previousOperationId":"rof4z0ubmtf3r10"}
{"type":"log","timestamp":1674753806798,"level":"debug","message":"Executing script testing (beforeRender)","meta":{"rootId":"iddf10qivgh9kgy","id":"iddf10qivgh9kgy"},"id":"zyk3irgiq02oyzj","previousOperationId":"rof4z0ubmtf3r10"}
{"type":"operationStart","subtype":"scriptsBeforeRender","name":"scripts beforeRender","timestamp":1674753806861,"id":"82nyemvlrekyv52","previousEventId":"e6z5zig4clvhd9t","operationId":"9whta8yy5gwcq1g","previousOperationId":"rof4z0ubmtf3r10"}
{"type":"operationStart","subtype":"script","name":"scripts testing","previousOperationId":"9whta8yy5gwcq1g","timestamp":1674753806861,"id":"q42wsdzzorgopvi","previousEventId":"82nyemvlrekyv52","operationId":"63x5hq7tncypauk"}
{"type":"log","timestamp":1674753807084,"level":"debug","message":"(console:log) {\n  locationName: [ 'Las Palmas de Gran Canaria', 'Galdar', 'Teror' ],\n  repetition: [ '2', '1', '3' ]\n}","meta":{"userLevel":true,"rootId":"iddf10qivgh9kgy","id":"iddf10qivgh9kgy"},"id":"n8thaxcuz7cg9pk","previousOperationId":"63x5hq7tncypauk"}
{"type":"log","timestamp":1674753807084,"level":"debug","message":"(console:log) [ 'Las Palmas de Gran Canaria', 'Galdar', 'Teror' ]","meta":{"userLevel":true,"rootId":"iddf10qivgh9kgy","id":"iddf10qivgh9kgy"},"id":"05oqoawlv63muy1","previousOperationId":"63x5hq7tncypauk"}
{"type":"log","timestamp":1674753807084,"level":"debug","message":"(console:log) [ '2', '1', '3' ]","meta":{"userLevel":true,"rootId":"iddf10qivgh9kgy","id":"iddf10qivgh9kgy"},"id":"esrl9lxztblg59y","previousOperationId":"63x5hq7tncypauk"}
{"type":"operationEnd","operationId":"63x5hq7tncypauk","timestamp":1674753807487,"id":"j9h1tumnj4oou1r","previousEventId":"e6z5zig4clvhd9t","previousOperationId":"rof4z0ubmtf3r10"}
{"type":"operationEnd","operationId":"9whta8yy5gwcq1g","timestamp":1674753807487,"id":"f9hdaq62djbvdjw","previousEventId":"j9h1tumnj4oou1r","previousOperationId":"rof4z0ubmtf3r10"}
{"type":"log","timestamp":1674753807487,"level":"debug","message":"Base url not specified, skipping its injection.","meta":{"rootId":"iddf10qivgh9kgy","id":"iddf10qivgh9kgy"},"id":"gb4uurxfqcnnlo4","previousOperationId":"9whta8yy5gwcq1g"}
{"type":"operationStart","subtype":"engine","name":"handlebars","timestamp":1674753807487,"id":"0e3sf9dr68i541t","previousEventId":"f9hdaq62djbvdjw","operationId":"0qhhkugs4h0m0b4","previousOperationId":"9whta8yy5gwcq1g"}
{"type":"log","timestamp":1674753807487,"level":"debug","message":"Rendering engine handlebars","meta":{"rootId":"iddf10qivgh9kgy","id":"iddf10qivgh9kgy"},"id":"zrkjdvvwwlv005y","previousOperationId":"0qhhkugs4h0m0b4"}
{"type":"operationEnd","operationId":"0qhhkugs4h0m0b4","timestamp":1674753807499,"id":"93oxaskhol56i0b","previousEventId":"0e3sf9dr68i541t","previousOperationId":"0qhhkugs4h0m0b4"}
{"type":"operationStart","subtype":"recipe","name":"chrome-pdf","timestamp":1674753807500,"id":"vz0xz09ua9olt41","previousEventId":"93oxaskhol56i0b","operationId":"167o9cgan0luhj3","previousOperationId":"0qhhkugs4h0m0b4"}
{"type":"log","timestamp":1674753807500,"level":"debug","message":"Executing recipe chrome-pdf","meta":{"rootId":"iddf10qivgh9kgy","id":"iddf10qivgh9kgy"},"id":"dqyei4gh77y5rfk","previousOperationId":"167o9cgan0luhj3"}
{"type":"log","timestamp":1674753807502,"level":"debug","message":"Converting with chrome HeadlessChrome/105.0.5173.0 using chrome-pool strategy","meta":{"rootId":"iddf10qivgh9kgy","id":"iddf10qivgh9kgy"},"id":"ws84uy4e7y43d8u","previousOperationId":"167o9cgan0luhj3"}
{"type":"log","timestamp":1674753807634,"level":"debug","message":"Page request: GET (document) file:///C:/Users/Johan/AppData/Local/Temp/jsreport/autocleanup/1e553273-e965-459b-a562-ebac61b102c3-chrome-pdf.html","meta":{"rootId":"iddf10qivgh9kgy","id":"iddf10qivgh9kgy"},"id":"kgrifztlrfolcvs","previousOperationId":"167o9cgan0luhj3"}
{"type":"log","timestamp":1674753807662,"level":"debug","message":"Page request finished: GET (document) 200 file:///C:/Users/Johan/AppData/Local/Temp/jsreport/autocleanup/1e553273-e965-459b-a562-ebac61b102c3-chrome-pdf.html","meta":{"rootId":"iddf10qivgh9kgy","id":"iddf10qivgh9kgy"},"id":"cc2qdb32vgxs2hu","previousOperationId":"167o9cgan0luhj3"}
{"type":"log","timestamp":1674753807662,"level":"debug","message":"Page request: GET (stylesheet) https://cdnjs.cloudflare.com/ajax/libs/metro/4.1.5/css/metro.min.css","meta":{"rootId":"iddf10qivgh9kgy","id":"iddf10qivgh9kgy"},"id":"q3xthim105x5d23","previousOperationId":"167o9cgan0luhj3"}
{"type":"log","timestamp":1674753807662,"level":"debug","message":"Page request: GET (stylesheet) https://cdnjs.cloudflare.com/ajax/libs/chartist/0.11.0/chartist.min.css","meta":{"rootId":"iddf10qivgh9kgy","id":"iddf10qivgh9kgy"},"id":"z0amblfg5n6dvfs","previousOperationId":"167o9cgan0luhj3"}
{"type":"log","timestamp":1674753807662,"level":"debug","message":"Page request: GET (script) https://cdnjs.cloudflare.com/ajax/libs/chartist/0.11.0/chartist.min.js","meta":{"rootId":"iddf10qivgh9kgy","id":"iddf10qivgh9kgy"},"id":"gjc1991fl6pyhr1","previousOperationId":"167o9cgan0luhj3"}
{"type":"log","timestamp":1674753807663,"level":"debug","message":"Page request: GET (script) https://unpkg.com/chartist-plugin-tooltips@0.0.17","meta":{"rootId":"iddf10qivgh9kgy","id":"iddf10qivgh9kgy"},"id":"7a6uwx75xusyp9i","previousOperationId":"167o9cgan0luhj3"}
{"type":"log","timestamp":1674753807663,"level":"debug","message":"Page request: GET (script) https://unpkg.com/chartist-plugin-pointlabels@0.0.6","meta":{"rootId":"iddf10qivgh9kgy","id":"iddf10qivgh9kgy"},"id":"9ax5tcvnqxscwpi","previousOperationId":"167o9cgan0luhj3"}
{"type":"log","timestamp":1674753807670,"level":"warn","message":"Page request failed: GET (script) 302 https://unpkg.com/chartist-plugin-tooltips@0.0.17 (redirect to: /chartist-plugin-tooltips@0.0.17/dist/chartist-plugin-tooltip.js)","meta":{"rootId":"iddf10qivgh9kgy","id":"iddf10qivgh9kgy"},"id":"yldegq45bkss1a7","previousOperationId":"167o9cgan0luhj3"}
{"type":"log","timestamp":1674753807670,"level":"debug","message":"Page request: GET (script) https://unpkg.com/chartist-plugin-tooltips@0.0.17/dist/chartist-plugin-tooltip.js (redirect from: https://unpkg.com/chartist-plugin-tooltips@0.0.17)","meta":{"rootId":"iddf10qivgh9kgy","id":"iddf10qivgh9kgy"},"id":"4lz7wjdb9jbtlqh","previousOperationId":"167o9cgan0luhj3"}
{"type":"log","timestamp":1674753807672,"level":"debug","message":"Page request finished: GET (stylesheet) 200 https://cdnjs.cloudflare.com/ajax/libs/chartist/0.11.0/chartist.min.css","meta":{"rootId":"iddf10qivgh9kgy","id":"iddf10qivgh9kgy"},"id":"fu7vfb4vsxry6to","previousOperationId":"167o9cgan0luhj3"}
{"type":"log","timestamp":1674753807675,"level":"debug","message":"Page request finished: GET (script) 200 https://cdnjs.cloudflare.com/ajax/libs/chartist/0.11.0/chartist.min.js","meta":{"rootId":"iddf10qivgh9kgy","id":"iddf10qivgh9kgy"},"id":"c3jdke0ypox67mz","previousOperationId":"167o9cgan0luhj3"}
{"type":"log","timestamp":1674753807676,"level":"warn","message":"Page request failed: GET (script) 302 https://unpkg.com/chartist-plugin-pointlabels@0.0.6 (redirect to: /chartist-plugin-pointlabels@0.0.6/dist/chartist-plugin-pointlabels.js)","meta":{"rootId":"iddf10qivgh9kgy","id":"iddf10qivgh9kgy"},"id":"x50zn2rhjf0h9o9","previousOperationId":"167o9cgan0luhj3"}
{"type":"log","timestamp":1674753807676,"level":"debug","message":"Page request: GET (script) https://unpkg.com/chartist-plugin-pointlabels@0.0.6/dist/chartist-plugin-pointlabels.js (redirect from: https://unpkg.com/chartist-plugin-pointlabels@0.0.6)","meta":{"rootId":"iddf10qivgh9kgy","id":"iddf10qivgh9kgy"},"id":"9pe5igkkefvnifa","previousOperationId":"167o9cgan0luhj3"}
{"type":"log","timestamp":1674753807697,"level":"debug","message":"Page request finished: GET (stylesheet) 200 https://cdnjs.cloudflare.com/ajax/libs/metro/4.1.5/css/metro.min.css","meta":{"rootId":"iddf10qivgh9kgy","id":"iddf10qivgh9kgy"},"id":"9j9i1ew4bpn8fi3","previousOperationId":"167o9cgan0luhj3"}
{"type":"log","timestamp":1674753807702,"level":"debug","message":"Page request finished: GET (script) 200 https://unpkg.com/chartist-plugin-tooltips@0.0.17/dist/chartist-plugin-tooltip.js","meta":{"rootId":"iddf10qivgh9kgy","id":"iddf10qivgh9kgy"},"id":"ctearsbj9xpovrv","previousOperationId":"167o9cgan0luhj3"}
{"type":"log","timestamp":1674753807702,"level":"debug","message":"Page request finished: GET (script) 200 https://unpkg.com/chartist-plugin-pointlabels@0.0.6/dist/chartist-plugin-pointlabels.js","meta":{"rootId":"iddf10qivgh9kgy","id":"iddf10qivgh9kgy"},"id":"ws5uwqkdq8v0454","previousOperationId":"167o9cgan0luhj3"}
{"type":"log","timestamp":1674753807703,"level":"debug","message":"(console:log) Me he venido","meta":{"userLevel":true,"rootId":"iddf10qivgh9kgy","id":"iddf10qivgh9kgy"},"id":"lgo7wwr61bfiejt","previousOperationId":"167o9cgan0luhj3"}
{"type":"log","timestamp":1674753807704,"level":"debug","message":"(console:log) JSHandle@array","meta":{"userLevel":true,"rootId":"iddf10qivgh9kgy","id":"iddf10qivgh9kgy"},"id":"ie0vmg0dwz66k6h","previousOperationId":"167o9cgan0luhj3"}
{"type":"log","timestamp":1674753807704,"level":"warn","message":"Page error: ReferenceError: repetitionsName is not defined\n    at file:///C:/Users/Johan/AppData/Local/Temp/jsreport/autocleanup/1e553273-e965-459b-a562-ebac61b102c3-chrome-pdf.html:58:16","meta":{"rootId":"iddf10qivgh9kgy","id":"iddf10qivgh9kgy"},"id":"lwb9u250r0lac5s","previousOperationId":"167o9cgan0luhj3"}
{"type":"log","timestamp":1674753807745,"level":"debug","message":"Running chrome with params {\"printBackground\":true,\"timeout\":59277,\"margin\":{}}","meta":{"rootId":"iddf10qivgh9kgy","id":"iddf10qivgh9kgy"},"id":"lphfgjiowinw81m","previousOperationId":"167o9cgan0luhj3"}
{"type":"operationEnd","operationId":"167o9cgan0luhj3","timestamp":1674753807917,"id":"n4dwn99a6lt6fj9","previousEventId":"vz0xz09ua9olt41","previousOperationId":"167o9cgan0luhj3"}
{"type":"log","timestamp":1674753807917,"level":"debug","message":"Executing script testing (afterRender)","meta":{"rootId":"iddf10qivgh9kgy","id":"iddf10qivgh9kgy"},"id":"7uz19d8zfqeqvpp","previousOperationId":"167o9cgan0luhj3"}
{"type":"operationStart","subtype":"scriptsAfterRender","name":"scripts afterRender","timestamp":1674753807929,"id":"3m5rolk53lrpjk5","previousEventId":"n4dwn99a6lt6fj9","operationId":"h41xchqohhytq5m","previousOperationId":"167o9cgan0luhj3"}
{"type":"operationStart","subtype":"script","name":"scripts testing","previousOperationId":"h41xchqohhytq5m","timestamp":1674753807929,"id":"2i3b1ugrbfnpxxs","previousEventId":"3m5rolk53lrpjk5","operationId":"ejo39zyqqbwzdoa"}
{"type":"operationEnd","operationId":"ejo39zyqqbwzdoa","timestamp":1674753809099,"id":"fhltsgycap0q1o3","previousEventId":"n4dwn99a6lt6fj9","previousOperationId":"167o9cgan0luhj3"}
{"type":"operationEnd","operationId":"h41xchqohhytq5m","timestamp":1674753809099,"id":"q8wkabrtlzxt0io","previousEventId":"fhltsgycap0q1o3","previousOperationId":"167o9cgan0luhj3"}
{"type":"log","timestamp":1674753809099,"level":"debug","message":"Skipping storing report.","meta":{"rootId":"iddf10qivgh9kgy","id":"iddf10qivgh9kgy"},"id":"pga2kbj9jzwieow","previousOperationId":"h41xchqohhytq5m"}
{"type":"log","timestamp":1674753809099,"level":"info","message":"Rendering request 30 finished in 2321 ms","meta":{"rootId":"iddf10qivgh9kgy","id":"iddf10qivgh9kgy"},"id":"4oaxse4bx7mvn3b","previousOperationId":"h41xchqohhytq5m"}
{"type":"operationEnd","subtype":"render","operationId":"rof4z0ubmtf3r10","timestamp":1674753809099,"id":"1zm0n2j4dkzbe84","previousEventId":"q8wkabrtlzxt0io","previousOperationId":"h41xchqohhytq5m"}
{"type":"operationEnd","doDiffs":false,"previousEventId":"5idyf2w24iuvch3","previousOperationId":"6de71l452sxtabw","operationId":"6de71l452sxtabw","timestamp":1674753809103,"id":"df5r84gxilbxgv3"}
