{"type":"operationStart","subtype":"profile","data":{"_id":"CT5ePxEhYcnT0AHV","timestamp":"2023-01-26T17:13:53.972Z","state":"queued","mode":"standard","creationDate":"2023-01-26T17:13:53.975Z","modificationDate":"2023-01-26T17:13:53.975Z","shortid":"PX6rX21","$entitySet":"profiles"},"doDiffs":false,"timestamp":1674753233974,"id":"19h57u59ixek856","previousOperationId":null,"operationId":"kmsgpdp7all78x6"}
{"type":"log","level":"info","message":"Render request 21 queued for execution and waiting for available worker","previousOperationId":"kmsgpdp7all78x6","timestamp":1674753233974,"id":"s5mok7un76uwbf6"}
{"type":"operationStart","subtype":"render","name":"Data","previousOperationId":"kmsgpdp7all78x6","timestamp":1674753233986,"id":"2712rxz09jkp01f","previousEventId":"19h57u59ixek856","operationId":"3u72j462mlpa619"}
{"type":"log","timestamp":1674753233986,"level":"info","message":"Starting rendering request 21","meta":{"rootId":"ifna9q5azusqy5p","id":"ifna9q5azusqy5p"},"id":"fnt2b8cske3i5vb","previousOperationId":"3u72j462mlpa619"}
{"type":"log","timestamp":1674753233987,"level":"info","message":"Rendering template { name: Data, recipe: chrome-pdf, engine: handlebars, preview: true }","meta":{"rootId":"ifna9q5azusqy5p","id":"ifna9q5azusqy5p"},"id":"erg1d6e3njmiv12","previousOperationId":"3u72j462mlpa619"}
{"type":"log","timestamp":1674753233987,"level":"debug","message":"Data item not defined for this template.","meta":{"rootId":"ifna9q5azusqy5p","id":"ifna9q5azusqy5p"},"id":"pjjjs6zri2ew960","previousOperationId":"3u72j462mlpa619"}
{"type":"log","timestamp":1674753233993,"level":"debug","message":"Executing script testing (beforeRender)","meta":{"rootId":"ifna9q5azusqy5p","id":"ifna9q5azusqy5p"},"id":"fdlegqjg47vlmkn","previousOperationId":"3u72j462mlpa619"}
{"type":"operationStart","subtype":"scriptsBeforeRender","name":"scripts beforeRender","timestamp":1674753234049,"id":"luoih6kd76rw9tr","previousEventId":"2712rxz09jkp01f","operationId":"0re47mmo9qp9cni","previousOperationId":"3u72j462mlpa619"}
{"type":"operationStart","subtype":"script","name":"scripts testing","previousOperationId":"0re47mmo9qp9cni","timestamp":1674753234049,"id":"mneq9ucqjxtr889","previousEventId":"luoih6kd76rw9tr","operationId":"fw01hbon3ge2h6o"}
{"type":"log","timestamp":1674753234274,"level":"debug","message":"(console:log) {\n  locationName: [ 'Las Palmas de Gran Canaria', 'Galdar', 'Teror' ],\n  repetition: [ '2', '1', '3' ]\n}","meta":{"userLevel":true,"rootId":"ifna9q5azusqy5p","id":"ifna9q5azusqy5p"},"id":"hvp3ftbosdmzb4h","previousOperationId":"fw01hbon3ge2h6o"}
{"type":"log","timestamp":1674753234274,"level":"debug","message":"(console:log) [ 'Las Palmas de Gran Canaria', 'Galdar', 'Teror' ]","meta":{"userLevel":true,"rootId":"ifna9q5azusqy5p","id":"ifna9q5azusqy5p"},"id":"hds9lplxflzojog","previousOperationId":"fw01hbon3ge2h6o"}
{"type":"log","timestamp":1674753234274,"level":"debug","message":"(console:log) [ '2', '1', '3' ]","meta":{"userLevel":true,"rootId":"ifna9q5azusqy5p","id":"ifna9q5azusqy5p"},"id":"rk7oldhj254zcij","previousOperationId":"fw01hbon3ge2h6o"}
{"type":"operationEnd","operationId":"fw01hbon3ge2h6o","timestamp":1674753234683,"id":"x82e2a3ycj720yn","previousEventId":"2712rxz09jkp01f","previousOperationId":"3u72j462mlpa619"}
{"type":"operationEnd","operationId":"0re47mmo9qp9cni","timestamp":1674753234683,"id":"dp4n56sh6dls2vi","previousEventId":"x82e2a3ycj720yn","previousOperationId":"3u72j462mlpa619"}
{"type":"log","timestamp":1674753234683,"level":"debug","message":"Base url not specified, skipping its injection.","meta":{"rootId":"ifna9q5azusqy5p","id":"ifna9q5azusqy5p"},"id":"4fgp48empa8dxqv","previousOperationId":"0re47mmo9qp9cni"}
{"type":"operationStart","subtype":"engine","name":"handlebars","timestamp":1674753234684,"id":"4r6d0hdp52fetk7","previousEventId":"dp4n56sh6dls2vi","operationId":"5dag8fbw47nezwc","previousOperationId":"0re47mmo9qp9cni"}
{"type":"log","timestamp":1674753234684,"level":"debug","message":"Rendering engine handlebars","meta":{"rootId":"ifna9q5azusqy5p","id":"ifna9q5azusqy5p"},"id":"p84xy1ndfeqrarx","previousOperationId":"5dag8fbw47nezwc"}
{"type":"operationEnd","operationId":"5dag8fbw47nezwc","timestamp":1674753234701,"id":"q6hngbcyqlpz4j6","previousEventId":"4r6d0hdp52fetk7","previousOperationId":"5dag8fbw47nezwc"}
{"type":"operationStart","subtype":"recipe","name":"chrome-pdf","timestamp":1674753234701,"id":"28lan1xkxet6ht7","previousEventId":"q6hngbcyqlpz4j6","operationId":"pr04d7f7hpjuz06","previousOperationId":"5dag8fbw47nezwc"}
{"type":"log","timestamp":1674753234702,"level":"debug","message":"Executing recipe chrome-pdf","meta":{"rootId":"ifna9q5azusqy5p","id":"ifna9q5azusqy5p"},"id":"jpi328xo1dg05x5","previousOperationId":"pr04d7f7hpjuz06"}
{"type":"log","timestamp":1674753234717,"level":"debug","message":"Converting with chrome HeadlessChrome/105.0.5173.0 using chrome-pool strategy","meta":{"rootId":"ifna9q5azusqy5p","id":"ifna9q5azusqy5p"},"id":"z0r6hcebi54r6pb","previousOperationId":"pr04d7f7hpjuz06"}
{"type":"log","timestamp":1674753234828,"level":"debug","message":"Page request: GET (document) file:///C:/Users/Johan/AppData/Local/Temp/jsreport/autocleanup/2d50f76f-3f97-4f73-89c3-ee181dc36c7b-chrome-pdf.html","meta":{"rootId":"ifna9q5azusqy5p","id":"ifna9q5azusqy5p"},"id":"g7y41mdwpa921nx","previousOperationId":"pr04d7f7hpjuz06"}
{"type":"log","timestamp":1674753234850,"level":"debug","message":"Page request finished: GET (document) 200 file:///C:/Users/Johan/AppData/Local/Temp/jsreport/autocleanup/2d50f76f-3f97-4f73-89c3-ee181dc36c7b-chrome-pdf.html","meta":{"rootId":"ifna9q5azusqy5p","id":"ifna9q5azusqy5p"},"id":"3c13iqdmio32f3l","previousOperationId":"pr04d7f7hpjuz06"}
{"type":"log","timestamp":1674753234850,"level":"debug","message":"Page request: GET (stylesheet) https://cdnjs.cloudflare.com/ajax/libs/metro/4.1.5/css/metro.min.css","meta":{"rootId":"ifna9q5azusqy5p","id":"ifna9q5azusqy5p"},"id":"pt1wu92gjpuvb0o","previousOperationId":"pr04d7f7hpjuz06"}
{"type":"log","timestamp":1674753234851,"level":"debug","message":"Page request: GET (stylesheet) https://cdnjs.cloudflare.com/ajax/libs/chartist/0.11.0/chartist.min.css","meta":{"rootId":"ifna9q5azusqy5p","id":"ifna9q5azusqy5p"},"id":"guth55reupipqga","previousOperationId":"pr04d7f7hpjuz06"}
{"type":"log","timestamp":1674753234851,"level":"debug","message":"Page request: GET (script) https://cdnjs.cloudflare.com/ajax/libs/chartist/0.11.0/chartist.min.js","meta":{"rootId":"ifna9q5azusqy5p","id":"ifna9q5azusqy5p"},"id":"xsirik9ecdli812","previousOperationId":"pr04d7f7hpjuz06"}
{"type":"log","timestamp":1674753234851,"level":"debug","message":"Page request: GET (script) https://unpkg.com/chartist-plugin-tooltips@0.0.17","meta":{"rootId":"ifna9q5azusqy5p","id":"ifna9q5azusqy5p"},"id":"erxpn6nngf7k5lo","previousOperationId":"pr04d7f7hpjuz06"}
{"type":"log","timestamp":1674753234852,"level":"debug","message":"Page request: GET (script) https://unpkg.com/chartist-plugin-pointlabels@0.0.6","meta":{"rootId":"ifna9q5azusqy5p","id":"ifna9q5azusqy5p"},"id":"6rknc4b1pijfzvj","previousOperationId":"pr04d7f7hpjuz06"}
{"type":"log","timestamp":1674753234856,"level":"warn","message":"Page request failed: GET (script) 302 https://unpkg.com/chartist-plugin-tooltips@0.0.17 (redirect to: /chartist-plugin-tooltips@0.0.17/dist/chartist-plugin-tooltip.js)","meta":{"rootId":"ifna9q5azusqy5p","id":"ifna9q5azusqy5p"},"id":"hu7cs91i16rngn7","previousOperationId":"pr04d7f7hpjuz06"}
{"type":"log","timestamp":1674753234857,"level":"debug","message":"Page request: GET (script) https://unpkg.com/chartist-plugin-tooltips@0.0.17/dist/chartist-plugin-tooltip.js (redirect from: https://unpkg.com/chartist-plugin-tooltips@0.0.17)","meta":{"rootId":"ifna9q5azusqy5p","id":"ifna9q5azusqy5p"},"id":"j7c4mhgerl1vdhy","previousOperationId":"pr04d7f7hpjuz06"}
{"type":"log","timestamp":1674753234857,"level":"warn","message":"Page request failed: GET (script) 302 https://unpkg.com/chartist-plugin-pointlabels@0.0.6 (redirect to: /chartist-plugin-pointlabels@0.0.6/dist/chartist-plugin-pointlabels.js)","meta":{"rootId":"ifna9q5azusqy5p","id":"ifna9q5azusqy5p"},"id":"6vizeoqz5wwbewg","previousOperationId":"pr04d7f7hpjuz06"}
{"type":"log","timestamp":1674753234857,"level":"debug","message":"Page request: GET (script) https://unpkg.com/chartist-plugin-pointlabels@0.0.6/dist/chartist-plugin-pointlabels.js (redirect from: https://unpkg.com/chartist-plugin-pointlabels@0.0.6)","meta":{"rootId":"ifna9q5azusqy5p","id":"ifna9q5azusqy5p"},"id":"hou84t9r8ffzfs6","previousOperationId":"pr04d7f7hpjuz06"}
{"type":"log","timestamp":1674753234858,"level":"debug","message":"Page request finished: GET (stylesheet) 200 https://cdnjs.cloudflare.com/ajax/libs/chartist/0.11.0/chartist.min.css","meta":{"rootId":"ifna9q5azusqy5p","id":"ifna9q5azusqy5p"},"id":"bdlyp7jtp427oo2","previousOperationId":"pr04d7f7hpjuz06"}
{"type":"log","timestamp":1674753234885,"level":"debug","message":"Page request finished: GET (stylesheet) 200 https://cdnjs.cloudflare.com/ajax/libs/metro/4.1.5/css/metro.min.css","meta":{"rootId":"ifna9q5azusqy5p","id":"ifna9q5azusqy5p"},"id":"cpy26iw8eyto8y2","previousOperationId":"pr04d7f7hpjuz06"}
{"type":"log","timestamp":1674753234885,"level":"debug","message":"Page request finished: GET (script) 200 https://cdnjs.cloudflare.com/ajax/libs/chartist/0.11.0/chartist.min.js","meta":{"rootId":"ifna9q5azusqy5p","id":"ifna9q5azusqy5p"},"id":"bzds2plpbtd5wso","previousOperationId":"pr04d7f7hpjuz06"}
{"type":"log","timestamp":1674753234891,"level":"debug","message":"Page request finished: GET (script) 200 https://unpkg.com/chartist-plugin-tooltips@0.0.17/dist/chartist-plugin-tooltip.js","meta":{"rootId":"ifna9q5azusqy5p","id":"ifna9q5azusqy5p"},"id":"11epw98jytz64al","previousOperationId":"pr04d7f7hpjuz06"}
{"type":"log","timestamp":1674753234891,"level":"debug","message":"Page request finished: GET (script) 200 https://unpkg.com/chartist-plugin-pointlabels@0.0.6/dist/chartist-plugin-pointlabels.js","meta":{"rootId":"ifna9q5azusqy5p","id":"ifna9q5azusqy5p"},"id":"m134yxm5r071huo","previousOperationId":"pr04d7f7hpjuz06"}
{"type":"log","timestamp":1674753234893,"level":"warn","message":"Page error: SyntaxError: Unexpected identifier","meta":{"rootId":"ifna9q5azusqy5p","id":"ifna9q5azusqy5p"},"id":"r3w7ts1c0rcer7o","previousOperationId":"pr04d7f7hpjuz06"}
{"type":"log","timestamp":1674753234941,"level":"debug","message":"Running chrome with params {\"printBackground\":true,\"timeout\":59263,\"margin\":{}}","meta":{"rootId":"ifna9q5azusqy5p","id":"ifna9q5azusqy5p"},"id":"lyyb5xm15v2cc2p","previousOperationId":"pr04d7f7hpjuz06"}
{"type":"operationEnd","operationId":"pr04d7f7hpjuz06","timestamp":1674753235067,"id":"spx2we36hefvv4m","previousEventId":"28lan1xkxet6ht7","previousOperationId":"pr04d7f7hpjuz06"}
{"type":"log","timestamp":1674753235067,"level":"debug","message":"Executing script testing (afterRender)","meta":{"rootId":"ifna9q5azusqy5p","id":"ifna9q5azusqy5p"},"id":"r9szinwahfgrw54","previousOperationId":"pr04d7f7hpjuz06"}
{"type":"operationStart","subtype":"scriptsAfterRender","name":"scripts afterRender","timestamp":1674753235080,"id":"bcc56heskvozq7k","previousEventId":"spx2we36hefvv4m","operationId":"ofbluryqqqx23c0","previousOperationId":"pr04d7f7hpjuz06"}
{"type":"operationStart","subtype":"script","name":"scripts testing","previousOperationId":"ofbluryqqqx23c0","timestamp":1674753235080,"id":"f761jgt5fgx0pnw","previousEventId":"bcc56heskvozq7k","operationId":"1xa7gm1n5hrokky"}
{"type":"operationEnd","operationId":"1xa7gm1n5hrokky","timestamp":1674753236211,"id":"3vir09rio0x035j","previousEventId":"spx2we36hefvv4m","previousOperationId":"pr04d7f7hpjuz06"}
{"type":"operationEnd","operationId":"ofbluryqqqx23c0","timestamp":1674753236211,"id":"kspw2017n341xb7","previousEventId":"3vir09rio0x035j","previousOperationId":"pr04d7f7hpjuz06"}
{"type":"log","timestamp":1674753236211,"level":"debug","message":"Skipping storing report.","meta":{"rootId":"ifna9q5azusqy5p","id":"ifna9q5azusqy5p"},"id":"ilqisi9w61tkynr","previousOperationId":"ofbluryqqqx23c0"}
{"type":"log","timestamp":1674753236211,"level":"info","message":"Rendering request 21 finished in 2239 ms","meta":{"rootId":"ifna9q5azusqy5p","id":"ifna9q5azusqy5p"},"id":"7sp31w9gs5fdmi8","previousOperationId":"ofbluryqqqx23c0"}
{"type":"operationEnd","subtype":"render","operationId":"3u72j462mlpa619","timestamp":1674753236211,"id":"1vq5a92zbbibr0g","previousEventId":"kspw2017n341xb7","previousOperationId":"ofbluryqqqx23c0"}
{"type":"operationEnd","doDiffs":false,"previousEventId":"19h57u59ixek856","previousOperationId":"kmsgpdp7all78x6","operationId":"kmsgpdp7all78x6","timestamp":1674753236215,"id":"078om4omt5h1q92"}
