{"type":"operationStart","subtype":"profile","data":{"_id":"pqePkUYrYMctx7kh","timestamp":"2023-01-26T16:03:23.755Z","state":"queued","mode":"standard","creationDate":"2023-01-26T16:03:23.758Z","modificationDate":"2023-01-26T16:03:23.758Z","shortid":"Dd91TPq","$entitySet":"profiles"},"doDiffs":false,"timestamp":1674749003756,"id":"9pfdhda9u06mnab","previousOperationId":null,"operationId":"tvupsuz9y0027dq"}
{"type":"log","level":"info","message":"Render request 51 queued for execution and waiting for available worker","previousOperationId":"tvupsuz9y0027dq","timestamp":1674749003757,"id":"pxz485n7ct712hf"}
{"type":"operationStart","subtype":"render","name":"Data","previousOperationId":"tvupsuz9y0027dq","timestamp":1674749003766,"id":"aqoz5ippm72bxem","previousEventId":"9pfdhda9u06mnab","operationId":"wuyhwjdks54vd4y"}
{"type":"log","timestamp":1674749003766,"level":"info","message":"Starting rendering request 51","meta":{"rootId":"ifw9rk4gc5ydx5i","id":"ifw9rk4gc5ydx5i"},"id":"0ohkzro2j377cy2","previousOperationId":"wuyhwjdks54vd4y"}
{"type":"log","timestamp":1674749003766,"level":"info","message":"Rendering template { name: Data, recipe: chrome-pdf, engine: handlebars, preview: true }","meta":{"rootId":"ifw9rk4gc5ydx5i","id":"ifw9rk4gc5ydx5i"},"id":"o27eah8u804pnsp","previousOperationId":"wuyhwjdks54vd4y"}
{"type":"log","timestamp":1674749003767,"level":"debug","message":"Data item not defined for this template.","meta":{"rootId":"ifw9rk4gc5ydx5i","id":"ifw9rk4gc5ydx5i"},"id":"93whijvdjp0g8pw","previousOperationId":"wuyhwjdks54vd4y"}
{"type":"log","timestamp":1674749003768,"level":"debug","message":"Executing script testing (beforeRender)","meta":{"rootId":"ifw9rk4gc5ydx5i","id":"ifw9rk4gc5ydx5i"},"id":"96izwpd58n6blvu","previousOperationId":"wuyhwjdks54vd4y"}
{"type":"operationStart","subtype":"scriptsBeforeRender","name":"scripts beforeRender","timestamp":1674749003816,"id":"7alzndjdtxiu8sf","previousEventId":"aqoz5ippm72bxem","operationId":"38uamm90frlx4lx","previousOperationId":"wuyhwjdks54vd4y"}
{"type":"operationStart","subtype":"script","name":"scripts testing","previousOperationId":"38uamm90frlx4lx","timestamp":1674749003816,"id":"vcc8g5ajdhmucwg","previousEventId":"7alzndjdtxiu8sf","operationId":"fmb5jrqzbgtqrk5"}
{"type":"log","timestamp":1674749004128,"level":"debug","message":"(console:log) { location_id: [ '58', '2', '59' ], repetition: [ '2', '3', '1' ] }","meta":{"userLevel":true,"rootId":"ifw9rk4gc5ydx5i","id":"ifw9rk4gc5ydx5i"},"id":"ikwyh3gdoi5ttc4","previousOperationId":"fmb5jrqzbgtqrk5"}
{"type":"operationEnd","operationId":"fmb5jrqzbgtqrk5","timestamp":1674749004537,"id":"dtrc2xytl63yw7j","previousEventId":"aqoz5ippm72bxem","previousOperationId":"wuyhwjdks54vd4y"}
{"type":"operationEnd","operationId":"38uamm90frlx4lx","timestamp":1674749004537,"id":"o411rxtndtcb9qh","previousEventId":"dtrc2xytl63yw7j","previousOperationId":"wuyhwjdks54vd4y"}
{"type":"log","timestamp":1674749004537,"level":"debug","message":"Base url not specified, skipping its injection.","meta":{"rootId":"ifw9rk4gc5ydx5i","id":"ifw9rk4gc5ydx5i"},"id":"vtlqwijp7oi15xj","previousOperationId":"38uamm90frlx4lx"}
{"type":"operationStart","subtype":"engine","name":"handlebars","timestamp":1674749004537,"id":"kkycvxixhpzit42","previousEventId":"o411rxtndtcb9qh","operationId":"l0t07y5ut2m5x22","previousOperationId":"38uamm90frlx4lx"}
{"type":"log","timestamp":1674749004537,"level":"debug","message":"Rendering engine handlebars","meta":{"rootId":"ifw9rk4gc5ydx5i","id":"ifw9rk4gc5ydx5i"},"id":"ysk7puht44tiutn","previousOperationId":"l0t07y5ut2m5x22"}
{"type":"operationEnd","operationId":"l0t07y5ut2m5x22","timestamp":1674749004551,"id":"2fjbmrrcsiddaoq","previousEventId":"kkycvxixhpzit42","previousOperationId":"l0t07y5ut2m5x22"}
{"type":"operationStart","subtype":"recipe","name":"chrome-pdf","timestamp":1674749004551,"id":"t9tg6lhxw4t8kmj","previousEventId":"2fjbmrrcsiddaoq","operationId":"5ybkhix35dxa48q","previousOperationId":"l0t07y5ut2m5x22"}
{"type":"log","timestamp":1674749004551,"level":"debug","message":"Executing recipe chrome-pdf","meta":{"rootId":"ifw9rk4gc5ydx5i","id":"ifw9rk4gc5ydx5i"},"id":"dpqe0x21gvne828","previousOperationId":"5ybkhix35dxa48q"}
{"type":"log","timestamp":1674749004553,"level":"debug","message":"Converting with chrome HeadlessChrome/105.0.5173.0 using chrome-pool strategy","meta":{"rootId":"ifw9rk4gc5ydx5i","id":"ifw9rk4gc5ydx5i"},"id":"c6pf7t9ub6je400","previousOperationId":"5ybkhix35dxa48q"}
{"type":"log","timestamp":1674749004644,"level":"debug","message":"Page request: GET (document) file:///C:/Users/Johan/AppData/Local/Temp/jsreport/autocleanup/5ae69cf8-ac8c-4163-8add-e22e80edd5ef-chrome-pdf.html","meta":{"rootId":"ifw9rk4gc5ydx5i","id":"ifw9rk4gc5ydx5i"},"id":"nol8ie8y3zsjssn","previousOperationId":"5ybkhix35dxa48q"}
{"type":"log","timestamp":1674749004667,"level":"debug","message":"Page request: GET (stylesheet) https://cdnjs.cloudflare.com/ajax/libs/metro/4.1.5/css/metro.min.css","meta":{"rootId":"ifw9rk4gc5ydx5i","id":"ifw9rk4gc5ydx5i"},"id":"rcp6x5zmprzss4i","previousOperationId":"5ybkhix35dxa48q"}
{"type":"log","timestamp":1674749004667,"level":"debug","message":"Page request: GET (stylesheet) https://cdnjs.cloudflare.com/ajax/libs/chartist/0.11.0/chartist.min.css","meta":{"rootId":"ifw9rk4gc5ydx5i","id":"ifw9rk4gc5ydx5i"},"id":"m4siezh0mnv7b5z","previousOperationId":"5ybkhix35dxa48q"}
{"type":"log","timestamp":1674749004667,"level":"debug","message":"Page request: GET (script) https://cdnjs.cloudflare.com/ajax/libs/chartist/0.11.0/chartist.min.js","meta":{"rootId":"ifw9rk4gc5ydx5i","id":"ifw9rk4gc5ydx5i"},"id":"ky5n1qe1mpxgfz1","previousOperationId":"5ybkhix35dxa48q"}
{"type":"log","timestamp":1674749004668,"level":"debug","message":"Page request: GET (script) https://unpkg.com/chartist-plugin-tooltips@0.0.17","meta":{"rootId":"ifw9rk4gc5ydx5i","id":"ifw9rk4gc5ydx5i"},"id":"s05xa1skda6nw3j","previousOperationId":"5ybkhix35dxa48q"}
{"type":"log","timestamp":1674749004668,"level":"debug","message":"Page request: GET (script) https://unpkg.com/chartist-plugin-pointlabels@0.0.6","meta":{"rootId":"ifw9rk4gc5ydx5i","id":"ifw9rk4gc5ydx5i"},"id":"590gel6gtyvp596","previousOperationId":"5ybkhix35dxa48q"}
{"type":"log","timestamp":1674749004668,"level":"debug","message":"Page request finished: GET (document) 200 file:///C:/Users/Johan/AppData/Local/Temp/jsreport/autocleanup/5ae69cf8-ac8c-4163-8add-e22e80edd5ef-chrome-pdf.html","meta":{"rootId":"ifw9rk4gc5ydx5i","id":"ifw9rk4gc5ydx5i"},"id":"cktg9frj7t4hrnu","previousOperationId":"5ybkhix35dxa48q"}
{"type":"log","timestamp":1674749004672,"level":"warn","message":"Page request failed: GET (script) 302 https://unpkg.com/chartist-plugin-tooltips@0.0.17 (redirect to: /chartist-plugin-tooltips@0.0.17/dist/chartist-plugin-tooltip.js)","meta":{"rootId":"ifw9rk4gc5ydx5i","id":"ifw9rk4gc5ydx5i"},"id":"3eiyqlvcwk0j0y8","previousOperationId":"5ybkhix35dxa48q"}
{"type":"log","timestamp":1674749004672,"level":"debug","message":"Page request: GET (script) https://unpkg.com/chartist-plugin-tooltips@0.0.17/dist/chartist-plugin-tooltip.js (redirect from: https://unpkg.com/chartist-plugin-tooltips@0.0.17)","meta":{"rootId":"ifw9rk4gc5ydx5i","id":"ifw9rk4gc5ydx5i"},"id":"7ry19w30l52ol66","previousOperationId":"5ybkhix35dxa48q"}
{"type":"log","timestamp":1674749004673,"level":"debug","message":"Page request finished: GET (stylesheet) 200 https://cdnjs.cloudflare.com/ajax/libs/chartist/0.11.0/chartist.min.css","meta":{"rootId":"ifw9rk4gc5ydx5i","id":"ifw9rk4gc5ydx5i"},"id":"25bxcvzrot6asqu","previousOperationId":"5ybkhix35dxa48q"}
{"type":"log","timestamp":1674749004673,"level":"warn","message":"Page request failed: GET (script) 302 https://unpkg.com/chartist-plugin-pointlabels@0.0.6 (redirect to: /chartist-plugin-pointlabels@0.0.6/dist/chartist-plugin-pointlabels.js)","meta":{"rootId":"ifw9rk4gc5ydx5i","id":"ifw9rk4gc5ydx5i"},"id":"biyml5ksygytrvh","previousOperationId":"5ybkhix35dxa48q"}
{"type":"log","timestamp":1674749004673,"level":"debug","message":"Page request: GET (script) https://unpkg.com/chartist-plugin-pointlabels@0.0.6/dist/chartist-plugin-pointlabels.js (redirect from: https://unpkg.com/chartist-plugin-pointlabels@0.0.6)","meta":{"rootId":"ifw9rk4gc5ydx5i","id":"ifw9rk4gc5ydx5i"},"id":"s9betvtaezcfeos","previousOperationId":"5ybkhix35dxa48q"}
{"type":"log","timestamp":1674749004675,"level":"debug","message":"Page request finished: GET (script) 200 https://cdnjs.cloudflare.com/ajax/libs/chartist/0.11.0/chartist.min.js","meta":{"rootId":"ifw9rk4gc5ydx5i","id":"ifw9rk4gc5ydx5i"},"id":"dr8hk7i865liyb7","previousOperationId":"5ybkhix35dxa48q"}
{"type":"log","timestamp":1674749004692,"level":"debug","message":"Page request finished: GET (stylesheet) 200 https://cdnjs.cloudflare.com/ajax/libs/metro/4.1.5/css/metro.min.css","meta":{"rootId":"ifw9rk4gc5ydx5i","id":"ifw9rk4gc5ydx5i"},"id":"rc9hc7um9q939x1","previousOperationId":"5ybkhix35dxa48q"}
{"type":"log","timestamp":1674749004703,"level":"debug","message":"Page request finished: GET (script) 200 https://unpkg.com/chartist-plugin-tooltips@0.0.17/dist/chartist-plugin-tooltip.js","meta":{"rootId":"ifw9rk4gc5ydx5i","id":"ifw9rk4gc5ydx5i"},"id":"5ylq44p5zdnapn3","previousOperationId":"5ybkhix35dxa48q"}
{"type":"log","timestamp":1674749004705,"level":"debug","message":"Page request finished: GET (script) 200 https://unpkg.com/chartist-plugin-pointlabels@0.0.6/dist/chartist-plugin-pointlabels.js","meta":{"rootId":"ifw9rk4gc5ydx5i","id":"ifw9rk4gc5ydx5i"},"id":"tqi6spbfpa0huki","previousOperationId":"5ybkhix35dxa48q"}
{"type":"log","timestamp":1674749004706,"level":"debug","message":"(console:log) Me he venido","meta":{"userLevel":true,"rootId":"ifw9rk4gc5ydx5i","id":"ifw9rk4gc5ydx5i"},"id":"yo4m9beqv2dxvos","previousOperationId":"5ybkhix35dxa48q"}
{"type":"log","timestamp":1674749004753,"level":"debug","message":"Running chrome with params {\"printBackground\":true,\"timeout\":59203,\"margin\":{}}","meta":{"rootId":"ifw9rk4gc5ydx5i","id":"ifw9rk4gc5ydx5i"},"id":"cg1p5x0fgna1zdy","previousOperationId":"5ybkhix35dxa48q"}
{"type":"operationEnd","operationId":"5ybkhix35dxa48q","timestamp":1674749004889,"id":"nh5reyk64ppihbi","previousEventId":"t9tg6lhxw4t8kmj","previousOperationId":"5ybkhix35dxa48q"}
{"type":"log","timestamp":1674749004889,"level":"debug","message":"Executing script testing (afterRender)","meta":{"rootId":"ifw9rk4gc5ydx5i","id":"ifw9rk4gc5ydx5i"},"id":"ujh0hihbgsv7vgp","previousOperationId":"5ybkhix35dxa48q"}
{"type":"operationStart","subtype":"scriptsAfterRender","name":"scripts afterRender","timestamp":1674749004896,"id":"kw2mx3logodrxo6","previousEventId":"nh5reyk64ppihbi","operationId":"vi0mqkrigt5glkp","previousOperationId":"5ybkhix35dxa48q"}
{"type":"operationStart","subtype":"script","name":"scripts testing","previousOperationId":"vi0mqkrigt5glkp","timestamp":1674749004896,"id":"gjnbsp2vf6575tp","previousEventId":"kw2mx3logodrxo6","operationId":"jn7cknbyuodar8g"}
{"type":"operationEnd","operationId":"jn7cknbyuodar8g","timestamp":1674749006299,"id":"zjxe23g8cq59h8s","previousEventId":"nh5reyk64ppihbi","previousOperationId":"5ybkhix35dxa48q"}
{"type":"operationEnd","operationId":"vi0mqkrigt5glkp","timestamp":1674749006299,"id":"8kyd1obhpe0hxbw","previousEventId":"zjxe23g8cq59h8s","previousOperationId":"5ybkhix35dxa48q"}
{"type":"log","timestamp":1674749006299,"level":"debug","message":"Skipping storing report.","meta":{"rootId":"ifw9rk4gc5ydx5i","id":"ifw9rk4gc5ydx5i"},"id":"2avj8ytb7zhkipn","previousOperationId":"vi0mqkrigt5glkp"}
{"type":"log","timestamp":1674749006299,"level":"info","message":"Rendering request 51 finished in 2544 ms","meta":{"rootId":"ifw9rk4gc5ydx5i","id":"ifw9rk4gc5ydx5i"},"id":"apk4v0vfcmwcj7x","previousOperationId":"vi0mqkrigt5glkp"}
{"type":"operationEnd","subtype":"render","operationId":"wuyhwjdks54vd4y","timestamp":1674749006299,"id":"m969qwyszilf2vu","previousEventId":"8kyd1obhpe0hxbw","previousOperationId":"vi0mqkrigt5glkp"}
{"type":"operationEnd","doDiffs":false,"previousEventId":"9pfdhda9u06mnab","previousOperationId":"tvupsuz9y0027dq","operationId":"tvupsuz9y0027dq","timestamp":1674749006302,"id":"iklaj31d6dn34p8"}
