{"type":"operationStart","subtype":"profile","data":{"_id":"bCgxYgPcF82lCT2B","timestamp":"2023-01-26T16:28:34.214Z","state":"queued","mode":"standard","creationDate":"2023-01-26T16:28:34.217Z","modificationDate":"2023-01-26T16:28:34.217Z","shortid":"NVQhHDE","$entitySet":"profiles"},"doDiffs":false,"timestamp":1674750514216,"id":"pfc1smqgsghczdy","previousOperationId":null,"operationId":"nxrdf6v8nqeqa72"}
{"type":"log","level":"info","message":"Render request 67 queued for execution and waiting for available worker","previousOperationId":"nxrdf6v8nqeqa72","timestamp":1674750514216,"id":"ane407frqx94b6j"}
{"type":"operationStart","subtype":"render","name":"Data","previousOperationId":"nxrdf6v8nqeqa72","timestamp":1674750514224,"id":"n1bt3rrf4kskz40","previousEventId":"pfc1smqgsghczdy","operationId":"4cbrpxqh7crm3ht"}
{"type":"log","timestamp":1674750514224,"level":"info","message":"Starting rendering request 67","meta":{"rootId":"ikmuthxwrrgoi20","id":"ikmuthxwrrgoi20"},"id":"b3ghcbpyhypmw08","previousOperationId":"4cbrpxqh7crm3ht"}
{"type":"log","timestamp":1674750514224,"level":"info","message":"Rendering template { name: Data, recipe: chrome-pdf, engine: handlebars, preview: true }","meta":{"rootId":"ikmuthxwrrgoi20","id":"ikmuthxwrrgoi20"},"id":"yuvl8gnbxo1axvz","previousOperationId":"4cbrpxqh7crm3ht"}
{"type":"log","timestamp":1674750514225,"level":"debug","message":"Data item not defined for this template.","meta":{"rootId":"ikmuthxwrrgoi20","id":"ikmuthxwrrgoi20"},"id":"6v3mc0zp716yuk5","previousOperationId":"4cbrpxqh7crm3ht"}
{"type":"log","timestamp":1674750514226,"level":"debug","message":"Executing script testing (beforeRender)","meta":{"rootId":"ikmuthxwrrgoi20","id":"ikmuthxwrrgoi20"},"id":"9m0myhgwe7lrlvw","previousOperationId":"4cbrpxqh7crm3ht"}
{"type":"operationStart","subtype":"scriptsBeforeRender","name":"scripts beforeRender","timestamp":1674750514267,"id":"glcr1d6tggb4iv0","previousEventId":"n1bt3rrf4kskz40","operationId":"u5b9mqbv9yu8pkh","previousOperationId":"4cbrpxqh7crm3ht"}
{"type":"operationStart","subtype":"script","name":"scripts testing","previousOperationId":"u5b9mqbv9yu8pkh","timestamp":1674750514267,"id":"sa6xqbsad2dsfbc","previousEventId":"glcr1d6tggb4iv0","operationId":"bobg0gjt7vvvow0"}
{"type":"log","timestamp":1674750514482,"level":"debug","message":"(console:log) {\n  name: [ 'Teror', 'Gáldar', 'Las Palmas de Gran Canaria' ],\n  repetition: [ '3', '1', '2' ]\n}","meta":{"userLevel":true,"rootId":"ikmuthxwrrgoi20","id":"ikmuthxwrrgoi20"},"id":"8szol4j3p3tzk7k","previousOperationId":"bobg0gjt7vvvow0"}
{"type":"operationEnd","operationId":"bobg0gjt7vvvow0","timestamp":1674750514886,"id":"e3v9knyuywwqyjp","previousEventId":"n1bt3rrf4kskz40","previousOperationId":"4cbrpxqh7crm3ht"}
{"type":"operationEnd","operationId":"u5b9mqbv9yu8pkh","timestamp":1674750514886,"id":"lfz0v8sjrszs467","previousEventId":"e3v9knyuywwqyjp","previousOperationId":"4cbrpxqh7crm3ht"}
{"type":"log","timestamp":1674750514886,"level":"debug","message":"Base url not specified, skipping its injection.","meta":{"rootId":"ikmuthxwrrgoi20","id":"ikmuthxwrrgoi20"},"id":"1omias8rn4cqfwn","previousOperationId":"u5b9mqbv9yu8pkh"}
{"type":"operationStart","subtype":"engine","name":"handlebars","timestamp":1674750514886,"id":"24i6rfycjai4wtd","previousEventId":"lfz0v8sjrszs467","operationId":"d1x2cvpfv6pwf4u","previousOperationId":"u5b9mqbv9yu8pkh"}
{"type":"log","timestamp":1674750514886,"level":"debug","message":"Rendering engine handlebars","meta":{"rootId":"ikmuthxwrrgoi20","id":"ikmuthxwrrgoi20"},"id":"m38117zs2yezkx3","previousOperationId":"d1x2cvpfv6pwf4u"}
{"type":"operationEnd","operationId":"d1x2cvpfv6pwf4u","timestamp":1674750514893,"id":"rutee8llzofg1ch","previousEventId":"24i6rfycjai4wtd","previousOperationId":"d1x2cvpfv6pwf4u"}
{"type":"operationStart","subtype":"recipe","name":"chrome-pdf","timestamp":1674750514893,"id":"f59nhnox3r4ptdo","previousEventId":"rutee8llzofg1ch","operationId":"ep1052h1kfbql8n","previousOperationId":"d1x2cvpfv6pwf4u"}
{"type":"log","timestamp":1674750514893,"level":"debug","message":"Executing recipe chrome-pdf","meta":{"rootId":"ikmuthxwrrgoi20","id":"ikmuthxwrrgoi20"},"id":"aa7eylk1wjghpck","previousOperationId":"ep1052h1kfbql8n"}
{"type":"log","timestamp":1674750514896,"level":"debug","message":"Converting with chrome HeadlessChrome/105.0.5173.0 using chrome-pool strategy","meta":{"rootId":"ikmuthxwrrgoi20","id":"ikmuthxwrrgoi20"},"id":"o1bifpo2yz24uvj","previousOperationId":"ep1052h1kfbql8n"}
{"type":"log","timestamp":1674750514976,"level":"debug","message":"Page request: GET (document) file:///C:/Users/Johan/AppData/Local/Temp/jsreport/autocleanup/b4d892d8-0180-4a9b-a1f3-8f6a7026561b-chrome-pdf.html","meta":{"rootId":"ikmuthxwrrgoi20","id":"ikmuthxwrrgoi20"},"id":"8yawu75ec6j1z3w","previousOperationId":"ep1052h1kfbql8n"}
{"type":"log","timestamp":1674750514997,"level":"debug","message":"Page request finished: GET (document) 200 file:///C:/Users/Johan/AppData/Local/Temp/jsreport/autocleanup/b4d892d8-0180-4a9b-a1f3-8f6a7026561b-chrome-pdf.html","meta":{"rootId":"ikmuthxwrrgoi20","id":"ikmuthxwrrgoi20"},"id":"fmyk5rgbee95dmc","previousOperationId":"ep1052h1kfbql8n"}
{"type":"log","timestamp":1674750514998,"level":"debug","message":"Page request: GET (stylesheet) https://cdnjs.cloudflare.com/ajax/libs/metro/4.1.5/css/metro.min.css","meta":{"rootId":"ikmuthxwrrgoi20","id":"ikmuthxwrrgoi20"},"id":"zqyeqghux3y9vwb","previousOperationId":"ep1052h1kfbql8n"}
{"type":"log","timestamp":1674750514998,"level":"debug","message":"Page request: GET (stylesheet) https://cdnjs.cloudflare.com/ajax/libs/chartist/0.11.0/chartist.min.css","meta":{"rootId":"ikmuthxwrrgoi20","id":"ikmuthxwrrgoi20"},"id":"qgs2x262aswow64","previousOperationId":"ep1052h1kfbql8n"}
{"type":"log","timestamp":1674750514998,"level":"debug","message":"Page request: GET (script) https://cdnjs.cloudflare.com/ajax/libs/chartist/0.11.0/chartist.min.js","meta":{"rootId":"ikmuthxwrrgoi20","id":"ikmuthxwrrgoi20"},"id":"ch0o2nuspdxhb0v","previousOperationId":"ep1052h1kfbql8n"}
{"type":"log","timestamp":1674750514998,"level":"debug","message":"Page request: GET (script) https://unpkg.com/chartist-plugin-tooltips@0.0.17","meta":{"rootId":"ikmuthxwrrgoi20","id":"ikmuthxwrrgoi20"},"id":"zxu4ow3unmodty5","previousOperationId":"ep1052h1kfbql8n"}
{"type":"log","timestamp":1674750514998,"level":"debug","message":"Page request: GET (script) https://unpkg.com/chartist-plugin-pointlabels@0.0.6","meta":{"rootId":"ikmuthxwrrgoi20","id":"ikmuthxwrrgoi20"},"id":"a4smjsucrdmrcz5","previousOperationId":"ep1052h1kfbql8n"}
{"type":"log","timestamp":1674750515004,"level":"debug","message":"Page request finished: GET (stylesheet) 200 https://cdnjs.cloudflare.com/ajax/libs/chartist/0.11.0/chartist.min.css","meta":{"rootId":"ikmuthxwrrgoi20","id":"ikmuthxwrrgoi20"},"id":"nv74zpl99jvnkuq","previousOperationId":"ep1052h1kfbql8n"}
{"type":"log","timestamp":1674750515005,"level":"warn","message":"Page request failed: GET (script) 302 https://unpkg.com/chartist-plugin-tooltips@0.0.17 (redirect to: /chartist-plugin-tooltips@0.0.17/dist/chartist-plugin-tooltip.js)","meta":{"rootId":"ikmuthxwrrgoi20","id":"ikmuthxwrrgoi20"},"id":"520e8jgo2wgfem6","previousOperationId":"ep1052h1kfbql8n"}
{"type":"log","timestamp":1674750515005,"level":"debug","message":"Page request: GET (script) https://unpkg.com/chartist-plugin-tooltips@0.0.17/dist/chartist-plugin-tooltip.js (redirect from: https://unpkg.com/chartist-plugin-tooltips@0.0.17)","meta":{"rootId":"ikmuthxwrrgoi20","id":"ikmuthxwrrgoi20"},"id":"985wi9g4ava8ist","previousOperationId":"ep1052h1kfbql8n"}
{"type":"log","timestamp":1674750515006,"level":"warn","message":"Page request failed: GET (script) 302 https://unpkg.com/chartist-plugin-pointlabels@0.0.6 (redirect to: /chartist-plugin-pointlabels@0.0.6/dist/chartist-plugin-pointlabels.js)","meta":{"rootId":"ikmuthxwrrgoi20","id":"ikmuthxwrrgoi20"},"id":"jswj1yx37d5fykp","previousOperationId":"ep1052h1kfbql8n"}
{"type":"log","timestamp":1674750515006,"level":"debug","message":"Page request: GET (script) https://unpkg.com/chartist-plugin-pointlabels@0.0.6/dist/chartist-plugin-pointlabels.js (redirect from: https://unpkg.com/chartist-plugin-pointlabels@0.0.6)","meta":{"rootId":"ikmuthxwrrgoi20","id":"ikmuthxwrrgoi20"},"id":"hrpfclzmymzusud","previousOperationId":"ep1052h1kfbql8n"}
{"type":"log","timestamp":1674750515022,"level":"debug","message":"Page request finished: GET (stylesheet) 200 https://cdnjs.cloudflare.com/ajax/libs/metro/4.1.5/css/metro.min.css","meta":{"rootId":"ikmuthxwrrgoi20","id":"ikmuthxwrrgoi20"},"id":"5bt397dxb6drky3","previousOperationId":"ep1052h1kfbql8n"}
{"type":"log","timestamp":1674750515022,"level":"debug","message":"Page request finished: GET (script) 200 https://cdnjs.cloudflare.com/ajax/libs/chartist/0.11.0/chartist.min.js","meta":{"rootId":"ikmuthxwrrgoi20","id":"ikmuthxwrrgoi20"},"id":"m0ua5sls3erqbuq","previousOperationId":"ep1052h1kfbql8n"}
{"type":"log","timestamp":1674750515023,"level":"debug","message":"Page request finished: GET (script) 200 https://unpkg.com/chartist-plugin-tooltips@0.0.17/dist/chartist-plugin-tooltip.js","meta":{"rootId":"ikmuthxwrrgoi20","id":"ikmuthxwrrgoi20"},"id":"a4hyjkp5orkebuq","previousOperationId":"ep1052h1kfbql8n"}
{"type":"log","timestamp":1674750515024,"level":"debug","message":"Page request finished: GET (script) 200 https://unpkg.com/chartist-plugin-pointlabels@0.0.6/dist/chartist-plugin-pointlabels.js","meta":{"rootId":"ikmuthxwrrgoi20","id":"ikmuthxwrrgoi20"},"id":"ii47fob2iry35x3","previousOperationId":"ep1052h1kfbql8n"}
{"type":"log","timestamp":1674750515025,"level":"warn","message":"Page error: SyntaxError: missing ) after argument list","meta":{"rootId":"ikmuthxwrrgoi20","id":"ikmuthxwrrgoi20"},"id":"0t08najgm9fpflr","previousOperationId":"ep1052h1kfbql8n"}
{"type":"log","timestamp":1674750515060,"level":"debug","message":"Running chrome with params {\"printBackground\":true,\"timeout\":59319,\"margin\":{}}","meta":{"rootId":"ikmuthxwrrgoi20","id":"ikmuthxwrrgoi20"},"id":"jpmavnr4qnh2toi","previousOperationId":"ep1052h1kfbql8n"}
{"type":"operationEnd","operationId":"ep1052h1kfbql8n","timestamp":1674750515156,"id":"2t2ezy54opy3j5f","previousEventId":"f59nhnox3r4ptdo","previousOperationId":"ep1052h1kfbql8n"}
{"type":"log","timestamp":1674750515157,"level":"debug","message":"Executing script testing (afterRender)","meta":{"rootId":"ikmuthxwrrgoi20","id":"ikmuthxwrrgoi20"},"id":"td3toxsajn5apm4","previousOperationId":"ep1052h1kfbql8n"}
{"type":"operationStart","subtype":"scriptsAfterRender","name":"scripts afterRender","timestamp":1674750515165,"id":"ov9u1gsvr54f5gv","previousEventId":"2t2ezy54opy3j5f","operationId":"lnjz956rpvkitaz","previousOperationId":"ep1052h1kfbql8n"}
{"type":"operationStart","subtype":"script","name":"scripts testing","previousOperationId":"lnjz956rpvkitaz","timestamp":1674750515165,"id":"nfo4ab1m8a1jo8v","previousEventId":"ov9u1gsvr54f5gv","operationId":"qh4shuy89wwtfow"}
{"type":"operationEnd","operationId":"qh4shuy89wwtfow","timestamp":1674750516118,"id":"vzsl50x93ntf4ni","previousEventId":"2t2ezy54opy3j5f","previousOperationId":"ep1052h1kfbql8n"}
{"type":"operationEnd","operationId":"lnjz956rpvkitaz","timestamp":1674750516118,"id":"vhy89t0e86cs7h8","previousEventId":"vzsl50x93ntf4ni","previousOperationId":"ep1052h1kfbql8n"}
{"type":"log","timestamp":1674750516118,"level":"debug","message":"Skipping storing report.","meta":{"rootId":"ikmuthxwrrgoi20","id":"ikmuthxwrrgoi20"},"id":"44nd54vd4oufbso","previousOperationId":"lnjz956rpvkitaz"}
{"type":"log","timestamp":1674750516118,"level":"info","message":"Rendering request 67 finished in 1904 ms","meta":{"rootId":"ikmuthxwrrgoi20","id":"ikmuthxwrrgoi20"},"id":"pj9ztqbsquqr31x","previousOperationId":"lnjz956rpvkitaz"}
{"type":"operationEnd","subtype":"render","operationId":"4cbrpxqh7crm3ht","timestamp":1674750516118,"id":"q5qwv1six0p714l","previousEventId":"vhy89t0e86cs7h8","previousOperationId":"lnjz956rpvkitaz"}
{"type":"operationEnd","doDiffs":false,"previousEventId":"pfc1smqgsghczdy","previousOperationId":"nxrdf6v8nqeqa72","operationId":"nxrdf6v8nqeqa72","timestamp":1674750516121,"id":"3txjaqefe8dwie1"}
