{"type":"operationStart","subtype":"profile","data":{"_id":"u4Ph9EaYzB0okCrD","timestamp":"2023-01-26T16:51:11.432Z","state":"queued","mode":"standard","creationDate":"2023-01-26T16:51:11.437Z","modificationDate":"2023-01-26T16:51:11.437Z","shortid":"RM3B1rV","$entitySet":"profiles"},"doDiffs":false,"timestamp":1674751871435,"id":"swkakwlay37kzam","previousOperationId":null,"operationId":"q3bk9bgq841mz68"}
{"type":"log","level":"info","message":"Render request 6 queued for execution and waiting for available worker","previousOperationId":"q3bk9bgq841mz68","timestamp":1674751871435,"id":"j6ifjwd2gngtn66"}
{"type":"operationStart","subtype":"render","name":"Data","previousOperationId":"q3bk9bgq841mz68","timestamp":1674751871458,"id":"82wp9y4htiv8gdh","previousEventId":"swkakwlay37kzam","operationId":"5rdddcjbwja1by0"}
{"type":"log","timestamp":1674751871458,"level":"info","message":"Starting rendering request 6","meta":{"rootId":"j70gs3cp5gsg19z","id":"j70gs3cp5gsg19z"},"id":"gx25lkgov9edql6","previousOperationId":"5rdddcjbwja1by0"}
{"type":"log","timestamp":1674751871459,"level":"info","message":"Rendering template { name: Data, recipe: chrome-pdf, engine: handlebars, preview: true }","meta":{"rootId":"j70gs3cp5gsg19z","id":"j70gs3cp5gsg19z"},"id":"e6imbdesqzkili3","previousOperationId":"5rdddcjbwja1by0"}
{"type":"log","timestamp":1674751871461,"level":"debug","message":"Data item not defined for this template.","meta":{"rootId":"j70gs3cp5gsg19z","id":"j70gs3cp5gsg19z"},"id":"492j8ih7eb7rpdx","previousOperationId":"5rdddcjbwja1by0"}
{"type":"log","timestamp":1674751871465,"level":"debug","message":"Executing script testing (beforeRender)","meta":{"rootId":"j70gs3cp5gsg19z","id":"j70gs3cp5gsg19z"},"id":"dc8uzvsml0wkfch","previousOperationId":"5rdddcjbwja1by0"}
{"type":"operationStart","subtype":"scriptsBeforeRender","name":"scripts beforeRender","timestamp":1674751871527,"id":"qine8v7rrru2u9p","previousEventId":"82wp9y4htiv8gdh","operationId":"yp4rhizu1qoatmd","previousOperationId":"5rdddcjbwja1by0"}
{"type":"operationStart","subtype":"script","name":"scripts testing","previousOperationId":"yp4rhizu1qoatmd","timestamp":1674751871527,"id":"ysc27g1g447im91","previousEventId":"qine8v7rrru2u9p","operationId":"c71gxlhxjkl8pg4"}
{"type":"log","timestamp":1674751871749,"level":"debug","message":"(console:log) {\n  locationName: [ 'Las Palmas de Gran Canaria', 'Galdar', 'Teror' ],\n  repetition: [ '2', '1', '3' ]\n}","meta":{"userLevel":true,"rootId":"j70gs3cp5gsg19z","id":"j70gs3cp5gsg19z"},"id":"dwrsaup3ed3hua5","previousOperationId":"c71gxlhxjkl8pg4"}
{"type":"log","timestamp":1674751871749,"level":"debug","message":"(console:log) [ 'Las Palmas de Gran Canaria', 'Galdar', 'Teror' ]","meta":{"userLevel":true,"rootId":"j70gs3cp5gsg19z","id":"j70gs3cp5gsg19z"},"id":"kd63n3tz145jago","previousOperationId":"c71gxlhxjkl8pg4"}
{"type":"log","timestamp":1674751871749,"level":"debug","message":"(console:log) [ '2', '1', '3' ]","meta":{"userLevel":true,"rootId":"j70gs3cp5gsg19z","id":"j70gs3cp5gsg19z"},"id":"3449c49ojtsrjsk","previousOperationId":"c71gxlhxjkl8pg4"}
{"type":"operationEnd","operationId":"c71gxlhxjkl8pg4","timestamp":1674751872148,"id":"n1t3vh7fsz7tb39","previousEventId":"82wp9y4htiv8gdh","previousOperationId":"5rdddcjbwja1by0"}
{"type":"operationEnd","operationId":"yp4rhizu1qoatmd","timestamp":1674751872148,"id":"o1dxd7q4nii6d3e","previousEventId":"n1t3vh7fsz7tb39","previousOperationId":"5rdddcjbwja1by0"}
{"type":"log","timestamp":1674751872148,"level":"debug","message":"Base url not specified, skipping its injection.","meta":{"rootId":"j70gs3cp5gsg19z","id":"j70gs3cp5gsg19z"},"id":"x1avieomyqlttph","previousOperationId":"yp4rhizu1qoatmd"}
{"type":"operationStart","subtype":"engine","name":"handlebars","timestamp":1674751872148,"id":"z1g60jaz75ixr2p","previousEventId":"o1dxd7q4nii6d3e","operationId":"bt9fvg6925r53p8","previousOperationId":"yp4rhizu1qoatmd"}
{"type":"log","timestamp":1674751872148,"level":"debug","message":"Rendering engine handlebars","meta":{"rootId":"j70gs3cp5gsg19z","id":"j70gs3cp5gsg19z"},"id":"r596ws970efk9q9","previousOperationId":"bt9fvg6925r53p8"}
{"type":"operationEnd","operationId":"bt9fvg6925r53p8","timestamp":1674751872163,"id":"3ybq2uwjc7axcq4","previousEventId":"z1g60jaz75ixr2p","previousOperationId":"bt9fvg6925r53p8"}
{"type":"operationStart","subtype":"recipe","name":"chrome-pdf","timestamp":1674751872164,"id":"dtfi9a0a8lunnrv","previousEventId":"3ybq2uwjc7axcq4","operationId":"vi6jjjvguct6gr8","previousOperationId":"bt9fvg6925r53p8"}
{"type":"log","timestamp":1674751872164,"level":"debug","message":"Executing recipe chrome-pdf","meta":{"rootId":"j70gs3cp5gsg19z","id":"j70gs3cp5gsg19z"},"id":"9g72f5rd5ezyzu4","previousOperationId":"vi6jjjvguct6gr8"}
{"type":"log","timestamp":1674751872168,"level":"debug","message":"Converting with chrome HeadlessChrome/105.0.5173.0 using chrome-pool strategy","meta":{"rootId":"j70gs3cp5gsg19z","id":"j70gs3cp5gsg19z"},"id":"a13f5qv2wl98oy0","previousOperationId":"vi6jjjvguct6gr8"}
{"type":"log","timestamp":1674751872258,"level":"debug","message":"Page request: GET (document) file:///C:/Users/Johan/AppData/Local/Temp/jsreport/autocleanup/108e5b27-7cef-4e69-921b-499fc0f88ba8-chrome-pdf.html","meta":{"rootId":"j70gs3cp5gsg19z","id":"j70gs3cp5gsg19z"},"id":"ueko7zhtd27dpdo","previousOperationId":"vi6jjjvguct6gr8"}
{"type":"log","timestamp":1674751872277,"level":"debug","message":"Page request: GET (stylesheet) https://cdnjs.cloudflare.com/ajax/libs/metro/4.1.5/css/metro.min.css","meta":{"rootId":"j70gs3cp5gsg19z","id":"j70gs3cp5gsg19z"},"id":"zb9emb00u0rwi0x","previousOperationId":"vi6jjjvguct6gr8"}
{"type":"log","timestamp":1674751872278,"level":"debug","message":"Page request: GET (stylesheet) https://cdnjs.cloudflare.com/ajax/libs/chartist/0.11.0/chartist.min.css","meta":{"rootId":"j70gs3cp5gsg19z","id":"j70gs3cp5gsg19z"},"id":"rz3n9jr9p0cgjhh","previousOperationId":"vi6jjjvguct6gr8"}
{"type":"log","timestamp":1674751872278,"level":"debug","message":"Page request: GET (script) https://cdnjs.cloudflare.com/ajax/libs/chartist/0.11.0/chartist.min.js","meta":{"rootId":"j70gs3cp5gsg19z","id":"j70gs3cp5gsg19z"},"id":"63o9vntdiq1qxn7","previousOperationId":"vi6jjjvguct6gr8"}
{"type":"log","timestamp":1674751872278,"level":"debug","message":"Page request finished: GET (document) 200 file:///C:/Users/Johan/AppData/Local/Temp/jsreport/autocleanup/108e5b27-7cef-4e69-921b-499fc0f88ba8-chrome-pdf.html","meta":{"rootId":"j70gs3cp5gsg19z","id":"j70gs3cp5gsg19z"},"id":"wqyrz1ql80m7ah0","previousOperationId":"vi6jjjvguct6gr8"}
{"type":"log","timestamp":1674751872278,"level":"debug","message":"Page request: GET (script) https://unpkg.com/chartist-plugin-tooltips@0.0.17","meta":{"rootId":"j70gs3cp5gsg19z","id":"j70gs3cp5gsg19z"},"id":"5m1igzdnk77g9t6","previousOperationId":"vi6jjjvguct6gr8"}
{"type":"log","timestamp":1674751872279,"level":"debug","message":"Page request: GET (script) https://unpkg.com/chartist-plugin-pointlabels@0.0.6","meta":{"rootId":"j70gs3cp5gsg19z","id":"j70gs3cp5gsg19z"},"id":"qmpliqackdcbfx7","previousOperationId":"vi6jjjvguct6gr8"}
{"type":"log","timestamp":1674751872283,"level":"debug","message":"Page request finished: GET (stylesheet) 200 https://cdnjs.cloudflare.com/ajax/libs/chartist/0.11.0/chartist.min.css","meta":{"rootId":"j70gs3cp5gsg19z","id":"j70gs3cp5gsg19z"},"id":"3e22em4cz8xrick","previousOperationId":"vi6jjjvguct6gr8"}
{"type":"log","timestamp":1674751872285,"level":"warn","message":"Page request failed: GET (script) 302 https://unpkg.com/chartist-plugin-tooltips@0.0.17 (redirect to: /chartist-plugin-tooltips@0.0.17/dist/chartist-plugin-tooltip.js)","meta":{"rootId":"j70gs3cp5gsg19z","id":"j70gs3cp5gsg19z"},"id":"deg0jcfflcwrsfd","previousOperationId":"vi6jjjvguct6gr8"}
{"type":"log","timestamp":1674751872286,"level":"warn","message":"Page request failed: GET (script) 302 https://unpkg.com/chartist-plugin-pointlabels@0.0.6 (redirect to: /chartist-plugin-pointlabels@0.0.6/dist/chartist-plugin-pointlabels.js)","meta":{"rootId":"j70gs3cp5gsg19z","id":"j70gs3cp5gsg19z"},"id":"w600g32i6nordn5","previousOperationId":"vi6jjjvguct6gr8"}
{"type":"log","timestamp":1674751872286,"level":"debug","message":"Page request finished: GET (script) 200 https://cdnjs.cloudflare.com/ajax/libs/chartist/0.11.0/chartist.min.js","meta":{"rootId":"j70gs3cp5gsg19z","id":"j70gs3cp5gsg19z"},"id":"kr6bok111wa6gsq","previousOperationId":"vi6jjjvguct6gr8"}
{"type":"log","timestamp":1674751872286,"level":"debug","message":"Page request: GET (script) https://unpkg.com/chartist-plugin-tooltips@0.0.17/dist/chartist-plugin-tooltip.js (redirect from: https://unpkg.com/chartist-plugin-tooltips@0.0.17)","meta":{"rootId":"j70gs3cp5gsg19z","id":"j70gs3cp5gsg19z"},"id":"lxd32c67qrd7s1h","previousOperationId":"vi6jjjvguct6gr8"}
{"type":"log","timestamp":1674751872286,"level":"debug","message":"Page request: GET (script) https://unpkg.com/chartist-plugin-pointlabels@0.0.6/dist/chartist-plugin-pointlabels.js (redirect from: https://unpkg.com/chartist-plugin-pointlabels@0.0.6)","meta":{"rootId":"j70gs3cp5gsg19z","id":"j70gs3cp5gsg19z"},"id":"iqzxy324ycs0oma","previousOperationId":"vi6jjjvguct6gr8"}
{"type":"log","timestamp":1674751872304,"level":"debug","message":"Page request finished: GET (stylesheet) 200 https://cdnjs.cloudflare.com/ajax/libs/metro/4.1.5/css/metro.min.css","meta":{"rootId":"j70gs3cp5gsg19z","id":"j70gs3cp5gsg19z"},"id":"mmgmy0bul3rwd7k","previousOperationId":"vi6jjjvguct6gr8"}
{"type":"log","timestamp":1674751872308,"level":"debug","message":"Page request finished: GET (script) 200 https://unpkg.com/chartist-plugin-tooltips@0.0.17/dist/chartist-plugin-tooltip.js","meta":{"rootId":"j70gs3cp5gsg19z","id":"j70gs3cp5gsg19z"},"id":"2nmlo6z5k8t8nnd","previousOperationId":"vi6jjjvguct6gr8"}
{"type":"log","timestamp":1674751872308,"level":"debug","message":"Page request finished: GET (script) 200 https://unpkg.com/chartist-plugin-pointlabels@0.0.6/dist/chartist-plugin-pointlabels.js","meta":{"rootId":"j70gs3cp5gsg19z","id":"j70gs3cp5gsg19z"},"id":"0r6tevqw5xgdkf0","previousOperationId":"vi6jjjvguct6gr8"}
{"type":"log","timestamp":1674751872310,"level":"debug","message":"(console:log) Me he venido","meta":{"userLevel":true,"rootId":"j70gs3cp5gsg19z","id":"j70gs3cp5gsg19z"},"id":"t66ip113st7g2bv","previousOperationId":"vi6jjjvguct6gr8"}
{"type":"log","timestamp":1674751872313,"level":"debug","message":"(console:log) JSHandle@array","meta":{"userLevel":true,"rootId":"j70gs3cp5gsg19z","id":"j70gs3cp5gsg19z"},"id":"6zsq3vxok7afojx","previousOperationId":"vi6jjjvguct6gr8"}
{"type":"log","timestamp":1674751872313,"level":"debug","message":"(console:log) JSHandle@array","meta":{"userLevel":true,"rootId":"j70gs3cp5gsg19z","id":"j70gs3cp5gsg19z"},"id":"rzp683dppbszs84","previousOperationId":"vi6jjjvguct6gr8"}
{"type":"log","timestamp":1674751872366,"level":"debug","message":"Running chrome with params {\"printBackground\":true,\"timeout\":59265,\"margin\":{}}","meta":{"rootId":"j70gs3cp5gsg19z","id":"j70gs3cp5gsg19z"},"id":"gjgjn9dfru8rnt1","previousOperationId":"vi6jjjvguct6gr8"}
{"type":"operationEnd","operationId":"vi6jjjvguct6gr8","timestamp":1674751872541,"id":"92oephdhrvxrybn","previousEventId":"dtfi9a0a8lunnrv","previousOperationId":"vi6jjjvguct6gr8"}
{"type":"log","timestamp":1674751872541,"level":"debug","message":"Executing script testing (afterRender)","meta":{"rootId":"j70gs3cp5gsg19z","id":"j70gs3cp5gsg19z"},"id":"72uwsdnr94m44ow","previousOperationId":"vi6jjjvguct6gr8"}
{"type":"operationStart","subtype":"scriptsAfterRender","name":"scripts afterRender","timestamp":1674751872548,"id":"361mr73dwxy0tht","previousEventId":"92oephdhrvxrybn","operationId":"dch6ok47igtxazi","previousOperationId":"vi6jjjvguct6gr8"}
{"type":"operationStart","subtype":"script","name":"scripts testing","previousOperationId":"dch6ok47igtxazi","timestamp":1674751872548,"id":"m29wgtg6oew6tx2","previousEventId":"361mr73dwxy0tht","operationId":"3d6dkm06ay8uu74"}
{"type":"operationEnd","operationId":"3d6dkm06ay8uu74","timestamp":1674751873579,"id":"g187lnii8koru7x","previousEventId":"92oephdhrvxrybn","previousOperationId":"vi6jjjvguct6gr8"}
{"type":"operationEnd","operationId":"dch6ok47igtxazi","timestamp":1674751873579,"id":"yklz4eqioy16wn0","previousEventId":"g187lnii8koru7x","previousOperationId":"vi6jjjvguct6gr8"}
{"type":"log","timestamp":1674751873579,"level":"debug","message":"Skipping storing report.","meta":{"rootId":"j70gs3cp5gsg19z","id":"j70gs3cp5gsg19z"},"id":"arcqy0cqenmfpby","previousOperationId":"dch6ok47igtxazi"}
{"type":"log","timestamp":1674751873579,"level":"info","message":"Rendering request 6 finished in 2147 ms","meta":{"rootId":"j70gs3cp5gsg19z","id":"j70gs3cp5gsg19z"},"id":"tzgcdj1trpcb7jl","previousOperationId":"dch6ok47igtxazi"}
{"type":"operationEnd","subtype":"render","operationId":"5rdddcjbwja1by0","timestamp":1674751873579,"id":"6u8ectfuxakngli","previousEventId":"yklz4eqioy16wn0","previousOperationId":"dch6ok47igtxazi"}
{"type":"operationEnd","doDiffs":false,"previousEventId":"swkakwlay37kzam","previousOperationId":"q3bk9bgq841mz68","operationId":"q3bk9bgq841mz68","timestamp":1674751873584,"id":"lhy91dxnwk2ooiv"}
