{"type":"operationStart","subtype":"profile","data":{"_id":"D61l2Cjj68rmaudX","timestamp":"2023-01-26T17:39:09.373Z","state":"queued","mode":"standard","creationDate":"2023-01-26T17:39:09.375Z","modificationDate":"2023-01-26T17:39:09.375Z","shortid":"Rnz80i_","$entitySet":"profiles"},"doDiffs":false,"timestamp":1674754749374,"id":"foq1qicausznaye","previousOperationId":null,"operationId":"8q82199brk350bn"}
{"type":"log","level":"info","message":"Render request 5 queued for execution and waiting for available worker","previousOperationId":"8q82199brk350bn","timestamp":1674754749375,"id":"90dlj1yx5jv0018"}
{"type":"operationStart","subtype":"render","name":"Data","previousOperationId":"8q82199brk350bn","timestamp":1674754749384,"id":"74j99ooe8q4k9oi","previousEventId":"foq1qicausznaye","operationId":"7qrfww089ovmtwe"}
{"type":"log","timestamp":1674754749384,"level":"info","message":"Starting rendering request 5","meta":{"rootId":"jf02lghwdqumj8j","id":"jf02lghwdqumj8j"},"id":"yoksnb9t5trf4nl","previousOperationId":"7qrfww089ovmtwe"}
{"type":"log","timestamp":1674754749384,"level":"info","message":"Rendering template { name: Data, recipe: chrome-pdf, engine: handlebars, preview: true }","meta":{"rootId":"jf02lghwdqumj8j","id":"jf02lghwdqumj8j"},"id":"w9e10980z6gsurz","previousOperationId":"7qrfww089ovmtwe"}
{"type":"log","timestamp":1674754749385,"level":"debug","message":"Data item not defined for this template.","meta":{"rootId":"jf02lghwdqumj8j","id":"jf02lghwdqumj8j"},"id":"5upqiagz3nal6yp","previousOperationId":"7qrfww089ovmtwe"}
{"type":"log","timestamp":1674754749388,"level":"debug","message":"Executing script testing (beforeRender)","meta":{"rootId":"jf02lghwdqumj8j","id":"jf02lghwdqumj8j"},"id":"ggqv8loxvgqcyhj","previousOperationId":"7qrfww089ovmtwe"}
{"type":"operationStart","subtype":"scriptsBeforeRender","name":"scripts beforeRender","timestamp":1674754749447,"id":"jvsiwc10wr1l6m5","previousEventId":"74j99ooe8q4k9oi","operationId":"7ptydt0xlrwyw8d","previousOperationId":"7qrfww089ovmtwe"}
{"type":"operationStart","subtype":"script","name":"scripts testing","previousOperationId":"7ptydt0xlrwyw8d","timestamp":1674754749447,"id":"a2wb5jc3v6b4h4r","previousEventId":"jvsiwc10wr1l6m5","operationId":"gy9jf042lnh6dom"}
{"type":"log","timestamp":1674754749676,"level":"debug","message":"(console:log) {\n  locationName: [ 'Las Palmas de Gran Canaria', 'Galdar', 'Teror' ],\n  repetition: [ '2', '1', '3' ]\n}","meta":{"userLevel":true,"rootId":"jf02lghwdqumj8j","id":"jf02lghwdqumj8j"},"id":"yf7eybp64hhbe16","previousOperationId":"gy9jf042lnh6dom"}
{"type":"log","timestamp":1674754749676,"level":"debug","message":"(console:log) [ 'Las Palmas de Gran Canaria', 'Galdar', 'Teror' ]","meta":{"userLevel":true,"rootId":"jf02lghwdqumj8j","id":"jf02lghwdqumj8j"},"id":"yfsvxuat40wnu3z","previousOperationId":"gy9jf042lnh6dom"}
{"type":"log","timestamp":1674754749676,"level":"debug","message":"(console:log) [ '2', '1', '3' ]","meta":{"userLevel":true,"rootId":"jf02lghwdqumj8j","id":"jf02lghwdqumj8j"},"id":"4ossu84va4jztxb","previousOperationId":"gy9jf042lnh6dom"}
{"type":"operationEnd","operationId":"gy9jf042lnh6dom","timestamp":1674754750101,"id":"lns7eu7b5sn3tw6","previousEventId":"74j99ooe8q4k9oi","previousOperationId":"7qrfww089ovmtwe"}
{"type":"operationEnd","operationId":"7ptydt0xlrwyw8d","timestamp":1674754750101,"id":"zjp0pg9lowx87en","previousEventId":"lns7eu7b5sn3tw6","previousOperationId":"7qrfww089ovmtwe"}
{"type":"log","timestamp":1674754750102,"level":"debug","message":"Base url not specified, skipping its injection.","meta":{"rootId":"jf02lghwdqumj8j","id":"jf02lghwdqumj8j"},"id":"gzllyxln3q7o7s6","previousOperationId":"7ptydt0xlrwyw8d"}
{"type":"operationStart","subtype":"engine","name":"handlebars","timestamp":1674754750102,"id":"boikb1snsn063p8","previousEventId":"zjp0pg9lowx87en","operationId":"1gr23bk78quf10m","previousOperationId":"7ptydt0xlrwyw8d"}
{"type":"log","timestamp":1674754750102,"level":"debug","message":"Rendering engine handlebars","meta":{"rootId":"jf02lghwdqumj8j","id":"jf02lghwdqumj8j"},"id":"208ai6v9romynng","previousOperationId":"1gr23bk78quf10m"}
{"type":"operationEnd","operationId":"1gr23bk78quf10m","timestamp":1674754750118,"id":"t8plniyjl2ut6w9","previousEventId":"boikb1snsn063p8","previousOperationId":"1gr23bk78quf10m"}
{"type":"operationStart","subtype":"recipe","name":"chrome-pdf","timestamp":1674754750119,"id":"z0ao0d0zjxc2p9j","previousEventId":"t8plniyjl2ut6w9","operationId":"gh4ue0ii5v0dxw9","previousOperationId":"1gr23bk78quf10m"}
{"type":"log","timestamp":1674754750119,"level":"debug","message":"Executing recipe chrome-pdf","meta":{"rootId":"jf02lghwdqumj8j","id":"jf02lghwdqumj8j"},"id":"fednvis9a9mbqfg","previousOperationId":"gh4ue0ii5v0dxw9"}
{"type":"log","timestamp":1674754750122,"level":"debug","message":"Converting with chrome HeadlessChrome/105.0.5173.0 using chrome-pool strategy","meta":{"rootId":"jf02lghwdqumj8j","id":"jf02lghwdqumj8j"},"id":"buyvjb7fybku38c","previousOperationId":"gh4ue0ii5v0dxw9"}
{"type":"log","timestamp":1674754750215,"level":"debug","message":"Page request: GET (document) file:///C:/Users/Johan/AppData/Local/Temp/jsreport/autocleanup/df209bee-e23c-4bda-893a-205cf764405d-chrome-pdf.html","meta":{"rootId":"jf02lghwdqumj8j","id":"jf02lghwdqumj8j"},"id":"hhswuo8msbd1ew4","previousOperationId":"gh4ue0ii5v0dxw9"}
{"type":"log","timestamp":1674754750235,"level":"debug","message":"Page request finished: GET (document) 200 file:///C:/Users/Johan/AppData/Local/Temp/jsreport/autocleanup/df209bee-e23c-4bda-893a-205cf764405d-chrome-pdf.html","meta":{"rootId":"jf02lghwdqumj8j","id":"jf02lghwdqumj8j"},"id":"bdk181d6jegedq0","previousOperationId":"gh4ue0ii5v0dxw9"}
{"type":"log","timestamp":1674754750235,"level":"debug","message":"Page request: GET (stylesheet) https://cdnjs.cloudflare.com/ajax/libs/metro/4.1.5/css/metro.min.css","meta":{"rootId":"jf02lghwdqumj8j","id":"jf02lghwdqumj8j"},"id":"el8f3z75mk2sxvw","previousOperationId":"gh4ue0ii5v0dxw9"}
{"type":"log","timestamp":1674754750236,"level":"debug","message":"Page request: GET (stylesheet) https://cdnjs.cloudflare.com/ajax/libs/chartist/0.11.0/chartist.min.css","meta":{"rootId":"jf02lghwdqumj8j","id":"jf02lghwdqumj8j"},"id":"1ktefgai044yu9i","previousOperationId":"gh4ue0ii5v0dxw9"}
{"type":"log","timestamp":1674754750236,"level":"debug","message":"Page request: GET (script) https://cdnjs.cloudflare.com/ajax/libs/chartist/0.11.0/chartist.min.js","meta":{"rootId":"jf02lghwdqumj8j","id":"jf02lghwdqumj8j"},"id":"ln71atmer6awysa","previousOperationId":"gh4ue0ii5v0dxw9"}
{"type":"log","timestamp":1674754750236,"level":"debug","message":"Page request: GET (script) https://unpkg.com/chartist-plugin-tooltips@0.0.17","meta":{"rootId":"jf02lghwdqumj8j","id":"jf02lghwdqumj8j"},"id":"k1rkz83614ipk2c","previousOperationId":"gh4ue0ii5v0dxw9"}
{"type":"log","timestamp":1674754750236,"level":"debug","message":"Page request: GET (script) https://unpkg.com/chartist-plugin-pointlabels@0.0.6","meta":{"rootId":"jf02lghwdqumj8j","id":"jf02lghwdqumj8j"},"id":"xofnt46lj7ukqxs","previousOperationId":"gh4ue0ii5v0dxw9"}
{"type":"log","timestamp":1674754750241,"level":"warn","message":"Page request failed: GET (script) 302 https://unpkg.com/chartist-plugin-tooltips@0.0.17 (redirect to: /chartist-plugin-tooltips@0.0.17/dist/chartist-plugin-tooltip.js)","meta":{"rootId":"jf02lghwdqumj8j","id":"jf02lghwdqumj8j"},"id":"wmjy0bzfu9osqe2","previousOperationId":"gh4ue0ii5v0dxw9"}
{"type":"log","timestamp":1674754750241,"level":"debug","message":"Page request: GET (script) https://unpkg.com/chartist-plugin-tooltips@0.0.17/dist/chartist-plugin-tooltip.js (redirect from: https://unpkg.com/chartist-plugin-tooltips@0.0.17)","meta":{"rootId":"jf02lghwdqumj8j","id":"jf02lghwdqumj8j"},"id":"nnq4vwkg8e3sae2","previousOperationId":"gh4ue0ii5v0dxw9"}
{"type":"log","timestamp":1674754750242,"level":"debug","message":"Page request finished: GET (stylesheet) 200 https://cdnjs.cloudflare.com/ajax/libs/chartist/0.11.0/chartist.min.css","meta":{"rootId":"jf02lghwdqumj8j","id":"jf02lghwdqumj8j"},"id":"ufg233erlin2pxm","previousOperationId":"gh4ue0ii5v0dxw9"}
{"type":"log","timestamp":1674754750242,"level":"warn","message":"Page request failed: GET (script) 302 https://unpkg.com/chartist-plugin-pointlabels@0.0.6 (redirect to: /chartist-plugin-pointlabels@0.0.6/dist/chartist-plugin-pointlabels.js)","meta":{"rootId":"jf02lghwdqumj8j","id":"jf02lghwdqumj8j"},"id":"fqtqz0l1nagkxu3","previousOperationId":"gh4ue0ii5v0dxw9"}
{"type":"log","timestamp":1674754750243,"level":"debug","message":"Page request: GET (script) https://unpkg.com/chartist-plugin-pointlabels@0.0.6/dist/chartist-plugin-pointlabels.js (redirect from: https://unpkg.com/chartist-plugin-pointlabels@0.0.6)","meta":{"rootId":"jf02lghwdqumj8j","id":"jf02lghwdqumj8j"},"id":"og9gd5csq6fk6t2","previousOperationId":"gh4ue0ii5v0dxw9"}
{"type":"log","timestamp":1674754750243,"level":"debug","message":"Page request finished: GET (script) 200 https://cdnjs.cloudflare.com/ajax/libs/chartist/0.11.0/chartist.min.js","meta":{"rootId":"jf02lghwdqumj8j","id":"jf02lghwdqumj8j"},"id":"tqvmbbh17vipgp3","previousOperationId":"gh4ue0ii5v0dxw9"}
{"type":"log","timestamp":1674754750258,"level":"debug","message":"Page request finished: GET (stylesheet) 200 https://cdnjs.cloudflare.com/ajax/libs/metro/4.1.5/css/metro.min.css","meta":{"rootId":"jf02lghwdqumj8j","id":"jf02lghwdqumj8j"},"id":"7jmsklfm3vvzr17","previousOperationId":"gh4ue0ii5v0dxw9"}
{"type":"log","timestamp":1674754750259,"level":"debug","message":"Page request finished: GET (script) 200 https://unpkg.com/chartist-plugin-tooltips@0.0.17/dist/chartist-plugin-tooltip.js","meta":{"rootId":"jf02lghwdqumj8j","id":"jf02lghwdqumj8j"},"id":"9hf7cnuqyxhzfvt","previousOperationId":"gh4ue0ii5v0dxw9"}
{"type":"log","timestamp":1674754750259,"level":"debug","message":"Page request finished: GET (script) 200 https://unpkg.com/chartist-plugin-pointlabels@0.0.6/dist/chartist-plugin-pointlabels.js","meta":{"rootId":"jf02lghwdqumj8j","id":"jf02lghwdqumj8j"},"id":"6wagcwdi459j6tp","previousOperationId":"gh4ue0ii5v0dxw9"}
{"type":"log","timestamp":1674754750261,"level":"warn","message":"Page error: SyntaxError: Unexpected identifier","meta":{"rootId":"jf02lghwdqumj8j","id":"jf02lghwdqumj8j"},"id":"somiwkhhboviiuc","previousOperationId":"gh4ue0ii5v0dxw9"}
{"type":"log","timestamp":1674754750313,"level":"debug","message":"Running chrome with params {\"printBackground\":true,\"timeout\":59253,\"margin\":{}}","meta":{"rootId":"jf02lghwdqumj8j","id":"jf02lghwdqumj8j"},"id":"y06dtihzp3jw5i0","previousOperationId":"gh4ue0ii5v0dxw9"}
{"type":"operationEnd","operationId":"gh4ue0ii5v0dxw9","timestamp":1674754750428,"id":"cckvk7kvusk8j7t","previousEventId":"z0ao0d0zjxc2p9j","previousOperationId":"gh4ue0ii5v0dxw9"}
{"type":"log","timestamp":1674754750429,"level":"debug","message":"Executing script testing (afterRender)","meta":{"rootId":"jf02lghwdqumj8j","id":"jf02lghwdqumj8j"},"id":"uqsl0njfn2sssvp","previousOperationId":"gh4ue0ii5v0dxw9"}
{"type":"operationStart","subtype":"scriptsAfterRender","name":"scripts afterRender","timestamp":1674754750437,"id":"ymgcb5ryup128ib","previousEventId":"cckvk7kvusk8j7t","operationId":"4k77x9axqo8rf2n","previousOperationId":"gh4ue0ii5v0dxw9"}
{"type":"operationStart","subtype":"script","name":"scripts testing","previousOperationId":"4k77x9axqo8rf2n","timestamp":1674754750437,"id":"gwvzxwhexx2f512","previousEventId":"ymgcb5ryup128ib","operationId":"6cl4zzk4jrzlnwg"}
{"type":"operationEnd","operationId":"6cl4zzk4jrzlnwg","timestamp":1674754751651,"id":"3xy5ei6aipd02xz","previousEventId":"cckvk7kvusk8j7t","previousOperationId":"gh4ue0ii5v0dxw9"}
{"type":"operationEnd","operationId":"4k77x9axqo8rf2n","timestamp":1674754751651,"id":"xcqsi0ttljmrwv7","previousEventId":"3xy5ei6aipd02xz","previousOperationId":"gh4ue0ii5v0dxw9"}
{"type":"log","timestamp":1674754751651,"level":"debug","message":"Skipping storing report.","meta":{"rootId":"jf02lghwdqumj8j","id":"jf02lghwdqumj8j"},"id":"lbaujb15grygge9","previousOperationId":"4k77x9axqo8rf2n"}
{"type":"log","timestamp":1674754751651,"level":"info","message":"Rendering request 5 finished in 2278 ms","meta":{"rootId":"jf02lghwdqumj8j","id":"jf02lghwdqumj8j"},"id":"f4khb6vqmiabyrr","previousOperationId":"4k77x9axqo8rf2n"}
{"type":"operationEnd","subtype":"render","operationId":"7qrfww089ovmtwe","timestamp":1674754751651,"id":"x3vlry7kx3ufbyg","previousEventId":"xcqsi0ttljmrwv7","previousOperationId":"4k77x9axqo8rf2n"}
{"type":"operationEnd","doDiffs":false,"previousEventId":"foq1qicausznaye","previousOperationId":"8q82199brk350bn","operationId":"8q82199brk350bn","timestamp":1674754751655,"id":"cvv799sp8ypir7c"}
