{"type":"operationStart","subtype":"profile","data":{"_id":"KN0j1TbdlEnv7XjH","timestamp":"2023-01-26T15:31:41.694Z","state":"queued","mode":"standard","creationDate":"2023-01-26T15:31:41.696Z","modificationDate":"2023-01-26T15:31:41.696Z","shortid":"PGWCqLT","$entitySet":"profiles"},"doDiffs":false,"timestamp":1674747101695,"id":"plcol3ee5tbvtgv","previousOperationId":null,"operationId":"9mkxye3ha12btvh"}
{"type":"log","level":"info","message":"Render request 20 queued for execution and waiting for available worker","previousOperationId":"9mkxye3ha12btvh","timestamp":1674747101695,"id":"zynr2krrivkpkpk"}
{"type":"operationStart","subtype":"render","name":"Data","previousOperationId":"9mkxye3ha12btvh","timestamp":1674747101707,"id":"ahjjr2bikiw1uh0","previousEventId":"plcol3ee5tbvtgv","operationId":"5kk4dre34fn4v2u"}
{"type":"log","timestamp":1674747101707,"level":"info","message":"Starting rendering request 20","meta":{"rootId":"jfdns24go5x9mk1","id":"jfdns24go5x9mk1"},"id":"9n66gzt2spek32y","previousOperationId":"5kk4dre34fn4v2u"}
{"type":"log","timestamp":1674747101707,"level":"info","message":"Rendering template { name: Data, recipe: chrome-pdf, engine: handlebars, preview: true }","meta":{"rootId":"jfdns24go5x9mk1","id":"jfdns24go5x9mk1"},"id":"ivbct3r13tfv778","previousOperationId":"5kk4dre34fn4v2u"}
{"type":"log","timestamp":1674747101707,"level":"debug","message":"Data item not defined for this template.","meta":{"rootId":"jfdns24go5x9mk1","id":"jfdns24go5x9mk1"},"id":"96djwim91udhnb1","previousOperationId":"5kk4dre34fn4v2u"}
{"type":"log","timestamp":1674747101711,"level":"debug","message":"Executing script testing (beforeRender)","meta":{"rootId":"jfdns24go5x9mk1","id":"jfdns24go5x9mk1"},"id":"ozbs7k3cuhkbdyd","previousOperationId":"5kk4dre34fn4v2u"}
{"type":"operationStart","subtype":"scriptsBeforeRender","name":"scripts beforeRender","timestamp":1674747101762,"id":"7vuethqpdfhhtfb","previousEventId":"ahjjr2bikiw1uh0","operationId":"z34l7snxa7sf6i6","previousOperationId":"5kk4dre34fn4v2u"}
{"type":"operationStart","subtype":"script","name":"scripts testing","previousOperationId":"z34l7snxa7sf6i6","timestamp":1674747101762,"id":"gqhzknsayj1c83j","previousEventId":"7vuethqpdfhhtfb","operationId":"a30a9fkmtkppfaf"}
{"type":"log","timestamp":1674747101995,"level":"debug","message":"(console:log) { location_id: [ '58', '2', '59' ], repetition: [ '2', '3', '1' ] }","meta":{"userLevel":true,"rootId":"jfdns24go5x9mk1","id":"jfdns24go5x9mk1"},"id":"oqjtnjw35k0bbr4","previousOperationId":"a30a9fkmtkppfaf"}
{"type":"operationEnd","operationId":"a30a9fkmtkppfaf","timestamp":1674747102362,"id":"yz0g7bfe6brun2u","previousEventId":"ahjjr2bikiw1uh0","previousOperationId":"5kk4dre34fn4v2u"}
{"type":"operationEnd","operationId":"z34l7snxa7sf6i6","timestamp":1674747102362,"id":"xq7vnci1o0qgc2c","previousEventId":"yz0g7bfe6brun2u","previousOperationId":"5kk4dre34fn4v2u"}
{"type":"log","timestamp":1674747102362,"level":"debug","message":"Base url not specified, skipping its injection.","meta":{"rootId":"jfdns24go5x9mk1","id":"jfdns24go5x9mk1"},"id":"jycsowo3hw0wmi8","previousOperationId":"z34l7snxa7sf6i6"}
{"type":"operationStart","subtype":"engine","name":"handlebars","timestamp":1674747102362,"id":"kvwtqiw2noiula6","previousEventId":"xq7vnci1o0qgc2c","operationId":"vagnszff40a4ms2","previousOperationId":"z34l7snxa7sf6i6"}
{"type":"log","timestamp":1674747102362,"level":"debug","message":"Rendering engine handlebars","meta":{"rootId":"jfdns24go5x9mk1","id":"jfdns24go5x9mk1"},"id":"ofzu5j020pdwh4f","previousOperationId":"vagnszff40a4ms2"}
{"type":"operationEnd","operationId":"vagnszff40a4ms2","timestamp":1674747102376,"id":"xhyajh096o0knza","previousEventId":"kvwtqiw2noiula6","previousOperationId":"vagnszff40a4ms2"}
{"type":"operationStart","subtype":"recipe","name":"chrome-pdf","timestamp":1674747102377,"id":"nnnc1i49d9ij6ib","previousEventId":"xhyajh096o0knza","operationId":"c651c440nqui0av","previousOperationId":"vagnszff40a4ms2"}
{"type":"log","timestamp":1674747102377,"level":"debug","message":"Executing recipe chrome-pdf","meta":{"rootId":"jfdns24go5x9mk1","id":"jfdns24go5x9mk1"},"id":"0dcqj3wzc2bzceo","previousOperationId":"c651c440nqui0av"}
{"type":"log","timestamp":1674747102380,"level":"debug","message":"Converting with chrome HeadlessChrome/105.0.5173.0 using chrome-pool strategy","meta":{"rootId":"jfdns24go5x9mk1","id":"jfdns24go5x9mk1"},"id":"76vw2gwi13acuuj","previousOperationId":"c651c440nqui0av"}
{"type":"log","timestamp":1674747102456,"level":"debug","message":"Page request: GET (document) file:///C:/Users/Johan/AppData/Local/Temp/jsreport/autocleanup/07201c79-87f7-4b67-ad7a-a84ab5358750-chrome-pdf.html","meta":{"rootId":"jfdns24go5x9mk1","id":"jfdns24go5x9mk1"},"id":"10n61ibh1r1oguq","previousOperationId":"c651c440nqui0av"}
{"type":"log","timestamp":1674747102476,"level":"debug","message":"Page request: GET (stylesheet) https://cdnjs.cloudflare.com/ajax/libs/metro/4.1.5/css/metro.min.css","meta":{"rootId":"jfdns24go5x9mk1","id":"jfdns24go5x9mk1"},"id":"wbd2zd80g59vy3c","previousOperationId":"c651c440nqui0av"}
{"type":"log","timestamp":1674747102478,"level":"debug","message":"Page request finished: GET (document) 200 file:///C:/Users/Johan/AppData/Local/Temp/jsreport/autocleanup/07201c79-87f7-4b67-ad7a-a84ab5358750-chrome-pdf.html","meta":{"rootId":"jfdns24go5x9mk1","id":"jfdns24go5x9mk1"},"id":"175tybzu0x19kob","previousOperationId":"c651c440nqui0av"}
{"type":"log","timestamp":1674747102478,"level":"debug","message":"Page request: GET (script) https://cdnjs.cloudflare.com/ajax/libs/Chart.js/2.7.2/Chart.min.js","meta":{"rootId":"jfdns24go5x9mk1","id":"jfdns24go5x9mk1"},"id":"x1o6lpe11xerxls","previousOperationId":"c651c440nqui0av"}
{"type":"log","timestamp":1674747102478,"level":"debug","message":"Page request: GET (stylesheet) https://cdnjs.cloudflare.com/ajax/libs/chartist/0.11.0/chartist.min.css","meta":{"rootId":"jfdns24go5x9mk1","id":"jfdns24go5x9mk1"},"id":"ajb2xc75pgwq429","previousOperationId":"c651c440nqui0av"}
{"type":"log","timestamp":1674747102479,"level":"debug","message":"Page request: GET (script) https://cdn.jsdelivr.net/npm/chart.js@2.9.3/dist/Chart.min.js","meta":{"rootId":"jfdns24go5x9mk1","id":"jfdns24go5x9mk1"},"id":"xt3a9v50f1cyup6","previousOperationId":"c651c440nqui0av"}
{"type":"log","timestamp":1674747102484,"level":"debug","message":"Page request finished: GET (stylesheet) 200 https://cdnjs.cloudflare.com/ajax/libs/chartist/0.11.0/chartist.min.css","meta":{"rootId":"jfdns24go5x9mk1","id":"jfdns24go5x9mk1"},"id":"nctsw4wxfqn7mkc","previousOperationId":"c651c440nqui0av"}
{"type":"log","timestamp":1674747102485,"level":"debug","message":"Page request finished: GET (script) 200 https://cdn.jsdelivr.net/npm/chart.js@2.9.3/dist/Chart.min.js","meta":{"rootId":"jfdns24go5x9mk1","id":"jfdns24go5x9mk1"},"id":"wp6s8wbso5zlgxn","previousOperationId":"c651c440nqui0av"}
{"type":"log","timestamp":1674747102485,"level":"debug","message":"Page request finished: GET (script) 200 https://cdnjs.cloudflare.com/ajax/libs/Chart.js/2.7.2/Chart.min.js","meta":{"rootId":"jfdns24go5x9mk1","id":"jfdns24go5x9mk1"},"id":"6fmg17nfu9roczd","previousOperationId":"c651c440nqui0av"}
{"type":"log","timestamp":1674747102502,"level":"debug","message":"Page request finished: GET (stylesheet) 200 https://cdnjs.cloudflare.com/ajax/libs/metro/4.1.5/css/metro.min.css","meta":{"rootId":"jfdns24go5x9mk1","id":"jfdns24go5x9mk1"},"id":"gsghcp8czio37ys","previousOperationId":"c651c440nqui0av"}
{"type":"log","timestamp":1674747102513,"level":"warn","message":"Page error: SyntaxError: Unexpected number","meta":{"rootId":"jfdns24go5x9mk1","id":"jfdns24go5x9mk1"},"id":"lqnirtk2n4y6dot","previousOperationId":"c651c440nqui0av"}
{"type":"log","timestamp":1674747102550,"level":"debug","message":"Running chrome with params {\"printBackground\":true,\"timeout\":59314,\"margin\":{}}","meta":{"rootId":"jfdns24go5x9mk1","id":"jfdns24go5x9mk1"},"id":"izmoimau063xjdt","previousOperationId":"c651c440nqui0av"}
{"type":"operationEnd","operationId":"c651c440nqui0av","timestamp":1674747102678,"id":"o0265zgklv16i5d","previousEventId":"nnnc1i49d9ij6ib","previousOperationId":"c651c440nqui0av"}
{"type":"log","timestamp":1674747102678,"level":"debug","message":"Executing script testing (afterRender)","meta":{"rootId":"jfdns24go5x9mk1","id":"jfdns24go5x9mk1"},"id":"ykndtlnsuhrxhni","previousOperationId":"c651c440nqui0av"}
{"type":"operationStart","subtype":"scriptsAfterRender","name":"scripts afterRender","timestamp":1674747102688,"id":"o0has7nh4vgv4j1","previousEventId":"o0265zgklv16i5d","operationId":"vktkzdqkvbkf29d","previousOperationId":"c651c440nqui0av"}
{"type":"operationStart","subtype":"script","name":"scripts testing","previousOperationId":"vktkzdqkvbkf29d","timestamp":1674747102688,"id":"4mn8rq6zm0t70g6","previousEventId":"o0has7nh4vgv4j1","operationId":"ffo1rselq8ja8c1"}
{"type":"operationEnd","operationId":"ffo1rselq8ja8c1","timestamp":1674747103710,"id":"0ueya86gtksbcg6","previousEventId":"o0265zgklv16i5d","previousOperationId":"c651c440nqui0av"}
{"type":"operationEnd","operationId":"vktkzdqkvbkf29d","timestamp":1674747103711,"id":"4gbucjuf2wqrd4k","previousEventId":"0ueya86gtksbcg6","previousOperationId":"c651c440nqui0av"}
{"type":"log","timestamp":1674747103711,"level":"debug","message":"Skipping storing report.","meta":{"rootId":"jfdns24go5x9mk1","id":"jfdns24go5x9mk1"},"id":"01mcci35sywmvz2","previousOperationId":"vktkzdqkvbkf29d"}
{"type":"log","timestamp":1674747103711,"level":"info","message":"Rendering request 20 finished in 2018 ms","meta":{"rootId":"jfdns24go5x9mk1","id":"jfdns24go5x9mk1"},"id":"1q8awkdoz3rom71","previousOperationId":"vktkzdqkvbkf29d"}
{"type":"operationEnd","subtype":"render","operationId":"5kk4dre34fn4v2u","timestamp":1674747103711,"id":"m9r3wo9sj4ut113","previousEventId":"4gbucjuf2wqrd4k","previousOperationId":"vktkzdqkvbkf29d"}
{"type":"operationEnd","doDiffs":false,"previousEventId":"plcol3ee5tbvtgv","previousOperationId":"9mkxye3ha12btvh","operationId":"9mkxye3ha12btvh","timestamp":1674747103715,"id":"4lv9dobccovzqjq"}
