{"type":"operationStart","subtype":"profile","data":{"_id":"p7Eo2AwZqMzt756X","timestamp":"2023-01-26T12:37:16.720Z","state":"queued","mode":"standard","creationDate":"2023-01-26T12:37:16.723Z","modificationDate":"2023-01-26T12:37:16.723Z","shortid":"W_ADVyz","$entitySet":"profiles"},"doDiffs":false,"timestamp":1674736636721,"id":"j8a8a1jy4cjnel7","previousOperationId":null,"operationId":"on1r49fvlgu6554"}
{"type":"log","level":"info","message":"Render request 32 queued for execution and waiting for available worker","previousOperationId":"on1r49fvlgu6554","timestamp":1674736636722,"id":"lw3fhdckmdbdmi1"}
{"type":"operationStart","subtype":"render","name":"Data","previousOperationId":"on1r49fvlgu6554","timestamp":1674736636736,"id":"r6pyz3pruf3ehff","previousEventId":"j8a8a1jy4cjnel7","operationId":"dlxebbtjgp07d8i"}
{"type":"log","timestamp":1674736636736,"level":"info","message":"Starting rendering request 32","meta":{"rootId":"jkwwxh67yt7be8w","id":"jkwwxh67yt7be8w"},"id":"mbjw2clniukzbds","previousOperationId":"dlxebbtjgp07d8i"}
{"type":"log","timestamp":1674736636737,"level":"info","message":"Rendering template { name: Data, recipe: chrome-pdf, engine: handlebars, preview: true }","meta":{"rootId":"jkwwxh67yt7be8w","id":"jkwwxh67yt7be8w"},"id":"wcq0dkbkdmb8amm","previousOperationId":"dlxebbtjgp07d8i"}
{"type":"log","timestamp":1674736636737,"level":"debug","message":"Data item not defined for this template.","meta":{"rootId":"jkwwxh67yt7be8w","id":"jkwwxh67yt7be8w"},"id":"8n33ern5sw6v1hf","previousOperationId":"dlxebbtjgp07d8i"}
{"type":"log","timestamp":1674736636752,"level":"debug","message":"Executing script testing (beforeRender)","meta":{"rootId":"jkwwxh67yt7be8w","id":"jkwwxh67yt7be8w"},"id":"25npgvq803fgb4u","previousOperationId":"dlxebbtjgp07d8i"}
{"type":"operationStart","subtype":"scriptsBeforeRender","name":"scripts beforeRender","timestamp":1674736636821,"id":"lu2ylmwisxvzvpp","previousEventId":"r6pyz3pruf3ehff","operationId":"k9arkpbmp9tjyih","previousOperationId":"dlxebbtjgp07d8i"}
{"type":"operationStart","subtype":"script","name":"scripts testing","previousOperationId":"k9arkpbmp9tjyih","timestamp":1674736636821,"id":"f5jm7inowpq0fgp","previousEventId":"lu2ylmwisxvzvpp","operationId":"eoqo7eseea666kz"}
{"type":"operationEnd","operationId":"eoqo7eseea666kz","timestamp":1674736637562,"id":"d8zn8jepwg6p0ru","previousEventId":"r6pyz3pruf3ehff","previousOperationId":"dlxebbtjgp07d8i"}
{"type":"operationEnd","operationId":"k9arkpbmp9tjyih","timestamp":1674736637562,"id":"ch5o1dov4taz15o","previousEventId":"d8zn8jepwg6p0ru","previousOperationId":"dlxebbtjgp07d8i"}
{"type":"log","timestamp":1674736637562,"level":"debug","message":"Base url not specified, skipping its injection.","meta":{"rootId":"jkwwxh67yt7be8w","id":"jkwwxh67yt7be8w"},"id":"9e3jam4wok1668d","previousOperationId":"k9arkpbmp9tjyih"}
{"type":"operationStart","subtype":"engine","name":"handlebars","timestamp":1674736637563,"id":"afr7k8j8enwji5e","previousEventId":"ch5o1dov4taz15o","operationId":"3dme76kayt4xsui","previousOperationId":"k9arkpbmp9tjyih"}
{"type":"log","timestamp":1674736637563,"level":"debug","message":"Rendering engine handlebars","meta":{"rootId":"jkwwxh67yt7be8w","id":"jkwwxh67yt7be8w"},"id":"xunj0w6fph2jtsl","previousOperationId":"3dme76kayt4xsui"}
{"type":"operationEnd","operationId":"3dme76kayt4xsui","timestamp":1674736637593,"id":"frj6xqd8tbvux4q","previousEventId":"afr7k8j8enwji5e","previousOperationId":"3dme76kayt4xsui"}
{"type":"operationStart","subtype":"recipe","name":"chrome-pdf","timestamp":1674736637595,"id":"69pj4m9iv6ngov4","previousEventId":"frj6xqd8tbvux4q","operationId":"v0fgpmdf8wnr69c","previousOperationId":"3dme76kayt4xsui"}
{"type":"log","timestamp":1674736637595,"level":"debug","message":"Executing recipe chrome-pdf","meta":{"rootId":"jkwwxh67yt7be8w","id":"jkwwxh67yt7be8w"},"id":"jvktqyi4hzlb0uk","previousOperationId":"v0fgpmdf8wnr69c"}
{"type":"log","timestamp":1674736637602,"level":"debug","message":"Converting with chrome HeadlessChrome/105.0.5173.0 using chrome-pool strategy","meta":{"rootId":"jkwwxh67yt7be8w","id":"jkwwxh67yt7be8w"},"id":"th4eeze8ain7h27","previousOperationId":"v0fgpmdf8wnr69c"}
{"type":"log","timestamp":1674736637730,"level":"debug","message":"Page request: GET (document) file:///C:/Users/Johan/AppData/Local/Temp/jsreport/autocleanup/2721fc78-0c57-45d9-b581-f2d15520ffe0-chrome-pdf.html","meta":{"rootId":"jkwwxh67yt7be8w","id":"jkwwxh67yt7be8w"},"id":"iv6gqdv72bk02l2","previousOperationId":"v0fgpmdf8wnr69c"}
{"type":"log","timestamp":1674736637764,"level":"debug","message":"Page request finished: GET (document) 200 file:///C:/Users/Johan/AppData/Local/Temp/jsreport/autocleanup/2721fc78-0c57-45d9-b581-f2d15520ffe0-chrome-pdf.html","meta":{"rootId":"jkwwxh67yt7be8w","id":"jkwwxh67yt7be8w"},"id":"eoq55x37bkfh1ay","previousOperationId":"v0fgpmdf8wnr69c"}
{"type":"log","timestamp":1674736637764,"level":"debug","message":"Page request: GET (stylesheet) https://cdnjs.cloudflare.com/ajax/libs/metro/4.1.5/css/metro.min.css","meta":{"rootId":"jkwwxh67yt7be8w","id":"jkwwxh67yt7be8w"},"id":"93v57ex9aalfaac","previousOperationId":"v0fgpmdf8wnr69c"}
{"type":"log","timestamp":1674736637764,"level":"debug","message":"Page request: GET (script) https://cdnjs.cloudflare.com/ajax/libs/Chart.js/2.7.2/Chart.min.js","meta":{"rootId":"jkwwxh67yt7be8w","id":"jkwwxh67yt7be8w"},"id":"0my318z4q7vubql","previousOperationId":"v0fgpmdf8wnr69c"}
{"type":"log","timestamp":1674736637764,"level":"debug","message":"Page request: GET (stylesheet) https://cdnjs.cloudflare.com/ajax/libs/chartist/0.11.0/chartist.min.css","meta":{"rootId":"jkwwxh67yt7be8w","id":"jkwwxh67yt7be8w"},"id":"zbt5ytiz5c4280w","previousOperationId":"v0fgpmdf8wnr69c"}
{"type":"log","timestamp":1674736637765,"level":"debug","message":"Page request: GET (script) https://cdnjs.cloudflare.com/ajax/libs/chartist/0.11.0/chartist.min.js","meta":{"rootId":"jkwwxh67yt7be8w","id":"jkwwxh67yt7be8w"},"id":"w0i1497fh3in9m4","previousOperationId":"v0fgpmdf8wnr69c"}
{"type":"log","timestamp":1674736637765,"level":"debug","message":"Page request: GET (script) https://unpkg.com/chartist-plugin-tooltips@0.0.17","meta":{"rootId":"jkwwxh67yt7be8w","id":"jkwwxh67yt7be8w"},"id":"1jydplbte4z8u03","previousOperationId":"v0fgpmdf8wnr69c"}
{"type":"log","timestamp":1674736637765,"level":"debug","message":"Page request: GET (script) https://unpkg.com/chartist-plugin-pointlabels@0.0.6","meta":{"rootId":"jkwwxh67yt7be8w","id":"jkwwxh67yt7be8w"},"id":"mulruufio899uuv","previousOperationId":"v0fgpmdf8wnr69c"}
{"type":"log","timestamp":1674736637765,"level":"debug","message":"Page request: GET (script) http://code.jquery.com/jquery-1.11.0.min.js","meta":{"rootId":"jkwwxh67yt7be8w","id":"jkwwxh67yt7be8w"},"id":"xpkjav6luiug8j0","previousOperationId":"v0fgpmdf8wnr69c"}
{"type":"log","timestamp":1674736637765,"level":"debug","message":"Page request: GET (script) http://cdnjs.cloudflare.com/ajax/libs/flot/0.8.1/jquery.flot.min.js","meta":{"rootId":"jkwwxh67yt7be8w","id":"jkwwxh67yt7be8w"},"id":"fxemt31i4q5ijjn","previousOperationId":"v0fgpmdf8wnr69c"}
{"type":"log","timestamp":1674736637765,"level":"debug","message":"Page request: GET (script) https://cdn.jsdelivr.net/npm/chart.js@2.9.3/dist/Chart.min.js","meta":{"rootId":"jkwwxh67yt7be8w","id":"jkwwxh67yt7be8w"},"id":"wmzs0icptstq1z0","previousOperationId":"v0fgpmdf8wnr69c"}
{"type":"log","timestamp":1674736637775,"level":"warn","message":"Page request failed: GET (script) 307 http://cdnjs.cloudflare.com/ajax/libs/flot/0.8.1/jquery.flot.min.js (redirect to: https://cdnjs.cloudflare.com/ajax/libs/flot/0.8.1/jquery.flot.min.js)","meta":{"rootId":"jkwwxh67yt7be8w","id":"jkwwxh67yt7be8w"},"id":"u46w8tqtc7sx4sy","previousOperationId":"v0fgpmdf8wnr69c"}
{"type":"log","timestamp":1674736637778,"level":"debug","message":"Page request: GET (script) https://cdnjs.cloudflare.com/ajax/libs/flot/0.8.1/jquery.flot.min.js (redirect from: http://cdnjs.cloudflare.com/ajax/libs/flot/0.8.1/jquery.flot.min.js)","meta":{"rootId":"jkwwxh67yt7be8w","id":"jkwwxh67yt7be8w"},"id":"4zbojeuvh4cushx","previousOperationId":"v0fgpmdf8wnr69c"}
{"type":"log","timestamp":1674736637779,"level":"warn","message":"Page request failed: GET (script) 302 https://unpkg.com/chartist-plugin-tooltips@0.0.17 (redirect to: /chartist-plugin-tooltips@0.0.17/dist/chartist-plugin-tooltip.js)","meta":{"rootId":"jkwwxh67yt7be8w","id":"jkwwxh67yt7be8w"},"id":"5f5li4cw9e3x2az","previousOperationId":"v0fgpmdf8wnr69c"}
{"type":"log","timestamp":1674736637781,"level":"debug","message":"Page request finished: GET (stylesheet) 200 https://cdnjs.cloudflare.com/ajax/libs/chartist/0.11.0/chartist.min.css","meta":{"rootId":"jkwwxh67yt7be8w","id":"jkwwxh67yt7be8w"},"id":"hkg2rlnqg4m1ndt","previousOperationId":"v0fgpmdf8wnr69c"}
{"type":"log","timestamp":1674736637781,"level":"debug","message":"Page request finished: GET (script) 200 https://cdnjs.cloudflare.com/ajax/libs/chartist/0.11.0/chartist.min.js","meta":{"rootId":"jkwwxh67yt7be8w","id":"jkwwxh67yt7be8w"},"id":"op7bzsm7twr3zrc","previousOperationId":"v0fgpmdf8wnr69c"}
{"type":"log","timestamp":1674736637782,"level":"warn","message":"Page request failed: GET (script) 302 https://unpkg.com/chartist-plugin-pointlabels@0.0.6 (redirect to: /chartist-plugin-pointlabels@0.0.6/dist/chartist-plugin-pointlabels.js)","meta":{"rootId":"jkwwxh67yt7be8w","id":"jkwwxh67yt7be8w"},"id":"236kb7wetijeiod","previousOperationId":"v0fgpmdf8wnr69c"}
{"type":"log","timestamp":1674736637785,"level":"debug","message":"Page request finished: GET (script) 200 https://cdnjs.cloudflare.com/ajax/libs/Chart.js/2.7.2/Chart.min.js","meta":{"rootId":"jkwwxh67yt7be8w","id":"jkwwxh67yt7be8w"},"id":"z67l653ffr57qrg","previousOperationId":"v0fgpmdf8wnr69c"}
{"type":"log","timestamp":1674736637785,"level":"debug","message":"Page request finished: GET (script) 200 http://code.jquery.com/jquery-1.11.0.min.js","meta":{"rootId":"jkwwxh67yt7be8w","id":"jkwwxh67yt7be8w"},"id":"dmbywtlpb0ms32n","previousOperationId":"v0fgpmdf8wnr69c"}
{"type":"log","timestamp":1674736637786,"level":"debug","message":"Page request: GET (script) https://unpkg.com/chartist-plugin-tooltips@0.0.17/dist/chartist-plugin-tooltip.js (redirect from: https://unpkg.com/chartist-plugin-tooltips@0.0.17)","meta":{"rootId":"jkwwxh67yt7be8w","id":"jkwwxh67yt7be8w"},"id":"xwcj61fonjbpvj0","previousOperationId":"v0fgpmdf8wnr69c"}
{"type":"log","timestamp":1674736637786,"level":"debug","message":"Page request: GET (script) https://unpkg.com/chartist-plugin-pointlabels@0.0.6/dist/chartist-plugin-pointlabels.js (redirect from: https://unpkg.com/chartist-plugin-pointlabels@0.0.6)","meta":{"rootId":"jkwwxh67yt7be8w","id":"jkwwxh67yt7be8w"},"id":"i41d11zs433dtav","previousOperationId":"v0fgpmdf8wnr69c"}
{"type":"log","timestamp":1674736637787,"level":"debug","message":"Page request finished: GET (script) 200 https://cdn.jsdelivr.net/npm/chart.js@2.9.3/dist/Chart.min.js","meta":{"rootId":"jkwwxh67yt7be8w","id":"jkwwxh67yt7be8w"},"id":"uw7l0jr947zkv2c","previousOperationId":"v0fgpmdf8wnr69c"}
{"type":"log","timestamp":1674736637803,"level":"debug","message":"Page request finished: GET (stylesheet) 200 https://cdnjs.cloudflare.com/ajax/libs/metro/4.1.5/css/metro.min.css","meta":{"rootId":"jkwwxh67yt7be8w","id":"jkwwxh67yt7be8w"},"id":"950dfqotyet1qlr","previousOperationId":"v0fgpmdf8wnr69c"}
{"type":"log","timestamp":1674736637813,"level":"debug","message":"Page request finished: GET (script) 200 https://unpkg.com/chartist-plugin-tooltips@0.0.17/dist/chartist-plugin-tooltip.js","meta":{"rootId":"jkwwxh67yt7be8w","id":"jkwwxh67yt7be8w"},"id":"f6elg4tupxj08jw","previousOperationId":"v0fgpmdf8wnr69c"}
{"type":"log","timestamp":1674736637813,"level":"debug","message":"Page request finished: GET (script) 200 https://unpkg.com/chartist-plugin-pointlabels@0.0.6/dist/chartist-plugin-pointlabels.js","meta":{"rootId":"jkwwxh67yt7be8w","id":"jkwwxh67yt7be8w"},"id":"ab755ove0xgapaj","previousOperationId":"v0fgpmdf8wnr69c"}
{"type":"log","timestamp":1674736637814,"level":"debug","message":"Page request finished: GET (script) 200 https://cdnjs.cloudflare.com/ajax/libs/flot/0.8.1/jquery.flot.min.js","meta":{"rootId":"jkwwxh67yt7be8w","id":"jkwwxh67yt7be8w"},"id":"gwsrh25wst9qf1f","previousOperationId":"v0fgpmdf8wnr69c"}
{"type":"log","timestamp":1674736637885,"level":"warn","message":"Page error: SyntaxError: Unexpected token ','","meta":{"rootId":"jkwwxh67yt7be8w","id":"jkwwxh67yt7be8w"},"id":"54s2ad72yax1h1e","previousOperationId":"v0fgpmdf8wnr69c"}
{"type":"log","timestamp":1674736637956,"level":"debug","message":"Running chrome with params {\"printBackground\":true,\"timeout\":59120,\"margin\":{}}","meta":{"rootId":"jkwwxh67yt7be8w","id":"jkwwxh67yt7be8w"},"id":"81taw0eekd4kn5s","previousOperationId":"v0fgpmdf8wnr69c"}
{"type":"operationEnd","operationId":"v0fgpmdf8wnr69c","timestamp":1674736638093,"id":"3xgtofhap6zj70i","previousEventId":"69pj4m9iv6ngov4","previousOperationId":"v0fgpmdf8wnr69c"}
{"type":"log","timestamp":1674736638094,"level":"debug","message":"Executing script testing (afterRender)","meta":{"rootId":"jkwwxh67yt7be8w","id":"jkwwxh67yt7be8w"},"id":"lkve1fj8yp81sok","previousOperationId":"v0fgpmdf8wnr69c"}
{"type":"operationStart","subtype":"scriptsAfterRender","name":"scripts afterRender","timestamp":1674736638104,"id":"g4u1vk56ish8ubp","previousEventId":"3xgtofhap6zj70i","operationId":"34sf38moa7k82f4","previousOperationId":"v0fgpmdf8wnr69c"}
{"type":"operationStart","subtype":"script","name":"scripts testing","previousOperationId":"34sf38moa7k82f4","timestamp":1674736638104,"id":"wfikuqjju3k33yw","previousEventId":"g4u1vk56ish8ubp","operationId":"5r8ksz1e2azamzq"}
{"type":"log","timestamp":1674736638378,"level":"debug","message":"(console:log) { location_id: [ '58', '2', '59' ], repetition: [ '2', '3', '1' ] }","meta":{"userLevel":true,"rootId":"jkwwxh67yt7be8w","id":"jkwwxh67yt7be8w"},"id":"1pkhepqgbs6d9lq","previousOperationId":"5r8ksz1e2azamzq"}
{"type":"operationEnd","operationId":"5r8ksz1e2azamzq","timestamp":1674736639348,"id":"3r5lz9d5ahfyjfd","previousEventId":"3xgtofhap6zj70i","previousOperationId":"v0fgpmdf8wnr69c"}
{"type":"operationEnd","operationId":"34sf38moa7k82f4","timestamp":1674736639348,"id":"50imo66v7fy8tb4","previousEventId":"3r5lz9d5ahfyjfd","previousOperationId":"v0fgpmdf8wnr69c"}
{"type":"log","timestamp":1674736639348,"level":"debug","message":"Skipping storing report.","meta":{"rootId":"jkwwxh67yt7be8w","id":"jkwwxh67yt7be8w"},"id":"qve5j1xo4rr5klj","previousOperationId":"34sf38moa7k82f4"}
{"type":"log","timestamp":1674736639348,"level":"info","message":"Rendering request 32 finished in 2628 ms","meta":{"rootId":"jkwwxh67yt7be8w","id":"jkwwxh67yt7be8w"},"id":"mdtgyh6jfazv2bq","previousOperationId":"34sf38moa7k82f4"}
{"type":"operationEnd","subtype":"render","operationId":"dlxebbtjgp07d8i","timestamp":1674736639348,"id":"opc9bqc0v64lms2","previousEventId":"50imo66v7fy8tb4","previousOperationId":"34sf38moa7k82f4"}
{"type":"operationEnd","doDiffs":false,"previousEventId":"j8a8a1jy4cjnel7","previousOperationId":"on1r49fvlgu6554","operationId":"on1r49fvlgu6554","timestamp":1674736639353,"id":"5ejk1qnd91z05xq"}
