{"type":"operationStart","subtype":"profile","data":{"_id":"T9FajyJtPLEINtqR","timestamp":"2023-01-26T12:36:23.960Z","state":"queued","mode":"standard","creationDate":"2023-01-26T12:36:23.962Z","modificationDate":"2023-01-26T12:36:23.962Z","shortid":"jhVChBq","$entitySet":"profiles"},"doDiffs":false,"timestamp":1674736583961,"id":"mun8f20gs4g5x5z","previousOperationId":null,"operationId":"fz91quhcxjo90mh"}
{"type":"log","level":"info","message":"Render request 30 queued for execution and waiting for available worker","previousOperationId":"fz91quhcxjo90mh","timestamp":1674736583961,"id":"6fuprjdq9q1n1td"}
{"type":"operationStart","subtype":"render","name":"Data","previousOperationId":"fz91quhcxjo90mh","timestamp":1674736583981,"id":"xw52s4xewdijcdf","previousEventId":"mun8f20gs4g5x5z","operationId":"9pjan8485g5qhzc"}
{"type":"log","timestamp":1674736583981,"level":"info","message":"Starting rendering request 30","meta":{"rootId":"jmdfd0haz5nsrq1","id":"jmdfd0haz5nsrq1"},"id":"ivwrdsf3p6mtvu6","previousOperationId":"9pjan8485g5qhzc"}
{"type":"log","timestamp":1674736583982,"level":"info","message":"Rendering template { name: Data, recipe: chrome-pdf, engine: handlebars, preview: true }","meta":{"rootId":"jmdfd0haz5nsrq1","id":"jmdfd0haz5nsrq1"},"id":"tmmhlw6xy66xunb","previousOperationId":"9pjan8485g5qhzc"}
{"type":"log","timestamp":1674736583983,"level":"debug","message":"Data item not defined for this template.","meta":{"rootId":"jmdfd0haz5nsrq1","id":"jmdfd0haz5nsrq1"},"id":"cn5s8ntal35ms9e","previousOperationId":"9pjan8485g5qhzc"}
{"type":"log","timestamp":1674736583996,"level":"debug","message":"Executing script testing (beforeRender)","meta":{"rootId":"jmdfd0haz5nsrq1","id":"jmdfd0haz5nsrq1"},"id":"9067ypzxsnwm74z","previousOperationId":"9pjan8485g5qhzc"}
{"type":"operationStart","subtype":"scriptsBeforeRender","name":"scripts beforeRender","timestamp":1674736584096,"id":"ly3wxon8qmw9sgi","previousEventId":"xw52s4xewdijcdf","operationId":"0uc279z845zmbio","previousOperationId":"9pjan8485g5qhzc"}
{"type":"operationStart","subtype":"script","name":"scripts testing","previousOperationId":"0uc279z845zmbio","timestamp":1674736584096,"id":"335p7pz2sux33gy","previousEventId":"ly3wxon8qmw9sgi","operationId":"3y0fx03ybgwhnv4"}
{"type":"operationEnd","operationId":"3y0fx03ybgwhnv4","timestamp":1674736584922,"id":"ott3v6bu67qnd8n","previousEventId":"xw52s4xewdijcdf","previousOperationId":"9pjan8485g5qhzc"}
{"type":"operationEnd","operationId":"0uc279z845zmbio","timestamp":1674736584922,"id":"t72zlqkk1w16jzh","previousEventId":"ott3v6bu67qnd8n","previousOperationId":"9pjan8485g5qhzc"}
{"type":"log","timestamp":1674736584922,"level":"debug","message":"Base url not specified, skipping its injection.","meta":{"rootId":"jmdfd0haz5nsrq1","id":"jmdfd0haz5nsrq1"},"id":"4on3uzactl5997l","previousOperationId":"0uc279z845zmbio"}
{"type":"operationStart","subtype":"engine","name":"handlebars","timestamp":1674736584922,"id":"3tz88ywltgpq7du","previousEventId":"t72zlqkk1w16jzh","operationId":"mnjjkgreltpwbyd","previousOperationId":"0uc279z845zmbio"}
{"type":"log","timestamp":1674736584922,"level":"debug","message":"Rendering engine handlebars","meta":{"rootId":"jmdfd0haz5nsrq1","id":"jmdfd0haz5nsrq1"},"id":"5bjvj7sj9b3w6dd","previousOperationId":"mnjjkgreltpwbyd"}
{"type":"operationEnd","operationId":"mnjjkgreltpwbyd","timestamp":1674736584933,"id":"yqbgdnrn22iksru","previousEventId":"3tz88ywltgpq7du","previousOperationId":"mnjjkgreltpwbyd"}
{"type":"operationStart","subtype":"recipe","name":"chrome-pdf","timestamp":1674736584934,"id":"3qo3ox6jcay0s0x","previousEventId":"yqbgdnrn22iksru","operationId":"s8kghbf3bycwjjj","previousOperationId":"mnjjkgreltpwbyd"}
{"type":"log","timestamp":1674736584934,"level":"debug","message":"Executing recipe chrome-pdf","meta":{"rootId":"jmdfd0haz5nsrq1","id":"jmdfd0haz5nsrq1"},"id":"yof0vxfuh5md40p","previousOperationId":"s8kghbf3bycwjjj"}
{"type":"log","timestamp":1674736584939,"level":"debug","message":"Converting with chrome HeadlessChrome/105.0.5173.0 using chrome-pool strategy","meta":{"rootId":"jmdfd0haz5nsrq1","id":"jmdfd0haz5nsrq1"},"id":"v28ac6npz3oem6j","previousOperationId":"s8kghbf3bycwjjj"}
{"type":"log","timestamp":1674736585085,"level":"debug","message":"Page request: GET (document) file:///C:/Users/Johan/AppData/Local/Temp/jsreport/autocleanup/b5ac706f-8d60-44db-bbaf-9ad8084e0e50-chrome-pdf.html","meta":{"rootId":"jmdfd0haz5nsrq1","id":"jmdfd0haz5nsrq1"},"id":"5xjz4kv9xjoljw1","previousOperationId":"s8kghbf3bycwjjj"}
{"type":"log","timestamp":1674736585120,"level":"debug","message":"Page request: GET (stylesheet) https://cdnjs.cloudflare.com/ajax/libs/metro/4.1.5/css/metro.min.css","meta":{"rootId":"jmdfd0haz5nsrq1","id":"jmdfd0haz5nsrq1"},"id":"4lit05mm8ee9p26","previousOperationId":"s8kghbf3bycwjjj"}
{"type":"log","timestamp":1674736585122,"level":"debug","message":"Page request: GET (script) https://cdnjs.cloudflare.com/ajax/libs/Chart.js/2.7.2/Chart.min.js","meta":{"rootId":"jmdfd0haz5nsrq1","id":"jmdfd0haz5nsrq1"},"id":"z12j7zkr6wsyuxu","previousOperationId":"s8kghbf3bycwjjj"}
{"type":"log","timestamp":1674736585122,"level":"debug","message":"Page request: GET (stylesheet) https://cdnjs.cloudflare.com/ajax/libs/chartist/0.11.0/chartist.min.css","meta":{"rootId":"jmdfd0haz5nsrq1","id":"jmdfd0haz5nsrq1"},"id":"b5o2tryy6bu3tsd","previousOperationId":"s8kghbf3bycwjjj"}
{"type":"log","timestamp":1674736585123,"level":"debug","message":"Page request: GET (script) https://cdnjs.cloudflare.com/ajax/libs/chartist/0.11.0/chartist.min.js","meta":{"rootId":"jmdfd0haz5nsrq1","id":"jmdfd0haz5nsrq1"},"id":"cf5fb49h1s8nfzf","previousOperationId":"s8kghbf3bycwjjj"}
{"type":"log","timestamp":1674736585123,"level":"debug","message":"Page request: GET (script) https://unpkg.com/chartist-plugin-tooltips@0.0.17","meta":{"rootId":"jmdfd0haz5nsrq1","id":"jmdfd0haz5nsrq1"},"id":"1994aq8slce97jk","previousOperationId":"s8kghbf3bycwjjj"}
{"type":"log","timestamp":1674736585123,"level":"debug","message":"Page request: GET (script) https://unpkg.com/chartist-plugin-pointlabels@0.0.6","meta":{"rootId":"jmdfd0haz5nsrq1","id":"jmdfd0haz5nsrq1"},"id":"x27nhyllo9b990z","previousOperationId":"s8kghbf3bycwjjj"}
{"type":"log","timestamp":1674736585124,"level":"debug","message":"Page request finished: GET (document) 200 file:///C:/Users/Johan/AppData/Local/Temp/jsreport/autocleanup/b5ac706f-8d60-44db-bbaf-9ad8084e0e50-chrome-pdf.html","meta":{"rootId":"jmdfd0haz5nsrq1","id":"jmdfd0haz5nsrq1"},"id":"ml6cmaxkotojjug","previousOperationId":"s8kghbf3bycwjjj"}
{"type":"log","timestamp":1674736585125,"level":"debug","message":"Page request: GET (script) http://code.jquery.com/jquery-1.11.0.min.js","meta":{"rootId":"jmdfd0haz5nsrq1","id":"jmdfd0haz5nsrq1"},"id":"s5yg29v7q5kh1bs","previousOperationId":"s8kghbf3bycwjjj"}
{"type":"log","timestamp":1674736585125,"level":"debug","message":"Page request: GET (script) http://cdnjs.cloudflare.com/ajax/libs/flot/0.8.1/jquery.flot.min.js","meta":{"rootId":"jmdfd0haz5nsrq1","id":"jmdfd0haz5nsrq1"},"id":"e76ig0fpq0jx2wq","previousOperationId":"s8kghbf3bycwjjj"}
{"type":"log","timestamp":1674736585126,"level":"debug","message":"Page request: GET (script) https://cdn.jsdelivr.net/npm/chart.js@2.9.3/dist/Chart.min.js","meta":{"rootId":"jmdfd0haz5nsrq1","id":"jmdfd0haz5nsrq1"},"id":"64wo3q4wmkooiuv","previousOperationId":"s8kghbf3bycwjjj"}
{"type":"log","timestamp":1674736585135,"level":"warn","message":"Page request failed: GET (script) 302 https://unpkg.com/chartist-plugin-tooltips@0.0.17 (redirect to: /chartist-plugin-tooltips@0.0.17/dist/chartist-plugin-tooltip.js)","meta":{"rootId":"jmdfd0haz5nsrq1","id":"jmdfd0haz5nsrq1"},"id":"7rh0mt0h4phi1e6","previousOperationId":"s8kghbf3bycwjjj"}
{"type":"log","timestamp":1674736585135,"level":"debug","message":"Page request: GET (script) https://unpkg.com/chartist-plugin-tooltips@0.0.17/dist/chartist-plugin-tooltip.js (redirect from: https://unpkg.com/chartist-plugin-tooltips@0.0.17)","meta":{"rootId":"jmdfd0haz5nsrq1","id":"jmdfd0haz5nsrq1"},"id":"2lidzhiovrydu42","previousOperationId":"s8kghbf3bycwjjj"}
{"type":"log","timestamp":1674736585137,"level":"warn","message":"Page request failed: GET (script) 302 https://unpkg.com/chartist-plugin-pointlabels@0.0.6 (redirect to: /chartist-plugin-pointlabels@0.0.6/dist/chartist-plugin-pointlabels.js)","meta":{"rootId":"jmdfd0haz5nsrq1","id":"jmdfd0haz5nsrq1"},"id":"qhs179mpt7gbqpq","previousOperationId":"s8kghbf3bycwjjj"}
{"type":"log","timestamp":1674736585138,"level":"debug","message":"Page request: GET (script) https://unpkg.com/chartist-plugin-pointlabels@0.0.6/dist/chartist-plugin-pointlabels.js (redirect from: https://unpkg.com/chartist-plugin-pointlabels@0.0.6)","meta":{"rootId":"jmdfd0haz5nsrq1","id":"jmdfd0haz5nsrq1"},"id":"ntp9ldxid9pyuef","previousOperationId":"s8kghbf3bycwjjj"}
{"type":"log","timestamp":1674736585139,"level":"debug","message":"Page request finished: GET (stylesheet) 200 https://cdnjs.cloudflare.com/ajax/libs/chartist/0.11.0/chartist.min.css","meta":{"rootId":"jmdfd0haz5nsrq1","id":"jmdfd0haz5nsrq1"},"id":"9isje8abxtdhlvd","previousOperationId":"s8kghbf3bycwjjj"}
{"type":"log","timestamp":1674736585140,"level":"debug","message":"Page request finished: GET (script) 200 https://cdnjs.cloudflare.com/ajax/libs/Chart.js/2.7.2/Chart.min.js","meta":{"rootId":"jmdfd0haz5nsrq1","id":"jmdfd0haz5nsrq1"},"id":"fjnzokeeco1vvsh","previousOperationId":"s8kghbf3bycwjjj"}
{"type":"log","timestamp":1674736585141,"level":"debug","message":"Page request finished: GET (script) 200 https://cdnjs.cloudflare.com/ajax/libs/chartist/0.11.0/chartist.min.js","meta":{"rootId":"jmdfd0haz5nsrq1","id":"jmdfd0haz5nsrq1"},"id":"0jcty98ylrnjq6a","previousOperationId":"s8kghbf3bycwjjj"}
{"type":"log","timestamp":1674736585141,"level":"warn","message":"Page request failed: GET (script) 307 http://cdnjs.cloudflare.com/ajax/libs/flot/0.8.1/jquery.flot.min.js (redirect to: https://cdnjs.cloudflare.com/ajax/libs/flot/0.8.1/jquery.flot.min.js)","meta":{"rootId":"jmdfd0haz5nsrq1","id":"jmdfd0haz5nsrq1"},"id":"s205faovtckf1bo","previousOperationId":"s8kghbf3bycwjjj"}
{"type":"log","timestamp":1674736585145,"level":"debug","message":"Page request finished: GET (script) 200 http://code.jquery.com/jquery-1.11.0.min.js","meta":{"rootId":"jmdfd0haz5nsrq1","id":"jmdfd0haz5nsrq1"},"id":"pnjs07smn5x2j92","previousOperationId":"s8kghbf3bycwjjj"}
{"type":"log","timestamp":1674736585145,"level":"debug","message":"Page request finished: GET (script) 200 https://cdn.jsdelivr.net/npm/chart.js@2.9.3/dist/Chart.min.js","meta":{"rootId":"jmdfd0haz5nsrq1","id":"jmdfd0haz5nsrq1"},"id":"55h4hll6o8x1zel","previousOperationId":"s8kghbf3bycwjjj"}
{"type":"log","timestamp":1674736585145,"level":"debug","message":"Page request: GET (script) https://cdnjs.cloudflare.com/ajax/libs/flot/0.8.1/jquery.flot.min.js (redirect from: http://cdnjs.cloudflare.com/ajax/libs/flot/0.8.1/jquery.flot.min.js)","meta":{"rootId":"jmdfd0haz5nsrq1","id":"jmdfd0haz5nsrq1"},"id":"ln6vhuodp1uel60","previousOperationId":"s8kghbf3bycwjjj"}
{"type":"log","timestamp":1674736585167,"level":"debug","message":"Page request finished: GET (stylesheet) 200 https://cdnjs.cloudflare.com/ajax/libs/metro/4.1.5/css/metro.min.css","meta":{"rootId":"jmdfd0haz5nsrq1","id":"jmdfd0haz5nsrq1"},"id":"9tiwqttfaq3bkp4","previousOperationId":"s8kghbf3bycwjjj"}
{"type":"log","timestamp":1674736585176,"level":"debug","message":"Page request finished: GET (script) 200 https://unpkg.com/chartist-plugin-tooltips@0.0.17/dist/chartist-plugin-tooltip.js","meta":{"rootId":"jmdfd0haz5nsrq1","id":"jmdfd0haz5nsrq1"},"id":"2wo2hy7ny02hjux","previousOperationId":"s8kghbf3bycwjjj"}
{"type":"log","timestamp":1674736585176,"level":"debug","message":"Page request finished: GET (script) 200 https://unpkg.com/chartist-plugin-pointlabels@0.0.6/dist/chartist-plugin-pointlabels.js","meta":{"rootId":"jmdfd0haz5nsrq1","id":"jmdfd0haz5nsrq1"},"id":"gnbas29ticqf72j","previousOperationId":"s8kghbf3bycwjjj"}
{"type":"log","timestamp":1674736585177,"level":"debug","message":"Page request finished: GET (script) 200 https://cdnjs.cloudflare.com/ajax/libs/flot/0.8.1/jquery.flot.min.js","meta":{"rootId":"jmdfd0haz5nsrq1","id":"jmdfd0haz5nsrq1"},"id":"jdyng7j29wshbly","previousOperationId":"s8kghbf3bycwjjj"}
{"type":"log","timestamp":1674736585218,"level":"warn","message":"Page error: SyntaxError: Unexpected token ','","meta":{"rootId":"jmdfd0haz5nsrq1","id":"jmdfd0haz5nsrq1"},"id":"39rvy0a1hu2gi8u","previousOperationId":"s8kghbf3bycwjjj"}
{"type":"log","timestamp":1674736585274,"level":"debug","message":"Running chrome with params {\"printBackground\":true,\"timeout\":59022,\"margin\":{}}","meta":{"rootId":"jmdfd0haz5nsrq1","id":"jmdfd0haz5nsrq1"},"id":"mn5fotrjqr7k8oo","previousOperationId":"s8kghbf3bycwjjj"}
{"type":"operationEnd","operationId":"s8kghbf3bycwjjj","timestamp":1674736585420,"id":"ku9m049rzd9h8w5","previousEventId":"3qo3ox6jcay0s0x","previousOperationId":"s8kghbf3bycwjjj"}
{"type":"log","timestamp":1674736585420,"level":"debug","message":"Executing script testing (afterRender)","meta":{"rootId":"jmdfd0haz5nsrq1","id":"jmdfd0haz5nsrq1"},"id":"e4auw1ilp03zz0v","previousOperationId":"s8kghbf3bycwjjj"}
{"type":"operationStart","subtype":"scriptsAfterRender","name":"scripts afterRender","timestamp":1674736585432,"id":"32v4etrcn5g5kbh","previousEventId":"ku9m049rzd9h8w5","operationId":"oj8hyfaqiq7crv4","previousOperationId":"s8kghbf3bycwjjj"}
{"type":"operationStart","subtype":"script","name":"scripts testing","previousOperationId":"oj8hyfaqiq7crv4","timestamp":1674736585432,"id":"68ezfsjve8bjjwk","previousEventId":"32v4etrcn5g5kbh","operationId":"ytosgwfq43t1jth"}
{"type":"log","timestamp":1674736585709,"level":"debug","message":"(console:log) { location_id: [ '58', '2', '59' ], repetition: [ '2', '3', '1' ] }","meta":{"userLevel":true,"rootId":"jmdfd0haz5nsrq1","id":"jmdfd0haz5nsrq1"},"id":"96ndu14k6rtwkb6","previousOperationId":"ytosgwfq43t1jth"}
{"type":"operationEnd","operationId":"ytosgwfq43t1jth","timestamp":1674736587009,"id":"bg96ewbquvemeao","previousEventId":"ku9m049rzd9h8w5","previousOperationId":"s8kghbf3bycwjjj"}
{"type":"operationEnd","operationId":"oj8hyfaqiq7crv4","timestamp":1674736587009,"id":"kcox6n17wnhsa32","previousEventId":"bg96ewbquvemeao","previousOperationId":"s8kghbf3bycwjjj"}
{"type":"log","timestamp":1674736587009,"level":"debug","message":"Skipping storing report.","meta":{"rootId":"jmdfd0haz5nsrq1","id":"jmdfd0haz5nsrq1"},"id":"i7cmgj55c3vt17h","previousOperationId":"oj8hyfaqiq7crv4"}
{"type":"log","timestamp":1674736587009,"level":"info","message":"Rendering request 30 finished in 3049 ms","meta":{"rootId":"jmdfd0haz5nsrq1","id":"jmdfd0haz5nsrq1"},"id":"pdsf97bc619y38o","previousOperationId":"oj8hyfaqiq7crv4"}
{"type":"operationEnd","subtype":"render","operationId":"9pjan8485g5qhzc","timestamp":1674736587009,"id":"1bd5wo1h0m1zvpp","previousEventId":"kcox6n17wnhsa32","previousOperationId":"oj8hyfaqiq7crv4"}
{"type":"operationEnd","doDiffs":false,"previousEventId":"mun8f20gs4g5x5z","previousOperationId":"fz91quhcxjo90mh","operationId":"fz91quhcxjo90mh","timestamp":1674736587014,"id":"737oqdf7gl951v0"}
