{"type":"operationStart","subtype":"profile","data":{"_id":"BwxEjbgNbY5njNtm","timestamp":"2023-01-26T18:23:10.777Z","state":"queued","mode":"standard","creationDate":"2023-01-26T18:23:10.780Z","modificationDate":"2023-01-26T18:23:10.780Z","shortid":"4ca03Hd","$entitySet":"profiles"},"doDiffs":false,"timestamp":1674757390778,"id":"u2vk9sopb2u7bgq","previousOperationId":null,"operationId":"uuqy0xkohp4o4uk"}
{"type":"log","level":"info","message":"Render request 6 queued for execution and waiting for available worker","previousOperationId":"uuqy0xkohp4o4uk","timestamp":1674757390779,"id":"nd0n26th87nlvek"}
{"type":"operationStart","subtype":"render","name":"Data","previousOperationId":"uuqy0xkohp4o4uk","timestamp":1674757390793,"id":"17iocuc0wq0mvez","previousEventId":"u2vk9sopb2u7bgq","operationId":"rvplgn53a8dptx8"}
{"type":"log","timestamp":1674757390793,"level":"info","message":"Starting rendering request 6","meta":{"rootId":"jnuml40ngsgtad1","id":"jnuml40ngsgtad1"},"id":"gunbdza2d38r4z4","previousOperationId":"rvplgn53a8dptx8"}
{"type":"log","timestamp":1674757390793,"level":"info","message":"Rendering template { name: Data, recipe: chrome-pdf, engine: handlebars, preview: true }","meta":{"rootId":"jnuml40ngsgtad1","id":"jnuml40ngsgtad1"},"id":"kspk202r83uvzpt","previousOperationId":"rvplgn53a8dptx8"}
{"type":"log","timestamp":1674757390795,"level":"debug","message":"Data item not defined for this template.","meta":{"rootId":"jnuml40ngsgtad1","id":"jnuml40ngsgtad1"},"id":"ufv5qf0lndbguhb","previousOperationId":"rvplgn53a8dptx8"}
{"type":"log","timestamp":1674757390798,"level":"debug","message":"Executing script testing (beforeRender)","meta":{"rootId":"jnuml40ngsgtad1","id":"jnuml40ngsgtad1"},"id":"5iq13r5nsgea5hk","previousOperationId":"rvplgn53a8dptx8"}
{"type":"operationStart","subtype":"scriptsBeforeRender","name":"scripts beforeRender","timestamp":1674757390841,"id":"a8x03otvcz4dqdx","previousEventId":"17iocuc0wq0mvez","operationId":"o8knyl6vqr9zbmr","previousOperationId":"rvplgn53a8dptx8"}
{"type":"operationStart","subtype":"script","name":"scripts testing","previousOperationId":"o8knyl6vqr9zbmr","timestamp":1674757390841,"id":"19ugynnn2uaw2yt","previousEventId":"a8x03otvcz4dqdx","operationId":"ngx0w4cid1o8hyl"}
{"type":"log","timestamp":1674757391092,"level":"debug","message":"(console:log) [ '2', '1', '3' ]","meta":{"userLevel":true,"rootId":"jnuml40ngsgtad1","id":"jnuml40ngsgtad1"},"id":"3uh0v9ru2zahbxt","previousOperationId":"ngx0w4cid1o8hyl"}
{"type":"log","timestamp":1674757391092,"level":"debug","message":"(console:log) [ 'Arucas', 'Galdar', 'Teror' ]","meta":{"userLevel":true,"rootId":"jnuml40ngsgtad1","id":"jnuml40ngsgtad1"},"id":"i71t6weijh2l8cw","previousOperationId":"ngx0w4cid1o8hyl"}
{"type":"operationEnd","operationId":"ngx0w4cid1o8hyl","timestamp":1674757391500,"id":"a9rq02he1t93wvg","previousEventId":"17iocuc0wq0mvez","previousOperationId":"rvplgn53a8dptx8"}
{"type":"operationEnd","operationId":"o8knyl6vqr9zbmr","timestamp":1674757391500,"id":"8umm4hawxk20xtz","previousEventId":"a9rq02he1t93wvg","previousOperationId":"rvplgn53a8dptx8"}
{"type":"log","timestamp":1674757391500,"level":"debug","message":"Base url not specified, skipping its injection.","meta":{"rootId":"jnuml40ngsgtad1","id":"jnuml40ngsgtad1"},"id":"ht8oroxpp0cq2uh","previousOperationId":"o8knyl6vqr9zbmr"}
{"type":"operationStart","subtype":"engine","name":"handlebars","timestamp":1674757391501,"id":"wmaaen9kwy9tr1z","previousEventId":"8umm4hawxk20xtz","operationId":"eyddr8iz01np5f7","previousOperationId":"o8knyl6vqr9zbmr"}
{"type":"log","timestamp":1674757391501,"level":"debug","message":"Rendering engine handlebars","meta":{"rootId":"jnuml40ngsgtad1","id":"jnuml40ngsgtad1"},"id":"jr2i34tsbnyizh0","previousOperationId":"eyddr8iz01np5f7"}
{"type":"operationEnd","operationId":"eyddr8iz01np5f7","timestamp":1674757391517,"id":"fo3xcsbcg63zc3w","previousEventId":"wmaaen9kwy9tr1z","previousOperationId":"eyddr8iz01np5f7"}
{"type":"operationStart","subtype":"recipe","name":"chrome-pdf","timestamp":1674757391517,"id":"pzql038yh7r088a","previousEventId":"fo3xcsbcg63zc3w","operationId":"ueyrdpu0dn9ybnt","previousOperationId":"eyddr8iz01np5f7"}
{"type":"log","timestamp":1674757391517,"level":"debug","message":"Executing recipe chrome-pdf","meta":{"rootId":"jnuml40ngsgtad1","id":"jnuml40ngsgtad1"},"id":"sjxxfyc8aukuri7","previousOperationId":"ueyrdpu0dn9ybnt"}
{"type":"log","timestamp":1674757391520,"level":"debug","message":"Converting with chrome HeadlessChrome/105.0.5173.0 using chrome-pool strategy","meta":{"rootId":"jnuml40ngsgtad1","id":"jnuml40ngsgtad1"},"id":"0lzh5bsl1nits00","previousOperationId":"ueyrdpu0dn9ybnt"}
{"type":"log","timestamp":1674757391603,"level":"debug","message":"Page request: GET (document) file:///C:/Users/Johan/AppData/Local/Temp/jsreport/autocleanup/784aaef9-410c-4536-8c37-d8266d952c50-chrome-pdf.html","meta":{"rootId":"jnuml40ngsgtad1","id":"jnuml40ngsgtad1"},"id":"5ogl527vgipaboa","previousOperationId":"ueyrdpu0dn9ybnt"}
{"type":"log","timestamp":1674757391622,"level":"debug","message":"Page request finished: GET (document) 200 file:///C:/Users/Johan/AppData/Local/Temp/jsreport/autocleanup/784aaef9-410c-4536-8c37-d8266d952c50-chrome-pdf.html","meta":{"rootId":"jnuml40ngsgtad1","id":"jnuml40ngsgtad1"},"id":"uugwe20lue4uw13","previousOperationId":"ueyrdpu0dn9ybnt"}
{"type":"log","timestamp":1674757391622,"level":"debug","message":"Page request: GET (stylesheet) https://cdnjs.cloudflare.com/ajax/libs/metro/4.1.5/css/metro.min.css","meta":{"rootId":"jnuml40ngsgtad1","id":"jnuml40ngsgtad1"},"id":"28l2puv3y9fjlu9","previousOperationId":"ueyrdpu0dn9ybnt"}
{"type":"log","timestamp":1674757391622,"level":"debug","message":"Page request: GET (stylesheet) https://cdnjs.cloudflare.com/ajax/libs/chartist/0.11.0/chartist.min.css","meta":{"rootId":"jnuml40ngsgtad1","id":"jnuml40ngsgtad1"},"id":"km3snivkpy643ev","previousOperationId":"ueyrdpu0dn9ybnt"}
{"type":"log","timestamp":1674757391623,"level":"debug","message":"Page request: GET (script) https://cdnjs.cloudflare.com/ajax/libs/chartist/0.11.0/chartist.min.js","meta":{"rootId":"jnuml40ngsgtad1","id":"jnuml40ngsgtad1"},"id":"puglqhmlktmggpr","previousOperationId":"ueyrdpu0dn9ybnt"}
{"type":"log","timestamp":1674757391623,"level":"debug","message":"Page request: GET (script) https://unpkg.com/chartist-plugin-tooltips@0.0.17","meta":{"rootId":"jnuml40ngsgtad1","id":"jnuml40ngsgtad1"},"id":"91y7ikhufa1bp4g","previousOperationId":"ueyrdpu0dn9ybnt"}
{"type":"log","timestamp":1674757391623,"level":"debug","message":"Page request: GET (script) https://unpkg.com/chartist-plugin-pointlabels@0.0.6","meta":{"rootId":"jnuml40ngsgtad1","id":"jnuml40ngsgtad1"},"id":"nxmf04x75bvb6nt","previousOperationId":"ueyrdpu0dn9ybnt"}
{"type":"log","timestamp":1674757391629,"level":"debug","message":"Page request finished: GET (stylesheet) 200 https://cdnjs.cloudflare.com/ajax/libs/chartist/0.11.0/chartist.min.css","meta":{"rootId":"jnuml40ngsgtad1","id":"jnuml40ngsgtad1"},"id":"b6abbp0a9fh1xmn","previousOperationId":"ueyrdpu0dn9ybnt"}
{"type":"log","timestamp":1674757391629,"level":"warn","message":"Page request failed: GET (script) 302 https://unpkg.com/chartist-plugin-tooltips@0.0.17 (redirect to: /chartist-plugin-tooltips@0.0.17/dist/chartist-plugin-tooltip.js)","meta":{"rootId":"jnuml40ngsgtad1","id":"jnuml40ngsgtad1"},"id":"2o60zn1nxqvq7ws","previousOperationId":"ueyrdpu0dn9ybnt"}
{"type":"log","timestamp":1674757391630,"level":"debug","message":"Page request: GET (script) https://unpkg.com/chartist-plugin-tooltips@0.0.17/dist/chartist-plugin-tooltip.js (redirect from: https://unpkg.com/chartist-plugin-tooltips@0.0.17)","meta":{"rootId":"jnuml40ngsgtad1","id":"jnuml40ngsgtad1"},"id":"boxni7p7x4nshu5","previousOperationId":"ueyrdpu0dn9ybnt"}
{"type":"log","timestamp":1674757391630,"level":"warn","message":"Page request failed: GET (script) 302 https://unpkg.com/chartist-plugin-pointlabels@0.0.6 (redirect to: /chartist-plugin-pointlabels@0.0.6/dist/chartist-plugin-pointlabels.js)","meta":{"rootId":"jnuml40ngsgtad1","id":"jnuml40ngsgtad1"},"id":"vfcf28j50kptx0w","previousOperationId":"ueyrdpu0dn9ybnt"}
{"type":"log","timestamp":1674757391630,"level":"debug","message":"Page request: GET (script) https://unpkg.com/chartist-plugin-pointlabels@0.0.6/dist/chartist-plugin-pointlabels.js (redirect from: https://unpkg.com/chartist-plugin-pointlabels@0.0.6)","meta":{"rootId":"jnuml40ngsgtad1","id":"jnuml40ngsgtad1"},"id":"wj3xc0to02sna8f","previousOperationId":"ueyrdpu0dn9ybnt"}
{"type":"log","timestamp":1674757391631,"level":"debug","message":"Page request finished: GET (script) 200 https://cdnjs.cloudflare.com/ajax/libs/chartist/0.11.0/chartist.min.js","meta":{"rootId":"jnuml40ngsgtad1","id":"jnuml40ngsgtad1"},"id":"w4npwbqrtnwoj3o","previousOperationId":"ueyrdpu0dn9ybnt"}
{"type":"log","timestamp":1674757391645,"level":"debug","message":"Page request finished: GET (stylesheet) 200 https://cdnjs.cloudflare.com/ajax/libs/metro/4.1.5/css/metro.min.css","meta":{"rootId":"jnuml40ngsgtad1","id":"jnuml40ngsgtad1"},"id":"eufhctojzzq0npw","previousOperationId":"ueyrdpu0dn9ybnt"}
{"type":"log","timestamp":1674757391646,"level":"debug","message":"Page request finished: GET (script) 200 https://unpkg.com/chartist-plugin-tooltips@0.0.17/dist/chartist-plugin-tooltip.js","meta":{"rootId":"jnuml40ngsgtad1","id":"jnuml40ngsgtad1"},"id":"wah8u3f2xcvetcz","previousOperationId":"ueyrdpu0dn9ybnt"}
{"type":"log","timestamp":1674757391647,"level":"debug","message":"Page request finished: GET (script) 200 https://unpkg.com/chartist-plugin-pointlabels@0.0.6/dist/chartist-plugin-pointlabels.js","meta":{"rootId":"jnuml40ngsgtad1","id":"jnuml40ngsgtad1"},"id":"xql56swl9d0fegj","previousOperationId":"ueyrdpu0dn9ybnt"}
{"type":"log","timestamp":1674757391649,"level":"debug","message":"(console:log) Me he venido","meta":{"userLevel":true,"rootId":"jnuml40ngsgtad1","id":"jnuml40ngsgtad1"},"id":"x3gsw020ywye4or","previousOperationId":"ueyrdpu0dn9ybnt"}
{"type":"log","timestamp":1674757391650,"level":"debug","message":"(console:log) JSHandle@array","meta":{"userLevel":true,"rootId":"jnuml40ngsgtad1","id":"jnuml40ngsgtad1"},"id":"c1b57sbkxkzvo9r","previousOperationId":"ueyrdpu0dn9ybnt"}
{"type":"log","timestamp":1674757391650,"level":"warn","message":"Page error: ReferenceError: Arucas is not defined\n    at file:///C:/Users/Johan/AppData/Local/Temp/jsreport/autocleanup/784aaef9-410c-4536-8c37-d8266d952c50-chrome-pdf.html:56:32","meta":{"rootId":"jnuml40ngsgtad1","id":"jnuml40ngsgtad1"},"id":"adpxkyme7jz09o6","previousOperationId":"ueyrdpu0dn9ybnt"}
{"type":"log","timestamp":1674757391687,"level":"debug","message":"Running chrome with params {\"printBackground\":true,\"timeout\":59258,\"margin\":{}}","meta":{"rootId":"jnuml40ngsgtad1","id":"jnuml40ngsgtad1"},"id":"jyzwwcwpmpmkxyf","previousOperationId":"ueyrdpu0dn9ybnt"}
{"type":"operationEnd","operationId":"ueyrdpu0dn9ybnt","timestamp":1674757391796,"id":"0wy645qm8qox89y","previousEventId":"pzql038yh7r088a","previousOperationId":"ueyrdpu0dn9ybnt"}
{"type":"log","timestamp":1674757391796,"level":"debug","message":"Executing script testing (afterRender)","meta":{"rootId":"jnuml40ngsgtad1","id":"jnuml40ngsgtad1"},"id":"uwqgmnuk5r1g601","previousOperationId":"ueyrdpu0dn9ybnt"}
{"type":"operationStart","subtype":"scriptsAfterRender","name":"scripts afterRender","timestamp":1674757391806,"id":"23z8udftskds7mb","previousEventId":"0wy645qm8qox89y","operationId":"vnxwbzgspz6vi6u","previousOperationId":"ueyrdpu0dn9ybnt"}
{"type":"operationStart","subtype":"script","name":"scripts testing","previousOperationId":"vnxwbzgspz6vi6u","timestamp":1674757391806,"id":"yoeheg5ymnqiv61","previousEventId":"23z8udftskds7mb","operationId":"qwte3ilg7pez3u6"}
{"type":"operationEnd","operationId":"qwte3ilg7pez3u6","timestamp":1674757393124,"id":"xlwyo60a29kkgnr","previousEventId":"0wy645qm8qox89y","previousOperationId":"ueyrdpu0dn9ybnt"}
{"type":"operationEnd","operationId":"vnxwbzgspz6vi6u","timestamp":1674757393124,"id":"mtdmbq8umztwn6h","previousEventId":"xlwyo60a29kkgnr","previousOperationId":"ueyrdpu0dn9ybnt"}
{"type":"log","timestamp":1674757393124,"level":"debug","message":"Skipping storing report.","meta":{"rootId":"jnuml40ngsgtad1","id":"jnuml40ngsgtad1"},"id":"hkhn8sfvfk4nxlh","previousOperationId":"vnxwbzgspz6vi6u"}
{"type":"log","timestamp":1674757393124,"level":"info","message":"Rendering request 6 finished in 2347 ms","meta":{"rootId":"jnuml40ngsgtad1","id":"jnuml40ngsgtad1"},"id":"0iejico37hbmadv","previousOperationId":"vnxwbzgspz6vi6u"}
{"type":"operationEnd","subtype":"render","operationId":"rvplgn53a8dptx8","timestamp":1674757393124,"id":"eesihxuyalod4ki","previousEventId":"mtdmbq8umztwn6h","previousOperationId":"vnxwbzgspz6vi6u"}
{"type":"operationEnd","doDiffs":false,"previousEventId":"u2vk9sopb2u7bgq","previousOperationId":"uuqy0xkohp4o4uk","operationId":"uuqy0xkohp4o4uk","timestamp":1674757393130,"id":"m9j6x4nk32zmo5e"}
