{"type":"operationStart","subtype":"profile","data":{"_id":"s6eNJrxe2Ef9kAd6","timestamp":"2023-01-26T17:38:14.269Z","state":"queued","mode":"standard","creationDate":"2023-01-26T17:38:14.271Z","modificationDate":"2023-01-26T17:38:14.271Z","shortid":"_B-o8lf","$entitySet":"profiles"},"doDiffs":false,"timestamp":1674754694270,"id":"6p6yoysnzcfm24g","previousOperationId":null,"operationId":"u1sfdtwpzif0s6d"}
{"type":"log","level":"info","message":"Render request 4 queued for execution and waiting for available worker","previousOperationId":"u1sfdtwpzif0s6d","timestamp":1674754694270,"id":"nha4ji9pq9ktzqq"}
{"type":"operationStart","subtype":"render","name":"Data","previousOperationId":"u1sfdtwpzif0s6d","timestamp":1674754694279,"id":"spgju4y4kwtcurb","previousEventId":"6p6yoysnzcfm24g","operationId":"21pag3vau4wfvhr"}
{"type":"log","timestamp":1674754694279,"level":"info","message":"Starting rendering request 4","meta":{"rootId":"juq756htq7akwfu","id":"juq756htq7akwfu"},"id":"sbnlmrugtowvwxw","previousOperationId":"21pag3vau4wfvhr"}
{"type":"log","timestamp":1674754694279,"level":"info","message":"Rendering template { name: Data, recipe: chrome-pdf, engine: handlebars, preview: true }","meta":{"rootId":"juq756htq7akwfu","id":"juq756htq7akwfu"},"id":"gfb32883s8e4hxo","previousOperationId":"21pag3vau4wfvhr"}
{"type":"log","timestamp":1674754694280,"level":"debug","message":"Data item not defined for this template.","meta":{"rootId":"juq756htq7akwfu","id":"juq756htq7akwfu"},"id":"ss4cwev181vhz6o","previousOperationId":"21pag3vau4wfvhr"}
{"type":"log","timestamp":1674754694283,"level":"debug","message":"Executing script testing (beforeRender)","meta":{"rootId":"juq756htq7akwfu","id":"juq756htq7akwfu"},"id":"huh7kln1c8yakes","previousOperationId":"21pag3vau4wfvhr"}
{"type":"operationStart","subtype":"scriptsBeforeRender","name":"scripts beforeRender","timestamp":1674754694337,"id":"1szbw58zj57r3s0","previousEventId":"spgju4y4kwtcurb","operationId":"47mm41oh338rywk","previousOperationId":"21pag3vau4wfvhr"}
{"type":"operationStart","subtype":"script","name":"scripts testing","previousOperationId":"47mm41oh338rywk","timestamp":1674754694337,"id":"abqc1f8mcv51n03","previousEventId":"1szbw58zj57r3s0","operationId":"i5dm86vrm1ujkxv"}
{"type":"log","timestamp":1674754694669,"level":"debug","message":"(console:log) {\n  locationName: [ 'Las Palmas de Gran Canaria', 'Galdar', 'Teror' ],\n  repetition: [ '2', '1', '3' ]\n}","meta":{"userLevel":true,"rootId":"juq756htq7akwfu","id":"juq756htq7akwfu"},"id":"ur91fmk0ufmzy1e","previousOperationId":"i5dm86vrm1ujkxv"}
{"type":"log","timestamp":1674754694669,"level":"debug","message":"(console:log) [ 'Las Palmas de Gran Canaria', 'Galdar', 'Teror' ]","meta":{"userLevel":true,"rootId":"juq756htq7akwfu","id":"juq756htq7akwfu"},"id":"j1s3kb6x55jmqct","previousOperationId":"i5dm86vrm1ujkxv"}
{"type":"log","timestamp":1674754694669,"level":"debug","message":"(console:log) [ '2', '1', '3' ]","meta":{"userLevel":true,"rootId":"juq756htq7akwfu","id":"juq756htq7akwfu"},"id":"exgfwnz8s7z8hdo","previousOperationId":"i5dm86vrm1ujkxv"}
{"type":"operationEnd","operationId":"i5dm86vrm1ujkxv","timestamp":1674754695077,"id":"4i6zw1h6as2elz0","previousEventId":"spgju4y4kwtcurb","previousOperationId":"21pag3vau4wfvhr"}
{"type":"operationEnd","operationId":"47mm41oh338rywk","timestamp":1674754695078,"id":"cmwaigmxcor10vw","previousEventId":"4i6zw1h6as2elz0","previousOperationId":"21pag3vau4wfvhr"}
{"type":"log","timestamp":1674754695078,"level":"debug","message":"Base url not specified, skipping its injection.","meta":{"rootId":"juq756htq7akwfu","id":"juq756htq7akwfu"},"id":"nrylvh53ax5sa6e","previousOperationId":"47mm41oh338rywk"}
{"type":"operationStart","subtype":"engine","name":"handlebars","timestamp":1674754695078,"id":"ogu76oiafcoos3g","previousEventId":"cmwaigmxcor10vw","operationId":"aywwnx354gmq3pt","previousOperationId":"47mm41oh338rywk"}
{"type":"log","timestamp":1674754695078,"level":"debug","message":"Rendering engine handlebars","meta":{"rootId":"juq756htq7akwfu","id":"juq756htq7akwfu"},"id":"20wzpsqatayzxky","previousOperationId":"aywwnx354gmq3pt"}
{"type":"operationEnd","operationId":"aywwnx354gmq3pt","timestamp":1674754695092,"id":"xv147frb3xuaa3t","previousEventId":"ogu76oiafcoos3g","previousOperationId":"aywwnx354gmq3pt"}
{"type":"operationStart","subtype":"recipe","name":"chrome-pdf","timestamp":1674754695093,"id":"2szlu4eg6il0ok3","previousEventId":"xv147frb3xuaa3t","operationId":"4ncfua43k1z6sqg","previousOperationId":"aywwnx354gmq3pt"}
{"type":"log","timestamp":1674754695093,"level":"debug","message":"Executing recipe chrome-pdf","meta":{"rootId":"juq756htq7akwfu","id":"juq756htq7akwfu"},"id":"pj2df6xi36p43b3","previousOperationId":"4ncfua43k1z6sqg"}
{"type":"log","timestamp":1674754695097,"level":"debug","message":"Converting with chrome HeadlessChrome/105.0.5173.0 using chrome-pool strategy","meta":{"rootId":"juq756htq7akwfu","id":"juq756htq7akwfu"},"id":"hogg0lwix2q82nb","previousOperationId":"4ncfua43k1z6sqg"}
{"type":"log","timestamp":1674754695201,"level":"debug","message":"Page request: GET (document) file:///C:/Users/Johan/AppData/Local/Temp/jsreport/autocleanup/3cfed208-18bd-4603-bbeb-1d1c466c6e82-chrome-pdf.html","meta":{"rootId":"juq756htq7akwfu","id":"juq756htq7akwfu"},"id":"qyufuff3inog386","previousOperationId":"4ncfua43k1z6sqg"}
{"type":"log","timestamp":1674754695221,"level":"debug","message":"Page request: GET (stylesheet) https://cdnjs.cloudflare.com/ajax/libs/metro/4.1.5/css/metro.min.css","meta":{"rootId":"juq756htq7akwfu","id":"juq756htq7akwfu"},"id":"wwt2l6rbdvhyzam","previousOperationId":"4ncfua43k1z6sqg"}
{"type":"log","timestamp":1674754695221,"level":"debug","message":"Page request: GET (stylesheet) https://cdnjs.cloudflare.com/ajax/libs/chartist/0.11.0/chartist.min.css","meta":{"rootId":"juq756htq7akwfu","id":"juq756htq7akwfu"},"id":"msn6kl7zvp5kqne","previousOperationId":"4ncfua43k1z6sqg"}
{"type":"log","timestamp":1674754695221,"level":"debug","message":"Page request: GET (script) https://cdnjs.cloudflare.com/ajax/libs/chartist/0.11.0/chartist.min.js","meta":{"rootId":"juq756htq7akwfu","id":"juq756htq7akwfu"},"id":"8onkgclwnayxw4g","previousOperationId":"4ncfua43k1z6sqg"}
{"type":"log","timestamp":1674754695222,"level":"debug","message":"Page request finished: GET (document) 200 file:///C:/Users/Johan/AppData/Local/Temp/jsreport/autocleanup/3cfed208-18bd-4603-bbeb-1d1c466c6e82-chrome-pdf.html","meta":{"rootId":"juq756htq7akwfu","id":"juq756htq7akwfu"},"id":"wojnsfuqg0wdo7d","previousOperationId":"4ncfua43k1z6sqg"}
{"type":"log","timestamp":1674754695222,"level":"debug","message":"Page request: GET (script) https://unpkg.com/chartist-plugin-tooltips@0.0.17","meta":{"rootId":"juq756htq7akwfu","id":"juq756htq7akwfu"},"id":"05mnofhab3qxq9l","previousOperationId":"4ncfua43k1z6sqg"}
{"type":"log","timestamp":1674754695222,"level":"debug","message":"Page request: GET (script) https://unpkg.com/chartist-plugin-pointlabels@0.0.6","meta":{"rootId":"juq756htq7akwfu","id":"juq756htq7akwfu"},"id":"oj55n5fhulm0ydt","previousOperationId":"4ncfua43k1z6sqg"}
{"type":"log","timestamp":1674754695226,"level":"debug","message":"Page request finished: GET (stylesheet) 200 https://cdnjs.cloudflare.com/ajax/libs/chartist/0.11.0/chartist.min.css","meta":{"rootId":"juq756htq7akwfu","id":"juq756htq7akwfu"},"id":"oc1le4zb0w8utf0","previousOperationId":"4ncfua43k1z6sqg"}
{"type":"log","timestamp":1674754695228,"level":"warn","message":"Page request failed: GET (script) 302 https://unpkg.com/chartist-plugin-tooltips@0.0.17 (redirect to: /chartist-plugin-tooltips@0.0.17/dist/chartist-plugin-tooltip.js)","meta":{"rootId":"juq756htq7akwfu","id":"juq756htq7akwfu"},"id":"nk17lopeljchne4","previousOperationId":"4ncfua43k1z6sqg"}
{"type":"log","timestamp":1674754695228,"level":"debug","message":"Page request: GET (script) https://unpkg.com/chartist-plugin-tooltips@0.0.17/dist/chartist-plugin-tooltip.js (redirect from: https://unpkg.com/chartist-plugin-tooltips@0.0.17)","meta":{"rootId":"juq756htq7akwfu","id":"juq756htq7akwfu"},"id":"eklxyfvyctts88d","previousOperationId":"4ncfua43k1z6sqg"}
{"type":"log","timestamp":1674754695229,"level":"warn","message":"Page request failed: GET (script) 302 https://unpkg.com/chartist-plugin-pointlabels@0.0.6 (redirect to: /chartist-plugin-pointlabels@0.0.6/dist/chartist-plugin-pointlabels.js)","meta":{"rootId":"juq756htq7akwfu","id":"juq756htq7akwfu"},"id":"vv4t5bhwiyp92zp","previousOperationId":"4ncfua43k1z6sqg"}
{"type":"log","timestamp":1674754695229,"level":"debug","message":"Page request finished: GET (script) 200 https://cdnjs.cloudflare.com/ajax/libs/chartist/0.11.0/chartist.min.js","meta":{"rootId":"juq756htq7akwfu","id":"juq756htq7akwfu"},"id":"a6xg53v11oztrtu","previousOperationId":"4ncfua43k1z6sqg"}
{"type":"log","timestamp":1674754695229,"level":"debug","message":"Page request: GET (script) https://unpkg.com/chartist-plugin-pointlabels@0.0.6/dist/chartist-plugin-pointlabels.js (redirect from: https://unpkg.com/chartist-plugin-pointlabels@0.0.6)","meta":{"rootId":"juq756htq7akwfu","id":"juq756htq7akwfu"},"id":"cn1zz4s785tt3xh","previousOperationId":"4ncfua43k1z6sqg"}
{"type":"log","timestamp":1674754695244,"level":"debug","message":"Page request finished: GET (stylesheet) 200 https://cdnjs.cloudflare.com/ajax/libs/metro/4.1.5/css/metro.min.css","meta":{"rootId":"juq756htq7akwfu","id":"juq756htq7akwfu"},"id":"zw933p6gwdn6473","previousOperationId":"4ncfua43k1z6sqg"}
{"type":"log","timestamp":1674754695246,"level":"debug","message":"Page request finished: GET (script) 200 https://unpkg.com/chartist-plugin-tooltips@0.0.17/dist/chartist-plugin-tooltip.js","meta":{"rootId":"juq756htq7akwfu","id":"juq756htq7akwfu"},"id":"w6iw1lbhmtgxp8o","previousOperationId":"4ncfua43k1z6sqg"}
{"type":"log","timestamp":1674754695246,"level":"debug","message":"Page request finished: GET (script) 200 https://unpkg.com/chartist-plugin-pointlabels@0.0.6/dist/chartist-plugin-pointlabels.js","meta":{"rootId":"juq756htq7akwfu","id":"juq756htq7akwfu"},"id":"hvczhnxsi1915fp","previousOperationId":"4ncfua43k1z6sqg"}
{"type":"log","timestamp":1674754695249,"level":"debug","message":"(console:log) Me he venido","meta":{"userLevel":true,"rootId":"juq756htq7akwfu","id":"juq756htq7akwfu"},"id":"oc3earr913mr6i1","previousOperationId":"4ncfua43k1z6sqg"}
{"type":"log","timestamp":1674754695250,"level":"debug","message":"(console:log) JSHandle@array","meta":{"userLevel":true,"rootId":"juq756htq7akwfu","id":"juq756htq7akwfu"},"id":"q9jrggvqfp0thb7","previousOperationId":"4ncfua43k1z6sqg"}
{"type":"log","timestamp":1674754695342,"level":"debug","message":"Running chrome with params {\"printBackground\":true,\"timeout\":59173,\"margin\":{}}","meta":{"rootId":"juq756htq7akwfu","id":"juq756htq7akwfu"},"id":"jab5v0m7vnlexn6","previousOperationId":"4ncfua43k1z6sqg"}
{"type":"operationEnd","operationId":"4ncfua43k1z6sqg","timestamp":1674754695479,"id":"slgdvjobjnxbrne","previousEventId":"2szlu4eg6il0ok3","previousOperationId":"4ncfua43k1z6sqg"}
{"type":"log","timestamp":1674754695479,"level":"debug","message":"Executing script testing (afterRender)","meta":{"rootId":"juq756htq7akwfu","id":"juq756htq7akwfu"},"id":"xxciauqzems8mg7","previousOperationId":"4ncfua43k1z6sqg"}
{"type":"operationStart","subtype":"scriptsAfterRender","name":"scripts afterRender","timestamp":1674754695486,"id":"czgcn7u4te8ycwe","previousEventId":"slgdvjobjnxbrne","operationId":"nje6e7wbyohc6nd","previousOperationId":"4ncfua43k1z6sqg"}
{"type":"operationStart","subtype":"script","name":"scripts testing","previousOperationId":"nje6e7wbyohc6nd","timestamp":1674754695486,"id":"6cnb8y7bm9btceh","previousEventId":"czgcn7u4te8ycwe","operationId":"y6asl24e0pjua5w"}
{"type":"operationEnd","operationId":"y6asl24e0pjua5w","timestamp":1674754696813,"id":"hnkwf73eigl50df","previousEventId":"slgdvjobjnxbrne","previousOperationId":"4ncfua43k1z6sqg"}
{"type":"operationEnd","operationId":"nje6e7wbyohc6nd","timestamp":1674754696813,"id":"9pmharvtuc96i1a","previousEventId":"hnkwf73eigl50df","previousOperationId":"4ncfua43k1z6sqg"}
{"type":"log","timestamp":1674754696813,"level":"debug","message":"Skipping storing report.","meta":{"rootId":"juq756htq7akwfu","id":"juq756htq7akwfu"},"id":"q57i3ombmsor07k","previousOperationId":"nje6e7wbyohc6nd"}
{"type":"log","timestamp":1674754696813,"level":"info","message":"Rendering request 4 finished in 2544 ms","meta":{"rootId":"juq756htq7akwfu","id":"juq756htq7akwfu"},"id":"4es6xgn78r56be8","previousOperationId":"nje6e7wbyohc6nd"}
{"type":"operationEnd","subtype":"render","operationId":"21pag3vau4wfvhr","timestamp":1674754696813,"id":"xr7ysoe7a7h8pw4","previousEventId":"9pmharvtuc96i1a","previousOperationId":"nje6e7wbyohc6nd"}
{"type":"operationEnd","doDiffs":false,"previousEventId":"6p6yoysnzcfm24g","previousOperationId":"u1sfdtwpzif0s6d","operationId":"u1sfdtwpzif0s6d","timestamp":1674754696817,"id":"orkbgg77jep03d6"}
