{"type":"operationStart","subtype":"profile","data":{"_id":"uAd2f0gbc7In7FlT","timestamp":"2023-01-26T16:31:58.038Z","state":"queued","mode":"standard","creationDate":"2023-01-26T16:31:58.044Z","modificationDate":"2023-01-26T16:31:58.044Z","shortid":"if4JJ-N","$entitySet":"profiles"},"doDiffs":false,"timestamp":1674750718043,"id":"ma8k1lh0aj5iqki","previousOperationId":null,"operationId":"twyrfrpphlx9qct"}
{"type":"log","level":"info","message":"Render request 4 queued for execution and waiting for available worker","previousOperationId":"twyrfrpphlx9qct","timestamp":1674750718043,"id":"d6rs1ou5y3a0s8l"}
{"type":"operationStart","subtype":"render","name":"Data","previousOperationId":"twyrfrpphlx9qct","timestamp":1674750718061,"id":"h8dil84ex1bwyps","previousEventId":"ma8k1lh0aj5iqki","operationId":"t5tvd4vntqtk80i"}
{"type":"log","timestamp":1674750718062,"level":"info","message":"Starting rendering request 4","meta":{"rootId":"k7mw5bh8fick3jg","id":"k7mw5bh8fick3jg"},"id":"6t4e87jpe1w1elt","previousOperationId":"t5tvd4vntqtk80i"}
{"type":"log","timestamp":1674750718064,"level":"info","message":"Rendering template { name: Data, recipe: chrome-pdf, engine: handlebars, preview: true }","meta":{"rootId":"k7mw5bh8fick3jg","id":"k7mw5bh8fick3jg"},"id":"p49y7b5he9jqbh8","previousOperationId":"t5tvd4vntqtk80i"}
{"type":"log","timestamp":1674750718066,"level":"debug","message":"Data item not defined for this template.","meta":{"rootId":"k7mw5bh8fick3jg","id":"k7mw5bh8fick3jg"},"id":"m22n134xm4zszni","previousOperationId":"t5tvd4vntqtk80i"}
{"type":"log","timestamp":1674750718082,"level":"debug","message":"Executing script testing (beforeRender)","meta":{"rootId":"k7mw5bh8fick3jg","id":"k7mw5bh8fick3jg"},"id":"sl2s3ec1z5jrgdi","previousOperationId":"t5tvd4vntqtk80i"}
{"type":"operationStart","subtype":"scriptsBeforeRender","name":"scripts beforeRender","timestamp":1674750718174,"id":"v0uz7rzotusro1i","previousEventId":"h8dil84ex1bwyps","operationId":"5vef9azeb11yrqf","previousOperationId":"t5tvd4vntqtk80i"}
{"type":"operationStart","subtype":"script","name":"scripts testing","previousOperationId":"5vef9azeb11yrqf","timestamp":1674750718174,"id":"edghmr7qdcc8ndt","previousEventId":"v0uz7rzotusro1i","operationId":"4whq2t32qz66juc"}
{"type":"log","timestamp":1674750718518,"level":"debug","message":"(console:log) {\n  name: [ 'Las Palmas de Gran Canaria', 'Galdar', 'Teror' ],\n  repetition: [ '2', '1', '3' ]\n}","meta":{"userLevel":true,"rootId":"k7mw5bh8fick3jg","id":"k7mw5bh8fick3jg"},"id":"i8gjgvl4dbnwglt","previousOperationId":"4whq2t32qz66juc"}
{"type":"operationEnd","operationId":"4whq2t32qz66juc","timestamp":1674750718915,"id":"6s6ra6e9jtuhfj9","previousEventId":"h8dil84ex1bwyps","previousOperationId":"t5tvd4vntqtk80i"}
{"type":"operationEnd","operationId":"5vef9azeb11yrqf","timestamp":1674750718915,"id":"49t4f93c2p7rb8c","previousEventId":"6s6ra6e9jtuhfj9","previousOperationId":"t5tvd4vntqtk80i"}
{"type":"log","timestamp":1674750718915,"level":"debug","message":"Base url not specified, skipping its injection.","meta":{"rootId":"k7mw5bh8fick3jg","id":"k7mw5bh8fick3jg"},"id":"dxslngl1xfwbfdx","previousOperationId":"5vef9azeb11yrqf"}
{"type":"operationStart","subtype":"engine","name":"handlebars","timestamp":1674750718915,"id":"sbdzi49u843im92","previousEventId":"49t4f93c2p7rb8c","operationId":"iqna6n8iuu7t5rz","previousOperationId":"5vef9azeb11yrqf"}
{"type":"log","timestamp":1674750718915,"level":"debug","message":"Rendering engine handlebars","meta":{"rootId":"k7mw5bh8fick3jg","id":"k7mw5bh8fick3jg"},"id":"w26o2423uz4c303","previousOperationId":"iqna6n8iuu7t5rz"}
{"type":"operationEnd","operationId":"iqna6n8iuu7t5rz","timestamp":1674750718928,"id":"xnk969ccv9ffszj","previousEventId":"sbdzi49u843im92","previousOperationId":"iqna6n8iuu7t5rz"}
{"type":"operationStart","subtype":"recipe","name":"chrome-pdf","timestamp":1674750718928,"id":"sjztv1sqlscmjey","previousEventId":"xnk969ccv9ffszj","operationId":"gpzrwzoao1782gu","previousOperationId":"iqna6n8iuu7t5rz"}
{"type":"log","timestamp":1674750718928,"level":"debug","message":"Executing recipe chrome-pdf","meta":{"rootId":"k7mw5bh8fick3jg","id":"k7mw5bh8fick3jg"},"id":"615kqkc6wthj3pm","previousOperationId":"gpzrwzoao1782gu"}
{"type":"log","timestamp":1674750718935,"level":"debug","message":"Converting with chrome HeadlessChrome/105.0.5173.0 using chrome-pool strategy","meta":{"rootId":"k7mw5bh8fick3jg","id":"k7mw5bh8fick3jg"},"id":"i24smmesyjlkw2s","previousOperationId":"gpzrwzoao1782gu"}
{"type":"log","timestamp":1674750719039,"level":"debug","message":"Page request: GET (document) file:///C:/Users/Johan/AppData/Local/Temp/jsreport/autocleanup/b77e4fa1-773e-4771-af3d-4a3a8eaf78f2-chrome-pdf.html","meta":{"rootId":"k7mw5bh8fick3jg","id":"k7mw5bh8fick3jg"},"id":"4dyh9l1xj2xr0pv","previousOperationId":"gpzrwzoao1782gu"}
{"type":"log","timestamp":1674750719066,"level":"debug","message":"Page request: GET (stylesheet) https://cdnjs.cloudflare.com/ajax/libs/metro/4.1.5/css/metro.min.css","meta":{"rootId":"k7mw5bh8fick3jg","id":"k7mw5bh8fick3jg"},"id":"j15jj6d78hjw543","previousOperationId":"gpzrwzoao1782gu"}
{"type":"log","timestamp":1674750719066,"level":"debug","message":"Page request: GET (stylesheet) https://cdnjs.cloudflare.com/ajax/libs/chartist/0.11.0/chartist.min.css","meta":{"rootId":"k7mw5bh8fick3jg","id":"k7mw5bh8fick3jg"},"id":"5m2kbafsspjbk1d","previousOperationId":"gpzrwzoao1782gu"}
{"type":"log","timestamp":1674750719067,"level":"debug","message":"Page request: GET (script) https://cdnjs.cloudflare.com/ajax/libs/chartist/0.11.0/chartist.min.js","meta":{"rootId":"k7mw5bh8fick3jg","id":"k7mw5bh8fick3jg"},"id":"9mj9qu39o4a2opu","previousOperationId":"gpzrwzoao1782gu"}
{"type":"log","timestamp":1674750719067,"level":"debug","message":"Page request: GET (script) https://unpkg.com/chartist-plugin-tooltips@0.0.17","meta":{"rootId":"k7mw5bh8fick3jg","id":"k7mw5bh8fick3jg"},"id":"g2d9ejq5mj5pzm7","previousOperationId":"gpzrwzoao1782gu"}
{"type":"log","timestamp":1674750719067,"level":"debug","message":"Page request: GET (script) https://unpkg.com/chartist-plugin-pointlabels@0.0.6","meta":{"rootId":"k7mw5bh8fick3jg","id":"k7mw5bh8fick3jg"},"id":"zrsynit80b1ujs1","previousOperationId":"gpzrwzoao1782gu"}
{"type":"log","timestamp":1674750719069,"level":"debug","message":"Page request finished: GET (document) 200 file:///C:/Users/Johan/AppData/Local/Temp/jsreport/autocleanup/b77e4fa1-773e-4771-af3d-4a3a8eaf78f2-chrome-pdf.html","meta":{"rootId":"k7mw5bh8fick3jg","id":"k7mw5bh8fick3jg"},"id":"a75l6n12w4an89b","previousOperationId":"gpzrwzoao1782gu"}
{"type":"log","timestamp":1674750719074,"level":"warn","message":"Page request failed: GET (script) 302 https://unpkg.com/chartist-plugin-tooltips@0.0.17 (redirect to: /chartist-plugin-tooltips@0.0.17/dist/chartist-plugin-tooltip.js)","meta":{"rootId":"k7mw5bh8fick3jg","id":"k7mw5bh8fick3jg"},"id":"ia6r8afl59tqzyv","previousOperationId":"gpzrwzoao1782gu"}
{"type":"log","timestamp":1674750719075,"level":"debug","message":"Page request: GET (script) https://unpkg.com/chartist-plugin-tooltips@0.0.17/dist/chartist-plugin-tooltip.js (redirect from: https://unpkg.com/chartist-plugin-tooltips@0.0.17)","meta":{"rootId":"k7mw5bh8fick3jg","id":"k7mw5bh8fick3jg"},"id":"3sbmpfbdma1fvbx","previousOperationId":"gpzrwzoao1782gu"}
{"type":"log","timestamp":1674750719077,"level":"debug","message":"Page request finished: GET (stylesheet) 200 https://cdnjs.cloudflare.com/ajax/libs/chartist/0.11.0/chartist.min.css","meta":{"rootId":"k7mw5bh8fick3jg","id":"k7mw5bh8fick3jg"},"id":"apva8gs7modcbjk","previousOperationId":"gpzrwzoao1782gu"}
{"type":"log","timestamp":1674750719078,"level":"warn","message":"Page request failed: GET (script) 302 https://unpkg.com/chartist-plugin-pointlabels@0.0.6 (redirect to: /chartist-plugin-pointlabels@0.0.6/dist/chartist-plugin-pointlabels.js)","meta":{"rootId":"k7mw5bh8fick3jg","id":"k7mw5bh8fick3jg"},"id":"79oc02sr51oxpdb","previousOperationId":"gpzrwzoao1782gu"}
{"type":"log","timestamp":1674750719078,"level":"debug","message":"Page request: GET (script) https://unpkg.com/chartist-plugin-pointlabels@0.0.6/dist/chartist-plugin-pointlabels.js (redirect from: https://unpkg.com/chartist-plugin-pointlabels@0.0.6)","meta":{"rootId":"k7mw5bh8fick3jg","id":"k7mw5bh8fick3jg"},"id":"mk491n3xxj5dl8b","previousOperationId":"gpzrwzoao1782gu"}
{"type":"log","timestamp":1674750719079,"level":"debug","message":"Page request finished: GET (script) 200 https://cdnjs.cloudflare.com/ajax/libs/chartist/0.11.0/chartist.min.js","meta":{"rootId":"k7mw5bh8fick3jg","id":"k7mw5bh8fick3jg"},"id":"y9htautcu80ep0e","previousOperationId":"gpzrwzoao1782gu"}
{"type":"log","timestamp":1674750719094,"level":"debug","message":"Page request finished: GET (stylesheet) 200 https://cdnjs.cloudflare.com/ajax/libs/metro/4.1.5/css/metro.min.css","meta":{"rootId":"k7mw5bh8fick3jg","id":"k7mw5bh8fick3jg"},"id":"92hcij7hewwf3jc","previousOperationId":"gpzrwzoao1782gu"}
{"type":"log","timestamp":1674750719096,"level":"debug","message":"Page request finished: GET (script) 200 https://unpkg.com/chartist-plugin-tooltips@0.0.17/dist/chartist-plugin-tooltip.js","meta":{"rootId":"k7mw5bh8fick3jg","id":"k7mw5bh8fick3jg"},"id":"etzswr5ywyc5sdc","previousOperationId":"gpzrwzoao1782gu"}
{"type":"log","timestamp":1674750719096,"level":"debug","message":"Page request finished: GET (script) 200 https://unpkg.com/chartist-plugin-pointlabels@0.0.6/dist/chartist-plugin-pointlabels.js","meta":{"rootId":"k7mw5bh8fick3jg","id":"k7mw5bh8fick3jg"},"id":"r0dx0z7vou71bjx","previousOperationId":"gpzrwzoao1782gu"}
{"type":"log","timestamp":1674750719101,"level":"debug","message":"(console:log) Me he venido","meta":{"userLevel":true,"rootId":"k7mw5bh8fick3jg","id":"k7mw5bh8fick3jg"},"id":"qxy3sothwembu8c","previousOperationId":"gpzrwzoao1782gu"}
{"type":"log","timestamp":1674750719149,"level":"debug","message":"Running chrome with params {\"printBackground\":true,\"timeout\":59104,\"margin\":{}}","meta":{"rootId":"k7mw5bh8fick3jg","id":"k7mw5bh8fick3jg"},"id":"q6eqs16f8ctzkeb","previousOperationId":"gpzrwzoao1782gu"}
{"type":"operationEnd","operationId":"gpzrwzoao1782gu","timestamp":1674750719315,"id":"1c97i1sn3v1l7m8","previousEventId":"sjztv1sqlscmjey","previousOperationId":"gpzrwzoao1782gu"}
{"type":"log","timestamp":1674750719315,"level":"debug","message":"Executing script testing (afterRender)","meta":{"rootId":"k7mw5bh8fick3jg","id":"k7mw5bh8fick3jg"},"id":"84hepe1zt5zupia","previousOperationId":"gpzrwzoao1782gu"}
{"type":"operationStart","subtype":"scriptsAfterRender","name":"scripts afterRender","timestamp":1674750719326,"id":"ys7a44zqwpzzw6w","previousEventId":"1c97i1sn3v1l7m8","operationId":"xnwwvgr49nlgr0x","previousOperationId":"gpzrwzoao1782gu"}
{"type":"operationStart","subtype":"script","name":"scripts testing","previousOperationId":"xnwwvgr49nlgr0x","timestamp":1674750719326,"id":"2vykc34i9rxmbd4","previousEventId":"ys7a44zqwpzzw6w","operationId":"0lbte21tai9pw3m"}
{"type":"operationEnd","operationId":"0lbte21tai9pw3m","timestamp":1674750720433,"id":"2zkmkh48z8mnvi7","previousEventId":"1c97i1sn3v1l7m8","previousOperationId":"gpzrwzoao1782gu"}
{"type":"operationEnd","operationId":"xnwwvgr49nlgr0x","timestamp":1674750720433,"id":"f4okozkh313zv6j","previousEventId":"2zkmkh48z8mnvi7","previousOperationId":"gpzrwzoao1782gu"}
{"type":"log","timestamp":1674750720433,"level":"debug","message":"Skipping storing report.","meta":{"rootId":"k7mw5bh8fick3jg","id":"k7mw5bh8fick3jg"},"id":"pl19z4z2gkpphfu","previousOperationId":"xnwwvgr49nlgr0x"}
{"type":"log","timestamp":1674750720433,"level":"info","message":"Rendering request 4 finished in 2395 ms","meta":{"rootId":"k7mw5bh8fick3jg","id":"k7mw5bh8fick3jg"},"id":"gxukv65cq4kaylw","previousOperationId":"xnwwvgr49nlgr0x"}
{"type":"operationEnd","subtype":"render","operationId":"t5tvd4vntqtk80i","timestamp":1674750720433,"id":"j5f7ay4f606eulw","previousEventId":"f4okozkh313zv6j","previousOperationId":"xnwwvgr49nlgr0x"}
{"type":"operationEnd","doDiffs":false,"previousEventId":"ma8k1lh0aj5iqki","previousOperationId":"twyrfrpphlx9qct","operationId":"twyrfrpphlx9qct","timestamp":1674750720438,"id":"lsgyxf4zq9y5sfu"}
