{"type":"operationStart","subtype":"profile","data":{"_id":"m7dfaVWOJhskAotY","timestamp":"2023-01-26T17:37:58.247Z","state":"queued","mode":"standard","creationDate":"2023-01-26T17:37:58.250Z","modificationDate":"2023-01-26T17:37:58.250Z","shortid":"wFNtVOm","$entitySet":"profiles"},"doDiffs":false,"timestamp":1674754678249,"id":"16et9m6cztnsyis","previousOperationId":null,"operationId":"9zw2mp1xk8jkhvw"}
{"type":"log","level":"info","message":"Render request 3 queued for execution and waiting for available worker","previousOperationId":"9zw2mp1xk8jkhvw","timestamp":1674754678249,"id":"1fx7txnujqmu7vz"}
{"type":"operationStart","subtype":"render","name":"Data","previousOperationId":"9zw2mp1xk8jkhvw","timestamp":1674754678259,"id":"ygnyoufxk6wpbz6","previousEventId":"16et9m6cztnsyis","operationId":"01husl8x6onb8oc"}
{"type":"log","timestamp":1674754678259,"level":"info","message":"Starting rendering request 3","meta":{"rootId":"kcuuhlf2gbz6esr","id":"kcuuhlf2gbz6esr"},"id":"cjjipbjbqaj2gpf","previousOperationId":"01husl8x6onb8oc"}
{"type":"log","timestamp":1674754678259,"level":"info","message":"Rendering template { name: Data, recipe: chrome-pdf, engine: handlebars, preview: true }","meta":{"rootId":"kcuuhlf2gbz6esr","id":"kcuuhlf2gbz6esr"},"id":"8lc6lc5dz9abdbi","previousOperationId":"01husl8x6onb8oc"}
{"type":"log","timestamp":1674754678260,"level":"debug","message":"Data item not defined for this template.","meta":{"rootId":"kcuuhlf2gbz6esr","id":"kcuuhlf2gbz6esr"},"id":"od52otqbh5iarkk","previousOperationId":"01husl8x6onb8oc"}
{"type":"log","timestamp":1674754678263,"level":"debug","message":"Executing script testing (beforeRender)","meta":{"rootId":"kcuuhlf2gbz6esr","id":"kcuuhlf2gbz6esr"},"id":"k288r5p7xp018j8","previousOperationId":"01husl8x6onb8oc"}
{"type":"operationStart","subtype":"scriptsBeforeRender","name":"scripts beforeRender","timestamp":1674754678329,"id":"ei7shjd8sa2k5t0","previousEventId":"ygnyoufxk6wpbz6","operationId":"ome5dwmxmsjendc","previousOperationId":"01husl8x6onb8oc"}
{"type":"operationStart","subtype":"script","name":"scripts testing","previousOperationId":"ome5dwmxmsjendc","timestamp":1674754678329,"id":"a2hzesp8rm5j0sa","previousEventId":"ei7shjd8sa2k5t0","operationId":"rp86gbj1e2v1ou4"}
{"type":"log","timestamp":1674754678537,"level":"debug","message":"(console:log) {\n  locationName: [ 'Las Palmas de Gran Canaria', 'Galdar', 'Teror' ],\n  repetition: [ '2', '1', '3' ]\n}","meta":{"userLevel":true,"rootId":"kcuuhlf2gbz6esr","id":"kcuuhlf2gbz6esr"},"id":"5as1qfcw3millzu","previousOperationId":"rp86gbj1e2v1ou4"}
{"type":"log","timestamp":1674754678537,"level":"debug","message":"(console:log) [ 'Las Palmas de Gran Canaria', 'Galdar', 'Teror' ]","meta":{"userLevel":true,"rootId":"kcuuhlf2gbz6esr","id":"kcuuhlf2gbz6esr"},"id":"t54m4z14efgte54","previousOperationId":"rp86gbj1e2v1ou4"}
{"type":"log","timestamp":1674754678537,"level":"debug","message":"(console:log) [ '2', '1', '3' ]","meta":{"userLevel":true,"rootId":"kcuuhlf2gbz6esr","id":"kcuuhlf2gbz6esr"},"id":"y2tkely0ej177u2","previousOperationId":"rp86gbj1e2v1ou4"}
{"type":"operationEnd","operationId":"rp86gbj1e2v1ou4","timestamp":1674754678979,"id":"z9yy0ofjopko681","previousEventId":"ygnyoufxk6wpbz6","previousOperationId":"01husl8x6onb8oc"}
{"type":"operationEnd","operationId":"ome5dwmxmsjendc","timestamp":1674754678979,"id":"olg53kr687cr7bw","previousEventId":"z9yy0ofjopko681","previousOperationId":"01husl8x6onb8oc"}
{"type":"log","timestamp":1674754678979,"level":"debug","message":"Base url not specified, skipping its injection.","meta":{"rootId":"kcuuhlf2gbz6esr","id":"kcuuhlf2gbz6esr"},"id":"zrt5hsss0f77p4y","previousOperationId":"ome5dwmxmsjendc"}
{"type":"operationStart","subtype":"engine","name":"handlebars","timestamp":1674754678979,"id":"yfwdtnfa0kfcmn3","previousEventId":"olg53kr687cr7bw","operationId":"dvfru9hg3zp3nwd","previousOperationId":"ome5dwmxmsjendc"}
{"type":"log","timestamp":1674754678979,"level":"debug","message":"Rendering engine handlebars","meta":{"rootId":"kcuuhlf2gbz6esr","id":"kcuuhlf2gbz6esr"},"id":"7sp987klskovrvk","previousOperationId":"dvfru9hg3zp3nwd"}
{"type":"operationEnd","operationId":"dvfru9hg3zp3nwd","timestamp":1674754678995,"id":"ai6yrndm59a46i9","previousEventId":"yfwdtnfa0kfcmn3","previousOperationId":"dvfru9hg3zp3nwd"}
{"type":"operationStart","subtype":"recipe","name":"chrome-pdf","timestamp":1674754678995,"id":"7ouds9zgx9c8fhq","previousEventId":"ai6yrndm59a46i9","operationId":"js7viczd445ol0o","previousOperationId":"dvfru9hg3zp3nwd"}
{"type":"log","timestamp":1674754678995,"level":"debug","message":"Executing recipe chrome-pdf","meta":{"rootId":"kcuuhlf2gbz6esr","id":"kcuuhlf2gbz6esr"},"id":"37sapk14sne11v9","previousOperationId":"js7viczd445ol0o"}
{"type":"log","timestamp":1674754679000,"level":"debug","message":"Converting with chrome HeadlessChrome/105.0.5173.0 using chrome-pool strategy","meta":{"rootId":"kcuuhlf2gbz6esr","id":"kcuuhlf2gbz6esr"},"id":"4xez532zcqd77if","previousOperationId":"js7viczd445ol0o"}
{"type":"log","timestamp":1674754679093,"level":"debug","message":"Page request: GET (document) file:///C:/Users/Johan/AppData/Local/Temp/jsreport/autocleanup/8011b756-b20e-41a7-8726-48879b85f80f-chrome-pdf.html","meta":{"rootId":"kcuuhlf2gbz6esr","id":"kcuuhlf2gbz6esr"},"id":"eagcxg3lyg1e3w1","previousOperationId":"js7viczd445ol0o"}
{"type":"log","timestamp":1674754679113,"level":"debug","message":"Page request finished: GET (document) 200 file:///C:/Users/Johan/AppData/Local/Temp/jsreport/autocleanup/8011b756-b20e-41a7-8726-48879b85f80f-chrome-pdf.html","meta":{"rootId":"kcuuhlf2gbz6esr","id":"kcuuhlf2gbz6esr"},"id":"61ehn6ttilzn9w4","previousOperationId":"js7viczd445ol0o"}
{"type":"log","timestamp":1674754679113,"level":"debug","message":"Page request: GET (stylesheet) https://cdnjs.cloudflare.com/ajax/libs/metro/4.1.5/css/metro.min.css","meta":{"rootId":"kcuuhlf2gbz6esr","id":"kcuuhlf2gbz6esr"},"id":"62c9oc6a7io34dc","previousOperationId":"js7viczd445ol0o"}
{"type":"log","timestamp":1674754679113,"level":"debug","message":"Page request: GET (stylesheet) https://cdnjs.cloudflare.com/ajax/libs/chartist/0.11.0/chartist.min.css","meta":{"rootId":"kcuuhlf2gbz6esr","id":"kcuuhlf2gbz6esr"},"id":"ttgzozqaqwzkxz7","previousOperationId":"js7viczd445ol0o"}
{"type":"log","timestamp":1674754679114,"level":"debug","message":"Page request: GET (script) https://cdnjs.cloudflare.com/ajax/libs/chartist/0.11.0/chartist.min.js","meta":{"rootId":"kcuuhlf2gbz6esr","id":"kcuuhlf2gbz6esr"},"id":"cpuk6gjzi36mjyl","previousOperationId":"js7viczd445ol0o"}
{"type":"log","timestamp":1674754679114,"level":"debug","message":"Page request: GET (script) https://unpkg.com/chartist-plugin-tooltips@0.0.17","meta":{"rootId":"kcuuhlf2gbz6esr","id":"kcuuhlf2gbz6esr"},"id":"xjiezn25gyp0r28","previousOperationId":"js7viczd445ol0o"}
{"type":"log","timestamp":1674754679114,"level":"debug","message":"Page request: GET (script) https://unpkg.com/chartist-plugin-pointlabels@0.0.6","meta":{"rootId":"kcuuhlf2gbz6esr","id":"kcuuhlf2gbz6esr"},"id":"o221w4jvosww2zv","previousOperationId":"js7viczd445ol0o"}
{"type":"log","timestamp":1674754679119,"level":"warn","message":"Page request failed: GET (script) 302 https://unpkg.com/chartist-plugin-tooltips@0.0.17 (redirect to: /chartist-plugin-tooltips@0.0.17/dist/chartist-plugin-tooltip.js)","meta":{"rootId":"kcuuhlf2gbz6esr","id":"kcuuhlf2gbz6esr"},"id":"8hxpeqp2cfoqb74","previousOperationId":"js7viczd445ol0o"}
{"type":"log","timestamp":1674754679120,"level":"warn","message":"Page request failed: GET (script) 302 https://unpkg.com/chartist-plugin-pointlabels@0.0.6 (redirect to: /chartist-plugin-pointlabels@0.0.6/dist/chartist-plugin-pointlabels.js)","meta":{"rootId":"kcuuhlf2gbz6esr","id":"kcuuhlf2gbz6esr"},"id":"yiu0a7sdftx5f41","previousOperationId":"js7viczd445ol0o"}
{"type":"log","timestamp":1674754679120,"level":"debug","message":"Page request: GET (script) https://unpkg.com/chartist-plugin-tooltips@0.0.17/dist/chartist-plugin-tooltip.js (redirect from: https://unpkg.com/chartist-plugin-tooltips@0.0.17)","meta":{"rootId":"kcuuhlf2gbz6esr","id":"kcuuhlf2gbz6esr"},"id":"hevvidqlluw13bt","previousOperationId":"js7viczd445ol0o"}
{"type":"log","timestamp":1674754679121,"level":"debug","message":"Page request: GET (script) https://unpkg.com/chartist-plugin-pointlabels@0.0.6/dist/chartist-plugin-pointlabels.js (redirect from: https://unpkg.com/chartist-plugin-pointlabels@0.0.6)","meta":{"rootId":"kcuuhlf2gbz6esr","id":"kcuuhlf2gbz6esr"},"id":"ah4zrbud2gntby4","previousOperationId":"js7viczd445ol0o"}
{"type":"log","timestamp":1674754679122,"level":"debug","message":"Page request finished: GET (stylesheet) 200 https://cdnjs.cloudflare.com/ajax/libs/chartist/0.11.0/chartist.min.css","meta":{"rootId":"kcuuhlf2gbz6esr","id":"kcuuhlf2gbz6esr"},"id":"vdv3gct7ufkm042","previousOperationId":"js7viczd445ol0o"}
{"type":"log","timestamp":1674754679145,"level":"debug","message":"Page request finished: GET (stylesheet) 200 https://cdnjs.cloudflare.com/ajax/libs/metro/4.1.5/css/metro.min.css","meta":{"rootId":"kcuuhlf2gbz6esr","id":"kcuuhlf2gbz6esr"},"id":"f6yl6of2aojfghi","previousOperationId":"js7viczd445ol0o"}
{"type":"log","timestamp":1674754679145,"level":"debug","message":"Page request finished: GET (script) 200 https://cdnjs.cloudflare.com/ajax/libs/chartist/0.11.0/chartist.min.js","meta":{"rootId":"kcuuhlf2gbz6esr","id":"kcuuhlf2gbz6esr"},"id":"jxfb1gpsgd3mvrm","previousOperationId":"js7viczd445ol0o"}
{"type":"log","timestamp":1674754679148,"level":"debug","message":"Page request finished: GET (script) 200 https://unpkg.com/chartist-plugin-tooltips@0.0.17/dist/chartist-plugin-tooltip.js","meta":{"rootId":"kcuuhlf2gbz6esr","id":"kcuuhlf2gbz6esr"},"id":"gg1ta8ovr1god51","previousOperationId":"js7viczd445ol0o"}
{"type":"log","timestamp":1674754679148,"level":"debug","message":"Page request finished: GET (script) 200 https://unpkg.com/chartist-plugin-pointlabels@0.0.6/dist/chartist-plugin-pointlabels.js","meta":{"rootId":"kcuuhlf2gbz6esr","id":"kcuuhlf2gbz6esr"},"id":"dhq1ve680e14s94","previousOperationId":"js7viczd445ol0o"}
{"type":"log","timestamp":1674754679151,"level":"debug","message":"(console:log) Me he venido","meta":{"userLevel":true,"rootId":"kcuuhlf2gbz6esr","id":"kcuuhlf2gbz6esr"},"id":"pdjvrzx3v6d6i08","previousOperationId":"js7viczd445ol0o"}
{"type":"log","timestamp":1674754679152,"level":"debug","message":"(console:log) JSHandle@array","meta":{"userLevel":true,"rootId":"kcuuhlf2gbz6esr","id":"kcuuhlf2gbz6esr"},"id":"28057ny89d25zln","previousOperationId":"js7viczd445ol0o"}
{"type":"log","timestamp":1674754679191,"level":"warn","message":"Page error: TypeError: b.normalized.series[e].forEach is not a function\n    at f.<anonymous> (https://cdnjs.cloudflare.com/ajax/libs/chartist/0.11.0/chartist.min.js:9:2056)\n    at Array.forEach (<anonymous>)\n    at f.d [as createChart] (https://cdnjs.cloudflare.com/ajax/libs/chartist/0.11.0/chartist.min.js:9:1626)\n    at f.h (https://cdnjs.cloudflare.com/ajax/libs/chartist/0.11.0/chartist.min.js:8:15161)","meta":{"rootId":"kcuuhlf2gbz6esr","id":"kcuuhlf2gbz6esr"},"id":"8a3qmpoykp0bz3t","previousOperationId":"js7viczd445ol0o"}
{"type":"log","timestamp":1674754679202,"level":"debug","message":"Running chrome with params {\"printBackground\":true,\"timeout\":59249,\"margin\":{}}","meta":{"rootId":"kcuuhlf2gbz6esr","id":"kcuuhlf2gbz6esr"},"id":"4lilmi26uaeybit","previousOperationId":"js7viczd445ol0o"}
{"type":"operationEnd","operationId":"js7viczd445ol0o","timestamp":1674754679352,"id":"iug41k4nwu30lgw","previousEventId":"7ouds9zgx9c8fhq","previousOperationId":"js7viczd445ol0o"}
{"type":"log","timestamp":1674754679352,"level":"debug","message":"Executing script testing (afterRender)","meta":{"rootId":"kcuuhlf2gbz6esr","id":"kcuuhlf2gbz6esr"},"id":"c8bby3fblzt3qto","previousOperationId":"js7viczd445ol0o"}
{"type":"operationStart","subtype":"scriptsAfterRender","name":"scripts afterRender","timestamp":1674754679366,"id":"6qdk1vn3systws2","previousEventId":"iug41k4nwu30lgw","operationId":"b95w0opm37xrfer","previousOperationId":"js7viczd445ol0o"}
{"type":"operationStart","subtype":"script","name":"scripts testing","previousOperationId":"b95w0opm37xrfer","timestamp":1674754679366,"id":"5inshce1newbw5b","previousEventId":"6qdk1vn3systws2","operationId":"rdbwd2vea9rhxz6"}
{"type":"operationEnd","operationId":"rdbwd2vea9rhxz6","timestamp":1674754680561,"id":"fa1lqc042yn1kjw","previousEventId":"iug41k4nwu30lgw","previousOperationId":"js7viczd445ol0o"}
{"type":"operationEnd","operationId":"b95w0opm37xrfer","timestamp":1674754680561,"id":"szyqjfvk1anae5x","previousEventId":"fa1lqc042yn1kjw","previousOperationId":"js7viczd445ol0o"}
{"type":"log","timestamp":1674754680561,"level":"debug","message":"Skipping storing report.","meta":{"rootId":"kcuuhlf2gbz6esr","id":"kcuuhlf2gbz6esr"},"id":"qb2iod52bm5ehnj","previousOperationId":"b95w0opm37xrfer"}
{"type":"log","timestamp":1674754680561,"level":"info","message":"Rendering request 3 finished in 2314 ms","meta":{"rootId":"kcuuhlf2gbz6esr","id":"kcuuhlf2gbz6esr"},"id":"67slenvm0xgnu9p","previousOperationId":"b95w0opm37xrfer"}
{"type":"operationEnd","subtype":"render","operationId":"01husl8x6onb8oc","timestamp":1674754680561,"id":"9xnpnyt9f1o0j9z","previousEventId":"szyqjfvk1anae5x","previousOperationId":"b95w0opm37xrfer"}
{"type":"operationEnd","doDiffs":false,"previousEventId":"16et9m6cztnsyis","previousOperationId":"9zw2mp1xk8jkhvw","operationId":"9zw2mp1xk8jkhvw","timestamp":1674754680564,"id":"3wzlrvebv1xjr3l"}
