{"type":"operationStart","subtype":"profile","data":{"_id":"hgyb1TzXARDkxINO","timestamp":"2023-01-26T18:36:44.443Z","state":"queued","mode":"standard","creationDate":"2023-01-26T18:36:44.445Z","modificationDate":"2023-01-26T18:36:44.445Z","shortid":"krS9pMQ","$entitySet":"profiles"},"doDiffs":false,"timestamp":1674758204444,"id":"thliyfpebjhm74e","previousOperationId":null,"operationId":"zusgho4z0nu38k3"}
{"type":"log","level":"info","message":"Render request 21 queued for execution and waiting for available worker","previousOperationId":"zusgho4z0nu38k3","timestamp":1674758204444,"id":"1rjt81vmkb7cj8n"}
{"type":"operationStart","subtype":"render","name":"Data","previousOperationId":"zusgho4z0nu38k3","timestamp":1674758204454,"id":"574mzf1b64zunu9","previousEventId":"thliyfpebjhm74e","operationId":"2tw9f9vj5qhe876"}
{"type":"log","timestamp":1674758204454,"level":"info","message":"Starting rendering request 21","meta":{"rootId":"knxpc49vbo6p0r9","id":"knxpc49vbo6p0r9"},"id":"6z0up1ulij7epzz","previousOperationId":"2tw9f9vj5qhe876"}
{"type":"log","timestamp":1674758204454,"level":"info","message":"Rendering template { name: Data, recipe: chrome-pdf, engine: handlebars, preview: true }","meta":{"rootId":"knxpc49vbo6p0r9","id":"knxpc49vbo6p0r9"},"id":"8hxvyw50n2mx0eq","previousOperationId":"2tw9f9vj5qhe876"}
{"type":"log","timestamp":1674758204455,"level":"debug","message":"Data item not defined for this template.","meta":{"rootId":"knxpc49vbo6p0r9","id":"knxpc49vbo6p0r9"},"id":"sil0gsvli238qk0","previousOperationId":"2tw9f9vj5qhe876"}
{"type":"log","timestamp":1674758204457,"level":"debug","message":"Executing script testing (beforeRender)","meta":{"rootId":"knxpc49vbo6p0r9","id":"knxpc49vbo6p0r9"},"id":"7qqvyvghjogoyzj","previousOperationId":"2tw9f9vj5qhe876"}
{"type":"operationStart","subtype":"scriptsBeforeRender","name":"scripts beforeRender","timestamp":1674758204512,"id":"y6ebdhqn2mb727x","previousEventId":"574mzf1b64zunu9","operationId":"b7lqcm28km39jz8","previousOperationId":"2tw9f9vj5qhe876"}
{"type":"operationStart","subtype":"script","name":"scripts testing","previousOperationId":"b7lqcm28km39jz8","timestamp":1674758204512,"id":"ozjteyb0au5gro2","previousEventId":"y6ebdhqn2mb727x","operationId":"n4tb7u8wapb9bhi"}
{"type":"log","timestamp":1674758204750,"level":"debug","message":"(console:log) {\n  locationName: [ 'Arucas', 'Galdar', 'Teror' ],\n  repetition: [ '2', '1', '3' ]\n}","meta":{"userLevel":true,"rootId":"knxpc49vbo6p0r9","id":"knxpc49vbo6p0r9"},"id":"ew7c6de11eech79","previousOperationId":"n4tb7u8wapb9bhi"}
{"type":"log","timestamp":1674758204750,"level":"debug","message":"(console:log) Sin cuidado: 2,1,3","meta":{"userLevel":true,"rootId":"knxpc49vbo6p0r9","id":"knxpc49vbo6p0r9"},"id":"2bfyzc19fjnnb3g","previousOperationId":"n4tb7u8wapb9bhi"}
{"type":"log","timestamp":1674758204750,"level":"debug","message":"(console:log) Sin cuidado: Arucas,Galdar,Teror","meta":{"userLevel":true,"rootId":"knxpc49vbo6p0r9","id":"knxpc49vbo6p0r9"},"id":"5vzap4ybuvk3h25","previousOperationId":"n4tb7u8wapb9bhi"}
{"type":"operationEnd","operationId":"n4tb7u8wapb9bhi","timestamp":1674758205156,"id":"krumh0cqlur117d","previousEventId":"574mzf1b64zunu9","previousOperationId":"2tw9f9vj5qhe876"}
{"type":"operationEnd","operationId":"b7lqcm28km39jz8","timestamp":1674758205156,"id":"pk7kjfqjwhniggz","previousEventId":"krumh0cqlur117d","previousOperationId":"2tw9f9vj5qhe876"}
{"type":"log","timestamp":1674758205156,"level":"debug","message":"Base url not specified, skipping its injection.","meta":{"rootId":"knxpc49vbo6p0r9","id":"knxpc49vbo6p0r9"},"id":"z7mv7erl0x42dnp","previousOperationId":"b7lqcm28km39jz8"}
{"type":"operationStart","subtype":"engine","name":"handlebars","timestamp":1674758205156,"id":"gassygvwlxbr4rr","previousEventId":"pk7kjfqjwhniggz","operationId":"3n8wl4evksr1atf","previousOperationId":"b7lqcm28km39jz8"}
{"type":"log","timestamp":1674758205156,"level":"debug","message":"Rendering engine handlebars","meta":{"rootId":"knxpc49vbo6p0r9","id":"knxpc49vbo6p0r9"},"id":"42l7f453y1s04x0","previousOperationId":"3n8wl4evksr1atf"}
{"type":"operationEnd","operationId":"3n8wl4evksr1atf","timestamp":1674758205163,"id":"t2lqpyvf8xek1c7","previousEventId":"gassygvwlxbr4rr","previousOperationId":"3n8wl4evksr1atf"}
{"type":"operationStart","subtype":"recipe","name":"chrome-pdf","timestamp":1674758205164,"id":"32th3ax1de92tou","previousEventId":"t2lqpyvf8xek1c7","operationId":"ctq2b4ttoblp7bc","previousOperationId":"3n8wl4evksr1atf"}
{"type":"log","timestamp":1674758205164,"level":"debug","message":"Executing recipe chrome-pdf","meta":{"rootId":"knxpc49vbo6p0r9","id":"knxpc49vbo6p0r9"},"id":"2qgobszzho4r1hw","previousOperationId":"ctq2b4ttoblp7bc"}
{"type":"log","timestamp":1674758205165,"level":"debug","message":"Converting with chrome HeadlessChrome/105.0.5173.0 using chrome-pool strategy","meta":{"rootId":"knxpc49vbo6p0r9","id":"knxpc49vbo6p0r9"},"id":"k34tdmbdx0187h8","previousOperationId":"ctq2b4ttoblp7bc"}
{"type":"log","timestamp":1674758205245,"level":"debug","message":"Page request: GET (document) file:///C:/Users/Johan/AppData/Local/Temp/jsreport/autocleanup/edebce1a-09d7-468f-860d-7d12dae8afeb-chrome-pdf.html","meta":{"rootId":"knxpc49vbo6p0r9","id":"knxpc49vbo6p0r9"},"id":"n700gomiy17e6qv","previousOperationId":"ctq2b4ttoblp7bc"}
{"type":"log","timestamp":1674758205267,"level":"debug","message":"Page request finished: GET (document) 200 file:///C:/Users/Johan/AppData/Local/Temp/jsreport/autocleanup/edebce1a-09d7-468f-860d-7d12dae8afeb-chrome-pdf.html","meta":{"rootId":"knxpc49vbo6p0r9","id":"knxpc49vbo6p0r9"},"id":"ipmge5txrt1rjo7","previousOperationId":"ctq2b4ttoblp7bc"}
{"type":"log","timestamp":1674758205267,"level":"debug","message":"Page request: GET (stylesheet) https://cdnjs.cloudflare.com/ajax/libs/metro/4.1.5/css/metro.min.css","meta":{"rootId":"knxpc49vbo6p0r9","id":"knxpc49vbo6p0r9"},"id":"uycbijnp03kzs3w","previousOperationId":"ctq2b4ttoblp7bc"}
{"type":"log","timestamp":1674758205268,"level":"debug","message":"Page request: GET (stylesheet) https://cdnjs.cloudflare.com/ajax/libs/chartist/0.11.0/chartist.min.css","meta":{"rootId":"knxpc49vbo6p0r9","id":"knxpc49vbo6p0r9"},"id":"vfg0xpykezsslck","previousOperationId":"ctq2b4ttoblp7bc"}
{"type":"log","timestamp":1674758205268,"level":"debug","message":"Page request: GET (script) https://cdnjs.cloudflare.com/ajax/libs/chartist/0.11.0/chartist.min.js","meta":{"rootId":"knxpc49vbo6p0r9","id":"knxpc49vbo6p0r9"},"id":"0cq8k1ehvoc8asp","previousOperationId":"ctq2b4ttoblp7bc"}
{"type":"log","timestamp":1674758205269,"level":"debug","message":"Page request: GET (script) https://unpkg.com/chartist-plugin-tooltips@0.0.17","meta":{"rootId":"knxpc49vbo6p0r9","id":"knxpc49vbo6p0r9"},"id":"xt38eiienayxdbx","previousOperationId":"ctq2b4ttoblp7bc"}
{"type":"log","timestamp":1674758205269,"level":"debug","message":"Page request: GET (script) https://unpkg.com/chartist-plugin-pointlabels@0.0.6","meta":{"rootId":"knxpc49vbo6p0r9","id":"knxpc49vbo6p0r9"},"id":"zyykz000shpr68m","previousOperationId":"ctq2b4ttoblp7bc"}
{"type":"log","timestamp":1674758205273,"level":"warn","message":"Page request failed: GET (script) 302 https://unpkg.com/chartist-plugin-tooltips@0.0.17 (redirect to: /chartist-plugin-tooltips@0.0.17/dist/chartist-plugin-tooltip.js)","meta":{"rootId":"knxpc49vbo6p0r9","id":"knxpc49vbo6p0r9"},"id":"ldr4ybnwfssaknp","previousOperationId":"ctq2b4ttoblp7bc"}
{"type":"log","timestamp":1674758205273,"level":"debug","message":"Page request: GET (script) https://unpkg.com/chartist-plugin-tooltips@0.0.17/dist/chartist-plugin-tooltip.js (redirect from: https://unpkg.com/chartist-plugin-tooltips@0.0.17)","meta":{"rootId":"knxpc49vbo6p0r9","id":"knxpc49vbo6p0r9"},"id":"t3fzlgz0uob2cn1","previousOperationId":"ctq2b4ttoblp7bc"}
{"type":"log","timestamp":1674758205274,"level":"debug","message":"Page request finished: GET (stylesheet) 200 https://cdnjs.cloudflare.com/ajax/libs/chartist/0.11.0/chartist.min.css","meta":{"rootId":"knxpc49vbo6p0r9","id":"knxpc49vbo6p0r9"},"id":"nywfuseytiyah6a","previousOperationId":"ctq2b4ttoblp7bc"}
{"type":"log","timestamp":1674758205275,"level":"warn","message":"Page request failed: GET (script) 302 https://unpkg.com/chartist-plugin-pointlabels@0.0.6 (redirect to: /chartist-plugin-pointlabels@0.0.6/dist/chartist-plugin-pointlabels.js)","meta":{"rootId":"knxpc49vbo6p0r9","id":"knxpc49vbo6p0r9"},"id":"cxfbxv63mt7iyqq","previousOperationId":"ctq2b4ttoblp7bc"}
{"type":"log","timestamp":1674758205275,"level":"debug","message":"Page request: GET (script) https://unpkg.com/chartist-plugin-pointlabels@0.0.6/dist/chartist-plugin-pointlabels.js (redirect from: https://unpkg.com/chartist-plugin-pointlabels@0.0.6)","meta":{"rootId":"knxpc49vbo6p0r9","id":"knxpc49vbo6p0r9"},"id":"f4k9rgfqj4lk7pc","previousOperationId":"ctq2b4ttoblp7bc"}
{"type":"log","timestamp":1674758205291,"level":"debug","message":"Page request finished: GET (stylesheet) 200 https://cdnjs.cloudflare.com/ajax/libs/metro/4.1.5/css/metro.min.css","meta":{"rootId":"knxpc49vbo6p0r9","id":"knxpc49vbo6p0r9"},"id":"wn8sukbcv8ed5ie","previousOperationId":"ctq2b4ttoblp7bc"}
{"type":"log","timestamp":1674758205291,"level":"debug","message":"Page request finished: GET (script) 200 https://cdnjs.cloudflare.com/ajax/libs/chartist/0.11.0/chartist.min.js","meta":{"rootId":"knxpc49vbo6p0r9","id":"knxpc49vbo6p0r9"},"id":"1cs56bhl2aaha9d","previousOperationId":"ctq2b4ttoblp7bc"}
{"type":"log","timestamp":1674758205294,"level":"debug","message":"Page request finished: GET (script) 200 https://unpkg.com/chartist-plugin-tooltips@0.0.17/dist/chartist-plugin-tooltip.js","meta":{"rootId":"knxpc49vbo6p0r9","id":"knxpc49vbo6p0r9"},"id":"59atwv6z0b73200","previousOperationId":"ctq2b4ttoblp7bc"}
{"type":"log","timestamp":1674758205294,"level":"debug","message":"Page request finished: GET (script) 200 https://unpkg.com/chartist-plugin-pointlabels@0.0.6/dist/chartist-plugin-pointlabels.js","meta":{"rootId":"knxpc49vbo6p0r9","id":"knxpc49vbo6p0r9"},"id":"euhssqni4bzd1h4","previousOperationId":"ctq2b4ttoblp7bc"}
{"type":"log","timestamp":1674758205296,"level":"debug","message":"(console:log) Me he venido","meta":{"userLevel":true,"rootId":"knxpc49vbo6p0r9","id":"knxpc49vbo6p0r9"},"id":"mv8o9ot3ne45lgy","previousOperationId":"ctq2b4ttoblp7bc"}
{"type":"log","timestamp":1674758205296,"level":"debug","message":"(console:log) Cuidado: 2,1,3","meta":{"userLevel":true,"rootId":"knxpc49vbo6p0r9","id":"knxpc49vbo6p0r9"},"id":"zys6oiakdyhr2ho","previousOperationId":"ctq2b4ttoblp7bc"}
{"type":"log","timestamp":1674758205296,"level":"debug","message":"(console:log) Cuidado: undefined","meta":{"userLevel":true,"rootId":"knxpc49vbo6p0r9","id":"knxpc49vbo6p0r9"},"id":"iqlfm3u313qkes1","previousOperationId":"ctq2b4ttoblp7bc"}
{"type":"log","timestamp":1674758205297,"level":"warn","message":"Page error: ReferenceError: Arucas is not defined\n    at file:///C:/Users/Johan/AppData/Local/Temp/jsreport/autocleanup/edebce1a-09d7-468f-860d-7d12dae8afeb-chrome-pdf.html:57:32","meta":{"rootId":"knxpc49vbo6p0r9","id":"knxpc49vbo6p0r9"},"id":"k89td8ksocbpa9i","previousOperationId":"ctq2b4ttoblp7bc"}
{"type":"log","timestamp":1674758205338,"level":"debug","message":"Running chrome with params {\"printBackground\":true,\"timeout\":59278,\"margin\":{}}","meta":{"rootId":"knxpc49vbo6p0r9","id":"knxpc49vbo6p0r9"},"id":"xq9jgb8y8qh1v0x","previousOperationId":"ctq2b4ttoblp7bc"}
{"type":"operationEnd","operationId":"ctq2b4ttoblp7bc","timestamp":1674758205447,"id":"pxctksi2jm443nq","previousEventId":"32th3ax1de92tou","previousOperationId":"ctq2b4ttoblp7bc"}
{"type":"log","timestamp":1674758205448,"level":"debug","message":"Executing script testing (afterRender)","meta":{"rootId":"knxpc49vbo6p0r9","id":"knxpc49vbo6p0r9"},"id":"z7gsmpf79bxaems","previousOperationId":"ctq2b4ttoblp7bc"}
{"type":"operationStart","subtype":"scriptsAfterRender","name":"scripts afterRender","timestamp":1674758205454,"id":"ims6oqxnid58vpt","previousEventId":"pxctksi2jm443nq","operationId":"ww9bb1f3y54tljy","previousOperationId":"ctq2b4ttoblp7bc"}
{"type":"operationStart","subtype":"script","name":"scripts testing","previousOperationId":"ww9bb1f3y54tljy","timestamp":1674758205455,"id":"ps8psowdrapmfzg","previousEventId":"ims6oqxnid58vpt","operationId":"7rreiwj2qv7asia"}
{"type":"operationEnd","operationId":"7rreiwj2qv7asia","timestamp":1674758206638,"id":"diawv3t5ra0g5se","previousEventId":"pxctksi2jm443nq","previousOperationId":"ctq2b4ttoblp7bc"}
{"type":"operationEnd","operationId":"ww9bb1f3y54tljy","timestamp":1674758206638,"id":"uawfpyj9s8xs3to","previousEventId":"diawv3t5ra0g5se","previousOperationId":"ctq2b4ttoblp7bc"}
{"type":"log","timestamp":1674758206638,"level":"debug","message":"Skipping storing report.","meta":{"rootId":"knxpc49vbo6p0r9","id":"knxpc49vbo6p0r9"},"id":"cc84bmk4wik36a4","previousOperationId":"ww9bb1f3y54tljy"}
{"type":"log","timestamp":1674758206638,"level":"info","message":"Rendering request 21 finished in 2195 ms","meta":{"rootId":"knxpc49vbo6p0r9","id":"knxpc49vbo6p0r9"},"id":"xuqls8vsma387q7","previousOperationId":"ww9bb1f3y54tljy"}
{"type":"operationEnd","subtype":"render","operationId":"2tw9f9vj5qhe876","timestamp":1674758206638,"id":"0dqpvkimj9qcdjp","previousEventId":"uawfpyj9s8xs3to","previousOperationId":"ww9bb1f3y54tljy"}
{"type":"operationEnd","doDiffs":false,"previousEventId":"thliyfpebjhm74e","previousOperationId":"zusgho4z0nu38k3","operationId":"zusgho4z0nu38k3","timestamp":1674758206643,"id":"rak1tb6bucjlpso"}
