{"type":"operationStart","subtype":"profile","data":{"_id":"1b1q4bRigX8GVHF8","timestamp":"2023-01-26T18:23:14.428Z","state":"queued","mode":"standard","creationDate":"2023-01-26T18:23:14.431Z","modificationDate":"2023-01-26T18:23:14.431Z","shortid":"SNq3zXC","$entitySet":"profiles"},"doDiffs":false,"timestamp":1674757394430,"id":"vjteo2fe9l4ddy7","previousOperationId":null,"operationId":"7ytwh52ss6oxa5c"}
{"type":"log","level":"info","message":"Render request 7 queued for execution and waiting for available worker","previousOperationId":"7ytwh52ss6oxa5c","timestamp":1674757394430,"id":"q7y3fvx480sljyu"}
{"type":"operationStart","subtype":"render","name":"Data","previousOperationId":"7ytwh52ss6oxa5c","timestamp":1674757394441,"id":"yy4kx2n1bxaey5n","previousEventId":"vjteo2fe9l4ddy7","operationId":"j9zxcbaefr9ua33"}
{"type":"log","timestamp":1674757394441,"level":"info","message":"Starting rendering request 7","meta":{"rootId":"kuaceooh4s5wxo9","id":"kuaceooh4s5wxo9"},"id":"64b2z50knt92vcp","previousOperationId":"j9zxcbaefr9ua33"}
{"type":"log","timestamp":1674757394441,"level":"info","message":"Rendering template { name: Data, recipe: chrome-pdf, engine: handlebars, preview: true }","meta":{"rootId":"kuaceooh4s5wxo9","id":"kuaceooh4s5wxo9"},"id":"trrbbxrs0z4rdft","previousOperationId":"j9zxcbaefr9ua33"}
{"type":"log","timestamp":1674757394442,"level":"debug","message":"Data item not defined for this template.","meta":{"rootId":"kuaceooh4s5wxo9","id":"kuaceooh4s5wxo9"},"id":"wgzbpkaop06hrqv","previousOperationId":"j9zxcbaefr9ua33"}
{"type":"log","timestamp":1674757394443,"level":"debug","message":"Executing script testing (beforeRender)","meta":{"rootId":"kuaceooh4s5wxo9","id":"kuaceooh4s5wxo9"},"id":"elvnsmijil48q78","previousOperationId":"j9zxcbaefr9ua33"}
{"type":"operationStart","subtype":"scriptsBeforeRender","name":"scripts beforeRender","timestamp":1674757394490,"id":"n6a1lgrrfo8buzc","previousEventId":"yy4kx2n1bxaey5n","operationId":"5b4u5qapm66bsjd","previousOperationId":"j9zxcbaefr9ua33"}
{"type":"operationStart","subtype":"script","name":"scripts testing","previousOperationId":"5b4u5qapm66bsjd","timestamp":1674757394490,"id":"0lkefoeanzpdiq6","previousEventId":"n6a1lgrrfo8buzc","operationId":"tee9fe6y8or0sg9"}
{"type":"log","timestamp":1674757394709,"level":"debug","message":"(console:log) [ '2', '1', '3' ]","meta":{"userLevel":true,"rootId":"kuaceooh4s5wxo9","id":"kuaceooh4s5wxo9"},"id":"ps22bs2zx7wx257","previousOperationId":"tee9fe6y8or0sg9"}
{"type":"log","timestamp":1674757394709,"level":"debug","message":"(console:log) [ 'Arucas', 'Galdar', 'Teror' ]","meta":{"userLevel":true,"rootId":"kuaceooh4s5wxo9","id":"kuaceooh4s5wxo9"},"id":"4zik4s5ib20xr70","previousOperationId":"tee9fe6y8or0sg9"}
{"type":"operationEnd","operationId":"tee9fe6y8or0sg9","timestamp":1674757395072,"id":"44ilkge03s1lqla","previousEventId":"yy4kx2n1bxaey5n","previousOperationId":"j9zxcbaefr9ua33"}
{"type":"operationEnd","operationId":"5b4u5qapm66bsjd","timestamp":1674757395072,"id":"6v6qutef8x2dtw3","previousEventId":"44ilkge03s1lqla","previousOperationId":"j9zxcbaefr9ua33"}
{"type":"log","timestamp":1674757395072,"level":"debug","message":"Base url not specified, skipping its injection.","meta":{"rootId":"kuaceooh4s5wxo9","id":"kuaceooh4s5wxo9"},"id":"omcvsbzcqkfykj3","previousOperationId":"5b4u5qapm66bsjd"}
{"type":"operationStart","subtype":"engine","name":"handlebars","timestamp":1674757395072,"id":"81ogpd1m1v1p733","previousEventId":"6v6qutef8x2dtw3","operationId":"r4alc18kjqbc2vb","previousOperationId":"5b4u5qapm66bsjd"}
{"type":"log","timestamp":1674757395072,"level":"debug","message":"Rendering engine handlebars","meta":{"rootId":"kuaceooh4s5wxo9","id":"kuaceooh4s5wxo9"},"id":"nqu9ihoxqmwjcic","previousOperationId":"r4alc18kjqbc2vb"}
{"type":"operationEnd","operationId":"r4alc18kjqbc2vb","timestamp":1674757395080,"id":"5ilktkm0d46x6pl","previousEventId":"81ogpd1m1v1p733","previousOperationId":"r4alc18kjqbc2vb"}
{"type":"operationStart","subtype":"recipe","name":"chrome-pdf","timestamp":1674757395081,"id":"zzygwgf7mujhodr","previousEventId":"5ilktkm0d46x6pl","operationId":"5nl3tz3fiumzsqx","previousOperationId":"r4alc18kjqbc2vb"}
{"type":"log","timestamp":1674757395081,"level":"debug","message":"Executing recipe chrome-pdf","meta":{"rootId":"kuaceooh4s5wxo9","id":"kuaceooh4s5wxo9"},"id":"5a3xtwjgxzwt1we","previousOperationId":"5nl3tz3fiumzsqx"}
{"type":"log","timestamp":1674757395082,"level":"debug","message":"Converting with chrome HeadlessChrome/105.0.5173.0 using chrome-pool strategy","meta":{"rootId":"kuaceooh4s5wxo9","id":"kuaceooh4s5wxo9"},"id":"5hsjxybzr5gbe02","previousOperationId":"5nl3tz3fiumzsqx"}
{"type":"log","timestamp":1674757395164,"level":"debug","message":"Page request: GET (document) file:///C:/Users/Johan/AppData/Local/Temp/jsreport/autocleanup/0d2a22a1-6804-48b0-878d-4946929c2839-chrome-pdf.html","meta":{"rootId":"kuaceooh4s5wxo9","id":"kuaceooh4s5wxo9"},"id":"jowanv5w5fsvb89","previousOperationId":"5nl3tz3fiumzsqx"}
{"type":"log","timestamp":1674757395185,"level":"debug","message":"Page request: GET (stylesheet) https://cdnjs.cloudflare.com/ajax/libs/metro/4.1.5/css/metro.min.css","meta":{"rootId":"kuaceooh4s5wxo9","id":"kuaceooh4s5wxo9"},"id":"d5w42y4byg4gfce","previousOperationId":"5nl3tz3fiumzsqx"}
{"type":"log","timestamp":1674757395185,"level":"debug","message":"Page request: GET (stylesheet) https://cdnjs.cloudflare.com/ajax/libs/chartist/0.11.0/chartist.min.css","meta":{"rootId":"kuaceooh4s5wxo9","id":"kuaceooh4s5wxo9"},"id":"o1qgf5fe2yrdu7a","previousOperationId":"5nl3tz3fiumzsqx"}
{"type":"log","timestamp":1674757395185,"level":"debug","message":"Page request: GET (script) https://cdnjs.cloudflare.com/ajax/libs/chartist/0.11.0/chartist.min.js","meta":{"rootId":"kuaceooh4s5wxo9","id":"kuaceooh4s5wxo9"},"id":"p1tpo1j0cqeig6w","previousOperationId":"5nl3tz3fiumzsqx"}
{"type":"log","timestamp":1674757395186,"level":"debug","message":"Page request finished: GET (document) 200 file:///C:/Users/Johan/AppData/Local/Temp/jsreport/autocleanup/0d2a22a1-6804-48b0-878d-4946929c2839-chrome-pdf.html","meta":{"rootId":"kuaceooh4s5wxo9","id":"kuaceooh4s5wxo9"},"id":"88wlydg8i60odt6","previousOperationId":"5nl3tz3fiumzsqx"}
{"type":"log","timestamp":1674757395187,"level":"debug","message":"Page request: GET (script) https://unpkg.com/chartist-plugin-tooltips@0.0.17","meta":{"rootId":"kuaceooh4s5wxo9","id":"kuaceooh4s5wxo9"},"id":"4qv9c7491ktzjxn","previousOperationId":"5nl3tz3fiumzsqx"}
{"type":"log","timestamp":1674757395187,"level":"debug","message":"Page request: GET (script) https://unpkg.com/chartist-plugin-pointlabels@0.0.6","meta":{"rootId":"kuaceooh4s5wxo9","id":"kuaceooh4s5wxo9"},"id":"jrwvtjlutudm0qq","previousOperationId":"5nl3tz3fiumzsqx"}
{"type":"log","timestamp":1674757395192,"level":"debug","message":"Page request finished: GET (stylesheet) 200 https://cdnjs.cloudflare.com/ajax/libs/chartist/0.11.0/chartist.min.css","meta":{"rootId":"kuaceooh4s5wxo9","id":"kuaceooh4s5wxo9"},"id":"bmfvcci0y5sem3u","previousOperationId":"5nl3tz3fiumzsqx"}
{"type":"log","timestamp":1674757395193,"level":"warn","message":"Page request failed: GET (script) 302 https://unpkg.com/chartist-plugin-tooltips@0.0.17 (redirect to: /chartist-plugin-tooltips@0.0.17/dist/chartist-plugin-tooltip.js)","meta":{"rootId":"kuaceooh4s5wxo9","id":"kuaceooh4s5wxo9"},"id":"qcs65319oeiicvr","previousOperationId":"5nl3tz3fiumzsqx"}
{"type":"log","timestamp":1674757395194,"level":"debug","message":"Page request: GET (script) https://unpkg.com/chartist-plugin-tooltips@0.0.17/dist/chartist-plugin-tooltip.js (redirect from: https://unpkg.com/chartist-plugin-tooltips@0.0.17)","meta":{"rootId":"kuaceooh4s5wxo9","id":"kuaceooh4s5wxo9"},"id":"kxm5vo0gs15odhj","previousOperationId":"5nl3tz3fiumzsqx"}
{"type":"log","timestamp":1674757395194,"level":"warn","message":"Page request failed: GET (script) 302 https://unpkg.com/chartist-plugin-pointlabels@0.0.6 (redirect to: /chartist-plugin-pointlabels@0.0.6/dist/chartist-plugin-pointlabels.js)","meta":{"rootId":"kuaceooh4s5wxo9","id":"kuaceooh4s5wxo9"},"id":"7wkf1iohsw6hfpu","previousOperationId":"5nl3tz3fiumzsqx"}
{"type":"log","timestamp":1674757395194,"level":"debug","message":"Page request: GET (script) https://unpkg.com/chartist-plugin-pointlabels@0.0.6/dist/chartist-plugin-pointlabels.js (redirect from: https://unpkg.com/chartist-plugin-pointlabels@0.0.6)","meta":{"rootId":"kuaceooh4s5wxo9","id":"kuaceooh4s5wxo9"},"id":"qm7is4jp6ru572i","previousOperationId":"5nl3tz3fiumzsqx"}
{"type":"log","timestamp":1674757395212,"level":"debug","message":"Page request finished: GET (stylesheet) 200 https://cdnjs.cloudflare.com/ajax/libs/metro/4.1.5/css/metro.min.css","meta":{"rootId":"kuaceooh4s5wxo9","id":"kuaceooh4s5wxo9"},"id":"1q66ng7j3tezqr4","previousOperationId":"5nl3tz3fiumzsqx"}
{"type":"log","timestamp":1674757395212,"level":"debug","message":"Page request finished: GET (script) 200 https://cdnjs.cloudflare.com/ajax/libs/chartist/0.11.0/chartist.min.js","meta":{"rootId":"kuaceooh4s5wxo9","id":"kuaceooh4s5wxo9"},"id":"csyo1r4444okniq","previousOperationId":"5nl3tz3fiumzsqx"}
{"type":"log","timestamp":1674757395214,"level":"debug","message":"Page request finished: GET (script) 200 https://unpkg.com/chartist-plugin-tooltips@0.0.17/dist/chartist-plugin-tooltip.js","meta":{"rootId":"kuaceooh4s5wxo9","id":"kuaceooh4s5wxo9"},"id":"a85ynuj39h23x3e","previousOperationId":"5nl3tz3fiumzsqx"}
{"type":"log","timestamp":1674757395214,"level":"debug","message":"Page request finished: GET (script) 200 https://unpkg.com/chartist-plugin-pointlabels@0.0.6/dist/chartist-plugin-pointlabels.js","meta":{"rootId":"kuaceooh4s5wxo9","id":"kuaceooh4s5wxo9"},"id":"bzjmzcxhxfehfzg","previousOperationId":"5nl3tz3fiumzsqx"}
{"type":"log","timestamp":1674757395215,"level":"debug","message":"(console:log) Me he venido","meta":{"userLevel":true,"rootId":"kuaceooh4s5wxo9","id":"kuaceooh4s5wxo9"},"id":"zvs06on9gqo05pd","previousOperationId":"5nl3tz3fiumzsqx"}
{"type":"log","timestamp":1674757395216,"level":"debug","message":"(console:log) JSHandle@array","meta":{"userLevel":true,"rootId":"kuaceooh4s5wxo9","id":"kuaceooh4s5wxo9"},"id":"plxeslll74zssxw","previousOperationId":"5nl3tz3fiumzsqx"}
{"type":"log","timestamp":1674757395216,"level":"warn","message":"Page error: ReferenceError: Arucas is not defined\n    at file:///C:/Users/Johan/AppData/Local/Temp/jsreport/autocleanup/0d2a22a1-6804-48b0-878d-4946929c2839-chrome-pdf.html:56:32","meta":{"rootId":"kuaceooh4s5wxo9","id":"kuaceooh4s5wxo9"},"id":"b74xzg3ymqcwr54","previousOperationId":"5nl3tz3fiumzsqx"}
{"type":"log","timestamp":1674757395249,"level":"debug","message":"Running chrome with params {\"printBackground\":true,\"timeout\":59346,\"margin\":{}}","meta":{"rootId":"kuaceooh4s5wxo9","id":"kuaceooh4s5wxo9"},"id":"ifevr1qfbfd080k","previousOperationId":"5nl3tz3fiumzsqx"}
{"type":"operationEnd","operationId":"5nl3tz3fiumzsqx","timestamp":1674757395348,"id":"liud1zqwk1ivuta","previousEventId":"zzygwgf7mujhodr","previousOperationId":"5nl3tz3fiumzsqx"}
{"type":"log","timestamp":1674757395348,"level":"debug","message":"Executing script testing (afterRender)","meta":{"rootId":"kuaceooh4s5wxo9","id":"kuaceooh4s5wxo9"},"id":"wr3w5q3lol0wndy","previousOperationId":"5nl3tz3fiumzsqx"}
{"type":"operationStart","subtype":"scriptsAfterRender","name":"scripts afterRender","timestamp":1674757395354,"id":"9xfvyv65zbxet80","previousEventId":"liud1zqwk1ivuta","operationId":"lbjrt6gm5fk4iov","previousOperationId":"5nl3tz3fiumzsqx"}
{"type":"operationStart","subtype":"script","name":"scripts testing","previousOperationId":"lbjrt6gm5fk4iov","timestamp":1674757395354,"id":"bxx4djvkjbxfqj1","previousEventId":"9xfvyv65zbxet80","operationId":"h0vay5widhjdhcd"}
{"type":"operationEnd","operationId":"h0vay5widhjdhcd","timestamp":1674757396329,"id":"nfs3tdvatb2kjjm","previousEventId":"liud1zqwk1ivuta","previousOperationId":"5nl3tz3fiumzsqx"}
{"type":"operationEnd","operationId":"lbjrt6gm5fk4iov","timestamp":1674757396329,"id":"hj1xdn1lu40naaq","previousEventId":"nfs3tdvatb2kjjm","previousOperationId":"5nl3tz3fiumzsqx"}
{"type":"log","timestamp":1674757396329,"level":"debug","message":"Skipping storing report.","meta":{"rootId":"kuaceooh4s5wxo9","id":"kuaceooh4s5wxo9"},"id":"w6urcj3t96gtd4s","previousOperationId":"lbjrt6gm5fk4iov"}
{"type":"log","timestamp":1674757396329,"level":"info","message":"Rendering request 7 finished in 1901 ms","meta":{"rootId":"kuaceooh4s5wxo9","id":"kuaceooh4s5wxo9"},"id":"gxefilhdtx7s5iy","previousOperationId":"lbjrt6gm5fk4iov"}
{"type":"operationEnd","subtype":"render","operationId":"j9zxcbaefr9ua33","timestamp":1674757396329,"id":"a9kinrkvul0pmtu","previousEventId":"hj1xdn1lu40naaq","previousOperationId":"lbjrt6gm5fk4iov"}
{"type":"operationEnd","doDiffs":false,"previousEventId":"vjteo2fe9l4ddy7","previousOperationId":"7ytwh52ss6oxa5c","operationId":"7ytwh52ss6oxa5c","timestamp":1674757396333,"id":"xwq7d9u209oa92x"}
