{"type":"operationStart","subtype":"profile","data":{"_id":"LXqwxFVfBGV7EnTA","timestamp":"2023-01-26T17:25:00.352Z","state":"queued","mode":"standard","creationDate":"2023-01-26T17:25:00.354Z","modificationDate":"2023-01-26T17:25:00.354Z","shortid":"_J5SotC","$entitySet":"profiles"},"doDiffs":false,"timestamp":1674753900354,"id":"tgspgku5aray2lu","previousOperationId":null,"operationId":"l0w1nflp18j9uey"}
{"type":"log","level":"info","message":"Render request 34 queued for execution and waiting for available worker","previousOperationId":"l0w1nflp18j9uey","timestamp":1674753900354,"id":"ca29mmt99cxl0vs"}
{"type":"operationStart","subtype":"render","name":"Data","previousOperationId":"l0w1nflp18j9uey","timestamp":1674753900363,"id":"thjk952atjc7nzu","previousEventId":"tgspgku5aray2lu","operationId":"yk9j48qfi6tmpm9"}
{"type":"log","timestamp":1674753900363,"level":"info","message":"Starting rendering request 34","meta":{"rootId":"kutr6jw405hmr6z","id":"kutr6jw405hmr6z"},"id":"d9qx4suhruzk4gz","previousOperationId":"yk9j48qfi6tmpm9"}
{"type":"log","timestamp":1674753900364,"level":"info","message":"Rendering template { name: Data, recipe: chrome-pdf, engine: handlebars, preview: true }","meta":{"rootId":"kutr6jw405hmr6z","id":"kutr6jw405hmr6z"},"id":"acdbg3jpp5t8z0y","previousOperationId":"yk9j48qfi6tmpm9"}
{"type":"log","timestamp":1674753900365,"level":"debug","message":"Data item not defined for this template.","meta":{"rootId":"kutr6jw405hmr6z","id":"kutr6jw405hmr6z"},"id":"du0ajuo37nhuv6k","previousOperationId":"yk9j48qfi6tmpm9"}
{"type":"log","timestamp":1674753900368,"level":"debug","message":"Executing script testing (beforeRender)","meta":{"rootId":"kutr6jw405hmr6z","id":"kutr6jw405hmr6z"},"id":"a336ipavj67elnf","previousOperationId":"yk9j48qfi6tmpm9"}
{"type":"operationStart","subtype":"scriptsBeforeRender","name":"scripts beforeRender","timestamp":1674753900412,"id":"q7c67qd8ty2kckc","previousEventId":"thjk952atjc7nzu","operationId":"pd8qac55icy6poo","previousOperationId":"yk9j48qfi6tmpm9"}
{"type":"operationStart","subtype":"script","name":"scripts testing","previousOperationId":"pd8qac55icy6poo","timestamp":1674753900412,"id":"8de5ylwmczebtxy","previousEventId":"q7c67qd8ty2kckc","operationId":"hgoitgws1eh3hld"}
{"type":"log","timestamp":1674753900748,"level":"debug","message":"(console:log) {\n  locationName: [ 'Las Palmas de Gran Canaria', 'Galdar', 'Teror' ],\n  repetition: [ '2', '1', '3' ]\n}","meta":{"userLevel":true,"rootId":"kutr6jw405hmr6z","id":"kutr6jw405hmr6z"},"id":"jt01yd6tywf46sb","previousOperationId":"hgoitgws1eh3hld"}
{"type":"log","timestamp":1674753900748,"level":"debug","message":"(console:log) [ 'Las Palmas de Gran Canaria', 'Galdar', 'Teror' ]","meta":{"userLevel":true,"rootId":"kutr6jw405hmr6z","id":"kutr6jw405hmr6z"},"id":"k7igu604ynnxz63","previousOperationId":"hgoitgws1eh3hld"}
{"type":"log","timestamp":1674753900748,"level":"debug","message":"(console:log) [ '2', '1', '3' ]","meta":{"userLevel":true,"rootId":"kutr6jw405hmr6z","id":"kutr6jw405hmr6z"},"id":"fdxsgye73hghsvb","previousOperationId":"hgoitgws1eh3hld"}
{"type":"operationEnd","operationId":"hgoitgws1eh3hld","timestamp":1674753901191,"id":"z7qca5dexp3dkd1","previousEventId":"thjk952atjc7nzu","previousOperationId":"yk9j48qfi6tmpm9"}
{"type":"operationEnd","operationId":"pd8qac55icy6poo","timestamp":1674753901191,"id":"e3mcs57e89sm4ok","previousEventId":"z7qca5dexp3dkd1","previousOperationId":"yk9j48qfi6tmpm9"}
{"type":"log","timestamp":1674753901191,"level":"debug","message":"Base url not specified, skipping its injection.","meta":{"rootId":"kutr6jw405hmr6z","id":"kutr6jw405hmr6z"},"id":"pumebyfim3t8n99","previousOperationId":"pd8qac55icy6poo"}
{"type":"operationStart","subtype":"engine","name":"handlebars","timestamp":1674753901191,"id":"ovl6y3zgfxhr7sd","previousEventId":"e3mcs57e89sm4ok","operationId":"zrne0boyjr8lb3q","previousOperationId":"pd8qac55icy6poo"}
{"type":"log","timestamp":1674753901191,"level":"debug","message":"Rendering engine handlebars","meta":{"rootId":"kutr6jw405hmr6z","id":"kutr6jw405hmr6z"},"id":"6bgfuq9bvmzaulw","previousOperationId":"zrne0boyjr8lb3q"}
{"type":"operationEnd","operationId":"zrne0boyjr8lb3q","timestamp":1674753901198,"id":"ix38t1iwp7eskiz","previousEventId":"ovl6y3zgfxhr7sd","previousOperationId":"zrne0boyjr8lb3q"}
{"type":"operationStart","subtype":"recipe","name":"chrome-pdf","timestamp":1674753901199,"id":"ek5hqg2t6ne53yw","previousEventId":"ix38t1iwp7eskiz","operationId":"wznfvx01w20x97g","previousOperationId":"zrne0boyjr8lb3q"}
{"type":"log","timestamp":1674753901199,"level":"debug","message":"Executing recipe chrome-pdf","meta":{"rootId":"kutr6jw405hmr6z","id":"kutr6jw405hmr6z"},"id":"u6yeo6d8hrucza7","previousOperationId":"wznfvx01w20x97g"}
{"type":"log","timestamp":1674753901201,"level":"debug","message":"Converting with chrome HeadlessChrome/105.0.5173.0 using chrome-pool strategy","meta":{"rootId":"kutr6jw405hmr6z","id":"kutr6jw405hmr6z"},"id":"w7biqtw0y9ulb4p","previousOperationId":"wznfvx01w20x97g"}
{"type":"log","timestamp":1674753901304,"level":"debug","message":"Page request: GET (document) file:///C:/Users/Johan/AppData/Local/Temp/jsreport/autocleanup/df11b2f3-169c-4270-be20-eaffc6f83903-chrome-pdf.html","meta":{"rootId":"kutr6jw405hmr6z","id":"kutr6jw405hmr6z"},"id":"pzo3eu0ko14rltq","previousOperationId":"wznfvx01w20x97g"}
{"type":"log","timestamp":1674753901324,"level":"debug","message":"Page request: GET (stylesheet) https://cdnjs.cloudflare.com/ajax/libs/metro/4.1.5/css/metro.min.css","meta":{"rootId":"kutr6jw405hmr6z","id":"kutr6jw405hmr6z"},"id":"5byj0qyfki3l5lc","previousOperationId":"wznfvx01w20x97g"}
{"type":"log","timestamp":1674753901325,"level":"debug","message":"Page request: GET (stylesheet) https://cdnjs.cloudflare.com/ajax/libs/chartist/0.11.0/chartist.min.css","meta":{"rootId":"kutr6jw405hmr6z","id":"kutr6jw405hmr6z"},"id":"3q76snhc4zk521i","previousOperationId":"wznfvx01w20x97g"}
{"type":"log","timestamp":1674753901325,"level":"debug","message":"Page request: GET (script) https://cdnjs.cloudflare.com/ajax/libs/chartist/0.11.0/chartist.min.js","meta":{"rootId":"kutr6jw405hmr6z","id":"kutr6jw405hmr6z"},"id":"0rxgtwl5mug82e6","previousOperationId":"wznfvx01w20x97g"}
{"type":"log","timestamp":1674753901326,"level":"debug","message":"Page request finished: GET (document) 200 file:///C:/Users/Johan/AppData/Local/Temp/jsreport/autocleanup/df11b2f3-169c-4270-be20-eaffc6f83903-chrome-pdf.html","meta":{"rootId":"kutr6jw405hmr6z","id":"kutr6jw405hmr6z"},"id":"1bhc4r0mbe1254k","previousOperationId":"wznfvx01w20x97g"}
{"type":"log","timestamp":1674753901326,"level":"debug","message":"Page request: GET (script) https://unpkg.com/chartist-plugin-tooltips@0.0.17","meta":{"rootId":"kutr6jw405hmr6z","id":"kutr6jw405hmr6z"},"id":"y20cz0sp7b1cpgl","previousOperationId":"wznfvx01w20x97g"}
{"type":"log","timestamp":1674753901326,"level":"debug","message":"Page request: GET (script) https://unpkg.com/chartist-plugin-pointlabels@0.0.6","meta":{"rootId":"kutr6jw405hmr6z","id":"kutr6jw405hmr6z"},"id":"2kao1bppbi7p8tn","previousOperationId":"wznfvx01w20x97g"}
{"type":"log","timestamp":1674753901333,"level":"debug","message":"Page request finished: GET (stylesheet) 200 https://cdnjs.cloudflare.com/ajax/libs/chartist/0.11.0/chartist.min.css","meta":{"rootId":"kutr6jw405hmr6z","id":"kutr6jw405hmr6z"},"id":"q6yw07st7ay8nzr","previousOperationId":"wznfvx01w20x97g"}
{"type":"log","timestamp":1674753901334,"level":"warn","message":"Page request failed: GET (script) 302 https://unpkg.com/chartist-plugin-tooltips@0.0.17 (redirect to: /chartist-plugin-tooltips@0.0.17/dist/chartist-plugin-tooltip.js)","meta":{"rootId":"kutr6jw405hmr6z","id":"kutr6jw405hmr6z"},"id":"m3tlo3xqowcxyga","previousOperationId":"wznfvx01w20x97g"}
{"type":"log","timestamp":1674753901334,"level":"warn","message":"Page request failed: GET (script) 302 https://unpkg.com/chartist-plugin-pointlabels@0.0.6 (redirect to: /chartist-plugin-pointlabels@0.0.6/dist/chartist-plugin-pointlabels.js)","meta":{"rootId":"kutr6jw405hmr6z","id":"kutr6jw405hmr6z"},"id":"jtgcyetsuxmqjll","previousOperationId":"wznfvx01w20x97g"}
{"type":"log","timestamp":1674753901334,"level":"debug","message":"Page request finished: GET (script) 200 https://cdnjs.cloudflare.com/ajax/libs/chartist/0.11.0/chartist.min.js","meta":{"rootId":"kutr6jw405hmr6z","id":"kutr6jw405hmr6z"},"id":"yzyme7sz1rhruav","previousOperationId":"wznfvx01w20x97g"}
{"type":"log","timestamp":1674753901335,"level":"debug","message":"Page request: GET (script) https://unpkg.com/chartist-plugin-tooltips@0.0.17/dist/chartist-plugin-tooltip.js (redirect from: https://unpkg.com/chartist-plugin-tooltips@0.0.17)","meta":{"rootId":"kutr6jw405hmr6z","id":"kutr6jw405hmr6z"},"id":"t0s7sgjktnbstp4","previousOperationId":"wznfvx01w20x97g"}
{"type":"log","timestamp":1674753901335,"level":"debug","message":"Page request: GET (script) https://unpkg.com/chartist-plugin-pointlabels@0.0.6/dist/chartist-plugin-pointlabels.js (redirect from: https://unpkg.com/chartist-plugin-pointlabels@0.0.6)","meta":{"rootId":"kutr6jw405hmr6z","id":"kutr6jw405hmr6z"},"id":"njdt58d3btlu9a0","previousOperationId":"wznfvx01w20x97g"}
{"type":"log","timestamp":1674753901353,"level":"debug","message":"Page request finished: GET (stylesheet) 200 https://cdnjs.cloudflare.com/ajax/libs/metro/4.1.5/css/metro.min.css","meta":{"rootId":"kutr6jw405hmr6z","id":"kutr6jw405hmr6z"},"id":"bz4c34pyot9jku1","previousOperationId":"wznfvx01w20x97g"}
{"type":"log","timestamp":1674753901355,"level":"debug","message":"Page request finished: GET (script) 200 https://unpkg.com/chartist-plugin-tooltips@0.0.17/dist/chartist-plugin-tooltip.js","meta":{"rootId":"kutr6jw405hmr6z","id":"kutr6jw405hmr6z"},"id":"oftqadet6wvnskj","previousOperationId":"wznfvx01w20x97g"}
{"type":"log","timestamp":1674753901355,"level":"debug","message":"Page request finished: GET (script) 200 https://unpkg.com/chartist-plugin-pointlabels@0.0.6/dist/chartist-plugin-pointlabels.js","meta":{"rootId":"kutr6jw405hmr6z","id":"kutr6jw405hmr6z"},"id":"0y5b13503u7u39z","previousOperationId":"wznfvx01w20x97g"}
{"type":"log","timestamp":1674753901357,"level":"warn","message":"Page error: SyntaxError: Unexpected token '.'","meta":{"rootId":"kutr6jw405hmr6z","id":"kutr6jw405hmr6z"},"id":"4bfh2abdt7cdlwi","previousOperationId":"wznfvx01w20x97g"}
{"type":"log","timestamp":1674753901418,"level":"debug","message":"Running chrome with params {\"printBackground\":true,\"timeout\":59152,\"margin\":{}}","meta":{"rootId":"kutr6jw405hmr6z","id":"kutr6jw405hmr6z"},"id":"669sv1gx1mosue7","previousOperationId":"wznfvx01w20x97g"}
{"type":"operationEnd","operationId":"wznfvx01w20x97g","timestamp":1674753901537,"id":"optao54o8zitgvm","previousEventId":"ek5hqg2t6ne53yw","previousOperationId":"wznfvx01w20x97g"}
{"type":"log","timestamp":1674753901537,"level":"debug","message":"Executing script testing (afterRender)","meta":{"rootId":"kutr6jw405hmr6z","id":"kutr6jw405hmr6z"},"id":"y3o2x4fiductbq5","previousOperationId":"wznfvx01w20x97g"}
{"type":"operationStart","subtype":"scriptsAfterRender","name":"scripts afterRender","timestamp":1674753901550,"id":"5vgi0vttlv22e6j","previousEventId":"optao54o8zitgvm","operationId":"3chjdwdzrb2m0f2","previousOperationId":"wznfvx01w20x97g"}
{"type":"operationStart","subtype":"script","name":"scripts testing","previousOperationId":"3chjdwdzrb2m0f2","timestamp":1674753901550,"id":"ub6uhjy1g9i541w","previousEventId":"5vgi0vttlv22e6j","operationId":"z2t1tddxkt2qbp9"}
{"type":"operationEnd","operationId":"z2t1tddxkt2qbp9","timestamp":1674753904188,"id":"c0wje8v5ltcji3t","previousEventId":"optao54o8zitgvm","previousOperationId":"wznfvx01w20x97g"}
{"type":"operationEnd","operationId":"3chjdwdzrb2m0f2","timestamp":1674753904188,"id":"fhqgrh9ny7cnvlp","previousEventId":"c0wje8v5ltcji3t","previousOperationId":"wznfvx01w20x97g"}
{"type":"log","timestamp":1674753904188,"level":"debug","message":"Skipping storing report.","meta":{"rootId":"kutr6jw405hmr6z","id":"kutr6jw405hmr6z"},"id":"svh9yu88k5wrnx4","previousOperationId":"3chjdwdzrb2m0f2"}
{"type":"log","timestamp":1674753904188,"level":"info","message":"Rendering request 34 finished in 3836 ms","meta":{"rootId":"kutr6jw405hmr6z","id":"kutr6jw405hmr6z"},"id":"7n8bepzm3ts5xrf","previousOperationId":"3chjdwdzrb2m0f2"}
{"type":"operationEnd","subtype":"render","operationId":"yk9j48qfi6tmpm9","timestamp":1674753904188,"id":"oj6p05fgtgpt0lb","previousEventId":"fhqgrh9ny7cnvlp","previousOperationId":"3chjdwdzrb2m0f2"}
{"type":"operationEnd","doDiffs":false,"previousEventId":"tgspgku5aray2lu","previousOperationId":"l0w1nflp18j9uey","operationId":"l0w1nflp18j9uey","timestamp":1674753904191,"id":"sc04hd0cbhhawhe"}
