{"type":"operationStart","subtype":"profile","data":{"_id":"oc8roiKCMzcCKm8Q","timestamp":"2023-01-26T16:29:28.761Z","state":"queued","mode":"standard","creationDate":"2023-01-26T16:29:28.766Z","modificationDate":"2023-01-26T16:29:28.766Z","shortid":"vcxlev_","$entitySet":"profiles"},"doDiffs":false,"timestamp":1674750568762,"id":"iruqpja3e8792qf","previousOperationId":null,"operationId":"nl8m81voj9p8eud"}
{"type":"log","level":"info","message":"Render request 1 queued for execution and waiting for available worker","previousOperationId":"nl8m81voj9p8eud","timestamp":1674750568764,"id":"3sa79npiflmi5y4"}
{"type":"operationStart","subtype":"render","name":"Data","previousOperationId":"nl8m81voj9p8eud","timestamp":1674750568789,"id":"qvu25l1dj2nu6he","previousEventId":"iruqpja3e8792qf","operationId":"2qee36v7jdljtfl"}
{"type":"log","timestamp":1674750568789,"level":"info","message":"Starting rendering request 1","meta":{"rootId":"kw9hxg36nncc4yf","id":"kw9hxg36nncc4yf"},"id":"hzi1108k2xoch1y","previousOperationId":"2qee36v7jdljtfl"}
{"type":"log","timestamp":1674750568791,"level":"info","message":"Rendering template { name: Data, recipe: chrome-pdf, engine: handlebars, preview: true }","meta":{"rootId":"kw9hxg36nncc4yf","id":"kw9hxg36nncc4yf"},"id":"uetc2xtcxcrxy0d","previousOperationId":"2qee36v7jdljtfl"}
{"type":"log","timestamp":1674750568793,"level":"debug","message":"Data item not defined for this template.","meta":{"rootId":"kw9hxg36nncc4yf","id":"kw9hxg36nncc4yf"},"id":"eocuidbs8vxmdt0","previousOperationId":"2qee36v7jdljtfl"}
{"type":"log","timestamp":1674750568796,"level":"debug","message":"Executing script testing (beforeRender)","meta":{"rootId":"kw9hxg36nncc4yf","id":"kw9hxg36nncc4yf"},"id":"raqdqretjt46sju","previousOperationId":"2qee36v7jdljtfl"}
{"type":"operationStart","subtype":"scriptsBeforeRender","name":"scripts beforeRender","timestamp":1674750569091,"id":"h2x87d8ojcxmn4f","previousEventId":"qvu25l1dj2nu6he","operationId":"65xyhllui2cp3fr","previousOperationId":"2qee36v7jdljtfl"}
{"type":"operationStart","subtype":"script","name":"scripts testing","previousOperationId":"65xyhllui2cp3fr","timestamp":1674750569091,"id":"azkezxsda2oz3uz","previousEventId":"h2x87d8ojcxmn4f","operationId":"h05rp2i3ifiwywy"}
{"type":"log","timestamp":1674750569306,"level":"debug","message":"(console:log) {\n  name: [ 'Teror', 'Gáldar', 'Las Palmas de Gran Canaria' ],\n  repetition: [ '3', '1', '2' ]\n}","meta":{"userLevel":true,"rootId":"kw9hxg36nncc4yf","id":"kw9hxg36nncc4yf"},"id":"7m0bcs8txef4yp8","previousOperationId":"h05rp2i3ifiwywy"}
{"type":"operationEnd","operationId":"h05rp2i3ifiwywy","timestamp":1674750569688,"id":"7xlg1hbxjhbargz","previousEventId":"qvu25l1dj2nu6he","previousOperationId":"2qee36v7jdljtfl"}
{"type":"operationEnd","operationId":"65xyhllui2cp3fr","timestamp":1674750569688,"id":"o9jv1gp5k4plwam","previousEventId":"7xlg1hbxjhbargz","previousOperationId":"2qee36v7jdljtfl"}
{"type":"log","timestamp":1674750569688,"level":"debug","message":"Base url not specified, skipping its injection.","meta":{"rootId":"kw9hxg36nncc4yf","id":"kw9hxg36nncc4yf"},"id":"bu5czjes4b4d9y4","previousOperationId":"65xyhllui2cp3fr"}
{"type":"operationStart","subtype":"engine","name":"handlebars","timestamp":1674750569689,"id":"hyzm52s3196g7b3","previousEventId":"o9jv1gp5k4plwam","operationId":"g8mziup6ct1gfed","previousOperationId":"65xyhllui2cp3fr"}
{"type":"log","timestamp":1674750569689,"level":"debug","message":"Rendering engine handlebars","meta":{"rootId":"kw9hxg36nncc4yf","id":"kw9hxg36nncc4yf"},"id":"aopbajt6mqhxej1","previousOperationId":"g8mziup6ct1gfed"}
{"type":"operationEnd","operationId":"g8mziup6ct1gfed","timestamp":1674750569975,"id":"kxz16u35d9hcrp9","previousEventId":"hyzm52s3196g7b3","previousOperationId":"g8mziup6ct1gfed"}
{"type":"operationStart","subtype":"recipe","name":"chrome-pdf","timestamp":1674750569975,"id":"arcpb4alexwp8rr","previousEventId":"kxz16u35d9hcrp9","operationId":"8az1456hfgp22ss","previousOperationId":"g8mziup6ct1gfed"}
{"type":"log","timestamp":1674750569975,"level":"debug","message":"Executing recipe chrome-pdf","meta":{"rootId":"kw9hxg36nncc4yf","id":"kw9hxg36nncc4yf"},"id":"eaeoq4uvf20ug8e","previousOperationId":"8az1456hfgp22ss"}
{"type":"log","timestamp":1674750570226,"level":"debug","message":"Converting with chrome HeadlessChrome/105.0.5173.0 using chrome-pool strategy","meta":{"rootId":"kw9hxg36nncc4yf","id":"kw9hxg36nncc4yf"},"id":"hnmjxwd95xwuezh","previousOperationId":"8az1456hfgp22ss"}
{"type":"log","timestamp":1674750570364,"level":"debug","message":"Page request: GET (document) file:///C:/Users/Johan/AppData/Local/Temp/jsreport/autocleanup/54489f4b-78fe-4477-b8d5-727a35d8897c-chrome-pdf.html","meta":{"rootId":"kw9hxg36nncc4yf","id":"kw9hxg36nncc4yf"},"id":"ct6vi058lc80uhz","previousOperationId":"8az1456hfgp22ss"}
{"type":"log","timestamp":1674750570386,"level":"debug","message":"Page request finished: GET (document) 200 file:///C:/Users/Johan/AppData/Local/Temp/jsreport/autocleanup/54489f4b-78fe-4477-b8d5-727a35d8897c-chrome-pdf.html","meta":{"rootId":"kw9hxg36nncc4yf","id":"kw9hxg36nncc4yf"},"id":"o49gbekxw2jvhlv","previousOperationId":"8az1456hfgp22ss"}
{"type":"log","timestamp":1674750570386,"level":"debug","message":"Page request: GET (stylesheet) https://cdnjs.cloudflare.com/ajax/libs/metro/4.1.5/css/metro.min.css","meta":{"rootId":"kw9hxg36nncc4yf","id":"kw9hxg36nncc4yf"},"id":"d6t5r14q5x7tieb","previousOperationId":"8az1456hfgp22ss"}
{"type":"log","timestamp":1674750570387,"level":"debug","message":"Page request: GET (stylesheet) https://cdnjs.cloudflare.com/ajax/libs/chartist/0.11.0/chartist.min.css","meta":{"rootId":"kw9hxg36nncc4yf","id":"kw9hxg36nncc4yf"},"id":"i47htb6brjvj9ae","previousOperationId":"8az1456hfgp22ss"}
{"type":"log","timestamp":1674750570387,"level":"debug","message":"Page request: GET (script) https://cdnjs.cloudflare.com/ajax/libs/chartist/0.11.0/chartist.min.js","meta":{"rootId":"kw9hxg36nncc4yf","id":"kw9hxg36nncc4yf"},"id":"5cdqvwkislmkc8f","previousOperationId":"8az1456hfgp22ss"}
{"type":"log","timestamp":1674750570387,"level":"debug","message":"Page request: GET (script) https://unpkg.com/chartist-plugin-tooltips@0.0.17","meta":{"rootId":"kw9hxg36nncc4yf","id":"kw9hxg36nncc4yf"},"id":"4ysciq1ayp1k1nv","previousOperationId":"8az1456hfgp22ss"}
{"type":"log","timestamp":1674750570387,"level":"debug","message":"Page request: GET (script) https://unpkg.com/chartist-plugin-pointlabels@0.0.6","meta":{"rootId":"kw9hxg36nncc4yf","id":"kw9hxg36nncc4yf"},"id":"22pvhd7hqgb4oxi","previousOperationId":"8az1456hfgp22ss"}
{"type":"log","timestamp":1674750570647,"level":"debug","message":"Page request finished: GET (stylesheet) 200 https://cdnjs.cloudflare.com/ajax/libs/chartist/0.11.0/chartist.min.css","meta":{"rootId":"kw9hxg36nncc4yf","id":"kw9hxg36nncc4yf"},"id":"eueal31tuejibof","previousOperationId":"8az1456hfgp22ss"}
{"type":"log","timestamp":1674750570656,"level":"warn","message":"Page request failed: GET (script) 302 https://unpkg.com/chartist-plugin-pointlabels@0.0.6 (redirect to: /chartist-plugin-pointlabels@0.0.6/dist/chartist-plugin-pointlabels.js)","meta":{"rootId":"kw9hxg36nncc4yf","id":"kw9hxg36nncc4yf"},"id":"gq9k9rx1ok62die","previousOperationId":"8az1456hfgp22ss"}
{"type":"log","timestamp":1674750570657,"level":"debug","message":"Page request: GET (script) https://unpkg.com/chartist-plugin-pointlabels@0.0.6/dist/chartist-plugin-pointlabels.js (redirect from: https://unpkg.com/chartist-plugin-pointlabels@0.0.6)","meta":{"rootId":"kw9hxg36nncc4yf","id":"kw9hxg36nncc4yf"},"id":"p82e8jos1ehsta1","previousOperationId":"8az1456hfgp22ss"}
{"type":"log","timestamp":1674750570659,"level":"debug","message":"Page request finished: GET (script) 200 https://cdnjs.cloudflare.com/ajax/libs/chartist/0.11.0/chartist.min.js","meta":{"rootId":"kw9hxg36nncc4yf","id":"kw9hxg36nncc4yf"},"id":"wcvch7gq5iay3mk","previousOperationId":"8az1456hfgp22ss"}
{"type":"log","timestamp":1674750570664,"level":"warn","message":"Page request failed: GET (script) 302 https://unpkg.com/chartist-plugin-tooltips@0.0.17 (redirect to: /chartist-plugin-tooltips@0.0.17/dist/chartist-plugin-tooltip.js)","meta":{"rootId":"kw9hxg36nncc4yf","id":"kw9hxg36nncc4yf"},"id":"fz57iv9mfsaez96","previousOperationId":"8az1456hfgp22ss"}
{"type":"log","timestamp":1674750570665,"level":"debug","message":"Page request: GET (script) https://unpkg.com/chartist-plugin-tooltips@0.0.17/dist/chartist-plugin-tooltip.js (redirect from: https://unpkg.com/chartist-plugin-tooltips@0.0.17)","meta":{"rootId":"kw9hxg36nncc4yf","id":"kw9hxg36nncc4yf"},"id":"wblfeycz4njmac4","previousOperationId":"8az1456hfgp22ss"}
{"type":"log","timestamp":1674750570703,"level":"debug","message":"Page request finished: GET (stylesheet) 200 https://cdnjs.cloudflare.com/ajax/libs/metro/4.1.5/css/metro.min.css","meta":{"rootId":"kw9hxg36nncc4yf","id":"kw9hxg36nncc4yf"},"id":"u613yh2mxocmayl","previousOperationId":"8az1456hfgp22ss"}
{"type":"log","timestamp":1674750570708,"level":"debug","message":"Page request finished: GET (script) 200 https://unpkg.com/chartist-plugin-pointlabels@0.0.6/dist/chartist-plugin-pointlabels.js","meta":{"rootId":"kw9hxg36nncc4yf","id":"kw9hxg36nncc4yf"},"id":"eg990uz9j9kwc73","previousOperationId":"8az1456hfgp22ss"}
{"type":"log","timestamp":1674750570725,"level":"debug","message":"Page request finished: GET (script) 200 https://unpkg.com/chartist-plugin-tooltips@0.0.17/dist/chartist-plugin-tooltip.js","meta":{"rootId":"kw9hxg36nncc4yf","id":"kw9hxg36nncc4yf"},"id":"v3ox3n6pdwl177u","previousOperationId":"8az1456hfgp22ss"}
{"type":"log","timestamp":1674750570727,"level":"warn","message":"Page error: SyntaxError: Unexpected identifier","meta":{"rootId":"kw9hxg36nncc4yf","id":"kw9hxg36nncc4yf"},"id":"tnev9qt8s4jo10s","previousOperationId":"8az1456hfgp22ss"}
{"type":"log","timestamp":1674750570767,"level":"debug","message":"Running chrome with params {\"printBackground\":true,\"timeout\":58663,\"margin\":{}}","meta":{"rootId":"kw9hxg36nncc4yf","id":"kw9hxg36nncc4yf"},"id":"lml3crpw884zzjg","previousOperationId":"8az1456hfgp22ss"}
{"type":"operationEnd","operationId":"8az1456hfgp22ss","timestamp":1674750570871,"id":"9saa7fl3dqlluq2","previousEventId":"arcpb4alexwp8rr","previousOperationId":"8az1456hfgp22ss"}
{"type":"log","timestamp":1674750570872,"level":"debug","message":"Executing script testing (afterRender)","meta":{"rootId":"kw9hxg36nncc4yf","id":"kw9hxg36nncc4yf"},"id":"fwzdwybnbr26qk1","previousOperationId":"8az1456hfgp22ss"}
{"type":"operationStart","subtype":"scriptsAfterRender","name":"scripts afterRender","timestamp":1674750570884,"id":"219p1ss40w0auep","previousEventId":"9saa7fl3dqlluq2","operationId":"m3asg0ii4h0uo40","previousOperationId":"8az1456hfgp22ss"}
{"type":"operationStart","subtype":"script","name":"scripts testing","previousOperationId":"m3asg0ii4h0uo40","timestamp":1674750570884,"id":"dcpzuzrfnt76o79","previousEventId":"219p1ss40w0auep","operationId":"nke6u17m2jwpzpp"}
{"type":"operationEnd","operationId":"nke6u17m2jwpzpp","timestamp":1674750572268,"id":"rnizgdjpdpcvk9h","previousEventId":"9saa7fl3dqlluq2","previousOperationId":"8az1456hfgp22ss"}
{"type":"operationEnd","operationId":"m3asg0ii4h0uo40","timestamp":1674750572268,"id":"xa12ut41g6bm4nn","previousEventId":"rnizgdjpdpcvk9h","previousOperationId":"8az1456hfgp22ss"}
{"type":"log","timestamp":1674750572268,"level":"debug","message":"Skipping storing report.","meta":{"rootId":"kw9hxg36nncc4yf","id":"kw9hxg36nncc4yf"},"id":"7ru3x7s3a0eison","previousOperationId":"m3asg0ii4h0uo40"}
{"type":"log","timestamp":1674750572269,"level":"info","message":"Rendering request 1 finished in 3508 ms","meta":{"rootId":"kw9hxg36nncc4yf","id":"kw9hxg36nncc4yf"},"id":"52p77p0ccvmb9xk","previousOperationId":"m3asg0ii4h0uo40"}
{"type":"operationEnd","subtype":"render","operationId":"2qee36v7jdljtfl","timestamp":1674750572269,"id":"flk8b89qnj2cugd","previousEventId":"xa12ut41g6bm4nn","previousOperationId":"m3asg0ii4h0uo40"}
{"type":"operationEnd","doDiffs":false,"previousEventId":"iruqpja3e8792qf","previousOperationId":"nl8m81voj9p8eud","operationId":"nl8m81voj9p8eud","timestamp":1674750572274,"id":"hpaf8k1qmb555pm"}
