{"type":"operationStart","subtype":"profile","data":{"_id":"29J1nmCaK26ePqjP","timestamp":"2023-01-26T16:56:41.965Z","state":"queued","mode":"standard","creationDate":"2023-01-26T16:56:41.967Z","modificationDate":"2023-01-26T16:56:41.967Z","shortid":"FfNoqfL","$entitySet":"profiles"},"doDiffs":false,"timestamp":1674752201966,"id":"dhd5bhlki3jiy9s","previousOperationId":null,"operationId":"6k4ed14ucsk1jvl"}
{"type":"log","level":"info","message":"Render request 11 queued for execution and waiting for available worker","previousOperationId":"6k4ed14ucsk1jvl","timestamp":1674752201966,"id":"lanam5n3r6g6amj"}
{"type":"operationStart","subtype":"render","name":"Data","previousOperationId":"6k4ed14ucsk1jvl","timestamp":1674752201981,"id":"lz5poexzwnrjmmp","previousEventId":"dhd5bhlki3jiy9s","operationId":"a08u3w8yzu8tiiz"}
{"type":"log","timestamp":1674752201981,"level":"info","message":"Starting rendering request 11","meta":{"rootId":"l765dbt7psivdwt","id":"l765dbt7psivdwt"},"id":"hm14h3cho7c50oi","previousOperationId":"a08u3w8yzu8tiiz"}
{"type":"log","timestamp":1674752201981,"level":"info","message":"Rendering template { name: Data, recipe: chrome-pdf, engine: handlebars, preview: true }","meta":{"rootId":"l765dbt7psivdwt","id":"l765dbt7psivdwt"},"id":"j3hyx84xmn897po","previousOperationId":"a08u3w8yzu8tiiz"}
{"type":"log","timestamp":1674752201982,"level":"debug","message":"Data item not defined for this template.","meta":{"rootId":"l765dbt7psivdwt","id":"l765dbt7psivdwt"},"id":"2ihmnhxrgibbvyr","previousOperationId":"a08u3w8yzu8tiiz"}
{"type":"log","timestamp":1674752201990,"level":"debug","message":"Executing script testing (beforeRender)","meta":{"rootId":"l765dbt7psivdwt","id":"l765dbt7psivdwt"},"id":"rrn42yaa2ogctck","previousOperationId":"a08u3w8yzu8tiiz"}
{"type":"operationStart","subtype":"scriptsBeforeRender","name":"scripts beforeRender","timestamp":1674752202063,"id":"2ajv86zglqj7dsk","previousEventId":"lz5poexzwnrjmmp","operationId":"fm5ajft77rl52zy","previousOperationId":"a08u3w8yzu8tiiz"}
{"type":"operationStart","subtype":"script","name":"scripts testing","previousOperationId":"fm5ajft77rl52zy","timestamp":1674752202063,"id":"elqvwggw919wa36","previousEventId":"2ajv86zglqj7dsk","operationId":"viuz1zzlkubea7y"}
{"type":"log","timestamp":1674752202293,"level":"debug","message":"(console:log) {\n  locationName: [ 'Las Palmas de Gran Canaria', 'Galdar', 'Teror' ],\n  repetition: [ '2', '1', '3' ]\n}","meta":{"userLevel":true,"rootId":"l765dbt7psivdwt","id":"l765dbt7psivdwt"},"id":"ugs4egjtphmyevw","previousOperationId":"viuz1zzlkubea7y"}
{"type":"log","timestamp":1674752202293,"level":"debug","message":"(console:log) [ 'Las Palmas de Gran Canaria', 'Galdar', 'Teror' ]","meta":{"userLevel":true,"rootId":"l765dbt7psivdwt","id":"l765dbt7psivdwt"},"id":"y3klykcy61qiijz","previousOperationId":"viuz1zzlkubea7y"}
{"type":"log","timestamp":1674752202293,"level":"debug","message":"(console:log) [ '2', '1', '3' ]","meta":{"userLevel":true,"rootId":"l765dbt7psivdwt","id":"l765dbt7psivdwt"},"id":"2gmndr4clcljmev","previousOperationId":"viuz1zzlkubea7y"}
{"type":"operationEnd","operationId":"viuz1zzlkubea7y","timestamp":1674752202751,"id":"1rwrucaq7iiji37","previousEventId":"lz5poexzwnrjmmp","previousOperationId":"a08u3w8yzu8tiiz"}
{"type":"operationEnd","operationId":"fm5ajft77rl52zy","timestamp":1674752202751,"id":"u9pnqvfigmsxpfc","previousEventId":"1rwrucaq7iiji37","previousOperationId":"a08u3w8yzu8tiiz"}
{"type":"log","timestamp":1674752202751,"level":"debug","message":"Base url not specified, skipping its injection.","meta":{"rootId":"l765dbt7psivdwt","id":"l765dbt7psivdwt"},"id":"fmffxczt526d67k","previousOperationId":"fm5ajft77rl52zy"}
{"type":"operationStart","subtype":"engine","name":"handlebars","timestamp":1674752202751,"id":"94cvwrisa2y916x","previousEventId":"u9pnqvfigmsxpfc","operationId":"nfpdykpxopqy3bv","previousOperationId":"fm5ajft77rl52zy"}
{"type":"log","timestamp":1674752202751,"level":"debug","message":"Rendering engine handlebars","meta":{"rootId":"l765dbt7psivdwt","id":"l765dbt7psivdwt"},"id":"lp8igc9tu61b6n5","previousOperationId":"nfpdykpxopqy3bv"}
{"type":"operationEnd","operationId":"nfpdykpxopqy3bv","timestamp":1674752202760,"id":"6fd0k27pwmsf8ep","previousEventId":"94cvwrisa2y916x","previousOperationId":"nfpdykpxopqy3bv"}
{"type":"operationStart","subtype":"recipe","name":"chrome-pdf","timestamp":1674752202760,"id":"qr53huwqamiahnf","previousEventId":"6fd0k27pwmsf8ep","operationId":"8o66k6jrf87mla3","previousOperationId":"nfpdykpxopqy3bv"}
{"type":"log","timestamp":1674752202760,"level":"debug","message":"Executing recipe chrome-pdf","meta":{"rootId":"l765dbt7psivdwt","id":"l765dbt7psivdwt"},"id":"6sddijjib3l2fd5","previousOperationId":"8o66k6jrf87mla3"}
{"type":"log","timestamp":1674752202763,"level":"debug","message":"Converting with chrome HeadlessChrome/105.0.5173.0 using chrome-pool strategy","meta":{"rootId":"l765dbt7psivdwt","id":"l765dbt7psivdwt"},"id":"h7sioth4cafc01b","previousOperationId":"8o66k6jrf87mla3"}
{"type":"log","timestamp":1674752202885,"level":"debug","message":"Page request: GET (document) file:///C:/Users/Johan/AppData/Local/Temp/jsreport/autocleanup/fd1a7ec4-ce62-47d1-b24b-67b9c9ca13ee-chrome-pdf.html","meta":{"rootId":"l765dbt7psivdwt","id":"l765dbt7psivdwt"},"id":"5vmafcr152tw7h6","previousOperationId":"8o66k6jrf87mla3"}
{"type":"log","timestamp":1674752202913,"level":"debug","message":"Page request finished: GET (document) 200 file:///C:/Users/Johan/AppData/Local/Temp/jsreport/autocleanup/fd1a7ec4-ce62-47d1-b24b-67b9c9ca13ee-chrome-pdf.html","meta":{"rootId":"l765dbt7psivdwt","id":"l765dbt7psivdwt"},"id":"748006ojz94vxga","previousOperationId":"8o66k6jrf87mla3"}
{"type":"log","timestamp":1674752202913,"level":"debug","message":"Page request: GET (stylesheet) https://cdnjs.cloudflare.com/ajax/libs/metro/4.1.5/css/metro.min.css","meta":{"rootId":"l765dbt7psivdwt","id":"l765dbt7psivdwt"},"id":"txqx0uhu8ersak9","previousOperationId":"8o66k6jrf87mla3"}
{"type":"log","timestamp":1674752202913,"level":"debug","message":"Page request: GET (stylesheet) https://cdnjs.cloudflare.com/ajax/libs/chartist/0.11.0/chartist.min.css","meta":{"rootId":"l765dbt7psivdwt","id":"l765dbt7psivdwt"},"id":"x83idnaz881o859","previousOperationId":"8o66k6jrf87mla3"}
{"type":"log","timestamp":1674752202913,"level":"debug","message":"Page request: GET (script) https://cdnjs.cloudflare.com/ajax/libs/chartist/0.11.0/chartist.min.js","meta":{"rootId":"l765dbt7psivdwt","id":"l765dbt7psivdwt"},"id":"v51ndr3jpaqlh7a","previousOperationId":"8o66k6jrf87mla3"}
{"type":"log","timestamp":1674752202914,"level":"debug","message":"Page request: GET (script) https://unpkg.com/chartist-plugin-tooltips@0.0.17","meta":{"rootId":"l765dbt7psivdwt","id":"l765dbt7psivdwt"},"id":"3kctbnwb06vg8r1","previousOperationId":"8o66k6jrf87mla3"}
{"type":"log","timestamp":1674752202914,"level":"debug","message":"Page request: GET (script) https://unpkg.com/chartist-plugin-pointlabels@0.0.6","meta":{"rootId":"l765dbt7psivdwt","id":"l765dbt7psivdwt"},"id":"9wl9a3olfemluw0","previousOperationId":"8o66k6jrf87mla3"}
{"type":"log","timestamp":1674752202919,"level":"warn","message":"Page request failed: GET (script) 302 https://unpkg.com/chartist-plugin-tooltips@0.0.17 (redirect to: /chartist-plugin-tooltips@0.0.17/dist/chartist-plugin-tooltip.js)","meta":{"rootId":"l765dbt7psivdwt","id":"l765dbt7psivdwt"},"id":"xx2sq8f2fd1pi98","previousOperationId":"8o66k6jrf87mla3"}
{"type":"log","timestamp":1674752202919,"level":"debug","message":"Page request: GET (script) https://unpkg.com/chartist-plugin-tooltips@0.0.17/dist/chartist-plugin-tooltip.js (redirect from: https://unpkg.com/chartist-plugin-tooltips@0.0.17)","meta":{"rootId":"l765dbt7psivdwt","id":"l765dbt7psivdwt"},"id":"dw5apickkr0qpyq","previousOperationId":"8o66k6jrf87mla3"}
{"type":"log","timestamp":1674752202920,"level":"debug","message":"Page request finished: GET (stylesheet) 200 https://cdnjs.cloudflare.com/ajax/libs/chartist/0.11.0/chartist.min.css","meta":{"rootId":"l765dbt7psivdwt","id":"l765dbt7psivdwt"},"id":"px3th223ct30qlb","previousOperationId":"8o66k6jrf87mla3"}
{"type":"log","timestamp":1674752202920,"level":"warn","message":"Page request failed: GET (script) 302 https://unpkg.com/chartist-plugin-pointlabels@0.0.6 (redirect to: /chartist-plugin-pointlabels@0.0.6/dist/chartist-plugin-pointlabels.js)","meta":{"rootId":"l765dbt7psivdwt","id":"l765dbt7psivdwt"},"id":"6zjpb6r2sujk4ae","previousOperationId":"8o66k6jrf87mla3"}
{"type":"log","timestamp":1674752202921,"level":"debug","message":"Page request: GET (script) https://unpkg.com/chartist-plugin-pointlabels@0.0.6/dist/chartist-plugin-pointlabels.js (redirect from: https://unpkg.com/chartist-plugin-pointlabels@0.0.6)","meta":{"rootId":"l765dbt7psivdwt","id":"l765dbt7psivdwt"},"id":"uqynicic3uau1co","previousOperationId":"8o66k6jrf87mla3"}
{"type":"log","timestamp":1674752202938,"level":"debug","message":"Page request finished: GET (stylesheet) 200 https://cdnjs.cloudflare.com/ajax/libs/metro/4.1.5/css/metro.min.css","meta":{"rootId":"l765dbt7psivdwt","id":"l765dbt7psivdwt"},"id":"49s4o2ua2bhksvb","previousOperationId":"8o66k6jrf87mla3"}
{"type":"log","timestamp":1674752202938,"level":"debug","message":"Page request finished: GET (script) 200 https://cdnjs.cloudflare.com/ajax/libs/chartist/0.11.0/chartist.min.js","meta":{"rootId":"l765dbt7psivdwt","id":"l765dbt7psivdwt"},"id":"dmg5k7uwjr5f6x7","previousOperationId":"8o66k6jrf87mla3"}
{"type":"log","timestamp":1674752202940,"level":"debug","message":"Page request finished: GET (script) 200 https://unpkg.com/chartist-plugin-tooltips@0.0.17/dist/chartist-plugin-tooltip.js","meta":{"rootId":"l765dbt7psivdwt","id":"l765dbt7psivdwt"},"id":"9ien7zqhmau2vkk","previousOperationId":"8o66k6jrf87mla3"}
{"type":"log","timestamp":1674752202940,"level":"debug","message":"Page request finished: GET (script) 200 https://unpkg.com/chartist-plugin-pointlabels@0.0.6/dist/chartist-plugin-pointlabels.js","meta":{"rootId":"l765dbt7psivdwt","id":"l765dbt7psivdwt"},"id":"17dqmvxmux977wi","previousOperationId":"8o66k6jrf87mla3"}
{"type":"log","timestamp":1674752202941,"level":"debug","message":"(console:log) Me he venido","meta":{"userLevel":true,"rootId":"l765dbt7psivdwt","id":"l765dbt7psivdwt"},"id":"44c6axiorlrgvud","previousOperationId":"8o66k6jrf87mla3"}
{"type":"log","timestamp":1674752202942,"level":"debug","message":"(console:log) JSHandle@array","meta":{"userLevel":true,"rootId":"l765dbt7psivdwt","id":"l765dbt7psivdwt"},"id":"x1jg8963cskk5ze","previousOperationId":"8o66k6jrf87mla3"}
{"type":"log","timestamp":1674752202942,"level":"debug","message":"(console:log) JSHandle@array","meta":{"userLevel":true,"rootId":"l765dbt7psivdwt","id":"l765dbt7psivdwt"},"id":"obln61npmq5wg6q","previousOperationId":"8o66k6jrf87mla3"}
{"type":"log","timestamp":1674752203017,"level":"debug","message":"Running chrome with params {\"printBackground\":true,\"timeout\":59203,\"margin\":{}}","meta":{"rootId":"l765dbt7psivdwt","id":"l765dbt7psivdwt"},"id":"cc2ing77ydanhhm","previousOperationId":"8o66k6jrf87mla3"}
{"type":"operationEnd","operationId":"8o66k6jrf87mla3","timestamp":1674752203162,"id":"hcbgcbfzhi9e0p5","previousEventId":"qr53huwqamiahnf","previousOperationId":"8o66k6jrf87mla3"}
{"type":"log","timestamp":1674752203163,"level":"debug","message":"Executing script testing (afterRender)","meta":{"rootId":"l765dbt7psivdwt","id":"l765dbt7psivdwt"},"id":"be67tehxip0o5au","previousOperationId":"8o66k6jrf87mla3"}
{"type":"operationStart","subtype":"scriptsAfterRender","name":"scripts afterRender","timestamp":1674752203171,"id":"avn61bwkl7dihuk","previousEventId":"hcbgcbfzhi9e0p5","operationId":"mqpaqmx2kdjkb38","previousOperationId":"8o66k6jrf87mla3"}
{"type":"operationStart","subtype":"script","name":"scripts testing","previousOperationId":"mqpaqmx2kdjkb38","timestamp":1674752203171,"id":"cemrt7paqjokqgp","previousEventId":"avn61bwkl7dihuk","operationId":"q7hlc4nr0j28hse"}
{"type":"operationEnd","operationId":"q7hlc4nr0j28hse","timestamp":1674752204224,"id":"hfdmbtkt1amal5v","previousEventId":"hcbgcbfzhi9e0p5","previousOperationId":"8o66k6jrf87mla3"}
{"type":"operationEnd","operationId":"mqpaqmx2kdjkb38","timestamp":1674752204224,"id":"0yf5i8zljxu1x2z","previousEventId":"hfdmbtkt1amal5v","previousOperationId":"8o66k6jrf87mla3"}
{"type":"log","timestamp":1674752204224,"level":"debug","message":"Skipping storing report.","meta":{"rootId":"l765dbt7psivdwt","id":"l765dbt7psivdwt"},"id":"rhqeyupdfwpdoyi","previousOperationId":"mqpaqmx2kdjkb38"}
{"type":"log","timestamp":1674752204224,"level":"info","message":"Rendering request 11 finished in 2259 ms","meta":{"rootId":"l765dbt7psivdwt","id":"l765dbt7psivdwt"},"id":"pppsc3dab2f8lu9","previousOperationId":"mqpaqmx2kdjkb38"}
{"type":"operationEnd","subtype":"render","operationId":"a08u3w8yzu8tiiz","timestamp":1674752204224,"id":"27tcsc9x6ofs0kn","previousEventId":"0yf5i8zljxu1x2z","previousOperationId":"mqpaqmx2kdjkb38"}
{"type":"operationEnd","doDiffs":false,"previousEventId":"dhd5bhlki3jiy9s","previousOperationId":"6k4ed14ucsk1jvl","operationId":"6k4ed14ucsk1jvl","timestamp":1674752204228,"id":"3uj3nkd0zvpk3af"}
