{"type":"operationStart","subtype":"profile","data":{"_id":"uzDhOpkLV27RJXrW","timestamp":"2023-01-26T17:13:08.296Z","state":"queued","mode":"standard","creationDate":"2023-01-26T17:13:08.298Z","modificationDate":"2023-01-26T17:13:08.298Z","shortid":"SUV5QhF","$entitySet":"profiles"},"doDiffs":false,"timestamp":1674753188297,"id":"egqs00xzbf87px0","previousOperationId":null,"operationId":"2rmdythhmhpz2nv"}
{"type":"log","level":"info","message":"Render request 20 queued for execution and waiting for available worker","previousOperationId":"2rmdythhmhpz2nv","timestamp":1674753188297,"id":"zmg1hdcdp7mpz9w"}
{"type":"operationStart","subtype":"render","name":"Data","previousOperationId":"2rmdythhmhpz2nv","timestamp":1674753188308,"id":"k0hxod1uxf7ph9m","previousEventId":"egqs00xzbf87px0","operationId":"gcdoss70cldtthr"}
{"type":"log","timestamp":1674753188308,"level":"info","message":"Starting rendering request 20","meta":{"rootId":"l878fkq69io5huc","id":"l878fkq69io5huc"},"id":"o9s6oq89t0m5ipu","previousOperationId":"gcdoss70cldtthr"}
{"type":"log","timestamp":1674753188309,"level":"info","message":"Rendering template { name: Data, recipe: chrome-pdf, engine: handlebars, preview: true }","meta":{"rootId":"l878fkq69io5huc","id":"l878fkq69io5huc"},"id":"xo28msvwuulg2sh","previousOperationId":"gcdoss70cldtthr"}
{"type":"log","timestamp":1674753188309,"level":"debug","message":"Data item not defined for this template.","meta":{"rootId":"l878fkq69io5huc","id":"l878fkq69io5huc"},"id":"exfxbim08mcanup","previousOperationId":"gcdoss70cldtthr"}
{"type":"log","timestamp":1674753188313,"level":"debug","message":"Executing script testing (beforeRender)","meta":{"rootId":"l878fkq69io5huc","id":"l878fkq69io5huc"},"id":"txy86hv390sonx5","previousOperationId":"gcdoss70cldtthr"}
{"type":"operationStart","subtype":"scriptsBeforeRender","name":"scripts beforeRender","timestamp":1674753188383,"id":"e0q08k0s4pq0wid","previousEventId":"k0hxod1uxf7ph9m","operationId":"7ryhy1gaubmk3up","previousOperationId":"gcdoss70cldtthr"}
{"type":"operationStart","subtype":"script","name":"scripts testing","previousOperationId":"7ryhy1gaubmk3up","timestamp":1674753188383,"id":"x90pnu1nbc4e5ss","previousEventId":"e0q08k0s4pq0wid","operationId":"ev3tukf6mpsovit"}
{"type":"log","timestamp":1674753188609,"level":"debug","message":"(console:log) {\n  locationName: [ 'Las Palmas de Gran Canaria', 'Galdar', 'Teror' ],\n  repetition: [ '2', '1', '3' ]\n}","meta":{"userLevel":true,"rootId":"l878fkq69io5huc","id":"l878fkq69io5huc"},"id":"ol9ptikg2fewi25","previousOperationId":"ev3tukf6mpsovit"}
{"type":"log","timestamp":1674753188609,"level":"debug","message":"(console:log) [ 'Las Palmas de Gran Canaria', 'Galdar', 'Teror' ]","meta":{"userLevel":true,"rootId":"l878fkq69io5huc","id":"l878fkq69io5huc"},"id":"aeixec2q53xbajp","previousOperationId":"ev3tukf6mpsovit"}
{"type":"log","timestamp":1674753188609,"level":"debug","message":"(console:log) [ '2', '1', '3' ]","meta":{"userLevel":true,"rootId":"l878fkq69io5huc","id":"l878fkq69io5huc"},"id":"9kq3r8zsqersnam","previousOperationId":"ev3tukf6mpsovit"}
{"type":"operationEnd","operationId":"ev3tukf6mpsovit","timestamp":1674753189010,"id":"xcid15jhsympy7r","previousEventId":"k0hxod1uxf7ph9m","previousOperationId":"gcdoss70cldtthr"}
{"type":"operationEnd","operationId":"7ryhy1gaubmk3up","timestamp":1674753189010,"id":"isyfx6c2dn5gzu4","previousEventId":"xcid15jhsympy7r","previousOperationId":"gcdoss70cldtthr"}
{"type":"log","timestamp":1674753189010,"level":"debug","message":"Base url not specified, skipping its injection.","meta":{"rootId":"l878fkq69io5huc","id":"l878fkq69io5huc"},"id":"uln5jeo6c4uqdid","previousOperationId":"7ryhy1gaubmk3up"}
{"type":"operationStart","subtype":"engine","name":"handlebars","timestamp":1674753189010,"id":"djqidei9p2criqg","previousEventId":"isyfx6c2dn5gzu4","operationId":"2wapvu1z4x3avwn","previousOperationId":"7ryhy1gaubmk3up"}
{"type":"log","timestamp":1674753189010,"level":"debug","message":"Rendering engine handlebars","meta":{"rootId":"l878fkq69io5huc","id":"l878fkq69io5huc"},"id":"ucomss9m17mu1ik","previousOperationId":"2wapvu1z4x3avwn"}
{"type":"operationEnd","operationId":"2wapvu1z4x3avwn","timestamp":1674753189020,"id":"mmgggwxdehi0zfy","previousEventId":"djqidei9p2criqg","previousOperationId":"2wapvu1z4x3avwn"}
{"type":"operationStart","subtype":"recipe","name":"chrome-pdf","timestamp":1674753189020,"id":"n6kfiyrolik0wya","previousEventId":"mmgggwxdehi0zfy","operationId":"6ms7hsppgrpwxh7","previousOperationId":"2wapvu1z4x3avwn"}
{"type":"log","timestamp":1674753189020,"level":"debug","message":"Executing recipe chrome-pdf","meta":{"rootId":"l878fkq69io5huc","id":"l878fkq69io5huc"},"id":"jbcvlr936rzpfp4","previousOperationId":"6ms7hsppgrpwxh7"}
{"type":"log","timestamp":1674753189026,"level":"debug","message":"Converting with chrome HeadlessChrome/105.0.5173.0 using chrome-pool strategy","meta":{"rootId":"l878fkq69io5huc","id":"l878fkq69io5huc"},"id":"25bsmbiua2oecxt","previousOperationId":"6ms7hsppgrpwxh7"}
{"type":"log","timestamp":1674753189120,"level":"debug","message":"Page request: GET (document) file:///C:/Users/Johan/AppData/Local/Temp/jsreport/autocleanup/1a8c19ca-21b3-4acc-b657-540010638a1d-chrome-pdf.html","meta":{"rootId":"l878fkq69io5huc","id":"l878fkq69io5huc"},"id":"biosda73agnjn3g","previousOperationId":"6ms7hsppgrpwxh7"}
{"type":"log","timestamp":1674753189140,"level":"debug","message":"Page request finished: GET (document) 200 file:///C:/Users/Johan/AppData/Local/Temp/jsreport/autocleanup/1a8c19ca-21b3-4acc-b657-540010638a1d-chrome-pdf.html","meta":{"rootId":"l878fkq69io5huc","id":"l878fkq69io5huc"},"id":"q6v0h33cltirm24","previousOperationId":"6ms7hsppgrpwxh7"}
{"type":"log","timestamp":1674753189141,"level":"debug","message":"Page request: GET (stylesheet) https://cdnjs.cloudflare.com/ajax/libs/metro/4.1.5/css/metro.min.css","meta":{"rootId":"l878fkq69io5huc","id":"l878fkq69io5huc"},"id":"9abqumlh3cf7u5u","previousOperationId":"6ms7hsppgrpwxh7"}
{"type":"log","timestamp":1674753189141,"level":"debug","message":"Page request: GET (stylesheet) https://cdnjs.cloudflare.com/ajax/libs/chartist/0.11.0/chartist.min.css","meta":{"rootId":"l878fkq69io5huc","id":"l878fkq69io5huc"},"id":"o75kojbdu0203u3","previousOperationId":"6ms7hsppgrpwxh7"}
{"type":"log","timestamp":1674753189141,"level":"debug","message":"Page request: GET (script) https://cdnjs.cloudflare.com/ajax/libs/chartist/0.11.0/chartist.min.js","meta":{"rootId":"l878fkq69io5huc","id":"l878fkq69io5huc"},"id":"h5whq8am64o5zs8","previousOperationId":"6ms7hsppgrpwxh7"}
{"type":"log","timestamp":1674753189141,"level":"debug","message":"Page request: GET (script) https://unpkg.com/chartist-plugin-tooltips@0.0.17","meta":{"rootId":"l878fkq69io5huc","id":"l878fkq69io5huc"},"id":"ce4vdy130bsuf95","previousOperationId":"6ms7hsppgrpwxh7"}
{"type":"log","timestamp":1674753189141,"level":"debug","message":"Page request: GET (script) https://unpkg.com/chartist-plugin-pointlabels@0.0.6","meta":{"rootId":"l878fkq69io5huc","id":"l878fkq69io5huc"},"id":"3xmgccutszix0zi","previousOperationId":"6ms7hsppgrpwxh7"}
{"type":"log","timestamp":1674753189147,"level":"warn","message":"Page request failed: GET (script) 302 https://unpkg.com/chartist-plugin-tooltips@0.0.17 (redirect to: /chartist-plugin-tooltips@0.0.17/dist/chartist-plugin-tooltip.js)","meta":{"rootId":"l878fkq69io5huc","id":"l878fkq69io5huc"},"id":"tr9bqhjis017agm","previousOperationId":"6ms7hsppgrpwxh7"}
{"type":"log","timestamp":1674753189147,"level":"debug","message":"Page request: GET (script) https://unpkg.com/chartist-plugin-tooltips@0.0.17/dist/chartist-plugin-tooltip.js (redirect from: https://unpkg.com/chartist-plugin-tooltips@0.0.17)","meta":{"rootId":"l878fkq69io5huc","id":"l878fkq69io5huc"},"id":"eohoiqcpglry2b1","previousOperationId":"6ms7hsppgrpwxh7"}
{"type":"log","timestamp":1674753189148,"level":"debug","message":"Page request finished: GET (stylesheet) 200 https://cdnjs.cloudflare.com/ajax/libs/chartist/0.11.0/chartist.min.css","meta":{"rootId":"l878fkq69io5huc","id":"l878fkq69io5huc"},"id":"jnkmjvivuxvt3uk","previousOperationId":"6ms7hsppgrpwxh7"}
{"type":"log","timestamp":1674753189148,"level":"warn","message":"Page request failed: GET (script) 302 https://unpkg.com/chartist-plugin-pointlabels@0.0.6 (redirect to: /chartist-plugin-pointlabels@0.0.6/dist/chartist-plugin-pointlabels.js)","meta":{"rootId":"l878fkq69io5huc","id":"l878fkq69io5huc"},"id":"37sa1d8ipq1m8tu","previousOperationId":"6ms7hsppgrpwxh7"}
{"type":"log","timestamp":1674753189148,"level":"debug","message":"Page request: GET (script) https://unpkg.com/chartist-plugin-pointlabels@0.0.6/dist/chartist-plugin-pointlabels.js (redirect from: https://unpkg.com/chartist-plugin-pointlabels@0.0.6)","meta":{"rootId":"l878fkq69io5huc","id":"l878fkq69io5huc"},"id":"8yqjcczr9teqebg","previousOperationId":"6ms7hsppgrpwxh7"}
{"type":"log","timestamp":1674753189164,"level":"debug","message":"Page request finished: GET (stylesheet) 200 https://cdnjs.cloudflare.com/ajax/libs/metro/4.1.5/css/metro.min.css","meta":{"rootId":"l878fkq69io5huc","id":"l878fkq69io5huc"},"id":"tgnpd5qcdwcmoyz","previousOperationId":"6ms7hsppgrpwxh7"}
{"type":"log","timestamp":1674753189164,"level":"debug","message":"Page request finished: GET (script) 200 https://cdnjs.cloudflare.com/ajax/libs/chartist/0.11.0/chartist.min.js","meta":{"rootId":"l878fkq69io5huc","id":"l878fkq69io5huc"},"id":"0xdctbpdhf04yvs","previousOperationId":"6ms7hsppgrpwxh7"}
{"type":"log","timestamp":1674753189166,"level":"debug","message":"Page request finished: GET (script) 200 https://unpkg.com/chartist-plugin-tooltips@0.0.17/dist/chartist-plugin-tooltip.js","meta":{"rootId":"l878fkq69io5huc","id":"l878fkq69io5huc"},"id":"ewxj3j5rcc38jt4","previousOperationId":"6ms7hsppgrpwxh7"}
{"type":"log","timestamp":1674753189166,"level":"debug","message":"Page request finished: GET (script) 200 https://unpkg.com/chartist-plugin-pointlabels@0.0.6/dist/chartist-plugin-pointlabels.js","meta":{"rootId":"l878fkq69io5huc","id":"l878fkq69io5huc"},"id":"bibxlfdcp642ov1","previousOperationId":"6ms7hsppgrpwxh7"}
{"type":"log","timestamp":1674753189167,"level":"debug","message":"(console:log) Me he venido","meta":{"userLevel":true,"rootId":"l878fkq69io5huc","id":"l878fkq69io5huc"},"id":"c2r8l46fafdmgnq","previousOperationId":"6ms7hsppgrpwxh7"}
{"type":"log","timestamp":1674753189168,"level":"debug","message":"(console:log) JSHandle@array","meta":{"userLevel":true,"rootId":"l878fkq69io5huc","id":"l878fkq69io5huc"},"id":"g7qmn6qfvkxpssx","previousOperationId":"6ms7hsppgrpwxh7"}
{"type":"log","timestamp":1674753189168,"level":"debug","message":"(console:log) JSHandle@array","meta":{"userLevel":true,"rootId":"l878fkq69io5huc","id":"l878fkq69io5huc"},"id":"xsp128zcfqaarhs","previousOperationId":"6ms7hsppgrpwxh7"}
{"type":"log","timestamp":1674753189232,"level":"debug","message":"Running chrome with params {\"printBackground\":true,\"timeout\":59272,\"margin\":{}}","meta":{"rootId":"l878fkq69io5huc","id":"l878fkq69io5huc"},"id":"0d6yr4dyt3neip8","previousOperationId":"6ms7hsppgrpwxh7"}
{"type":"operationEnd","operationId":"6ms7hsppgrpwxh7","timestamp":1674753189372,"id":"77064x60570cc90","previousEventId":"n6kfiyrolik0wya","previousOperationId":"6ms7hsppgrpwxh7"}
{"type":"log","timestamp":1674753189372,"level":"debug","message":"Executing script testing (afterRender)","meta":{"rootId":"l878fkq69io5huc","id":"l878fkq69io5huc"},"id":"uyqg69ykfxfpc69","previousOperationId":"6ms7hsppgrpwxh7"}
{"type":"operationStart","subtype":"scriptsAfterRender","name":"scripts afterRender","timestamp":1674753189380,"id":"ou6t57u31enm0w6","previousEventId":"77064x60570cc90","operationId":"9io35re5tune0tf","previousOperationId":"6ms7hsppgrpwxh7"}
{"type":"operationStart","subtype":"script","name":"scripts testing","previousOperationId":"9io35re5tune0tf","timestamp":1674753189380,"id":"77yz5y87rkzfbz9","previousEventId":"ou6t57u31enm0w6","operationId":"3s9s7pkyeb4k60b"}
{"type":"operationEnd","operationId":"3s9s7pkyeb4k60b","timestamp":1674753190827,"id":"zlp5a1l7dga425w","previousEventId":"77064x60570cc90","previousOperationId":"6ms7hsppgrpwxh7"}
{"type":"operationEnd","operationId":"9io35re5tune0tf","timestamp":1674753190827,"id":"2ttqisaustnwxym","previousEventId":"zlp5a1l7dga425w","previousOperationId":"6ms7hsppgrpwxh7"}
{"type":"log","timestamp":1674753190827,"level":"debug","message":"Skipping storing report.","meta":{"rootId":"l878fkq69io5huc","id":"l878fkq69io5huc"},"id":"adqfzx02xg9a68z","previousOperationId":"9io35re5tune0tf"}
{"type":"log","timestamp":1674753190827,"level":"info","message":"Rendering request 20 finished in 2531 ms","meta":{"rootId":"l878fkq69io5huc","id":"l878fkq69io5huc"},"id":"8dcblvtsu4ovpc7","previousOperationId":"9io35re5tune0tf"}
{"type":"operationEnd","subtype":"render","operationId":"gcdoss70cldtthr","timestamp":1674753190827,"id":"79h9e2dmjh32lkp","previousEventId":"2ttqisaustnwxym","previousOperationId":"9io35re5tune0tf"}
{"type":"operationEnd","doDiffs":false,"previousEventId":"egqs00xzbf87px0","previousOperationId":"2rmdythhmhpz2nv","operationId":"2rmdythhmhpz2nv","timestamp":1674753190833,"id":"2nfqmm8zz4g529d"}
