{"type":"operationStart","subtype":"profile","data":{"_id":"mV3qiyVxOPa6Nctg","timestamp":"2023-01-26T15:36:21.080Z","state":"queued","mode":"standard","creationDate":"2023-01-26T15:36:21.083Z","modificationDate":"2023-01-26T15:36:21.083Z","shortid":"-qttW5s","$entitySet":"profiles"},"doDiffs":false,"timestamp":1674747381082,"id":"lmulz7ge5i5hvud","previousOperationId":null,"operationId":"w101soj3wwhztlg"}
{"type":"log","level":"info","message":"Render request 28 queued for execution and waiting for available worker","previousOperationId":"w101soj3wwhztlg","timestamp":1674747381082,"id":"4j2bokfeor37cjh"}
{"type":"operationStart","subtype":"render","name":"Data","previousOperationId":"w101soj3wwhztlg","timestamp":1674747381095,"id":"aeyli9ebf41pnz1","previousEventId":"lmulz7ge5i5hvud","operationId":"glpvoa2613kyqd9"}
{"type":"log","timestamp":1674747381095,"level":"info","message":"Starting rendering request 28","meta":{"rootId":"lj1m8lz3z6wrc7t","id":"lj1m8lz3z6wrc7t"},"id":"q9cvwn35ql7ts8o","previousOperationId":"glpvoa2613kyqd9"}
{"type":"log","timestamp":1674747381096,"level":"info","message":"Rendering template { name: Data, recipe: chrome-pdf, engine: handlebars, preview: true }","meta":{"rootId":"lj1m8lz3z6wrc7t","id":"lj1m8lz3z6wrc7t"},"id":"n7b528dyn0hpdyi","previousOperationId":"glpvoa2613kyqd9"}
{"type":"log","timestamp":1674747381097,"level":"debug","message":"Data item not defined for this template.","meta":{"rootId":"lj1m8lz3z6wrc7t","id":"lj1m8lz3z6wrc7t"},"id":"kxm5l0eog6rqhq5","previousOperationId":"glpvoa2613kyqd9"}
{"type":"log","timestamp":1674747381101,"level":"debug","message":"Executing script testing (beforeRender)","meta":{"rootId":"lj1m8lz3z6wrc7t","id":"lj1m8lz3z6wrc7t"},"id":"vic1heomoqtbbbb","previousOperationId":"glpvoa2613kyqd9"}
{"type":"operationStart","subtype":"scriptsBeforeRender","name":"scripts beforeRender","timestamp":1674747381156,"id":"6f5wkkve3cl3nb7","previousEventId":"aeyli9ebf41pnz1","operationId":"1uo0zrw18h2t300","previousOperationId":"glpvoa2613kyqd9"}
{"type":"operationStart","subtype":"script","name":"scripts testing","previousOperationId":"1uo0zrw18h2t300","timestamp":1674747381156,"id":"db7kzbryuk3jve3","previousEventId":"6f5wkkve3cl3nb7","operationId":"w4hy1haqe20fazl"}
{"type":"operationEnd","operationId":"w4hy1haqe20fazl","timestamp":1674747381692,"id":"qf3edqibx2nnlev","previousEventId":"aeyli9ebf41pnz1","previousOperationId":"glpvoa2613kyqd9"}
{"type":"operationEnd","operationId":"1uo0zrw18h2t300","timestamp":1674747381692,"id":"rthbl228qn15180","previousEventId":"qf3edqibx2nnlev","previousOperationId":"glpvoa2613kyqd9"}
{"type":"log","timestamp":1674747381692,"level":"debug","message":"Base url not specified, skipping its injection.","meta":{"rootId":"lj1m8lz3z6wrc7t","id":"lj1m8lz3z6wrc7t"},"id":"dgl837il3ouqz1j","previousOperationId":"1uo0zrw18h2t300"}
{"type":"operationStart","subtype":"engine","name":"handlebars","timestamp":1674747381692,"id":"0fdw97yq8qhy20w","previousEventId":"rthbl228qn15180","operationId":"27ljg4m4gim7yps","previousOperationId":"1uo0zrw18h2t300"}
{"type":"log","timestamp":1674747381692,"level":"debug","message":"Rendering engine handlebars","meta":{"rootId":"lj1m8lz3z6wrc7t","id":"lj1m8lz3z6wrc7t"},"id":"svp7x7ariv10xcp","previousOperationId":"27ljg4m4gim7yps"}
{"type":"operationEnd","operationId":"27ljg4m4gim7yps","timestamp":1674747381699,"id":"uxtcy8my5glo1fm","previousEventId":"0fdw97yq8qhy20w","previousOperationId":"27ljg4m4gim7yps"}
{"type":"operationStart","subtype":"recipe","name":"chrome-pdf","timestamp":1674747381699,"id":"e42gfytwi405h5e","previousEventId":"uxtcy8my5glo1fm","operationId":"vi9nj9bbmmvjaqf","previousOperationId":"27ljg4m4gim7yps"}
{"type":"log","timestamp":1674747381699,"level":"debug","message":"Executing recipe chrome-pdf","meta":{"rootId":"lj1m8lz3z6wrc7t","id":"lj1m8lz3z6wrc7t"},"id":"qn3a0e75au0snkn","previousOperationId":"vi9nj9bbmmvjaqf"}
{"type":"log","timestamp":1674747381701,"level":"debug","message":"Converting with chrome HeadlessChrome/105.0.5173.0 using chrome-pool strategy","meta":{"rootId":"lj1m8lz3z6wrc7t","id":"lj1m8lz3z6wrc7t"},"id":"rd0enfdwjbi6izf","previousOperationId":"vi9nj9bbmmvjaqf"}
{"type":"log","timestamp":1674747381783,"level":"debug","message":"Page request: GET (document) file:///C:/Users/Johan/AppData/Local/Temp/jsreport/autocleanup/cd1c561c-a4d4-4c8f-85e2-c211167c6e49-chrome-pdf.html","meta":{"rootId":"lj1m8lz3z6wrc7t","id":"lj1m8lz3z6wrc7t"},"id":"hk91mofy4lbfet8","previousOperationId":"vi9nj9bbmmvjaqf"}
{"type":"log","timestamp":1674747381804,"level":"debug","message":"Page request finished: GET (document) 200 file:///C:/Users/Johan/AppData/Local/Temp/jsreport/autocleanup/cd1c561c-a4d4-4c8f-85e2-c211167c6e49-chrome-pdf.html","meta":{"rootId":"lj1m8lz3z6wrc7t","id":"lj1m8lz3z6wrc7t"},"id":"d7042ek22i5yi90","previousOperationId":"vi9nj9bbmmvjaqf"}
{"type":"log","timestamp":1674747381805,"level":"debug","message":"Page request: GET (stylesheet) https://cdnjs.cloudflare.com/ajax/libs/metro/4.1.5/css/metro.min.css","meta":{"rootId":"lj1m8lz3z6wrc7t","id":"lj1m8lz3z6wrc7t"},"id":"sgxg77o7emlt8x9","previousOperationId":"vi9nj9bbmmvjaqf"}
{"type":"log","timestamp":1674747381805,"level":"debug","message":"Page request: GET (script) https://cdnjs.cloudflare.com/ajax/libs/Chart.js/2.7.2/Chart.min.js","meta":{"rootId":"lj1m8lz3z6wrc7t","id":"lj1m8lz3z6wrc7t"},"id":"h38i8j4fa3pyb4s","previousOperationId":"vi9nj9bbmmvjaqf"}
{"type":"log","timestamp":1674747381805,"level":"debug","message":"Page request: GET (stylesheet) https://cdnjs.cloudflare.com/ajax/libs/chartist/0.11.0/chartist.min.css","meta":{"rootId":"lj1m8lz3z6wrc7t","id":"lj1m8lz3z6wrc7t"},"id":"xqx5xu47n9wzmm5","previousOperationId":"vi9nj9bbmmvjaqf"}
{"type":"log","timestamp":1674747381805,"level":"debug","message":"Page request: GET (script) https://cdn.jsdelivr.net/npm/chart.js@2.9.3/dist/Chart.min.js","meta":{"rootId":"lj1m8lz3z6wrc7t","id":"lj1m8lz3z6wrc7t"},"id":"r03x2hqwgzms3qr","previousOperationId":"vi9nj9bbmmvjaqf"}
{"type":"log","timestamp":1674747381812,"level":"debug","message":"Page request finished: GET (stylesheet) 200 https://cdnjs.cloudflare.com/ajax/libs/chartist/0.11.0/chartist.min.css","meta":{"rootId":"lj1m8lz3z6wrc7t","id":"lj1m8lz3z6wrc7t"},"id":"b8qkogfeyttn79u","previousOperationId":"vi9nj9bbmmvjaqf"}
{"type":"log","timestamp":1674747381815,"level":"debug","message":"Page request finished: GET (script) 200 https://cdnjs.cloudflare.com/ajax/libs/Chart.js/2.7.2/Chart.min.js","meta":{"rootId":"lj1m8lz3z6wrc7t","id":"lj1m8lz3z6wrc7t"},"id":"emam57k307vk1c4","previousOperationId":"vi9nj9bbmmvjaqf"}
{"type":"log","timestamp":1674747381815,"level":"debug","message":"Page request finished: GET (script) 200 https://cdn.jsdelivr.net/npm/chart.js@2.9.3/dist/Chart.min.js","meta":{"rootId":"lj1m8lz3z6wrc7t","id":"lj1m8lz3z6wrc7t"},"id":"1ecku0rvftnrwk5","previousOperationId":"vi9nj9bbmmvjaqf"}
{"type":"log","timestamp":1674747381832,"level":"debug","message":"Page request finished: GET (stylesheet) 200 https://cdnjs.cloudflare.com/ajax/libs/metro/4.1.5/css/metro.min.css","meta":{"rootId":"lj1m8lz3z6wrc7t","id":"lj1m8lz3z6wrc7t"},"id":"0vvpa0ddrrzadpd","previousOperationId":"vi9nj9bbmmvjaqf"}
{"type":"log","timestamp":1674747381842,"level":"warn","message":"Page error: SyntaxError: Unexpected token ';'","meta":{"rootId":"lj1m8lz3z6wrc7t","id":"lj1m8lz3z6wrc7t"},"id":"yo1iuq92tn0op30","previousOperationId":"vi9nj9bbmmvjaqf"}
{"type":"log","timestamp":1674747381879,"level":"debug","message":"Running chrome with params {\"printBackground\":true,\"timeout\":59380,\"margin\":{}}","meta":{"rootId":"lj1m8lz3z6wrc7t","id":"lj1m8lz3z6wrc7t"},"id":"2im5atcltb9cvbp","previousOperationId":"vi9nj9bbmmvjaqf"}
{"type":"operationEnd","operationId":"vi9nj9bbmmvjaqf","timestamp":1674747381996,"id":"541xclljy002r6e","previousEventId":"e42gfytwi405h5e","previousOperationId":"vi9nj9bbmmvjaqf"}
{"type":"log","timestamp":1674747381996,"level":"debug","message":"Executing script testing (afterRender)","meta":{"rootId":"lj1m8lz3z6wrc7t","id":"lj1m8lz3z6wrc7t"},"id":"8i3fq250s7npfpn","previousOperationId":"vi9nj9bbmmvjaqf"}
{"type":"operationStart","subtype":"scriptsAfterRender","name":"scripts afterRender","timestamp":1674747382003,"id":"4dxeufscbd50wh7","previousEventId":"541xclljy002r6e","operationId":"0ox5xrog302jd4l","previousOperationId":"vi9nj9bbmmvjaqf"}
{"type":"operationStart","subtype":"script","name":"scripts testing","previousOperationId":"0ox5xrog302jd4l","timestamp":1674747382003,"id":"adyl083y6et0e5r","previousEventId":"4dxeufscbd50wh7","operationId":"vy49u5fqu7hek3c"}
{"type":"operationEnd","operationId":"vy49u5fqu7hek3c","timestamp":1674747382996,"id":"iuh2fptz5wrzhl9","previousEventId":"541xclljy002r6e","previousOperationId":"vi9nj9bbmmvjaqf"}
{"type":"operationEnd","operationId":"0ox5xrog302jd4l","timestamp":1674747382996,"id":"n2e0od7dpaqj687","previousEventId":"iuh2fptz5wrzhl9","previousOperationId":"vi9nj9bbmmvjaqf"}
{"type":"log","timestamp":1674747382996,"level":"debug","message":"Skipping storing report.","meta":{"rootId":"lj1m8lz3z6wrc7t","id":"lj1m8lz3z6wrc7t"},"id":"ks6g9ggwktpjp0t","previousOperationId":"0ox5xrog302jd4l"}
{"type":"log","timestamp":1674747382997,"level":"info","message":"Rendering request 28 finished in 1917 ms","meta":{"rootId":"lj1m8lz3z6wrc7t","id":"lj1m8lz3z6wrc7t"},"id":"isqj30rk6oqlpn6","previousOperationId":"0ox5xrog302jd4l"}
{"type":"operationEnd","subtype":"render","operationId":"glpvoa2613kyqd9","timestamp":1674747382997,"id":"ocfpgjwewnabqsa","previousEventId":"n2e0od7dpaqj687","previousOperationId":"0ox5xrog302jd4l"}
{"type":"operationEnd","doDiffs":false,"previousEventId":"lmulz7ge5i5hvud","previousOperationId":"w101soj3wwhztlg","operationId":"w101soj3wwhztlg","timestamp":1674747382999,"id":"808jk8c3srmzdk1"}
