{"type":"operationStart","subtype":"profile","data":{"_id":"zofWc4oItnXQMAB8","timestamp":"2023-01-26T12:09:55.430Z","state":"queued","mode":"standard","creationDate":"2023-01-26T12:09:55.434Z","modificationDate":"2023-01-26T12:09:55.434Z","shortid":"ZODmcpL","$entitySet":"profiles"},"doDiffs":false,"timestamp":1674734995432,"id":"ed1di04k9660yv2","previousOperationId":null,"operationId":"mwes7z0bbdomxyy"}
{"type":"log","level":"info","message":"Render request 26 queued for execution and waiting for available worker","previousOperationId":"mwes7z0bbdomxyy","timestamp":1674734995432,"id":"1qqbknbex5w2j4p"}
{"type":"operationStart","subtype":"render","name":"Data","previousOperationId":"mwes7z0bbdomxyy","timestamp":1674734995447,"id":"yg018l3humqm2x0","previousEventId":"ed1di04k9660yv2","operationId":"xko1iw9mea7bby0"}
{"type":"log","timestamp":1674734995447,"level":"info","message":"Starting rendering request 26","meta":{"rootId":"lm3al6q2pju5vkg","id":"lm3al6q2pju5vkg"},"id":"k99q1xcviag2cl2","previousOperationId":"xko1iw9mea7bby0"}
{"type":"log","timestamp":1674734995448,"level":"info","message":"Rendering template { name: Data, recipe: chrome-pdf, engine: handlebars, preview: true }","meta":{"rootId":"lm3al6q2pju5vkg","id":"lm3al6q2pju5vkg"},"id":"n7qb4pn5v29ppbt","previousOperationId":"xko1iw9mea7bby0"}
{"type":"log","timestamp":1674734995449,"level":"debug","message":"Data item not defined for this template.","meta":{"rootId":"lm3al6q2pju5vkg","id":"lm3al6q2pju5vkg"},"id":"veq7wpgi3w3mszk","previousOperationId":"xko1iw9mea7bby0"}
{"type":"log","timestamp":1674734995453,"level":"debug","message":"Executing script testing (beforeRender)","meta":{"rootId":"lm3al6q2pju5vkg","id":"lm3al6q2pju5vkg"},"id":"qdrgw6f2zatcq0w","previousOperationId":"xko1iw9mea7bby0"}
{"type":"operationStart","subtype":"scriptsBeforeRender","name":"scripts beforeRender","timestamp":1674734995526,"id":"ge7ff8w36kzleu8","previousEventId":"yg018l3humqm2x0","operationId":"05benrwpaonj63u","previousOperationId":"xko1iw9mea7bby0"}
{"type":"operationStart","subtype":"script","name":"scripts testing","previousOperationId":"05benrwpaonj63u","timestamp":1674734995526,"id":"1rqs6vzoibq4c5c","previousEventId":"ge7ff8w36kzleu8","operationId":"joyxmal4xpq57ib"}
{"type":"log","timestamp":1674734996059,"level":"debug","message":"(console:log) [ '58', '2', '59' ]","meta":{"userLevel":true,"rootId":"lm3al6q2pju5vkg","id":"lm3al6q2pju5vkg"},"id":"o8jnm7b0ektcx8b","previousOperationId":"joyxmal4xpq57ib"}
{"type":"operationEnd","operationId":"joyxmal4xpq57ib","timestamp":1674734996604,"id":"4250aih59naf4d1","previousEventId":"yg018l3humqm2x0","previousOperationId":"xko1iw9mea7bby0"}
{"type":"operationEnd","operationId":"05benrwpaonj63u","timestamp":1674734996604,"id":"obg7iamirwyg43d","previousEventId":"4250aih59naf4d1","previousOperationId":"xko1iw9mea7bby0"}
{"type":"log","timestamp":1674734996605,"level":"debug","message":"Base url not specified, skipping its injection.","meta":{"rootId":"lm3al6q2pju5vkg","id":"lm3al6q2pju5vkg"},"id":"cc675d05yulaxk3","previousOperationId":"05benrwpaonj63u"}
{"type":"operationStart","subtype":"engine","name":"handlebars","timestamp":1674734996605,"id":"9lm0zusr3h4mgcv","previousEventId":"obg7iamirwyg43d","operationId":"si8hgpw3ws42mct","previousOperationId":"05benrwpaonj63u"}
{"type":"log","timestamp":1674734996605,"level":"debug","message":"Rendering engine handlebars","meta":{"rootId":"lm3al6q2pju5vkg","id":"lm3al6q2pju5vkg"},"id":"14flgajlelbs2j7","previousOperationId":"si8hgpw3ws42mct"}
{"type":"operationEnd","operationId":"si8hgpw3ws42mct","timestamp":1674734996616,"id":"3kv95grq36s2bem","previousEventId":"9lm0zusr3h4mgcv","previousOperationId":"si8hgpw3ws42mct"}
{"type":"operationStart","subtype":"recipe","name":"chrome-pdf","timestamp":1674734996616,"id":"xz26t9jt0y4y7qo","previousEventId":"3kv95grq36s2bem","operationId":"fzrpq7szvzao51d","previousOperationId":"si8hgpw3ws42mct"}
{"type":"log","timestamp":1674734996616,"level":"debug","message":"Executing recipe chrome-pdf","meta":{"rootId":"lm3al6q2pju5vkg","id":"lm3al6q2pju5vkg"},"id":"beqj5uymkgbhypa","previousOperationId":"fzrpq7szvzao51d"}
{"type":"log","timestamp":1674734996621,"level":"debug","message":"Converting with chrome HeadlessChrome/105.0.5173.0 using chrome-pool strategy","meta":{"rootId":"lm3al6q2pju5vkg","id":"lm3al6q2pju5vkg"},"id":"gjyxzyymhz4l222","previousOperationId":"fzrpq7szvzao51d"}
{"type":"log","timestamp":1674734996757,"level":"debug","message":"Page request: GET (document) file:///C:/Users/Johan/AppData/Local/Temp/jsreport/autocleanup/18106c2f-311d-410f-ba35-9c1b346914b5-chrome-pdf.html","meta":{"rootId":"lm3al6q2pju5vkg","id":"lm3al6q2pju5vkg"},"id":"9vbc2h5y69u7aak","previousOperationId":"fzrpq7szvzao51d"}
{"type":"log","timestamp":1674734996791,"level":"debug","message":"Page request: GET (stylesheet) https://cdnjs.cloudflare.com/ajax/libs/metro/4.1.5/css/metro.min.css","meta":{"rootId":"lm3al6q2pju5vkg","id":"lm3al6q2pju5vkg"},"id":"nk2lrodduj6sk44","previousOperationId":"fzrpq7szvzao51d"}
{"type":"log","timestamp":1674734996792,"level":"debug","message":"Page request: GET (script) https://cdnjs.cloudflare.com/ajax/libs/Chart.js/2.7.2/Chart.min.js","meta":{"rootId":"lm3al6q2pju5vkg","id":"lm3al6q2pju5vkg"},"id":"ussj8j5dpulg2iz","previousOperationId":"fzrpq7szvzao51d"}
{"type":"log","timestamp":1674734996792,"level":"debug","message":"Page request: GET (stylesheet) https://cdnjs.cloudflare.com/ajax/libs/chartist/0.11.0/chartist.min.css","meta":{"rootId":"lm3al6q2pju5vkg","id":"lm3al6q2pju5vkg"},"id":"k6raspi05yew4st","previousOperationId":"fzrpq7szvzao51d"}
{"type":"log","timestamp":1674734996792,"level":"debug","message":"Page request: GET (script) https://cdnjs.cloudflare.com/ajax/libs/chartist/0.11.0/chartist.min.js","meta":{"rootId":"lm3al6q2pju5vkg","id":"lm3al6q2pju5vkg"},"id":"krvm0sfu9twj683","previousOperationId":"fzrpq7szvzao51d"}
{"type":"log","timestamp":1674734996793,"level":"debug","message":"Page request: GET (script) https://unpkg.com/chartist-plugin-tooltips@0.0.17","meta":{"rootId":"lm3al6q2pju5vkg","id":"lm3al6q2pju5vkg"},"id":"4ad9uxn1yzb7419","previousOperationId":"fzrpq7szvzao51d"}
{"type":"log","timestamp":1674734996793,"level":"debug","message":"Page request: GET (script) https://unpkg.com/chartist-plugin-pointlabels@0.0.6","meta":{"rootId":"lm3al6q2pju5vkg","id":"lm3al6q2pju5vkg"},"id":"k0jaa7kvd3wfu65","previousOperationId":"fzrpq7szvzao51d"}
{"type":"log","timestamp":1674734996794,"level":"debug","message":"Page request: GET (script) http://code.jquery.com/jquery-1.11.0.min.js","meta":{"rootId":"lm3al6q2pju5vkg","id":"lm3al6q2pju5vkg"},"id":"qdvlsg7v39n4fco","previousOperationId":"fzrpq7szvzao51d"}
{"type":"log","timestamp":1674734996795,"level":"debug","message":"Page request: GET (script) http://cdnjs.cloudflare.com/ajax/libs/flot/0.8.1/jquery.flot.min.js","meta":{"rootId":"lm3al6q2pju5vkg","id":"lm3al6q2pju5vkg"},"id":"aj7p5l1octt2mli","previousOperationId":"fzrpq7szvzao51d"}
{"type":"log","timestamp":1674734996796,"level":"debug","message":"Page request finished: GET (document) 200 file:///C:/Users/Johan/AppData/Local/Temp/jsreport/autocleanup/18106c2f-311d-410f-ba35-9c1b346914b5-chrome-pdf.html","meta":{"rootId":"lm3al6q2pju5vkg","id":"lm3al6q2pju5vkg"},"id":"zvzwqn5eywfw7eu","previousOperationId":"fzrpq7szvzao51d"}
{"type":"log","timestamp":1674734996796,"level":"debug","message":"Page request: GET (script) https://cdn.jsdelivr.net/npm/chart.js@2.9.3/dist/Chart.min.js","meta":{"rootId":"lm3al6q2pju5vkg","id":"lm3al6q2pju5vkg"},"id":"76jcn0wqdlcueyn","previousOperationId":"fzrpq7szvzao51d"}
{"type":"log","timestamp":1674734996802,"level":"warn","message":"Page request failed: GET (script) 302 https://unpkg.com/chartist-plugin-tooltips@0.0.17 (redirect to: /chartist-plugin-tooltips@0.0.17/dist/chartist-plugin-tooltip.js)","meta":{"rootId":"lm3al6q2pju5vkg","id":"lm3al6q2pju5vkg"},"id":"qgvoqj3xa6yqqqm","previousOperationId":"fzrpq7szvzao51d"}
{"type":"log","timestamp":1674734996803,"level":"debug","message":"Page request: GET (script) https://unpkg.com/chartist-plugin-tooltips@0.0.17/dist/chartist-plugin-tooltip.js (redirect from: https://unpkg.com/chartist-plugin-tooltips@0.0.17)","meta":{"rootId":"lm3al6q2pju5vkg","id":"lm3al6q2pju5vkg"},"id":"3h2e4wsgci05og3","previousOperationId":"fzrpq7szvzao51d"}
{"type":"log","timestamp":1674734996803,"level":"warn","message":"Page request failed: GET (script) 302 https://unpkg.com/chartist-plugin-pointlabels@0.0.6 (redirect to: /chartist-plugin-pointlabels@0.0.6/dist/chartist-plugin-pointlabels.js)","meta":{"rootId":"lm3al6q2pju5vkg","id":"lm3al6q2pju5vkg"},"id":"77x80qd74wle80c","previousOperationId":"fzrpq7szvzao51d"}
{"type":"log","timestamp":1674734996804,"level":"debug","message":"Page request finished: GET (stylesheet) 200 https://cdnjs.cloudflare.com/ajax/libs/chartist/0.11.0/chartist.min.css","meta":{"rootId":"lm3al6q2pju5vkg","id":"lm3al6q2pju5vkg"},"id":"ytg99y2n6axueg4","previousOperationId":"fzrpq7szvzao51d"}
{"type":"log","timestamp":1674734996804,"level":"debug","message":"Page request: GET (script) https://unpkg.com/chartist-plugin-pointlabels@0.0.6/dist/chartist-plugin-pointlabels.js (redirect from: https://unpkg.com/chartist-plugin-pointlabels@0.0.6)","meta":{"rootId":"lm3al6q2pju5vkg","id":"lm3al6q2pju5vkg"},"id":"uqbh0km9v43vezq","previousOperationId":"fzrpq7szvzao51d"}
{"type":"log","timestamp":1674734996805,"level":"debug","message":"Page request finished: GET (script) 200 https://cdnjs.cloudflare.com/ajax/libs/Chart.js/2.7.2/Chart.min.js","meta":{"rootId":"lm3al6q2pju5vkg","id":"lm3al6q2pju5vkg"},"id":"txeysbgwgd8igrl","previousOperationId":"fzrpq7szvzao51d"}
{"type":"log","timestamp":1674734996805,"level":"debug","message":"Page request finished: GET (script) 200 https://cdnjs.cloudflare.com/ajax/libs/chartist/0.11.0/chartist.min.js","meta":{"rootId":"lm3al6q2pju5vkg","id":"lm3al6q2pju5vkg"},"id":"9z9ja6skaosgvzq","previousOperationId":"fzrpq7szvzao51d"}
{"type":"log","timestamp":1674734996806,"level":"warn","message":"Page request failed: GET (script) 307 http://cdnjs.cloudflare.com/ajax/libs/flot/0.8.1/jquery.flot.min.js (redirect to: https://cdnjs.cloudflare.com/ajax/libs/flot/0.8.1/jquery.flot.min.js)","meta":{"rootId":"lm3al6q2pju5vkg","id":"lm3al6q2pju5vkg"},"id":"3m4m4en3cbwe39j","previousOperationId":"fzrpq7szvzao51d"}
{"type":"log","timestamp":1674734996806,"level":"debug","message":"Page request: GET (script) https://cdnjs.cloudflare.com/ajax/libs/flot/0.8.1/jquery.flot.min.js (redirect from: http://cdnjs.cloudflare.com/ajax/libs/flot/0.8.1/jquery.flot.min.js)","meta":{"rootId":"lm3al6q2pju5vkg","id":"lm3al6q2pju5vkg"},"id":"um05dylx42zad28","previousOperationId":"fzrpq7szvzao51d"}
{"type":"log","timestamp":1674734996808,"level":"debug","message":"Page request finished: GET (script) 200 http://code.jquery.com/jquery-1.11.0.min.js","meta":{"rootId":"lm3al6q2pju5vkg","id":"lm3al6q2pju5vkg"},"id":"haewypvctjqchq9","previousOperationId":"fzrpq7szvzao51d"}
{"type":"log","timestamp":1674734996809,"level":"debug","message":"Page request finished: GET (script) 200 https://cdn.jsdelivr.net/npm/chart.js@2.9.3/dist/Chart.min.js","meta":{"rootId":"lm3al6q2pju5vkg","id":"lm3al6q2pju5vkg"},"id":"5zxcec8vporyn84","previousOperationId":"fzrpq7szvzao51d"}
{"type":"log","timestamp":1674734996837,"level":"debug","message":"Page request finished: GET (stylesheet) 200 https://cdnjs.cloudflare.com/ajax/libs/metro/4.1.5/css/metro.min.css","meta":{"rootId":"lm3al6q2pju5vkg","id":"lm3al6q2pju5vkg"},"id":"idjf0c0fyic0xz5","previousOperationId":"fzrpq7szvzao51d"}
{"type":"log","timestamp":1674734996848,"level":"debug","message":"Page request finished: GET (script) 200 https://unpkg.com/chartist-plugin-tooltips@0.0.17/dist/chartist-plugin-tooltip.js","meta":{"rootId":"lm3al6q2pju5vkg","id":"lm3al6q2pju5vkg"},"id":"3ta1aminz3qs16i","previousOperationId":"fzrpq7szvzao51d"}
{"type":"log","timestamp":1674734996848,"level":"debug","message":"Page request finished: GET (script) 200 https://unpkg.com/chartist-plugin-pointlabels@0.0.6/dist/chartist-plugin-pointlabels.js","meta":{"rootId":"lm3al6q2pju5vkg","id":"lm3al6q2pju5vkg"},"id":"2sigoeelnvfl332","previousOperationId":"fzrpq7szvzao51d"}
{"type":"log","timestamp":1674734996849,"level":"debug","message":"Page request finished: GET (script) 200 https://cdnjs.cloudflare.com/ajax/libs/flot/0.8.1/jquery.flot.min.js","meta":{"rootId":"lm3al6q2pju5vkg","id":"lm3al6q2pju5vkg"},"id":"6g0arqa1ozaekr8","previousOperationId":"fzrpq7szvzao51d"}
{"type":"log","timestamp":1674734996877,"level":"warn","message":"Page error: SyntaxError: Unexpected token ','","meta":{"rootId":"lm3al6q2pju5vkg","id":"lm3al6q2pju5vkg"},"id":"e24bursmdyc0ymj","previousOperationId":"fzrpq7szvzao51d"}
{"type":"log","timestamp":1674734996940,"level":"debug","message":"Running chrome with params {\"printBackground\":true,\"timeout\":58810,\"margin\":{}}","meta":{"rootId":"lm3al6q2pju5vkg","id":"lm3al6q2pju5vkg"},"id":"881jpo4n3g53p89","previousOperationId":"fzrpq7szvzao51d"}
{"type":"operationEnd","operationId":"fzrpq7szvzao51d","timestamp":1674734997089,"id":"ovl96swd6og129s","previousEventId":"xz26t9jt0y4y7qo","previousOperationId":"fzrpq7szvzao51d"}
{"type":"log","timestamp":1674734997089,"level":"debug","message":"Executing script testing (afterRender)","meta":{"rootId":"lm3al6q2pju5vkg","id":"lm3al6q2pju5vkg"},"id":"44ib5ph0zn8xe0y","previousOperationId":"fzrpq7szvzao51d"}
{"type":"operationStart","subtype":"scriptsAfterRender","name":"scripts afterRender","timestamp":1674734997112,"id":"dcjicnbb2n6tsma","previousEventId":"ovl96swd6og129s","operationId":"o605zditemo8p53","previousOperationId":"fzrpq7szvzao51d"}
{"type":"operationStart","subtype":"script","name":"scripts testing","previousOperationId":"o605zditemo8p53","timestamp":1674734997112,"id":"61sqsql7uu2zqxq","previousEventId":"dcjicnbb2n6tsma","operationId":"xlboasfu5ofyiia"}
{"type":"operationEnd","operationId":"xlboasfu5ofyiia","timestamp":1674734998083,"id":"97qgr0f0tozxd1w","previousEventId":"ovl96swd6og129s","previousOperationId":"fzrpq7szvzao51d"}
{"type":"operationEnd","operationId":"o605zditemo8p53","timestamp":1674734998083,"id":"gp7f03trxban0eo","previousEventId":"97qgr0f0tozxd1w","previousOperationId":"fzrpq7szvzao51d"}
{"type":"log","timestamp":1674734998083,"level":"debug","message":"Skipping storing report.","meta":{"rootId":"lm3al6q2pju5vkg","id":"lm3al6q2pju5vkg"},"id":"c5n0pno652jus48","previousOperationId":"o605zditemo8p53"}
{"type":"log","timestamp":1674734998084,"level":"info","message":"Rendering request 26 finished in 2654 ms","meta":{"rootId":"lm3al6q2pju5vkg","id":"lm3al6q2pju5vkg"},"id":"2pe48aycg0u0mmo","previousOperationId":"o605zditemo8p53"}
{"type":"operationEnd","subtype":"render","operationId":"xko1iw9mea7bby0","timestamp":1674734998084,"id":"4xeuq869j15duhw","previousEventId":"gp7f03trxban0eo","previousOperationId":"o605zditemo8p53"}
{"type":"operationEnd","doDiffs":false,"previousEventId":"ed1di04k9660yv2","previousOperationId":"mwes7z0bbdomxyy","operationId":"mwes7z0bbdomxyy","timestamp":1674734998089,"id":"r02u7kyilama2tx"}
