{"type":"operationStart","subtype":"profile","data":{"_id":"jlu1rRtbX3YnEH0y","timestamp":"2023-01-26T16:01:04.493Z","state":"queued","mode":"standard","creationDate":"2023-01-26T16:01:04.498Z","modificationDate":"2023-01-26T16:01:04.498Z","shortid":"S3_CIyf","$entitySet":"profiles"},"doDiffs":false,"timestamp":1674748864496,"id":"4jaiiuygkyqxwxz","previousOperationId":null,"operationId":"vtrweugjsfhgq2i"}
{"type":"log","level":"info","message":"Render request 46 queued for execution and waiting for available worker","previousOperationId":"vtrweugjsfhgq2i","timestamp":1674748864497,"id":"cgr2j1b852wt4ns"}
{"type":"operationStart","subtype":"render","name":"Data","previousOperationId":"vtrweugjsfhgq2i","timestamp":1674748864510,"id":"mojvjdonb1jk73w","previousEventId":"4jaiiuygkyqxwxz","operationId":"ar7owulwvcmlt9w"}
{"type":"log","timestamp":1674748864511,"level":"info","message":"Starting rendering request 46","meta":{"rootId":"m4p7l5l2y2hfzgp","id":"m4p7l5l2y2hfzgp"},"id":"maxsoty0lpj8vmi","previousOperationId":"ar7owulwvcmlt9w"}
{"type":"log","timestamp":1674748864511,"level":"info","message":"Rendering template { name: Data, recipe: chrome-pdf, engine: handlebars, preview: true }","meta":{"rootId":"m4p7l5l2y2hfzgp","id":"m4p7l5l2y2hfzgp"},"id":"ul7gshpmn8d1xr9","previousOperationId":"ar7owulwvcmlt9w"}
{"type":"log","timestamp":1674748864511,"level":"debug","message":"Data item not defined for this template.","meta":{"rootId":"m4p7l5l2y2hfzgp","id":"m4p7l5l2y2hfzgp"},"id":"ppiq9ws766qwwvv","previousOperationId":"ar7owulwvcmlt9w"}
{"type":"log","timestamp":1674748864513,"level":"debug","message":"Executing script testing (beforeRender)","meta":{"rootId":"m4p7l5l2y2hfzgp","id":"m4p7l5l2y2hfzgp"},"id":"0sffceddz38db24","previousOperationId":"ar7owulwvcmlt9w"}
{"type":"operationStart","subtype":"scriptsBeforeRender","name":"scripts beforeRender","timestamp":1674748864558,"id":"25hwqd0psq4bmox","previousEventId":"mojvjdonb1jk73w","operationId":"1rm7hiks5zy5na0","previousOperationId":"ar7owulwvcmlt9w"}
{"type":"operationStart","subtype":"script","name":"scripts testing","previousOperationId":"1rm7hiks5zy5na0","timestamp":1674748864558,"id":"n0lmefnt5x2k3dp","previousEventId":"25hwqd0psq4bmox","operationId":"vbepv8rzj72hmaq"}
{"type":"log","timestamp":1674748864776,"level":"debug","message":"(console:log) { location_id: [ '58', '2', '59' ], repetition: [ '2', '3', '1' ] }","meta":{"userLevel":true,"rootId":"m4p7l5l2y2hfzgp","id":"m4p7l5l2y2hfzgp"},"id":"lq16whxbx37u7r5","previousOperationId":"vbepv8rzj72hmaq"}
{"type":"operationEnd","operationId":"vbepv8rzj72hmaq","timestamp":1674748865197,"id":"tbfpzbtf74bikl1","previousEventId":"mojvjdonb1jk73w","previousOperationId":"ar7owulwvcmlt9w"}
{"type":"operationEnd","operationId":"1rm7hiks5zy5na0","timestamp":1674748865197,"id":"xebl2povsl2t1mj","previousEventId":"tbfpzbtf74bikl1","previousOperationId":"ar7owulwvcmlt9w"}
{"type":"log","timestamp":1674748865197,"level":"debug","message":"Base url not specified, skipping its injection.","meta":{"rootId":"m4p7l5l2y2hfzgp","id":"m4p7l5l2y2hfzgp"},"id":"kbwcqhncirx8m1u","previousOperationId":"1rm7hiks5zy5na0"}
{"type":"operationStart","subtype":"engine","name":"handlebars","timestamp":1674748865197,"id":"378lt6etgrh8hvg","previousEventId":"xebl2povsl2t1mj","operationId":"i0qjqeef2i42nst","previousOperationId":"1rm7hiks5zy5na0"}
{"type":"log","timestamp":1674748865197,"level":"debug","message":"Rendering engine handlebars","meta":{"rootId":"m4p7l5l2y2hfzgp","id":"m4p7l5l2y2hfzgp"},"id":"a8mg48ogzkbrfra","previousOperationId":"i0qjqeef2i42nst"}
{"type":"operationEnd","operationId":"i0qjqeef2i42nst","timestamp":1674748865210,"id":"sj64mksi9qc330a","previousEventId":"378lt6etgrh8hvg","previousOperationId":"i0qjqeef2i42nst"}
{"type":"operationStart","subtype":"recipe","name":"chrome-pdf","timestamp":1674748865210,"id":"f2jbjp1rhmcd4fk","previousEventId":"sj64mksi9qc330a","operationId":"swl4d3of0yrzk9q","previousOperationId":"i0qjqeef2i42nst"}
{"type":"log","timestamp":1674748865210,"level":"debug","message":"Executing recipe chrome-pdf","meta":{"rootId":"m4p7l5l2y2hfzgp","id":"m4p7l5l2y2hfzgp"},"id":"9rv398bo0esb27h","previousOperationId":"swl4d3of0yrzk9q"}
{"type":"log","timestamp":1674748865212,"level":"debug","message":"Converting with chrome HeadlessChrome/105.0.5173.0 using chrome-pool strategy","meta":{"rootId":"m4p7l5l2y2hfzgp","id":"m4p7l5l2y2hfzgp"},"id":"im1x3rlapa1zm3g","previousOperationId":"swl4d3of0yrzk9q"}
{"type":"log","timestamp":1674748865300,"level":"debug","message":"Page request: GET (document) file:///C:/Users/Johan/AppData/Local/Temp/jsreport/autocleanup/8f07627c-93e6-4654-af9c-b23126be8f6d-chrome-pdf.html","meta":{"rootId":"m4p7l5l2y2hfzgp","id":"m4p7l5l2y2hfzgp"},"id":"35ao8eur92zfzkx","previousOperationId":"swl4d3of0yrzk9q"}
{"type":"log","timestamp":1674748865325,"level":"debug","message":"Page request: GET (stylesheet) https://cdnjs.cloudflare.com/ajax/libs/metro/4.1.5/css/metro.min.css","meta":{"rootId":"m4p7l5l2y2hfzgp","id":"m4p7l5l2y2hfzgp"},"id":"inb6phfnvedn3m1","previousOperationId":"swl4d3of0yrzk9q"}
{"type":"log","timestamp":1674748865326,"level":"debug","message":"Page request finished: GET (document) 200 file:///C:/Users/Johan/AppData/Local/Temp/jsreport/autocleanup/8f07627c-93e6-4654-af9c-b23126be8f6d-chrome-pdf.html","meta":{"rootId":"m4p7l5l2y2hfzgp","id":"m4p7l5l2y2hfzgp"},"id":"bqnow1cbprbji70","previousOperationId":"swl4d3of0yrzk9q"}
{"type":"log","timestamp":1674748865326,"level":"debug","message":"Page request: GET (script) https://cdnjs.cloudflare.com/ajax/libs/Chart.js/2.7.2/Chart.min.js","meta":{"rootId":"m4p7l5l2y2hfzgp","id":"m4p7l5l2y2hfzgp"},"id":"s9yn7jh74hopez2","previousOperationId":"swl4d3of0yrzk9q"}
{"type":"log","timestamp":1674748865327,"level":"debug","message":"Page request: GET (stylesheet) https://cdnjs.cloudflare.com/ajax/libs/chartist/0.11.0/chartist.min.css","meta":{"rootId":"m4p7l5l2y2hfzgp","id":"m4p7l5l2y2hfzgp"},"id":"gbfz0ikn9e0mqym","previousOperationId":"swl4d3of0yrzk9q"}
{"type":"log","timestamp":1674748865328,"level":"debug","message":"Page request: GET (script) https://cdnjs.cloudflare.com/ajax/libs/chartist/0.11.0/chartist.min.js","meta":{"rootId":"m4p7l5l2y2hfzgp","id":"m4p7l5l2y2hfzgp"},"id":"qesi3g8swbowkhd","previousOperationId":"swl4d3of0yrzk9q"}
{"type":"log","timestamp":1674748865328,"level":"debug","message":"Page request: GET (script) https://unpkg.com/chartist-plugin-tooltips@0.0.17","meta":{"rootId":"m4p7l5l2y2hfzgp","id":"m4p7l5l2y2hfzgp"},"id":"aq04ff1m241bxat","previousOperationId":"swl4d3of0yrzk9q"}
{"type":"log","timestamp":1674748865328,"level":"debug","message":"Page request: GET (script) https://unpkg.com/chartist-plugin-pointlabels@0.0.6","meta":{"rootId":"m4p7l5l2y2hfzgp","id":"m4p7l5l2y2hfzgp"},"id":"stz7ytwp004si9x","previousOperationId":"swl4d3of0yrzk9q"}
{"type":"log","timestamp":1674748865336,"level":"warn","message":"Page request failed: GET (script) 302 https://unpkg.com/chartist-plugin-tooltips@0.0.17 (redirect to: /chartist-plugin-tooltips@0.0.17/dist/chartist-plugin-tooltip.js)","meta":{"rootId":"m4p7l5l2y2hfzgp","id":"m4p7l5l2y2hfzgp"},"id":"8y40nin17ralx9c","previousOperationId":"swl4d3of0yrzk9q"}
{"type":"log","timestamp":1674748865336,"level":"debug","message":"Page request: GET (script) https://unpkg.com/chartist-plugin-tooltips@0.0.17/dist/chartist-plugin-tooltip.js (redirect from: https://unpkg.com/chartist-plugin-tooltips@0.0.17)","meta":{"rootId":"m4p7l5l2y2hfzgp","id":"m4p7l5l2y2hfzgp"},"id":"66g5ejlkogm5hj8","previousOperationId":"swl4d3of0yrzk9q"}
{"type":"log","timestamp":1674748865337,"level":"debug","message":"Page request finished: GET (stylesheet) 200 https://cdnjs.cloudflare.com/ajax/libs/chartist/0.11.0/chartist.min.css","meta":{"rootId":"m4p7l5l2y2hfzgp","id":"m4p7l5l2y2hfzgp"},"id":"w2vmr6cdly25xsa","previousOperationId":"swl4d3of0yrzk9q"}
{"type":"log","timestamp":1674748865337,"level":"warn","message":"Page request failed: GET (script) 302 https://unpkg.com/chartist-plugin-pointlabels@0.0.6 (redirect to: /chartist-plugin-pointlabels@0.0.6/dist/chartist-plugin-pointlabels.js)","meta":{"rootId":"m4p7l5l2y2hfzgp","id":"m4p7l5l2y2hfzgp"},"id":"m4bl062y3fjzn4t","previousOperationId":"swl4d3of0yrzk9q"}
{"type":"log","timestamp":1674748865337,"level":"debug","message":"Page request: GET (script) https://unpkg.com/chartist-plugin-pointlabels@0.0.6/dist/chartist-plugin-pointlabels.js (redirect from: https://unpkg.com/chartist-plugin-pointlabels@0.0.6)","meta":{"rootId":"m4p7l5l2y2hfzgp","id":"m4p7l5l2y2hfzgp"},"id":"vkwh7136wiawkap","previousOperationId":"swl4d3of0yrzk9q"}
{"type":"log","timestamp":1674748865337,"level":"debug","message":"Page request finished: GET (script) 200 https://cdnjs.cloudflare.com/ajax/libs/Chart.js/2.7.2/Chart.min.js","meta":{"rootId":"m4p7l5l2y2hfzgp","id":"m4p7l5l2y2hfzgp"},"id":"t0p8ffdwp27c59f","previousOperationId":"swl4d3of0yrzk9q"}
{"type":"log","timestamp":1674748865337,"level":"debug","message":"Page request finished: GET (script) 200 https://cdnjs.cloudflare.com/ajax/libs/chartist/0.11.0/chartist.min.js","meta":{"rootId":"m4p7l5l2y2hfzgp","id":"m4p7l5l2y2hfzgp"},"id":"39k19iimkgwsab3","previousOperationId":"swl4d3of0yrzk9q"}
{"type":"log","timestamp":1674748865352,"level":"debug","message":"Page request finished: GET (stylesheet) 200 https://cdnjs.cloudflare.com/ajax/libs/metro/4.1.5/css/metro.min.css","meta":{"rootId":"m4p7l5l2y2hfzgp","id":"m4p7l5l2y2hfzgp"},"id":"g9r98a2doyih0pk","previousOperationId":"swl4d3of0yrzk9q"}
{"type":"log","timestamp":1674748865358,"level":"debug","message":"Page request finished: GET (script) 200 https://unpkg.com/chartist-plugin-tooltips@0.0.17/dist/chartist-plugin-tooltip.js","meta":{"rootId":"m4p7l5l2y2hfzgp","id":"m4p7l5l2y2hfzgp"},"id":"42btnekm8pf9xwk","previousOperationId":"swl4d3of0yrzk9q"}
{"type":"log","timestamp":1674748865358,"level":"debug","message":"Page request finished: GET (script) 200 https://unpkg.com/chartist-plugin-pointlabels@0.0.6/dist/chartist-plugin-pointlabels.js","meta":{"rootId":"m4p7l5l2y2hfzgp","id":"m4p7l5l2y2hfzgp"},"id":"ufckfc7pu6pkjzi","previousOperationId":"swl4d3of0yrzk9q"}
{"type":"log","timestamp":1674748865360,"level":"debug","message":"(console:log) Me he venido","meta":{"userLevel":true,"rootId":"m4p7l5l2y2hfzgp","id":"m4p7l5l2y2hfzgp"},"id":"zakdu1rs6vjqz57","previousOperationId":"swl4d3of0yrzk9q"}
{"type":"log","timestamp":1674748865406,"level":"warn","message":"Page error: TypeError: b.normalized.series[e].forEach is not a function\n    at f.<anonymous> (https://cdnjs.cloudflare.com/ajax/libs/chartist/0.11.0/chartist.min.js:9:2056)\n    at Array.forEach (<anonymous>)\n    at f.d [as createChart] (https://cdnjs.cloudflare.com/ajax/libs/chartist/0.11.0/chartist.min.js:9:1626)\n    at f.h (https://cdnjs.cloudflare.com/ajax/libs/chartist/0.11.0/chartist.min.js:8:15161)","meta":{"rootId":"m4p7l5l2y2hfzgp","id":"m4p7l5l2y2hfzgp"},"id":"4ex8dtpn671cmxp","previousOperationId":"swl4d3of0yrzk9q"}
{"type":"log","timestamp":1674748865419,"level":"debug","message":"Running chrome with params {\"printBackground\":true,\"timeout\":59282,\"margin\":{}}","meta":{"rootId":"m4p7l5l2y2hfzgp","id":"m4p7l5l2y2hfzgp"},"id":"ybar22xpib8h2rr","previousOperationId":"swl4d3of0yrzk9q"}
{"type":"operationEnd","operationId":"swl4d3of0yrzk9q","timestamp":1674748865553,"id":"di3xvoxf2wyy85n","previousEventId":"f2jbjp1rhmcd4fk","previousOperationId":"swl4d3of0yrzk9q"}
{"type":"log","timestamp":1674748865553,"level":"debug","message":"Executing script testing (afterRender)","meta":{"rootId":"m4p7l5l2y2hfzgp","id":"m4p7l5l2y2hfzgp"},"id":"j5w8tk96yh1tnw4","previousOperationId":"swl4d3of0yrzk9q"}
{"type":"operationStart","subtype":"scriptsAfterRender","name":"scripts afterRender","timestamp":1674748865562,"id":"z0fsfl5thxi89ji","previousEventId":"di3xvoxf2wyy85n","operationId":"5acmemg8dc7uug0","previousOperationId":"swl4d3of0yrzk9q"}
{"type":"operationStart","subtype":"script","name":"scripts testing","previousOperationId":"5acmemg8dc7uug0","timestamp":1674748865562,"id":"txjlqftumzrympx","previousEventId":"z0fsfl5thxi89ji","operationId":"00byqgqintyw2qj"}
{"type":"operationEnd","operationId":"00byqgqintyw2qj","timestamp":1674748866898,"id":"t7uxxtq4edgk0ri","previousEventId":"di3xvoxf2wyy85n","previousOperationId":"swl4d3of0yrzk9q"}
{"type":"operationEnd","operationId":"5acmemg8dc7uug0","timestamp":1674748866898,"id":"yequwxm39jm1m3x","previousEventId":"t7uxxtq4edgk0ri","previousOperationId":"swl4d3of0yrzk9q"}
{"type":"log","timestamp":1674748866898,"level":"debug","message":"Skipping storing report.","meta":{"rootId":"m4p7l5l2y2hfzgp","id":"m4p7l5l2y2hfzgp"},"id":"tv1ql4u5ri7i8hh","previousOperationId":"5acmemg8dc7uug0"}
{"type":"log","timestamp":1674748866898,"level":"info","message":"Rendering request 46 finished in 2405 ms","meta":{"rootId":"m4p7l5l2y2hfzgp","id":"m4p7l5l2y2hfzgp"},"id":"rl6c3ygl8ctsrsl","previousOperationId":"5acmemg8dc7uug0"}
{"type":"operationEnd","subtype":"render","operationId":"ar7owulwvcmlt9w","timestamp":1674748866898,"id":"qveyh1cad7n2cjq","previousEventId":"yequwxm39jm1m3x","previousOperationId":"5acmemg8dc7uug0"}
{"type":"operationEnd","doDiffs":false,"previousEventId":"4jaiiuygkyqxwxz","previousOperationId":"vtrweugjsfhgq2i","operationId":"vtrweugjsfhgq2i","timestamp":1674748866901,"id":"di4p5erwozyjbgb"}
