{"type":"operationStart","subtype":"profile","data":{"_id":"NNbCMrSPf1H8Ga7v","timestamp":"2023-01-26T15:26:28.813Z","state":"queued","mode":"standard","creationDate":"2023-01-26T15:26:28.817Z","modificationDate":"2023-01-26T15:26:28.817Z","shortid":"wRW0dlR","$entitySet":"profiles"},"doDiffs":false,"timestamp":1674746788815,"id":"1zcxdxmwbebq05k","previousOperationId":null,"operationId":"l0svh721obhrdh5"}
{"type":"log","level":"info","message":"Render request 14 queued for execution and waiting for available worker","previousOperationId":"l0svh721obhrdh5","timestamp":1674746788816,"id":"48h9zocbawuqxjl"}
{"type":"operationStart","subtype":"render","name":"Data","previousOperationId":"l0svh721obhrdh5","timestamp":1674746788831,"id":"nwrpokndt6ntrqz","previousEventId":"1zcxdxmwbebq05k","operationId":"cmtdg0ok7ekbu64"}
{"type":"log","timestamp":1674746788831,"level":"info","message":"Starting rendering request 14","meta":{"rootId":"mb796ehbxfiybwn","id":"mb796ehbxfiybwn"},"id":"02e2cmw0tvxat5i","previousOperationId":"cmtdg0ok7ekbu64"}
{"type":"log","timestamp":1674746788833,"level":"info","message":"Rendering template { name: Data, recipe: chrome-pdf, engine: handlebars, preview: true }","meta":{"rootId":"mb796ehbxfiybwn","id":"mb796ehbxfiybwn"},"id":"mg1hzfwqz7zg1l0","previousOperationId":"cmtdg0ok7ekbu64"}
{"type":"log","timestamp":1674746788834,"level":"debug","message":"Data item not defined for this template.","meta":{"rootId":"mb796ehbxfiybwn","id":"mb796ehbxfiybwn"},"id":"2hmdo2xgqndo1k3","previousOperationId":"cmtdg0ok7ekbu64"}
{"type":"log","timestamp":1674746788839,"level":"debug","message":"Executing script testing (beforeRender)","meta":{"rootId":"mb796ehbxfiybwn","id":"mb796ehbxfiybwn"},"id":"rgq70m491wzmcoi","previousOperationId":"cmtdg0ok7ekbu64"}
{"type":"operationStart","subtype":"scriptsBeforeRender","name":"scripts beforeRender","timestamp":1674746788914,"id":"421qo0sb5qhour6","previousEventId":"nwrpokndt6ntrqz","operationId":"z1d9tte667zltqy","previousOperationId":"cmtdg0ok7ekbu64"}
{"type":"operationStart","subtype":"script","name":"scripts testing","previousOperationId":"z1d9tte667zltqy","timestamp":1674746788914,"id":"nriwn7x7f5yeqco","previousEventId":"421qo0sb5qhour6","operationId":"bbouxhz3hxh3itm"}
{"type":"log","timestamp":1674746789270,"level":"debug","message":"(console:log) [ '58', '2', '59' ]","meta":{"userLevel":true,"rootId":"mb796ehbxfiybwn","id":"mb796ehbxfiybwn"},"id":"5j2vwv85z5scy87","previousOperationId":"bbouxhz3hxh3itm"}
{"type":"log","timestamp":1674746789270,"level":"debug","message":"(console:log) [ '2', '3', '1' ]","meta":{"userLevel":true,"rootId":"mb796ehbxfiybwn","id":"mb796ehbxfiybwn"},"id":"ajp92b90a542emk","previousOperationId":"bbouxhz3hxh3itm"}
{"type":"operationEnd","operationId":"bbouxhz3hxh3itm","timestamp":1674746789657,"id":"z115cgxwlgb9vqq","previousEventId":"nwrpokndt6ntrqz","previousOperationId":"cmtdg0ok7ekbu64"}
{"type":"operationEnd","operationId":"z1d9tte667zltqy","timestamp":1674746789657,"id":"99c52si3fx8uuyk","previousEventId":"z115cgxwlgb9vqq","previousOperationId":"cmtdg0ok7ekbu64"}
{"type":"log","timestamp":1674746789657,"level":"debug","message":"Base url not specified, skipping its injection.","meta":{"rootId":"mb796ehbxfiybwn","id":"mb796ehbxfiybwn"},"id":"e3usgfnt648p5gn","previousOperationId":"z1d9tte667zltqy"}
{"type":"operationStart","subtype":"engine","name":"handlebars","timestamp":1674746789657,"id":"1c3f5qa535g0o3v","previousEventId":"99c52si3fx8uuyk","operationId":"yk8pjeaz52o83kr","previousOperationId":"z1d9tte667zltqy"}
{"type":"log","timestamp":1674746789657,"level":"debug","message":"Rendering engine handlebars","meta":{"rootId":"mb796ehbxfiybwn","id":"mb796ehbxfiybwn"},"id":"v0cdza9bs6qqd1t","previousOperationId":"yk8pjeaz52o83kr"}
{"type":"operationEnd","operationId":"yk8pjeaz52o83kr","timestamp":1674746789666,"id":"m0afakm0by4hfrv","previousEventId":"1c3f5qa535g0o3v","previousOperationId":"yk8pjeaz52o83kr"}
{"type":"operationStart","subtype":"recipe","name":"chrome-pdf","timestamp":1674746789667,"id":"y83lc0rq780wulk","previousEventId":"m0afakm0by4hfrv","operationId":"7uul93o8k5g3p93","previousOperationId":"yk8pjeaz52o83kr"}
{"type":"log","timestamp":1674746789667,"level":"debug","message":"Executing recipe chrome-pdf","meta":{"rootId":"mb796ehbxfiybwn","id":"mb796ehbxfiybwn"},"id":"yqfixam2fo7srjf","previousOperationId":"7uul93o8k5g3p93"}
{"type":"log","timestamp":1674746789670,"level":"debug","message":"Converting with chrome HeadlessChrome/105.0.5173.0 using chrome-pool strategy","meta":{"rootId":"mb796ehbxfiybwn","id":"mb796ehbxfiybwn"},"id":"u4zyxhduj1h4fii","previousOperationId":"7uul93o8k5g3p93"}
{"type":"log","timestamp":1674746789753,"level":"debug","message":"Page request: GET (document) file:///C:/Users/Johan/AppData/Local/Temp/jsreport/autocleanup/729b2662-5571-4c15-9efb-a9ce131a9c3e-chrome-pdf.html","meta":{"rootId":"mb796ehbxfiybwn","id":"mb796ehbxfiybwn"},"id":"gwzkqmt12qawpis","previousOperationId":"7uul93o8k5g3p93"}
{"type":"log","timestamp":1674746789761,"level":"debug","message":"Page request: GET (stylesheet) https://cdnjs.cloudflare.com/ajax/libs/metro/4.1.5/css/metro.min.css","meta":{"rootId":"mb796ehbxfiybwn","id":"mb796ehbxfiybwn"},"id":"e5tnjybv3fo0vxg","previousOperationId":"7uul93o8k5g3p93"}
{"type":"log","timestamp":1674746789762,"level":"debug","message":"Page request finished: GET (document) 200 file:///C:/Users/Johan/AppData/Local/Temp/jsreport/autocleanup/729b2662-5571-4c15-9efb-a9ce131a9c3e-chrome-pdf.html","meta":{"rootId":"mb796ehbxfiybwn","id":"mb796ehbxfiybwn"},"id":"8011qf4x5g9p0f2","previousOperationId":"7uul93o8k5g3p93"}
{"type":"log","timestamp":1674746789762,"level":"debug","message":"Page request: GET (script) https://cdnjs.cloudflare.com/ajax/libs/Chart.js/2.7.2/Chart.min.js","meta":{"rootId":"mb796ehbxfiybwn","id":"mb796ehbxfiybwn"},"id":"53sbioyga4vyrk8","previousOperationId":"7uul93o8k5g3p93"}
{"type":"log","timestamp":1674746789762,"level":"debug","message":"Page request: GET (stylesheet) https://cdnjs.cloudflare.com/ajax/libs/chartist/0.11.0/chartist.min.css","meta":{"rootId":"mb796ehbxfiybwn","id":"mb796ehbxfiybwn"},"id":"2ae51ysj4wedxpt","previousOperationId":"7uul93o8k5g3p93"}
{"type":"log","timestamp":1674746789763,"level":"debug","message":"Page request: GET (script) https://cdn.jsdelivr.net/npm/chart.js@2.9.3/dist/Chart.min.js","meta":{"rootId":"mb796ehbxfiybwn","id":"mb796ehbxfiybwn"},"id":"wgx6fgtl0pxzz1k","previousOperationId":"7uul93o8k5g3p93"}
{"type":"log","timestamp":1674746789770,"level":"debug","message":"Page request finished: GET (stylesheet) 200 https://cdnjs.cloudflare.com/ajax/libs/chartist/0.11.0/chartist.min.css","meta":{"rootId":"mb796ehbxfiybwn","id":"mb796ehbxfiybwn"},"id":"8pce51wglpm5lvb","previousOperationId":"7uul93o8k5g3p93"}
{"type":"log","timestamp":1674746789770,"level":"debug","message":"Page request finished: GET (script) 200 https://cdnjs.cloudflare.com/ajax/libs/Chart.js/2.7.2/Chart.min.js","meta":{"rootId":"mb796ehbxfiybwn","id":"mb796ehbxfiybwn"},"id":"e5nlztpsx7fpmvu","previousOperationId":"7uul93o8k5g3p93"}
{"type":"log","timestamp":1674746789770,"level":"debug","message":"Page request finished: GET (script) 200 https://cdn.jsdelivr.net/npm/chart.js@2.9.3/dist/Chart.min.js","meta":{"rootId":"mb796ehbxfiybwn","id":"mb796ehbxfiybwn"},"id":"23onsirf1qg9xql","previousOperationId":"7uul93o8k5g3p93"}
{"type":"log","timestamp":1674746789784,"level":"debug","message":"Page request finished: GET (stylesheet) 200 https://cdnjs.cloudflare.com/ajax/libs/metro/4.1.5/css/metro.min.css","meta":{"rootId":"mb796ehbxfiybwn","id":"mb796ehbxfiybwn"},"id":"py0l4gk7iu1mmrr","previousOperationId":"7uul93o8k5g3p93"}
{"type":"log","timestamp":1674746789794,"level":"warn","message":"Page error: SyntaxError: Unexpected token ','","meta":{"rootId":"mb796ehbxfiybwn","id":"mb796ehbxfiybwn"},"id":"pkafz11uxuz0wwk","previousOperationId":"7uul93o8k5g3p93"}
{"type":"log","timestamp":1674746789830,"level":"debug","message":"Running chrome with params {\"printBackground\":true,\"timeout\":59144,\"margin\":{}}","meta":{"rootId":"mb796ehbxfiybwn","id":"mb796ehbxfiybwn"},"id":"mr57svs373vbxx7","previousOperationId":"7uul93o8k5g3p93"}
{"type":"operationEnd","operationId":"7uul93o8k5g3p93","timestamp":1674746789930,"id":"ngviwi1sbarv7wp","previousEventId":"y83lc0rq780wulk","previousOperationId":"7uul93o8k5g3p93"}
{"type":"log","timestamp":1674746789931,"level":"debug","message":"Executing script testing (afterRender)","meta":{"rootId":"mb796ehbxfiybwn","id":"mb796ehbxfiybwn"},"id":"kjeex3lab1i1z7p","previousOperationId":"7uul93o8k5g3p93"}
{"type":"operationStart","subtype":"scriptsAfterRender","name":"scripts afterRender","timestamp":1674746789938,"id":"fjyivfge3e6jqj4","previousEventId":"ngviwi1sbarv7wp","operationId":"mt3bgpjpte8j9pb","previousOperationId":"7uul93o8k5g3p93"}
{"type":"operationStart","subtype":"script","name":"scripts testing","previousOperationId":"mt3bgpjpte8j9pb","timestamp":1674746789938,"id":"pkk9wivv0my5rqy","previousEventId":"fjyivfge3e6jqj4","operationId":"uzi5fdimdfiglzg"}
{"type":"operationEnd","operationId":"uzi5fdimdfiglzg","timestamp":1674746790907,"id":"yjajb51s3bmmkdh","previousEventId":"ngviwi1sbarv7wp","previousOperationId":"7uul93o8k5g3p93"}
{"type":"operationEnd","operationId":"mt3bgpjpte8j9pb","timestamp":1674746790907,"id":"xv1a0thy5eu5ql9","previousEventId":"yjajb51s3bmmkdh","previousOperationId":"7uul93o8k5g3p93"}
{"type":"log","timestamp":1674746790907,"level":"debug","message":"Skipping storing report.","meta":{"rootId":"mb796ehbxfiybwn","id":"mb796ehbxfiybwn"},"id":"1icyy2wmkv1rbqt","previousOperationId":"mt3bgpjpte8j9pb"}
{"type":"log","timestamp":1674746790908,"level":"info","message":"Rendering request 14 finished in 2095 ms","meta":{"rootId":"mb796ehbxfiybwn","id":"mb796ehbxfiybwn"},"id":"qqppzat1uas6i43","previousOperationId":"mt3bgpjpte8j9pb"}
{"type":"operationEnd","subtype":"render","operationId":"cmtdg0ok7ekbu64","timestamp":1674746790908,"id":"ldfzy7cfptfuixj","previousEventId":"xv1a0thy5eu5ql9","previousOperationId":"mt3bgpjpte8j9pb"}
{"type":"operationEnd","doDiffs":false,"previousEventId":"1zcxdxmwbebq05k","previousOperationId":"l0svh721obhrdh5","operationId":"l0svh721obhrdh5","timestamp":1674746790913,"id":"o0959m57k3dq2zg"}
