{"type":"operationStart","subtype":"profile","data":{"_id":"lIh7qvXBBYLWkVrm","timestamp":"2023-01-26T15:38:13.700Z","state":"queued","mode":"standard","creationDate":"2023-01-26T15:38:13.703Z","modificationDate":"2023-01-26T15:38:13.703Z","shortid":"ihfpQsN","$entitySet":"profiles"},"doDiffs":false,"timestamp":1674747493701,"id":"bk1swl1yhafzjss","previousOperationId":null,"operationId":"ettsy9pr53d9lb6"}
{"type":"log","level":"info","message":"Render request 32 queued for execution and waiting for available worker","previousOperationId":"ettsy9pr53d9lb6","timestamp":1674747493702,"id":"o51j5jprgvpc8py"}
{"type":"operationStart","subtype":"render","name":"Data","previousOperationId":"ettsy9pr53d9lb6","timestamp":1674747493712,"id":"8o55u4mxuvkr1el","previousEventId":"bk1swl1yhafzjss","operationId":"idcxdeq4b8ichsq"}
{"type":"log","timestamp":1674747493712,"level":"info","message":"Starting rendering request 32","meta":{"rootId":"mvz0nyifj92wqdw","id":"mvz0nyifj92wqdw"},"id":"21nvkiux286cv36","previousOperationId":"idcxdeq4b8ichsq"}
{"type":"log","timestamp":1674747493713,"level":"info","message":"Rendering template { name: Data, recipe: chrome-pdf, engine: handlebars, preview: true }","meta":{"rootId":"mvz0nyifj92wqdw","id":"mvz0nyifj92wqdw"},"id":"ktii46nhqzuo301","previousOperationId":"idcxdeq4b8ichsq"}
{"type":"log","timestamp":1674747493713,"level":"debug","message":"Data item not defined for this template.","meta":{"rootId":"mvz0nyifj92wqdw","id":"mvz0nyifj92wqdw"},"id":"hjd1x6t66p7hgyv","previousOperationId":"idcxdeq4b8ichsq"}
{"type":"log","timestamp":1674747493715,"level":"debug","message":"Executing script testing (beforeRender)","meta":{"rootId":"mvz0nyifj92wqdw","id":"mvz0nyifj92wqdw"},"id":"bmrmrh1722jtjcy","previousOperationId":"idcxdeq4b8ichsq"}
{"type":"operationStart","subtype":"scriptsBeforeRender","name":"scripts beforeRender","timestamp":1674747493762,"id":"hs5gf5p9gjdwsr4","previousEventId":"8o55u4mxuvkr1el","operationId":"8ipaph545viom1m","previousOperationId":"idcxdeq4b8ichsq"}
{"type":"operationStart","subtype":"script","name":"scripts testing","previousOperationId":"8ipaph545viom1m","timestamp":1674747493762,"id":"6f8igl3zdb9gczw","previousEventId":"hs5gf5p9gjdwsr4","operationId":"gnu2safiqhaqo5t"}
{"type":"log","timestamp":1674747494088,"level":"debug","message":"(console:log) {\n  events: {\n    id: 54,\n    title: 'Festival Cine Gáldar',\n    description: 'Este año tenemos el placer de anunciar el Festival de cine de Gáldar un año más donde podremos ver cine de todos los géneros y tipos...',\n    date: '2022-11-02',\n    starting_hour: '15:00',\n    finished_hour: '21:00',\n    url: 'https://ficgaldar.es',\n    created_at: '2022-12-16T20:21:57.613Z',\n    updated_at: '2022-12-16T20:33:25.999Z',\n    location_id: 59,\n    event_type_id: 42,\n    image: 'http://localhost:3000/rails/active_storage/blobs/redirect/eyJfcmFpbHMiOnsibWVzc2FnZSI6IkJBaHBidz09IiwiZXhwIjpudWxsLCJwdXIiOiJibG9iX2lkIn19--4d03c0a42072b5f7f6a32f42e165676d2dde3b17/af-FIC-cartel-MEDIOS-1320x1848.png'\n  },\n  location_id: [ '58', '2', '59' ],\n  repetition: [ '2', '3', '1' ]\n}","meta":{"userLevel":true,"rootId":"mvz0nyifj92wqdw","id":"mvz0nyifj92wqdw"},"id":"dak3mfq2vc6hsyk","previousOperationId":"gnu2safiqhaqo5t"}
{"type":"operationEnd","operationId":"gnu2safiqhaqo5t","timestamp":1674747494478,"id":"1pki8o3saqjt2fj","previousEventId":"8o55u4mxuvkr1el","previousOperationId":"idcxdeq4b8ichsq"}
{"type":"operationEnd","operationId":"8ipaph545viom1m","timestamp":1674747494478,"id":"fwr0l0zl4o6klsn","previousEventId":"1pki8o3saqjt2fj","previousOperationId":"idcxdeq4b8ichsq"}
{"type":"log","timestamp":1674747494478,"level":"debug","message":"Base url not specified, skipping its injection.","meta":{"rootId":"mvz0nyifj92wqdw","id":"mvz0nyifj92wqdw"},"id":"ituqrn4l8kzn82q","previousOperationId":"8ipaph545viom1m"}
{"type":"operationStart","subtype":"engine","name":"handlebars","timestamp":1674747494479,"id":"mreherc3h0lqcf9","previousEventId":"fwr0l0zl4o6klsn","operationId":"8rmw36l620e45ed","previousOperationId":"8ipaph545viom1m"}
{"type":"log","timestamp":1674747494479,"level":"debug","message":"Rendering engine handlebars","meta":{"rootId":"mvz0nyifj92wqdw","id":"mvz0nyifj92wqdw"},"id":"m2kr5sf6yefdlm0","previousOperationId":"8rmw36l620e45ed"}
{"type":"operationEnd","operationId":"8rmw36l620e45ed","timestamp":1674747494492,"id":"j2ub8sek1uk5j1l","previousEventId":"mreherc3h0lqcf9","previousOperationId":"8rmw36l620e45ed"}
{"type":"operationStart","subtype":"recipe","name":"chrome-pdf","timestamp":1674747494493,"id":"gi8inms109p1vzw","previousEventId":"j2ub8sek1uk5j1l","operationId":"ifz4gjyzvmlv2vw","previousOperationId":"8rmw36l620e45ed"}
{"type":"log","timestamp":1674747494493,"level":"debug","message":"Executing recipe chrome-pdf","meta":{"rootId":"mvz0nyifj92wqdw","id":"mvz0nyifj92wqdw"},"id":"17ftb41v6lkib9l","previousOperationId":"ifz4gjyzvmlv2vw"}
{"type":"log","timestamp":1674747494496,"level":"debug","message":"Converting with chrome HeadlessChrome/105.0.5173.0 using chrome-pool strategy","meta":{"rootId":"mvz0nyifj92wqdw","id":"mvz0nyifj92wqdw"},"id":"b7jssf2cynndq9m","previousOperationId":"ifz4gjyzvmlv2vw"}
{"type":"log","timestamp":1674747494596,"level":"debug","message":"Page request: GET (document) file:///C:/Users/Johan/AppData/Local/Temp/jsreport/autocleanup/6860a55c-32a4-4403-a8cc-890cfbd8d48a-chrome-pdf.html","meta":{"rootId":"mvz0nyifj92wqdw","id":"mvz0nyifj92wqdw"},"id":"nrr353cr42ykjgi","previousOperationId":"ifz4gjyzvmlv2vw"}
{"type":"log","timestamp":1674747494615,"level":"debug","message":"Page request: GET (stylesheet) https://cdnjs.cloudflare.com/ajax/libs/metro/4.1.5/css/metro.min.css","meta":{"rootId":"mvz0nyifj92wqdw","id":"mvz0nyifj92wqdw"},"id":"w59gu7ybjag9y6p","previousOperationId":"ifz4gjyzvmlv2vw"}
{"type":"log","timestamp":1674747494616,"level":"debug","message":"Page request finished: GET (document) 200 file:///C:/Users/Johan/AppData/Local/Temp/jsreport/autocleanup/6860a55c-32a4-4403-a8cc-890cfbd8d48a-chrome-pdf.html","meta":{"rootId":"mvz0nyifj92wqdw","id":"mvz0nyifj92wqdw"},"id":"akpajls3k0iu2pa","previousOperationId":"ifz4gjyzvmlv2vw"}
{"type":"log","timestamp":1674747494616,"level":"debug","message":"Page request: GET (script) https://cdnjs.cloudflare.com/ajax/libs/Chart.js/2.7.2/Chart.min.js","meta":{"rootId":"mvz0nyifj92wqdw","id":"mvz0nyifj92wqdw"},"id":"1801h1ikqyzexc6","previousOperationId":"ifz4gjyzvmlv2vw"}
{"type":"log","timestamp":1674747494616,"level":"debug","message":"Page request: GET (stylesheet) https://cdnjs.cloudflare.com/ajax/libs/chartist/0.11.0/chartist.min.css","meta":{"rootId":"mvz0nyifj92wqdw","id":"mvz0nyifj92wqdw"},"id":"4h6ak79iybgqa7s","previousOperationId":"ifz4gjyzvmlv2vw"}
{"type":"log","timestamp":1674747494616,"level":"debug","message":"Page request: GET (script) https://cdn.jsdelivr.net/npm/chart.js@2.9.3/dist/Chart.min.js","meta":{"rootId":"mvz0nyifj92wqdw","id":"mvz0nyifj92wqdw"},"id":"nte3jbfsepptmxd","previousOperationId":"ifz4gjyzvmlv2vw"}
{"type":"log","timestamp":1674747494622,"level":"debug","message":"Page request finished: GET (stylesheet) 200 https://cdnjs.cloudflare.com/ajax/libs/chartist/0.11.0/chartist.min.css","meta":{"rootId":"mvz0nyifj92wqdw","id":"mvz0nyifj92wqdw"},"id":"s8xnd7ryxpns1j6","previousOperationId":"ifz4gjyzvmlv2vw"}
{"type":"log","timestamp":1674747494623,"level":"debug","message":"Page request finished: GET (script) 200 https://cdn.jsdelivr.net/npm/chart.js@2.9.3/dist/Chart.min.js","meta":{"rootId":"mvz0nyifj92wqdw","id":"mvz0nyifj92wqdw"},"id":"sy7v32vntyob8ak","previousOperationId":"ifz4gjyzvmlv2vw"}
{"type":"log","timestamp":1674747494638,"level":"debug","message":"Page request finished: GET (stylesheet) 200 https://cdnjs.cloudflare.com/ajax/libs/metro/4.1.5/css/metro.min.css","meta":{"rootId":"mvz0nyifj92wqdw","id":"mvz0nyifj92wqdw"},"id":"26htowuiwmxts1o","previousOperationId":"ifz4gjyzvmlv2vw"}
{"type":"log","timestamp":1674747494638,"level":"debug","message":"Page request finished: GET (script) 200 https://cdnjs.cloudflare.com/ajax/libs/Chart.js/2.7.2/Chart.min.js","meta":{"rootId":"mvz0nyifj92wqdw","id":"mvz0nyifj92wqdw"},"id":"rxfonvf2v4vmb6e","previousOperationId":"ifz4gjyzvmlv2vw"}
{"type":"log","timestamp":1674747494652,"level":"warn","message":"Page error: SyntaxError: Unexpected number","meta":{"rootId":"mvz0nyifj92wqdw","id":"mvz0nyifj92wqdw"},"id":"g0moiu99859g57s","previousOperationId":"ifz4gjyzvmlv2vw"}
{"type":"log","timestamp":1674747494691,"level":"debug","message":"Running chrome with params {\"printBackground\":true,\"timeout\":59206,\"margin\":{}}","meta":{"rootId":"mvz0nyifj92wqdw","id":"mvz0nyifj92wqdw"},"id":"r6gc5oz6ju57vhr","previousOperationId":"ifz4gjyzvmlv2vw"}
{"type":"operationEnd","operationId":"ifz4gjyzvmlv2vw","timestamp":1674747494805,"id":"ar9p31kupz1ka81","previousEventId":"gi8inms109p1vzw","previousOperationId":"ifz4gjyzvmlv2vw"}
{"type":"log","timestamp":1674747494805,"level":"debug","message":"Executing script testing (afterRender)","meta":{"rootId":"mvz0nyifj92wqdw","id":"mvz0nyifj92wqdw"},"id":"6giy2b3pk7tc73x","previousOperationId":"ifz4gjyzvmlv2vw"}
{"type":"operationStart","subtype":"scriptsAfterRender","name":"scripts afterRender","timestamp":1674747494815,"id":"tyw2dlxpacivzrj","previousEventId":"ar9p31kupz1ka81","operationId":"wjd3mq67m3mjaun","previousOperationId":"ifz4gjyzvmlv2vw"}
{"type":"operationStart","subtype":"script","name":"scripts testing","previousOperationId":"wjd3mq67m3mjaun","timestamp":1674747494815,"id":"k6jdq927z2tv7hr","previousEventId":"tyw2dlxpacivzrj","operationId":"lzttbodfphp78ov"}
{"type":"operationEnd","operationId":"lzttbodfphp78ov","timestamp":1674747495920,"id":"4taj5xqx1oze0hs","previousEventId":"ar9p31kupz1ka81","previousOperationId":"ifz4gjyzvmlv2vw"}
{"type":"operationEnd","operationId":"wjd3mq67m3mjaun","timestamp":1674747495920,"id":"fiqt1cfyb9s3qvb","previousEventId":"4taj5xqx1oze0hs","previousOperationId":"ifz4gjyzvmlv2vw"}
{"type":"log","timestamp":1674747495920,"level":"debug","message":"Skipping storing report.","meta":{"rootId":"mvz0nyifj92wqdw","id":"mvz0nyifj92wqdw"},"id":"u5h6jxzsyli7f8i","previousOperationId":"wjd3mq67m3mjaun"}
{"type":"log","timestamp":1674747495920,"level":"info","message":"Rendering request 32 finished in 2220 ms","meta":{"rootId":"mvz0nyifj92wqdw","id":"mvz0nyifj92wqdw"},"id":"dfnhpugieryjc4s","previousOperationId":"wjd3mq67m3mjaun"}
{"type":"operationEnd","subtype":"render","operationId":"idcxdeq4b8ichsq","timestamp":1674747495920,"id":"5te39ufik80zzp5","previousEventId":"fiqt1cfyb9s3qvb","previousOperationId":"wjd3mq67m3mjaun"}
{"type":"operationEnd","doDiffs":false,"previousEventId":"bk1swl1yhafzjss","previousOperationId":"ettsy9pr53d9lb6","operationId":"ettsy9pr53d9lb6","timestamp":1674747495923,"id":"e2n42scc3u6aqhn"}
