{"type":"operationStart","subtype":"profile","data":{"_id":"RByIHPNV74HLcNsl","timestamp":"2023-01-26T16:34:09.420Z","state":"queued","mode":"standard","creationDate":"2023-01-26T16:34:09.422Z","modificationDate":"2023-01-26T16:34:09.422Z","shortid":"b3Thnq4","$entitySet":"profiles"},"doDiffs":false,"timestamp":1674750849421,"id":"8yp0tn5f57h6m8l","previousOperationId":null,"operationId":"xvjkbxab8x8gvda"}
{"type":"log","level":"info","message":"Render request 7 queued for execution and waiting for available worker","previousOperationId":"xvjkbxab8x8gvda","timestamp":1674750849421,"id":"2x9y442hcohu7ub"}
{"type":"operationStart","subtype":"render","name":"Data","previousOperationId":"xvjkbxab8x8gvda","timestamp":1674750849434,"id":"174xkv1ko3q6suo","previousEventId":"8yp0tn5f57h6m8l","operationId":"wygjwqjkhjlgoow"}
{"type":"log","timestamp":1674750849434,"level":"info","message":"Starting rendering request 7","meta":{"rootId":"n8hbf0fnhm3kt2m","id":"n8hbf0fnhm3kt2m"},"id":"6d1s95myb75j6pv","previousOperationId":"wygjwqjkhjlgoow"}
{"type":"log","timestamp":1674750849434,"level":"info","message":"Rendering template { name: Data, recipe: chrome-pdf, engine: handlebars, preview: true }","meta":{"rootId":"n8hbf0fnhm3kt2m","id":"n8hbf0fnhm3kt2m"},"id":"oshkjb75fdp1mhc","previousOperationId":"wygjwqjkhjlgoow"}
{"type":"log","timestamp":1674750849434,"level":"debug","message":"Data item not defined for this template.","meta":{"rootId":"n8hbf0fnhm3kt2m","id":"n8hbf0fnhm3kt2m"},"id":"g8zx27ve5pih30s","previousOperationId":"wygjwqjkhjlgoow"}
{"type":"log","timestamp":1674750849436,"level":"debug","message":"Executing script testing (beforeRender)","meta":{"rootId":"n8hbf0fnhm3kt2m","id":"n8hbf0fnhm3kt2m"},"id":"lzdnz61dh83ekdu","previousOperationId":"wygjwqjkhjlgoow"}
{"type":"operationStart","subtype":"scriptsBeforeRender","name":"scripts beforeRender","timestamp":1674750849483,"id":"0wuf2mo243kpmhr","previousEventId":"174xkv1ko3q6suo","operationId":"xbj0isuy6lruw1d","previousOperationId":"wygjwqjkhjlgoow"}
{"type":"operationStart","subtype":"script","name":"scripts testing","previousOperationId":"xbj0isuy6lruw1d","timestamp":1674750849483,"id":"g85h1kl4ps11jub","previousEventId":"0wuf2mo243kpmhr","operationId":"z9zpcqmcpzjx8iy"}
{"type":"log","timestamp":1674750849779,"level":"debug","message":"(console:log) {\n  name: [ 'Las Palmas de Gran Canaria', 'Galdar', 'Teror' ],\n  repetition: [ '2', '1', '3' ]\n}","meta":{"userLevel":true,"rootId":"n8hbf0fnhm3kt2m","id":"n8hbf0fnhm3kt2m"},"id":"gq5kkm7453fpc1o","previousOperationId":"z9zpcqmcpzjx8iy"}
{"type":"operationEnd","operationId":"z9zpcqmcpzjx8iy","timestamp":1674750850166,"id":"ekubkza798cw3gz","previousEventId":"174xkv1ko3q6suo","previousOperationId":"wygjwqjkhjlgoow"}
{"type":"operationEnd","operationId":"xbj0isuy6lruw1d","timestamp":1674750850166,"id":"fxw3js05jh6e56c","previousEventId":"ekubkza798cw3gz","previousOperationId":"wygjwqjkhjlgoow"}
{"type":"log","timestamp":1674750850167,"level":"debug","message":"Base url not specified, skipping its injection.","meta":{"rootId":"n8hbf0fnhm3kt2m","id":"n8hbf0fnhm3kt2m"},"id":"ekcudnkmx4hv7ce","previousOperationId":"xbj0isuy6lruw1d"}
{"type":"operationStart","subtype":"engine","name":"handlebars","timestamp":1674750850167,"id":"i75l3i5ydj0a11t","previousEventId":"fxw3js05jh6e56c","operationId":"us1u7s9uf4ov8z2","previousOperationId":"xbj0isuy6lruw1d"}
{"type":"log","timestamp":1674750850167,"level":"debug","message":"Rendering engine handlebars","meta":{"rootId":"n8hbf0fnhm3kt2m","id":"n8hbf0fnhm3kt2m"},"id":"fyox2t1t4d02nw5","previousOperationId":"us1u7s9uf4ov8z2"}
{"type":"operationEnd","operationId":"us1u7s9uf4ov8z2","timestamp":1674750850179,"id":"s1t3nk9lmgdxyy3","previousEventId":"i75l3i5ydj0a11t","previousOperationId":"us1u7s9uf4ov8z2"}
{"type":"operationStart","subtype":"recipe","name":"chrome-pdf","timestamp":1674750850179,"id":"l6hwkxpmon5z214","previousEventId":"s1t3nk9lmgdxyy3","operationId":"yrjit1yxbpjvt6p","previousOperationId":"us1u7s9uf4ov8z2"}
{"type":"log","timestamp":1674750850179,"level":"debug","message":"Executing recipe chrome-pdf","meta":{"rootId":"n8hbf0fnhm3kt2m","id":"n8hbf0fnhm3kt2m"},"id":"ugmf25gcnir8vrm","previousOperationId":"yrjit1yxbpjvt6p"}
{"type":"log","timestamp":1674750850183,"level":"debug","message":"Converting with chrome HeadlessChrome/105.0.5173.0 using chrome-pool strategy","meta":{"rootId":"n8hbf0fnhm3kt2m","id":"n8hbf0fnhm3kt2m"},"id":"ygzr3smg1g8m7b5","previousOperationId":"yrjit1yxbpjvt6p"}
{"type":"log","timestamp":1674750850266,"level":"debug","message":"Page request: GET (document) file:///C:/Users/Johan/AppData/Local/Temp/jsreport/autocleanup/ce65ac82-bad4-4bd6-91bc-f8ed1fdc0c20-chrome-pdf.html","meta":{"rootId":"n8hbf0fnhm3kt2m","id":"n8hbf0fnhm3kt2m"},"id":"491okqek9pqez3a","previousOperationId":"yrjit1yxbpjvt6p"}
{"type":"log","timestamp":1674750850288,"level":"debug","message":"Page request finished: GET (document) 200 file:///C:/Users/Johan/AppData/Local/Temp/jsreport/autocleanup/ce65ac82-bad4-4bd6-91bc-f8ed1fdc0c20-chrome-pdf.html","meta":{"rootId":"n8hbf0fnhm3kt2m","id":"n8hbf0fnhm3kt2m"},"id":"2ckpjdcx3wzq52p","previousOperationId":"yrjit1yxbpjvt6p"}
{"type":"log","timestamp":1674750850289,"level":"debug","message":"Page request: GET (stylesheet) https://cdnjs.cloudflare.com/ajax/libs/metro/4.1.5/css/metro.min.css","meta":{"rootId":"n8hbf0fnhm3kt2m","id":"n8hbf0fnhm3kt2m"},"id":"olb98j415p5a5ud","previousOperationId":"yrjit1yxbpjvt6p"}
{"type":"log","timestamp":1674750850289,"level":"debug","message":"Page request: GET (stylesheet) https://cdnjs.cloudflare.com/ajax/libs/chartist/0.11.0/chartist.min.css","meta":{"rootId":"n8hbf0fnhm3kt2m","id":"n8hbf0fnhm3kt2m"},"id":"apdh1ynm63ayfsb","previousOperationId":"yrjit1yxbpjvt6p"}
{"type":"log","timestamp":1674750850289,"level":"debug","message":"Page request: GET (script) https://cdnjs.cloudflare.com/ajax/libs/chartist/0.11.0/chartist.min.js","meta":{"rootId":"n8hbf0fnhm3kt2m","id":"n8hbf0fnhm3kt2m"},"id":"8r01phi4sf3kaz5","previousOperationId":"yrjit1yxbpjvt6p"}
{"type":"log","timestamp":1674750850289,"level":"debug","message":"Page request: GET (script) https://unpkg.com/chartist-plugin-tooltips@0.0.17","meta":{"rootId":"n8hbf0fnhm3kt2m","id":"n8hbf0fnhm3kt2m"},"id":"dm770i4y17ng8tm","previousOperationId":"yrjit1yxbpjvt6p"}
{"type":"log","timestamp":1674750850289,"level":"debug","message":"Page request: GET (script) https://unpkg.com/chartist-plugin-pointlabels@0.0.6","meta":{"rootId":"n8hbf0fnhm3kt2m","id":"n8hbf0fnhm3kt2m"},"id":"g295smrxuladpjj","previousOperationId":"yrjit1yxbpjvt6p"}
{"type":"log","timestamp":1674750850295,"level":"warn","message":"Page request failed: GET (script) 302 https://unpkg.com/chartist-plugin-tooltips@0.0.17 (redirect to: /chartist-plugin-tooltips@0.0.17/dist/chartist-plugin-tooltip.js)","meta":{"rootId":"n8hbf0fnhm3kt2m","id":"n8hbf0fnhm3kt2m"},"id":"82a9xt0vald552o","previousOperationId":"yrjit1yxbpjvt6p"}
{"type":"log","timestamp":1674750850296,"level":"debug","message":"Page request: GET (script) https://unpkg.com/chartist-plugin-tooltips@0.0.17/dist/chartist-plugin-tooltip.js (redirect from: https://unpkg.com/chartist-plugin-tooltips@0.0.17)","meta":{"rootId":"n8hbf0fnhm3kt2m","id":"n8hbf0fnhm3kt2m"},"id":"a664o25cm9glt1h","previousOperationId":"yrjit1yxbpjvt6p"}
{"type":"log","timestamp":1674750850297,"level":"debug","message":"Page request finished: GET (stylesheet) 200 https://cdnjs.cloudflare.com/ajax/libs/chartist/0.11.0/chartist.min.css","meta":{"rootId":"n8hbf0fnhm3kt2m","id":"n8hbf0fnhm3kt2m"},"id":"aoeq4fhsx0dxt9m","previousOperationId":"yrjit1yxbpjvt6p"}
{"type":"log","timestamp":1674750850299,"level":"warn","message":"Page request failed: GET (script) 302 https://unpkg.com/chartist-plugin-pointlabels@0.0.6 (redirect to: /chartist-plugin-pointlabels@0.0.6/dist/chartist-plugin-pointlabels.js)","meta":{"rootId":"n8hbf0fnhm3kt2m","id":"n8hbf0fnhm3kt2m"},"id":"qmnweoqf5aceagj","previousOperationId":"yrjit1yxbpjvt6p"}
{"type":"log","timestamp":1674750850299,"level":"debug","message":"Page request: GET (script) https://unpkg.com/chartist-plugin-pointlabels@0.0.6/dist/chartist-plugin-pointlabels.js (redirect from: https://unpkg.com/chartist-plugin-pointlabels@0.0.6)","meta":{"rootId":"n8hbf0fnhm3kt2m","id":"n8hbf0fnhm3kt2m"},"id":"6x836k0og5n4nsu","previousOperationId":"yrjit1yxbpjvt6p"}
{"type":"log","timestamp":1674750850316,"level":"debug","message":"Page request finished: GET (stylesheet) 200 https://cdnjs.cloudflare.com/ajax/libs/metro/4.1.5/css/metro.min.css","meta":{"rootId":"n8hbf0fnhm3kt2m","id":"n8hbf0fnhm3kt2m"},"id":"u86wmisx9ejl8jf","previousOperationId":"yrjit1yxbpjvt6p"}
{"type":"log","timestamp":1674750850316,"level":"debug","message":"Page request finished: GET (script) 200 https://cdnjs.cloudflare.com/ajax/libs/chartist/0.11.0/chartist.min.js","meta":{"rootId":"n8hbf0fnhm3kt2m","id":"n8hbf0fnhm3kt2m"},"id":"ly0og5b5bq0w7aq","previousOperationId":"yrjit1yxbpjvt6p"}
{"type":"log","timestamp":1674750850318,"level":"debug","message":"Page request finished: GET (script) 200 https://unpkg.com/chartist-plugin-tooltips@0.0.17/dist/chartist-plugin-tooltip.js","meta":{"rootId":"n8hbf0fnhm3kt2m","id":"n8hbf0fnhm3kt2m"},"id":"zzw6ye3hytzbcys","previousOperationId":"yrjit1yxbpjvt6p"}
{"type":"log","timestamp":1674750850318,"level":"debug","message":"Page request finished: GET (script) 200 https://unpkg.com/chartist-plugin-pointlabels@0.0.6/dist/chartist-plugin-pointlabels.js","meta":{"rootId":"n8hbf0fnhm3kt2m","id":"n8hbf0fnhm3kt2m"},"id":"hm4s40mfcoikajr","previousOperationId":"yrjit1yxbpjvt6p"}
{"type":"log","timestamp":1674750850320,"level":"warn","message":"Page error: SyntaxError: Unexpected identifier","meta":{"rootId":"n8hbf0fnhm3kt2m","id":"n8hbf0fnhm3kt2m"},"id":"l2bht0d3n69jagn","previousOperationId":"yrjit1yxbpjvt6p"}
{"type":"log","timestamp":1674750850357,"level":"debug","message":"Running chrome with params {\"printBackground\":true,\"timeout\":59238,\"margin\":{}}","meta":{"rootId":"n8hbf0fnhm3kt2m","id":"n8hbf0fnhm3kt2m"},"id":"ug1ofjyk1gev5z8","previousOperationId":"yrjit1yxbpjvt6p"}
{"type":"operationEnd","operationId":"yrjit1yxbpjvt6p","timestamp":1674750850469,"id":"pibgy2aor9wpsb0","previousEventId":"l6hwkxpmon5z214","previousOperationId":"yrjit1yxbpjvt6p"}
{"type":"log","timestamp":1674750850469,"level":"debug","message":"Executing script testing (afterRender)","meta":{"rootId":"n8hbf0fnhm3kt2m","id":"n8hbf0fnhm3kt2m"},"id":"s7piuwdsh4eraby","previousOperationId":"yrjit1yxbpjvt6p"}
{"type":"operationStart","subtype":"scriptsAfterRender","name":"scripts afterRender","timestamp":1674750850476,"id":"owfy3dbbzhbn2w2","previousEventId":"pibgy2aor9wpsb0","operationId":"si2safk5ibxqto9","previousOperationId":"yrjit1yxbpjvt6p"}
{"type":"operationStart","subtype":"script","name":"scripts testing","previousOperationId":"si2safk5ibxqto9","timestamp":1674750850476,"id":"x10nlh2p5h1xa33","previousEventId":"owfy3dbbzhbn2w2","operationId":"9h3sgnom2mihxoz"}
{"type":"operationEnd","operationId":"9h3sgnom2mihxoz","timestamp":1674750851545,"id":"7hv7gjpas9jsh9o","previousEventId":"pibgy2aor9wpsb0","previousOperationId":"yrjit1yxbpjvt6p"}
{"type":"operationEnd","operationId":"si2safk5ibxqto9","timestamp":1674750851545,"id":"flu5y2uhiklaoy7","previousEventId":"7hv7gjpas9jsh9o","previousOperationId":"yrjit1yxbpjvt6p"}
{"type":"log","timestamp":1674750851545,"level":"debug","message":"Skipping storing report.","meta":{"rootId":"n8hbf0fnhm3kt2m","id":"n8hbf0fnhm3kt2m"},"id":"p4er7xddv9njtcd","previousOperationId":"si2safk5ibxqto9"}
{"type":"log","timestamp":1674750851545,"level":"info","message":"Rendering request 7 finished in 2125 ms","meta":{"rootId":"n8hbf0fnhm3kt2m","id":"n8hbf0fnhm3kt2m"},"id":"6dohhbvmh0dj3qx","previousOperationId":"si2safk5ibxqto9"}
{"type":"operationEnd","subtype":"render","operationId":"wygjwqjkhjlgoow","timestamp":1674750851545,"id":"ro5qgw2puscqgwb","previousEventId":"flu5y2uhiklaoy7","previousOperationId":"si2safk5ibxqto9"}
{"type":"operationEnd","doDiffs":false,"previousEventId":"8yp0tn5f57h6m8l","previousOperationId":"xvjkbxab8x8gvda","operationId":"xvjkbxab8x8gvda","timestamp":1674750851550,"id":"m40wi6ws9t4n075"}
