{"type":"operationStart","subtype":"profile","data":{"_id":"6S8eLTgDBuJ0AMKe","timestamp":"2023-01-24T19:18:53.824Z","state":"queued","mode":"standard","creationDate":"2023-01-24T19:18:53.827Z","modificationDate":"2023-01-24T19:18:53.827Z","shortid":"KFAiZb9","$entitySet":"profiles"},"doDiffs":false,"timestamp":1674587933825,"id":"76y0m6rneke76us","previousOperationId":null,"operationId":"ra7qk1m7cn5cods"}
{"type":"log","level":"info","message":"Render request 8 queued for execution and waiting for available worker","previousOperationId":"ra7qk1m7cn5cods","timestamp":1674587933826,"id":"3f7nzshmo1cn5dd"}
{"type":"operationStart","subtype":"render","name":"Data","previousOperationId":"ra7qk1m7cn5cods","timestamp":1674587933838,"id":"e0cf78p9qbohko7","previousEventId":"76y0m6rneke76us","operationId":"gr1g5c4rxl9xr3j"}
{"type":"log","timestamp":1674587933839,"level":"info","message":"Starting rendering request 8","meta":{"rootId":"na0tw82k03gy9oh","id":"na0tw82k03gy9oh"},"id":"hak1juiz10zbvf3","previousOperationId":"gr1g5c4rxl9xr3j"}
{"type":"log","timestamp":1674587933839,"level":"info","message":"Rendering template { name: Data, recipe: chrome-pdf, engine: handlebars, preview: true }","meta":{"rootId":"na0tw82k03gy9oh","id":"na0tw82k03gy9oh"},"id":"cjwys9o5bs4cg8i","previousOperationId":"gr1g5c4rxl9xr3j"}
{"type":"log","timestamp":1674587933841,"level":"debug","message":"Data item not defined for this template.","meta":{"rootId":"na0tw82k03gy9oh","id":"na0tw82k03gy9oh"},"id":"a47vtux42qizc4e","previousOperationId":"gr1g5c4rxl9xr3j"}
{"type":"log","timestamp":1674587933844,"level":"debug","message":"Executing script testing (beforeRender)","meta":{"rootId":"na0tw82k03gy9oh","id":"na0tw82k03gy9oh"},"id":"oh3h520rgggdcf4","previousOperationId":"gr1g5c4rxl9xr3j"}
{"type":"operationStart","subtype":"scriptsBeforeRender","name":"scripts beforeRender","timestamp":1674587933925,"id":"4pd0t9bn6pr302b","previousEventId":"e0cf78p9qbohko7","operationId":"ltb778swcn2j1bg","previousOperationId":"gr1g5c4rxl9xr3j"}
{"type":"operationStart","subtype":"script","name":"scripts testing","previousOperationId":"ltb778swcn2j1bg","timestamp":1674587933925,"id":"m36ixoqsag42pxi","previousEventId":"4pd0t9bn6pr302b","operationId":"qr6niqsoaykcfd7"}
{"type":"operationEnd","operationId":"qr6niqsoaykcfd7","timestamp":1674587934611,"id":"6ewjj1jn2zupq8s","previousEventId":"e0cf78p9qbohko7","previousOperationId":"gr1g5c4rxl9xr3j"}
{"type":"operationEnd","operationId":"ltb778swcn2j1bg","timestamp":1674587934611,"id":"qfaa0ux33gkyprm","previousEventId":"6ewjj1jn2zupq8s","previousOperationId":"gr1g5c4rxl9xr3j"}
{"type":"log","timestamp":1674587934611,"level":"debug","message":"Base url not specified, skipping its injection.","meta":{"rootId":"na0tw82k03gy9oh","id":"na0tw82k03gy9oh"},"id":"867jq1vfrjgwmlj","previousOperationId":"ltb778swcn2j1bg"}
{"type":"operationStart","subtype":"engine","name":"handlebars","timestamp":1674587934612,"id":"tautjmytghjwubf","previousEventId":"qfaa0ux33gkyprm","operationId":"g362r4oxfmdxxzt","previousOperationId":"ltb778swcn2j1bg"}
{"type":"log","timestamp":1674587934612,"level":"debug","message":"Rendering engine handlebars","meta":{"rootId":"na0tw82k03gy9oh","id":"na0tw82k03gy9oh"},"id":"zjnvcluu0j2y2sn","previousOperationId":"g362r4oxfmdxxzt"}
{"type":"operationEnd","operationId":"g362r4oxfmdxxzt","timestamp":1674587934634,"id":"iul0upg5clmgqxr","previousEventId":"tautjmytghjwubf","previousOperationId":"g362r4oxfmdxxzt"}
{"type":"operationStart","subtype":"recipe","name":"chrome-pdf","timestamp":1674587934634,"id":"ggrkud60s1vkohz","previousEventId":"iul0upg5clmgqxr","operationId":"lblg9fymg3nwvav","previousOperationId":"g362r4oxfmdxxzt"}
{"type":"log","timestamp":1674587934634,"level":"debug","message":"Executing recipe chrome-pdf","meta":{"rootId":"na0tw82k03gy9oh","id":"na0tw82k03gy9oh"},"id":"iw7ubmk6vs086bh","previousOperationId":"lblg9fymg3nwvav"}
{"type":"log","timestamp":1674587934640,"level":"debug","message":"Converting with chrome HeadlessChrome/105.0.5173.0 using chrome-pool strategy","meta":{"rootId":"na0tw82k03gy9oh","id":"na0tw82k03gy9oh"},"id":"orwsgf38dp5omgg","previousOperationId":"lblg9fymg3nwvav"}
{"type":"log","timestamp":1674587934781,"level":"debug","message":"Page request: GET (document) file:///C:/Users/Johan/AppData/Local/Temp/jsreport/autocleanup/f99d63cc-0a49-477a-b39b-930edabdf058-chrome-pdf.html","meta":{"rootId":"na0tw82k03gy9oh","id":"na0tw82k03gy9oh"},"id":"p8fbig442ju10pn","previousOperationId":"lblg9fymg3nwvav"}
{"type":"log","timestamp":1674587934795,"level":"debug","message":"Page request finished: GET (document) 200 file:///C:/Users/Johan/AppData/Local/Temp/jsreport/autocleanup/f99d63cc-0a49-477a-b39b-930edabdf058-chrome-pdf.html","meta":{"rootId":"na0tw82k03gy9oh","id":"na0tw82k03gy9oh"},"id":"8llh9tzq2ej3hd9","previousOperationId":"lblg9fymg3nwvav"}
{"type":"log","timestamp":1674587934795,"level":"debug","message":"Page request: GET (stylesheet) https://cdnjs.cloudflare.com/ajax/libs/metro/4.1.5/css/metro.min.css","meta":{"rootId":"na0tw82k03gy9oh","id":"na0tw82k03gy9oh"},"id":"ogilhcpndx8onna","previousOperationId":"lblg9fymg3nwvav"}
{"type":"log","timestamp":1674587934798,"level":"debug","message":"Page request: GET (script) https://cdnjs.cloudflare.com/ajax/libs/Chart.js/2.7.2/Chart.min.js","meta":{"rootId":"na0tw82k03gy9oh","id":"na0tw82k03gy9oh"},"id":"hvbvvzkuzo32983","previousOperationId":"lblg9fymg3nwvav"}
{"type":"log","timestamp":1674587934807,"level":"debug","message":"Page request finished: GET (script) 200 https://cdnjs.cloudflare.com/ajax/libs/Chart.js/2.7.2/Chart.min.js","meta":{"rootId":"na0tw82k03gy9oh","id":"na0tw82k03gy9oh"},"id":"svjieee1alk9i7x","previousOperationId":"lblg9fymg3nwvav"}
{"type":"log","timestamp":1674587934827,"level":"debug","message":"Page request finished: GET (stylesheet) 200 https://cdnjs.cloudflare.com/ajax/libs/metro/4.1.5/css/metro.min.css","meta":{"rootId":"na0tw82k03gy9oh","id":"na0tw82k03gy9oh"},"id":"2t1uvxlr20ar05j","previousOperationId":"lblg9fymg3nwvav"}
{"type":"log","timestamp":1674587934880,"level":"debug","message":"Running chrome with params {\"printBackground\":true,\"timeout\":59186,\"margin\":{}}","meta":{"rootId":"na0tw82k03gy9oh","id":"na0tw82k03gy9oh"},"id":"96p5om2g112mg7r","previousOperationId":"lblg9fymg3nwvav"}
{"type":"operationEnd","operationId":"lblg9fymg3nwvav","timestamp":1674587935070,"id":"xd150r2mbyig2lx","previousEventId":"ggrkud60s1vkohz","previousOperationId":"lblg9fymg3nwvav"}
{"type":"log","timestamp":1674587935070,"level":"debug","message":"Skipping storing report.","meta":{"rootId":"na0tw82k03gy9oh","id":"na0tw82k03gy9oh"},"id":"ugsa4t77hva019s","previousOperationId":"lblg9fymg3nwvav"}
{"type":"log","timestamp":1674587935070,"level":"info","message":"Rendering request 8 finished in 1246 ms","meta":{"rootId":"na0tw82k03gy9oh","id":"na0tw82k03gy9oh"},"id":"ozjubh10v49j2i7","previousOperationId":"lblg9fymg3nwvav"}
{"type":"operationEnd","subtype":"render","operationId":"gr1g5c4rxl9xr3j","timestamp":1674587935070,"id":"4hojccd7z18gfl2","previousEventId":"xd150r2mbyig2lx","previousOperationId":"lblg9fymg3nwvav"}
{"type":"operationEnd","doDiffs":false,"previousEventId":"76y0m6rneke76us","previousOperationId":"ra7qk1m7cn5cods","operationId":"ra7qk1m7cn5cods","timestamp":1674587935078,"id":"edsey4mi094afdu"}
