{"type":"operationStart","subtype":"profile","data":{"_id":"IeRp1k67EHvpIsRK","timestamp":"2023-01-26T15:35:49.476Z","state":"queued","mode":"standard","creationDate":"2023-01-26T15:35:49.479Z","modificationDate":"2023-01-26T15:35:49.479Z","shortid":"bNy1du1","$entitySet":"profiles"},"doDiffs":false,"timestamp":1674747349477,"id":"xl5ar2hsanz8cqp","previousOperationId":null,"operationId":"um3sghbthri2c1b"}
{"type":"log","level":"info","message":"Render request 27 queued for execution and waiting for available worker","previousOperationId":"um3sghbthri2c1b","timestamp":1674747349478,"id":"whesiqnqlm7pgvq"}
{"type":"operationStart","subtype":"render","name":"Data","previousOperationId":"um3sghbthri2c1b","timestamp":1674747349488,"id":"ke4qnvel27p46tu","previousEventId":"xl5ar2hsanz8cqp","operationId":"ld8qy07uc42qlq3"}
{"type":"log","timestamp":1674747349488,"level":"info","message":"Starting rendering request 27","meta":{"rootId":"ndycsvau7v41gux","id":"ndycsvau7v41gux"},"id":"3bu4ydfnz3zudgz","previousOperationId":"ld8qy07uc42qlq3"}
{"type":"log","timestamp":1674747349488,"level":"info","message":"Rendering template { name: Data, recipe: chrome-pdf, engine: handlebars, preview: true }","meta":{"rootId":"ndycsvau7v41gux","id":"ndycsvau7v41gux"},"id":"6dkt4t23lm8i66u","previousOperationId":"ld8qy07uc42qlq3"}
{"type":"log","timestamp":1674747349489,"level":"debug","message":"Data item not defined for this template.","meta":{"rootId":"ndycsvau7v41gux","id":"ndycsvau7v41gux"},"id":"1izuf2ytxrf798v","previousOperationId":"ld8qy07uc42qlq3"}
{"type":"log","timestamp":1674747349493,"level":"debug","message":"Executing script testing (beforeRender)","meta":{"rootId":"ndycsvau7v41gux","id":"ndycsvau7v41gux"},"id":"2rgzlnz5x4jr14r","previousOperationId":"ld8qy07uc42qlq3"}
{"type":"operationStart","subtype":"scriptsBeforeRender","name":"scripts beforeRender","timestamp":1674747349551,"id":"792u544m326x73v","previousEventId":"ke4qnvel27p46tu","operationId":"fqwvgyqyj2jk9g7","previousOperationId":"ld8qy07uc42qlq3"}
{"type":"operationStart","subtype":"script","name":"scripts testing","previousOperationId":"fqwvgyqyj2jk9g7","timestamp":1674747349551,"id":"thwhxoes1d2yqud","previousEventId":"792u544m326x73v","operationId":"f1ssjtof47t8ee8"}
{"type":"log","timestamp":1674747349909,"level":"debug","message":"(console:log) {\n  events: {\n    id: 54,\n    title: 'Festival Cine Gáldar',\n    description: 'Este año tenemos el placer de anunciar el Festival de cine de Gáldar un año más donde podremos ver cine de todos los géneros y tipos...',\n    date: '2022-11-02',\n    starting_hour: '15:00',\n    finished_hour: '21:00',\n    url: 'https://ficgaldar.es',\n    created_at: '2022-12-16T20:21:57.613Z',\n    updated_at: '2022-12-16T20:33:25.999Z',\n    location_id: 59,\n    event_type_id: 42,\n    image: 'http://localhost:3000/rails/active_storage/blobs/redirect/eyJfcmFpbHMiOnsibWVzc2FnZSI6IkJBaHBidz09IiwiZXhwIjpudWxsLCJwdXIiOiJibG9iX2lkIn19--4d03c0a42072b5f7f6a32f42e165676d2dde3b17/af-FIC-cartel-MEDIOS-1320x1848.png'\n  },\n  location_id: [ '58', '2', '59' ],\n  repetition: [ '2', '3', '1' ]\n}","meta":{"userLevel":true,"rootId":"ndycsvau7v41gux","id":"ndycsvau7v41gux"},"id":"ec8i6oyw1jv3007","previousOperationId":"f1ssjtof47t8ee8"}
{"type":"operationEnd","operationId":"f1ssjtof47t8ee8","timestamp":1674747350333,"id":"cuqu8agsgkc9b5f","previousEventId":"ke4qnvel27p46tu","previousOperationId":"ld8qy07uc42qlq3"}
{"type":"operationEnd","operationId":"fqwvgyqyj2jk9g7","timestamp":1674747350333,"id":"nddtu0uc8k9e5rn","previousEventId":"cuqu8agsgkc9b5f","previousOperationId":"ld8qy07uc42qlq3"}
{"type":"log","timestamp":1674747350333,"level":"debug","message":"Base url not specified, skipping its injection.","meta":{"rootId":"ndycsvau7v41gux","id":"ndycsvau7v41gux"},"id":"6886b78laclyprw","previousOperationId":"fqwvgyqyj2jk9g7"}
{"type":"operationStart","subtype":"engine","name":"handlebars","timestamp":1674747350333,"id":"hay0yoo1x6iw68m","previousEventId":"nddtu0uc8k9e5rn","operationId":"auniii2bm38l0sg","previousOperationId":"fqwvgyqyj2jk9g7"}
{"type":"log","timestamp":1674747350333,"level":"debug","message":"Rendering engine handlebars","meta":{"rootId":"ndycsvau7v41gux","id":"ndycsvau7v41gux"},"id":"nh3uj0uzepnghtv","previousOperationId":"auniii2bm38l0sg"}
{"type":"operationEnd","operationId":"auniii2bm38l0sg","timestamp":1674747350346,"id":"nuw88r1dae4grvh","previousEventId":"hay0yoo1x6iw68m","previousOperationId":"auniii2bm38l0sg"}
{"type":"operationStart","subtype":"recipe","name":"chrome-pdf","timestamp":1674747350347,"id":"erbygkhdu9otluf","previousEventId":"nuw88r1dae4grvh","operationId":"j04bjahqoy7puwm","previousOperationId":"auniii2bm38l0sg"}
{"type":"log","timestamp":1674747350347,"level":"debug","message":"Executing recipe chrome-pdf","meta":{"rootId":"ndycsvau7v41gux","id":"ndycsvau7v41gux"},"id":"as9ourosjf9f8yc","previousOperationId":"j04bjahqoy7puwm"}
{"type":"log","timestamp":1674747350350,"level":"debug","message":"Converting with chrome HeadlessChrome/105.0.5173.0 using chrome-pool strategy","meta":{"rootId":"ndycsvau7v41gux","id":"ndycsvau7v41gux"},"id":"neu8kauckevshz5","previousOperationId":"j04bjahqoy7puwm"}
{"type":"log","timestamp":1674747350448,"level":"debug","message":"Page request: GET (document) file:///C:/Users/Johan/AppData/Local/Temp/jsreport/autocleanup/04007cb0-f5d3-460c-abce-0ed3fa5dbcba-chrome-pdf.html","meta":{"rootId":"ndycsvau7v41gux","id":"ndycsvau7v41gux"},"id":"fc6c3edh9ekfg7e","previousOperationId":"j04bjahqoy7puwm"}
{"type":"log","timestamp":1674747350469,"level":"debug","message":"Page request: GET (stylesheet) https://cdnjs.cloudflare.com/ajax/libs/metro/4.1.5/css/metro.min.css","meta":{"rootId":"ndycsvau7v41gux","id":"ndycsvau7v41gux"},"id":"ffcmzxjt7vhjxhr","previousOperationId":"j04bjahqoy7puwm"}
{"type":"log","timestamp":1674747350469,"level":"debug","message":"Page request: GET (script) https://cdnjs.cloudflare.com/ajax/libs/Chart.js/2.7.2/Chart.min.js","meta":{"rootId":"ndycsvau7v41gux","id":"ndycsvau7v41gux"},"id":"n2hsetjpfzfw2ry","previousOperationId":"j04bjahqoy7puwm"}
{"type":"log","timestamp":1674747350470,"level":"debug","message":"Page request: GET (stylesheet) https://cdnjs.cloudflare.com/ajax/libs/chartist/0.11.0/chartist.min.css","meta":{"rootId":"ndycsvau7v41gux","id":"ndycsvau7v41gux"},"id":"3b11auzwfz2ocqw","previousOperationId":"j04bjahqoy7puwm"}
{"type":"log","timestamp":1674747350470,"level":"debug","message":"Page request: GET (script) https://cdn.jsdelivr.net/npm/chart.js@2.9.3/dist/Chart.min.js","meta":{"rootId":"ndycsvau7v41gux","id":"ndycsvau7v41gux"},"id":"h3mgzfw4xhvvq2p","previousOperationId":"j04bjahqoy7puwm"}
{"type":"log","timestamp":1674747350470,"level":"debug","message":"Page request finished: GET (document) 200 file:///C:/Users/Johan/AppData/Local/Temp/jsreport/autocleanup/04007cb0-f5d3-460c-abce-0ed3fa5dbcba-chrome-pdf.html","meta":{"rootId":"ndycsvau7v41gux","id":"ndycsvau7v41gux"},"id":"dykuzd4izxd17z4","previousOperationId":"j04bjahqoy7puwm"}
{"type":"log","timestamp":1674747350477,"level":"debug","message":"Page request finished: GET (stylesheet) 200 https://cdnjs.cloudflare.com/ajax/libs/chartist/0.11.0/chartist.min.css","meta":{"rootId":"ndycsvau7v41gux","id":"ndycsvau7v41gux"},"id":"4xuv9xnirdrsfjo","previousOperationId":"j04bjahqoy7puwm"}
{"type":"log","timestamp":1674747350479,"level":"debug","message":"Page request finished: GET (script) 200 https://cdnjs.cloudflare.com/ajax/libs/Chart.js/2.7.2/Chart.min.js","meta":{"rootId":"ndycsvau7v41gux","id":"ndycsvau7v41gux"},"id":"pqfacwokwwuo6hz","previousOperationId":"j04bjahqoy7puwm"}
{"type":"log","timestamp":1674747350479,"level":"debug","message":"Page request finished: GET (script) 200 https://cdn.jsdelivr.net/npm/chart.js@2.9.3/dist/Chart.min.js","meta":{"rootId":"ndycsvau7v41gux","id":"ndycsvau7v41gux"},"id":"nbr2opwgwjedzfy","previousOperationId":"j04bjahqoy7puwm"}
{"type":"log","timestamp":1674747350500,"level":"debug","message":"Page request finished: GET (stylesheet) 200 https://cdnjs.cloudflare.com/ajax/libs/metro/4.1.5/css/metro.min.css","meta":{"rootId":"ndycsvau7v41gux","id":"ndycsvau7v41gux"},"id":"r2aa0pnfd1z4ikb","previousOperationId":"j04bjahqoy7puwm"}
{"type":"log","timestamp":1674747350516,"level":"warn","message":"Page error: SyntaxError: Unexpected number","meta":{"rootId":"ndycsvau7v41gux","id":"ndycsvau7v41gux"},"id":"lgmtckmy9fq9lhe","previousOperationId":"j04bjahqoy7puwm"}
{"type":"log","timestamp":1674747350563,"level":"debug","message":"Running chrome with params {\"printBackground\":true,\"timeout\":59127,\"margin\":{}}","meta":{"rootId":"ndycsvau7v41gux","id":"ndycsvau7v41gux"},"id":"mp1p8qmztxk7g0w","previousOperationId":"j04bjahqoy7puwm"}
{"type":"operationEnd","operationId":"j04bjahqoy7puwm","timestamp":1674747350704,"id":"mja0q3wfgb9kbjd","previousEventId":"erbygkhdu9otluf","previousOperationId":"j04bjahqoy7puwm"}
{"type":"log","timestamp":1674747350704,"level":"debug","message":"Executing script testing (afterRender)","meta":{"rootId":"ndycsvau7v41gux","id":"ndycsvau7v41gux"},"id":"plksfkbtu0kziau","previousOperationId":"j04bjahqoy7puwm"}
{"type":"operationStart","subtype":"scriptsAfterRender","name":"scripts afterRender","timestamp":1674747350714,"id":"ezpnswfdwwssfbw","previousEventId":"mja0q3wfgb9kbjd","operationId":"buqgs71o32cwcky","previousOperationId":"j04bjahqoy7puwm"}
{"type":"operationStart","subtype":"script","name":"scripts testing","previousOperationId":"buqgs71o32cwcky","timestamp":1674747350714,"id":"38k9wyehwjy01yf","previousEventId":"ezpnswfdwwssfbw","operationId":"vughm1ve6be1122"}
{"type":"operationEnd","operationId":"vughm1ve6be1122","timestamp":1674747351702,"id":"f9oin38m9g7r3ox","previousEventId":"mja0q3wfgb9kbjd","previousOperationId":"j04bjahqoy7puwm"}
{"type":"operationEnd","operationId":"buqgs71o32cwcky","timestamp":1674747351702,"id":"hgz1u8srmbgrrdd","previousEventId":"f9oin38m9g7r3ox","previousOperationId":"j04bjahqoy7puwm"}
{"type":"log","timestamp":1674747351702,"level":"debug","message":"Skipping storing report.","meta":{"rootId":"ndycsvau7v41gux","id":"ndycsvau7v41gux"},"id":"nhplt2ey49ejs8p","previousOperationId":"buqgs71o32cwcky"}
{"type":"log","timestamp":1674747351702,"level":"info","message":"Rendering request 27 finished in 2226 ms","meta":{"rootId":"ndycsvau7v41gux","id":"ndycsvau7v41gux"},"id":"1ikg1t441ys4uul","previousOperationId":"buqgs71o32cwcky"}
{"type":"operationEnd","subtype":"render","operationId":"ld8qy07uc42qlq3","timestamp":1674747351702,"id":"78go0wyral3w5oh","previousEventId":"hgz1u8srmbgrrdd","previousOperationId":"buqgs71o32cwcky"}
{"type":"operationEnd","doDiffs":false,"previousEventId":"xl5ar2hsanz8cqp","previousOperationId":"um3sghbthri2c1b","operationId":"um3sghbthri2c1b","timestamp":1674747351706,"id":"e4zwh9z1z9akq4m"}
