{"type":"operationStart","subtype":"profile","data":{"_id":"IEoIegGgzcaJTDRq","timestamp":"2023-01-26T17:11:41.634Z","state":"queued","mode":"standard","creationDate":"2023-01-26T17:11:41.636Z","modificationDate":"2023-01-26T17:11:41.636Z","shortid":"TkEVUqu","$entitySet":"profiles"},"doDiffs":false,"timestamp":1674753101635,"id":"9hdh8zao228g1p3","previousOperationId":null,"operationId":"haz9o4mdjzni382"}
{"type":"log","level":"info","message":"Render request 17 queued for execution and waiting for available worker","previousOperationId":"haz9o4mdjzni382","timestamp":1674753101635,"id":"nqxxyrmc98j5d2x"}
{"type":"operationStart","subtype":"render","name":"Data","previousOperationId":"haz9o4mdjzni382","timestamp":1674753101646,"id":"pcm46db8y1yr9gh","previousEventId":"9hdh8zao228g1p3","operationId":"sovt0coimm0dnpz"}
{"type":"log","timestamp":1674753101646,"level":"info","message":"Starting rendering request 17","meta":{"rootId":"nhhwoxhe4e3c784","id":"nhhwoxhe4e3c784"},"id":"f47jy0tjphbz493","previousOperationId":"sovt0coimm0dnpz"}
{"type":"log","timestamp":1674753101646,"level":"info","message":"Rendering template { name: Data, recipe: chrome-pdf, engine: handlebars, preview: true }","meta":{"rootId":"nhhwoxhe4e3c784","id":"nhhwoxhe4e3c784"},"id":"0oaieia4zqwvvrh","previousOperationId":"sovt0coimm0dnpz"}
{"type":"log","timestamp":1674753101647,"level":"debug","message":"Data item not defined for this template.","meta":{"rootId":"nhhwoxhe4e3c784","id":"nhhwoxhe4e3c784"},"id":"ztqzo0b6ze82xhu","previousOperationId":"sovt0coimm0dnpz"}
{"type":"log","timestamp":1674753101648,"level":"debug","message":"Executing script testing (beforeRender)","meta":{"rootId":"nhhwoxhe4e3c784","id":"nhhwoxhe4e3c784"},"id":"jawavl1gimsdvdf","previousOperationId":"sovt0coimm0dnpz"}
{"type":"operationStart","subtype":"scriptsBeforeRender","name":"scripts beforeRender","timestamp":1674753101707,"id":"3hif3u7iyinhl82","previousEventId":"pcm46db8y1yr9gh","operationId":"5pqir27lovut7qf","previousOperationId":"sovt0coimm0dnpz"}
{"type":"operationStart","subtype":"script","name":"scripts testing","previousOperationId":"5pqir27lovut7qf","timestamp":1674753101707,"id":"ixc6df30w1g6rjs","previousEventId":"3hif3u7iyinhl82","operationId":"w1typ4euplzlgzt"}
{"type":"log","timestamp":1674753101946,"level":"debug","message":"(console:log) {\n  locationName: [ 'Las Palmas de Gran Canaria', 'Galdar', 'Teror' ],\n  repetition: [ '2', '1', '3' ]\n}","meta":{"userLevel":true,"rootId":"nhhwoxhe4e3c784","id":"nhhwoxhe4e3c784"},"id":"9hxx44pguvhfklx","previousOperationId":"w1typ4euplzlgzt"}
{"type":"log","timestamp":1674753101946,"level":"debug","message":"(console:log) [ 'Las Palmas de Gran Canaria', 'Galdar', 'Teror' ]","meta":{"userLevel":true,"rootId":"nhhwoxhe4e3c784","id":"nhhwoxhe4e3c784"},"id":"25w8gpbjfdrcclx","previousOperationId":"w1typ4euplzlgzt"}
{"type":"log","timestamp":1674753101946,"level":"debug","message":"(console:log) [ '2', '1', '3' ]","meta":{"userLevel":true,"rootId":"nhhwoxhe4e3c784","id":"nhhwoxhe4e3c784"},"id":"b5alcug5wdc1g55","previousOperationId":"w1typ4euplzlgzt"}
{"type":"operationEnd","operationId":"w1typ4euplzlgzt","timestamp":1674753102350,"id":"dvhae9uj9tghxyy","previousEventId":"pcm46db8y1yr9gh","previousOperationId":"sovt0coimm0dnpz"}
{"type":"operationEnd","operationId":"5pqir27lovut7qf","timestamp":1674753102350,"id":"pwxpip32gmv8ozo","previousEventId":"dvhae9uj9tghxyy","previousOperationId":"sovt0coimm0dnpz"}
{"type":"log","timestamp":1674753102350,"level":"debug","message":"Base url not specified, skipping its injection.","meta":{"rootId":"nhhwoxhe4e3c784","id":"nhhwoxhe4e3c784"},"id":"vwnspkcjuvwgz6g","previousOperationId":"5pqir27lovut7qf"}
{"type":"operationStart","subtype":"engine","name":"handlebars","timestamp":1674753102350,"id":"jvbroy86lwl1m22","previousEventId":"pwxpip32gmv8ozo","operationId":"atrcesvez7rmhkj","previousOperationId":"5pqir27lovut7qf"}
{"type":"log","timestamp":1674753102350,"level":"debug","message":"Rendering engine handlebars","meta":{"rootId":"nhhwoxhe4e3c784","id":"nhhwoxhe4e3c784"},"id":"9ya6rgn8ibwq7h3","previousOperationId":"atrcesvez7rmhkj"}
{"type":"operationEnd","operationId":"atrcesvez7rmhkj","timestamp":1674753102368,"id":"s3696iy6us5z5g7","previousEventId":"jvbroy86lwl1m22","previousOperationId":"atrcesvez7rmhkj"}
{"type":"operationStart","subtype":"recipe","name":"chrome-pdf","timestamp":1674753102368,"id":"zzxulsjmsfpyquh","previousEventId":"s3696iy6us5z5g7","operationId":"ltqrj5k6671x1x5","previousOperationId":"atrcesvez7rmhkj"}
{"type":"log","timestamp":1674753102368,"level":"debug","message":"Executing recipe chrome-pdf","meta":{"rootId":"nhhwoxhe4e3c784","id":"nhhwoxhe4e3c784"},"id":"8j81hsar4y5r4jv","previousOperationId":"ltqrj5k6671x1x5"}
{"type":"log","timestamp":1674753102373,"level":"debug","message":"Converting with chrome HeadlessChrome/105.0.5173.0 using chrome-pool strategy","meta":{"rootId":"nhhwoxhe4e3c784","id":"nhhwoxhe4e3c784"},"id":"5zv32mgfzp8n4eo","previousOperationId":"ltqrj5k6671x1x5"}
{"type":"log","timestamp":1674753102475,"level":"debug","message":"Page request: GET (document) file:///C:/Users/Johan/AppData/Local/Temp/jsreport/autocleanup/5084e410-3e1b-4dc9-9616-7b9aabbd6cf6-chrome-pdf.html","meta":{"rootId":"nhhwoxhe4e3c784","id":"nhhwoxhe4e3c784"},"id":"0hnj1igioyhjdb2","previousOperationId":"ltqrj5k6671x1x5"}
{"type":"log","timestamp":1674753102501,"level":"debug","message":"Page request: GET (stylesheet) https://cdnjs.cloudflare.com/ajax/libs/metro/4.1.5/css/metro.min.css","meta":{"rootId":"nhhwoxhe4e3c784","id":"nhhwoxhe4e3c784"},"id":"61q4l5agyshzx16","previousOperationId":"ltqrj5k6671x1x5"}
{"type":"log","timestamp":1674753102502,"level":"debug","message":"Page request: GET (stylesheet) https://cdnjs.cloudflare.com/ajax/libs/chartist/0.11.0/chartist.min.css","meta":{"rootId":"nhhwoxhe4e3c784","id":"nhhwoxhe4e3c784"},"id":"if7bx3bvt8nyu03","previousOperationId":"ltqrj5k6671x1x5"}
{"type":"log","timestamp":1674753102502,"level":"debug","message":"Page request: GET (script) https://cdnjs.cloudflare.com/ajax/libs/chartist/0.11.0/chartist.min.js","meta":{"rootId":"nhhwoxhe4e3c784","id":"nhhwoxhe4e3c784"},"id":"yut8ye4po90yz4h","previousOperationId":"ltqrj5k6671x1x5"}
{"type":"log","timestamp":1674753102503,"level":"debug","message":"Page request finished: GET (document) 200 file:///C:/Users/Johan/AppData/Local/Temp/jsreport/autocleanup/5084e410-3e1b-4dc9-9616-7b9aabbd6cf6-chrome-pdf.html","meta":{"rootId":"nhhwoxhe4e3c784","id":"nhhwoxhe4e3c784"},"id":"rrmavxf5ll07t70","previousOperationId":"ltqrj5k6671x1x5"}
{"type":"log","timestamp":1674753102503,"level":"debug","message":"Page request: GET (script) https://unpkg.com/chartist-plugin-tooltips@0.0.17","meta":{"rootId":"nhhwoxhe4e3c784","id":"nhhwoxhe4e3c784"},"id":"jve6spzxrcxhdfv","previousOperationId":"ltqrj5k6671x1x5"}
{"type":"log","timestamp":1674753102504,"level":"debug","message":"Page request: GET (script) https://unpkg.com/chartist-plugin-pointlabels@0.0.6","meta":{"rootId":"nhhwoxhe4e3c784","id":"nhhwoxhe4e3c784"},"id":"7xctzozj0gkgcws","previousOperationId":"ltqrj5k6671x1x5"}
{"type":"log","timestamp":1674753102508,"level":"debug","message":"Page request finished: GET (stylesheet) 200 https://cdnjs.cloudflare.com/ajax/libs/chartist/0.11.0/chartist.min.css","meta":{"rootId":"nhhwoxhe4e3c784","id":"nhhwoxhe4e3c784"},"id":"571ftp8pzrvr07q","previousOperationId":"ltqrj5k6671x1x5"}
{"type":"log","timestamp":1674753102509,"level":"debug","message":"Page request finished: GET (script) 200 https://cdnjs.cloudflare.com/ajax/libs/chartist/0.11.0/chartist.min.js","meta":{"rootId":"nhhwoxhe4e3c784","id":"nhhwoxhe4e3c784"},"id":"er1ato7mdt64j7p","previousOperationId":"ltqrj5k6671x1x5"}
{"type":"log","timestamp":1674753102510,"level":"warn","message":"Page request failed: GET (script) 302 https://unpkg.com/chartist-plugin-tooltips@0.0.17 (redirect to: /chartist-plugin-tooltips@0.0.17/dist/chartist-plugin-tooltip.js)","meta":{"rootId":"nhhwoxhe4e3c784","id":"nhhwoxhe4e3c784"},"id":"l8rmoa68hceb373","previousOperationId":"ltqrj5k6671x1x5"}
{"type":"log","timestamp":1674753102510,"level":"debug","message":"Page request: GET (script) https://unpkg.com/chartist-plugin-tooltips@0.0.17/dist/chartist-plugin-tooltip.js (redirect from: https://unpkg.com/chartist-plugin-tooltips@0.0.17)","meta":{"rootId":"nhhwoxhe4e3c784","id":"nhhwoxhe4e3c784"},"id":"xeuemklnqadikhw","previousOperationId":"ltqrj5k6671x1x5"}
{"type":"log","timestamp":1674753102510,"level":"warn","message":"Page request failed: GET (script) 302 https://unpkg.com/chartist-plugin-pointlabels@0.0.6 (redirect to: /chartist-plugin-pointlabels@0.0.6/dist/chartist-plugin-pointlabels.js)","meta":{"rootId":"nhhwoxhe4e3c784","id":"nhhwoxhe4e3c784"},"id":"q62akwge8fx46x5","previousOperationId":"ltqrj5k6671x1x5"}
{"type":"log","timestamp":1674753102510,"level":"debug","message":"Page request: GET (script) https://unpkg.com/chartist-plugin-pointlabels@0.0.6/dist/chartist-plugin-pointlabels.js (redirect from: https://unpkg.com/chartist-plugin-pointlabels@0.0.6)","meta":{"rootId":"nhhwoxhe4e3c784","id":"nhhwoxhe4e3c784"},"id":"1gf3czlrls6yzbt","previousOperationId":"ltqrj5k6671x1x5"}
{"type":"log","timestamp":1674753102528,"level":"debug","message":"Page request finished: GET (stylesheet) 200 https://cdnjs.cloudflare.com/ajax/libs/metro/4.1.5/css/metro.min.css","meta":{"rootId":"nhhwoxhe4e3c784","id":"nhhwoxhe4e3c784"},"id":"2i8b274dnzhu95t","previousOperationId":"ltqrj5k6671x1x5"}
{"type":"log","timestamp":1674753102529,"level":"debug","message":"Page request finished: GET (script) 200 https://unpkg.com/chartist-plugin-tooltips@0.0.17/dist/chartist-plugin-tooltip.js","meta":{"rootId":"nhhwoxhe4e3c784","id":"nhhwoxhe4e3c784"},"id":"s2cnclcmvk0hkyh","previousOperationId":"ltqrj5k6671x1x5"}
{"type":"log","timestamp":1674753102530,"level":"debug","message":"Page request finished: GET (script) 200 https://unpkg.com/chartist-plugin-pointlabels@0.0.6/dist/chartist-plugin-pointlabels.js","meta":{"rootId":"nhhwoxhe4e3c784","id":"nhhwoxhe4e3c784"},"id":"3u7oinj9phodmuj","previousOperationId":"ltqrj5k6671x1x5"}
{"type":"log","timestamp":1674753102531,"level":"warn","message":"Page error: SyntaxError: Unexpected identifier","meta":{"rootId":"nhhwoxhe4e3c784","id":"nhhwoxhe4e3c784"},"id":"7dxq2ubmtxd0i0e","previousOperationId":"ltqrj5k6671x1x5"}
{"type":"log","timestamp":1674753102588,"level":"debug","message":"Running chrome with params {\"printBackground\":true,\"timeout\":59263,\"margin\":{}}","meta":{"rootId":"nhhwoxhe4e3c784","id":"nhhwoxhe4e3c784"},"id":"ihs62fhaqaqccgl","previousOperationId":"ltqrj5k6671x1x5"}
{"type":"operationEnd","operationId":"ltqrj5k6671x1x5","timestamp":1674753102709,"id":"dq372l2d051ee4i","previousEventId":"zzxulsjmsfpyquh","previousOperationId":"ltqrj5k6671x1x5"}
{"type":"log","timestamp":1674753102709,"level":"debug","message":"Executing script testing (afterRender)","meta":{"rootId":"nhhwoxhe4e3c784","id":"nhhwoxhe4e3c784"},"id":"nwjzv23soi23o10","previousOperationId":"ltqrj5k6671x1x5"}
{"type":"operationStart","subtype":"scriptsAfterRender","name":"scripts afterRender","timestamp":1674753102721,"id":"gb98uvvuzhz94mg","previousEventId":"dq372l2d051ee4i","operationId":"ruxhxo2g91unvz2","previousOperationId":"ltqrj5k6671x1x5"}
{"type":"operationStart","subtype":"script","name":"scripts testing","previousOperationId":"ruxhxo2g91unvz2","timestamp":1674753102721,"id":"g2ghj8s818dlfn5","previousEventId":"gb98uvvuzhz94mg","operationId":"1wlnw23j7w1tqzd"}
{"type":"operationEnd","operationId":"1wlnw23j7w1tqzd","timestamp":1674753104046,"id":"30pvnoo8mwdyic3","previousEventId":"dq372l2d051ee4i","previousOperationId":"ltqrj5k6671x1x5"}
{"type":"operationEnd","operationId":"ruxhxo2g91unvz2","timestamp":1674753104046,"id":"g1dk7nlzql949um","previousEventId":"30pvnoo8mwdyic3","previousOperationId":"ltqrj5k6671x1x5"}
{"type":"log","timestamp":1674753104046,"level":"debug","message":"Skipping storing report.","meta":{"rootId":"nhhwoxhe4e3c784","id":"nhhwoxhe4e3c784"},"id":"uwyu2s7jyzmkh8w","previousOperationId":"ruxhxo2g91unvz2"}
{"type":"log","timestamp":1674753104046,"level":"info","message":"Rendering request 17 finished in 2412 ms","meta":{"rootId":"nhhwoxhe4e3c784","id":"nhhwoxhe4e3c784"},"id":"mor8rvtqjphhia9","previousOperationId":"ruxhxo2g91unvz2"}
{"type":"operationEnd","subtype":"render","operationId":"sovt0coimm0dnpz","timestamp":1674753104046,"id":"i44mad8am865zxg","previousEventId":"g1dk7nlzql949um","previousOperationId":"ruxhxo2g91unvz2"}
{"type":"operationEnd","doDiffs":false,"previousEventId":"9hdh8zao228g1p3","previousOperationId":"haz9o4mdjzni382","operationId":"haz9o4mdjzni382","timestamp":1674753104051,"id":"fbikkwams03xb7l"}
