{"type":"operationStart","subtype":"profile","data":{"_id":"TNtxbxNgbmYbVJPR","timestamp":"2023-01-26T16:26:36.958Z","state":"queued","mode":"standard","creationDate":"2023-01-26T16:26:36.960Z","modificationDate":"2023-01-26T16:26:36.960Z","shortid":"Cdn3Ly5","$entitySet":"profiles"},"doDiffs":false,"timestamp":1674750396959,"id":"kwialachsmi2vg6","previousOperationId":null,"operationId":"ezdnfaiqdw7o46d"}
{"type":"log","level":"info","message":"Render request 64 queued for execution and waiting for available worker","previousOperationId":"ezdnfaiqdw7o46d","timestamp":1674750396959,"id":"zu44q694z0779sv"}
{"type":"operationStart","subtype":"render","name":"Data","previousOperationId":"ezdnfaiqdw7o46d","timestamp":1674750396968,"id":"96pih3gkl65psuf","previousEventId":"kwialachsmi2vg6","operationId":"68b1wqeuqt324zi"}
{"type":"log","timestamp":1674750396968,"level":"info","message":"Starting rendering request 64","meta":{"rootId":"nmmy6r783p9q87y","id":"nmmy6r783p9q87y"},"id":"2axn5metgnzf502","previousOperationId":"68b1wqeuqt324zi"}
{"type":"log","timestamp":1674750396969,"level":"info","message":"Rendering template { name: Data, recipe: chrome-pdf, engine: handlebars, preview: true }","meta":{"rootId":"nmmy6r783p9q87y","id":"nmmy6r783p9q87y"},"id":"s3o182tyx7doycf","previousOperationId":"68b1wqeuqt324zi"}
{"type":"log","timestamp":1674750396969,"level":"debug","message":"Data item not defined for this template.","meta":{"rootId":"nmmy6r783p9q87y","id":"nmmy6r783p9q87y"},"id":"884nt7wdlc0cn40","previousOperationId":"68b1wqeuqt324zi"}
{"type":"log","timestamp":1674750396971,"level":"debug","message":"Executing script testing (beforeRender)","meta":{"rootId":"nmmy6r783p9q87y","id":"nmmy6r783p9q87y"},"id":"bomedom2n52d052","previousOperationId":"68b1wqeuqt324zi"}
{"type":"operationStart","subtype":"scriptsBeforeRender","name":"scripts beforeRender","timestamp":1674750397009,"id":"xq1jhql8ljt3s4c","previousEventId":"96pih3gkl65psuf","operationId":"wh2uzxv8po53erd","previousOperationId":"68b1wqeuqt324zi"}
{"type":"operationStart","subtype":"script","name":"scripts testing","previousOperationId":"wh2uzxv8po53erd","timestamp":1674750397009,"id":"n07t6tersd7pag3","previousEventId":"xq1jhql8ljt3s4c","operationId":"d68dvqrrc1bxa7s"}
{"type":"log","timestamp":1674750397237,"level":"debug","message":"(console:log) {\n  location: [ 'Teror', 'Gáldar', 'Las Palmas de Gran Canaria' ],\n  repetition: [ '3', '1', '2' ]\n}","meta":{"userLevel":true,"rootId":"nmmy6r783p9q87y","id":"nmmy6r783p9q87y"},"id":"opnorotr56ketg2","previousOperationId":"d68dvqrrc1bxa7s"}
{"type":"operationEnd","operationId":"d68dvqrrc1bxa7s","timestamp":1674750397628,"id":"pl4qmwacymszutw","previousEventId":"96pih3gkl65psuf","previousOperationId":"68b1wqeuqt324zi"}
{"type":"operationEnd","operationId":"wh2uzxv8po53erd","timestamp":1674750397628,"id":"3qg8a4gjynx6wu8","previousEventId":"pl4qmwacymszutw","previousOperationId":"68b1wqeuqt324zi"}
{"type":"log","timestamp":1674750397628,"level":"debug","message":"Base url not specified, skipping its injection.","meta":{"rootId":"nmmy6r783p9q87y","id":"nmmy6r783p9q87y"},"id":"ed5cx6gqhwryxea","previousOperationId":"wh2uzxv8po53erd"}
{"type":"operationStart","subtype":"engine","name":"handlebars","timestamp":1674750397628,"id":"8dqhr4ugcpr2jzd","previousEventId":"3qg8a4gjynx6wu8","operationId":"2kgrqqmey8wxqx9","previousOperationId":"wh2uzxv8po53erd"}
{"type":"log","timestamp":1674750397628,"level":"debug","message":"Rendering engine handlebars","meta":{"rootId":"nmmy6r783p9q87y","id":"nmmy6r783p9q87y"},"id":"ujewe4oqghorvkz","previousOperationId":"2kgrqqmey8wxqx9"}
{"type":"operationEnd","operationId":"2kgrqqmey8wxqx9","timestamp":1674750397641,"id":"f4s3wwtredxzwho","previousEventId":"8dqhr4ugcpr2jzd","previousOperationId":"2kgrqqmey8wxqx9"}
{"type":"operationStart","subtype":"recipe","name":"chrome-pdf","timestamp":1674750397642,"id":"65s9tosgc582u3y","previousEventId":"f4s3wwtredxzwho","operationId":"6cmytf3ekhvq29n","previousOperationId":"2kgrqqmey8wxqx9"}
{"type":"log","timestamp":1674750397642,"level":"debug","message":"Executing recipe chrome-pdf","meta":{"rootId":"nmmy6r783p9q87y","id":"nmmy6r783p9q87y"},"id":"s48wzcd60frexpg","previousOperationId":"6cmytf3ekhvq29n"}
{"type":"log","timestamp":1674750397644,"level":"debug","message":"Converting with chrome HeadlessChrome/105.0.5173.0 using chrome-pool strategy","meta":{"rootId":"nmmy6r783p9q87y","id":"nmmy6r783p9q87y"},"id":"5415b32hb40piix","previousOperationId":"6cmytf3ekhvq29n"}
{"type":"log","timestamp":1674750397725,"level":"debug","message":"Page request: GET (document) file:///C:/Users/Johan/AppData/Local/Temp/jsreport/autocleanup/a9ea4995-0c40-4f1b-bf2e-f68b84cb345d-chrome-pdf.html","meta":{"rootId":"nmmy6r783p9q87y","id":"nmmy6r783p9q87y"},"id":"tlzh5d84cpaeb73","previousOperationId":"6cmytf3ekhvq29n"}
{"type":"log","timestamp":1674750397745,"level":"debug","message":"Page request: GET (stylesheet) https://cdnjs.cloudflare.com/ajax/libs/metro/4.1.5/css/metro.min.css","meta":{"rootId":"nmmy6r783p9q87y","id":"nmmy6r783p9q87y"},"id":"8a1hf4aof9axgj4","previousOperationId":"6cmytf3ekhvq29n"}
{"type":"log","timestamp":1674750397746,"level":"debug","message":"Page request: GET (stylesheet) https://cdnjs.cloudflare.com/ajax/libs/chartist/0.11.0/chartist.min.css","meta":{"rootId":"nmmy6r783p9q87y","id":"nmmy6r783p9q87y"},"id":"soozhuw2k17yia4","previousOperationId":"6cmytf3ekhvq29n"}
{"type":"log","timestamp":1674750397746,"level":"debug","message":"Page request: GET (script) https://cdnjs.cloudflare.com/ajax/libs/chartist/0.11.0/chartist.min.js","meta":{"rootId":"nmmy6r783p9q87y","id":"nmmy6r783p9q87y"},"id":"5keg0venn38lpyx","previousOperationId":"6cmytf3ekhvq29n"}
{"type":"log","timestamp":1674750397746,"level":"debug","message":"Page request: GET (script) https://unpkg.com/chartist-plugin-tooltips@0.0.17","meta":{"rootId":"nmmy6r783p9q87y","id":"nmmy6r783p9q87y"},"id":"08ya33h984djq2n","previousOperationId":"6cmytf3ekhvq29n"}
{"type":"log","timestamp":1674750397746,"level":"debug","message":"Page request: GET (script) https://unpkg.com/chartist-plugin-pointlabels@0.0.6","meta":{"rootId":"nmmy6r783p9q87y","id":"nmmy6r783p9q87y"},"id":"nafwuwbfs9a4r1g","previousOperationId":"6cmytf3ekhvq29n"}
{"type":"log","timestamp":1674750397747,"level":"debug","message":"Page request finished: GET (document) 200 file:///C:/Users/Johan/AppData/Local/Temp/jsreport/autocleanup/a9ea4995-0c40-4f1b-bf2e-f68b84cb345d-chrome-pdf.html","meta":{"rootId":"nmmy6r783p9q87y","id":"nmmy6r783p9q87y"},"id":"5mwwl16q40kse0o","previousOperationId":"6cmytf3ekhvq29n"}
{"type":"log","timestamp":1674750397752,"level":"debug","message":"Page request finished: GET (stylesheet) 200 https://cdnjs.cloudflare.com/ajax/libs/chartist/0.11.0/chartist.min.css","meta":{"rootId":"nmmy6r783p9q87y","id":"nmmy6r783p9q87y"},"id":"9htqvmzkvfbm599","previousOperationId":"6cmytf3ekhvq29n"}
{"type":"log","timestamp":1674750397752,"level":"warn","message":"Page request failed: GET (script) 302 https://unpkg.com/chartist-plugin-tooltips@0.0.17 (redirect to: /chartist-plugin-tooltips@0.0.17/dist/chartist-plugin-tooltip.js)","meta":{"rootId":"nmmy6r783p9q87y","id":"nmmy6r783p9q87y"},"id":"jmb7xg8r5bz7dot","previousOperationId":"6cmytf3ekhvq29n"}
{"type":"log","timestamp":1674750397752,"level":"debug","message":"Page request: GET (script) https://unpkg.com/chartist-plugin-tooltips@0.0.17/dist/chartist-plugin-tooltip.js (redirect from: https://unpkg.com/chartist-plugin-tooltips@0.0.17)","meta":{"rootId":"nmmy6r783p9q87y","id":"nmmy6r783p9q87y"},"id":"9yyxycl4cwmrupo","previousOperationId":"6cmytf3ekhvq29n"}
{"type":"log","timestamp":1674750397753,"level":"debug","message":"Page request finished: GET (script) 200 https://cdnjs.cloudflare.com/ajax/libs/chartist/0.11.0/chartist.min.js","meta":{"rootId":"nmmy6r783p9q87y","id":"nmmy6r783p9q87y"},"id":"6dx2c8iug2brd2f","previousOperationId":"6cmytf3ekhvq29n"}
{"type":"log","timestamp":1674750397753,"level":"warn","message":"Page request failed: GET (script) 302 https://unpkg.com/chartist-plugin-pointlabels@0.0.6 (redirect to: /chartist-plugin-pointlabels@0.0.6/dist/chartist-plugin-pointlabels.js)","meta":{"rootId":"nmmy6r783p9q87y","id":"nmmy6r783p9q87y"},"id":"nnqw0ztf16htm9w","previousOperationId":"6cmytf3ekhvq29n"}
{"type":"log","timestamp":1674750397753,"level":"debug","message":"Page request: GET (script) https://unpkg.com/chartist-plugin-pointlabels@0.0.6/dist/chartist-plugin-pointlabels.js (redirect from: https://unpkg.com/chartist-plugin-pointlabels@0.0.6)","meta":{"rootId":"nmmy6r783p9q87y","id":"nmmy6r783p9q87y"},"id":"5y119e7lq1xzcnp","previousOperationId":"6cmytf3ekhvq29n"}
{"type":"log","timestamp":1674750397768,"level":"debug","message":"Page request finished: GET (stylesheet) 200 https://cdnjs.cloudflare.com/ajax/libs/metro/4.1.5/css/metro.min.css","meta":{"rootId":"nmmy6r783p9q87y","id":"nmmy6r783p9q87y"},"id":"44d2ckcl5p74r8b","previousOperationId":"6cmytf3ekhvq29n"}
{"type":"log","timestamp":1674750397769,"level":"debug","message":"Page request finished: GET (script) 200 https://unpkg.com/chartist-plugin-tooltips@0.0.17/dist/chartist-plugin-tooltip.js","meta":{"rootId":"nmmy6r783p9q87y","id":"nmmy6r783p9q87y"},"id":"q337lns9ls1g88y","previousOperationId":"6cmytf3ekhvq29n"}
{"type":"log","timestamp":1674750397769,"level":"debug","message":"Page request finished: GET (script) 200 https://unpkg.com/chartist-plugin-pointlabels@0.0.6/dist/chartist-plugin-pointlabels.js","meta":{"rootId":"nmmy6r783p9q87y","id":"nmmy6r783p9q87y"},"id":"7ulaig8uhysah4h","previousOperationId":"6cmytf3ekhvq29n"}
{"type":"log","timestamp":1674750397771,"level":"warn","message":"Page error: SyntaxError: missing ) after argument list","meta":{"rootId":"nmmy6r783p9q87y","id":"nmmy6r783p9q87y"},"id":"fdrl6trjnt9plko","previousOperationId":"6cmytf3ekhvq29n"}
{"type":"log","timestamp":1674750397809,"level":"debug","message":"Running chrome with params {\"printBackground\":true,\"timeout\":59315,\"margin\":{}}","meta":{"rootId":"nmmy6r783p9q87y","id":"nmmy6r783p9q87y"},"id":"pahr5zjqkktlzmm","previousOperationId":"6cmytf3ekhvq29n"}
{"type":"operationEnd","operationId":"6cmytf3ekhvq29n","timestamp":1674750397914,"id":"mz9xem10sfrqc3r","previousEventId":"65s9tosgc582u3y","previousOperationId":"6cmytf3ekhvq29n"}
{"type":"log","timestamp":1674750397914,"level":"debug","message":"Executing script testing (afterRender)","meta":{"rootId":"nmmy6r783p9q87y","id":"nmmy6r783p9q87y"},"id":"o0wvx2526orsfoe","previousOperationId":"6cmytf3ekhvq29n"}
{"type":"operationStart","subtype":"scriptsAfterRender","name":"scripts afterRender","timestamp":1674750397922,"id":"6dzk72kw9cnhto4","previousEventId":"mz9xem10sfrqc3r","operationId":"v3lij8eo7nk98d4","previousOperationId":"6cmytf3ekhvq29n"}
{"type":"operationStart","subtype":"script","name":"scripts testing","previousOperationId":"v3lij8eo7nk98d4","timestamp":1674750397922,"id":"ia2qmcmtk41u5m3","previousEventId":"6dzk72kw9cnhto4","operationId":"55kbz2jmrc2vk2q"}
{"type":"operationEnd","operationId":"55kbz2jmrc2vk2q","timestamp":1674750400025,"id":"t1lz3hqocm5flj1","previousEventId":"mz9xem10sfrqc3r","previousOperationId":"6cmytf3ekhvq29n"}
{"type":"operationEnd","operationId":"v3lij8eo7nk98d4","timestamp":1674750400025,"id":"mo86szyadbolj6i","previousEventId":"t1lz3hqocm5flj1","previousOperationId":"6cmytf3ekhvq29n"}
{"type":"log","timestamp":1674750400025,"level":"debug","message":"Skipping storing report.","meta":{"rootId":"nmmy6r783p9q87y","id":"nmmy6r783p9q87y"},"id":"kpdy3s4uro9yje7","previousOperationId":"v3lij8eo7nk98d4"}
{"type":"log","timestamp":1674750400026,"level":"info","message":"Rendering request 64 finished in 3068 ms","meta":{"rootId":"nmmy6r783p9q87y","id":"nmmy6r783p9q87y"},"id":"wxxxz4ftti2j3oj","previousOperationId":"v3lij8eo7nk98d4"}
{"type":"operationEnd","subtype":"render","operationId":"68b1wqeuqt324zi","timestamp":1674750400026,"id":"qqlucympfgzvxzt","previousEventId":"mo86szyadbolj6i","previousOperationId":"v3lij8eo7nk98d4"}
{"type":"operationEnd","doDiffs":false,"previousEventId":"kwialachsmi2vg6","previousOperationId":"ezdnfaiqdw7o46d","operationId":"ezdnfaiqdw7o46d","timestamp":1674750400029,"id":"p5xiicd3786khku"}
