{"type":"operationStart","subtype":"profile","data":{"_id":"9w9KAPHUfhZxeI3c","timestamp":"2023-01-26T18:25:54.252Z","state":"queued","mode":"standard","creationDate":"2023-01-26T18:25:54.254Z","modificationDate":"2023-01-26T18:25:54.254Z","shortid":"asroScM","$entitySet":"profiles"},"doDiffs":false,"timestamp":1674757554253,"id":"r5zlxoyq14sx7de","previousOperationId":null,"operationId":"4hc6o1eozp52vca"}
{"type":"log","level":"info","message":"Render request 10 queued for execution and waiting for available worker","previousOperationId":"4hc6o1eozp52vca","timestamp":1674757554253,"id":"szxandiysqwetxp"}
{"type":"operationStart","subtype":"render","name":"Data","previousOperationId":"4hc6o1eozp52vca","timestamp":1674757554261,"id":"zht5enxsonvstwx","previousEventId":"r5zlxoyq14sx7de","operationId":"v38xgpv8jfxqozd"}
{"type":"log","timestamp":1674757554261,"level":"info","message":"Starting rendering request 10","meta":{"rootId":"nmzle91m0zebcsn","id":"nmzle91m0zebcsn"},"id":"1bi357z92kbcr6z","previousOperationId":"v38xgpv8jfxqozd"}
{"type":"log","timestamp":1674757554261,"level":"info","message":"Rendering template { name: Data, recipe: chrome-pdf, engine: handlebars, preview: true }","meta":{"rootId":"nmzle91m0zebcsn","id":"nmzle91m0zebcsn"},"id":"wmlmuveg2qsqn1z","previousOperationId":"v38xgpv8jfxqozd"}
{"type":"log","timestamp":1674757554262,"level":"debug","message":"Data item not defined for this template.","meta":{"rootId":"nmzle91m0zebcsn","id":"nmzle91m0zebcsn"},"id":"n68bbugikz7udxy","previousOperationId":"v38xgpv8jfxqozd"}
{"type":"log","timestamp":1674757554263,"level":"debug","message":"Executing script testing (beforeRender)","meta":{"rootId":"nmzle91m0zebcsn","id":"nmzle91m0zebcsn"},"id":"iqys572gpm68hux","previousOperationId":"v38xgpv8jfxqozd"}
{"type":"operationStart","subtype":"scriptsBeforeRender","name":"scripts beforeRender","timestamp":1674757554314,"id":"ftnoh65bwfz0ya6","previousEventId":"zht5enxsonvstwx","operationId":"xp2h21elv47m8qo","previousOperationId":"v38xgpv8jfxqozd"}
{"type":"operationStart","subtype":"script","name":"scripts testing","previousOperationId":"xp2h21elv47m8qo","timestamp":1674757554314,"id":"f688mba2mcz71w3","previousEventId":"ftnoh65bwfz0ya6","operationId":"dk9979a93a0zehj"}
{"type":"log","timestamp":1674757554540,"level":"debug","message":"(console:log) Sin cuidado: [object Object]","meta":{"userLevel":true,"rootId":"nmzle91m0zebcsn","id":"nmzle91m0zebcsn"},"id":"tjgnvd3a9q7rq1q","previousOperationId":"dk9979a93a0zehj"}
{"type":"log","timestamp":1674757554540,"level":"debug","message":"(console:log) Sin cuidado: Arucas,Galdar,Teror","meta":{"userLevel":true,"rootId":"nmzle91m0zebcsn","id":"nmzle91m0zebcsn"},"id":"j60kh68nvv7sng7","previousOperationId":"dk9979a93a0zehj"}
{"type":"log","timestamp":1674757554540,"level":"debug","message":"(console:log) Sin cuidado: 2,1,3","meta":{"userLevel":true,"rootId":"nmzle91m0zebcsn","id":"nmzle91m0zebcsn"},"id":"kzuqbzalb7gmldk","previousOperationId":"dk9979a93a0zehj"}
{"type":"operationEnd","operationId":"dk9979a93a0zehj","timestamp":1674757554940,"id":"b0lmnbj9mypgj5w","previousEventId":"zht5enxsonvstwx","previousOperationId":"v38xgpv8jfxqozd"}
{"type":"operationEnd","operationId":"xp2h21elv47m8qo","timestamp":1674757554940,"id":"pz6t2u14a96l52n","previousEventId":"b0lmnbj9mypgj5w","previousOperationId":"v38xgpv8jfxqozd"}
{"type":"log","timestamp":1674757554940,"level":"debug","message":"Base url not specified, skipping its injection.","meta":{"rootId":"nmzle91m0zebcsn","id":"nmzle91m0zebcsn"},"id":"39jm1ofw3o48nb5","previousOperationId":"xp2h21elv47m8qo"}
{"type":"operationStart","subtype":"engine","name":"handlebars","timestamp":1674757554940,"id":"2mpv13v3ulwi2mt","previousEventId":"pz6t2u14a96l52n","operationId":"zy4ydxvya1d4yed","previousOperationId":"xp2h21elv47m8qo"}
{"type":"log","timestamp":1674757554940,"level":"debug","message":"Rendering engine handlebars","meta":{"rootId":"nmzle91m0zebcsn","id":"nmzle91m0zebcsn"},"id":"mive7s3ofhs8h1l","previousOperationId":"zy4ydxvya1d4yed"}
{"type":"operationEnd","operationId":"zy4ydxvya1d4yed","timestamp":1674757554948,"id":"ni1utmaeajfleqt","previousEventId":"2mpv13v3ulwi2mt","previousOperationId":"zy4ydxvya1d4yed"}
{"type":"operationStart","subtype":"recipe","name":"chrome-pdf","timestamp":1674757554949,"id":"v8c13q5ngtlyueb","previousEventId":"ni1utmaeajfleqt","operationId":"txdofubxblghrfv","previousOperationId":"zy4ydxvya1d4yed"}
{"type":"log","timestamp":1674757554949,"level":"debug","message":"Executing recipe chrome-pdf","meta":{"rootId":"nmzle91m0zebcsn","id":"nmzle91m0zebcsn"},"id":"55qv6vo4t8hsmm8","previousOperationId":"txdofubxblghrfv"}
{"type":"log","timestamp":1674757554951,"level":"debug","message":"Converting with chrome HeadlessChrome/105.0.5173.0 using chrome-pool strategy","meta":{"rootId":"nmzle91m0zebcsn","id":"nmzle91m0zebcsn"},"id":"r1hm116cb5l3ns1","previousOperationId":"txdofubxblghrfv"}
{"type":"log","timestamp":1674757555032,"level":"debug","message":"Page request: GET (document) file:///C:/Users/Johan/AppData/Local/Temp/jsreport/autocleanup/e5dd16cb-98fe-436b-86e0-ef6e9acde03d-chrome-pdf.html","meta":{"rootId":"nmzle91m0zebcsn","id":"nmzle91m0zebcsn"},"id":"wfop9icn79wil2y","previousOperationId":"txdofubxblghrfv"}
{"type":"log","timestamp":1674757555054,"level":"debug","message":"Page request finished: GET (document) 200 file:///C:/Users/Johan/AppData/Local/Temp/jsreport/autocleanup/e5dd16cb-98fe-436b-86e0-ef6e9acde03d-chrome-pdf.html","meta":{"rootId":"nmzle91m0zebcsn","id":"nmzle91m0zebcsn"},"id":"rbaxi4e7w7tet17","previousOperationId":"txdofubxblghrfv"}
{"type":"log","timestamp":1674757555054,"level":"debug","message":"Page request: GET (stylesheet) https://cdnjs.cloudflare.com/ajax/libs/metro/4.1.5/css/metro.min.css","meta":{"rootId":"nmzle91m0zebcsn","id":"nmzle91m0zebcsn"},"id":"100h12ohoe21equ","previousOperationId":"txdofubxblghrfv"}
{"type":"log","timestamp":1674757555054,"level":"debug","message":"Page request: GET (stylesheet) https://cdnjs.cloudflare.com/ajax/libs/chartist/0.11.0/chartist.min.css","meta":{"rootId":"nmzle91m0zebcsn","id":"nmzle91m0zebcsn"},"id":"ufa6gsrgcby5hcb","previousOperationId":"txdofubxblghrfv"}
{"type":"log","timestamp":1674757555054,"level":"debug","message":"Page request: GET (script) https://cdnjs.cloudflare.com/ajax/libs/chartist/0.11.0/chartist.min.js","meta":{"rootId":"nmzle91m0zebcsn","id":"nmzle91m0zebcsn"},"id":"a1gvku3r8qwplck","previousOperationId":"txdofubxblghrfv"}
{"type":"log","timestamp":1674757555055,"level":"debug","message":"Page request: GET (script) https://unpkg.com/chartist-plugin-tooltips@0.0.17","meta":{"rootId":"nmzle91m0zebcsn","id":"nmzle91m0zebcsn"},"id":"qxh3dnd68636h31","previousOperationId":"txdofubxblghrfv"}
{"type":"log","timestamp":1674757555055,"level":"debug","message":"Page request: GET (script) https://unpkg.com/chartist-plugin-pointlabels@0.0.6","meta":{"rootId":"nmzle91m0zebcsn","id":"nmzle91m0zebcsn"},"id":"xy74u9refq17fkt","previousOperationId":"txdofubxblghrfv"}
{"type":"log","timestamp":1674757555060,"level":"debug","message":"Page request finished: GET (stylesheet) 200 https://cdnjs.cloudflare.com/ajax/libs/chartist/0.11.0/chartist.min.css","meta":{"rootId":"nmzle91m0zebcsn","id":"nmzle91m0zebcsn"},"id":"0qt6k4u9s8ikbzm","previousOperationId":"txdofubxblghrfv"}
{"type":"log","timestamp":1674757555062,"level":"warn","message":"Page request failed: GET (script) 302 https://unpkg.com/chartist-plugin-tooltips@0.0.17 (redirect to: /chartist-plugin-tooltips@0.0.17/dist/chartist-plugin-tooltip.js)","meta":{"rootId":"nmzle91m0zebcsn","id":"nmzle91m0zebcsn"},"id":"raub4su7t80dpfq","previousOperationId":"txdofubxblghrfv"}
{"type":"log","timestamp":1674757555062,"level":"warn","message":"Page request failed: GET (script) 302 https://unpkg.com/chartist-plugin-pointlabels@0.0.6 (redirect to: /chartist-plugin-pointlabels@0.0.6/dist/chartist-plugin-pointlabels.js)","meta":{"rootId":"nmzle91m0zebcsn","id":"nmzle91m0zebcsn"},"id":"o1tp6qim7ijhmar","previousOperationId":"txdofubxblghrfv"}
{"type":"log","timestamp":1674757555062,"level":"debug","message":"Page request finished: GET (script) 200 https://cdnjs.cloudflare.com/ajax/libs/chartist/0.11.0/chartist.min.js","meta":{"rootId":"nmzle91m0zebcsn","id":"nmzle91m0zebcsn"},"id":"deej3mg0txk1ge6","previousOperationId":"txdofubxblghrfv"}
{"type":"log","timestamp":1674757555062,"level":"debug","message":"Page request: GET (script) https://unpkg.com/chartist-plugin-tooltips@0.0.17/dist/chartist-plugin-tooltip.js (redirect from: https://unpkg.com/chartist-plugin-tooltips@0.0.17)","meta":{"rootId":"nmzle91m0zebcsn","id":"nmzle91m0zebcsn"},"id":"jh9qfnhfsvm0p7j","previousOperationId":"txdofubxblghrfv"}
{"type":"log","timestamp":1674757555063,"level":"debug","message":"Page request: GET (script) https://unpkg.com/chartist-plugin-pointlabels@0.0.6/dist/chartist-plugin-pointlabels.js (redirect from: https://unpkg.com/chartist-plugin-pointlabels@0.0.6)","meta":{"rootId":"nmzle91m0zebcsn","id":"nmzle91m0zebcsn"},"id":"rtd670epr11i2g4","previousOperationId":"txdofubxblghrfv"}
{"type":"log","timestamp":1674757555077,"level":"debug","message":"Page request finished: GET (stylesheet) 200 https://cdnjs.cloudflare.com/ajax/libs/metro/4.1.5/css/metro.min.css","meta":{"rootId":"nmzle91m0zebcsn","id":"nmzle91m0zebcsn"},"id":"rpe2r86dlr8jdhr","previousOperationId":"txdofubxblghrfv"}
{"type":"log","timestamp":1674757555079,"level":"debug","message":"Page request finished: GET (script) 200 https://unpkg.com/chartist-plugin-tooltips@0.0.17/dist/chartist-plugin-tooltip.js","meta":{"rootId":"nmzle91m0zebcsn","id":"nmzle91m0zebcsn"},"id":"jnil12id24ikk02","previousOperationId":"txdofubxblghrfv"}
{"type":"log","timestamp":1674757555080,"level":"debug","message":"Page request finished: GET (script) 200 https://unpkg.com/chartist-plugin-pointlabels@0.0.6/dist/chartist-plugin-pointlabels.js","meta":{"rootId":"nmzle91m0zebcsn","id":"nmzle91m0zebcsn"},"id":"729k7oi8n2pa68z","previousOperationId":"txdofubxblghrfv"}
{"type":"log","timestamp":1674757555081,"level":"debug","message":"(console:log) Me he venido","meta":{"userLevel":true,"rootId":"nmzle91m0zebcsn","id":"nmzle91m0zebcsn"},"id":"weuxsf85etdsd92","previousOperationId":"txdofubxblghrfv"}
{"type":"log","timestamp":1674757555082,"level":"debug","message":"(console:log) Cuidado: 2,1,3","meta":{"userLevel":true,"rootId":"nmzle91m0zebcsn","id":"nmzle91m0zebcsn"},"id":"383sqsjbzlshtdt","previousOperationId":"txdofubxblghrfv"}
{"type":"log","timestamp":1674757555082,"level":"warn","message":"Page error: ReferenceError: Arucas is not defined\n    at file:///C:/Users/Johan/AppData/Local/Temp/jsreport/autocleanup/e5dd16cb-98fe-436b-86e0-ef6e9acde03d-chrome-pdf.html:56:32","meta":{"rootId":"nmzle91m0zebcsn","id":"nmzle91m0zebcsn"},"id":"93dpc38zchonevy","previousOperationId":"txdofubxblghrfv"}
{"type":"log","timestamp":1674757555117,"level":"debug","message":"Running chrome with params {\"printBackground\":true,\"timeout\":59301,\"margin\":{}}","meta":{"rootId":"nmzle91m0zebcsn","id":"nmzle91m0zebcsn"},"id":"sk51ixg8nib5ud7","previousOperationId":"txdofubxblghrfv"}
{"type":"operationEnd","operationId":"txdofubxblghrfv","timestamp":1674757555228,"id":"dx32xqjz4j41eg0","previousEventId":"v8c13q5ngtlyueb","previousOperationId":"txdofubxblghrfv"}
{"type":"log","timestamp":1674757555228,"level":"debug","message":"Executing script testing (afterRender)","meta":{"rootId":"nmzle91m0zebcsn","id":"nmzle91m0zebcsn"},"id":"r0nmyhqjgu9bgp1","previousOperationId":"txdofubxblghrfv"}
{"type":"operationStart","subtype":"scriptsAfterRender","name":"scripts afterRender","timestamp":1674757555236,"id":"nc492t7a38nyy6k","previousEventId":"dx32xqjz4j41eg0","operationId":"2hdx15pj14ltpyq","previousOperationId":"txdofubxblghrfv"}
{"type":"operationStart","subtype":"script","name":"scripts testing","previousOperationId":"2hdx15pj14ltpyq","timestamp":1674757555236,"id":"rnlrvcn2r8cttgf","previousEventId":"nc492t7a38nyy6k","operationId":"jatmi8csg7mokhv"}
{"type":"operationEnd","operationId":"jatmi8csg7mokhv","timestamp":1674757556362,"id":"g7fe6nmc00p5nwr","previousEventId":"dx32xqjz4j41eg0","previousOperationId":"txdofubxblghrfv"}
{"type":"operationEnd","operationId":"2hdx15pj14ltpyq","timestamp":1674757556362,"id":"gc51ddxv9fhhgy7","previousEventId":"g7fe6nmc00p5nwr","previousOperationId":"txdofubxblghrfv"}
{"type":"log","timestamp":1674757556362,"level":"debug","message":"Skipping storing report.","meta":{"rootId":"nmzle91m0zebcsn","id":"nmzle91m0zebcsn"},"id":"gyk67n2cthqf39a","previousOperationId":"2hdx15pj14ltpyq"}
{"type":"log","timestamp":1674757556363,"level":"info","message":"Rendering request 10 finished in 2112 ms","meta":{"rootId":"nmzle91m0zebcsn","id":"nmzle91m0zebcsn"},"id":"qevffshzgj43bqr","previousOperationId":"2hdx15pj14ltpyq"}
{"type":"operationEnd","subtype":"render","operationId":"v38xgpv8jfxqozd","timestamp":1674757556363,"id":"g3un2g8gqpl2um3","previousEventId":"gc51ddxv9fhhgy7","previousOperationId":"2hdx15pj14ltpyq"}
{"type":"operationEnd","doDiffs":false,"previousEventId":"r5zlxoyq14sx7de","previousOperationId":"4hc6o1eozp52vca","operationId":"4hc6o1eozp52vca","timestamp":1674757556367,"id":"gwtconjo6t7xlc3"}
