{"type":"operationStart","subtype":"profile","data":{"_id":"00SPnVGz03XfYFSy","timestamp":"2023-01-26T16:52:38.211Z","state":"queued","mode":"standard","creationDate":"2023-01-26T16:52:38.213Z","modificationDate":"2023-01-26T16:52:38.213Z","shortid":"satmVSM","$entitySet":"profiles"},"doDiffs":false,"timestamp":1674751958212,"id":"67jdgbhhwjqkg8a","previousOperationId":null,"operationId":"uq75phg39z2uflf"}
{"type":"log","level":"info","message":"Render request 9 queued for execution and waiting for available worker","previousOperationId":"uq75phg39z2uflf","timestamp":1674751958212,"id":"eb49tg2k1imv6cl"}
{"type":"operationStart","subtype":"render","name":"Data","previousOperationId":"uq75phg39z2uflf","timestamp":1674751958224,"id":"gofzyqgiwrthiei","previousEventId":"67jdgbhhwjqkg8a","operationId":"3zu76r3t1ocwvnf"}
{"type":"log","timestamp":1674751958224,"level":"info","message":"Starting rendering request 9","meta":{"rootId":"nrp2y0v6jtv0vxw","id":"nrp2y0v6jtv0vxw"},"id":"bopzh2bl6mg6p46","previousOperationId":"3zu76r3t1ocwvnf"}
{"type":"log","timestamp":1674751958224,"level":"info","message":"Rendering template { name: Data, recipe: chrome-pdf, engine: handlebars, preview: true }","meta":{"rootId":"nrp2y0v6jtv0vxw","id":"nrp2y0v6jtv0vxw"},"id":"ka87vl8v34njec5","previousOperationId":"3zu76r3t1ocwvnf"}
{"type":"log","timestamp":1674751958225,"level":"debug","message":"Data item not defined for this template.","meta":{"rootId":"nrp2y0v6jtv0vxw","id":"nrp2y0v6jtv0vxw"},"id":"u3qm7bmwi4elbm4","previousOperationId":"3zu76r3t1ocwvnf"}
{"type":"log","timestamp":1674751958230,"level":"debug","message":"Executing script testing (beforeRender)","meta":{"rootId":"nrp2y0v6jtv0vxw","id":"nrp2y0v6jtv0vxw"},"id":"nmuzgmyfw3ny5rk","previousOperationId":"3zu76r3t1ocwvnf"}
{"type":"operationStart","subtype":"scriptsBeforeRender","name":"scripts beforeRender","timestamp":1674751958286,"id":"dnbohuv5ugpj069","previousEventId":"gofzyqgiwrthiei","operationId":"xrpv29497xbq7wn","previousOperationId":"3zu76r3t1ocwvnf"}
{"type":"operationStart","subtype":"script","name":"scripts testing","previousOperationId":"xrpv29497xbq7wn","timestamp":1674751958286,"id":"hzzf8iwgg0c7ith","previousEventId":"dnbohuv5ugpj069","operationId":"44oyt6l9keau7a6"}
{"type":"log","timestamp":1674751958502,"level":"debug","message":"(console:log) {\n  locationName: [ 'Las Palmas de Gran Canaria', 'Galdar', 'Teror' ],\n  repetition: [ '2', '1', '3' ]\n}","meta":{"userLevel":true,"rootId":"nrp2y0v6jtv0vxw","id":"nrp2y0v6jtv0vxw"},"id":"bnyfu38agvvb62i","previousOperationId":"44oyt6l9keau7a6"}
{"type":"log","timestamp":1674751958502,"level":"debug","message":"(console:log) [ 'Las Palmas de Gran Canaria', 'Galdar', 'Teror' ]","meta":{"userLevel":true,"rootId":"nrp2y0v6jtv0vxw","id":"nrp2y0v6jtv0vxw"},"id":"jaswpfg0zmapfe7","previousOperationId":"44oyt6l9keau7a6"}
{"type":"log","timestamp":1674751958502,"level":"debug","message":"(console:log) [ '2', '1', '3' ]","meta":{"userLevel":true,"rootId":"nrp2y0v6jtv0vxw","id":"nrp2y0v6jtv0vxw"},"id":"2t41n4212az760s","previousOperationId":"44oyt6l9keau7a6"}
{"type":"operationEnd","operationId":"44oyt6l9keau7a6","timestamp":1674751958914,"id":"2zi01roame1gd6a","previousEventId":"gofzyqgiwrthiei","previousOperationId":"3zu76r3t1ocwvnf"}
{"type":"operationEnd","operationId":"xrpv29497xbq7wn","timestamp":1674751958914,"id":"mgjp0g4qn8el39j","previousEventId":"2zi01roame1gd6a","previousOperationId":"3zu76r3t1ocwvnf"}
{"type":"log","timestamp":1674751958914,"level":"debug","message":"Base url not specified, skipping its injection.","meta":{"rootId":"nrp2y0v6jtv0vxw","id":"nrp2y0v6jtv0vxw"},"id":"39nldhzrhqvcc1u","previousOperationId":"xrpv29497xbq7wn"}
{"type":"operationStart","subtype":"engine","name":"handlebars","timestamp":1674751958914,"id":"ojd13nybxq8soge","previousEventId":"mgjp0g4qn8el39j","operationId":"4peyr4936krle0s","previousOperationId":"xrpv29497xbq7wn"}
{"type":"log","timestamp":1674751958914,"level":"debug","message":"Rendering engine handlebars","meta":{"rootId":"nrp2y0v6jtv0vxw","id":"nrp2y0v6jtv0vxw"},"id":"aaf8ifoswrwot8r","previousOperationId":"4peyr4936krle0s"}
{"type":"operationEnd","operationId":"4peyr4936krle0s","timestamp":1674751958927,"id":"p1vv1mj1mfkxys5","previousEventId":"ojd13nybxq8soge","previousOperationId":"4peyr4936krle0s"}
{"type":"operationStart","subtype":"recipe","name":"chrome-pdf","timestamp":1674751958927,"id":"o2aziris7pcef3v","previousEventId":"p1vv1mj1mfkxys5","operationId":"6toeyetadmqupvf","previousOperationId":"4peyr4936krle0s"}
{"type":"log","timestamp":1674751958927,"level":"debug","message":"Executing recipe chrome-pdf","meta":{"rootId":"nrp2y0v6jtv0vxw","id":"nrp2y0v6jtv0vxw"},"id":"r48i45sij2vug4v","previousOperationId":"6toeyetadmqupvf"}
{"type":"log","timestamp":1674751958930,"level":"debug","message":"Converting with chrome HeadlessChrome/105.0.5173.0 using chrome-pool strategy","meta":{"rootId":"nrp2y0v6jtv0vxw","id":"nrp2y0v6jtv0vxw"},"id":"m27y8hh5gag86vk","previousOperationId":"6toeyetadmqupvf"}
{"type":"log","timestamp":1674751959030,"level":"debug","message":"Page request: GET (document) file:///C:/Users/Johan/AppData/Local/Temp/jsreport/autocleanup/5a67a2db-7127-4bb3-82e9-4672552d2718-chrome-pdf.html","meta":{"rootId":"nrp2y0v6jtv0vxw","id":"nrp2y0v6jtv0vxw"},"id":"htqzsar8jhtzao5","previousOperationId":"6toeyetadmqupvf"}
{"type":"log","timestamp":1674751959053,"level":"debug","message":"Page request finished: GET (document) 200 file:///C:/Users/Johan/AppData/Local/Temp/jsreport/autocleanup/5a67a2db-7127-4bb3-82e9-4672552d2718-chrome-pdf.html","meta":{"rootId":"nrp2y0v6jtv0vxw","id":"nrp2y0v6jtv0vxw"},"id":"vixij0ktwxdasy7","previousOperationId":"6toeyetadmqupvf"}
{"type":"log","timestamp":1674751959053,"level":"debug","message":"Page request: GET (stylesheet) https://cdnjs.cloudflare.com/ajax/libs/metro/4.1.5/css/metro.min.css","meta":{"rootId":"nrp2y0v6jtv0vxw","id":"nrp2y0v6jtv0vxw"},"id":"5yqklp80er9fky3","previousOperationId":"6toeyetadmqupvf"}
{"type":"log","timestamp":1674751959053,"level":"debug","message":"Page request: GET (stylesheet) https://cdnjs.cloudflare.com/ajax/libs/chartist/0.11.0/chartist.min.css","meta":{"rootId":"nrp2y0v6jtv0vxw","id":"nrp2y0v6jtv0vxw"},"id":"lg6c7kf7qkr2cbc","previousOperationId":"6toeyetadmqupvf"}
{"type":"log","timestamp":1674751959053,"level":"debug","message":"Page request: GET (script) https://cdnjs.cloudflare.com/ajax/libs/chartist/0.11.0/chartist.min.js","meta":{"rootId":"nrp2y0v6jtv0vxw","id":"nrp2y0v6jtv0vxw"},"id":"8o1lvqeki4ptqgk","previousOperationId":"6toeyetadmqupvf"}
{"type":"log","timestamp":1674751959054,"level":"debug","message":"Page request: GET (script) https://unpkg.com/chartist-plugin-tooltips@0.0.17","meta":{"rootId":"nrp2y0v6jtv0vxw","id":"nrp2y0v6jtv0vxw"},"id":"sgmas454inf2pqp","previousOperationId":"6toeyetadmqupvf"}
{"type":"log","timestamp":1674751959054,"level":"debug","message":"Page request: GET (script) https://unpkg.com/chartist-plugin-pointlabels@0.0.6","meta":{"rootId":"nrp2y0v6jtv0vxw","id":"nrp2y0v6jtv0vxw"},"id":"mfv16yh7lsiscv4","previousOperationId":"6toeyetadmqupvf"}
{"type":"log","timestamp":1674751959058,"level":"warn","message":"Page request failed: GET (script) 302 https://unpkg.com/chartist-plugin-tooltips@0.0.17 (redirect to: /chartist-plugin-tooltips@0.0.17/dist/chartist-plugin-tooltip.js)","meta":{"rootId":"nrp2y0v6jtv0vxw","id":"nrp2y0v6jtv0vxw"},"id":"0op9h8c46cmflzi","previousOperationId":"6toeyetadmqupvf"}
{"type":"log","timestamp":1674751959058,"level":"debug","message":"Page request: GET (script) https://unpkg.com/chartist-plugin-tooltips@0.0.17/dist/chartist-plugin-tooltip.js (redirect from: https://unpkg.com/chartist-plugin-tooltips@0.0.17)","meta":{"rootId":"nrp2y0v6jtv0vxw","id":"nrp2y0v6jtv0vxw"},"id":"a5fbytrlsi7wxdx","previousOperationId":"6toeyetadmqupvf"}
{"type":"log","timestamp":1674751959060,"level":"debug","message":"Page request finished: GET (stylesheet) 200 https://cdnjs.cloudflare.com/ajax/libs/chartist/0.11.0/chartist.min.css","meta":{"rootId":"nrp2y0v6jtv0vxw","id":"nrp2y0v6jtv0vxw"},"id":"rnpaslqu957i7ky","previousOperationId":"6toeyetadmqupvf"}
{"type":"log","timestamp":1674751959061,"level":"warn","message":"Page request failed: GET (script) 302 https://unpkg.com/chartist-plugin-pointlabels@0.0.6 (redirect to: /chartist-plugin-pointlabels@0.0.6/dist/chartist-plugin-pointlabels.js)","meta":{"rootId":"nrp2y0v6jtv0vxw","id":"nrp2y0v6jtv0vxw"},"id":"9wj66di9vfq5je8","previousOperationId":"6toeyetadmqupvf"}
{"type":"log","timestamp":1674751959061,"level":"debug","message":"Page request: GET (script) https://unpkg.com/chartist-plugin-pointlabels@0.0.6/dist/chartist-plugin-pointlabels.js (redirect from: https://unpkg.com/chartist-plugin-pointlabels@0.0.6)","meta":{"rootId":"nrp2y0v6jtv0vxw","id":"nrp2y0v6jtv0vxw"},"id":"52hbfbkqngpbak7","previousOperationId":"6toeyetadmqupvf"}
{"type":"log","timestamp":1674751959077,"level":"debug","message":"Page request finished: GET (stylesheet) 200 https://cdnjs.cloudflare.com/ajax/libs/metro/4.1.5/css/metro.min.css","meta":{"rootId":"nrp2y0v6jtv0vxw","id":"nrp2y0v6jtv0vxw"},"id":"34i0ivu436bfskr","previousOperationId":"6toeyetadmqupvf"}
{"type":"log","timestamp":1674751959078,"level":"debug","message":"Page request finished: GET (script) 200 https://cdnjs.cloudflare.com/ajax/libs/chartist/0.11.0/chartist.min.js","meta":{"rootId":"nrp2y0v6jtv0vxw","id":"nrp2y0v6jtv0vxw"},"id":"2i71p3ltw45gxkj","previousOperationId":"6toeyetadmqupvf"}
{"type":"log","timestamp":1674751959080,"level":"debug","message":"Page request finished: GET (script) 200 https://unpkg.com/chartist-plugin-tooltips@0.0.17/dist/chartist-plugin-tooltip.js","meta":{"rootId":"nrp2y0v6jtv0vxw","id":"nrp2y0v6jtv0vxw"},"id":"cjwt0kpe0gh4e69","previousOperationId":"6toeyetadmqupvf"}
{"type":"log","timestamp":1674751959081,"level":"debug","message":"Page request finished: GET (script) 200 https://unpkg.com/chartist-plugin-pointlabels@0.0.6/dist/chartist-plugin-pointlabels.js","meta":{"rootId":"nrp2y0v6jtv0vxw","id":"nrp2y0v6jtv0vxw"},"id":"c9v0ys65zwx8qti","previousOperationId":"6toeyetadmqupvf"}
{"type":"log","timestamp":1674751959085,"level":"debug","message":"(console:log) Me he venido","meta":{"userLevel":true,"rootId":"nrp2y0v6jtv0vxw","id":"nrp2y0v6jtv0vxw"},"id":"n7l3elpj21lh2nm","previousOperationId":"6toeyetadmqupvf"}
{"type":"log","timestamp":1674751959085,"level":"debug","message":"(console:log) JSHandle@array","meta":{"userLevel":true,"rootId":"nrp2y0v6jtv0vxw","id":"nrp2y0v6jtv0vxw"},"id":"b6jxq6mdcbdq6yz","previousOperationId":"6toeyetadmqupvf"}
{"type":"log","timestamp":1674751959085,"level":"debug","message":"(console:log) JSHandle@array","meta":{"userLevel":true,"rootId":"nrp2y0v6jtv0vxw","id":"nrp2y0v6jtv0vxw"},"id":"auer36wcc94m7xo","previousOperationId":"6toeyetadmqupvf"}
{"type":"log","timestamp":1674751959147,"level":"debug","message":"Running chrome with params {\"printBackground\":true,\"timeout\":59282,\"margin\":{}}","meta":{"rootId":"nrp2y0v6jtv0vxw","id":"nrp2y0v6jtv0vxw"},"id":"h82riqpo15z49r4","previousOperationId":"6toeyetadmqupvf"}
{"type":"operationEnd","operationId":"6toeyetadmqupvf","timestamp":1674751959301,"id":"3l52zn6jbw7rxuj","previousEventId":"o2aziris7pcef3v","previousOperationId":"6toeyetadmqupvf"}
{"type":"log","timestamp":1674751959301,"level":"debug","message":"Executing script testing (afterRender)","meta":{"rootId":"nrp2y0v6jtv0vxw","id":"nrp2y0v6jtv0vxw"},"id":"ao1uxbzsj4bqqyh","previousOperationId":"6toeyetadmqupvf"}
{"type":"operationStart","subtype":"scriptsAfterRender","name":"scripts afterRender","timestamp":1674751959310,"id":"wynt5xc1bxy156e","previousEventId":"3l52zn6jbw7rxuj","operationId":"ra8wf09gne1hzjy","previousOperationId":"6toeyetadmqupvf"}
{"type":"operationStart","subtype":"script","name":"scripts testing","previousOperationId":"ra8wf09gne1hzjy","timestamp":1674751959310,"id":"t7k9nvmzfprogau","previousEventId":"wynt5xc1bxy156e","operationId":"fcpow2op59irpmn"}
{"type":"operationEnd","operationId":"fcpow2op59irpmn","timestamp":1674751960333,"id":"i6kprwxy634y0f9","previousEventId":"3l52zn6jbw7rxuj","previousOperationId":"6toeyetadmqupvf"}
{"type":"operationEnd","operationId":"ra8wf09gne1hzjy","timestamp":1674751960333,"id":"v34w6brb0b8z07p","previousEventId":"i6kprwxy634y0f9","previousOperationId":"6toeyetadmqupvf"}
{"type":"log","timestamp":1674751960333,"level":"debug","message":"Skipping storing report.","meta":{"rootId":"nrp2y0v6jtv0vxw","id":"nrp2y0v6jtv0vxw"},"id":"i7cnl81dqjut0j1","previousOperationId":"ra8wf09gne1hzjy"}
{"type":"log","timestamp":1674751960333,"level":"info","message":"Rendering request 9 finished in 2122 ms","meta":{"rootId":"nrp2y0v6jtv0vxw","id":"nrp2y0v6jtv0vxw"},"id":"3n9gjf7oonr82u8","previousOperationId":"ra8wf09gne1hzjy"}
{"type":"operationEnd","subtype":"render","operationId":"3zu76r3t1ocwvnf","timestamp":1674751960333,"id":"vbfb7myu6j5pfsn","previousEventId":"v34w6brb0b8z07p","previousOperationId":"ra8wf09gne1hzjy"}
{"type":"operationEnd","doDiffs":false,"previousEventId":"67jdgbhhwjqkg8a","previousOperationId":"uq75phg39z2uflf","operationId":"uq75phg39z2uflf","timestamp":1674751960338,"id":"3eafn4jbg00t1yv"}
