{"type":"operationStart","subtype":"profile","data":{"_id":"G7WF1Wc32C9V85Ja","timestamp":"2023-01-26T18:23:47.632Z","state":"queued","mode":"standard","creationDate":"2023-01-26T18:23:47.635Z","modificationDate":"2023-01-26T18:23:47.635Z","shortid":"aA1sV97","$entitySet":"profiles"},"doDiffs":false,"timestamp":1674757427632,"id":"ckfkx68cu9s8hqj","previousOperationId":null,"operationId":"keq5gia4boft1d0"}
{"type":"log","level":"info","message":"Render request 8 queued for execution and waiting for available worker","previousOperationId":"keq5gia4boft1d0","timestamp":1674757427634,"id":"b439lx5wzrg2ty6"}
{"type":"operationStart","subtype":"render","name":"Data","previousOperationId":"keq5gia4boft1d0","timestamp":1674757427646,"id":"sob941a1bf3h4z6","previousEventId":"ckfkx68cu9s8hqj","operationId":"loxtz08ublvk7rx"}
{"type":"log","timestamp":1674757427646,"level":"info","message":"Starting rendering request 8","meta":{"rootId":"ns0obebxd5edgvb","id":"ns0obebxd5edgvb"},"id":"olyrkf0rpuizjr8","previousOperationId":"loxtz08ublvk7rx"}
{"type":"log","timestamp":1674757427647,"level":"info","message":"Rendering template { name: Data, recipe: chrome-pdf, engine: handlebars, preview: true }","meta":{"rootId":"ns0obebxd5edgvb","id":"ns0obebxd5edgvb"},"id":"orte2vsk1fd0qjk","previousOperationId":"loxtz08ublvk7rx"}
{"type":"log","timestamp":1674757427648,"level":"debug","message":"Data item not defined for this template.","meta":{"rootId":"ns0obebxd5edgvb","id":"ns0obebxd5edgvb"},"id":"bjg3wa8nbpudnca","previousOperationId":"loxtz08ublvk7rx"}
{"type":"log","timestamp":1674757427650,"level":"debug","message":"Executing script testing (beforeRender)","meta":{"rootId":"ns0obebxd5edgvb","id":"ns0obebxd5edgvb"},"id":"dz47llj4ylv4mwr","previousOperationId":"loxtz08ublvk7rx"}
{"type":"operationStart","subtype":"scriptsBeforeRender","name":"scripts beforeRender","timestamp":1674757427695,"id":"082iua36jrkl3ja","previousEventId":"sob941a1bf3h4z6","operationId":"54s5q5ifr0fjaxu","previousOperationId":"loxtz08ublvk7rx"}
{"type":"operationStart","subtype":"script","name":"scripts testing","previousOperationId":"54s5q5ifr0fjaxu","timestamp":1674757427695,"id":"4n60qmielfppotn","previousEventId":"082iua36jrkl3ja","operationId":"ym5txdkd0hdvp3q"}
{"type":"log","timestamp":1674757427924,"level":"debug","message":"(console:log) [ '2', '1', '3' ]","meta":{"userLevel":true,"rootId":"ns0obebxd5edgvb","id":"ns0obebxd5edgvb"},"id":"ibkoaniv53dmwdf","previousOperationId":"ym5txdkd0hdvp3q"}
{"type":"log","timestamp":1674757427924,"level":"debug","message":"(console:log) [ 'Arucas', 'Galdar', 'Teror' ]","meta":{"userLevel":true,"rootId":"ns0obebxd5edgvb","id":"ns0obebxd5edgvb"},"id":"j049t269xwwo55x","previousOperationId":"ym5txdkd0hdvp3q"}
{"type":"operationEnd","operationId":"ym5txdkd0hdvp3q","timestamp":1674757428337,"id":"rc24h0scku10a8j","previousEventId":"sob941a1bf3h4z6","previousOperationId":"loxtz08ublvk7rx"}
{"type":"operationEnd","operationId":"54s5q5ifr0fjaxu","timestamp":1674757428337,"id":"jkk54935g6rtmuy","previousEventId":"rc24h0scku10a8j","previousOperationId":"loxtz08ublvk7rx"}
{"type":"log","timestamp":1674757428337,"level":"debug","message":"Base url not specified, skipping its injection.","meta":{"rootId":"ns0obebxd5edgvb","id":"ns0obebxd5edgvb"},"id":"qg0o7iyck9s85tp","previousOperationId":"54s5q5ifr0fjaxu"}
{"type":"operationStart","subtype":"engine","name":"handlebars","timestamp":1674757428337,"id":"rkpv7wsooc1u68f","previousEventId":"jkk54935g6rtmuy","operationId":"lfupr308mcqoqte","previousOperationId":"54s5q5ifr0fjaxu"}
{"type":"log","timestamp":1674757428337,"level":"debug","message":"Rendering engine handlebars","meta":{"rootId":"ns0obebxd5edgvb","id":"ns0obebxd5edgvb"},"id":"wdxz6n63114mj3e","previousOperationId":"lfupr308mcqoqte"}
{"type":"operationEnd","operationId":"lfupr308mcqoqte","timestamp":1674757428350,"id":"vsnt416h8xj2pml","previousEventId":"rkpv7wsooc1u68f","previousOperationId":"lfupr308mcqoqte"}
{"type":"operationStart","subtype":"recipe","name":"chrome-pdf","timestamp":1674757428350,"id":"rb9ovll76arzp3g","previousEventId":"vsnt416h8xj2pml","operationId":"znst3ldfqto1wky","previousOperationId":"lfupr308mcqoqte"}
{"type":"log","timestamp":1674757428350,"level":"debug","message":"Executing recipe chrome-pdf","meta":{"rootId":"ns0obebxd5edgvb","id":"ns0obebxd5edgvb"},"id":"hhvbpb0tlpdwlqr","previousOperationId":"znst3ldfqto1wky"}
{"type":"log","timestamp":1674757428353,"level":"debug","message":"Converting with chrome HeadlessChrome/105.0.5173.0 using chrome-pool strategy","meta":{"rootId":"ns0obebxd5edgvb","id":"ns0obebxd5edgvb"},"id":"igxxrqhr5x9ld1g","previousOperationId":"znst3ldfqto1wky"}
{"type":"log","timestamp":1674757428438,"level":"debug","message":"Page request: GET (document) file:///C:/Users/Johan/AppData/Local/Temp/jsreport/autocleanup/967112f3-706b-4161-9ca8-64ea67b6bf36-chrome-pdf.html","meta":{"rootId":"ns0obebxd5edgvb","id":"ns0obebxd5edgvb"},"id":"gtbcvixlcpcktv4","previousOperationId":"znst3ldfqto1wky"}
{"type":"log","timestamp":1674757428458,"level":"debug","message":"Page request finished: GET (document) 200 file:///C:/Users/Johan/AppData/Local/Temp/jsreport/autocleanup/967112f3-706b-4161-9ca8-64ea67b6bf36-chrome-pdf.html","meta":{"rootId":"ns0obebxd5edgvb","id":"ns0obebxd5edgvb"},"id":"i5bbn443tx9ewja","previousOperationId":"znst3ldfqto1wky"}
{"type":"log","timestamp":1674757428458,"level":"debug","message":"Page request: GET (stylesheet) https://cdnjs.cloudflare.com/ajax/libs/metro/4.1.5/css/metro.min.css","meta":{"rootId":"ns0obebxd5edgvb","id":"ns0obebxd5edgvb"},"id":"603w403h8fr1own","previousOperationId":"znst3ldfqto1wky"}
{"type":"log","timestamp":1674757428458,"level":"debug","message":"Page request: GET (stylesheet) https://cdnjs.cloudflare.com/ajax/libs/chartist/0.11.0/chartist.min.css","meta":{"rootId":"ns0obebxd5edgvb","id":"ns0obebxd5edgvb"},"id":"7lsri56ubba5pjv","previousOperationId":"znst3ldfqto1wky"}
{"type":"log","timestamp":1674757428458,"level":"debug","message":"Page request: GET (script) https://cdnjs.cloudflare.com/ajax/libs/chartist/0.11.0/chartist.min.js","meta":{"rootId":"ns0obebxd5edgvb","id":"ns0obebxd5edgvb"},"id":"kghnjsp454d580y","previousOperationId":"znst3ldfqto1wky"}
{"type":"log","timestamp":1674757428459,"level":"debug","message":"Page request: GET (script) https://unpkg.com/chartist-plugin-tooltips@0.0.17","meta":{"rootId":"ns0obebxd5edgvb","id":"ns0obebxd5edgvb"},"id":"cv5zbtbscmfuikq","previousOperationId":"znst3ldfqto1wky"}
{"type":"log","timestamp":1674757428459,"level":"debug","message":"Page request: GET (script) https://unpkg.com/chartist-plugin-pointlabels@0.0.6","meta":{"rootId":"ns0obebxd5edgvb","id":"ns0obebxd5edgvb"},"id":"wam5l36lcyyam9r","previousOperationId":"znst3ldfqto1wky"}
{"type":"log","timestamp":1674757428464,"level":"warn","message":"Page request failed: GET (script) 302 https://unpkg.com/chartist-plugin-tooltips@0.0.17 (redirect to: /chartist-plugin-tooltips@0.0.17/dist/chartist-plugin-tooltip.js)","meta":{"rootId":"ns0obebxd5edgvb","id":"ns0obebxd5edgvb"},"id":"fpp1m0elw5a9hgl","previousOperationId":"znst3ldfqto1wky"}
{"type":"log","timestamp":1674757428464,"level":"debug","message":"Page request: GET (script) https://unpkg.com/chartist-plugin-tooltips@0.0.17/dist/chartist-plugin-tooltip.js (redirect from: https://unpkg.com/chartist-plugin-tooltips@0.0.17)","meta":{"rootId":"ns0obebxd5edgvb","id":"ns0obebxd5edgvb"},"id":"vjmq3u9q524svry","previousOperationId":"znst3ldfqto1wky"}
{"type":"log","timestamp":1674757428465,"level":"debug","message":"Page request finished: GET (stylesheet) 200 https://cdnjs.cloudflare.com/ajax/libs/chartist/0.11.0/chartist.min.css","meta":{"rootId":"ns0obebxd5edgvb","id":"ns0obebxd5edgvb"},"id":"mpnfpb4l3r6y4vd","previousOperationId":"znst3ldfqto1wky"}
{"type":"log","timestamp":1674757428466,"level":"warn","message":"Page request failed: GET (script) 302 https://unpkg.com/chartist-plugin-pointlabels@0.0.6 (redirect to: /chartist-plugin-pointlabels@0.0.6/dist/chartist-plugin-pointlabels.js)","meta":{"rootId":"ns0obebxd5edgvb","id":"ns0obebxd5edgvb"},"id":"e9vuhrsp95enarl","previousOperationId":"znst3ldfqto1wky"}
{"type":"log","timestamp":1674757428466,"level":"debug","message":"Page request: GET (script) https://unpkg.com/chartist-plugin-pointlabels@0.0.6/dist/chartist-plugin-pointlabels.js (redirect from: https://unpkg.com/chartist-plugin-pointlabels@0.0.6)","meta":{"rootId":"ns0obebxd5edgvb","id":"ns0obebxd5edgvb"},"id":"k27ir6l1gmctcg3","previousOperationId":"znst3ldfqto1wky"}
{"type":"log","timestamp":1674757428483,"level":"debug","message":"Page request finished: GET (stylesheet) 200 https://cdnjs.cloudflare.com/ajax/libs/metro/4.1.5/css/metro.min.css","meta":{"rootId":"ns0obebxd5edgvb","id":"ns0obebxd5edgvb"},"id":"ycowzea7kpk0l7l","previousOperationId":"znst3ldfqto1wky"}
{"type":"log","timestamp":1674757428483,"level":"debug","message":"Page request finished: GET (script) 200 https://cdnjs.cloudflare.com/ajax/libs/chartist/0.11.0/chartist.min.js","meta":{"rootId":"ns0obebxd5edgvb","id":"ns0obebxd5edgvb"},"id":"zabe0gaexwtfo98","previousOperationId":"znst3ldfqto1wky"}
{"type":"log","timestamp":1674757428485,"level":"debug","message":"Page request finished: GET (script) 200 https://unpkg.com/chartist-plugin-tooltips@0.0.17/dist/chartist-plugin-tooltip.js","meta":{"rootId":"ns0obebxd5edgvb","id":"ns0obebxd5edgvb"},"id":"9adygubvj91zo18","previousOperationId":"znst3ldfqto1wky"}
{"type":"log","timestamp":1674757428485,"level":"debug","message":"Page request finished: GET (script) 200 https://unpkg.com/chartist-plugin-pointlabels@0.0.6/dist/chartist-plugin-pointlabels.js","meta":{"rootId":"ns0obebxd5edgvb","id":"ns0obebxd5edgvb"},"id":"lhvyf67t0w8i1ua","previousOperationId":"znst3ldfqto1wky"}
{"type":"log","timestamp":1674757428487,"level":"debug","message":"(console:log) Me he venido","meta":{"userLevel":true,"rootId":"ns0obebxd5edgvb","id":"ns0obebxd5edgvb"},"id":"4hyvoeq812bgme9","previousOperationId":"znst3ldfqto1wky"}
{"type":"log","timestamp":1674757428487,"level":"debug","message":"(console:log) Cuidado: 2,1,3","meta":{"userLevel":true,"rootId":"ns0obebxd5edgvb","id":"ns0obebxd5edgvb"},"id":"7gk1x5z7bkdklsl","previousOperationId":"znst3ldfqto1wky"}
{"type":"log","timestamp":1674757428487,"level":"warn","message":"Page error: ReferenceError: Arucas is not defined\n    at file:///C:/Users/Johan/AppData/Local/Temp/jsreport/autocleanup/967112f3-706b-4161-9ca8-64ea67b6bf36-chrome-pdf.html:56:32","meta":{"rootId":"ns0obebxd5edgvb","id":"ns0obebxd5edgvb"},"id":"2hik2q9dc43x62j","previousOperationId":"znst3ldfqto1wky"}
{"type":"log","timestamp":1674757428523,"level":"debug","message":"Running chrome with params {\"printBackground\":true,\"timeout\":59279,\"margin\":{}}","meta":{"rootId":"ns0obebxd5edgvb","id":"ns0obebxd5edgvb"},"id":"7x0zkwt1neyagx1","previousOperationId":"znst3ldfqto1wky"}
{"type":"operationEnd","operationId":"znst3ldfqto1wky","timestamp":1674757428633,"id":"16wah1o26ahjv6x","previousEventId":"rb9ovll76arzp3g","previousOperationId":"znst3ldfqto1wky"}
{"type":"log","timestamp":1674757428633,"level":"debug","message":"Executing script testing (afterRender)","meta":{"rootId":"ns0obebxd5edgvb","id":"ns0obebxd5edgvb"},"id":"aidt9n1mql2yjxz","previousOperationId":"znst3ldfqto1wky"}
{"type":"operationStart","subtype":"scriptsAfterRender","name":"scripts afterRender","timestamp":1674757428642,"id":"vzy3wmk36oov695","previousEventId":"16wah1o26ahjv6x","operationId":"afxz0tpxio24h15","previousOperationId":"znst3ldfqto1wky"}
{"type":"operationStart","subtype":"script","name":"scripts testing","previousOperationId":"afxz0tpxio24h15","timestamp":1674757428642,"id":"hwg17nyop4vpx6q","previousEventId":"vzy3wmk36oov695","operationId":"7zuclf0hokvgisw"}
{"type":"operationEnd","operationId":"7zuclf0hokvgisw","timestamp":1674757429681,"id":"lccoy0gijtklih9","previousEventId":"16wah1o26ahjv6x","previousOperationId":"znst3ldfqto1wky"}
{"type":"operationEnd","operationId":"afxz0tpxio24h15","timestamp":1674757429681,"id":"62zy3s19l7sm0g7","previousEventId":"lccoy0gijtklih9","previousOperationId":"znst3ldfqto1wky"}
{"type":"log","timestamp":1674757429682,"level":"debug","message":"Skipping storing report.","meta":{"rootId":"ns0obebxd5edgvb","id":"ns0obebxd5edgvb"},"id":"biwh0v9tu5rizc4","previousOperationId":"afxz0tpxio24h15"}
{"type":"log","timestamp":1674757429682,"level":"info","message":"Rendering request 8 finished in 2051 ms","meta":{"rootId":"ns0obebxd5edgvb","id":"ns0obebxd5edgvb"},"id":"i6lf7g9rd1gkips","previousOperationId":"afxz0tpxio24h15"}
{"type":"operationEnd","subtype":"render","operationId":"loxtz08ublvk7rx","timestamp":1674757429682,"id":"ltkkhdc9pvwd5yf","previousEventId":"62zy3s19l7sm0g7","previousOperationId":"afxz0tpxio24h15"}
{"type":"operationEnd","doDiffs":false,"previousEventId":"ckfkx68cu9s8hqj","previousOperationId":"keq5gia4boft1d0","operationId":"keq5gia4boft1d0","timestamp":1674757429686,"id":"5jso510ytw1ojqf"}
