{"type":"operationStart","subtype":"profile","data":{"_id":"vxynOUAMvPplGZJM","timestamp":"2023-01-26T12:10:16.502Z","state":"queued","mode":"standard","creationDate":"2023-01-26T12:10:16.506Z","modificationDate":"2023-01-26T12:10:16.506Z","shortid":"1GQtfgv","$entitySet":"profiles"},"doDiffs":false,"timestamp":1674735016504,"id":"4nyxd0zt3sjb5e3","previousOperationId":null,"operationId":"d6hpaprhb7cy6ep"}
{"type":"log","level":"info","message":"Render request 27 queued for execution and waiting for available worker","previousOperationId":"d6hpaprhb7cy6ep","timestamp":1674735016504,"id":"d67k5jyof5izt0z"}
{"type":"operationStart","subtype":"render","name":"Data","previousOperationId":"d6hpaprhb7cy6ep","timestamp":1674735016520,"id":"ltsw86lg240azo6","previousEventId":"4nyxd0zt3sjb5e3","operationId":"wfeyawd8jtg6mbj"}
{"type":"log","timestamp":1674735016520,"level":"info","message":"Starting rendering request 27","meta":{"rootId":"oim1rt5x9lmlsc7","id":"oim1rt5x9lmlsc7"},"id":"4i0snk6wiunc9rh","previousOperationId":"wfeyawd8jtg6mbj"}
{"type":"log","timestamp":1674735016521,"level":"info","message":"Rendering template { name: Data, recipe: chrome-pdf, engine: handlebars, preview: true }","meta":{"rootId":"oim1rt5x9lmlsc7","id":"oim1rt5x9lmlsc7"},"id":"l3264uqtdxuk1y6","previousOperationId":"wfeyawd8jtg6mbj"}
{"type":"log","timestamp":1674735016522,"level":"debug","message":"Data item not defined for this template.","meta":{"rootId":"oim1rt5x9lmlsc7","id":"oim1rt5x9lmlsc7"},"id":"p3lrwergt7or1ke","previousOperationId":"wfeyawd8jtg6mbj"}
{"type":"log","timestamp":1674735016525,"level":"debug","message":"Executing script testing (beforeRender)","meta":{"rootId":"oim1rt5x9lmlsc7","id":"oim1rt5x9lmlsc7"},"id":"k5b1ldtvqkr9rwd","previousOperationId":"wfeyawd8jtg6mbj"}
{"type":"operationStart","subtype":"scriptsBeforeRender","name":"scripts beforeRender","timestamp":1674735016631,"id":"4tduq0x5pbzxytw","previousEventId":"ltsw86lg240azo6","operationId":"sghck3cof2isply","previousOperationId":"wfeyawd8jtg6mbj"}
{"type":"operationStart","subtype":"script","name":"scripts testing","previousOperationId":"sghck3cof2isply","timestamp":1674735016631,"id":"mnujhupsb7wfbgt","previousEventId":"4tduq0x5pbzxytw","operationId":"j3806txpqsbu08a"}
{"type":"log","timestamp":1674735017073,"level":"debug","message":"(console:log) [ '58', '2', '59' ]","meta":{"userLevel":true,"rootId":"oim1rt5x9lmlsc7","id":"oim1rt5x9lmlsc7"},"id":"dfedpdb7dtr28dl","previousOperationId":"j3806txpqsbu08a"}
{"type":"log","timestamp":1674735017073,"level":"debug","message":"(console:log) [ '2', '3', '1' ]","meta":{"userLevel":true,"rootId":"oim1rt5x9lmlsc7","id":"oim1rt5x9lmlsc7"},"id":"f2m19hxkgioq7cv","previousOperationId":"j3806txpqsbu08a"}
{"type":"operationEnd","operationId":"j3806txpqsbu08a","timestamp":1674735017616,"id":"owi33h1zayi7izj","previousEventId":"ltsw86lg240azo6","previousOperationId":"wfeyawd8jtg6mbj"}
{"type":"operationEnd","operationId":"sghck3cof2isply","timestamp":1674735017616,"id":"cngz8rsb9yackbv","previousEventId":"owi33h1zayi7izj","previousOperationId":"wfeyawd8jtg6mbj"}
{"type":"log","timestamp":1674735017616,"level":"debug","message":"Base url not specified, skipping its injection.","meta":{"rootId":"oim1rt5x9lmlsc7","id":"oim1rt5x9lmlsc7"},"id":"3lz4pdxpivz9nye","previousOperationId":"sghck3cof2isply"}
{"type":"operationStart","subtype":"engine","name":"handlebars","timestamp":1674735017617,"id":"kogl96rxus51cd7","previousEventId":"cngz8rsb9yackbv","operationId":"rrbb7ls3srvbbdb","previousOperationId":"sghck3cof2isply"}
{"type":"log","timestamp":1674735017617,"level":"debug","message":"Rendering engine handlebars","meta":{"rootId":"oim1rt5x9lmlsc7","id":"oim1rt5x9lmlsc7"},"id":"f1h10gnvhahjimg","previousOperationId":"rrbb7ls3srvbbdb"}
{"type":"operationEnd","operationId":"rrbb7ls3srvbbdb","timestamp":1674735017640,"id":"ncdwvf7magsxsyc","previousEventId":"kogl96rxus51cd7","previousOperationId":"rrbb7ls3srvbbdb"}
{"type":"operationStart","subtype":"recipe","name":"chrome-pdf","timestamp":1674735017640,"id":"te22zblgbe54adl","previousEventId":"ncdwvf7magsxsyc","operationId":"a6t4cs3fhwe5g61","previousOperationId":"rrbb7ls3srvbbdb"}
{"type":"log","timestamp":1674735017641,"level":"debug","message":"Executing recipe chrome-pdf","meta":{"rootId":"oim1rt5x9lmlsc7","id":"oim1rt5x9lmlsc7"},"id":"vub05luz4kln9w6","previousOperationId":"a6t4cs3fhwe5g61"}
{"type":"log","timestamp":1674735017645,"level":"debug","message":"Converting with chrome HeadlessChrome/105.0.5173.0 using chrome-pool strategy","meta":{"rootId":"oim1rt5x9lmlsc7","id":"oim1rt5x9lmlsc7"},"id":"06tb7mv7rfcvawg","previousOperationId":"a6t4cs3fhwe5g61"}
{"type":"log","timestamp":1674735017818,"level":"debug","message":"Page request: GET (document) file:///C:/Users/Johan/AppData/Local/Temp/jsreport/autocleanup/f99a0520-0cd6-44d0-97f8-2ba66ff244e7-chrome-pdf.html","meta":{"rootId":"oim1rt5x9lmlsc7","id":"oim1rt5x9lmlsc7"},"id":"afwajf42ef1k47g","previousOperationId":"a6t4cs3fhwe5g61"}
{"type":"log","timestamp":1674735017855,"level":"debug","message":"Page request: GET (stylesheet) https://cdnjs.cloudflare.com/ajax/libs/metro/4.1.5/css/metro.min.css","meta":{"rootId":"oim1rt5x9lmlsc7","id":"oim1rt5x9lmlsc7"},"id":"fdk0dcz1uo9dgme","previousOperationId":"a6t4cs3fhwe5g61"}
{"type":"log","timestamp":1674735017857,"level":"debug","message":"Page request finished: GET (document) 200 file:///C:/Users/Johan/AppData/Local/Temp/jsreport/autocleanup/f99a0520-0cd6-44d0-97f8-2ba66ff244e7-chrome-pdf.html","meta":{"rootId":"oim1rt5x9lmlsc7","id":"oim1rt5x9lmlsc7"},"id":"yjj0jngjar5ogg0","previousOperationId":"a6t4cs3fhwe5g61"}
{"type":"log","timestamp":1674735017857,"level":"debug","message":"Page request: GET (script) https://cdnjs.cloudflare.com/ajax/libs/Chart.js/2.7.2/Chart.min.js","meta":{"rootId":"oim1rt5x9lmlsc7","id":"oim1rt5x9lmlsc7"},"id":"r8megkni255jmv1","previousOperationId":"a6t4cs3fhwe5g61"}
{"type":"log","timestamp":1674735017858,"level":"debug","message":"Page request: GET (stylesheet) https://cdnjs.cloudflare.com/ajax/libs/chartist/0.11.0/chartist.min.css","meta":{"rootId":"oim1rt5x9lmlsc7","id":"oim1rt5x9lmlsc7"},"id":"dj3eqmp3sv399fh","previousOperationId":"a6t4cs3fhwe5g61"}
{"type":"log","timestamp":1674735017858,"level":"debug","message":"Page request: GET (script) https://cdnjs.cloudflare.com/ajax/libs/chartist/0.11.0/chartist.min.js","meta":{"rootId":"oim1rt5x9lmlsc7","id":"oim1rt5x9lmlsc7"},"id":"1miwp6lof1hjhi3","previousOperationId":"a6t4cs3fhwe5g61"}
{"type":"log","timestamp":1674735017858,"level":"debug","message":"Page request: GET (script) https://unpkg.com/chartist-plugin-tooltips@0.0.17","meta":{"rootId":"oim1rt5x9lmlsc7","id":"oim1rt5x9lmlsc7"},"id":"hsuo830vflolylk","previousOperationId":"a6t4cs3fhwe5g61"}
{"type":"log","timestamp":1674735017858,"level":"debug","message":"Page request: GET (script) https://unpkg.com/chartist-plugin-pointlabels@0.0.6","meta":{"rootId":"oim1rt5x9lmlsc7","id":"oim1rt5x9lmlsc7"},"id":"7zscf0adzurpt5m","previousOperationId":"a6t4cs3fhwe5g61"}
{"type":"log","timestamp":1674735017858,"level":"debug","message":"Page request: GET (script) http://code.jquery.com/jquery-1.11.0.min.js","meta":{"rootId":"oim1rt5x9lmlsc7","id":"oim1rt5x9lmlsc7"},"id":"qyrouwdflgg6j84","previousOperationId":"a6t4cs3fhwe5g61"}
{"type":"log","timestamp":1674735017859,"level":"debug","message":"Page request: GET (script) http://cdnjs.cloudflare.com/ajax/libs/flot/0.8.1/jquery.flot.min.js","meta":{"rootId":"oim1rt5x9lmlsc7","id":"oim1rt5x9lmlsc7"},"id":"hcmlgr1xoe0cpqo","previousOperationId":"a6t4cs3fhwe5g61"}
{"type":"log","timestamp":1674735017859,"level":"debug","message":"Page request: GET (script) https://cdn.jsdelivr.net/npm/chart.js@2.9.3/dist/Chart.min.js","meta":{"rootId":"oim1rt5x9lmlsc7","id":"oim1rt5x9lmlsc7"},"id":"rlrnxjrgdxjy472","previousOperationId":"a6t4cs3fhwe5g61"}
{"type":"log","timestamp":1674735017867,"level":"warn","message":"Page request failed: GET (script) 307 http://cdnjs.cloudflare.com/ajax/libs/flot/0.8.1/jquery.flot.min.js (redirect to: https://cdnjs.cloudflare.com/ajax/libs/flot/0.8.1/jquery.flot.min.js)","meta":{"rootId":"oim1rt5x9lmlsc7","id":"oim1rt5x9lmlsc7"},"id":"6gam1o4fq7ddg4i","previousOperationId":"a6t4cs3fhwe5g61"}
{"type":"log","timestamp":1674735017867,"level":"debug","message":"Page request: GET (script) https://cdnjs.cloudflare.com/ajax/libs/flot/0.8.1/jquery.flot.min.js (redirect from: http://cdnjs.cloudflare.com/ajax/libs/flot/0.8.1/jquery.flot.min.js)","meta":{"rootId":"oim1rt5x9lmlsc7","id":"oim1rt5x9lmlsc7"},"id":"rg9xjsib6v5wbil","previousOperationId":"a6t4cs3fhwe5g61"}
{"type":"log","timestamp":1674735017871,"level":"warn","message":"Page request failed: GET (script) 302 https://unpkg.com/chartist-plugin-tooltips@0.0.17 (redirect to: /chartist-plugin-tooltips@0.0.17/dist/chartist-plugin-tooltip.js)","meta":{"rootId":"oim1rt5x9lmlsc7","id":"oim1rt5x9lmlsc7"},"id":"mmzau9488a8hofr","previousOperationId":"a6t4cs3fhwe5g61"}
{"type":"log","timestamp":1674735017872,"level":"debug","message":"Page request: GET (script) https://unpkg.com/chartist-plugin-tooltips@0.0.17/dist/chartist-plugin-tooltip.js (redirect from: https://unpkg.com/chartist-plugin-tooltips@0.0.17)","meta":{"rootId":"oim1rt5x9lmlsc7","id":"oim1rt5x9lmlsc7"},"id":"8s4i7sfyv468evd","previousOperationId":"a6t4cs3fhwe5g61"}
{"type":"log","timestamp":1674735017874,"level":"warn","message":"Page request failed: GET (script) 302 https://unpkg.com/chartist-plugin-pointlabels@0.0.6 (redirect to: /chartist-plugin-pointlabels@0.0.6/dist/chartist-plugin-pointlabels.js)","meta":{"rootId":"oim1rt5x9lmlsc7","id":"oim1rt5x9lmlsc7"},"id":"fz90ppi69u7xp87","previousOperationId":"a6t4cs3fhwe5g61"}
{"type":"log","timestamp":1674735017875,"level":"debug","message":"Page request finished: GET (stylesheet) 200 https://cdnjs.cloudflare.com/ajax/libs/chartist/0.11.0/chartist.min.css","meta":{"rootId":"oim1rt5x9lmlsc7","id":"oim1rt5x9lmlsc7"},"id":"i67urpb41chf3a3","previousOperationId":"a6t4cs3fhwe5g61"}
{"type":"log","timestamp":1674735017875,"level":"debug","message":"Page request: GET (script) https://unpkg.com/chartist-plugin-pointlabels@0.0.6/dist/chartist-plugin-pointlabels.js (redirect from: https://unpkg.com/chartist-plugin-pointlabels@0.0.6)","meta":{"rootId":"oim1rt5x9lmlsc7","id":"oim1rt5x9lmlsc7"},"id":"r8wlutgowriipm6","previousOperationId":"a6t4cs3fhwe5g61"}
{"type":"log","timestamp":1674735017877,"level":"debug","message":"Page request finished: GET (script) 200 https://cdnjs.cloudflare.com/ajax/libs/chartist/0.11.0/chartist.min.js","meta":{"rootId":"oim1rt5x9lmlsc7","id":"oim1rt5x9lmlsc7"},"id":"i79qto0vzl9u36s","previousOperationId":"a6t4cs3fhwe5g61"}
{"type":"log","timestamp":1674735017877,"level":"debug","message":"Page request finished: GET (script) 200 https://cdnjs.cloudflare.com/ajax/libs/Chart.js/2.7.2/Chart.min.js","meta":{"rootId":"oim1rt5x9lmlsc7","id":"oim1rt5x9lmlsc7"},"id":"fwcooef69wfezf0","previousOperationId":"a6t4cs3fhwe5g61"}
{"type":"log","timestamp":1674735017877,"level":"debug","message":"Page request finished: GET (script) 200 http://code.jquery.com/jquery-1.11.0.min.js","meta":{"rootId":"oim1rt5x9lmlsc7","id":"oim1rt5x9lmlsc7"},"id":"pvv75xo72zpvmy8","previousOperationId":"a6t4cs3fhwe5g61"}
{"type":"log","timestamp":1674735017877,"level":"debug","message":"Page request finished: GET (script) 200 https://cdn.jsdelivr.net/npm/chart.js@2.9.3/dist/Chart.min.js","meta":{"rootId":"oim1rt5x9lmlsc7","id":"oim1rt5x9lmlsc7"},"id":"yevu9c7kpn6m9a4","previousOperationId":"a6t4cs3fhwe5g61"}
{"type":"log","timestamp":1674735017896,"level":"debug","message":"Page request finished: GET (stylesheet) 200 https://cdnjs.cloudflare.com/ajax/libs/metro/4.1.5/css/metro.min.css","meta":{"rootId":"oim1rt5x9lmlsc7","id":"oim1rt5x9lmlsc7"},"id":"pigi9fe3av4myhk","previousOperationId":"a6t4cs3fhwe5g61"}
{"type":"log","timestamp":1674735017905,"level":"debug","message":"Page request finished: GET (script) 200 https://unpkg.com/chartist-plugin-tooltips@0.0.17/dist/chartist-plugin-tooltip.js","meta":{"rootId":"oim1rt5x9lmlsc7","id":"oim1rt5x9lmlsc7"},"id":"d4277f0cjdjyb3y","previousOperationId":"a6t4cs3fhwe5g61"}
{"type":"log","timestamp":1674735017905,"level":"debug","message":"Page request finished: GET (script) 200 https://unpkg.com/chartist-plugin-pointlabels@0.0.6/dist/chartist-plugin-pointlabels.js","meta":{"rootId":"oim1rt5x9lmlsc7","id":"oim1rt5x9lmlsc7"},"id":"o8bi50vc0b46awz","previousOperationId":"a6t4cs3fhwe5g61"}
{"type":"log","timestamp":1674735017905,"level":"debug","message":"Page request finished: GET (script) 200 https://cdnjs.cloudflare.com/ajax/libs/flot/0.8.1/jquery.flot.min.js","meta":{"rootId":"oim1rt5x9lmlsc7","id":"oim1rt5x9lmlsc7"},"id":"xien848wzp4pzu1","previousOperationId":"a6t4cs3fhwe5g61"}
{"type":"log","timestamp":1674735017931,"level":"warn","message":"Page error: SyntaxError: Unexpected token ','","meta":{"rootId":"oim1rt5x9lmlsc7","id":"oim1rt5x9lmlsc7"},"id":"yhhm69xzlbp2p2w","previousOperationId":"a6t4cs3fhwe5g61"}
{"type":"log","timestamp":1674735017998,"level":"debug","message":"Running chrome with params {\"printBackground\":true,\"timeout\":58859,\"margin\":{}}","meta":{"rootId":"oim1rt5x9lmlsc7","id":"oim1rt5x9lmlsc7"},"id":"y7dyzfmjbvyd83a","previousOperationId":"a6t4cs3fhwe5g61"}
{"type":"operationEnd","operationId":"a6t4cs3fhwe5g61","timestamp":1674735018146,"id":"hxam9t2nt0o1pnx","previousEventId":"te22zblgbe54adl","previousOperationId":"a6t4cs3fhwe5g61"}
{"type":"log","timestamp":1674735018146,"level":"debug","message":"Executing script testing (afterRender)","meta":{"rootId":"oim1rt5x9lmlsc7","id":"oim1rt5x9lmlsc7"},"id":"edt1zxpy0t9scl4","previousOperationId":"a6t4cs3fhwe5g61"}
{"type":"operationStart","subtype":"scriptsAfterRender","name":"scripts afterRender","timestamp":1674735018160,"id":"e6jd3d2kx0qv3h7","previousEventId":"hxam9t2nt0o1pnx","operationId":"jhqij74egc5p27b","previousOperationId":"a6t4cs3fhwe5g61"}
{"type":"operationStart","subtype":"script","name":"scripts testing","previousOperationId":"jhqij74egc5p27b","timestamp":1674735018160,"id":"e31pdutscw9pwam","previousEventId":"e6jd3d2kx0qv3h7","operationId":"lf82xuuhrry6038"}
{"type":"operationEnd","operationId":"lf82xuuhrry6038","timestamp":1674735019198,"id":"m3r8lnvjwgknsg6","previousEventId":"hxam9t2nt0o1pnx","previousOperationId":"a6t4cs3fhwe5g61"}
{"type":"operationEnd","operationId":"jhqij74egc5p27b","timestamp":1674735019198,"id":"rlsdlhk2dm3al69","previousEventId":"m3r8lnvjwgknsg6","previousOperationId":"a6t4cs3fhwe5g61"}
{"type":"log","timestamp":1674735019198,"level":"debug","message":"Skipping storing report.","meta":{"rootId":"oim1rt5x9lmlsc7","id":"oim1rt5x9lmlsc7"},"id":"138k5jjczns5foz","previousOperationId":"jhqij74egc5p27b"}
{"type":"log","timestamp":1674735019198,"level":"info","message":"Rendering request 27 finished in 2696 ms","meta":{"rootId":"oim1rt5x9lmlsc7","id":"oim1rt5x9lmlsc7"},"id":"cggs23qfdpkd23r","previousOperationId":"jhqij74egc5p27b"}
{"type":"operationEnd","subtype":"render","operationId":"wfeyawd8jtg6mbj","timestamp":1674735019198,"id":"33nbgshuqgueman","previousEventId":"rlsdlhk2dm3al69","previousOperationId":"jhqij74egc5p27b"}
{"type":"operationEnd","doDiffs":false,"previousEventId":"4nyxd0zt3sjb5e3","previousOperationId":"d6hpaprhb7cy6ep","operationId":"d6hpaprhb7cy6ep","timestamp":1674735019203,"id":"ouaoeqepcfb48j0"}
