{"type":"operationStart","subtype":"profile","data":{"_id":"gUjcxHjiFSrpnnxY","timestamp":"2023-01-26T15:27:28.158Z","state":"queued","mode":"standard","creationDate":"2023-01-26T15:27:28.161Z","modificationDate":"2023-01-26T15:27:28.161Z","shortid":"H9N562o","$entitySet":"profiles"},"doDiffs":false,"timestamp":1674746848159,"id":"2mzmk58tx2su93v","previousOperationId":null,"operationId":"vql3bp4jkkw5lzq"}
{"type":"log","level":"info","message":"Render request 15 queued for execution and waiting for available worker","previousOperationId":"vql3bp4jkkw5lzq","timestamp":1674746848159,"id":"jxg59lmojxd558d"}
{"type":"operationStart","subtype":"render","name":"Data","previousOperationId":"vql3bp4jkkw5lzq","timestamp":1674746848177,"id":"fl12an86o4u6iy2","previousEventId":"2mzmk58tx2su93v","operationId":"ypq1wer3pr90pxy"}
{"type":"log","timestamp":1674746848178,"level":"info","message":"Starting rendering request 15","meta":{"rootId":"onkrpbkmm2vjrw0","id":"onkrpbkmm2vjrw0"},"id":"e5icqkabl15f1j7","previousOperationId":"ypq1wer3pr90pxy"}
{"type":"log","timestamp":1674746848179,"level":"info","message":"Rendering template { name: Data, recipe: chrome-pdf, engine: handlebars, preview: true }","meta":{"rootId":"onkrpbkmm2vjrw0","id":"onkrpbkmm2vjrw0"},"id":"5bpkc6thx76d1l5","previousOperationId":"ypq1wer3pr90pxy"}
{"type":"log","timestamp":1674746848180,"level":"debug","message":"Data item not defined for this template.","meta":{"rootId":"onkrpbkmm2vjrw0","id":"onkrpbkmm2vjrw0"},"id":"pugk6qc2j4xme6w","previousOperationId":"ypq1wer3pr90pxy"}
{"type":"log","timestamp":1674746848189,"level":"debug","message":"Executing script testing (beforeRender)","meta":{"rootId":"onkrpbkmm2vjrw0","id":"onkrpbkmm2vjrw0"},"id":"ljhobirt4tcm3lx","previousOperationId":"ypq1wer3pr90pxy"}
{"type":"operationStart","subtype":"scriptsBeforeRender","name":"scripts beforeRender","timestamp":1674746848248,"id":"5pl8l6qvqjmwba9","previousEventId":"fl12an86o4u6iy2","operationId":"jjm0ri4bsf7q2ln","previousOperationId":"ypq1wer3pr90pxy"}
{"type":"operationStart","subtype":"script","name":"scripts testing","previousOperationId":"jjm0ri4bsf7q2ln","timestamp":1674746848248,"id":"c10dj7xpp0yo1cp","previousEventId":"5pl8l6qvqjmwba9","operationId":"z0l26405qnzwxed"}
{"type":"log","timestamp":1674746848642,"level":"debug","message":"(console:log) [ '58', '2', '59' ]","meta":{"userLevel":true,"rootId":"onkrpbkmm2vjrw0","id":"onkrpbkmm2vjrw0"},"id":"9m1sqdmzphkdv26","previousOperationId":"z0l26405qnzwxed"}
{"type":"log","timestamp":1674746848642,"level":"debug","message":"(console:log) [ '2', '3', '1' ]","meta":{"userLevel":true,"rootId":"onkrpbkmm2vjrw0","id":"onkrpbkmm2vjrw0"},"id":"k1fbwmhybt2epiy","previousOperationId":"z0l26405qnzwxed"}
{"type":"operationEnd","operationId":"z0l26405qnzwxed","timestamp":1674746849005,"id":"uyd88h5j6z56mhx","previousEventId":"fl12an86o4u6iy2","previousOperationId":"ypq1wer3pr90pxy"}
{"type":"operationEnd","operationId":"jjm0ri4bsf7q2ln","timestamp":1674746849005,"id":"x5imybucutk7tjb","previousEventId":"uyd88h5j6z56mhx","previousOperationId":"ypq1wer3pr90pxy"}
{"type":"log","timestamp":1674746849005,"level":"debug","message":"Base url not specified, skipping its injection.","meta":{"rootId":"onkrpbkmm2vjrw0","id":"onkrpbkmm2vjrw0"},"id":"0sath566e45pz6k","previousOperationId":"jjm0ri4bsf7q2ln"}
{"type":"operationStart","subtype":"engine","name":"handlebars","timestamp":1674746849005,"id":"bq6vvr5nzooy4ha","previousEventId":"x5imybucutk7tjb","operationId":"beehmd1v0eosejg","previousOperationId":"jjm0ri4bsf7q2ln"}
{"type":"log","timestamp":1674746849005,"level":"debug","message":"Rendering engine handlebars","meta":{"rootId":"onkrpbkmm2vjrw0","id":"onkrpbkmm2vjrw0"},"id":"1col0yqmsgjpmtk","previousOperationId":"beehmd1v0eosejg"}
{"type":"operationEnd","operationId":"beehmd1v0eosejg","timestamp":1674746849018,"id":"7x7147yhgqvuq4g","previousEventId":"bq6vvr5nzooy4ha","previousOperationId":"beehmd1v0eosejg"}
{"type":"operationStart","subtype":"recipe","name":"chrome-pdf","timestamp":1674746849019,"id":"h4w3vb0jehzgfki","previousEventId":"7x7147yhgqvuq4g","operationId":"dn1g8ltnvzdhleg","previousOperationId":"beehmd1v0eosejg"}
{"type":"log","timestamp":1674746849019,"level":"debug","message":"Executing recipe chrome-pdf","meta":{"rootId":"onkrpbkmm2vjrw0","id":"onkrpbkmm2vjrw0"},"id":"ljn5ziri99r6tas","previousOperationId":"dn1g8ltnvzdhleg"}
{"type":"log","timestamp":1674746849022,"level":"debug","message":"Converting with chrome HeadlessChrome/105.0.5173.0 using chrome-pool strategy","meta":{"rootId":"onkrpbkmm2vjrw0","id":"onkrpbkmm2vjrw0"},"id":"mihcobrovnn9b9y","previousOperationId":"dn1g8ltnvzdhleg"}
{"type":"log","timestamp":1674746849115,"level":"debug","message":"Page request: GET (document) file:///C:/Users/Johan/AppData/Local/Temp/jsreport/autocleanup/a0000367-a609-4469-9487-08fc262afae1-chrome-pdf.html","meta":{"rootId":"onkrpbkmm2vjrw0","id":"onkrpbkmm2vjrw0"},"id":"368hactkgvjnmuu","previousOperationId":"dn1g8ltnvzdhleg"}
{"type":"log","timestamp":1674746849138,"level":"debug","message":"Page request finished: GET (document) 200 file:///C:/Users/Johan/AppData/Local/Temp/jsreport/autocleanup/a0000367-a609-4469-9487-08fc262afae1-chrome-pdf.html","meta":{"rootId":"onkrpbkmm2vjrw0","id":"onkrpbkmm2vjrw0"},"id":"qzp4aqm16swvv0b","previousOperationId":"dn1g8ltnvzdhleg"}
{"type":"log","timestamp":1674746849138,"level":"debug","message":"Page request: GET (stylesheet) https://cdnjs.cloudflare.com/ajax/libs/metro/4.1.5/css/metro.min.css","meta":{"rootId":"onkrpbkmm2vjrw0","id":"onkrpbkmm2vjrw0"},"id":"411j19q2la0603v","previousOperationId":"dn1g8ltnvzdhleg"}
{"type":"log","timestamp":1674746849138,"level":"debug","message":"Page request: GET (script) https://cdnjs.cloudflare.com/ajax/libs/Chart.js/2.7.2/Chart.min.js","meta":{"rootId":"onkrpbkmm2vjrw0","id":"onkrpbkmm2vjrw0"},"id":"hr7s4czg7wa5gte","previousOperationId":"dn1g8ltnvzdhleg"}
{"type":"log","timestamp":1674746849138,"level":"debug","message":"Page request: GET (stylesheet) https://cdnjs.cloudflare.com/ajax/libs/chartist/0.11.0/chartist.min.css","meta":{"rootId":"onkrpbkmm2vjrw0","id":"onkrpbkmm2vjrw0"},"id":"f1wkbmiyuuq4krz","previousOperationId":"dn1g8ltnvzdhleg"}
{"type":"log","timestamp":1674746849138,"level":"debug","message":"Page request: GET (script) https://cdn.jsdelivr.net/npm/chart.js@2.9.3/dist/Chart.min.js","meta":{"rootId":"onkrpbkmm2vjrw0","id":"onkrpbkmm2vjrw0"},"id":"v5621spmyo5ynef","previousOperationId":"dn1g8ltnvzdhleg"}
{"type":"log","timestamp":1674746849146,"level":"debug","message":"Page request finished: GET (stylesheet) 200 https://cdnjs.cloudflare.com/ajax/libs/chartist/0.11.0/chartist.min.css","meta":{"rootId":"onkrpbkmm2vjrw0","id":"onkrpbkmm2vjrw0"},"id":"4v710s44zinz6ye","previousOperationId":"dn1g8ltnvzdhleg"}
{"type":"log","timestamp":1674746849147,"level":"debug","message":"Page request finished: GET (script) 200 https://cdnjs.cloudflare.com/ajax/libs/Chart.js/2.7.2/Chart.min.js","meta":{"rootId":"onkrpbkmm2vjrw0","id":"onkrpbkmm2vjrw0"},"id":"gykuxxia8bk4y4l","previousOperationId":"dn1g8ltnvzdhleg"}
{"type":"log","timestamp":1674746849148,"level":"debug","message":"Page request finished: GET (script) 200 https://cdn.jsdelivr.net/npm/chart.js@2.9.3/dist/Chart.min.js","meta":{"rootId":"onkrpbkmm2vjrw0","id":"onkrpbkmm2vjrw0"},"id":"dcrtigueeq1x4ck","previousOperationId":"dn1g8ltnvzdhleg"}
{"type":"log","timestamp":1674746849164,"level":"debug","message":"Page request finished: GET (stylesheet) 200 https://cdnjs.cloudflare.com/ajax/libs/metro/4.1.5/css/metro.min.css","meta":{"rootId":"onkrpbkmm2vjrw0","id":"onkrpbkmm2vjrw0"},"id":"rfah2so81m5hz9x","previousOperationId":"dn1g8ltnvzdhleg"}
{"type":"log","timestamp":1674746849177,"level":"debug","message":"(console:log) dmgopfdg","meta":{"userLevel":true,"rootId":"onkrpbkmm2vjrw0","id":"onkrpbkmm2vjrw0"},"id":"87y7u9pwvfpgqxv","previousOperationId":"dn1g8ltnvzdhleg"}
{"type":"log","timestamp":1674746849251,"level":"debug","message":"Running chrome with params {\"printBackground\":true,\"timeout\":59137,\"margin\":{}}","meta":{"rootId":"onkrpbkmm2vjrw0","id":"onkrpbkmm2vjrw0"},"id":"n40jkwuwiwl6dmb","previousOperationId":"dn1g8ltnvzdhleg"}
{"type":"operationEnd","operationId":"dn1g8ltnvzdhleg","timestamp":1674746849361,"id":"ava1mkb6j1yy2gw","previousEventId":"h4w3vb0jehzgfki","previousOperationId":"dn1g8ltnvzdhleg"}
{"type":"log","timestamp":1674746849361,"level":"debug","message":"Executing script testing (afterRender)","meta":{"rootId":"onkrpbkmm2vjrw0","id":"onkrpbkmm2vjrw0"},"id":"31djdjk3sn3lrc3","previousOperationId":"dn1g8ltnvzdhleg"}
{"type":"operationStart","subtype":"scriptsAfterRender","name":"scripts afterRender","timestamp":1674746849374,"id":"h3e4d5e615tbdzr","previousEventId":"ava1mkb6j1yy2gw","operationId":"zsbxa5mf35viwsr","previousOperationId":"dn1g8ltnvzdhleg"}
{"type":"operationStart","subtype":"script","name":"scripts testing","previousOperationId":"zsbxa5mf35viwsr","timestamp":1674746849374,"id":"wq4gutzkwgrdct9","previousEventId":"h3e4d5e615tbdzr","operationId":"yd5uja9cclq5zco"}
{"type":"operationEnd","operationId":"yd5uja9cclq5zco","timestamp":1674746850545,"id":"phrdqeh2k5zxbtk","previousEventId":"ava1mkb6j1yy2gw","previousOperationId":"dn1g8ltnvzdhleg"}
{"type":"operationEnd","operationId":"zsbxa5mf35viwsr","timestamp":1674746850545,"id":"y6s82rutqqwft7i","previousEventId":"phrdqeh2k5zxbtk","previousOperationId":"dn1g8ltnvzdhleg"}
{"type":"log","timestamp":1674746850546,"level":"debug","message":"Skipping storing report.","meta":{"rootId":"onkrpbkmm2vjrw0","id":"onkrpbkmm2vjrw0"},"id":"b19u256wf22ghvl","previousOperationId":"zsbxa5mf35viwsr"}
{"type":"log","timestamp":1674746850546,"level":"info","message":"Rendering request 15 finished in 2388 ms","meta":{"rootId":"onkrpbkmm2vjrw0","id":"onkrpbkmm2vjrw0"},"id":"ai760u8d6aporqy","previousOperationId":"zsbxa5mf35viwsr"}
{"type":"operationEnd","subtype":"render","operationId":"ypq1wer3pr90pxy","timestamp":1674746850546,"id":"vkccq1x56mebul2","previousEventId":"y6s82rutqqwft7i","previousOperationId":"zsbxa5mf35viwsr"}
{"type":"operationEnd","doDiffs":false,"previousEventId":"2mzmk58tx2su93v","previousOperationId":"vql3bp4jkkw5lzq","operationId":"vql3bp4jkkw5lzq","timestamp":1674746850549,"id":"5inw9xffvryq4h4"}
