{"type":"operationStart","subtype":"profile","data":{"_id":"q8YjleWqHQ3fYQRQ","timestamp":"2023-01-26T17:07:33.491Z","state":"queued","mode":"standard","creationDate":"2023-01-26T17:07:33.494Z","modificationDate":"2023-01-26T17:07:33.494Z","shortid":"VPLLhvf","$entitySet":"profiles"},"doDiffs":false,"timestamp":1674752853493,"id":"larp84ne8374o9g","previousOperationId":null,"operationId":"svrxwhqe09s53tz"}
{"type":"log","level":"info","message":"Render request 13 queued for execution and waiting for available worker","previousOperationId":"svrxwhqe09s53tz","timestamp":1674752853493,"id":"li0fek3whdom2tu"}
{"type":"operationStart","subtype":"render","name":"Data","previousOperationId":"svrxwhqe09s53tz","timestamp":1674752853503,"id":"liy3096jbt7qk67","previousEventId":"larp84ne8374o9g","operationId":"t9jdm1d0pfxw66l"}
{"type":"log","timestamp":1674752853503,"level":"info","message":"Starting rendering request 13","meta":{"rootId":"oowvg99nu34n2yl","id":"oowvg99nu34n2yl"},"id":"vf5bjs974cnhnej","previousOperationId":"t9jdm1d0pfxw66l"}
{"type":"log","timestamp":1674752853503,"level":"info","message":"Rendering template { name: Data, recipe: chrome-pdf, engine: handlebars, preview: true }","meta":{"rootId":"oowvg99nu34n2yl","id":"oowvg99nu34n2yl"},"id":"d82r909tzp2vptd","previousOperationId":"t9jdm1d0pfxw66l"}
{"type":"log","timestamp":1674752853507,"level":"debug","message":"Data item not defined for this template.","meta":{"rootId":"oowvg99nu34n2yl","id":"oowvg99nu34n2yl"},"id":"8nsrv29lb8gb21d","previousOperationId":"t9jdm1d0pfxw66l"}
{"type":"log","timestamp":1674752853514,"level":"debug","message":"Executing script testing (beforeRender)","meta":{"rootId":"oowvg99nu34n2yl","id":"oowvg99nu34n2yl"},"id":"hzm5j1r6jclnc3l","previousOperationId":"t9jdm1d0pfxw66l"}
{"type":"operationStart","subtype":"scriptsBeforeRender","name":"scripts beforeRender","timestamp":1674752853593,"id":"t1rcly2ubz4ywem","previousEventId":"liy3096jbt7qk67","operationId":"h15y0g53v9zhrud","previousOperationId":"t9jdm1d0pfxw66l"}
{"type":"operationStart","subtype":"script","name":"scripts testing","previousOperationId":"h15y0g53v9zhrud","timestamp":1674752853593,"id":"01vrirmkhqjhthx","previousEventId":"t1rcly2ubz4ywem","operationId":"k4wfsoyudblzebj"}
{"type":"log","timestamp":1674752853819,"level":"debug","message":"(console:log) {\n  locationName: [ 'Las Palmas de Gran Canaria', 'Galdar', 'Teror' ],\n  repetition: [ '2', '1', '3' ]\n}","meta":{"userLevel":true,"rootId":"oowvg99nu34n2yl","id":"oowvg99nu34n2yl"},"id":"w2n9psgnfieqfbp","previousOperationId":"k4wfsoyudblzebj"}
{"type":"log","timestamp":1674752853819,"level":"debug","message":"(console:log) [ 'Las Palmas de Gran Canaria', 'Galdar', 'Teror' ]","meta":{"userLevel":true,"rootId":"oowvg99nu34n2yl","id":"oowvg99nu34n2yl"},"id":"liays24b70odypn","previousOperationId":"k4wfsoyudblzebj"}
{"type":"log","timestamp":1674752853819,"level":"debug","message":"(console:log) [ '2', '1', '3' ]","meta":{"userLevel":true,"rootId":"oowvg99nu34n2yl","id":"oowvg99nu34n2yl"},"id":"yccsjcqn1k9mgn3","previousOperationId":"k4wfsoyudblzebj"}
{"type":"operationEnd","operationId":"k4wfsoyudblzebj","timestamp":1674752854250,"id":"okudoulbcau46rp","previousEventId":"liy3096jbt7qk67","previousOperationId":"t9jdm1d0pfxw66l"}
{"type":"operationEnd","operationId":"h15y0g53v9zhrud","timestamp":1674752854250,"id":"9jw1700mnyauz7b","previousEventId":"okudoulbcau46rp","previousOperationId":"t9jdm1d0pfxw66l"}
{"type":"log","timestamp":1674752854250,"level":"debug","message":"Base url not specified, skipping its injection.","meta":{"rootId":"oowvg99nu34n2yl","id":"oowvg99nu34n2yl"},"id":"zml1mabmrhko7b4","previousOperationId":"h15y0g53v9zhrud"}
{"type":"operationStart","subtype":"engine","name":"handlebars","timestamp":1674752854250,"id":"o8emp3isx2vqy7p","previousEventId":"9jw1700mnyauz7b","operationId":"khc6hrqanbnq5zg","previousOperationId":"h15y0g53v9zhrud"}
{"type":"log","timestamp":1674752854250,"level":"debug","message":"Rendering engine handlebars","meta":{"rootId":"oowvg99nu34n2yl","id":"oowvg99nu34n2yl"},"id":"ao16lt4wiev09fl","previousOperationId":"khc6hrqanbnq5zg"}
{"type":"operationEnd","operationId":"khc6hrqanbnq5zg","timestamp":1674752854272,"id":"1325ap360xbm8rr","previousEventId":"o8emp3isx2vqy7p","previousOperationId":"khc6hrqanbnq5zg"}
{"type":"operationStart","subtype":"recipe","name":"chrome-pdf","timestamp":1674752854273,"id":"llt2oq8bh04oce7","previousEventId":"1325ap360xbm8rr","operationId":"gzy6k0xa78id9pa","previousOperationId":"khc6hrqanbnq5zg"}
{"type":"log","timestamp":1674752854273,"level":"debug","message":"Executing recipe chrome-pdf","meta":{"rootId":"oowvg99nu34n2yl","id":"oowvg99nu34n2yl"},"id":"wm5jj3zbr5emhxx","previousOperationId":"gzy6k0xa78id9pa"}
{"type":"log","timestamp":1674752854277,"level":"debug","message":"Converting with chrome HeadlessChrome/105.0.5173.0 using chrome-pool strategy","meta":{"rootId":"oowvg99nu34n2yl","id":"oowvg99nu34n2yl"},"id":"0ogfebglrgefna5","previousOperationId":"gzy6k0xa78id9pa"}
{"type":"log","timestamp":1674752854399,"level":"debug","message":"Page request: GET (document) file:///C:/Users/Johan/AppData/Local/Temp/jsreport/autocleanup/17b85d11-5105-4cd9-adcb-02e520e1ebfb-chrome-pdf.html","meta":{"rootId":"oowvg99nu34n2yl","id":"oowvg99nu34n2yl"},"id":"bv5kbsabq9nih3o","previousOperationId":"gzy6k0xa78id9pa"}
{"type":"log","timestamp":1674752854424,"level":"debug","message":"Page request finished: GET (document) 200 file:///C:/Users/Johan/AppData/Local/Temp/jsreport/autocleanup/17b85d11-5105-4cd9-adcb-02e520e1ebfb-chrome-pdf.html","meta":{"rootId":"oowvg99nu34n2yl","id":"oowvg99nu34n2yl"},"id":"zrf8fccactb5d8j","previousOperationId":"gzy6k0xa78id9pa"}
{"type":"log","timestamp":1674752854424,"level":"debug","message":"Page request: GET (stylesheet) https://cdnjs.cloudflare.com/ajax/libs/metro/4.1.5/css/metro.min.css","meta":{"rootId":"oowvg99nu34n2yl","id":"oowvg99nu34n2yl"},"id":"amug19jqujmclgu","previousOperationId":"gzy6k0xa78id9pa"}
{"type":"log","timestamp":1674752854424,"level":"debug","message":"Page request: GET (stylesheet) https://cdnjs.cloudflare.com/ajax/libs/chartist/0.11.0/chartist.min.css","meta":{"rootId":"oowvg99nu34n2yl","id":"oowvg99nu34n2yl"},"id":"yp0qedwg8q30c5f","previousOperationId":"gzy6k0xa78id9pa"}
{"type":"log","timestamp":1674752854424,"level":"debug","message":"Page request: GET (script) https://cdnjs.cloudflare.com/ajax/libs/chartist/0.11.0/chartist.min.js","meta":{"rootId":"oowvg99nu34n2yl","id":"oowvg99nu34n2yl"},"id":"zst00rray4twqxr","previousOperationId":"gzy6k0xa78id9pa"}
{"type":"log","timestamp":1674752854425,"level":"debug","message":"Page request: GET (script) https://unpkg.com/chartist-plugin-tooltips@0.0.17","meta":{"rootId":"oowvg99nu34n2yl","id":"oowvg99nu34n2yl"},"id":"ep3c1vtlj2o9x1h","previousOperationId":"gzy6k0xa78id9pa"}
{"type":"log","timestamp":1674752854425,"level":"debug","message":"Page request: GET (script) https://unpkg.com/chartist-plugin-pointlabels@0.0.6","meta":{"rootId":"oowvg99nu34n2yl","id":"oowvg99nu34n2yl"},"id":"o4x7ievs6fqd2mf","previousOperationId":"gzy6k0xa78id9pa"}
{"type":"log","timestamp":1674752854432,"level":"warn","message":"Page request failed: GET (script) 302 https://unpkg.com/chartist-plugin-tooltips@0.0.17 (redirect to: /chartist-plugin-tooltips@0.0.17/dist/chartist-plugin-tooltip.js)","meta":{"rootId":"oowvg99nu34n2yl","id":"oowvg99nu34n2yl"},"id":"dk06r1j4w0pn4vo","previousOperationId":"gzy6k0xa78id9pa"}
{"type":"log","timestamp":1674752854432,"level":"debug","message":"Page request: GET (script) https://unpkg.com/chartist-plugin-tooltips@0.0.17/dist/chartist-plugin-tooltip.js (redirect from: https://unpkg.com/chartist-plugin-tooltips@0.0.17)","meta":{"rootId":"oowvg99nu34n2yl","id":"oowvg99nu34n2yl"},"id":"e5lr4hscrszsdhc","previousOperationId":"gzy6k0xa78id9pa"}
{"type":"log","timestamp":1674752854433,"level":"debug","message":"Page request finished: GET (stylesheet) 200 https://cdnjs.cloudflare.com/ajax/libs/chartist/0.11.0/chartist.min.css","meta":{"rootId":"oowvg99nu34n2yl","id":"oowvg99nu34n2yl"},"id":"1fulra7k9rzpu8a","previousOperationId":"gzy6k0xa78id9pa"}
{"type":"log","timestamp":1674752854434,"level":"warn","message":"Page request failed: GET (script) 302 https://unpkg.com/chartist-plugin-pointlabels@0.0.6 (redirect to: /chartist-plugin-pointlabels@0.0.6/dist/chartist-plugin-pointlabels.js)","meta":{"rootId":"oowvg99nu34n2yl","id":"oowvg99nu34n2yl"},"id":"9njlf1kamtvb8xp","previousOperationId":"gzy6k0xa78id9pa"}
{"type":"log","timestamp":1674752854434,"level":"debug","message":"Page request: GET (script) https://unpkg.com/chartist-plugin-pointlabels@0.0.6/dist/chartist-plugin-pointlabels.js (redirect from: https://unpkg.com/chartist-plugin-pointlabels@0.0.6)","meta":{"rootId":"oowvg99nu34n2yl","id":"oowvg99nu34n2yl"},"id":"9th4haha3swztof","previousOperationId":"gzy6k0xa78id9pa"}
{"type":"log","timestamp":1674752854451,"level":"debug","message":"Page request finished: GET (stylesheet) 200 https://cdnjs.cloudflare.com/ajax/libs/metro/4.1.5/css/metro.min.css","meta":{"rootId":"oowvg99nu34n2yl","id":"oowvg99nu34n2yl"},"id":"1t46t3o33ke3iec","previousOperationId":"gzy6k0xa78id9pa"}
{"type":"log","timestamp":1674752854451,"level":"debug","message":"Page request finished: GET (script) 200 https://cdnjs.cloudflare.com/ajax/libs/chartist/0.11.0/chartist.min.js","meta":{"rootId":"oowvg99nu34n2yl","id":"oowvg99nu34n2yl"},"id":"4qol57hecu2f90i","previousOperationId":"gzy6k0xa78id9pa"}
{"type":"log","timestamp":1674752854452,"level":"debug","message":"Page request finished: GET (script) 200 https://unpkg.com/chartist-plugin-tooltips@0.0.17/dist/chartist-plugin-tooltip.js","meta":{"rootId":"oowvg99nu34n2yl","id":"oowvg99nu34n2yl"},"id":"oymohh3xmgn7835","previousOperationId":"gzy6k0xa78id9pa"}
{"type":"log","timestamp":1674752854453,"level":"debug","message":"Page request finished: GET (script) 200 https://unpkg.com/chartist-plugin-pointlabels@0.0.6/dist/chartist-plugin-pointlabels.js","meta":{"rootId":"oowvg99nu34n2yl","id":"oowvg99nu34n2yl"},"id":"wy2vqx3weetvsie","previousOperationId":"gzy6k0xa78id9pa"}
{"type":"log","timestamp":1674752854454,"level":"warn","message":"Page error: SyntaxError: Unexpected identifier","meta":{"rootId":"oowvg99nu34n2yl","id":"oowvg99nu34n2yl"},"id":"a9pa3dclpusdsqs","previousOperationId":"gzy6k0xa78id9pa"}
{"type":"log","timestamp":1674752854515,"level":"debug","message":"Running chrome with params {\"printBackground\":true,\"timeout\":59217,\"margin\":{}}","meta":{"rootId":"oowvg99nu34n2yl","id":"oowvg99nu34n2yl"},"id":"g7x5y3tursggtya","previousOperationId":"gzy6k0xa78id9pa"}
{"type":"operationEnd","operationId":"gzy6k0xa78id9pa","timestamp":1674752854663,"id":"sawk0o0iv2q76qg","previousEventId":"llt2oq8bh04oce7","previousOperationId":"gzy6k0xa78id9pa"}
{"type":"log","timestamp":1674752854664,"level":"debug","message":"Executing script testing (afterRender)","meta":{"rootId":"oowvg99nu34n2yl","id":"oowvg99nu34n2yl"},"id":"oq11d1gvo82se74","previousOperationId":"gzy6k0xa78id9pa"}
{"type":"operationStart","subtype":"scriptsAfterRender","name":"scripts afterRender","timestamp":1674752854672,"id":"sgx2w2o2effzjdf","previousEventId":"sawk0o0iv2q76qg","operationId":"nnftl2nksbkjlv9","previousOperationId":"gzy6k0xa78id9pa"}
{"type":"operationStart","subtype":"script","name":"scripts testing","previousOperationId":"nnftl2nksbkjlv9","timestamp":1674752854672,"id":"yf7n9qq12dwc2hp","previousEventId":"sgx2w2o2effzjdf","operationId":"bcm2v9mxwu4laxg"}
{"type":"operationEnd","operationId":"bcm2v9mxwu4laxg","timestamp":1674752855620,"id":"yrfo2vpsro7wxrd","previousEventId":"sawk0o0iv2q76qg","previousOperationId":"gzy6k0xa78id9pa"}
{"type":"operationEnd","operationId":"nnftl2nksbkjlv9","timestamp":1674752855620,"id":"96lxdg1s6hfkzjb","previousEventId":"yrfo2vpsro7wxrd","previousOperationId":"gzy6k0xa78id9pa"}
{"type":"log","timestamp":1674752855620,"level":"debug","message":"Skipping storing report.","meta":{"rootId":"oowvg99nu34n2yl","id":"oowvg99nu34n2yl"},"id":"65e5le3t3baspml","previousOperationId":"nnftl2nksbkjlv9"}
{"type":"log","timestamp":1674752855620,"level":"info","message":"Rendering request 13 finished in 2129 ms","meta":{"rootId":"oowvg99nu34n2yl","id":"oowvg99nu34n2yl"},"id":"o2b2fzc662bfhkv","previousOperationId":"nnftl2nksbkjlv9"}
{"type":"operationEnd","subtype":"render","operationId":"t9jdm1d0pfxw66l","timestamp":1674752855620,"id":"83w9qv5o5lilpgm","previousEventId":"96lxdg1s6hfkzjb","previousOperationId":"nnftl2nksbkjlv9"}
{"type":"operationEnd","doDiffs":false,"previousEventId":"larp84ne8374o9g","previousOperationId":"svrxwhqe09s53tz","operationId":"svrxwhqe09s53tz","timestamp":1674752855631,"id":"juekdqc9g80tdtg"}
