{"type":"operationStart","subtype":"profile","data":{"_id":"u9uKccBK2sZho95J","timestamp":"2023-01-26T17:01:09.081Z","state":"queued","mode":"standard","creationDate":"2023-01-26T17:01:09.084Z","modificationDate":"2023-01-26T17:01:09.084Z","shortid":"TU8cKUC","$entitySet":"profiles"},"doDiffs":false,"timestamp":1674752469082,"id":"ocw0y4un6xv98v3","previousOperationId":null,"operationId":"odc4oojndtfvikx"}
{"type":"log","level":"info","message":"Render request 4 queued for execution and waiting for available worker","previousOperationId":"odc4oojndtfvikx","timestamp":1674752469083,"id":"e83kb28kgbpgqy8"}
{"type":"operationStart","subtype":"render","name":"Data","previousOperationId":"odc4oojndtfvikx","timestamp":1674752469095,"id":"9vcuiuwm9vwv87r","previousEventId":"ocw0y4un6xv98v3","operationId":"p41sblztkbyzfcv"}
{"type":"log","timestamp":1674752469095,"level":"info","message":"Starting rendering request 4","meta":{"rootId":"oujeu9ugy76sihp","id":"oujeu9ugy76sihp"},"id":"5wnfobugo1tjvc3","previousOperationId":"p41sblztkbyzfcv"}
{"type":"log","timestamp":1674752469095,"level":"info","message":"Rendering template { name: Data, recipe: chrome-pdf, engine: handlebars, preview: true }","meta":{"rootId":"oujeu9ugy76sihp","id":"oujeu9ugy76sihp"},"id":"scrkpce9p3lxzjp","previousOperationId":"p41sblztkbyzfcv"}
{"type":"log","timestamp":1674752469100,"level":"debug","message":"Data item not defined for this template.","meta":{"rootId":"oujeu9ugy76sihp","id":"oujeu9ugy76sihp"},"id":"dkxxo14zeyth2bv","previousOperationId":"p41sblztkbyzfcv"}
{"type":"log","timestamp":1674752469107,"level":"debug","message":"Executing script testing (beforeRender)","meta":{"rootId":"oujeu9ugy76sihp","id":"oujeu9ugy76sihp"},"id":"6gdyfrsfkenkkjn","previousOperationId":"p41sblztkbyzfcv"}
{"type":"operationStart","subtype":"scriptsBeforeRender","name":"scripts beforeRender","timestamp":1674752469179,"id":"4cjx6yuue9cxgl9","previousEventId":"9vcuiuwm9vwv87r","operationId":"hxfkj3uxcdexoz4","previousOperationId":"p41sblztkbyzfcv"}
{"type":"operationStart","subtype":"script","name":"scripts testing","previousOperationId":"hxfkj3uxcdexoz4","timestamp":1674752469180,"id":"yynqz9zg1hnjth1","previousEventId":"4cjx6yuue9cxgl9","operationId":"toixilnjrr6n389"}
{"type":"log","timestamp":1674752469516,"level":"debug","message":"(console:log) {\n  locationName: [ 'Las Palmas de Gran Canaria', 'Galdar', 'Teror' ],\n  repetition: [ '2', '1', '3' ]\n}","meta":{"userLevel":true,"rootId":"oujeu9ugy76sihp","id":"oujeu9ugy76sihp"},"id":"fk2cxwqztkynyim","previousOperationId":"toixilnjrr6n389"}
{"type":"log","timestamp":1674752469516,"level":"debug","message":"(console:log) [ 'Las Palmas de Gran Canaria', 'Galdar', 'Teror' ]","meta":{"userLevel":true,"rootId":"oujeu9ugy76sihp","id":"oujeu9ugy76sihp"},"id":"gu82m938bu89nov","previousOperationId":"toixilnjrr6n389"}
{"type":"log","timestamp":1674752469516,"level":"debug","message":"(console:log) [ '2', '1', '3' ]","meta":{"userLevel":true,"rootId":"oujeu9ugy76sihp","id":"oujeu9ugy76sihp"},"id":"znj4fij1sw0xjc2","previousOperationId":"toixilnjrr6n389"}
{"type":"operationEnd","operationId":"toixilnjrr6n389","timestamp":1674752469940,"id":"r9vjowo4x9zisuy","previousEventId":"9vcuiuwm9vwv87r","previousOperationId":"p41sblztkbyzfcv"}
{"type":"operationEnd","operationId":"hxfkj3uxcdexoz4","timestamp":1674752469940,"id":"j1tn7s75fmj3m38","previousEventId":"r9vjowo4x9zisuy","previousOperationId":"p41sblztkbyzfcv"}
{"type":"log","timestamp":1674752469940,"level":"debug","message":"Base url not specified, skipping its injection.","meta":{"rootId":"oujeu9ugy76sihp","id":"oujeu9ugy76sihp"},"id":"w6xjcnuxkfyxkrd","previousOperationId":"hxfkj3uxcdexoz4"}
{"type":"operationStart","subtype":"engine","name":"handlebars","timestamp":1674752469940,"id":"nlvpi47bi9jwr9h","previousEventId":"j1tn7s75fmj3m38","operationId":"vxig4lbunhcfuiq","previousOperationId":"hxfkj3uxcdexoz4"}
{"type":"log","timestamp":1674752469940,"level":"debug","message":"Rendering engine handlebars","meta":{"rootId":"oujeu9ugy76sihp","id":"oujeu9ugy76sihp"},"id":"dzqr28de8gma2ak","previousOperationId":"vxig4lbunhcfuiq"}
{"type":"operationEnd","operationId":"vxig4lbunhcfuiq","timestamp":1674752469948,"id":"0lzftobcc8t1o0t","previousEventId":"nlvpi47bi9jwr9h","previousOperationId":"vxig4lbunhcfuiq"}
{"type":"operationStart","subtype":"recipe","name":"chrome-pdf","timestamp":1674752469949,"id":"xc41ri0gwztlz2d","previousEventId":"0lzftobcc8t1o0t","operationId":"6pzszgn8ddur6lh","previousOperationId":"vxig4lbunhcfuiq"}
{"type":"log","timestamp":1674752469949,"level":"debug","message":"Executing recipe chrome-pdf","meta":{"rootId":"oujeu9ugy76sihp","id":"oujeu9ugy76sihp"},"id":"jr54pzj5cyv81xz","previousOperationId":"6pzszgn8ddur6lh"}
{"type":"log","timestamp":1674752469954,"level":"debug","message":"Converting with chrome HeadlessChrome/105.0.5173.0 using chrome-pool strategy","meta":{"rootId":"oujeu9ugy76sihp","id":"oujeu9ugy76sihp"},"id":"e1f0dvekufu5wco","previousOperationId":"6pzszgn8ddur6lh"}
{"type":"log","timestamp":1674752470052,"level":"debug","message":"Page request: GET (document) file:///C:/Users/Johan/AppData/Local/Temp/jsreport/autocleanup/8e9d75fc-2290-4c88-9cff-6c498acaac86-chrome-pdf.html","meta":{"rootId":"oujeu9ugy76sihp","id":"oujeu9ugy76sihp"},"id":"5y1owsrptywb3l1","previousOperationId":"6pzszgn8ddur6lh"}
{"type":"log","timestamp":1674752470084,"level":"debug","message":"Page request: GET (stylesheet) https://cdnjs.cloudflare.com/ajax/libs/metro/4.1.5/css/metro.min.css","meta":{"rootId":"oujeu9ugy76sihp","id":"oujeu9ugy76sihp"},"id":"iywsnpd1oqnyhw7","previousOperationId":"6pzszgn8ddur6lh"}
{"type":"log","timestamp":1674752470085,"level":"debug","message":"Page request: GET (stylesheet) https://cdnjs.cloudflare.com/ajax/libs/chartist/0.11.0/chartist.min.css","meta":{"rootId":"oujeu9ugy76sihp","id":"oujeu9ugy76sihp"},"id":"vd4sy3jxn3b3inf","previousOperationId":"6pzszgn8ddur6lh"}
{"type":"log","timestamp":1674752470085,"level":"debug","message":"Page request: GET (script) https://cdnjs.cloudflare.com/ajax/libs/chartist/0.11.0/chartist.min.js","meta":{"rootId":"oujeu9ugy76sihp","id":"oujeu9ugy76sihp"},"id":"rjajcwex1tybkhg","previousOperationId":"6pzszgn8ddur6lh"}
{"type":"log","timestamp":1674752470086,"level":"debug","message":"Page request finished: GET (document) 200 file:///C:/Users/Johan/AppData/Local/Temp/jsreport/autocleanup/8e9d75fc-2290-4c88-9cff-6c498acaac86-chrome-pdf.html","meta":{"rootId":"oujeu9ugy76sihp","id":"oujeu9ugy76sihp"},"id":"mtesqh4zg1ahiha","previousOperationId":"6pzszgn8ddur6lh"}
{"type":"log","timestamp":1674752470087,"level":"debug","message":"Page request: GET (script) https://unpkg.com/chartist-plugin-tooltips@0.0.17","meta":{"rootId":"oujeu9ugy76sihp","id":"oujeu9ugy76sihp"},"id":"7j7kyl97qe21hf4","previousOperationId":"6pzszgn8ddur6lh"}
{"type":"log","timestamp":1674752470087,"level":"debug","message":"Page request: GET (script) https://unpkg.com/chartist-plugin-pointlabels@0.0.6","meta":{"rootId":"oujeu9ugy76sihp","id":"oujeu9ugy76sihp"},"id":"gh56ehlc89kv8qc","previousOperationId":"6pzszgn8ddur6lh"}
{"type":"log","timestamp":1674752470097,"level":"debug","message":"Page request finished: GET (stylesheet) 200 https://cdnjs.cloudflare.com/ajax/libs/chartist/0.11.0/chartist.min.css","meta":{"rootId":"oujeu9ugy76sihp","id":"oujeu9ugy76sihp"},"id":"474wzrgok2tqj3c","previousOperationId":"6pzszgn8ddur6lh"}
{"type":"log","timestamp":1674752470098,"level":"debug","message":"Page request finished: GET (script) 200 https://cdnjs.cloudflare.com/ajax/libs/chartist/0.11.0/chartist.min.js","meta":{"rootId":"oujeu9ugy76sihp","id":"oujeu9ugy76sihp"},"id":"5j9lx858klwx9kb","previousOperationId":"6pzszgn8ddur6lh"}
{"type":"log","timestamp":1674752470099,"level":"warn","message":"Page request failed: GET (script) 302 https://unpkg.com/chartist-plugin-tooltips@0.0.17 (redirect to: /chartist-plugin-tooltips@0.0.17/dist/chartist-plugin-tooltip.js)","meta":{"rootId":"oujeu9ugy76sihp","id":"oujeu9ugy76sihp"},"id":"65q79khk1k7mj42","previousOperationId":"6pzszgn8ddur6lh"}
{"type":"log","timestamp":1674752470100,"level":"warn","message":"Page request failed: GET (script) 302 https://unpkg.com/chartist-plugin-pointlabels@0.0.6 (redirect to: /chartist-plugin-pointlabels@0.0.6/dist/chartist-plugin-pointlabels.js)","meta":{"rootId":"oujeu9ugy76sihp","id":"oujeu9ugy76sihp"},"id":"jrkw2jm9so5ouly","previousOperationId":"6pzszgn8ddur6lh"}
{"type":"log","timestamp":1674752470100,"level":"debug","message":"Page request: GET (script) https://unpkg.com/chartist-plugin-tooltips@0.0.17/dist/chartist-plugin-tooltip.js (redirect from: https://unpkg.com/chartist-plugin-tooltips@0.0.17)","meta":{"rootId":"oujeu9ugy76sihp","id":"oujeu9ugy76sihp"},"id":"agn7h6k1cppjwpl","previousOperationId":"6pzszgn8ddur6lh"}
{"type":"log","timestamp":1674752470100,"level":"debug","message":"Page request: GET (script) https://unpkg.com/chartist-plugin-pointlabels@0.0.6/dist/chartist-plugin-pointlabels.js (redirect from: https://unpkg.com/chartist-plugin-pointlabels@0.0.6)","meta":{"rootId":"oujeu9ugy76sihp","id":"oujeu9ugy76sihp"},"id":"zffjogyfirvdivr","previousOperationId":"6pzszgn8ddur6lh"}
{"type":"log","timestamp":1674752470118,"level":"debug","message":"Page request finished: GET (stylesheet) 200 https://cdnjs.cloudflare.com/ajax/libs/metro/4.1.5/css/metro.min.css","meta":{"rootId":"oujeu9ugy76sihp","id":"oujeu9ugy76sihp"},"id":"x2n3f9me3es8hid","previousOperationId":"6pzszgn8ddur6lh"}
{"type":"log","timestamp":1674752470120,"level":"debug","message":"Page request finished: GET (script) 200 https://unpkg.com/chartist-plugin-tooltips@0.0.17/dist/chartist-plugin-tooltip.js","meta":{"rootId":"oujeu9ugy76sihp","id":"oujeu9ugy76sihp"},"id":"uh5ukr5mxk0n1x7","previousOperationId":"6pzszgn8ddur6lh"}
{"type":"log","timestamp":1674752470120,"level":"debug","message":"Page request finished: GET (script) 200 https://unpkg.com/chartist-plugin-pointlabels@0.0.6/dist/chartist-plugin-pointlabels.js","meta":{"rootId":"oujeu9ugy76sihp","id":"oujeu9ugy76sihp"},"id":"b0alx062d0x8wpe","previousOperationId":"6pzszgn8ddur6lh"}
{"type":"log","timestamp":1674752470122,"level":"warn","message":"Page error: SyntaxError: Unexpected identifier","meta":{"rootId":"oujeu9ugy76sihp","id":"oujeu9ugy76sihp"},"id":"au68uw60w8401j1","previousOperationId":"6pzszgn8ddur6lh"}
{"type":"log","timestamp":1674752470161,"level":"debug","message":"Running chrome with params {\"printBackground\":true,\"timeout\":59128,\"margin\":{}}","meta":{"rootId":"oujeu9ugy76sihp","id":"oujeu9ugy76sihp"},"id":"4p3qj7u0uip8oel","previousOperationId":"6pzszgn8ddur6lh"}
{"type":"operationEnd","operationId":"6pzszgn8ddur6lh","timestamp":1674752470289,"id":"m94dky9j3mn3nj9","previousEventId":"xc41ri0gwztlz2d","previousOperationId":"6pzszgn8ddur6lh"}
{"type":"log","timestamp":1674752470289,"level":"debug","message":"Executing script testing (afterRender)","meta":{"rootId":"oujeu9ugy76sihp","id":"oujeu9ugy76sihp"},"id":"fhx8w217yv18soj","previousOperationId":"6pzszgn8ddur6lh"}
{"type":"operationStart","subtype":"scriptsAfterRender","name":"scripts afterRender","timestamp":1674752470301,"id":"ehc7y4glp0qijyw","previousEventId":"m94dky9j3mn3nj9","operationId":"usjik7rfplx2o9f","previousOperationId":"6pzszgn8ddur6lh"}
{"type":"operationStart","subtype":"script","name":"scripts testing","previousOperationId":"usjik7rfplx2o9f","timestamp":1674752470301,"id":"wa1twstx99xyscm","previousEventId":"ehc7y4glp0qijyw","operationId":"1w6vs3qqwnh0w62"}
{"type":"operationEnd","operationId":"1w6vs3qqwnh0w62","timestamp":1674752471319,"id":"vr51rdbkegdp0rn","previousEventId":"m94dky9j3mn3nj9","previousOperationId":"6pzszgn8ddur6lh"}
{"type":"operationEnd","operationId":"usjik7rfplx2o9f","timestamp":1674752471319,"id":"3vtcjezbo1sum7x","previousEventId":"vr51rdbkegdp0rn","previousOperationId":"6pzszgn8ddur6lh"}
{"type":"log","timestamp":1674752471319,"level":"debug","message":"Skipping storing report.","meta":{"rootId":"oujeu9ugy76sihp","id":"oujeu9ugy76sihp"},"id":"7rogfsxc0s2fz2a","previousOperationId":"usjik7rfplx2o9f"}
{"type":"log","timestamp":1674752471319,"level":"info","message":"Rendering request 4 finished in 2238 ms","meta":{"rootId":"oujeu9ugy76sihp","id":"oujeu9ugy76sihp"},"id":"yr7894uuq59tmt9","previousOperationId":"usjik7rfplx2o9f"}
{"type":"operationEnd","subtype":"render","operationId":"p41sblztkbyzfcv","timestamp":1674752471319,"id":"aszuy9ojjvggj34","previousEventId":"3vtcjezbo1sum7x","previousOperationId":"usjik7rfplx2o9f"}
{"type":"operationEnd","doDiffs":false,"previousEventId":"ocw0y4un6xv98v3","previousOperationId":"odc4oojndtfvikx","operationId":"odc4oojndtfvikx","timestamp":1674752471323,"id":"5fxnk8a8bky79t0"}
