{"type":"operationStart","subtype":"profile","data":{"_id":"58wizTXFohTy9W7p","timestamp":"2023-01-26T15:36:35.642Z","state":"queued","mode":"standard","creationDate":"2023-01-26T15:36:35.644Z","modificationDate":"2023-01-26T15:36:35.644Z","shortid":"C4KddDD","$entitySet":"profiles"},"doDiffs":false,"timestamp":1674747395644,"id":"q6geh60zw97r1k8","previousOperationId":null,"operationId":"kzi3pqmbjcb8h40"}
{"type":"log","level":"info","message":"Render request 29 queued for execution and waiting for available worker","previousOperationId":"kzi3pqmbjcb8h40","timestamp":1674747395644,"id":"au29ocfuapv3uqb"}
{"type":"operationStart","subtype":"render","name":"Data","previousOperationId":"kzi3pqmbjcb8h40","timestamp":1674747395653,"id":"vzib6svqz4lt9th","previousEventId":"q6geh60zw97r1k8","operationId":"9u3qd7z5ahoowts"}
{"type":"log","timestamp":1674747395653,"level":"info","message":"Starting rendering request 29","meta":{"rootId":"p4wsyd9k6lakwfh","id":"p4wsyd9k6lakwfh"},"id":"ovowkmjck5yt1fu","previousOperationId":"9u3qd7z5ahoowts"}
{"type":"log","timestamp":1674747395653,"level":"info","message":"Rendering template { name: Data, recipe: chrome-pdf, engine: handlebars, preview: true }","meta":{"rootId":"p4wsyd9k6lakwfh","id":"p4wsyd9k6lakwfh"},"id":"bmcuw9b9pg44g6g","previousOperationId":"9u3qd7z5ahoowts"}
{"type":"log","timestamp":1674747395653,"level":"debug","message":"Data item not defined for this template.","meta":{"rootId":"p4wsyd9k6lakwfh","id":"p4wsyd9k6lakwfh"},"id":"hzc2xqi66lt0hn5","previousOperationId":"9u3qd7z5ahoowts"}
{"type":"log","timestamp":1674747395655,"level":"debug","message":"Executing script testing (beforeRender)","meta":{"rootId":"p4wsyd9k6lakwfh","id":"p4wsyd9k6lakwfh"},"id":"krdt6qizav948di","previousOperationId":"9u3qd7z5ahoowts"}
{"type":"operationStart","subtype":"scriptsBeforeRender","name":"scripts beforeRender","timestamp":1674747395704,"id":"n6q1er82qpo9gnu","previousEventId":"vzib6svqz4lt9th","operationId":"bn9ms515c00cfwm","previousOperationId":"9u3qd7z5ahoowts"}
{"type":"operationStart","subtype":"script","name":"scripts testing","previousOperationId":"bn9ms515c00cfwm","timestamp":1674747395704,"id":"bw4o6g95sbstfu7","previousEventId":"n6q1er82qpo9gnu","operationId":"it1vem47mba1i4m"}
{"type":"operationEnd","operationId":"it1vem47mba1i4m","timestamp":1674747396251,"id":"fsszutvfi0xet3h","previousEventId":"vzib6svqz4lt9th","previousOperationId":"9u3qd7z5ahoowts"}
{"type":"operationEnd","operationId":"bn9ms515c00cfwm","timestamp":1674747396251,"id":"pz1948nso1brnj9","previousEventId":"fsszutvfi0xet3h","previousOperationId":"9u3qd7z5ahoowts"}
{"type":"log","timestamp":1674747396251,"level":"debug","message":"Base url not specified, skipping its injection.","meta":{"rootId":"p4wsyd9k6lakwfh","id":"p4wsyd9k6lakwfh"},"id":"ioqasq4oq9tzk8v","previousOperationId":"bn9ms515c00cfwm"}
{"type":"operationStart","subtype":"engine","name":"handlebars","timestamp":1674747396251,"id":"kbyla7j2dq2rjjg","previousEventId":"pz1948nso1brnj9","operationId":"34pneohgmjcivde","previousOperationId":"bn9ms515c00cfwm"}
{"type":"log","timestamp":1674747396251,"level":"debug","message":"Rendering engine handlebars","meta":{"rootId":"p4wsyd9k6lakwfh","id":"p4wsyd9k6lakwfh"},"id":"gxuw7u0z11lm6x9","previousOperationId":"34pneohgmjcivde"}
{"type":"operationEnd","operationId":"34pneohgmjcivde","timestamp":1674747396257,"id":"sskfkjk42j0kqu9","previousEventId":"kbyla7j2dq2rjjg","previousOperationId":"34pneohgmjcivde"}
{"type":"operationStart","subtype":"recipe","name":"chrome-pdf","timestamp":1674747396258,"id":"n4cpp2akgj9le4n","previousEventId":"sskfkjk42j0kqu9","operationId":"0svysepueahcypm","previousOperationId":"34pneohgmjcivde"}
{"type":"log","timestamp":1674747396258,"level":"debug","message":"Executing recipe chrome-pdf","meta":{"rootId":"p4wsyd9k6lakwfh","id":"p4wsyd9k6lakwfh"},"id":"1a9nnzdid3486qz","previousOperationId":"0svysepueahcypm"}
{"type":"log","timestamp":1674747396263,"level":"debug","message":"Converting with chrome HeadlessChrome/105.0.5173.0 using chrome-pool strategy","meta":{"rootId":"p4wsyd9k6lakwfh","id":"p4wsyd9k6lakwfh"},"id":"thtou0po93icfpn","previousOperationId":"0svysepueahcypm"}
{"type":"log","timestamp":1674747396357,"level":"debug","message":"Page request: GET (document) file:///C:/Users/Johan/AppData/Local/Temp/jsreport/autocleanup/d43052bc-a21a-4346-a5ba-be32e91326c2-chrome-pdf.html","meta":{"rootId":"p4wsyd9k6lakwfh","id":"p4wsyd9k6lakwfh"},"id":"ygx1ekbs4qh59kz","previousOperationId":"0svysepueahcypm"}
{"type":"log","timestamp":1674747396377,"level":"debug","message":"Page request: GET (stylesheet) https://cdnjs.cloudflare.com/ajax/libs/metro/4.1.5/css/metro.min.css","meta":{"rootId":"p4wsyd9k6lakwfh","id":"p4wsyd9k6lakwfh"},"id":"c02owqn3f6u6upx","previousOperationId":"0svysepueahcypm"}
{"type":"log","timestamp":1674747396378,"level":"debug","message":"Page request: GET (script) https://cdnjs.cloudflare.com/ajax/libs/Chart.js/2.7.2/Chart.min.js","meta":{"rootId":"p4wsyd9k6lakwfh","id":"p4wsyd9k6lakwfh"},"id":"osmai9wqunmtcjo","previousOperationId":"0svysepueahcypm"}
{"type":"log","timestamp":1674747396379,"level":"debug","message":"Page request: GET (stylesheet) https://cdnjs.cloudflare.com/ajax/libs/chartist/0.11.0/chartist.min.css","meta":{"rootId":"p4wsyd9k6lakwfh","id":"p4wsyd9k6lakwfh"},"id":"oeqcmuzk3z0mups","previousOperationId":"0svysepueahcypm"}
{"type":"log","timestamp":1674747396380,"level":"debug","message":"Page request: GET (script) https://cdn.jsdelivr.net/npm/chart.js@2.9.3/dist/Chart.min.js","meta":{"rootId":"p4wsyd9k6lakwfh","id":"p4wsyd9k6lakwfh"},"id":"wz6colkimey0fin","previousOperationId":"0svysepueahcypm"}
{"type":"log","timestamp":1674747396380,"level":"debug","message":"Page request finished: GET (document) 200 file:///C:/Users/Johan/AppData/Local/Temp/jsreport/autocleanup/d43052bc-a21a-4346-a5ba-be32e91326c2-chrome-pdf.html","meta":{"rootId":"p4wsyd9k6lakwfh","id":"p4wsyd9k6lakwfh"},"id":"e0knv7kajdry0r5","previousOperationId":"0svysepueahcypm"}
{"type":"log","timestamp":1674747396385,"level":"debug","message":"Page request finished: GET (stylesheet) 200 https://cdnjs.cloudflare.com/ajax/libs/chartist/0.11.0/chartist.min.css","meta":{"rootId":"p4wsyd9k6lakwfh","id":"p4wsyd9k6lakwfh"},"id":"8uty8hx4w66zy1f","previousOperationId":"0svysepueahcypm"}
{"type":"log","timestamp":1674747396386,"level":"debug","message":"Page request finished: GET (script) 200 https://cdnjs.cloudflare.com/ajax/libs/Chart.js/2.7.2/Chart.min.js","meta":{"rootId":"p4wsyd9k6lakwfh","id":"p4wsyd9k6lakwfh"},"id":"t9r2bxgrj113sni","previousOperationId":"0svysepueahcypm"}
{"type":"log","timestamp":1674747396404,"level":"debug","message":"Page request finished: GET (stylesheet) 200 https://cdnjs.cloudflare.com/ajax/libs/metro/4.1.5/css/metro.min.css","meta":{"rootId":"p4wsyd9k6lakwfh","id":"p4wsyd9k6lakwfh"},"id":"erq2uk6pnzb9ccj","previousOperationId":"0svysepueahcypm"}
{"type":"log","timestamp":1674747396405,"level":"debug","message":"Page request finished: GET (script) 200 https://cdn.jsdelivr.net/npm/chart.js@2.9.3/dist/Chart.min.js","meta":{"rootId":"p4wsyd9k6lakwfh","id":"p4wsyd9k6lakwfh"},"id":"kcb18lmn68505ny","previousOperationId":"0svysepueahcypm"}
{"type":"log","timestamp":1674747396420,"level":"warn","message":"Page error: SyntaxError: Unexpected token ';'","meta":{"rootId":"p4wsyd9k6lakwfh","id":"p4wsyd9k6lakwfh"},"id":"g6ezkhpgrfztbq3","previousOperationId":"0svysepueahcypm"}
{"type":"log","timestamp":1674747396458,"level":"debug","message":"Running chrome with params {\"printBackground\":true,\"timeout\":59381,\"margin\":{}}","meta":{"rootId":"p4wsyd9k6lakwfh","id":"p4wsyd9k6lakwfh"},"id":"lfn2g39auq314c3","previousOperationId":"0svysepueahcypm"}
{"type":"operationEnd","operationId":"0svysepueahcypm","timestamp":1674747396569,"id":"1enwx3ol0lsxt55","previousEventId":"n4cpp2akgj9le4n","previousOperationId":"0svysepueahcypm"}
{"type":"log","timestamp":1674747396569,"level":"debug","message":"Executing script testing (afterRender)","meta":{"rootId":"p4wsyd9k6lakwfh","id":"p4wsyd9k6lakwfh"},"id":"kfknvu4lqb0aaxv","previousOperationId":"0svysepueahcypm"}
{"type":"operationStart","subtype":"scriptsAfterRender","name":"scripts afterRender","timestamp":1674747396576,"id":"84m3rzwnh8vrsag","previousEventId":"1enwx3ol0lsxt55","operationId":"7ukfkn2120ich43","previousOperationId":"0svysepueahcypm"}
{"type":"operationStart","subtype":"script","name":"scripts testing","previousOperationId":"7ukfkn2120ich43","timestamp":1674747396576,"id":"6pwn3c7o133190v","previousEventId":"84m3rzwnh8vrsag","operationId":"5i73yuktxm8a0io"}
{"type":"operationEnd","operationId":"5i73yuktxm8a0io","timestamp":1674747397601,"id":"eosck96hxkt3wkm","previousEventId":"1enwx3ol0lsxt55","previousOperationId":"0svysepueahcypm"}
{"type":"operationEnd","operationId":"7ukfkn2120ich43","timestamp":1674747397601,"id":"g7wiovx4aptcdfj","previousEventId":"eosck96hxkt3wkm","previousOperationId":"0svysepueahcypm"}
{"type":"log","timestamp":1674747397601,"level":"debug","message":"Skipping storing report.","meta":{"rootId":"p4wsyd9k6lakwfh","id":"p4wsyd9k6lakwfh"},"id":"gi3fh8rvv9663c0","previousOperationId":"7ukfkn2120ich43"}
{"type":"log","timestamp":1674747397601,"level":"info","message":"Rendering request 29 finished in 1959 ms","meta":{"rootId":"p4wsyd9k6lakwfh","id":"p4wsyd9k6lakwfh"},"id":"a6d8isw1ivjoxb0","previousOperationId":"7ukfkn2120ich43"}
{"type":"operationEnd","subtype":"render","operationId":"9u3qd7z5ahoowts","timestamp":1674747397601,"id":"7curf4b423a13um","previousEventId":"g7wiovx4aptcdfj","previousOperationId":"7ukfkn2120ich43"}
{"type":"operationEnd","doDiffs":false,"previousEventId":"q6geh60zw97r1k8","previousOperationId":"kzi3pqmbjcb8h40","operationId":"kzi3pqmbjcb8h40","timestamp":1674747397604,"id":"i0qlaiklcyt8ryn"}
