{"type":"operationStart","subtype":"profile","data":{"_id":"j6cFSAZhNOkkVMNj","timestamp":"2023-01-26T16:49:43.682Z","state":"queued","mode":"standard","creationDate":"2023-01-26T16:49:43.685Z","modificationDate":"2023-01-26T16:49:43.685Z","shortid":"M--7aB2","$entitySet":"profiles"},"doDiffs":false,"timestamp":1674751783683,"id":"apxtvbhkpk1wq61","previousOperationId":null,"operationId":"j82cv83kxsy5jss"}
{"type":"log","level":"info","message":"Render request 1 queued for execution and waiting for available worker","previousOperationId":"j82cv83kxsy5jss","timestamp":1674751783683,"id":"c7mgtc6m96tekay"}
{"type":"operationStart","subtype":"render","name":"Data","previousOperationId":"j82cv83kxsy5jss","timestamp":1674751783705,"id":"pe026u520p3qu2p","previousEventId":"apxtvbhkpk1wq61","operationId":"b2yuf4s9vepw1ob"}
{"type":"log","timestamp":1674751783706,"level":"info","message":"Starting rendering request 1","meta":{"rootId":"pcgh8kjutxe2rvs","id":"pcgh8kjutxe2rvs"},"id":"aefl1x95mg4otq6","previousOperationId":"b2yuf4s9vepw1ob"}
{"type":"log","timestamp":1674751783707,"level":"info","message":"Rendering template { name: Data, recipe: chrome-pdf, engine: handlebars, preview: true }","meta":{"rootId":"pcgh8kjutxe2rvs","id":"pcgh8kjutxe2rvs"},"id":"qrno9femk4asf7x","previousOperationId":"b2yuf4s9vepw1ob"}
{"type":"log","timestamp":1674751783709,"level":"debug","message":"Data item not defined for this template.","meta":{"rootId":"pcgh8kjutxe2rvs","id":"pcgh8kjutxe2rvs"},"id":"ze14yxs7b3qekjq","previousOperationId":"b2yuf4s9vepw1ob"}
{"type":"log","timestamp":1674751783712,"level":"debug","message":"Executing script testing (beforeRender)","meta":{"rootId":"pcgh8kjutxe2rvs","id":"pcgh8kjutxe2rvs"},"id":"pzbya2qpx8767t4","previousOperationId":"b2yuf4s9vepw1ob"}
{"type":"operationStart","subtype":"scriptsBeforeRender","name":"scripts beforeRender","timestamp":1674751784042,"id":"jy249b1koi18xly","previousEventId":"pe026u520p3qu2p","operationId":"l977l79wklzrlz3","previousOperationId":"b2yuf4s9vepw1ob"}
{"type":"operationStart","subtype":"script","name":"scripts testing","previousOperationId":"l977l79wklzrlz3","timestamp":1674751784042,"id":"3iu5jgb95wqz74j","previousEventId":"jy249b1koi18xly","operationId":"dpx9u5zyma92715"}
{"type":"log","timestamp":1674751784789,"level":"debug","message":"(console:log) {\n  locationName: [ 'Las Palmas de Gran Canaria', 'Galdar', 'Teror' ],\n  repetition: [ '2', '1', '3' ]\n}","meta":{"userLevel":true,"rootId":"pcgh8kjutxe2rvs","id":"pcgh8kjutxe2rvs"},"id":"nlluoyjn1ljsyss","previousOperationId":"dpx9u5zyma92715"}
{"type":"log","timestamp":1674751784789,"level":"debug","message":"(console:log) [ 'Las Palmas de Gran Canaria', 'Galdar', 'Teror' ]","meta":{"userLevel":true,"rootId":"pcgh8kjutxe2rvs","id":"pcgh8kjutxe2rvs"},"id":"totthyhvsguvzm2","previousOperationId":"dpx9u5zyma92715"}
{"type":"log","timestamp":1674751784789,"level":"debug","message":"(console:log) [ '2', '1', '3' ]","meta":{"userLevel":true,"rootId":"pcgh8kjutxe2rvs","id":"pcgh8kjutxe2rvs"},"id":"hz5h8b98gku37jb","previousOperationId":"dpx9u5zyma92715"}
{"type":"operationEnd","operationId":"dpx9u5zyma92715","timestamp":1674751785491,"id":"cj1nf4fcwcfpho7","previousEventId":"pe026u520p3qu2p","previousOperationId":"b2yuf4s9vepw1ob"}
{"type":"operationEnd","operationId":"l977l79wklzrlz3","timestamp":1674751785491,"id":"1odtvk3o7meyb4u","previousEventId":"cj1nf4fcwcfpho7","previousOperationId":"b2yuf4s9vepw1ob"}
{"type":"log","timestamp":1674751785491,"level":"debug","message":"Base url not specified, skipping its injection.","meta":{"rootId":"pcgh8kjutxe2rvs","id":"pcgh8kjutxe2rvs"},"id":"k10j1cya0xj21fj","previousOperationId":"l977l79wklzrlz3"}
{"type":"operationStart","subtype":"engine","name":"handlebars","timestamp":1674751785492,"id":"2du0w201gbwhq22","previousEventId":"1odtvk3o7meyb4u","operationId":"vr2edymg2b3conz","previousOperationId":"l977l79wklzrlz3"}
{"type":"log","timestamp":1674751785493,"level":"debug","message":"Rendering engine handlebars","meta":{"rootId":"pcgh8kjutxe2rvs","id":"pcgh8kjutxe2rvs"},"id":"alkuw4ooa4yxyx6","previousOperationId":"vr2edymg2b3conz"}
{"type":"operationEnd","operationId":"vr2edymg2b3conz","timestamp":1674751785825,"id":"3kf31thaljuprxx","previousEventId":"2du0w201gbwhq22","previousOperationId":"vr2edymg2b3conz"}
{"type":"operationStart","subtype":"recipe","name":"chrome-pdf","timestamp":1674751785826,"id":"pj10r6hhi5vp827","previousEventId":"3kf31thaljuprxx","operationId":"xdx0eiimlkk0il7","previousOperationId":"vr2edymg2b3conz"}
{"type":"log","timestamp":1674751785826,"level":"debug","message":"Executing recipe chrome-pdf","meta":{"rootId":"pcgh8kjutxe2rvs","id":"pcgh8kjutxe2rvs"},"id":"tjduan21w5fy34g","previousOperationId":"xdx0eiimlkk0il7"}
{"type":"log","timestamp":1674751786087,"level":"debug","message":"Converting with chrome HeadlessChrome/105.0.5173.0 using chrome-pool strategy","meta":{"rootId":"pcgh8kjutxe2rvs","id":"pcgh8kjutxe2rvs"},"id":"0mjpybe3so7avpn","previousOperationId":"xdx0eiimlkk0il7"}
{"type":"log","timestamp":1674751786218,"level":"debug","message":"Page request: GET (document) file:///C:/Users/Johan/AppData/Local/Temp/jsreport/autocleanup/ce7a155f-43b4-48b4-895b-34952187c08f-chrome-pdf.html","meta":{"rootId":"pcgh8kjutxe2rvs","id":"pcgh8kjutxe2rvs"},"id":"o4ucer2krn45g3p","previousOperationId":"xdx0eiimlkk0il7"}
{"type":"log","timestamp":1674751786243,"level":"debug","message":"Page request: GET (stylesheet) https://cdnjs.cloudflare.com/ajax/libs/metro/4.1.5/css/metro.min.css","meta":{"rootId":"pcgh8kjutxe2rvs","id":"pcgh8kjutxe2rvs"},"id":"g1cvqh2kefxv49o","previousOperationId":"xdx0eiimlkk0il7"}
{"type":"log","timestamp":1674751786245,"level":"debug","message":"Page request finished: GET (document) 200 file:///C:/Users/Johan/AppData/Local/Temp/jsreport/autocleanup/ce7a155f-43b4-48b4-895b-34952187c08f-chrome-pdf.html","meta":{"rootId":"pcgh8kjutxe2rvs","id":"pcgh8kjutxe2rvs"},"id":"9zfloi6zzjzlg7y","previousOperationId":"xdx0eiimlkk0il7"}
{"type":"log","timestamp":1674751786245,"level":"debug","message":"Page request: GET (stylesheet) https://cdnjs.cloudflare.com/ajax/libs/chartist/0.11.0/chartist.min.css","meta":{"rootId":"pcgh8kjutxe2rvs","id":"pcgh8kjutxe2rvs"},"id":"mhyj2qbgqd2gzo5","previousOperationId":"xdx0eiimlkk0il7"}
{"type":"log","timestamp":1674751786245,"level":"debug","message":"Page request: GET (script) https://cdnjs.cloudflare.com/ajax/libs/chartist/0.11.0/chartist.min.js","meta":{"rootId":"pcgh8kjutxe2rvs","id":"pcgh8kjutxe2rvs"},"id":"25wneo2ngx3ylbk","previousOperationId":"xdx0eiimlkk0il7"}
{"type":"log","timestamp":1674751786245,"level":"debug","message":"Page request: GET (script) https://unpkg.com/chartist-plugin-tooltips@0.0.17","meta":{"rootId":"pcgh8kjutxe2rvs","id":"pcgh8kjutxe2rvs"},"id":"j2g1bajy93ku3a4","previousOperationId":"xdx0eiimlkk0il7"}
{"type":"log","timestamp":1674751786245,"level":"debug","message":"Page request: GET (script) https://unpkg.com/chartist-plugin-pointlabels@0.0.6","meta":{"rootId":"pcgh8kjutxe2rvs","id":"pcgh8kjutxe2rvs"},"id":"qr2fwnp86ni3pxv","previousOperationId":"xdx0eiimlkk0il7"}
{"type":"log","timestamp":1674751788711,"level":"warn","message":"Page request failed: GET (script) 302 https://unpkg.com/chartist-plugin-pointlabels@0.0.6 (redirect to: /chartist-plugin-pointlabels@0.0.6/dist/chartist-plugin-pointlabels.js)","meta":{"rootId":"pcgh8kjutxe2rvs","id":"pcgh8kjutxe2rvs"},"id":"4fbuqr4sis869dn","previousOperationId":"xdx0eiimlkk0il7"}
{"type":"log","timestamp":1674751788711,"level":"debug","message":"Page request: GET (script) https://unpkg.com/chartist-plugin-pointlabels@0.0.6/dist/chartist-plugin-pointlabels.js (redirect from: https://unpkg.com/chartist-plugin-pointlabels@0.0.6)","meta":{"rootId":"pcgh8kjutxe2rvs","id":"pcgh8kjutxe2rvs"},"id":"8mhz4mwdu68pst3","previousOperationId":"xdx0eiimlkk0il7"}
{"type":"log","timestamp":1674751788716,"level":"warn","message":"Page request failed: GET (script) 302 https://unpkg.com/chartist-plugin-tooltips@0.0.17 (redirect to: /chartist-plugin-tooltips@0.0.17/dist/chartist-plugin-tooltip.js)","meta":{"rootId":"pcgh8kjutxe2rvs","id":"pcgh8kjutxe2rvs"},"id":"aktj2uxbzd921gn","previousOperationId":"xdx0eiimlkk0il7"}
{"type":"log","timestamp":1674751788716,"level":"debug","message":"Page request: GET (script) https://unpkg.com/chartist-plugin-tooltips@0.0.17/dist/chartist-plugin-tooltip.js (redirect from: https://unpkg.com/chartist-plugin-tooltips@0.0.17)","meta":{"rootId":"pcgh8kjutxe2rvs","id":"pcgh8kjutxe2rvs"},"id":"sm635cuwua40z1o","previousOperationId":"xdx0eiimlkk0il7"}
{"type":"log","timestamp":1674751788723,"level":"debug","message":"Page request finished: GET (script) 200 https://cdnjs.cloudflare.com/ajax/libs/chartist/0.11.0/chartist.min.js","meta":{"rootId":"pcgh8kjutxe2rvs","id":"pcgh8kjutxe2rvs"},"id":"hicmg592mxvt5b4","previousOperationId":"xdx0eiimlkk0il7"}
{"type":"log","timestamp":1674751788756,"level":"debug","message":"Page request finished: GET (stylesheet) 200 https://cdnjs.cloudflare.com/ajax/libs/chartist/0.11.0/chartist.min.css","meta":{"rootId":"pcgh8kjutxe2rvs","id":"pcgh8kjutxe2rvs"},"id":"tg5oqebk9n2e4zz","previousOperationId":"xdx0eiimlkk0il7"}
{"type":"log","timestamp":1674751788771,"level":"debug","message":"Page request finished: GET (stylesheet) 200 https://cdnjs.cloudflare.com/ajax/libs/metro/4.1.5/css/metro.min.css","meta":{"rootId":"pcgh8kjutxe2rvs","id":"pcgh8kjutxe2rvs"},"id":"wpb37w489beesa9","previousOperationId":"xdx0eiimlkk0il7"}
{"type":"log","timestamp":1674751788787,"level":"debug","message":"Page request finished: GET (script) 200 https://unpkg.com/chartist-plugin-tooltips@0.0.17/dist/chartist-plugin-tooltip.js","meta":{"rootId":"pcgh8kjutxe2rvs","id":"pcgh8kjutxe2rvs"},"id":"8fzrjoqvzsquni8","previousOperationId":"xdx0eiimlkk0il7"}
{"type":"log","timestamp":1674751788787,"level":"debug","message":"Page request finished: GET (script) 200 https://unpkg.com/chartist-plugin-pointlabels@0.0.6/dist/chartist-plugin-pointlabels.js","meta":{"rootId":"pcgh8kjutxe2rvs","id":"pcgh8kjutxe2rvs"},"id":"xuonu6iylcsajrq","previousOperationId":"xdx0eiimlkk0il7"}
{"type":"log","timestamp":1674751788789,"level":"debug","message":"(console:log) Me he venido","meta":{"userLevel":true,"rootId":"pcgh8kjutxe2rvs","id":"pcgh8kjutxe2rvs"},"id":"1xw72sroizirqmy","previousOperationId":"xdx0eiimlkk0il7"}
{"type":"log","timestamp":1674751788790,"level":"debug","message":"(console:log) JSHandle@array","meta":{"userLevel":true,"rootId":"pcgh8kjutxe2rvs","id":"pcgh8kjutxe2rvs"},"id":"u5tx2oobzdlg5eu","previousOperationId":"xdx0eiimlkk0il7"}
{"type":"log","timestamp":1674751788791,"level":"debug","message":"(console:log) JSHandle@array","meta":{"userLevel":true,"rootId":"pcgh8kjutxe2rvs","id":"pcgh8kjutxe2rvs"},"id":"lp2r3qnw7sfi81o","previousOperationId":"xdx0eiimlkk0il7"}
{"type":"log","timestamp":1674751788848,"level":"debug","message":"Running chrome with params {\"printBackground\":true,\"timeout\":57722,\"margin\":{}}","meta":{"rootId":"pcgh8kjutxe2rvs","id":"pcgh8kjutxe2rvs"},"id":"rc4coalpcnmrpy6","previousOperationId":"xdx0eiimlkk0il7"}
{"type":"operationEnd","operationId":"xdx0eiimlkk0il7","timestamp":1674751788997,"id":"hk5uxk6eltrob61","previousEventId":"pj10r6hhi5vp827","previousOperationId":"xdx0eiimlkk0il7"}
{"type":"log","timestamp":1674751788998,"level":"debug","message":"Executing script testing (afterRender)","meta":{"rootId":"pcgh8kjutxe2rvs","id":"pcgh8kjutxe2rvs"},"id":"wxlmh2hvg86ursw","previousOperationId":"xdx0eiimlkk0il7"}
{"type":"operationStart","subtype":"scriptsAfterRender","name":"scripts afterRender","timestamp":1674751789009,"id":"3d60e1eu4btaksn","previousEventId":"hk5uxk6eltrob61","operationId":"3ux5zy1s8iajgwr","previousOperationId":"xdx0eiimlkk0il7"}
{"type":"operationStart","subtype":"script","name":"scripts testing","previousOperationId":"3ux5zy1s8iajgwr","timestamp":1674751789009,"id":"dfvluybwssvu94p","previousEventId":"3d60e1eu4btaksn","operationId":"gtkwb92q47w8yfh"}
{"type":"operationEnd","operationId":"gtkwb92q47w8yfh","timestamp":1674751790046,"id":"ofilzga6l3q8vyq","previousEventId":"hk5uxk6eltrob61","previousOperationId":"xdx0eiimlkk0il7"}
{"type":"operationEnd","operationId":"3ux5zy1s8iajgwr","timestamp":1674751790046,"id":"cs44ugzhdslz56e","previousEventId":"ofilzga6l3q8vyq","previousOperationId":"xdx0eiimlkk0il7"}
{"type":"log","timestamp":1674751790047,"level":"debug","message":"Skipping storing report.","meta":{"rootId":"pcgh8kjutxe2rvs","id":"pcgh8kjutxe2rvs"},"id":"79g5s46aqm79nuf","previousOperationId":"3ux5zy1s8iajgwr"}
{"type":"log","timestamp":1674751790047,"level":"info","message":"Rendering request 1 finished in 6366 ms","meta":{"rootId":"pcgh8kjutxe2rvs","id":"pcgh8kjutxe2rvs"},"id":"k0hd6m2luty2hlr","previousOperationId":"3ux5zy1s8iajgwr"}
{"type":"operationEnd","subtype":"render","operationId":"b2yuf4s9vepw1ob","timestamp":1674751790047,"id":"tf8fusn1vhiux7p","previousEventId":"cs44ugzhdslz56e","previousOperationId":"3ux5zy1s8iajgwr"}
{"type":"operationEnd","doDiffs":false,"previousEventId":"apxtvbhkpk1wq61","previousOperationId":"j82cv83kxsy5jss","operationId":"j82cv83kxsy5jss","timestamp":1674751790051,"id":"stkwjxnaf0n05ky"}
