{"type":"operationStart","subtype":"profile","data":{"_id":"FcWTwJdRYiukLZo3","timestamp":"2023-01-24T19:09:12.897Z","state":"queued","mode":"standard","creationDate":"2023-01-24T19:09:12.901Z","modificationDate":"2023-01-24T19:09:12.901Z","shortid":"jpCAtNh","$entitySet":"profiles"},"doDiffs":false,"timestamp":1674587352900,"id":"y1z0pkk6sk0n1qw","previousOperationId":null,"operationId":"imkeaibr6twpcyh"}
{"type":"log","level":"info","message":"Render request 7 queued for execution and waiting for available worker","previousOperationId":"imkeaibr6twpcyh","timestamp":1674587352900,"id":"ejhvd54ki8pl42v"}
{"type":"operationStart","subtype":"render","name":"Data","previousOperationId":"imkeaibr6twpcyh","timestamp":1674587352917,"id":"4l28lvov2cxor3a","previousEventId":"y1z0pkk6sk0n1qw","operationId":"n7sj2wjy9bihd2a"}
{"type":"log","timestamp":1674587352917,"level":"info","message":"Starting rendering request 7","meta":{"rootId":"ppk47onsg9etemg","id":"ppk47onsg9etemg"},"id":"3tb43tvy83hwyee","previousOperationId":"n7sj2wjy9bihd2a"}
{"type":"log","timestamp":1674587352919,"level":"info","message":"Rendering template { name: Data, recipe: chrome-pdf, engine: handlebars, preview: true }","meta":{"rootId":"ppk47onsg9etemg","id":"ppk47onsg9etemg"},"id":"39z8j60ngdwn755","previousOperationId":"n7sj2wjy9bihd2a"}
{"type":"log","timestamp":1674587352920,"level":"debug","message":"Data item not defined for this template.","meta":{"rootId":"ppk47onsg9etemg","id":"ppk47onsg9etemg"},"id":"ivl076chps1drtt","previousOperationId":"n7sj2wjy9bihd2a"}
{"type":"log","timestamp":1674587352924,"level":"debug","message":"Executing script testing (beforeRender)","meta":{"rootId":"ppk47onsg9etemg","id":"ppk47onsg9etemg"},"id":"vatymia7tbyyqwp","previousOperationId":"n7sj2wjy9bihd2a"}
{"type":"operationStart","subtype":"scriptsBeforeRender","name":"scripts beforeRender","timestamp":1674587353009,"id":"16wf2rv6drv6vho","previousEventId":"4l28lvov2cxor3a","operationId":"75xjet7tutnqbc7","previousOperationId":"n7sj2wjy9bihd2a"}
{"type":"operationStart","subtype":"script","name":"scripts testing","previousOperationId":"75xjet7tutnqbc7","timestamp":1674587353009,"id":"8rz9xiba6dqnil0","previousEventId":"16wf2rv6drv6vho","operationId":"ss2gkvumaftming"}
{"type":"operationEnd","operationId":"ss2gkvumaftming","timestamp":1674587353541,"id":"7dz9ht51vemm8wj","previousEventId":"4l28lvov2cxor3a","previousOperationId":"n7sj2wjy9bihd2a"}
{"type":"operationEnd","operationId":"75xjet7tutnqbc7","timestamp":1674587353541,"id":"0s2kikfe9aypxa0","previousEventId":"7dz9ht51vemm8wj","previousOperationId":"n7sj2wjy9bihd2a"}
{"type":"log","timestamp":1674587353541,"level":"debug","message":"Base url not specified, skipping its injection.","meta":{"rootId":"ppk47onsg9etemg","id":"ppk47onsg9etemg"},"id":"zzz38znb4jq60on","previousOperationId":"75xjet7tutnqbc7"}
{"type":"operationStart","subtype":"engine","name":"handlebars","timestamp":1674587353541,"id":"dhogbk7o3crtgbc","previousEventId":"0s2kikfe9aypxa0","operationId":"o69zyfi5wwod5s7","previousOperationId":"75xjet7tutnqbc7"}
{"type":"log","timestamp":1674587353541,"level":"debug","message":"Rendering engine handlebars","meta":{"rootId":"ppk47onsg9etemg","id":"ppk47onsg9etemg"},"id":"wnrmkmvczzfel2g","previousOperationId":"o69zyfi5wwod5s7"}
{"type":"operationEnd","operationId":"o69zyfi5wwod5s7","timestamp":1674587353558,"id":"5b6truel192kwrb","previousEventId":"dhogbk7o3crtgbc","previousOperationId":"o69zyfi5wwod5s7"}
{"type":"operationStart","subtype":"recipe","name":"chrome-pdf","timestamp":1674587353558,"id":"kp1vc6lyqg7i8k4","previousEventId":"5b6truel192kwrb","operationId":"rkpfc3g4h9czbov","previousOperationId":"o69zyfi5wwod5s7"}
{"type":"log","timestamp":1674587353558,"level":"debug","message":"Executing recipe chrome-pdf","meta":{"rootId":"ppk47onsg9etemg","id":"ppk47onsg9etemg"},"id":"ly81xxnpv138066","previousOperationId":"rkpfc3g4h9czbov"}
{"type":"log","timestamp":1674587353565,"level":"debug","message":"Converting with chrome HeadlessChrome/105.0.5173.0 using chrome-pool strategy","meta":{"rootId":"ppk47onsg9etemg","id":"ppk47onsg9etemg"},"id":"vlr7920awbjijbc","previousOperationId":"rkpfc3g4h9czbov"}
{"type":"log","timestamp":1674587353701,"level":"debug","message":"Page request: GET (document) file:///C:/Users/Johan/AppData/Local/Temp/jsreport/autocleanup/d3428fda-9216-40b5-95a5-dd8ddd001f8a-chrome-pdf.html","meta":{"rootId":"ppk47onsg9etemg","id":"ppk47onsg9etemg"},"id":"k4tugf6v20b12vi","previousOperationId":"rkpfc3g4h9czbov"}
{"type":"log","timestamp":1674587353719,"level":"debug","message":"Page request finished: GET (document) 200 file:///C:/Users/Johan/AppData/Local/Temp/jsreport/autocleanup/d3428fda-9216-40b5-95a5-dd8ddd001f8a-chrome-pdf.html","meta":{"rootId":"ppk47onsg9etemg","id":"ppk47onsg9etemg"},"id":"s0m6uzqmks8fmcp","previousOperationId":"rkpfc3g4h9czbov"}
{"type":"log","timestamp":1674587353719,"level":"debug","message":"Page request: GET (stylesheet) https://cdnjs.cloudflare.com/ajax/libs/metro/4.1.5/css/metro.min.css","meta":{"rootId":"ppk47onsg9etemg","id":"ppk47onsg9etemg"},"id":"w2sw8r18qais9lz","previousOperationId":"rkpfc3g4h9czbov"}
{"type":"log","timestamp":1674587353720,"level":"debug","message":"Page request: GET (script) https://cdnjs.cloudflare.com/ajax/libs/Chart.js/2.7.2/Chart.min.js","meta":{"rootId":"ppk47onsg9etemg","id":"ppk47onsg9etemg"},"id":"kovsuormm72tq07","previousOperationId":"rkpfc3g4h9czbov"}
{"type":"log","timestamp":1674587353730,"level":"debug","message":"Page request finished: GET (script) 200 https://cdnjs.cloudflare.com/ajax/libs/Chart.js/2.7.2/Chart.min.js","meta":{"rootId":"ppk47onsg9etemg","id":"ppk47onsg9etemg"},"id":"x0efhn3fsosqk9l","previousOperationId":"rkpfc3g4h9czbov"}
{"type":"log","timestamp":1674587353753,"level":"debug","message":"Page request finished: GET (stylesheet) 200 https://cdnjs.cloudflare.com/ajax/libs/metro/4.1.5/css/metro.min.css","meta":{"rootId":"ppk47onsg9etemg","id":"ppk47onsg9etemg"},"id":"m14uaokmax3pn6h","previousOperationId":"rkpfc3g4h9czbov"}
{"type":"log","timestamp":1674587353806,"level":"debug","message":"Running chrome with params {\"printBackground\":true,\"timeout\":59334,\"margin\":{}}","meta":{"rootId":"ppk47onsg9etemg","id":"ppk47onsg9etemg"},"id":"08ssaur61simepf","previousOperationId":"rkpfc3g4h9czbov"}
{"type":"operationEnd","operationId":"rkpfc3g4h9czbov","timestamp":1674587353936,"id":"rlwgurf1qotxw4v","previousEventId":"kp1vc6lyqg7i8k4","previousOperationId":"rkpfc3g4h9czbov"}
{"type":"log","timestamp":1674587353936,"level":"debug","message":"Skipping storing report.","meta":{"rootId":"ppk47onsg9etemg","id":"ppk47onsg9etemg"},"id":"hyyfeg5qt3sy96a","previousOperationId":"rkpfc3g4h9czbov"}
{"type":"log","timestamp":1674587353937,"level":"info","message":"Rendering request 7 finished in 1041 ms","meta":{"rootId":"ppk47onsg9etemg","id":"ppk47onsg9etemg"},"id":"zcp9hgrivf644hp","previousOperationId":"rkpfc3g4h9czbov"}
{"type":"operationEnd","subtype":"render","operationId":"n7sj2wjy9bihd2a","timestamp":1674587353937,"id":"bxdyjl5d3u3e52j","previousEventId":"rlwgurf1qotxw4v","previousOperationId":"rkpfc3g4h9czbov"}
{"type":"operationEnd","doDiffs":false,"previousEventId":"y1z0pkk6sk0n1qw","previousOperationId":"imkeaibr6twpcyh","operationId":"imkeaibr6twpcyh","timestamp":1674587353942,"id":"131zlavf7a66yqe"}
