{"type":"operationStart","subtype":"profile","data":{"_id":"DbfpHx94tTJcM6E8","timestamp":"2023-01-26T17:07:19.202Z","state":"queued","mode":"standard","creationDate":"2023-01-26T17:07:19.204Z","modificationDate":"2023-01-26T17:07:19.204Z","shortid":"7BX73X1","$entitySet":"profiles"},"doDiffs":false,"timestamp":1674752839203,"id":"vfugj6t1b7u8k1f","previousOperationId":null,"operationId":"53qwnckdl3hj7oz"}
{"type":"log","level":"info","message":"Render request 12 queued for execution and waiting for available worker","previousOperationId":"53qwnckdl3hj7oz","timestamp":1674752839203,"id":"xd870abftdrjvaq"}
{"type":"operationStart","subtype":"render","name":"Data","previousOperationId":"53qwnckdl3hj7oz","timestamp":1674752839217,"id":"t8e2j28boz0l6xu","previousEventId":"vfugj6t1b7u8k1f","operationId":"qd1fwt69rtqty3r"}
{"type":"log","timestamp":1674752839217,"level":"info","message":"Starting rendering request 12","meta":{"rootId":"q0967vrk7pjzbyu","id":"q0967vrk7pjzbyu"},"id":"darxqtqktpp3s0z","previousOperationId":"qd1fwt69rtqty3r"}
{"type":"log","timestamp":1674752839217,"level":"info","message":"Rendering template { name: Data, recipe: chrome-pdf, engine: handlebars, preview: true }","meta":{"rootId":"q0967vrk7pjzbyu","id":"q0967vrk7pjzbyu"},"id":"zhm49q4ds2mthwj","previousOperationId":"qd1fwt69rtqty3r"}
{"type":"log","timestamp":1674752839218,"level":"debug","message":"Data item not defined for this template.","meta":{"rootId":"q0967vrk7pjzbyu","id":"q0967vrk7pjzbyu"},"id":"ii5l7gij3spdrk3","previousOperationId":"qd1fwt69rtqty3r"}
{"type":"log","timestamp":1674752839222,"level":"debug","message":"Executing script testing (beforeRender)","meta":{"rootId":"q0967vrk7pjzbyu","id":"q0967vrk7pjzbyu"},"id":"levn5qoxjpqgzst","previousOperationId":"qd1fwt69rtqty3r"}
{"type":"operationStart","subtype":"scriptsBeforeRender","name":"scripts beforeRender","timestamp":1674752839293,"id":"fbepy4lzidljzra","previousEventId":"t8e2j28boz0l6xu","operationId":"dk2o6f8811n4eao","previousOperationId":"qd1fwt69rtqty3r"}
{"type":"operationStart","subtype":"script","name":"scripts testing","previousOperationId":"dk2o6f8811n4eao","timestamp":1674752839293,"id":"6zodnpmrtp40qb2","previousEventId":"fbepy4lzidljzra","operationId":"mb1gfcaszpyeaz4"}
{"type":"log","timestamp":1674752839835,"level":"debug","message":"(console:log) {\n  locationName: [ 'Las Palmas de Gran Canaria', 'Galdar', 'Teror' ],\n  repetition: [ '2', '1', '3' ]\n}","meta":{"userLevel":true,"rootId":"q0967vrk7pjzbyu","id":"q0967vrk7pjzbyu"},"id":"ijjhtghsvggqcbv","previousOperationId":"mb1gfcaszpyeaz4"}
{"type":"log","timestamp":1674752839835,"level":"debug","message":"(console:log) [ 'Las Palmas de Gran Canaria', 'Galdar', 'Teror' ]","meta":{"userLevel":true,"rootId":"q0967vrk7pjzbyu","id":"q0967vrk7pjzbyu"},"id":"xj9lcdibvu4v63w","previousOperationId":"mb1gfcaszpyeaz4"}
{"type":"log","timestamp":1674752839835,"level":"debug","message":"(console:log) [ '2', '1', '3' ]","meta":{"userLevel":true,"rootId":"q0967vrk7pjzbyu","id":"q0967vrk7pjzbyu"},"id":"fm4lzds01w2mbp4","previousOperationId":"mb1gfcaszpyeaz4"}
{"type":"operationEnd","operationId":"mb1gfcaszpyeaz4","timestamp":1674752840305,"id":"4sb390xoje80osd","previousEventId":"t8e2j28boz0l6xu","previousOperationId":"qd1fwt69rtqty3r"}
{"type":"operationEnd","operationId":"dk2o6f8811n4eao","timestamp":1674752840305,"id":"bncraixjltstj9n","previousEventId":"4sb390xoje80osd","previousOperationId":"qd1fwt69rtqty3r"}
{"type":"log","timestamp":1674752840305,"level":"debug","message":"Base url not specified, skipping its injection.","meta":{"rootId":"q0967vrk7pjzbyu","id":"q0967vrk7pjzbyu"},"id":"fhqwypkxisl52lz","previousOperationId":"dk2o6f8811n4eao"}
{"type":"operationStart","subtype":"engine","name":"handlebars","timestamp":1674752840306,"id":"n0ekloomxm9hw4o","previousEventId":"bncraixjltstj9n","operationId":"onkczgu3jzj26q0","previousOperationId":"dk2o6f8811n4eao"}
{"type":"log","timestamp":1674752840306,"level":"debug","message":"Rendering engine handlebars","meta":{"rootId":"q0967vrk7pjzbyu","id":"q0967vrk7pjzbyu"},"id":"hl828vstk4wf8xl","previousOperationId":"onkczgu3jzj26q0"}
{"type":"operationEnd","operationId":"onkczgu3jzj26q0","timestamp":1674752840314,"id":"e2djh9ileix8n5w","previousEventId":"n0ekloomxm9hw4o","previousOperationId":"onkczgu3jzj26q0"}
{"type":"operationStart","subtype":"recipe","name":"chrome-pdf","timestamp":1674752840314,"id":"scuyojkchh0znbk","previousEventId":"e2djh9ileix8n5w","operationId":"ojqwamw2zkem790","previousOperationId":"onkczgu3jzj26q0"}
{"type":"log","timestamp":1674752840314,"level":"debug","message":"Executing recipe chrome-pdf","meta":{"rootId":"q0967vrk7pjzbyu","id":"q0967vrk7pjzbyu"},"id":"isg0ld5u24wcaz3","previousOperationId":"ojqwamw2zkem790"}
{"type":"log","timestamp":1674752840318,"level":"debug","message":"Converting with chrome HeadlessChrome/105.0.5173.0 using chrome-pool strategy","meta":{"rootId":"q0967vrk7pjzbyu","id":"q0967vrk7pjzbyu"},"id":"z3lf7ituf1p6hpp","previousOperationId":"ojqwamw2zkem790"}
{"type":"log","timestamp":1674752840433,"level":"debug","message":"Page request: GET (document) file:///C:/Users/Johan/AppData/Local/Temp/jsreport/autocleanup/198af629-8a0c-46f7-9d21-726de4f077c1-chrome-pdf.html","meta":{"rootId":"q0967vrk7pjzbyu","id":"q0967vrk7pjzbyu"},"id":"tbb558uthqemlan","previousOperationId":"ojqwamw2zkem790"}
{"type":"log","timestamp":1674752840453,"level":"debug","message":"Page request: GET (stylesheet) https://cdnjs.cloudflare.com/ajax/libs/metro/4.1.5/css/metro.min.css","meta":{"rootId":"q0967vrk7pjzbyu","id":"q0967vrk7pjzbyu"},"id":"kal5nq8a6amwc5n","previousOperationId":"ojqwamw2zkem790"}
{"type":"log","timestamp":1674752840453,"level":"debug","message":"Page request: GET (stylesheet) https://cdnjs.cloudflare.com/ajax/libs/chartist/0.11.0/chartist.min.css","meta":{"rootId":"q0967vrk7pjzbyu","id":"q0967vrk7pjzbyu"},"id":"8w3ym1241t15veh","previousOperationId":"ojqwamw2zkem790"}
{"type":"log","timestamp":1674752840453,"level":"debug","message":"Page request: GET (script) https://cdnjs.cloudflare.com/ajax/libs/chartist/0.11.0/chartist.min.js","meta":{"rootId":"q0967vrk7pjzbyu","id":"q0967vrk7pjzbyu"},"id":"dxkmjrlxgippiq6","previousOperationId":"ojqwamw2zkem790"}
{"type":"log","timestamp":1674752840454,"level":"debug","message":"Page request finished: GET (document) 200 file:///C:/Users/Johan/AppData/Local/Temp/jsreport/autocleanup/198af629-8a0c-46f7-9d21-726de4f077c1-chrome-pdf.html","meta":{"rootId":"q0967vrk7pjzbyu","id":"q0967vrk7pjzbyu"},"id":"bc86c6mv2eg9xt0","previousOperationId":"ojqwamw2zkem790"}
{"type":"log","timestamp":1674752840454,"level":"debug","message":"Page request: GET (script) https://unpkg.com/chartist-plugin-tooltips@0.0.17","meta":{"rootId":"q0967vrk7pjzbyu","id":"q0967vrk7pjzbyu"},"id":"l47gwci5kf542on","previousOperationId":"ojqwamw2zkem790"}
{"type":"log","timestamp":1674752840454,"level":"debug","message":"Page request: GET (script) https://unpkg.com/chartist-plugin-pointlabels@0.0.6","meta":{"rootId":"q0967vrk7pjzbyu","id":"q0967vrk7pjzbyu"},"id":"y3zymcr7j06kydf","previousOperationId":"ojqwamw2zkem790"}
{"type":"log","timestamp":1674752840459,"level":"debug","message":"Page request finished: GET (stylesheet) 200 https://cdnjs.cloudflare.com/ajax/libs/chartist/0.11.0/chartist.min.css","meta":{"rootId":"q0967vrk7pjzbyu","id":"q0967vrk7pjzbyu"},"id":"ufzd6pf3wht3rap","previousOperationId":"ojqwamw2zkem790"}
{"type":"log","timestamp":1674752840460,"level":"warn","message":"Page request failed: GET (script) 302 https://unpkg.com/chartist-plugin-tooltips@0.0.17 (redirect to: /chartist-plugin-tooltips@0.0.17/dist/chartist-plugin-tooltip.js)","meta":{"rootId":"q0967vrk7pjzbyu","id":"q0967vrk7pjzbyu"},"id":"uxw2lv5ptfehrzl","previousOperationId":"ojqwamw2zkem790"}
{"type":"log","timestamp":1674752840460,"level":"debug","message":"Page request: GET (script) https://unpkg.com/chartist-plugin-tooltips@0.0.17/dist/chartist-plugin-tooltip.js (redirect from: https://unpkg.com/chartist-plugin-tooltips@0.0.17)","meta":{"rootId":"q0967vrk7pjzbyu","id":"q0967vrk7pjzbyu"},"id":"0khkg46jxtqdmq4","previousOperationId":"ojqwamw2zkem790"}
{"type":"log","timestamp":1674752840461,"level":"warn","message":"Page request failed: GET (script) 302 https://unpkg.com/chartist-plugin-pointlabels@0.0.6 (redirect to: /chartist-plugin-pointlabels@0.0.6/dist/chartist-plugin-pointlabels.js)","meta":{"rootId":"q0967vrk7pjzbyu","id":"q0967vrk7pjzbyu"},"id":"iofqeuz8r0uzcaq","previousOperationId":"ojqwamw2zkem790"}
{"type":"log","timestamp":1674752840461,"level":"debug","message":"Page request finished: GET (script) 200 https://cdnjs.cloudflare.com/ajax/libs/chartist/0.11.0/chartist.min.js","meta":{"rootId":"q0967vrk7pjzbyu","id":"q0967vrk7pjzbyu"},"id":"oq7ayak7m4j1hel","previousOperationId":"ojqwamw2zkem790"}
{"type":"log","timestamp":1674752840461,"level":"debug","message":"Page request: GET (script) https://unpkg.com/chartist-plugin-pointlabels@0.0.6/dist/chartist-plugin-pointlabels.js (redirect from: https://unpkg.com/chartist-plugin-pointlabels@0.0.6)","meta":{"rootId":"q0967vrk7pjzbyu","id":"q0967vrk7pjzbyu"},"id":"jx5ou9vz7hw6qjd","previousOperationId":"ojqwamw2zkem790"}
{"type":"log","timestamp":1674752840476,"level":"debug","message":"Page request finished: GET (stylesheet) 200 https://cdnjs.cloudflare.com/ajax/libs/metro/4.1.5/css/metro.min.css","meta":{"rootId":"q0967vrk7pjzbyu","id":"q0967vrk7pjzbyu"},"id":"73ejalv3egv1pn7","previousOperationId":"ojqwamw2zkem790"}
{"type":"log","timestamp":1674752840478,"level":"debug","message":"Page request finished: GET (script) 200 https://unpkg.com/chartist-plugin-tooltips@0.0.17/dist/chartist-plugin-tooltip.js","meta":{"rootId":"q0967vrk7pjzbyu","id":"q0967vrk7pjzbyu"},"id":"464uh48m420s3r3","previousOperationId":"ojqwamw2zkem790"}
{"type":"log","timestamp":1674752840479,"level":"debug","message":"Page request finished: GET (script) 200 https://unpkg.com/chartist-plugin-pointlabels@0.0.6/dist/chartist-plugin-pointlabels.js","meta":{"rootId":"q0967vrk7pjzbyu","id":"q0967vrk7pjzbyu"},"id":"vlb93mq4s5pm1kq","previousOperationId":"ojqwamw2zkem790"}
{"type":"log","timestamp":1674752840480,"level":"warn","message":"Page error: SyntaxError: Unexpected identifier","meta":{"rootId":"q0967vrk7pjzbyu","id":"q0967vrk7pjzbyu"},"id":"p15y311gx6cl0hs","previousOperationId":"ojqwamw2zkem790"}
{"type":"log","timestamp":1674752840530,"level":"debug","message":"Running chrome with params {\"printBackground\":true,\"timeout\":58886,\"margin\":{}}","meta":{"rootId":"q0967vrk7pjzbyu","id":"q0967vrk7pjzbyu"},"id":"erk37xi875k9cii","previousOperationId":"ojqwamw2zkem790"}
{"type":"operationEnd","operationId":"ojqwamw2zkem790","timestamp":1674752840649,"id":"7tlplzjbw667bgn","previousEventId":"scuyojkchh0znbk","previousOperationId":"ojqwamw2zkem790"}
{"type":"log","timestamp":1674752840649,"level":"debug","message":"Executing script testing (afterRender)","meta":{"rootId":"q0967vrk7pjzbyu","id":"q0967vrk7pjzbyu"},"id":"91afsur2gs62vyl","previousOperationId":"ojqwamw2zkem790"}
{"type":"operationStart","subtype":"scriptsAfterRender","name":"scripts afterRender","timestamp":1674752840660,"id":"av6cd53ym8q4vjx","previousEventId":"7tlplzjbw667bgn","operationId":"9efiyzbcxuacjg9","previousOperationId":"ojqwamw2zkem790"}
{"type":"operationStart","subtype":"script","name":"scripts testing","previousOperationId":"9efiyzbcxuacjg9","timestamp":1674752840660,"id":"c9g4a7kf3bqfo2i","previousEventId":"av6cd53ym8q4vjx","operationId":"qfah98xzpunzbgn"}
{"type":"operationEnd","operationId":"qfah98xzpunzbgn","timestamp":1674752841831,"id":"qgdhayu9u7eu8gk","previousEventId":"7tlplzjbw667bgn","previousOperationId":"ojqwamw2zkem790"}
{"type":"operationEnd","operationId":"9efiyzbcxuacjg9","timestamp":1674752841831,"id":"h6jeoxt24x5ypo5","previousEventId":"qgdhayu9u7eu8gk","previousOperationId":"ojqwamw2zkem790"}
{"type":"log","timestamp":1674752841831,"level":"debug","message":"Skipping storing report.","meta":{"rootId":"q0967vrk7pjzbyu","id":"q0967vrk7pjzbyu"},"id":"gmqxlgdrcezefzd","previousOperationId":"9efiyzbcxuacjg9"}
{"type":"log","timestamp":1674752841831,"level":"info","message":"Rendering request 12 finished in 2629 ms","meta":{"rootId":"q0967vrk7pjzbyu","id":"q0967vrk7pjzbyu"},"id":"8pd3t6pxrv51dzw","previousOperationId":"9efiyzbcxuacjg9"}
{"type":"operationEnd","subtype":"render","operationId":"qd1fwt69rtqty3r","timestamp":1674752841831,"id":"xswu5year4gtl9t","previousEventId":"h6jeoxt24x5ypo5","previousOperationId":"9efiyzbcxuacjg9"}
{"type":"operationEnd","doDiffs":false,"previousEventId":"vfugj6t1b7u8k1f","previousOperationId":"53qwnckdl3hj7oz","operationId":"53qwnckdl3hj7oz","timestamp":1674752841836,"id":"llvtcc72hxhypn0"}
