{"type":"operationStart","subtype":"profile","data":{"_id":"VUqYEeMpAsr7Kamg","timestamp":"2023-01-26T17:17:55.147Z","state":"queued","mode":"standard","creationDate":"2023-01-26T17:17:55.149Z","modificationDate":"2023-01-26T17:17:55.149Z","shortid":"tk-znoV","$entitySet":"profiles"},"doDiffs":false,"timestamp":1674753475148,"id":"bysye90igeqirf9","previousOperationId":null,"operationId":"zr49v7cmqdogknd"}
{"type":"log","level":"info","message":"Render request 26 queued for execution and waiting for available worker","previousOperationId":"zr49v7cmqdogknd","timestamp":1674753475148,"id":"1kjafeg2uix6ov1"}
{"type":"operationStart","subtype":"render","name":"Data","previousOperationId":"zr49v7cmqdogknd","timestamp":1674753475161,"id":"auh9o4lm5nidflo","previousEventId":"bysye90igeqirf9","operationId":"1mwgww0le1cmnre"}
{"type":"log","timestamp":1674753475161,"level":"info","message":"Starting rendering request 26","meta":{"rootId":"qf0m7hv4emuheur","id":"qf0m7hv4emuheur"},"id":"68mmhd76asnlkba","previousOperationId":"1mwgww0le1cmnre"}
{"type":"log","timestamp":1674753475161,"level":"info","message":"Rendering template { name: Data, recipe: chrome-pdf, engine: handlebars, preview: true }","meta":{"rootId":"qf0m7hv4emuheur","id":"qf0m7hv4emuheur"},"id":"elfqsa1wf1f1hnf","previousOperationId":"1mwgww0le1cmnre"}
{"type":"log","timestamp":1674753475161,"level":"debug","message":"Data item not defined for this template.","meta":{"rootId":"qf0m7hv4emuheur","id":"qf0m7hv4emuheur"},"id":"0c56ppgehr73u9m","previousOperationId":"1mwgww0le1cmnre"}
{"type":"log","timestamp":1674753475164,"level":"debug","message":"Executing script testing (beforeRender)","meta":{"rootId":"qf0m7hv4emuheur","id":"qf0m7hv4emuheur"},"id":"z2fjm1er2b3sj26","previousOperationId":"1mwgww0le1cmnre"}
{"type":"operationStart","subtype":"scriptsBeforeRender","name":"scripts beforeRender","timestamp":1674753475222,"id":"wlp2ljuauyjdw4g","previousEventId":"auh9o4lm5nidflo","operationId":"9ycb5pn2dqhym0v","previousOperationId":"1mwgww0le1cmnre"}
{"type":"operationStart","subtype":"script","name":"scripts testing","previousOperationId":"9ycb5pn2dqhym0v","timestamp":1674753475222,"id":"o87aa7fd1nx9adt","previousEventId":"wlp2ljuauyjdw4g","operationId":"q84latg4sz75t6q"}
{"type":"log","timestamp":1674753475557,"level":"debug","message":"(console:log) {\n  locationName: [ 'Las Palmas de Gran Canaria', 'Galdar', 'Teror' ],\n  repetition: [ '2', '1', '3' ]\n}","meta":{"userLevel":true,"rootId":"qf0m7hv4emuheur","id":"qf0m7hv4emuheur"},"id":"or4dmk5mk4l1i8b","previousOperationId":"q84latg4sz75t6q"}
{"type":"log","timestamp":1674753475557,"level":"debug","message":"(console:log) [ 'Las Palmas de Gran Canaria', 'Galdar', 'Teror' ]","meta":{"userLevel":true,"rootId":"qf0m7hv4emuheur","id":"qf0m7hv4emuheur"},"id":"3se80cm93qqoa2f","previousOperationId":"q84latg4sz75t6q"}
{"type":"log","timestamp":1674753475557,"level":"debug","message":"(console:log) [ '2', '1', '3' ]","meta":{"userLevel":true,"rootId":"qf0m7hv4emuheur","id":"qf0m7hv4emuheur"},"id":"knkg1n5ccf0hvtr","previousOperationId":"q84latg4sz75t6q"}
{"type":"operationEnd","operationId":"q84latg4sz75t6q","timestamp":1674753475930,"id":"l3ylscm794z51zs","previousEventId":"auh9o4lm5nidflo","previousOperationId":"1mwgww0le1cmnre"}
{"type":"operationEnd","operationId":"9ycb5pn2dqhym0v","timestamp":1674753475930,"id":"pw3kcylqkhygu3q","previousEventId":"l3ylscm794z51zs","previousOperationId":"1mwgww0le1cmnre"}
{"type":"log","timestamp":1674753475930,"level":"debug","message":"Base url not specified, skipping its injection.","meta":{"rootId":"qf0m7hv4emuheur","id":"qf0m7hv4emuheur"},"id":"3skradvfghjk84x","previousOperationId":"9ycb5pn2dqhym0v"}
{"type":"operationStart","subtype":"engine","name":"handlebars","timestamp":1674753475930,"id":"2ihmdj5uh1gw0j8","previousEventId":"pw3kcylqkhygu3q","operationId":"ejm79hf7xojcq0h","previousOperationId":"9ycb5pn2dqhym0v"}
{"type":"log","timestamp":1674753475930,"level":"debug","message":"Rendering engine handlebars","meta":{"rootId":"qf0m7hv4emuheur","id":"qf0m7hv4emuheur"},"id":"drwhlrrsa7re3mq","previousOperationId":"ejm79hf7xojcq0h"}
{"type":"operationEnd","operationId":"ejm79hf7xojcq0h","timestamp":1674753475943,"id":"el0xpz88v2y7nas","previousEventId":"2ihmdj5uh1gw0j8","previousOperationId":"ejm79hf7xojcq0h"}
{"type":"operationStart","subtype":"recipe","name":"chrome-pdf","timestamp":1674753475944,"id":"dcuteqkuitsvk7q","previousEventId":"el0xpz88v2y7nas","operationId":"vr9wcfglwq5r47b","previousOperationId":"ejm79hf7xojcq0h"}
{"type":"log","timestamp":1674753475944,"level":"debug","message":"Executing recipe chrome-pdf","meta":{"rootId":"qf0m7hv4emuheur","id":"qf0m7hv4emuheur"},"id":"mzs57x1tv3xmwc1","previousOperationId":"vr9wcfglwq5r47b"}
{"type":"log","timestamp":1674753475946,"level":"debug","message":"Converting with chrome HeadlessChrome/105.0.5173.0 using chrome-pool strategy","meta":{"rootId":"qf0m7hv4emuheur","id":"qf0m7hv4emuheur"},"id":"4ktohtr6tmv8utk","previousOperationId":"vr9wcfglwq5r47b"}
{"type":"log","timestamp":1674753476033,"level":"debug","message":"Page request: GET (document) file:///C:/Users/Johan/AppData/Local/Temp/jsreport/autocleanup/a7214b93-76e3-45b1-9f87-3ba99cf3b790-chrome-pdf.html","meta":{"rootId":"qf0m7hv4emuheur","id":"qf0m7hv4emuheur"},"id":"x3tihxhqg1g4sa2","previousOperationId":"vr9wcfglwq5r47b"}
{"type":"log","timestamp":1674753476063,"level":"debug","message":"Page request: GET (stylesheet) https://cdnjs.cloudflare.com/ajax/libs/metro/4.1.5/css/metro.min.css","meta":{"rootId":"qf0m7hv4emuheur","id":"qf0m7hv4emuheur"},"id":"vq408z4lkjqqnmj","previousOperationId":"vr9wcfglwq5r47b"}
{"type":"log","timestamp":1674753476064,"level":"debug","message":"Page request: GET (stylesheet) https://cdnjs.cloudflare.com/ajax/libs/chartist/0.11.0/chartist.min.css","meta":{"rootId":"qf0m7hv4emuheur","id":"qf0m7hv4emuheur"},"id":"ng42qsd52c3wh59","previousOperationId":"vr9wcfglwq5r47b"}
{"type":"log","timestamp":1674753476064,"level":"debug","message":"Page request: GET (script) https://cdnjs.cloudflare.com/ajax/libs/chartist/0.11.0/chartist.min.js","meta":{"rootId":"qf0m7hv4emuheur","id":"qf0m7hv4emuheur"},"id":"jib2ka3svm12me8","previousOperationId":"vr9wcfglwq5r47b"}
{"type":"log","timestamp":1674753476065,"level":"debug","message":"Page request finished: GET (document) 200 file:///C:/Users/Johan/AppData/Local/Temp/jsreport/autocleanup/a7214b93-76e3-45b1-9f87-3ba99cf3b790-chrome-pdf.html","meta":{"rootId":"qf0m7hv4emuheur","id":"qf0m7hv4emuheur"},"id":"0oj38tbn7fp83lb","previousOperationId":"vr9wcfglwq5r47b"}
{"type":"log","timestamp":1674753476066,"level":"debug","message":"Page request: GET (script) https://unpkg.com/chartist-plugin-tooltips@0.0.17","meta":{"rootId":"qf0m7hv4emuheur","id":"qf0m7hv4emuheur"},"id":"m6swfpiw8x23qam","previousOperationId":"vr9wcfglwq5r47b"}
{"type":"log","timestamp":1674753476066,"level":"debug","message":"Page request: GET (script) https://unpkg.com/chartist-plugin-pointlabels@0.0.6","meta":{"rootId":"qf0m7hv4emuheur","id":"qf0m7hv4emuheur"},"id":"w94l268m6drqibs","previousOperationId":"vr9wcfglwq5r47b"}
{"type":"log","timestamp":1674753476080,"level":"debug","message":"Page request finished: GET (stylesheet) 200 https://cdnjs.cloudflare.com/ajax/libs/chartist/0.11.0/chartist.min.css","meta":{"rootId":"qf0m7hv4emuheur","id":"qf0m7hv4emuheur"},"id":"ot4oldqg8xu7wjh","previousOperationId":"vr9wcfglwq5r47b"}
{"type":"log","timestamp":1674753476084,"level":"warn","message":"Page request failed: GET (script) 302 https://unpkg.com/chartist-plugin-tooltips@0.0.17 (redirect to: /chartist-plugin-tooltips@0.0.17/dist/chartist-plugin-tooltip.js)","meta":{"rootId":"qf0m7hv4emuheur","id":"qf0m7hv4emuheur"},"id":"gctt80n8gm1j4v7","previousOperationId":"vr9wcfglwq5r47b"}
{"type":"log","timestamp":1674753476084,"level":"debug","message":"Page request: GET (script) https://unpkg.com/chartist-plugin-tooltips@0.0.17/dist/chartist-plugin-tooltip.js (redirect from: https://unpkg.com/chartist-plugin-tooltips@0.0.17)","meta":{"rootId":"qf0m7hv4emuheur","id":"qf0m7hv4emuheur"},"id":"a1vmazet7oknepa","previousOperationId":"vr9wcfglwq5r47b"}
{"type":"log","timestamp":1674753476085,"level":"debug","message":"Page request finished: GET (script) 200 https://cdnjs.cloudflare.com/ajax/libs/chartist/0.11.0/chartist.min.js","meta":{"rootId":"qf0m7hv4emuheur","id":"qf0m7hv4emuheur"},"id":"s0avf3t6lc4ui83","previousOperationId":"vr9wcfglwq5r47b"}
{"type":"log","timestamp":1674753476086,"level":"warn","message":"Page request failed: GET (script) 302 https://unpkg.com/chartist-plugin-pointlabels@0.0.6 (redirect to: /chartist-plugin-pointlabels@0.0.6/dist/chartist-plugin-pointlabels.js)","meta":{"rootId":"qf0m7hv4emuheur","id":"qf0m7hv4emuheur"},"id":"lehpfnjs1gvgkpy","previousOperationId":"vr9wcfglwq5r47b"}
{"type":"log","timestamp":1674753476086,"level":"debug","message":"Page request: GET (script) https://unpkg.com/chartist-plugin-pointlabels@0.0.6/dist/chartist-plugin-pointlabels.js (redirect from: https://unpkg.com/chartist-plugin-pointlabels@0.0.6)","meta":{"rootId":"qf0m7hv4emuheur","id":"qf0m7hv4emuheur"},"id":"5stt0eh4z6qmph8","previousOperationId":"vr9wcfglwq5r47b"}
{"type":"log","timestamp":1674753476103,"level":"debug","message":"Page request finished: GET (stylesheet) 200 https://cdnjs.cloudflare.com/ajax/libs/metro/4.1.5/css/metro.min.css","meta":{"rootId":"qf0m7hv4emuheur","id":"qf0m7hv4emuheur"},"id":"p3ad5w09gyw34vj","previousOperationId":"vr9wcfglwq5r47b"}
{"type":"log","timestamp":1674753476104,"level":"debug","message":"Page request finished: GET (script) 200 https://unpkg.com/chartist-plugin-tooltips@0.0.17/dist/chartist-plugin-tooltip.js","meta":{"rootId":"qf0m7hv4emuheur","id":"qf0m7hv4emuheur"},"id":"ziabqypv0ibj5gq","previousOperationId":"vr9wcfglwq5r47b"}
{"type":"log","timestamp":1674753476104,"level":"debug","message":"Page request finished: GET (script) 200 https://unpkg.com/chartist-plugin-pointlabels@0.0.6/dist/chartist-plugin-pointlabels.js","meta":{"rootId":"qf0m7hv4emuheur","id":"qf0m7hv4emuheur"},"id":"k6rf96827fv34yr","previousOperationId":"vr9wcfglwq5r47b"}
{"type":"log","timestamp":1674753476106,"level":"debug","message":"(console:log) Me he venido","meta":{"userLevel":true,"rootId":"qf0m7hv4emuheur","id":"qf0m7hv4emuheur"},"id":"foafo0dpbbvis77","previousOperationId":"vr9wcfglwq5r47b"}
{"type":"log","timestamp":1674753476106,"level":"debug","message":"(console:log) JSHandle@array","meta":{"userLevel":true,"rootId":"qf0m7hv4emuheur","id":"qf0m7hv4emuheur"},"id":"dh5x3oxmmd5zwj5","previousOperationId":"vr9wcfglwq5r47b"}
{"type":"log","timestamp":1674753476106,"level":"debug","message":"(console:log) JSHandle@array","meta":{"userLevel":true,"rootId":"qf0m7hv4emuheur","id":"qf0m7hv4emuheur"},"id":"yhlazood3q5fbo4","previousOperationId":"vr9wcfglwq5r47b"}
{"type":"log","timestamp":1674753476174,"level":"debug","message":"Running chrome with params {\"printBackground\":true,\"timeout\":59202,\"margin\":{}}","meta":{"rootId":"qf0m7hv4emuheur","id":"qf0m7hv4emuheur"},"id":"yphqmyoouozkyoe","previousOperationId":"vr9wcfglwq5r47b"}
{"type":"operationEnd","operationId":"vr9wcfglwq5r47b","timestamp":1674753476312,"id":"w1yhaln9ipd8ec0","previousEventId":"dcuteqkuitsvk7q","previousOperationId":"vr9wcfglwq5r47b"}
{"type":"log","timestamp":1674753476312,"level":"debug","message":"Executing script testing (afterRender)","meta":{"rootId":"qf0m7hv4emuheur","id":"qf0m7hv4emuheur"},"id":"5wrbi7x804s0eam","previousOperationId":"vr9wcfglwq5r47b"}
{"type":"operationStart","subtype":"scriptsAfterRender","name":"scripts afterRender","timestamp":1674753476319,"id":"9nsg5y4j6w7wna1","previousEventId":"w1yhaln9ipd8ec0","operationId":"q598t5v0y61uvn5","previousOperationId":"vr9wcfglwq5r47b"}
{"type":"operationStart","subtype":"script","name":"scripts testing","previousOperationId":"q598t5v0y61uvn5","timestamp":1674753476319,"id":"y76zr9pls90cxis","previousEventId":"9nsg5y4j6w7wna1","operationId":"wo7jkcxy2996x95"}
{"type":"operationEnd","operationId":"wo7jkcxy2996x95","timestamp":1674753477406,"id":"3vbncill27477m2","previousEventId":"w1yhaln9ipd8ec0","previousOperationId":"vr9wcfglwq5r47b"}
{"type":"operationEnd","operationId":"q598t5v0y61uvn5","timestamp":1674753477406,"id":"fovuzbzbcqanzze","previousEventId":"3vbncill27477m2","previousOperationId":"vr9wcfglwq5r47b"}
{"type":"log","timestamp":1674753477406,"level":"debug","message":"Skipping storing report.","meta":{"rootId":"qf0m7hv4emuheur","id":"qf0m7hv4emuheur"},"id":"mpth71dqduprhcs","previousOperationId":"q598t5v0y61uvn5"}
{"type":"log","timestamp":1674753477407,"level":"info","message":"Rendering request 26 finished in 2260 ms","meta":{"rootId":"qf0m7hv4emuheur","id":"qf0m7hv4emuheur"},"id":"zcs9dzfcb12crn3","previousOperationId":"q598t5v0y61uvn5"}
{"type":"operationEnd","subtype":"render","operationId":"1mwgww0le1cmnre","timestamp":1674753477407,"id":"x5vmsrkc1dpggt1","previousEventId":"fovuzbzbcqanzze","previousOperationId":"q598t5v0y61uvn5"}
{"type":"operationEnd","doDiffs":false,"previousEventId":"bysye90igeqirf9","previousOperationId":"zr49v7cmqdogknd","operationId":"zr49v7cmqdogknd","timestamp":1674753477410,"id":"31y06av85droxrg"}
