{"type":"operationStart","subtype":"profile","data":{"_id":"7HPalwOZl0nxnsFX","timestamp":"2023-01-26T17:02:06.252Z","state":"queued","mode":"standard","creationDate":"2023-01-26T17:02:06.254Z","modificationDate":"2023-01-26T17:02:06.254Z","shortid":"p9Ojdnx","$entitySet":"profiles"},"doDiffs":false,"timestamp":1674752526253,"id":"rsgab640xed37z8","previousOperationId":null,"operationId":"j10ftyvyq584b9z"}
{"type":"log","level":"info","message":"Render request 6 queued for execution and waiting for available worker","previousOperationId":"j10ftyvyq584b9z","timestamp":1674752526253,"id":"3hjqsrnlja7e0np"}
{"type":"operationStart","subtype":"render","name":"Data","previousOperationId":"j10ftyvyq584b9z","timestamp":1674752526272,"id":"p5nvvnrkkm86r3w","previousEventId":"rsgab640xed37z8","operationId":"rsfntvbhd6i9x69"}
{"type":"log","timestamp":1674752526273,"level":"info","message":"Starting rendering request 6","meta":{"rootId":"qfy44v6q8o6ouib","id":"qfy44v6q8o6ouib"},"id":"dm8umq1ay3vtj71","previousOperationId":"rsfntvbhd6i9x69"}
{"type":"log","timestamp":1674752526273,"level":"info","message":"Rendering template { name: Data, recipe: chrome-pdf, engine: handlebars, preview: true }","meta":{"rootId":"qfy44v6q8o6ouib","id":"qfy44v6q8o6ouib"},"id":"zork1zz6dtbtkmk","previousOperationId":"rsfntvbhd6i9x69"}
{"type":"log","timestamp":1674752526274,"level":"debug","message":"Data item not defined for this template.","meta":{"rootId":"qfy44v6q8o6ouib","id":"qfy44v6q8o6ouib"},"id":"r6qzrxloquugkjw","previousOperationId":"rsfntvbhd6i9x69"}
{"type":"log","timestamp":1674752526282,"level":"debug","message":"Executing script testing (beforeRender)","meta":{"rootId":"qfy44v6q8o6ouib","id":"qfy44v6q8o6ouib"},"id":"yjfx0pm9mp06l4z","previousOperationId":"rsfntvbhd6i9x69"}
{"type":"operationStart","subtype":"scriptsBeforeRender","name":"scripts beforeRender","timestamp":1674752526351,"id":"qsbhevk4xirj2il","previousEventId":"p5nvvnrkkm86r3w","operationId":"sjju1tlzl1wqcao","previousOperationId":"rsfntvbhd6i9x69"}
{"type":"operationStart","subtype":"script","name":"scripts testing","previousOperationId":"sjju1tlzl1wqcao","timestamp":1674752526351,"id":"o2fib29ltlnyuvk","previousEventId":"qsbhevk4xirj2il","operationId":"sjei8f9iei03u3l"}
{"type":"log","timestamp":1674752526578,"level":"debug","message":"(console:log) {\n  locationName: [ 'Las Palmas de Gran Canaria', 'Galdar', 'Teror' ],\n  repetition: [ '2', '1', '3' ]\n}","meta":{"userLevel":true,"rootId":"qfy44v6q8o6ouib","id":"qfy44v6q8o6ouib"},"id":"ul210cjk0y4s8j2","previousOperationId":"sjei8f9iei03u3l"}
{"type":"log","timestamp":1674752526578,"level":"debug","message":"(console:log) [ 'Las Palmas de Gran Canaria', 'Galdar', 'Teror' ]","meta":{"userLevel":true,"rootId":"qfy44v6q8o6ouib","id":"qfy44v6q8o6ouib"},"id":"hg2cl690jubp5e4","previousOperationId":"sjei8f9iei03u3l"}
{"type":"log","timestamp":1674752526578,"level":"debug","message":"(console:log) [ '2', '1', '3' ]","meta":{"userLevel":true,"rootId":"qfy44v6q8o6ouib","id":"qfy44v6q8o6ouib"},"id":"am23y954yhvorbq","previousOperationId":"sjei8f9iei03u3l"}
{"type":"operationEnd","operationId":"sjei8f9iei03u3l","timestamp":1674752526979,"id":"butvsgphbk7xk4p","previousEventId":"p5nvvnrkkm86r3w","previousOperationId":"rsfntvbhd6i9x69"}
{"type":"operationEnd","operationId":"sjju1tlzl1wqcao","timestamp":1674752526979,"id":"glcvc8pft17ahcc","previousEventId":"butvsgphbk7xk4p","previousOperationId":"rsfntvbhd6i9x69"}
{"type":"log","timestamp":1674752526979,"level":"debug","message":"Base url not specified, skipping its injection.","meta":{"rootId":"qfy44v6q8o6ouib","id":"qfy44v6q8o6ouib"},"id":"9nzje8pllhtzi6m","previousOperationId":"sjju1tlzl1wqcao"}
{"type":"operationStart","subtype":"engine","name":"handlebars","timestamp":1674752526979,"id":"ptvif6nw1ybl04o","previousEventId":"glcvc8pft17ahcc","operationId":"qo0aj2ifkxihekd","previousOperationId":"sjju1tlzl1wqcao"}
{"type":"log","timestamp":1674752526979,"level":"debug","message":"Rendering engine handlebars","meta":{"rootId":"qfy44v6q8o6ouib","id":"qfy44v6q8o6ouib"},"id":"sskcspf7as0axrs","previousOperationId":"qo0aj2ifkxihekd"}
{"type":"operationEnd","operationId":"qo0aj2ifkxihekd","timestamp":1674752526994,"id":"txlzikplutoomfk","previousEventId":"ptvif6nw1ybl04o","previousOperationId":"qo0aj2ifkxihekd"}
{"type":"operationStart","subtype":"recipe","name":"chrome-pdf","timestamp":1674752526994,"id":"fe2ka9lam7kbaxz","previousEventId":"txlzikplutoomfk","operationId":"tz2ro41m6v2hphb","previousOperationId":"qo0aj2ifkxihekd"}
{"type":"log","timestamp":1674752526994,"level":"debug","message":"Executing recipe chrome-pdf","meta":{"rootId":"qfy44v6q8o6ouib","id":"qfy44v6q8o6ouib"},"id":"j8h92e4n1jopc95","previousOperationId":"tz2ro41m6v2hphb"}
{"type":"log","timestamp":1674752527001,"level":"debug","message":"Converting with chrome HeadlessChrome/105.0.5173.0 using chrome-pool strategy","meta":{"rootId":"qfy44v6q8o6ouib","id":"qfy44v6q8o6ouib"},"id":"zmpmfjbqznoc1ou","previousOperationId":"tz2ro41m6v2hphb"}
{"type":"log","timestamp":1674752527106,"level":"debug","message":"Page request: GET (document) file:///C:/Users/Johan/AppData/Local/Temp/jsreport/autocleanup/9cf9e92c-f37d-4f2c-afd8-01e261736a4a-chrome-pdf.html","meta":{"rootId":"qfy44v6q8o6ouib","id":"qfy44v6q8o6ouib"},"id":"c7leoj9v89ku459","previousOperationId":"tz2ro41m6v2hphb"}
{"type":"log","timestamp":1674752527126,"level":"debug","message":"Page request: GET (stylesheet) https://cdnjs.cloudflare.com/ajax/libs/metro/4.1.5/css/metro.min.css","meta":{"rootId":"qfy44v6q8o6ouib","id":"qfy44v6q8o6ouib"},"id":"3t2rwclwukfzu6a","previousOperationId":"tz2ro41m6v2hphb"}
{"type":"log","timestamp":1674752527126,"level":"debug","message":"Page request: GET (stylesheet) https://cdnjs.cloudflare.com/ajax/libs/chartist/0.11.0/chartist.min.css","meta":{"rootId":"qfy44v6q8o6ouib","id":"qfy44v6q8o6ouib"},"id":"1h5yjlbl6u2vh4k","previousOperationId":"tz2ro41m6v2hphb"}
{"type":"log","timestamp":1674752527126,"level":"debug","message":"Page request finished: GET (document) 200 file:///C:/Users/Johan/AppData/Local/Temp/jsreport/autocleanup/9cf9e92c-f37d-4f2c-afd8-01e261736a4a-chrome-pdf.html","meta":{"rootId":"qfy44v6q8o6ouib","id":"qfy44v6q8o6ouib"},"id":"nlc3w1q7clf6kpm","previousOperationId":"tz2ro41m6v2hphb"}
{"type":"log","timestamp":1674752527127,"level":"debug","message":"Page request: GET (script) https://cdnjs.cloudflare.com/ajax/libs/chartist/0.11.0/chartist.min.js","meta":{"rootId":"qfy44v6q8o6ouib","id":"qfy44v6q8o6ouib"},"id":"3xr480bstks2f3i","previousOperationId":"tz2ro41m6v2hphb"}
{"type":"log","timestamp":1674752527127,"level":"debug","message":"Page request: GET (script) https://unpkg.com/chartist-plugin-tooltips@0.0.17","meta":{"rootId":"qfy44v6q8o6ouib","id":"qfy44v6q8o6ouib"},"id":"g9plspid3tx6ikk","previousOperationId":"tz2ro41m6v2hphb"}
{"type":"log","timestamp":1674752527127,"level":"debug","message":"Page request: GET (script) https://unpkg.com/chartist-plugin-pointlabels@0.0.6","meta":{"rootId":"qfy44v6q8o6ouib","id":"qfy44v6q8o6ouib"},"id":"dmj4cotd0ebvhe7","previousOperationId":"tz2ro41m6v2hphb"}
{"type":"log","timestamp":1674752527131,"level":"debug","message":"Page request finished: GET (stylesheet) 200 https://cdnjs.cloudflare.com/ajax/libs/chartist/0.11.0/chartist.min.css","meta":{"rootId":"qfy44v6q8o6ouib","id":"qfy44v6q8o6ouib"},"id":"b3ov1b1elj0dvfa","previousOperationId":"tz2ro41m6v2hphb"}
{"type":"log","timestamp":1674752527133,"level":"warn","message":"Page request failed: GET (script) 302 https://unpkg.com/chartist-plugin-tooltips@0.0.17 (redirect to: /chartist-plugin-tooltips@0.0.17/dist/chartist-plugin-tooltip.js)","meta":{"rootId":"qfy44v6q8o6ouib","id":"qfy44v6q8o6ouib"},"id":"lnbrq73mccbz1o5","previousOperationId":"tz2ro41m6v2hphb"}
{"type":"log","timestamp":1674752527133,"level":"debug","message":"Page request: GET (script) https://unpkg.com/chartist-plugin-tooltips@0.0.17/dist/chartist-plugin-tooltip.js (redirect from: https://unpkg.com/chartist-plugin-tooltips@0.0.17)","meta":{"rootId":"qfy44v6q8o6ouib","id":"qfy44v6q8o6ouib"},"id":"pei4gj54jgffq5p","previousOperationId":"tz2ro41m6v2hphb"}
{"type":"log","timestamp":1674752527134,"level":"warn","message":"Page request failed: GET (script) 302 https://unpkg.com/chartist-plugin-pointlabels@0.0.6 (redirect to: /chartist-plugin-pointlabels@0.0.6/dist/chartist-plugin-pointlabels.js)","meta":{"rootId":"qfy44v6q8o6ouib","id":"qfy44v6q8o6ouib"},"id":"fk6udl9vsz82o54","previousOperationId":"tz2ro41m6v2hphb"}
{"type":"log","timestamp":1674752527135,"level":"debug","message":"Page request: GET (script) https://unpkg.com/chartist-plugin-pointlabels@0.0.6/dist/chartist-plugin-pointlabels.js (redirect from: https://unpkg.com/chartist-plugin-pointlabels@0.0.6)","meta":{"rootId":"qfy44v6q8o6ouib","id":"qfy44v6q8o6ouib"},"id":"t8owyoje6lrfl1o","previousOperationId":"tz2ro41m6v2hphb"}
{"type":"log","timestamp":1674752527148,"level":"debug","message":"Page request finished: GET (stylesheet) 200 https://cdnjs.cloudflare.com/ajax/libs/metro/4.1.5/css/metro.min.css","meta":{"rootId":"qfy44v6q8o6ouib","id":"qfy44v6q8o6ouib"},"id":"61fre0pluoour9g","previousOperationId":"tz2ro41m6v2hphb"}
{"type":"log","timestamp":1674752527148,"level":"debug","message":"Page request finished: GET (script) 200 https://cdnjs.cloudflare.com/ajax/libs/chartist/0.11.0/chartist.min.js","meta":{"rootId":"qfy44v6q8o6ouib","id":"qfy44v6q8o6ouib"},"id":"5rkzbvmnukgdah2","previousOperationId":"tz2ro41m6v2hphb"}
{"type":"log","timestamp":1674752527150,"level":"debug","message":"Page request finished: GET (script) 200 https://unpkg.com/chartist-plugin-tooltips@0.0.17/dist/chartist-plugin-tooltip.js","meta":{"rootId":"qfy44v6q8o6ouib","id":"qfy44v6q8o6ouib"},"id":"86rmngseuapxsav","previousOperationId":"tz2ro41m6v2hphb"}
{"type":"log","timestamp":1674752527151,"level":"debug","message":"Page request finished: GET (script) 200 https://unpkg.com/chartist-plugin-pointlabels@0.0.6/dist/chartist-plugin-pointlabels.js","meta":{"rootId":"qfy44v6q8o6ouib","id":"qfy44v6q8o6ouib"},"id":"qtj94esso3j3sae","previousOperationId":"tz2ro41m6v2hphb"}
{"type":"log","timestamp":1674752527154,"level":"warn","message":"Page error: SyntaxError: Unexpected identifier","meta":{"rootId":"qfy44v6q8o6ouib","id":"qfy44v6q8o6ouib"},"id":"ppus1hgoww2naob","previousOperationId":"tz2ro41m6v2hphb"}
{"type":"log","timestamp":1674752527217,"level":"debug","message":"Running chrome with params {\"printBackground\":true,\"timeout\":59253,\"margin\":{}}","meta":{"rootId":"qfy44v6q8o6ouib","id":"qfy44v6q8o6ouib"},"id":"uwsp5vvijwpek11","previousOperationId":"tz2ro41m6v2hphb"}
{"type":"operationEnd","operationId":"tz2ro41m6v2hphb","timestamp":1674752527336,"id":"zskcu4646wa48qf","previousEventId":"fe2ka9lam7kbaxz","previousOperationId":"tz2ro41m6v2hphb"}
{"type":"log","timestamp":1674752527336,"level":"debug","message":"Executing script testing (afterRender)","meta":{"rootId":"qfy44v6q8o6ouib","id":"qfy44v6q8o6ouib"},"id":"9th6c1agrdcoqxi","previousOperationId":"tz2ro41m6v2hphb"}
{"type":"operationStart","subtype":"scriptsAfterRender","name":"scripts afterRender","timestamp":1674752527344,"id":"v75oahby9pdiy53","previousEventId":"zskcu4646wa48qf","operationId":"z4kq8mykrju1haq","previousOperationId":"tz2ro41m6v2hphb"}
{"type":"operationStart","subtype":"script","name":"scripts testing","previousOperationId":"z4kq8mykrju1haq","timestamp":1674752527344,"id":"9ta785egp2i3kft","previousEventId":"v75oahby9pdiy53","operationId":"6fyl82lz0mqitae"}
{"type":"operationEnd","operationId":"6fyl82lz0mqitae","timestamp":1674752528293,"id":"gonfx0hd3hncjhw","previousEventId":"zskcu4646wa48qf","previousOperationId":"tz2ro41m6v2hphb"}
{"type":"operationEnd","operationId":"z4kq8mykrju1haq","timestamp":1674752528293,"id":"nwjp47lbqt0r4po","previousEventId":"gonfx0hd3hncjhw","previousOperationId":"tz2ro41m6v2hphb"}
{"type":"log","timestamp":1674752528293,"level":"debug","message":"Skipping storing report.","meta":{"rootId":"qfy44v6q8o6ouib","id":"qfy44v6q8o6ouib"},"id":"g7dq7v91wl9057b","previousOperationId":"z4kq8mykrju1haq"}
{"type":"log","timestamp":1674752528293,"level":"info","message":"Rendering request 6 finished in 2041 ms","meta":{"rootId":"qfy44v6q8o6ouib","id":"qfy44v6q8o6ouib"},"id":"vvtq6cnh2v882wj","previousOperationId":"z4kq8mykrju1haq"}
{"type":"operationEnd","subtype":"render","operationId":"rsfntvbhd6i9x69","timestamp":1674752528293,"id":"wp433v27eeplp9l","previousEventId":"nwjp47lbqt0r4po","previousOperationId":"z4kq8mykrju1haq"}
{"type":"operationEnd","doDiffs":false,"previousEventId":"rsgab640xed37z8","previousOperationId":"j10ftyvyq584b9z","operationId":"j10ftyvyq584b9z","timestamp":1674752528301,"id":"6d8qctmrfkwx3oo"}
