{"type":"operationStart","subtype":"profile","data":{"_id":"93rUhpbH3BgkqkId","timestamp":"2023-01-26T16:03:42.854Z","state":"queued","mode":"standard","creationDate":"2023-01-26T16:03:42.857Z","modificationDate":"2023-01-26T16:03:42.857Z","shortid":"YxY9nFg","$entitySet":"profiles"},"doDiffs":false,"timestamp":1674749022855,"id":"jpvjxje678ne1l4","previousOperationId":null,"operationId":"hnsks47xbz41s04"}
{"type":"log","level":"info","message":"Render request 52 queued for execution and waiting for available worker","previousOperationId":"hnsks47xbz41s04","timestamp":1674749022856,"id":"b73cayyq6lcgf5w"}
{"type":"operationStart","subtype":"render","name":"Data","previousOperationId":"hnsks47xbz41s04","timestamp":1674749022866,"id":"ai93kfzckl0lk0e","previousEventId":"jpvjxje678ne1l4","operationId":"fwoqz28o56lwzxv"}
{"type":"log","timestamp":1674749022866,"level":"info","message":"Starting rendering request 52","meta":{"rootId":"qlf1sxp729arlwm","id":"qlf1sxp729arlwm"},"id":"qm3uz5qqb74l0oi","previousOperationId":"fwoqz28o56lwzxv"}
{"type":"log","timestamp":1674749022866,"level":"info","message":"Rendering template { name: Data, recipe: chrome-pdf, engine: handlebars, preview: true }","meta":{"rootId":"qlf1sxp729arlwm","id":"qlf1sxp729arlwm"},"id":"4npysa5vktsv1dy","previousOperationId":"fwoqz28o56lwzxv"}
{"type":"log","timestamp":1674749022867,"level":"debug","message":"Data item not defined for this template.","meta":{"rootId":"qlf1sxp729arlwm","id":"qlf1sxp729arlwm"},"id":"g5ku2vyfjgl5ctz","previousOperationId":"fwoqz28o56lwzxv"}
{"type":"log","timestamp":1674749022869,"level":"debug","message":"Executing script testing (beforeRender)","meta":{"rootId":"qlf1sxp729arlwm","id":"qlf1sxp729arlwm"},"id":"6lm164qyr22isro","previousOperationId":"fwoqz28o56lwzxv"}
{"type":"operationStart","subtype":"scriptsBeforeRender","name":"scripts beforeRender","timestamp":1674749022920,"id":"t3hvwewaqoyam6u","previousEventId":"ai93kfzckl0lk0e","operationId":"t1nlto4znbfmtu4","previousOperationId":"fwoqz28o56lwzxv"}
{"type":"operationStart","subtype":"script","name":"scripts testing","previousOperationId":"t1nlto4znbfmtu4","timestamp":1674749022920,"id":"z38nvk7henbfzoi","previousEventId":"t3hvwewaqoyam6u","operationId":"df4jazy1jz6gk7d"}
{"type":"log","timestamp":1674749023161,"level":"debug","message":"(console:log) { location_id: [ '58', '2', '59' ], repetition: [ '2', '3', '1' ] }","meta":{"userLevel":true,"rootId":"qlf1sxp729arlwm","id":"qlf1sxp729arlwm"},"id":"ll0vyqvmvtec28o","previousOperationId":"df4jazy1jz6gk7d"}
{"type":"operationEnd","operationId":"df4jazy1jz6gk7d","timestamp":1674749023547,"id":"29h3s8ueyecbn61","previousEventId":"ai93kfzckl0lk0e","previousOperationId":"fwoqz28o56lwzxv"}
{"type":"operationEnd","operationId":"t1nlto4znbfmtu4","timestamp":1674749023547,"id":"gm5uji70b5kbfeq","previousEventId":"29h3s8ueyecbn61","previousOperationId":"fwoqz28o56lwzxv"}
{"type":"log","timestamp":1674749023547,"level":"debug","message":"Base url not specified, skipping its injection.","meta":{"rootId":"qlf1sxp729arlwm","id":"qlf1sxp729arlwm"},"id":"nqwb0yyrzvcm72k","previousOperationId":"t1nlto4znbfmtu4"}
{"type":"operationStart","subtype":"engine","name":"handlebars","timestamp":1674749023547,"id":"9ws42iunq1j9wpt","previousEventId":"gm5uji70b5kbfeq","operationId":"jb7sw9c247p3ux6","previousOperationId":"t1nlto4znbfmtu4"}
{"type":"log","timestamp":1674749023547,"level":"debug","message":"Rendering engine handlebars","meta":{"rootId":"qlf1sxp729arlwm","id":"qlf1sxp729arlwm"},"id":"cwzrd3gd9hvz4os","previousOperationId":"jb7sw9c247p3ux6"}
{"type":"operationEnd","operationId":"jb7sw9c247p3ux6","timestamp":1674749023559,"id":"hfnh2uwejc8thsd","previousEventId":"9ws42iunq1j9wpt","previousOperationId":"jb7sw9c247p3ux6"}
{"type":"operationStart","subtype":"recipe","name":"chrome-pdf","timestamp":1674749023560,"id":"77ugyqcw95n6ifh","previousEventId":"hfnh2uwejc8thsd","operationId":"i437i82s1jtsfnj","previousOperationId":"jb7sw9c247p3ux6"}
{"type":"log","timestamp":1674749023560,"level":"debug","message":"Executing recipe chrome-pdf","meta":{"rootId":"qlf1sxp729arlwm","id":"qlf1sxp729arlwm"},"id":"drzltvpnm892mx3","previousOperationId":"i437i82s1jtsfnj"}
{"type":"log","timestamp":1674749023563,"level":"debug","message":"Converting with chrome HeadlessChrome/105.0.5173.0 using chrome-pool strategy","meta":{"rootId":"qlf1sxp729arlwm","id":"qlf1sxp729arlwm"},"id":"29ilcoyvt3y1ir4","previousOperationId":"i437i82s1jtsfnj"}
{"type":"log","timestamp":1674749023648,"level":"debug","message":"Page request: GET (document) file:///C:/Users/Johan/AppData/Local/Temp/jsreport/autocleanup/1429021f-c6c7-4f51-901b-d3f1ec1e284a-chrome-pdf.html","meta":{"rootId":"qlf1sxp729arlwm","id":"qlf1sxp729arlwm"},"id":"pun3rntp6l7y0q3","previousOperationId":"i437i82s1jtsfnj"}
{"type":"log","timestamp":1674749023674,"level":"debug","message":"Page request: GET (stylesheet) https://cdnjs.cloudflare.com/ajax/libs/metro/4.1.5/css/metro.min.css","meta":{"rootId":"qlf1sxp729arlwm","id":"qlf1sxp729arlwm"},"id":"wgv5vcbdtvd79bd","previousOperationId":"i437i82s1jtsfnj"}
{"type":"log","timestamp":1674749023675,"level":"debug","message":"Page request: GET (stylesheet) https://cdnjs.cloudflare.com/ajax/libs/chartist/0.11.0/chartist.min.css","meta":{"rootId":"qlf1sxp729arlwm","id":"qlf1sxp729arlwm"},"id":"zzrvja815zk6m3o","previousOperationId":"i437i82s1jtsfnj"}
{"type":"log","timestamp":1674749023676,"level":"debug","message":"Page request finished: GET (document) 200 file:///C:/Users/Johan/AppData/Local/Temp/jsreport/autocleanup/1429021f-c6c7-4f51-901b-d3f1ec1e284a-chrome-pdf.html","meta":{"rootId":"qlf1sxp729arlwm","id":"qlf1sxp729arlwm"},"id":"axukrbgdbi6rqa1","previousOperationId":"i437i82s1jtsfnj"}
{"type":"log","timestamp":1674749023676,"level":"debug","message":"Page request: GET (script) https://cdnjs.cloudflare.com/ajax/libs/chartist/0.11.0/chartist.min.js","meta":{"rootId":"qlf1sxp729arlwm","id":"qlf1sxp729arlwm"},"id":"30fy6t4lgd7zlo5","previousOperationId":"i437i82s1jtsfnj"}
{"type":"log","timestamp":1674749023677,"level":"debug","message":"Page request: GET (script) https://unpkg.com/chartist-plugin-tooltips@0.0.17","meta":{"rootId":"qlf1sxp729arlwm","id":"qlf1sxp729arlwm"},"id":"4hrklld19r6zi21","previousOperationId":"i437i82s1jtsfnj"}
{"type":"log","timestamp":1674749023677,"level":"debug","message":"Page request: GET (script) https://unpkg.com/chartist-plugin-pointlabels@0.0.6","meta":{"rootId":"qlf1sxp729arlwm","id":"qlf1sxp729arlwm"},"id":"m3gdvvnlhtsmgrx","previousOperationId":"i437i82s1jtsfnj"}
{"type":"log","timestamp":1674749023682,"level":"debug","message":"Page request finished: GET (stylesheet) 200 https://cdnjs.cloudflare.com/ajax/libs/chartist/0.11.0/chartist.min.css","meta":{"rootId":"qlf1sxp729arlwm","id":"qlf1sxp729arlwm"},"id":"12sczur02fsqcd5","previousOperationId":"i437i82s1jtsfnj"}
{"type":"log","timestamp":1674749023684,"level":"warn","message":"Page request failed: GET (script) 302 https://unpkg.com/chartist-plugin-tooltips@0.0.17 (redirect to: /chartist-plugin-tooltips@0.0.17/dist/chartist-plugin-tooltip.js)","meta":{"rootId":"qlf1sxp729arlwm","id":"qlf1sxp729arlwm"},"id":"bvhepd6r9bxesh5","previousOperationId":"i437i82s1jtsfnj"}
{"type":"log","timestamp":1674749023684,"level":"debug","message":"Page request: GET (script) https://unpkg.com/chartist-plugin-tooltips@0.0.17/dist/chartist-plugin-tooltip.js (redirect from: https://unpkg.com/chartist-plugin-tooltips@0.0.17)","meta":{"rootId":"qlf1sxp729arlwm","id":"qlf1sxp729arlwm"},"id":"763m34hbr6dtgcz","previousOperationId":"i437i82s1jtsfnj"}
{"type":"log","timestamp":1674749023684,"level":"warn","message":"Page request failed: GET (script) 302 https://unpkg.com/chartist-plugin-pointlabels@0.0.6 (redirect to: /chartist-plugin-pointlabels@0.0.6/dist/chartist-plugin-pointlabels.js)","meta":{"rootId":"qlf1sxp729arlwm","id":"qlf1sxp729arlwm"},"id":"zd88ut0xcsqw4a0","previousOperationId":"i437i82s1jtsfnj"}
{"type":"log","timestamp":1674749023685,"level":"debug","message":"Page request: GET (script) https://unpkg.com/chartist-plugin-pointlabels@0.0.6/dist/chartist-plugin-pointlabels.js (redirect from: https://unpkg.com/chartist-plugin-pointlabels@0.0.6)","meta":{"rootId":"qlf1sxp729arlwm","id":"qlf1sxp729arlwm"},"id":"gx7gu4f7tgakfo5","previousOperationId":"i437i82s1jtsfnj"}
{"type":"log","timestamp":1674749023701,"level":"debug","message":"Page request finished: GET (stylesheet) 200 https://cdnjs.cloudflare.com/ajax/libs/metro/4.1.5/css/metro.min.css","meta":{"rootId":"qlf1sxp729arlwm","id":"qlf1sxp729arlwm"},"id":"okczzpdgft0j7ho","previousOperationId":"i437i82s1jtsfnj"}
{"type":"log","timestamp":1674749023701,"level":"debug","message":"Page request finished: GET (script) 200 https://cdnjs.cloudflare.com/ajax/libs/chartist/0.11.0/chartist.min.js","meta":{"rootId":"qlf1sxp729arlwm","id":"qlf1sxp729arlwm"},"id":"93mepva217mc89j","previousOperationId":"i437i82s1jtsfnj"}
{"type":"log","timestamp":1674749023711,"level":"debug","message":"Page request finished: GET (script) 200 https://unpkg.com/chartist-plugin-tooltips@0.0.17/dist/chartist-plugin-tooltip.js","meta":{"rootId":"qlf1sxp729arlwm","id":"qlf1sxp729arlwm"},"id":"mh4gjizt7nxad6h","previousOperationId":"i437i82s1jtsfnj"}
{"type":"log","timestamp":1674749023711,"level":"debug","message":"Page request finished: GET (script) 200 https://unpkg.com/chartist-plugin-pointlabels@0.0.6/dist/chartist-plugin-pointlabels.js","meta":{"rootId":"qlf1sxp729arlwm","id":"qlf1sxp729arlwm"},"id":"du8nak7cu82kqxd","previousOperationId":"i437i82s1jtsfnj"}
{"type":"log","timestamp":1674749023712,"level":"debug","message":"(console:log) Me he venido","meta":{"userLevel":true,"rootId":"qlf1sxp729arlwm","id":"qlf1sxp729arlwm"},"id":"c4yesugtd7j4je2","previousOperationId":"i437i82s1jtsfnj"}
{"type":"log","timestamp":1674749023760,"level":"debug","message":"Running chrome with params {\"printBackground\":true,\"timeout\":59292,\"margin\":{}}","meta":{"rootId":"qlf1sxp729arlwm","id":"qlf1sxp729arlwm"},"id":"1645g9z7ntw1dv5","previousOperationId":"i437i82s1jtsfnj"}
{"type":"operationEnd","operationId":"i437i82s1jtsfnj","timestamp":1674749023896,"id":"q11qwa9lt2v5u8a","previousEventId":"77ugyqcw95n6ifh","previousOperationId":"i437i82s1jtsfnj"}
{"type":"log","timestamp":1674749023896,"level":"debug","message":"Executing script testing (afterRender)","meta":{"rootId":"qlf1sxp729arlwm","id":"qlf1sxp729arlwm"},"id":"217lz9w2qii2eh1","previousOperationId":"i437i82s1jtsfnj"}
{"type":"operationStart","subtype":"scriptsAfterRender","name":"scripts afterRender","timestamp":1674749023905,"id":"kqu99skjan4qy24","previousEventId":"q11qwa9lt2v5u8a","operationId":"ahrxafp6whqtyic","previousOperationId":"i437i82s1jtsfnj"}
{"type":"operationStart","subtype":"script","name":"scripts testing","previousOperationId":"ahrxafp6whqtyic","timestamp":1674749023905,"id":"1kah8w9dcvy8c95","previousEventId":"kqu99skjan4qy24","operationId":"0auijparf86u92l"}
{"type":"operationEnd","operationId":"0auijparf86u92l","timestamp":1674749025113,"id":"lrwkgkan53gz53g","previousEventId":"q11qwa9lt2v5u8a","previousOperationId":"i437i82s1jtsfnj"}
{"type":"operationEnd","operationId":"ahrxafp6whqtyic","timestamp":1674749025113,"id":"nxnwdgkgemzrig8","previousEventId":"lrwkgkan53gz53g","previousOperationId":"i437i82s1jtsfnj"}
{"type":"log","timestamp":1674749025113,"level":"debug","message":"Skipping storing report.","meta":{"rootId":"qlf1sxp729arlwm","id":"qlf1sxp729arlwm"},"id":"0mo6r8u5ovavn9s","previousOperationId":"ahrxafp6whqtyic"}
{"type":"log","timestamp":1674749025113,"level":"info","message":"Rendering request 52 finished in 2259 ms","meta":{"rootId":"qlf1sxp729arlwm","id":"qlf1sxp729arlwm"},"id":"t8e1lgzhrd9ywg5","previousOperationId":"ahrxafp6whqtyic"}
{"type":"operationEnd","subtype":"render","operationId":"fwoqz28o56lwzxv","timestamp":1674749025113,"id":"2h1tlh8k80swwf0","previousEventId":"nxnwdgkgemzrig8","previousOperationId":"ahrxafp6whqtyic"}
{"type":"operationEnd","doDiffs":false,"previousEventId":"jpvjxje678ne1l4","previousOperationId":"hnsks47xbz41s04","operationId":"hnsks47xbz41s04","timestamp":1674749025117,"id":"kcu7uomu8i6r6nr"}
