{"type":"operationStart","subtype":"profile","data":{"_id":"4kYXrGnL7ZQWCv3R","timestamp":"2023-01-26T18:27:18.869Z","state":"queued","mode":"standard","creationDate":"2023-01-26T18:27:18.873Z","modificationDate":"2023-01-26T18:27:18.873Z","shortid":"GXHTy0k","$entitySet":"profiles"},"doDiffs":false,"timestamp":1674757638871,"id":"j2smdyqmt5lvb6a","previousOperationId":null,"operationId":"t5ixqv3vb1zp9pk"}
{"type":"log","level":"info","message":"Render request 13 queued for execution and waiting for available worker","previousOperationId":"t5ixqv3vb1zp9pk","timestamp":1674757638872,"id":"qwcqkx25qpspm8l"}
{"type":"operationStart","subtype":"render","name":"Data","previousOperationId":"t5ixqv3vb1zp9pk","timestamp":1674757638882,"id":"5l4qfof4my6jyhq","previousEventId":"j2smdyqmt5lvb6a","operationId":"ubvlwpmav23l4qd"}
{"type":"log","timestamp":1674757638882,"level":"info","message":"Starting rendering request 13","meta":{"rootId":"qqgmxf38swceo3e","id":"qqgmxf38swceo3e"},"id":"esqbz6j95u3g72q","previousOperationId":"ubvlwpmav23l4qd"}
{"type":"log","timestamp":1674757638882,"level":"info","message":"Rendering template { name: Data, recipe: chrome-pdf, engine: handlebars, preview: true }","meta":{"rootId":"qqgmxf38swceo3e","id":"qqgmxf38swceo3e"},"id":"zr2w4j0vsfxttr1","previousOperationId":"ubvlwpmav23l4qd"}
{"type":"log","timestamp":1674757638884,"level":"debug","message":"Data item not defined for this template.","meta":{"rootId":"qqgmxf38swceo3e","id":"qqgmxf38swceo3e"},"id":"1fvze7kvhq3bczv","previousOperationId":"ubvlwpmav23l4qd"}
{"type":"log","timestamp":1674757638886,"level":"debug","message":"Executing script testing (beforeRender)","meta":{"rootId":"qqgmxf38swceo3e","id":"qqgmxf38swceo3e"},"id":"728po1i6v0v7fqy","previousOperationId":"ubvlwpmav23l4qd"}
{"type":"operationStart","subtype":"scriptsBeforeRender","name":"scripts beforeRender","timestamp":1674757638927,"id":"11gaelnb9a2uys6","previousEventId":"5l4qfof4my6jyhq","operationId":"5h3n5rtf22gho1q","previousOperationId":"ubvlwpmav23l4qd"}
{"type":"operationStart","subtype":"script","name":"scripts testing","previousOperationId":"5h3n5rtf22gho1q","timestamp":1674757638927,"id":"rq392sdxa7hwkcq","previousEventId":"11gaelnb9a2uys6","operationId":"rkybls7826lkuws"}
{"type":"log","timestamp":1674757639128,"level":"debug","message":"(console:log) Sin cuidado: [object Object]","meta":{"userLevel":true,"rootId":"qqgmxf38swceo3e","id":"qqgmxf38swceo3e"},"id":"mu1htt0wzbfmcxc","previousOperationId":"rkybls7826lkuws"}
{"type":"log","timestamp":1674757639128,"level":"debug","message":"(console:log) Sin cuidado: Arucas,Galdar,Teror","meta":{"userLevel":true,"rootId":"qqgmxf38swceo3e","id":"qqgmxf38swceo3e"},"id":"cvclxlnxliht61q","previousOperationId":"rkybls7826lkuws"}
{"type":"log","timestamp":1674757639128,"level":"debug","message":"(console:log) Sin cuidado: 2,1,3","meta":{"userLevel":true,"rootId":"qqgmxf38swceo3e","id":"qqgmxf38swceo3e"},"id":"zzkcvpg15du338j","previousOperationId":"rkybls7826lkuws"}
{"type":"operationEnd","operationId":"rkybls7826lkuws","timestamp":1674757639497,"id":"qhpih4pqxoq2juv","previousEventId":"5l4qfof4my6jyhq","previousOperationId":"ubvlwpmav23l4qd"}
{"type":"operationEnd","operationId":"5h3n5rtf22gho1q","timestamp":1674757639497,"id":"f9zaq02aw8vnjuy","previousEventId":"qhpih4pqxoq2juv","previousOperationId":"ubvlwpmav23l4qd"}
{"type":"log","timestamp":1674757639497,"level":"debug","message":"Base url not specified, skipping its injection.","meta":{"rootId":"qqgmxf38swceo3e","id":"qqgmxf38swceo3e"},"id":"i989l6fwlnihjtd","previousOperationId":"5h3n5rtf22gho1q"}
{"type":"operationStart","subtype":"engine","name":"handlebars","timestamp":1674757639498,"id":"2wxidv1r78xd06f","previousEventId":"f9zaq02aw8vnjuy","operationId":"3k6bokz21z6dwy6","previousOperationId":"5h3n5rtf22gho1q"}
{"type":"log","timestamp":1674757639498,"level":"debug","message":"Rendering engine handlebars","meta":{"rootId":"qqgmxf38swceo3e","id":"qqgmxf38swceo3e"},"id":"t1zx1gmmio1jxtd","previousOperationId":"3k6bokz21z6dwy6"}
{"type":"operationEnd","operationId":"3k6bokz21z6dwy6","timestamp":1674757639509,"id":"je3ukyx05ilxor5","previousEventId":"2wxidv1r78xd06f","previousOperationId":"3k6bokz21z6dwy6"}
{"type":"operationStart","subtype":"recipe","name":"chrome-pdf","timestamp":1674757639509,"id":"ou6mps0k4jpi7ni","previousEventId":"je3ukyx05ilxor5","operationId":"vk8kz3zc6hgjyp9","previousOperationId":"3k6bokz21z6dwy6"}
{"type":"log","timestamp":1674757639509,"level":"debug","message":"Executing recipe chrome-pdf","meta":{"rootId":"qqgmxf38swceo3e","id":"qqgmxf38swceo3e"},"id":"cmf8xrrtsc76vrj","previousOperationId":"vk8kz3zc6hgjyp9"}
{"type":"log","timestamp":1674757639513,"level":"debug","message":"Converting with chrome HeadlessChrome/105.0.5173.0 using chrome-pool strategy","meta":{"rootId":"qqgmxf38swceo3e","id":"qqgmxf38swceo3e"},"id":"zxv6tftevddisir","previousOperationId":"vk8kz3zc6hgjyp9"}
{"type":"log","timestamp":1674757639589,"level":"debug","message":"Page request: GET (document) file:///C:/Users/Johan/AppData/Local/Temp/jsreport/autocleanup/28c6a6b1-187a-4d12-9b70-23dc5efe8aa2-chrome-pdf.html","meta":{"rootId":"qqgmxf38swceo3e","id":"qqgmxf38swceo3e"},"id":"kfsq57c69u4tlmd","previousOperationId":"vk8kz3zc6hgjyp9"}
{"type":"log","timestamp":1674757639609,"level":"debug","message":"Page request finished: GET (document) 200 file:///C:/Users/Johan/AppData/Local/Temp/jsreport/autocleanup/28c6a6b1-187a-4d12-9b70-23dc5efe8aa2-chrome-pdf.html","meta":{"rootId":"qqgmxf38swceo3e","id":"qqgmxf38swceo3e"},"id":"qs5kw1527s7xxpc","previousOperationId":"vk8kz3zc6hgjyp9"}
{"type":"log","timestamp":1674757639609,"level":"debug","message":"Page request: GET (stylesheet) https://cdnjs.cloudflare.com/ajax/libs/metro/4.1.5/css/metro.min.css","meta":{"rootId":"qqgmxf38swceo3e","id":"qqgmxf38swceo3e"},"id":"h4bm6ltjif7eqe0","previousOperationId":"vk8kz3zc6hgjyp9"}
{"type":"log","timestamp":1674757639609,"level":"debug","message":"Page request: GET (stylesheet) https://cdnjs.cloudflare.com/ajax/libs/chartist/0.11.0/chartist.min.css","meta":{"rootId":"qqgmxf38swceo3e","id":"qqgmxf38swceo3e"},"id":"9471r3hkfxoak85","previousOperationId":"vk8kz3zc6hgjyp9"}
{"type":"log","timestamp":1674757639609,"level":"debug","message":"Page request: GET (script) https://cdnjs.cloudflare.com/ajax/libs/chartist/0.11.0/chartist.min.js","meta":{"rootId":"qqgmxf38swceo3e","id":"qqgmxf38swceo3e"},"id":"lbfhjhnaojxmmmv","previousOperationId":"vk8kz3zc6hgjyp9"}
{"type":"log","timestamp":1674757639609,"level":"debug","message":"Page request: GET (script) https://unpkg.com/chartist-plugin-tooltips@0.0.17","meta":{"rootId":"qqgmxf38swceo3e","id":"qqgmxf38swceo3e"},"id":"n3gdjouwlxx9ma5","previousOperationId":"vk8kz3zc6hgjyp9"}
{"type":"log","timestamp":1674757639609,"level":"debug","message":"Page request: GET (script) https://unpkg.com/chartist-plugin-pointlabels@0.0.6","meta":{"rootId":"qqgmxf38swceo3e","id":"qqgmxf38swceo3e"},"id":"zvgvuaclhb2ebgu","previousOperationId":"vk8kz3zc6hgjyp9"}
{"type":"log","timestamp":1674757639616,"level":"warn","message":"Page request failed: GET (script) 302 https://unpkg.com/chartist-plugin-tooltips@0.0.17 (redirect to: /chartist-plugin-tooltips@0.0.17/dist/chartist-plugin-tooltip.js)","meta":{"rootId":"qqgmxf38swceo3e","id":"qqgmxf38swceo3e"},"id":"hsajvqgf9s67511","previousOperationId":"vk8kz3zc6hgjyp9"}
{"type":"log","timestamp":1674757639616,"level":"warn","message":"Page request failed: GET (script) 302 https://unpkg.com/chartist-plugin-pointlabels@0.0.6 (redirect to: /chartist-plugin-pointlabels@0.0.6/dist/chartist-plugin-pointlabels.js)","meta":{"rootId":"qqgmxf38swceo3e","id":"qqgmxf38swceo3e"},"id":"46xzd5j4cgqmjx2","previousOperationId":"vk8kz3zc6hgjyp9"}
{"type":"log","timestamp":1674757639616,"level":"debug","message":"Page request: GET (script) https://unpkg.com/chartist-plugin-tooltips@0.0.17/dist/chartist-plugin-tooltip.js (redirect from: https://unpkg.com/chartist-plugin-tooltips@0.0.17)","meta":{"rootId":"qqgmxf38swceo3e","id":"qqgmxf38swceo3e"},"id":"3mdjiumsl8xanwa","previousOperationId":"vk8kz3zc6hgjyp9"}
{"type":"log","timestamp":1674757639616,"level":"debug","message":"Page request: GET (script) https://unpkg.com/chartist-plugin-pointlabels@0.0.6/dist/chartist-plugin-pointlabels.js (redirect from: https://unpkg.com/chartist-plugin-pointlabels@0.0.6)","meta":{"rootId":"qqgmxf38swceo3e","id":"qqgmxf38swceo3e"},"id":"xqfy9oepg8xztj5","previousOperationId":"vk8kz3zc6hgjyp9"}
{"type":"log","timestamp":1674757639617,"level":"debug","message":"Page request finished: GET (stylesheet) 200 https://cdnjs.cloudflare.com/ajax/libs/chartist/0.11.0/chartist.min.css","meta":{"rootId":"qqgmxf38swceo3e","id":"qqgmxf38swceo3e"},"id":"r2gs0ss0yxiiy63","previousOperationId":"vk8kz3zc6hgjyp9"}
{"type":"log","timestamp":1674757639636,"level":"debug","message":"Page request finished: GET (stylesheet) 200 https://cdnjs.cloudflare.com/ajax/libs/metro/4.1.5/css/metro.min.css","meta":{"rootId":"qqgmxf38swceo3e","id":"qqgmxf38swceo3e"},"id":"inxgt7sfkot2vcs","previousOperationId":"vk8kz3zc6hgjyp9"}
{"type":"log","timestamp":1674757639636,"level":"debug","message":"Page request finished: GET (script) 200 https://cdnjs.cloudflare.com/ajax/libs/chartist/0.11.0/chartist.min.js","meta":{"rootId":"qqgmxf38swceo3e","id":"qqgmxf38swceo3e"},"id":"ehh1h9s64ym1d1y","previousOperationId":"vk8kz3zc6hgjyp9"}
{"type":"log","timestamp":1674757639638,"level":"debug","message":"Page request finished: GET (script) 200 https://unpkg.com/chartist-plugin-tooltips@0.0.17/dist/chartist-plugin-tooltip.js","meta":{"rootId":"qqgmxf38swceo3e","id":"qqgmxf38swceo3e"},"id":"e5m92b97s9rbo98","previousOperationId":"vk8kz3zc6hgjyp9"}
{"type":"log","timestamp":1674757639638,"level":"debug","message":"Page request finished: GET (script) 200 https://unpkg.com/chartist-plugin-pointlabels@0.0.6/dist/chartist-plugin-pointlabels.js","meta":{"rootId":"qqgmxf38swceo3e","id":"qqgmxf38swceo3e"},"id":"i499643ykisp03y","previousOperationId":"vk8kz3zc6hgjyp9"}
{"type":"log","timestamp":1674757639639,"level":"debug","message":"(console:log) Me he venido","meta":{"userLevel":true,"rootId":"qqgmxf38swceo3e","id":"qqgmxf38swceo3e"},"id":"5y6r7op0lwgqmo4","previousOperationId":"vk8kz3zc6hgjyp9"}
{"type":"log","timestamp":1674757639639,"level":"debug","message":"(console:log) Cuidado: 2,1,3","meta":{"userLevel":true,"rootId":"qqgmxf38swceo3e","id":"qqgmxf38swceo3e"},"id":"6sznibbh0n931pc","previousOperationId":"vk8kz3zc6hgjyp9"}
{"type":"log","timestamp":1674757639639,"level":"debug","message":"(console:log) Cuidado: undefined","meta":{"userLevel":true,"rootId":"qqgmxf38swceo3e","id":"qqgmxf38swceo3e"},"id":"0t0l98pt991pvqi","previousOperationId":"vk8kz3zc6hgjyp9"}
{"type":"log","timestamp":1674757639640,"level":"warn","message":"Page error: ReferenceError: Arucas is not defined\n    at file:///C:/Users/Johan/AppData/Local/Temp/jsreport/autocleanup/28c6a6b1-187a-4d12-9b70-23dc5efe8aa2-chrome-pdf.html:57:31","meta":{"rootId":"qqgmxf38swceo3e","id":"qqgmxf38swceo3e"},"id":"s9l2sewxrwz7uw6","previousOperationId":"vk8kz3zc6hgjyp9"}
{"type":"log","timestamp":1674757639676,"level":"debug","message":"Running chrome with params {\"printBackground\":true,\"timeout\":59357,\"margin\":{}}","meta":{"rootId":"qqgmxf38swceo3e","id":"qqgmxf38swceo3e"},"id":"l9uzsvn0h4yz7vp","previousOperationId":"vk8kz3zc6hgjyp9"}
{"type":"operationEnd","operationId":"vk8kz3zc6hgjyp9","timestamp":1674757639792,"id":"g7bs8rv55xdvghq","previousEventId":"ou6mps0k4jpi7ni","previousOperationId":"vk8kz3zc6hgjyp9"}
{"type":"log","timestamp":1674757639792,"level":"debug","message":"Executing script testing (afterRender)","meta":{"rootId":"qqgmxf38swceo3e","id":"qqgmxf38swceo3e"},"id":"chz1yz3xcgak2hj","previousOperationId":"vk8kz3zc6hgjyp9"}
{"type":"operationStart","subtype":"scriptsAfterRender","name":"scripts afterRender","timestamp":1674757639804,"id":"v5wjcjmoo6wv8wr","previousEventId":"g7bs8rv55xdvghq","operationId":"v4v6lglqmqocjw8","previousOperationId":"vk8kz3zc6hgjyp9"}
{"type":"operationStart","subtype":"script","name":"scripts testing","previousOperationId":"v4v6lglqmqocjw8","timestamp":1674757639804,"id":"zf8f1acxu5nojgz","previousEventId":"v5wjcjmoo6wv8wr","operationId":"9350asmirn2tdwk"}
{"type":"operationEnd","operationId":"9350asmirn2tdwk","timestamp":1674757641086,"id":"3tjsgxikyh6kd3y","previousEventId":"g7bs8rv55xdvghq","previousOperationId":"vk8kz3zc6hgjyp9"}
{"type":"operationEnd","operationId":"v4v6lglqmqocjw8","timestamp":1674757641086,"id":"dpeiwyqtb22wxmn","previousEventId":"3tjsgxikyh6kd3y","previousOperationId":"vk8kz3zc6hgjyp9"}
{"type":"log","timestamp":1674757641086,"level":"debug","message":"Skipping storing report.","meta":{"rootId":"qqgmxf38swceo3e","id":"qqgmxf38swceo3e"},"id":"gknjalt39e5d4l8","previousOperationId":"v4v6lglqmqocjw8"}
{"type":"log","timestamp":1674757641086,"level":"info","message":"Rendering request 13 finished in 2217 ms","meta":{"rootId":"qqgmxf38swceo3e","id":"qqgmxf38swceo3e"},"id":"pes6txuh7tsab7v","previousOperationId":"v4v6lglqmqocjw8"}
{"type":"operationEnd","subtype":"render","operationId":"ubvlwpmav23l4qd","timestamp":1674757641086,"id":"8lowg6tlwg79hk6","previousEventId":"dpeiwyqtb22wxmn","previousOperationId":"v4v6lglqmqocjw8"}
{"type":"operationEnd","doDiffs":false,"previousEventId":"j2smdyqmt5lvb6a","previousOperationId":"t5ixqv3vb1zp9pk","operationId":"t5ixqv3vb1zp9pk","timestamp":1674757641089,"id":"onfxpfkcbfwygqo"}
