{"type":"operationStart","subtype":"profile","data":{"_id":"MDs55aznYQLLt4eZ","timestamp":"2023-01-26T15:38:36.669Z","state":"queued","mode":"standard","creationDate":"2023-01-26T15:38:36.671Z","modificationDate":"2023-01-26T15:38:36.671Z","shortid":"d_uJLqh","$entitySet":"profiles"},"doDiffs":false,"timestamp":1674747516670,"id":"385djnmnx4ibgwt","previousOperationId":null,"operationId":"qj90sr67wp9g17o"}
{"type":"log","level":"info","message":"Render request 33 queued for execution and waiting for available worker","previousOperationId":"qj90sr67wp9g17o","timestamp":1674747516670,"id":"17bfu3hky9n76sd"}
{"type":"operationStart","subtype":"render","name":"Data","previousOperationId":"qj90sr67wp9g17o","timestamp":1674747516679,"id":"efnll68g0iferzd","previousEventId":"385djnmnx4ibgwt","operationId":"dqfkp1taj9g3vaf"}
{"type":"log","timestamp":1674747516679,"level":"info","message":"Starting rendering request 33","meta":{"rootId":"qra3o0v4dhmplkv","id":"qra3o0v4dhmplkv"},"id":"635w17b5h5k17cn","previousOperationId":"dqfkp1taj9g3vaf"}
{"type":"log","timestamp":1674747516680,"level":"info","message":"Rendering template { name: Data, recipe: chrome-pdf, engine: handlebars, preview: true }","meta":{"rootId":"qra3o0v4dhmplkv","id":"qra3o0v4dhmplkv"},"id":"oo3uzn97u508pax","previousOperationId":"dqfkp1taj9g3vaf"}
{"type":"log","timestamp":1674747516680,"level":"debug","message":"Data item not defined for this template.","meta":{"rootId":"qra3o0v4dhmplkv","id":"qra3o0v4dhmplkv"},"id":"f7edbgrisn6mo0v","previousOperationId":"dqfkp1taj9g3vaf"}
{"type":"log","timestamp":1674747516683,"level":"debug","message":"Executing script testing (beforeRender)","meta":{"rootId":"qra3o0v4dhmplkv","id":"qra3o0v4dhmplkv"},"id":"8dz6937mbc0w5d5","previousOperationId":"dqfkp1taj9g3vaf"}
{"type":"operationStart","subtype":"scriptsBeforeRender","name":"scripts beforeRender","timestamp":1674747516737,"id":"0xp7qq6kbz47ls2","previousEventId":"efnll68g0iferzd","operationId":"5hftwj82utbst5u","previousOperationId":"dqfkp1taj9g3vaf"}
{"type":"operationStart","subtype":"script","name":"scripts testing","previousOperationId":"5hftwj82utbst5u","timestamp":1674747516737,"id":"t14iwlolxm5rvx9","previousEventId":"0xp7qq6kbz47ls2","operationId":"40n1d9p38ghzth6"}
{"type":"log","timestamp":1674747516986,"level":"debug","message":"(console:log) { location_id: [ '58', '2', '59' ], repetition: [ '2', '3', '1' ] }","meta":{"userLevel":true,"rootId":"qra3o0v4dhmplkv","id":"qra3o0v4dhmplkv"},"id":"1ycobgqigpoo11k","previousOperationId":"40n1d9p38ghzth6"}
{"type":"operationEnd","operationId":"40n1d9p38ghzth6","timestamp":1674747517423,"id":"hxa1zq2qclpk9px","previousEventId":"efnll68g0iferzd","previousOperationId":"dqfkp1taj9g3vaf"}
{"type":"operationEnd","operationId":"5hftwj82utbst5u","timestamp":1674747517423,"id":"w5nzagpgfyy4qly","previousEventId":"hxa1zq2qclpk9px","previousOperationId":"dqfkp1taj9g3vaf"}
{"type":"log","timestamp":1674747517423,"level":"debug","message":"Base url not specified, skipping its injection.","meta":{"rootId":"qra3o0v4dhmplkv","id":"qra3o0v4dhmplkv"},"id":"wwwg2syc7glqjjs","previousOperationId":"5hftwj82utbst5u"}
{"type":"operationStart","subtype":"engine","name":"handlebars","timestamp":1674747517423,"id":"d3r9442wj4rtq6p","previousEventId":"w5nzagpgfyy4qly","operationId":"zlniikqcnjmlad4","previousOperationId":"5hftwj82utbst5u"}
{"type":"log","timestamp":1674747517423,"level":"debug","message":"Rendering engine handlebars","meta":{"rootId":"qra3o0v4dhmplkv","id":"qra3o0v4dhmplkv"},"id":"435k14gxslwnyil","previousOperationId":"zlniikqcnjmlad4"}
{"type":"operationEnd","operationId":"zlniikqcnjmlad4","timestamp":1674747517430,"id":"03yk8js80y1xso2","previousEventId":"d3r9442wj4rtq6p","previousOperationId":"zlniikqcnjmlad4"}
{"type":"operationStart","subtype":"recipe","name":"chrome-pdf","timestamp":1674747517431,"id":"phtt42y1nui51x4","previousEventId":"03yk8js80y1xso2","operationId":"br8ndr0yl1e9823","previousOperationId":"zlniikqcnjmlad4"}
{"type":"log","timestamp":1674747517431,"level":"debug","message":"Executing recipe chrome-pdf","meta":{"rootId":"qra3o0v4dhmplkv","id":"qra3o0v4dhmplkv"},"id":"58gg5f0dialgwcd","previousOperationId":"br8ndr0yl1e9823"}
{"type":"log","timestamp":1674747517434,"level":"debug","message":"Converting with chrome HeadlessChrome/105.0.5173.0 using chrome-pool strategy","meta":{"rootId":"qra3o0v4dhmplkv","id":"qra3o0v4dhmplkv"},"id":"cki68xjto2eehct","previousOperationId":"br8ndr0yl1e9823"}
{"type":"log","timestamp":1674747517521,"level":"debug","message":"Page request: GET (document) file:///C:/Users/Johan/AppData/Local/Temp/jsreport/autocleanup/4a21aec7-9474-43d2-8a29-18ad40d6fcb2-chrome-pdf.html","meta":{"rootId":"qra3o0v4dhmplkv","id":"qra3o0v4dhmplkv"},"id":"5fnrwxqi1dm4bst","previousOperationId":"br8ndr0yl1e9823"}
{"type":"log","timestamp":1674747517545,"level":"debug","message":"Page request finished: GET (document) 200 file:///C:/Users/Johan/AppData/Local/Temp/jsreport/autocleanup/4a21aec7-9474-43d2-8a29-18ad40d6fcb2-chrome-pdf.html","meta":{"rootId":"qra3o0v4dhmplkv","id":"qra3o0v4dhmplkv"},"id":"5ay8is4847nvuya","previousOperationId":"br8ndr0yl1e9823"}
{"type":"log","timestamp":1674747517545,"level":"debug","message":"Page request: GET (stylesheet) https://cdnjs.cloudflare.com/ajax/libs/metro/4.1.5/css/metro.min.css","meta":{"rootId":"qra3o0v4dhmplkv","id":"qra3o0v4dhmplkv"},"id":"4tpmxunw95crf13","previousOperationId":"br8ndr0yl1e9823"}
{"type":"log","timestamp":1674747517545,"level":"debug","message":"Page request: GET (script) https://cdnjs.cloudflare.com/ajax/libs/Chart.js/2.7.2/Chart.min.js","meta":{"rootId":"qra3o0v4dhmplkv","id":"qra3o0v4dhmplkv"},"id":"i2dss2ccgjp5nmt","previousOperationId":"br8ndr0yl1e9823"}
{"type":"log","timestamp":1674747517545,"level":"debug","message":"Page request: GET (stylesheet) https://cdnjs.cloudflare.com/ajax/libs/chartist/0.11.0/chartist.min.css","meta":{"rootId":"qra3o0v4dhmplkv","id":"qra3o0v4dhmplkv"},"id":"qpt8a6m7pnri8wz","previousOperationId":"br8ndr0yl1e9823"}
{"type":"log","timestamp":1674747517546,"level":"debug","message":"Page request: GET (script) https://cdn.jsdelivr.net/npm/chart.js@2.9.3/dist/Chart.min.js","meta":{"rootId":"qra3o0v4dhmplkv","id":"qra3o0v4dhmplkv"},"id":"uvlmbu2ro64idgv","previousOperationId":"br8ndr0yl1e9823"}
{"type":"log","timestamp":1674747517554,"level":"debug","message":"Page request finished: GET (stylesheet) 200 https://cdnjs.cloudflare.com/ajax/libs/chartist/0.11.0/chartist.min.css","meta":{"rootId":"qra3o0v4dhmplkv","id":"qra3o0v4dhmplkv"},"id":"claqkse6emz39i6","previousOperationId":"br8ndr0yl1e9823"}
{"type":"log","timestamp":1674747517555,"level":"debug","message":"Page request finished: GET (script) 200 https://cdnjs.cloudflare.com/ajax/libs/Chart.js/2.7.2/Chart.min.js","meta":{"rootId":"qra3o0v4dhmplkv","id":"qra3o0v4dhmplkv"},"id":"n4qzwaf79rhbzxp","previousOperationId":"br8ndr0yl1e9823"}
{"type":"log","timestamp":1674747517555,"level":"debug","message":"Page request finished: GET (script) 200 https://cdn.jsdelivr.net/npm/chart.js@2.9.3/dist/Chart.min.js","meta":{"rootId":"qra3o0v4dhmplkv","id":"qra3o0v4dhmplkv"},"id":"x0hn9mamlnkapze","previousOperationId":"br8ndr0yl1e9823"}
{"type":"log","timestamp":1674747517575,"level":"debug","message":"Page request finished: GET (stylesheet) 200 https://cdnjs.cloudflare.com/ajax/libs/metro/4.1.5/css/metro.min.css","meta":{"rootId":"qra3o0v4dhmplkv","id":"qra3o0v4dhmplkv"},"id":"x77eilznzdeyt3b","previousOperationId":"br8ndr0yl1e9823"}
{"type":"log","timestamp":1674747517587,"level":"warn","message":"Page error: SyntaxError: Unexpected number","meta":{"rootId":"qra3o0v4dhmplkv","id":"qra3o0v4dhmplkv"},"id":"yqa1u3joeq9dw2l","previousOperationId":"br8ndr0yl1e9823"}
{"type":"log","timestamp":1674747517665,"level":"debug","message":"Running chrome with params {\"printBackground\":true,\"timeout\":59235,\"margin\":{}}","meta":{"rootId":"qra3o0v4dhmplkv","id":"qra3o0v4dhmplkv"},"id":"8jggwpf5fwx4k5e","previousOperationId":"br8ndr0yl1e9823"}
{"type":"operationEnd","operationId":"br8ndr0yl1e9823","timestamp":1674747517890,"id":"dqm8lc5ibfpxew0","previousEventId":"phtt42y1nui51x4","previousOperationId":"br8ndr0yl1e9823"}
{"type":"log","timestamp":1674747517890,"level":"debug","message":"Executing script testing (afterRender)","meta":{"rootId":"qra3o0v4dhmplkv","id":"qra3o0v4dhmplkv"},"id":"hjtnu0r71854aon","previousOperationId":"br8ndr0yl1e9823"}
{"type":"operationStart","subtype":"scriptsAfterRender","name":"scripts afterRender","timestamp":1674747517896,"id":"vpw5bgagp8oeq39","previousEventId":"dqm8lc5ibfpxew0","operationId":"rw0bv0crix2mcdm","previousOperationId":"br8ndr0yl1e9823"}
{"type":"operationStart","subtype":"script","name":"scripts testing","previousOperationId":"rw0bv0crix2mcdm","timestamp":1674747517896,"id":"k732fjllkvhjmr3","previousEventId":"vpw5bgagp8oeq39","operationId":"ck8nlkjsqjsb9gh"}
{"type":"operationEnd","operationId":"ck8nlkjsqjsb9gh","timestamp":1674747518877,"id":"pwc2br6hnhiocmd","previousEventId":"dqm8lc5ibfpxew0","previousOperationId":"br8ndr0yl1e9823"}
{"type":"operationEnd","operationId":"rw0bv0crix2mcdm","timestamp":1674747518877,"id":"lvd09soituyoqap","previousEventId":"pwc2br6hnhiocmd","previousOperationId":"br8ndr0yl1e9823"}
{"type":"log","timestamp":1674747518877,"level":"debug","message":"Skipping storing report.","meta":{"rootId":"qra3o0v4dhmplkv","id":"qra3o0v4dhmplkv"},"id":"9fkckvrcdqy7173","previousOperationId":"rw0bv0crix2mcdm"}
{"type":"log","timestamp":1674747518877,"level":"info","message":"Rendering request 33 finished in 2208 ms","meta":{"rootId":"qra3o0v4dhmplkv","id":"qra3o0v4dhmplkv"},"id":"3l7ieo3rebseox2","previousOperationId":"rw0bv0crix2mcdm"}
{"type":"operationEnd","subtype":"render","operationId":"dqfkp1taj9g3vaf","timestamp":1674747518877,"id":"zeh32z2yfex0mkr","previousEventId":"lvd09soituyoqap","previousOperationId":"rw0bv0crix2mcdm"}
{"type":"operationEnd","doDiffs":false,"previousEventId":"385djnmnx4ibgwt","previousOperationId":"qj90sr67wp9g17o","operationId":"qj90sr67wp9g17o","timestamp":1674747518880,"id":"vtewfs4lb1wq9wf"}
