{"type":"operationStart","subtype":"profile","data":{"_id":"r6z96Po9Li4X5nNw","timestamp":"2023-01-26T16:23:50.479Z","state":"queued","mode":"standard","creationDate":"2023-01-26T16:23:50.481Z","modificationDate":"2023-01-26T16:23:50.481Z","shortid":"DQGCZsP","$entitySet":"profiles"},"doDiffs":false,"timestamp":1674750230480,"id":"kfc9fmfkis0xb2n","previousOperationId":null,"operationId":"gh3egf1lti9p723"}
{"type":"log","level":"info","message":"Render request 56 queued for execution and waiting for available worker","previousOperationId":"gh3egf1lti9p723","timestamp":1674750230480,"id":"r1renx2oss3bsfr"}
{"type":"operationStart","subtype":"render","name":"Data","previousOperationId":"gh3egf1lti9p723","timestamp":1674750230489,"id":"jbdftxruqeyo7u9","previousEventId":"kfc9fmfkis0xb2n","operationId":"jrnkg4d5dhglnby"}
{"type":"log","timestamp":1674750230489,"level":"info","message":"Starting rendering request 56","meta":{"rootId":"rdp03xsikw008ue","id":"rdp03xsikw008ue"},"id":"537p3c9pjgaya9p","previousOperationId":"jrnkg4d5dhglnby"}
{"type":"log","timestamp":1674750230489,"level":"info","message":"Rendering template { name: Data, recipe: chrome-pdf, engine: handlebars, preview: true }","meta":{"rootId":"rdp03xsikw008ue","id":"rdp03xsikw008ue"},"id":"vi4dl014wcdpajy","previousOperationId":"jrnkg4d5dhglnby"}
{"type":"log","timestamp":1674750230489,"level":"debug","message":"Data item not defined for this template.","meta":{"rootId":"rdp03xsikw008ue","id":"rdp03xsikw008ue"},"id":"ftkl5qgp5h7dhhy","previousOperationId":"jrnkg4d5dhglnby"}
{"type":"log","timestamp":1674750230491,"level":"debug","message":"Executing script testing (beforeRender)","meta":{"rootId":"rdp03xsikw008ue","id":"rdp03xsikw008ue"},"id":"1r345s7mn6p813h","previousOperationId":"jrnkg4d5dhglnby"}
{"type":"operationStart","subtype":"scriptsBeforeRender","name":"scripts beforeRender","timestamp":1674750230549,"id":"3r4jxym27xuwypl","previousEventId":"jbdftxruqeyo7u9","operationId":"t1qzfffusgas9hi","previousOperationId":"jrnkg4d5dhglnby"}
{"type":"operationStart","subtype":"script","name":"scripts testing","previousOperationId":"t1qzfffusgas9hi","timestamp":1674750230549,"id":"fo94n6cm0866kum","previousEventId":"3r4jxym27xuwypl","operationId":"re53de0wrqkrkgg"}
{"type":"log","timestamp":1674750230796,"level":"debug","message":"(console:log) {\n  location: [ 'Teror', 'Gáldar', 'Las Palmas de Gran Canaria' ],\n  repetition: [ '3', '1', '2' ]\n}","meta":{"userLevel":true,"rootId":"rdp03xsikw008ue","id":"rdp03xsikw008ue"},"id":"8zii6zmc4p3q0cd","previousOperationId":"re53de0wrqkrkgg"}
{"type":"operationEnd","operationId":"re53de0wrqkrkgg","timestamp":1674750231211,"id":"4l2hou3018pbuho","previousEventId":"jbdftxruqeyo7u9","previousOperationId":"jrnkg4d5dhglnby"}
{"type":"operationEnd","operationId":"t1qzfffusgas9hi","timestamp":1674750231211,"id":"l3msyv5tb664yj6","previousEventId":"4l2hou3018pbuho","previousOperationId":"jrnkg4d5dhglnby"}
{"type":"log","timestamp":1674750231211,"level":"debug","message":"Base url not specified, skipping its injection.","meta":{"rootId":"rdp03xsikw008ue","id":"rdp03xsikw008ue"},"id":"3vq7dp5oimz2bzj","previousOperationId":"t1qzfffusgas9hi"}
{"type":"operationStart","subtype":"engine","name":"handlebars","timestamp":1674750231211,"id":"86o8rapbw3ax4gp","previousEventId":"l3msyv5tb664yj6","operationId":"rnlcxcey7gridw0","previousOperationId":"t1qzfffusgas9hi"}
{"type":"log","timestamp":1674750231211,"level":"debug","message":"Rendering engine handlebars","meta":{"rootId":"rdp03xsikw008ue","id":"rdp03xsikw008ue"},"id":"fcj21cx1agakhy5","previousOperationId":"rnlcxcey7gridw0"}
{"type":"operationEnd","operationId":"rnlcxcey7gridw0","timestamp":1674750231223,"id":"4jjrg1lbp50qkez","previousEventId":"86o8rapbw3ax4gp","previousOperationId":"rnlcxcey7gridw0"}
{"type":"operationStart","subtype":"recipe","name":"chrome-pdf","timestamp":1674750231223,"id":"lv0m0qefd81hksc","previousEventId":"4jjrg1lbp50qkez","operationId":"v9pdakc5007506n","previousOperationId":"rnlcxcey7gridw0"}
{"type":"log","timestamp":1674750231223,"level":"debug","message":"Executing recipe chrome-pdf","meta":{"rootId":"rdp03xsikw008ue","id":"rdp03xsikw008ue"},"id":"4cg7f9zie8okne4","previousOperationId":"v9pdakc5007506n"}
{"type":"log","timestamp":1674750231225,"level":"debug","message":"Converting with chrome HeadlessChrome/105.0.5173.0 using chrome-pool strategy","meta":{"rootId":"rdp03xsikw008ue","id":"rdp03xsikw008ue"},"id":"ij6s220w33ujfqv","previousOperationId":"v9pdakc5007506n"}
{"type":"log","timestamp":1674750231343,"level":"debug","message":"Page request: GET (document) file:///C:/Users/Johan/AppData/Local/Temp/jsreport/autocleanup/b7cbbdb0-4f5f-4dc7-bcf0-35ede8b5f79c-chrome-pdf.html","meta":{"rootId":"rdp03xsikw008ue","id":"rdp03xsikw008ue"},"id":"hfhznvu47nffcwh","previousOperationId":"v9pdakc5007506n"}
{"type":"log","timestamp":1674750231363,"level":"debug","message":"Page request finished: GET (document) 200 file:///C:/Users/Johan/AppData/Local/Temp/jsreport/autocleanup/b7cbbdb0-4f5f-4dc7-bcf0-35ede8b5f79c-chrome-pdf.html","meta":{"rootId":"rdp03xsikw008ue","id":"rdp03xsikw008ue"},"id":"86tqcm920l5o1nd","previousOperationId":"v9pdakc5007506n"}
{"type":"log","timestamp":1674750231363,"level":"debug","message":"Page request: GET (stylesheet) https://cdnjs.cloudflare.com/ajax/libs/metro/4.1.5/css/metro.min.css","meta":{"rootId":"rdp03xsikw008ue","id":"rdp03xsikw008ue"},"id":"ydcmabwswwh2xrr","previousOperationId":"v9pdakc5007506n"}
{"type":"log","timestamp":1674750231364,"level":"debug","message":"Page request: GET (stylesheet) https://cdnjs.cloudflare.com/ajax/libs/chartist/0.11.0/chartist.min.css","meta":{"rootId":"rdp03xsikw008ue","id":"rdp03xsikw008ue"},"id":"97e5up9r4av8ypu","previousOperationId":"v9pdakc5007506n"}
{"type":"log","timestamp":1674750231364,"level":"debug","message":"Page request: GET (script) https://cdnjs.cloudflare.com/ajax/libs/chartist/0.11.0/chartist.min.js","meta":{"rootId":"rdp03xsikw008ue","id":"rdp03xsikw008ue"},"id":"rcgjugvx9rkf26h","previousOperationId":"v9pdakc5007506n"}
{"type":"log","timestamp":1674750231364,"level":"debug","message":"Page request: GET (script) https://unpkg.com/chartist-plugin-tooltips@0.0.17","meta":{"rootId":"rdp03xsikw008ue","id":"rdp03xsikw008ue"},"id":"2j5v9h0eso5hhr5","previousOperationId":"v9pdakc5007506n"}
{"type":"log","timestamp":1674750231364,"level":"debug","message":"Page request: GET (script) https://unpkg.com/chartist-plugin-pointlabels@0.0.6","meta":{"rootId":"rdp03xsikw008ue","id":"rdp03xsikw008ue"},"id":"s9h0z47vgu59j4p","previousOperationId":"v9pdakc5007506n"}
{"type":"log","timestamp":1674750231370,"level":"warn","message":"Page request failed: GET (script) 302 https://unpkg.com/chartist-plugin-tooltips@0.0.17 (redirect to: /chartist-plugin-tooltips@0.0.17/dist/chartist-plugin-tooltip.js)","meta":{"rootId":"rdp03xsikw008ue","id":"rdp03xsikw008ue"},"id":"xr46o1frde6i80t","previousOperationId":"v9pdakc5007506n"}
{"type":"log","timestamp":1674750231370,"level":"debug","message":"Page request: GET (script) https://unpkg.com/chartist-plugin-tooltips@0.0.17/dist/chartist-plugin-tooltip.js (redirect from: https://unpkg.com/chartist-plugin-tooltips@0.0.17)","meta":{"rootId":"rdp03xsikw008ue","id":"rdp03xsikw008ue"},"id":"vicz4gy2084oepd","previousOperationId":"v9pdakc5007506n"}
{"type":"log","timestamp":1674750231372,"level":"debug","message":"Page request finished: GET (stylesheet) 200 https://cdnjs.cloudflare.com/ajax/libs/chartist/0.11.0/chartist.min.css","meta":{"rootId":"rdp03xsikw008ue","id":"rdp03xsikw008ue"},"id":"8h02ksfnxc2fbkx","previousOperationId":"v9pdakc5007506n"}
{"type":"log","timestamp":1674750231373,"level":"debug","message":"Page request finished: GET (script) 200 https://cdnjs.cloudflare.com/ajax/libs/chartist/0.11.0/chartist.min.js","meta":{"rootId":"rdp03xsikw008ue","id":"rdp03xsikw008ue"},"id":"nz1urdpmzdmoru1","previousOperationId":"v9pdakc5007506n"}
{"type":"log","timestamp":1674750231373,"level":"warn","message":"Page request failed: GET (script) 302 https://unpkg.com/chartist-plugin-pointlabels@0.0.6 (redirect to: /chartist-plugin-pointlabels@0.0.6/dist/chartist-plugin-pointlabels.js)","meta":{"rootId":"rdp03xsikw008ue","id":"rdp03xsikw008ue"},"id":"rbe3hdkuqvxo2ol","previousOperationId":"v9pdakc5007506n"}
{"type":"log","timestamp":1674750231373,"level":"debug","message":"Page request: GET (script) https://unpkg.com/chartist-plugin-pointlabels@0.0.6/dist/chartist-plugin-pointlabels.js (redirect from: https://unpkg.com/chartist-plugin-pointlabels@0.0.6)","meta":{"rootId":"rdp03xsikw008ue","id":"rdp03xsikw008ue"},"id":"3cvec16pwmxwwlb","previousOperationId":"v9pdakc5007506n"}
{"type":"log","timestamp":1674750231392,"level":"debug","message":"Page request finished: GET (stylesheet) 200 https://cdnjs.cloudflare.com/ajax/libs/metro/4.1.5/css/metro.min.css","meta":{"rootId":"rdp03xsikw008ue","id":"rdp03xsikw008ue"},"id":"uxymwsjo1k8c4cv","previousOperationId":"v9pdakc5007506n"}
{"type":"log","timestamp":1674750231395,"level":"debug","message":"Page request finished: GET (script) 200 https://unpkg.com/chartist-plugin-tooltips@0.0.17/dist/chartist-plugin-tooltip.js","meta":{"rootId":"rdp03xsikw008ue","id":"rdp03xsikw008ue"},"id":"bwc5qxwj3urrpcq","previousOperationId":"v9pdakc5007506n"}
{"type":"log","timestamp":1674750231396,"level":"debug","message":"Page request finished: GET (script) 200 https://unpkg.com/chartist-plugin-pointlabels@0.0.6/dist/chartist-plugin-pointlabels.js","meta":{"rootId":"rdp03xsikw008ue","id":"rdp03xsikw008ue"},"id":"tzxptzfgn84j79i","previousOperationId":"v9pdakc5007506n"}
{"type":"log","timestamp":1674750231399,"level":"warn","message":"Page error: SyntaxError: Unexpected identifier","meta":{"rootId":"rdp03xsikw008ue","id":"rdp03xsikw008ue"},"id":"3yx44vv3gvvlqzm","previousOperationId":"v9pdakc5007506n"}
{"type":"log","timestamp":1674750231439,"level":"debug","message":"Running chrome with params {\"printBackground\":true,\"timeout\":59254,\"margin\":{}}","meta":{"rootId":"rdp03xsikw008ue","id":"rdp03xsikw008ue"},"id":"daacr8vlw7d4496","previousOperationId":"v9pdakc5007506n"}
{"type":"operationEnd","operationId":"v9pdakc5007506n","timestamp":1674750231574,"id":"d4pgzce2wh7kh13","previousEventId":"lv0m0qefd81hksc","previousOperationId":"v9pdakc5007506n"}
{"type":"log","timestamp":1674750231574,"level":"debug","message":"Executing script testing (afterRender)","meta":{"rootId":"rdp03xsikw008ue","id":"rdp03xsikw008ue"},"id":"pfkidaxiku054hp","previousOperationId":"v9pdakc5007506n"}
{"type":"operationStart","subtype":"scriptsAfterRender","name":"scripts afterRender","timestamp":1674750231581,"id":"j6vi6pr70016fc0","previousEventId":"d4pgzce2wh7kh13","operationId":"qoozt315ectthy9","previousOperationId":"v9pdakc5007506n"}
{"type":"operationStart","subtype":"script","name":"scripts testing","previousOperationId":"qoozt315ectthy9","timestamp":1674750231581,"id":"6dlytcq3osnctt2","previousEventId":"j6vi6pr70016fc0","operationId":"yzx1xpyq1v08j7p"}
{"type":"operationEnd","operationId":"yzx1xpyq1v08j7p","timestamp":1674750232719,"id":"owd7k5e6ykbudqf","previousEventId":"d4pgzce2wh7kh13","previousOperationId":"v9pdakc5007506n"}
{"type":"operationEnd","operationId":"qoozt315ectthy9","timestamp":1674750232719,"id":"dzxmrsp9rg71fkr","previousEventId":"owd7k5e6ykbudqf","previousOperationId":"v9pdakc5007506n"}
{"type":"log","timestamp":1674750232719,"level":"debug","message":"Skipping storing report.","meta":{"rootId":"rdp03xsikw008ue","id":"rdp03xsikw008ue"},"id":"8ciw0cgny4xjcx0","previousOperationId":"qoozt315ectthy9"}
{"type":"log","timestamp":1674750232719,"level":"info","message":"Rendering request 56 finished in 2240 ms","meta":{"rootId":"rdp03xsikw008ue","id":"rdp03xsikw008ue"},"id":"5v9z2t85mfgua9t","previousOperationId":"qoozt315ectthy9"}
{"type":"operationEnd","subtype":"render","operationId":"jrnkg4d5dhglnby","timestamp":1674750232719,"id":"78fhomlla6afbf5","previousEventId":"dzxmrsp9rg71fkr","previousOperationId":"qoozt315ectthy9"}
{"type":"operationEnd","doDiffs":false,"previousEventId":"kfc9fmfkis0xb2n","previousOperationId":"gh3egf1lti9p723","operationId":"gh3egf1lti9p723","timestamp":1674750232724,"id":"90hgnoba0sklwhd"}
