{"type":"operationStart","subtype":"profile","data":{"_id":"w2g25hmjMUaftxZa","timestamp":"2023-01-26T15:25:52.202Z","state":"queued","mode":"standard","creationDate":"2023-01-26T15:25:52.206Z","modificationDate":"2023-01-26T15:25:52.206Z","shortid":"GkUbRmE","$entitySet":"profiles"},"doDiffs":false,"timestamp":1674746752204,"id":"hjbm74fws9ygbd5","previousOperationId":null,"operationId":"lmcn0et1kjasfx0"}
{"type":"log","level":"info","message":"Render request 12 queued for execution and waiting for available worker","previousOperationId":"lmcn0et1kjasfx0","timestamp":1674746752205,"id":"t7q3k7ri17napct"}
{"type":"operationStart","subtype":"render","name":"Data","previousOperationId":"lmcn0et1kjasfx0","timestamp":1674746752215,"id":"88zdat1w2jgnf4e","previousEventId":"hjbm74fws9ygbd5","operationId":"nkmojpkg9a1g9j5"}
{"type":"log","timestamp":1674746752215,"level":"info","message":"Starting rendering request 12","meta":{"rootId":"rmshp4gvyb3ftt4","id":"rmshp4gvyb3ftt4"},"id":"hj15j39dg3e03px","previousOperationId":"nkmojpkg9a1g9j5"}
{"type":"log","timestamp":1674746752215,"level":"info","message":"Rendering template { name: Data, recipe: chrome-pdf, engine: handlebars, preview: true }","meta":{"rootId":"rmshp4gvyb3ftt4","id":"rmshp4gvyb3ftt4"},"id":"jwvnvmokaholdms","previousOperationId":"nkmojpkg9a1g9j5"}
{"type":"log","timestamp":1674746752215,"level":"debug","message":"Data item not defined for this template.","meta":{"rootId":"rmshp4gvyb3ftt4","id":"rmshp4gvyb3ftt4"},"id":"16bi5jqwwwksdv1","previousOperationId":"nkmojpkg9a1g9j5"}
{"type":"log","timestamp":1674746752217,"level":"debug","message":"Executing script testing (beforeRender)","meta":{"rootId":"rmshp4gvyb3ftt4","id":"rmshp4gvyb3ftt4"},"id":"ftu42ggs607hm5n","previousOperationId":"nkmojpkg9a1g9j5"}
{"type":"operationStart","subtype":"scriptsBeforeRender","name":"scripts beforeRender","timestamp":1674746752263,"id":"jz6m23w7j4zwidh","previousEventId":"88zdat1w2jgnf4e","operationId":"dxmyq3yxwdf8dl9","previousOperationId":"nkmojpkg9a1g9j5"}
{"type":"operationStart","subtype":"script","name":"scripts testing","previousOperationId":"dxmyq3yxwdf8dl9","timestamp":1674746752263,"id":"7eai9ngq53h0dwe","previousEventId":"jz6m23w7j4zwidh","operationId":"ly06pq56vpc0nhm"}
{"type":"log","timestamp":1674746752695,"level":"debug","message":"(console:log) [ '58', '2', '59' ]","meta":{"userLevel":true,"rootId":"rmshp4gvyb3ftt4","id":"rmshp4gvyb3ftt4"},"id":"iwrmmo9xv02kqt5","previousOperationId":"ly06pq56vpc0nhm"}
{"type":"log","timestamp":1674746752695,"level":"debug","message":"(console:log) [ '2', '3', '1' ]","meta":{"userLevel":true,"rootId":"rmshp4gvyb3ftt4","id":"rmshp4gvyb3ftt4"},"id":"2s8gaalt359nctl","previousOperationId":"ly06pq56vpc0nhm"}
{"type":"operationEnd","operationId":"ly06pq56vpc0nhm","timestamp":1674746753103,"id":"sf6k9uwidxo54td","previousEventId":"88zdat1w2jgnf4e","previousOperationId":"nkmojpkg9a1g9j5"}
{"type":"operationEnd","operationId":"dxmyq3yxwdf8dl9","timestamp":1674746753103,"id":"swmz228h08ba73y","previousEventId":"sf6k9uwidxo54td","previousOperationId":"nkmojpkg9a1g9j5"}
{"type":"log","timestamp":1674746753103,"level":"debug","message":"Base url not specified, skipping its injection.","meta":{"rootId":"rmshp4gvyb3ftt4","id":"rmshp4gvyb3ftt4"},"id":"8z5tgudet81sp2j","previousOperationId":"dxmyq3yxwdf8dl9"}
{"type":"operationStart","subtype":"engine","name":"handlebars","timestamp":1674746753103,"id":"37q9fanvdh9nfts","previousEventId":"swmz228h08ba73y","operationId":"7z0s7li310dfqfj","previousOperationId":"dxmyq3yxwdf8dl9"}
{"type":"log","timestamp":1674746753103,"level":"debug","message":"Rendering engine handlebars","meta":{"rootId":"rmshp4gvyb3ftt4","id":"rmshp4gvyb3ftt4"},"id":"m0q5z8rrpadfa2u","previousOperationId":"7z0s7li310dfqfj"}
{"type":"operationEnd","operationId":"7z0s7li310dfqfj","timestamp":1674746753119,"id":"yu3q0hlygwrxl1q","previousEventId":"37q9fanvdh9nfts","previousOperationId":"7z0s7li310dfqfj"}
{"type":"operationStart","subtype":"recipe","name":"chrome-pdf","timestamp":1674746753120,"id":"ojevmmp24iztmri","previousEventId":"yu3q0hlygwrxl1q","operationId":"xcwad229rftlqoj","previousOperationId":"7z0s7li310dfqfj"}
{"type":"log","timestamp":1674746753120,"level":"debug","message":"Executing recipe chrome-pdf","meta":{"rootId":"rmshp4gvyb3ftt4","id":"rmshp4gvyb3ftt4"},"id":"ttthq0bnzg78djr","previousOperationId":"xcwad229rftlqoj"}
{"type":"log","timestamp":1674746753124,"level":"debug","message":"Converting with chrome HeadlessChrome/105.0.5173.0 using chrome-pool strategy","meta":{"rootId":"rmshp4gvyb3ftt4","id":"rmshp4gvyb3ftt4"},"id":"1n1g37xcrzc6mku","previousOperationId":"xcwad229rftlqoj"}
{"type":"log","timestamp":1674746753217,"level":"debug","message":"Page request: GET (document) file:///C:/Users/Johan/AppData/Local/Temp/jsreport/autocleanup/a2bd39d2-121a-45ab-9727-c98fb3875bcc-chrome-pdf.html","meta":{"rootId":"rmshp4gvyb3ftt4","id":"rmshp4gvyb3ftt4"},"id":"zoifo7bln3w3nzf","previousOperationId":"xcwad229rftlqoj"}
{"type":"log","timestamp":1674746753241,"level":"debug","message":"Page request: GET (stylesheet) https://cdnjs.cloudflare.com/ajax/libs/metro/4.1.5/css/metro.min.css","meta":{"rootId":"rmshp4gvyb3ftt4","id":"rmshp4gvyb3ftt4"},"id":"hs61e67vjonu50m","previousOperationId":"xcwad229rftlqoj"}
{"type":"log","timestamp":1674746753241,"level":"debug","message":"Page request: GET (script) https://cdnjs.cloudflare.com/ajax/libs/Chart.js/2.7.2/Chart.min.js","meta":{"rootId":"rmshp4gvyb3ftt4","id":"rmshp4gvyb3ftt4"},"id":"k99e5gmrkmns2b8","previousOperationId":"xcwad229rftlqoj"}
{"type":"log","timestamp":1674746753242,"level":"debug","message":"Page request: GET (stylesheet) https://cdnjs.cloudflare.com/ajax/libs/chartist/0.11.0/chartist.min.css","meta":{"rootId":"rmshp4gvyb3ftt4","id":"rmshp4gvyb3ftt4"},"id":"1y2eddlirqhv9r7","previousOperationId":"xcwad229rftlqoj"}
{"type":"log","timestamp":1674746753242,"level":"debug","message":"Page request: GET (script) https://cdn.jsdelivr.net/npm/chart.js@2.9.3/dist/Chart.min.js","meta":{"rootId":"rmshp4gvyb3ftt4","id":"rmshp4gvyb3ftt4"},"id":"ugbhyfxkk7hvx6m","previousOperationId":"xcwad229rftlqoj"}
{"type":"log","timestamp":1674746753242,"level":"debug","message":"Page request finished: GET (document) 200 file:///C:/Users/Johan/AppData/Local/Temp/jsreport/autocleanup/a2bd39d2-121a-45ab-9727-c98fb3875bcc-chrome-pdf.html","meta":{"rootId":"rmshp4gvyb3ftt4","id":"rmshp4gvyb3ftt4"},"id":"h0eq9i4zhkf68v8","previousOperationId":"xcwad229rftlqoj"}
{"type":"log","timestamp":1674746753248,"level":"debug","message":"Page request finished: GET (stylesheet) 200 https://cdnjs.cloudflare.com/ajax/libs/chartist/0.11.0/chartist.min.css","meta":{"rootId":"rmshp4gvyb3ftt4","id":"rmshp4gvyb3ftt4"},"id":"q8t7j63a1tblzz2","previousOperationId":"xcwad229rftlqoj"}
{"type":"log","timestamp":1674746753250,"level":"debug","message":"Page request finished: GET (script) 200 https://cdnjs.cloudflare.com/ajax/libs/Chart.js/2.7.2/Chart.min.js","meta":{"rootId":"rmshp4gvyb3ftt4","id":"rmshp4gvyb3ftt4"},"id":"hmiou8gesc6zq98","previousOperationId":"xcwad229rftlqoj"}
{"type":"log","timestamp":1674746753250,"level":"debug","message":"Page request finished: GET (script) 200 https://cdn.jsdelivr.net/npm/chart.js@2.9.3/dist/Chart.min.js","meta":{"rootId":"rmshp4gvyb3ftt4","id":"rmshp4gvyb3ftt4"},"id":"xyd870jva2mgylm","previousOperationId":"xcwad229rftlqoj"}
{"type":"log","timestamp":1674746753270,"level":"debug","message":"Page request finished: GET (stylesheet) 200 https://cdnjs.cloudflare.com/ajax/libs/metro/4.1.5/css/metro.min.css","meta":{"rootId":"rmshp4gvyb3ftt4","id":"rmshp4gvyb3ftt4"},"id":"rvzfvufjry1r33w","previousOperationId":"xcwad229rftlqoj"}
{"type":"log","timestamp":1674746753281,"level":"warn","message":"Page error: SyntaxError: Unexpected token ','","meta":{"rootId":"rmshp4gvyb3ftt4","id":"rmshp4gvyb3ftt4"},"id":"31thhkth8naxhrq","previousOperationId":"xcwad229rftlqoj"}
{"type":"log","timestamp":1674746753317,"level":"debug","message":"Running chrome with params {\"printBackground\":true,\"timeout\":59079,\"margin\":{}}","meta":{"rootId":"rmshp4gvyb3ftt4","id":"rmshp4gvyb3ftt4"},"id":"vq3xm7djwiwy4b6","previousOperationId":"xcwad229rftlqoj"}
{"type":"operationEnd","operationId":"xcwad229rftlqoj","timestamp":1674746753429,"id":"b0em8ji5rlue5xg","previousEventId":"ojevmmp24iztmri","previousOperationId":"xcwad229rftlqoj"}
{"type":"log","timestamp":1674746753429,"level":"debug","message":"Executing script testing (afterRender)","meta":{"rootId":"rmshp4gvyb3ftt4","id":"rmshp4gvyb3ftt4"},"id":"1hhhya8vkpjg2gx","previousOperationId":"xcwad229rftlqoj"}
{"type":"operationStart","subtype":"scriptsAfterRender","name":"scripts afterRender","timestamp":1674746753436,"id":"k6b52rckh67fihk","previousEventId":"b0em8ji5rlue5xg","operationId":"zw3p484qu7mx026","previousOperationId":"xcwad229rftlqoj"}
{"type":"operationStart","subtype":"script","name":"scripts testing","previousOperationId":"zw3p484qu7mx026","timestamp":1674746753436,"id":"lditrqqmo81pte0","previousEventId":"k6b52rckh67fihk","operationId":"ocem5krxltvvbm6"}
{"type":"operationEnd","operationId":"ocem5krxltvvbm6","timestamp":1674746754514,"id":"jzzyimow6183c7y","previousEventId":"b0em8ji5rlue5xg","previousOperationId":"xcwad229rftlqoj"}
{"type":"operationEnd","operationId":"zw3p484qu7mx026","timestamp":1674746754514,"id":"csz70dq7wpz7n5s","previousEventId":"jzzyimow6183c7y","previousOperationId":"xcwad229rftlqoj"}
{"type":"log","timestamp":1674746754515,"level":"debug","message":"Skipping storing report.","meta":{"rootId":"rmshp4gvyb3ftt4","id":"rmshp4gvyb3ftt4"},"id":"uhsik6nhorgq2de","previousOperationId":"zw3p484qu7mx026"}
{"type":"log","timestamp":1674746754515,"level":"info","message":"Rendering request 12 finished in 2313 ms","meta":{"rootId":"rmshp4gvyb3ftt4","id":"rmshp4gvyb3ftt4"},"id":"dik0gbp32jzclb7","previousOperationId":"zw3p484qu7mx026"}
{"type":"operationEnd","subtype":"render","operationId":"nkmojpkg9a1g9j5","timestamp":1674746754515,"id":"gg8a6sek6ltqacp","previousEventId":"csz70dq7wpz7n5s","previousOperationId":"zw3p484qu7mx026"}
{"type":"operationEnd","doDiffs":false,"previousEventId":"hjbm74fws9ygbd5","previousOperationId":"lmcn0et1kjasfx0","operationId":"lmcn0et1kjasfx0","timestamp":1674746754520,"id":"0w3ezoffexq62tf"}
