{"type":"operationStart","subtype":"profile","data":{"_id":"CfX8xtrhekPM0LGV","timestamp":"2023-01-26T17:19:09.838Z","state":"queued","mode":"standard","creationDate":"2023-01-26T17:19:09.841Z","modificationDate":"2023-01-26T17:19:09.841Z","shortid":"OryBEu6","$entitySet":"profiles"},"doDiffs":false,"timestamp":1674753549840,"id":"vwdebqlv9ohuso7","previousOperationId":null,"operationId":"5ewzuebdyduaz22"}
{"type":"log","level":"info","message":"Render request 28 queued for execution and waiting for available worker","previousOperationId":"5ewzuebdyduaz22","timestamp":1674753549840,"id":"18sbgj74xi8ogab"}
{"type":"operationStart","subtype":"render","name":"Data","previousOperationId":"5ewzuebdyduaz22","timestamp":1674753549855,"id":"nvma7bsns0jnsez","previousEventId":"vwdebqlv9ohuso7","operationId":"o0dcy7vk0xe9tba"}
{"type":"log","timestamp":1674753549856,"level":"info","message":"Starting rendering request 28","meta":{"rootId":"ro63w9at3ufalyo","id":"ro63w9at3ufalyo"},"id":"6zdeqq9wh2s3886","previousOperationId":"o0dcy7vk0xe9tba"}
{"type":"log","timestamp":1674753549856,"level":"info","message":"Rendering template { name: Data, recipe: chrome-pdf, engine: handlebars, preview: true }","meta":{"rootId":"ro63w9at3ufalyo","id":"ro63w9at3ufalyo"},"id":"41sfi28pvy98hw6","previousOperationId":"o0dcy7vk0xe9tba"}
{"type":"log","timestamp":1674753549856,"level":"debug","message":"Data item not defined for this template.","meta":{"rootId":"ro63w9at3ufalyo","id":"ro63w9at3ufalyo"},"id":"b26vrqtn14htr2t","previousOperationId":"o0dcy7vk0xe9tba"}
{"type":"log","timestamp":1674753549858,"level":"debug","message":"Executing script testing (beforeRender)","meta":{"rootId":"ro63w9at3ufalyo","id":"ro63w9at3ufalyo"},"id":"000i6i55s5wmovv","previousOperationId":"o0dcy7vk0xe9tba"}
{"type":"operationStart","subtype":"scriptsBeforeRender","name":"scripts beforeRender","timestamp":1674753549946,"id":"hbr2p9k7pmf1ygj","previousEventId":"nvma7bsns0jnsez","operationId":"175gd72ltp47fhm","previousOperationId":"o0dcy7vk0xe9tba"}
{"type":"operationStart","subtype":"script","name":"scripts testing","previousOperationId":"175gd72ltp47fhm","timestamp":1674753549946,"id":"azhkkdvcc7zm8vv","previousEventId":"hbr2p9k7pmf1ygj","operationId":"gcqw1hvoev321mg"}
{"type":"log","timestamp":1674753550199,"level":"debug","message":"(console:log) {\n  locationName: [ 'Las Palmas de Gran Canaria', 'Galdar', 'Teror' ],\n  repetition: [ '2', '1', '3' ]\n}","meta":{"userLevel":true,"rootId":"ro63w9at3ufalyo","id":"ro63w9at3ufalyo"},"id":"fspon62b8xinet1","previousOperationId":"gcqw1hvoev321mg"}
{"type":"log","timestamp":1674753550199,"level":"debug","message":"(console:log) [ 'Las Palmas de Gran Canaria', 'Galdar', 'Teror' ]","meta":{"userLevel":true,"rootId":"ro63w9at3ufalyo","id":"ro63w9at3ufalyo"},"id":"q9rnif96ecrmbh8","previousOperationId":"gcqw1hvoev321mg"}
{"type":"log","timestamp":1674753550199,"level":"debug","message":"(console:log) [ '2', '1', '3' ]","meta":{"userLevel":true,"rootId":"ro63w9at3ufalyo","id":"ro63w9at3ufalyo"},"id":"qno5vn1p27ehd5f","previousOperationId":"gcqw1hvoev321mg"}
{"type":"operationEnd","operationId":"gcqw1hvoev321mg","timestamp":1674753550584,"id":"xz6sjlc2qwg2z9f","previousEventId":"nvma7bsns0jnsez","previousOperationId":"o0dcy7vk0xe9tba"}
{"type":"operationEnd","operationId":"175gd72ltp47fhm","timestamp":1674753550584,"id":"j3pin91goa58zna","previousEventId":"xz6sjlc2qwg2z9f","previousOperationId":"o0dcy7vk0xe9tba"}
{"type":"log","timestamp":1674753550585,"level":"debug","message":"Base url not specified, skipping its injection.","meta":{"rootId":"ro63w9at3ufalyo","id":"ro63w9at3ufalyo"},"id":"sm9dkx528a5flur","previousOperationId":"175gd72ltp47fhm"}
{"type":"operationStart","subtype":"engine","name":"handlebars","timestamp":1674753550585,"id":"ehaw7ntuhj6gx4x","previousEventId":"j3pin91goa58zna","operationId":"12p07mmxoi59p7y","previousOperationId":"175gd72ltp47fhm"}
{"type":"log","timestamp":1674753550585,"level":"debug","message":"Rendering engine handlebars","meta":{"rootId":"ro63w9at3ufalyo","id":"ro63w9at3ufalyo"},"id":"pqpytz00mi3rnq1","previousOperationId":"12p07mmxoi59p7y"}
{"type":"operationEnd","operationId":"12p07mmxoi59p7y","timestamp":1674753550598,"id":"1ahil1m3dol16hn","previousEventId":"ehaw7ntuhj6gx4x","previousOperationId":"12p07mmxoi59p7y"}
{"type":"operationStart","subtype":"recipe","name":"chrome-pdf","timestamp":1674753550599,"id":"r1p740n02u23zub","previousEventId":"1ahil1m3dol16hn","operationId":"fo8mt7te7f261hg","previousOperationId":"12p07mmxoi59p7y"}
{"type":"log","timestamp":1674753550599,"level":"debug","message":"Executing recipe chrome-pdf","meta":{"rootId":"ro63w9at3ufalyo","id":"ro63w9at3ufalyo"},"id":"foszpzo9tevpesu","previousOperationId":"fo8mt7te7f261hg"}
{"type":"log","timestamp":1674753550602,"level":"debug","message":"Converting with chrome HeadlessChrome/105.0.5173.0 using chrome-pool strategy","meta":{"rootId":"ro63w9at3ufalyo","id":"ro63w9at3ufalyo"},"id":"8cbw6f84bhy14pi","previousOperationId":"fo8mt7te7f261hg"}
{"type":"log","timestamp":1674753550692,"level":"debug","message":"Page request: GET (document) file:///C:/Users/Johan/AppData/Local/Temp/jsreport/autocleanup/36fac96e-9b72-4919-be16-fd7e5acebb39-chrome-pdf.html","meta":{"rootId":"ro63w9at3ufalyo","id":"ro63w9at3ufalyo"},"id":"wy9x649xyp9idwk","previousOperationId":"fo8mt7te7f261hg"}
{"type":"log","timestamp":1674753550716,"level":"debug","message":"Page request finished: GET (document) 200 file:///C:/Users/Johan/AppData/Local/Temp/jsreport/autocleanup/36fac96e-9b72-4919-be16-fd7e5acebb39-chrome-pdf.html","meta":{"rootId":"ro63w9at3ufalyo","id":"ro63w9at3ufalyo"},"id":"x7jyta11gja0y5x","previousOperationId":"fo8mt7te7f261hg"}
{"type":"log","timestamp":1674753550716,"level":"debug","message":"Page request: GET (stylesheet) https://cdnjs.cloudflare.com/ajax/libs/metro/4.1.5/css/metro.min.css","meta":{"rootId":"ro63w9at3ufalyo","id":"ro63w9at3ufalyo"},"id":"yjas84nvljk9rio","previousOperationId":"fo8mt7te7f261hg"}
{"type":"log","timestamp":1674753550716,"level":"debug","message":"Page request: GET (stylesheet) https://cdnjs.cloudflare.com/ajax/libs/chartist/0.11.0/chartist.min.css","meta":{"rootId":"ro63w9at3ufalyo","id":"ro63w9at3ufalyo"},"id":"jvqeaizcu8sys9g","previousOperationId":"fo8mt7te7f261hg"}
{"type":"log","timestamp":1674753550717,"level":"debug","message":"Page request: GET (script) https://cdnjs.cloudflare.com/ajax/libs/chartist/0.11.0/chartist.min.js","meta":{"rootId":"ro63w9at3ufalyo","id":"ro63w9at3ufalyo"},"id":"rn8q5csqhtcqtyx","previousOperationId":"fo8mt7te7f261hg"}
{"type":"log","timestamp":1674753550717,"level":"debug","message":"Page request: GET (script) https://unpkg.com/chartist-plugin-tooltips@0.0.17","meta":{"rootId":"ro63w9at3ufalyo","id":"ro63w9at3ufalyo"},"id":"j9595592z1q84nj","previousOperationId":"fo8mt7te7f261hg"}
{"type":"log","timestamp":1674753550717,"level":"debug","message":"Page request: GET (script) https://unpkg.com/chartist-plugin-pointlabels@0.0.6","meta":{"rootId":"ro63w9at3ufalyo","id":"ro63w9at3ufalyo"},"id":"ibft3knyvw2nn6j","previousOperationId":"fo8mt7te7f261hg"}
{"type":"log","timestamp":1674753550723,"level":"debug","message":"Page request finished: GET (stylesheet) 200 https://cdnjs.cloudflare.com/ajax/libs/chartist/0.11.0/chartist.min.css","meta":{"rootId":"ro63w9at3ufalyo","id":"ro63w9at3ufalyo"},"id":"k6kjogibz0uh5ze","previousOperationId":"fo8mt7te7f261hg"}
{"type":"log","timestamp":1674753550725,"level":"warn","message":"Page request failed: GET (script) 302 https://unpkg.com/chartist-plugin-tooltips@0.0.17 (redirect to: /chartist-plugin-tooltips@0.0.17/dist/chartist-plugin-tooltip.js)","meta":{"rootId":"ro63w9at3ufalyo","id":"ro63w9at3ufalyo"},"id":"wc1ahpzvm9polao","previousOperationId":"fo8mt7te7f261hg"}
{"type":"log","timestamp":1674753550725,"level":"debug","message":"Page request: GET (script) https://unpkg.com/chartist-plugin-tooltips@0.0.17/dist/chartist-plugin-tooltip.js (redirect from: https://unpkg.com/chartist-plugin-tooltips@0.0.17)","meta":{"rootId":"ro63w9at3ufalyo","id":"ro63w9at3ufalyo"},"id":"y2ld1p215h8f50i","previousOperationId":"fo8mt7te7f261hg"}
{"type":"log","timestamp":1674753550725,"level":"debug","message":"Page request finished: GET (script) 200 https://cdnjs.cloudflare.com/ajax/libs/chartist/0.11.0/chartist.min.js","meta":{"rootId":"ro63w9at3ufalyo","id":"ro63w9at3ufalyo"},"id":"m0j9fizjraskom4","previousOperationId":"fo8mt7te7f261hg"}
{"type":"log","timestamp":1674753550726,"level":"warn","message":"Page request failed: GET (script) 302 https://unpkg.com/chartist-plugin-pointlabels@0.0.6 (redirect to: /chartist-plugin-pointlabels@0.0.6/dist/chartist-plugin-pointlabels.js)","meta":{"rootId":"ro63w9at3ufalyo","id":"ro63w9at3ufalyo"},"id":"kfj40qy0t7z5268","previousOperationId":"fo8mt7te7f261hg"}
{"type":"log","timestamp":1674753550727,"level":"debug","message":"Page request: GET (script) https://unpkg.com/chartist-plugin-pointlabels@0.0.6/dist/chartist-plugin-pointlabels.js (redirect from: https://unpkg.com/chartist-plugin-pointlabels@0.0.6)","meta":{"rootId":"ro63w9at3ufalyo","id":"ro63w9at3ufalyo"},"id":"sgo4howrvmgt4ig","previousOperationId":"fo8mt7te7f261hg"}
{"type":"log","timestamp":1674753550743,"level":"debug","message":"Page request finished: GET (stylesheet) 200 https://cdnjs.cloudflare.com/ajax/libs/metro/4.1.5/css/metro.min.css","meta":{"rootId":"ro63w9at3ufalyo","id":"ro63w9at3ufalyo"},"id":"leakp98wmai798r","previousOperationId":"fo8mt7te7f261hg"}
{"type":"log","timestamp":1674753550745,"level":"debug","message":"Page request finished: GET (script) 200 https://unpkg.com/chartist-plugin-tooltips@0.0.17/dist/chartist-plugin-tooltip.js","meta":{"rootId":"ro63w9at3ufalyo","id":"ro63w9at3ufalyo"},"id":"g1u5i1owxqs4ckt","previousOperationId":"fo8mt7te7f261hg"}
{"type":"log","timestamp":1674753550745,"level":"debug","message":"Page request finished: GET (script) 200 https://unpkg.com/chartist-plugin-pointlabels@0.0.6/dist/chartist-plugin-pointlabels.js","meta":{"rootId":"ro63w9at3ufalyo","id":"ro63w9at3ufalyo"},"id":"r82zlwp3km4vzzw","previousOperationId":"fo8mt7te7f261hg"}
{"type":"log","timestamp":1674753550747,"level":"warn","message":"Page error: SyntaxError: missing ) after argument list","meta":{"rootId":"ro63w9at3ufalyo","id":"ro63w9at3ufalyo"},"id":"p2v5mialy97m4e7","previousOperationId":"fo8mt7te7f261hg"}
{"type":"log","timestamp":1674753550782,"level":"debug","message":"Running chrome with params {\"printBackground\":true,\"timeout\":59237,\"margin\":{}}","meta":{"rootId":"ro63w9at3ufalyo","id":"ro63w9at3ufalyo"},"id":"tccl4rnc9fjdn22","previousOperationId":"fo8mt7te7f261hg"}
{"type":"operationEnd","operationId":"fo8mt7te7f261hg","timestamp":1674753550887,"id":"gzmoknakqoqpnq7","previousEventId":"r1p740n02u23zub","previousOperationId":"fo8mt7te7f261hg"}
{"type":"log","timestamp":1674753550887,"level":"debug","message":"Executing script testing (afterRender)","meta":{"rootId":"ro63w9at3ufalyo","id":"ro63w9at3ufalyo"},"id":"whkbwmzwl66mzna","previousOperationId":"fo8mt7te7f261hg"}
{"type":"operationStart","subtype":"scriptsAfterRender","name":"scripts afterRender","timestamp":1674753550897,"id":"zjdx04dz4sz0ikg","previousEventId":"gzmoknakqoqpnq7","operationId":"ccpgx4v5e6uxrr2","previousOperationId":"fo8mt7te7f261hg"}
{"type":"operationStart","subtype":"script","name":"scripts testing","previousOperationId":"ccpgx4v5e6uxrr2","timestamp":1674753550897,"id":"jo9x5s8p5nbqnz0","previousEventId":"zjdx04dz4sz0ikg","operationId":"s8q42gf1rjnb36p"}
{"type":"operationEnd","operationId":"s8q42gf1rjnb36p","timestamp":1674753552425,"id":"mvpqpke8wf7vnw8","previousEventId":"gzmoknakqoqpnq7","previousOperationId":"fo8mt7te7f261hg"}
{"type":"operationEnd","operationId":"ccpgx4v5e6uxrr2","timestamp":1674753552425,"id":"1kpfjm9607j76jm","previousEventId":"mvpqpke8wf7vnw8","previousOperationId":"fo8mt7te7f261hg"}
{"type":"log","timestamp":1674753552425,"level":"debug","message":"Skipping storing report.","meta":{"rootId":"ro63w9at3ufalyo","id":"ro63w9at3ufalyo"},"id":"z8sosec9lgzfqk1","previousOperationId":"ccpgx4v5e6uxrr2"}
{"type":"log","timestamp":1674753552425,"level":"info","message":"Rendering request 28 finished in 2587 ms","meta":{"rootId":"ro63w9at3ufalyo","id":"ro63w9at3ufalyo"},"id":"y2do0vbme35z8zb","previousOperationId":"ccpgx4v5e6uxrr2"}
{"type":"operationEnd","subtype":"render","operationId":"o0dcy7vk0xe9tba","timestamp":1674753552425,"id":"r2z86nzstxsp9hu","previousEventId":"1kpfjm9607j76jm","previousOperationId":"ccpgx4v5e6uxrr2"}
{"type":"operationEnd","doDiffs":false,"previousEventId":"vwdebqlv9ohuso7","previousOperationId":"5ewzuebdyduaz22","operationId":"5ewzuebdyduaz22","timestamp":1674753552429,"id":"vryvjo0q3x620o1"}
