{"type":"operationStart","subtype":"profile","data":{"_id":"j6ZZk5Z3pB9EdC3n","timestamp":"2023-01-26T17:33:55.068Z","state":"queued","mode":"standard","creationDate":"2023-01-26T17:33:55.071Z","modificationDate":"2023-01-26T17:33:55.071Z","shortid":"0aTynaq","$entitySet":"profiles"},"doDiffs":false,"timestamp":1674754435070,"id":"xvrwrmnqa047b9i","previousOperationId":null,"operationId":"f4wh1f3cg07jo5m"}
{"type":"log","level":"info","message":"Render request 45 queued for execution and waiting for available worker","previousOperationId":"f4wh1f3cg07jo5m","timestamp":1674754435070,"id":"ss8zztazlckwf82"}
{"type":"operationStart","subtype":"render","name":"Data","previousOperationId":"f4wh1f3cg07jo5m","timestamp":1674754435084,"id":"2dayvy62xcgfk9r","previousEventId":"xvrwrmnqa047b9i","operationId":"y78nz907m5xk23b"}
{"type":"log","timestamp":1674754435084,"level":"info","message":"Starting rendering request 45","meta":{"rootId":"rrxbe8ngod1ymla","id":"rrxbe8ngod1ymla"},"id":"6iz4shykth7zigo","previousOperationId":"y78nz907m5xk23b"}
{"type":"log","timestamp":1674754435084,"level":"info","message":"Rendering template { name: Data, recipe: chrome-pdf, engine: handlebars, preview: true }","meta":{"rootId":"rrxbe8ngod1ymla","id":"rrxbe8ngod1ymla"},"id":"q34xx022c2z6p4y","previousOperationId":"y78nz907m5xk23b"}
{"type":"log","timestamp":1674754435085,"level":"debug","message":"Data item not defined for this template.","meta":{"rootId":"rrxbe8ngod1ymla","id":"rrxbe8ngod1ymla"},"id":"paxujydjc6jo3vp","previousOperationId":"y78nz907m5xk23b"}
{"type":"log","timestamp":1674754435088,"level":"debug","message":"Executing script testing (beforeRender)","meta":{"rootId":"rrxbe8ngod1ymla","id":"rrxbe8ngod1ymla"},"id":"uo3opyyzh3wn5ah","previousOperationId":"y78nz907m5xk23b"}
{"type":"operationStart","subtype":"scriptsBeforeRender","name":"scripts beforeRender","timestamp":1674754435146,"id":"lqnbxfve6t6ciiw","previousEventId":"2dayvy62xcgfk9r","operationId":"jlgj6769ytut3my","previousOperationId":"y78nz907m5xk23b"}
{"type":"operationStart","subtype":"script","name":"scripts testing","previousOperationId":"jlgj6769ytut3my","timestamp":1674754435146,"id":"j2jxvcosb45xfbc","previousEventId":"lqnbxfve6t6ciiw","operationId":"219m5l39jbwusru"}
{"type":"log","timestamp":1674754435360,"level":"debug","message":"(console:log) {\n  locationName: [ 'Las Palmas de Gran Canaria', 'Galdar', 'Teror' ],\n  repetition: [ '2', '1', '3' ]\n}","meta":{"userLevel":true,"rootId":"rrxbe8ngod1ymla","id":"rrxbe8ngod1ymla"},"id":"eqfu3aflc5hrbt7","previousOperationId":"219m5l39jbwusru"}
{"type":"log","timestamp":1674754435360,"level":"debug","message":"(console:log) [ 'Las Palmas de Gran Canaria', 'Galdar', 'Teror' ]","meta":{"userLevel":true,"rootId":"rrxbe8ngod1ymla","id":"rrxbe8ngod1ymla"},"id":"i29u3w16ynq1gsk","previousOperationId":"219m5l39jbwusru"}
{"type":"log","timestamp":1674754435360,"level":"debug","message":"(console:log) [ '2', '1', '3' ]","meta":{"userLevel":true,"rootId":"rrxbe8ngod1ymla","id":"rrxbe8ngod1ymla"},"id":"kzhgk83maqz6eih","previousOperationId":"219m5l39jbwusru"}
{"type":"operationEnd","operationId":"219m5l39jbwusru","timestamp":1674754435767,"id":"87j3643a59jixsn","previousEventId":"2dayvy62xcgfk9r","previousOperationId":"y78nz907m5xk23b"}
{"type":"operationEnd","operationId":"jlgj6769ytut3my","timestamp":1674754435767,"id":"huj1nglkrmett3y","previousEventId":"87j3643a59jixsn","previousOperationId":"y78nz907m5xk23b"}
{"type":"log","timestamp":1674754435767,"level":"debug","message":"Base url not specified, skipping its injection.","meta":{"rootId":"rrxbe8ngod1ymla","id":"rrxbe8ngod1ymla"},"id":"dwvaxbemen8avnd","previousOperationId":"jlgj6769ytut3my"}
{"type":"operationStart","subtype":"engine","name":"handlebars","timestamp":1674754435768,"id":"rhc4wtol532axcm","previousEventId":"huj1nglkrmett3y","operationId":"qespt0esfpa5cdy","previousOperationId":"jlgj6769ytut3my"}
{"type":"log","timestamp":1674754435768,"level":"debug","message":"Rendering engine handlebars","meta":{"rootId":"rrxbe8ngod1ymla","id":"rrxbe8ngod1ymla"},"id":"07bx5pbxxpg26ch","previousOperationId":"qespt0esfpa5cdy"}
{"type":"operationEnd","operationId":"qespt0esfpa5cdy","timestamp":1674754435775,"id":"2flmdobgtoph3m5","previousEventId":"rhc4wtol532axcm","previousOperationId":"qespt0esfpa5cdy"}
{"type":"operationStart","subtype":"recipe","name":"chrome-pdf","timestamp":1674754435776,"id":"xj56a95vay7viaw","previousEventId":"2flmdobgtoph3m5","operationId":"u5krtn2qkzaf2ab","previousOperationId":"qespt0esfpa5cdy"}
{"type":"log","timestamp":1674754435776,"level":"debug","message":"Executing recipe chrome-pdf","meta":{"rootId":"rrxbe8ngod1ymla","id":"rrxbe8ngod1ymla"},"id":"36z08wsnir46nyw","previousOperationId":"u5krtn2qkzaf2ab"}
{"type":"log","timestamp":1674754435777,"level":"debug","message":"Converting with chrome HeadlessChrome/105.0.5173.0 using chrome-pool strategy","meta":{"rootId":"rrxbe8ngod1ymla","id":"rrxbe8ngod1ymla"},"id":"qqu4sga8fdfg0j2","previousOperationId":"u5krtn2qkzaf2ab"}
{"type":"log","timestamp":1674754435863,"level":"debug","message":"Page request: GET (document) file:///C:/Users/Johan/AppData/Local/Temp/jsreport/autocleanup/a5557212-ac79-4bcb-8ee3-7a517badc4e7-chrome-pdf.html","meta":{"rootId":"rrxbe8ngod1ymla","id":"rrxbe8ngod1ymla"},"id":"ad87n9f21cufydb","previousOperationId":"u5krtn2qkzaf2ab"}
{"type":"log","timestamp":1674754435888,"level":"debug","message":"Page request: GET (stylesheet) https://cdnjs.cloudflare.com/ajax/libs/metro/4.1.5/css/metro.min.css","meta":{"rootId":"rrxbe8ngod1ymla","id":"rrxbe8ngod1ymla"},"id":"1iris22iwoqyw13","previousOperationId":"u5krtn2qkzaf2ab"}
{"type":"log","timestamp":1674754435888,"level":"debug","message":"Page request: GET (stylesheet) https://cdnjs.cloudflare.com/ajax/libs/chartist/0.11.0/chartist.min.css","meta":{"rootId":"rrxbe8ngod1ymla","id":"rrxbe8ngod1ymla"},"id":"hvrvawk30sekaan","previousOperationId":"u5krtn2qkzaf2ab"}
{"type":"log","timestamp":1674754435888,"level":"debug","message":"Page request: GET (script) https://cdnjs.cloudflare.com/ajax/libs/chartist/0.11.0/chartist.min.js","meta":{"rootId":"rrxbe8ngod1ymla","id":"rrxbe8ngod1ymla"},"id":"f7wkc37efo1oh02","previousOperationId":"u5krtn2qkzaf2ab"}
{"type":"log","timestamp":1674754435888,"level":"debug","message":"Page request: GET (script) https://unpkg.com/chartist-plugin-tooltips@0.0.17","meta":{"rootId":"rrxbe8ngod1ymla","id":"rrxbe8ngod1ymla"},"id":"1tggbrhckvbr5hj","previousOperationId":"u5krtn2qkzaf2ab"}
{"type":"log","timestamp":1674754435889,"level":"debug","message":"Page request: GET (script) https://unpkg.com/chartist-plugin-pointlabels@0.0.6","meta":{"rootId":"rrxbe8ngod1ymla","id":"rrxbe8ngod1ymla"},"id":"fw1kllvo8bb2bve","previousOperationId":"u5krtn2qkzaf2ab"}
{"type":"log","timestamp":1674754435889,"level":"debug","message":"Page request finished: GET (document) 200 file:///C:/Users/Johan/AppData/Local/Temp/jsreport/autocleanup/a5557212-ac79-4bcb-8ee3-7a517badc4e7-chrome-pdf.html","meta":{"rootId":"rrxbe8ngod1ymla","id":"rrxbe8ngod1ymla"},"id":"i8n4n14364i9w85","previousOperationId":"u5krtn2qkzaf2ab"}
{"type":"log","timestamp":1674754435896,"level":"debug","message":"Page request finished: GET (stylesheet) 200 https://cdnjs.cloudflare.com/ajax/libs/chartist/0.11.0/chartist.min.css","meta":{"rootId":"rrxbe8ngod1ymla","id":"rrxbe8ngod1ymla"},"id":"1e1e34pzalbem5q","previousOperationId":"u5krtn2qkzaf2ab"}
{"type":"log","timestamp":1674754435896,"level":"warn","message":"Page request failed: GET (script) 302 https://unpkg.com/chartist-plugin-tooltips@0.0.17 (redirect to: /chartist-plugin-tooltips@0.0.17/dist/chartist-plugin-tooltip.js)","meta":{"rootId":"rrxbe8ngod1ymla","id":"rrxbe8ngod1ymla"},"id":"5r6tkzwpbn0r0qf","previousOperationId":"u5krtn2qkzaf2ab"}
{"type":"log","timestamp":1674754435896,"level":"debug","message":"Page request: GET (script) https://unpkg.com/chartist-plugin-tooltips@0.0.17/dist/chartist-plugin-tooltip.js (redirect from: https://unpkg.com/chartist-plugin-tooltips@0.0.17)","meta":{"rootId":"rrxbe8ngod1ymla","id":"rrxbe8ngod1ymla"},"id":"mmp36xcaqj82wsb","previousOperationId":"u5krtn2qkzaf2ab"}
{"type":"log","timestamp":1674754435897,"level":"warn","message":"Page request failed: GET (script) 302 https://unpkg.com/chartist-plugin-pointlabels@0.0.6 (redirect to: /chartist-plugin-pointlabels@0.0.6/dist/chartist-plugin-pointlabels.js)","meta":{"rootId":"rrxbe8ngod1ymla","id":"rrxbe8ngod1ymla"},"id":"sla4o2qt6c4aqfb","previousOperationId":"u5krtn2qkzaf2ab"}
{"type":"log","timestamp":1674754435897,"level":"debug","message":"Page request finished: GET (script) 200 https://cdnjs.cloudflare.com/ajax/libs/chartist/0.11.0/chartist.min.js","meta":{"rootId":"rrxbe8ngod1ymla","id":"rrxbe8ngod1ymla"},"id":"e5u25s1ufyl0hwc","previousOperationId":"u5krtn2qkzaf2ab"}
{"type":"log","timestamp":1674754435898,"level":"debug","message":"Page request: GET (script) https://unpkg.com/chartist-plugin-pointlabels@0.0.6/dist/chartist-plugin-pointlabels.js (redirect from: https://unpkg.com/chartist-plugin-pointlabels@0.0.6)","meta":{"rootId":"rrxbe8ngod1ymla","id":"rrxbe8ngod1ymla"},"id":"kqya1ldpn24w9vr","previousOperationId":"u5krtn2qkzaf2ab"}
{"type":"log","timestamp":1674754435913,"level":"debug","message":"Page request finished: GET (stylesheet) 200 https://cdnjs.cloudflare.com/ajax/libs/metro/4.1.5/css/metro.min.css","meta":{"rootId":"rrxbe8ngod1ymla","id":"rrxbe8ngod1ymla"},"id":"4yu2nm32b50bwq0","previousOperationId":"u5krtn2qkzaf2ab"}
{"type":"log","timestamp":1674754435915,"level":"debug","message":"Page request finished: GET (script) 200 https://unpkg.com/chartist-plugin-tooltips@0.0.17/dist/chartist-plugin-tooltip.js","meta":{"rootId":"rrxbe8ngod1ymla","id":"rrxbe8ngod1ymla"},"id":"53jwolh1i8f76gs","previousOperationId":"u5krtn2qkzaf2ab"}
{"type":"log","timestamp":1674754435915,"level":"debug","message":"Page request finished: GET (script) 200 https://unpkg.com/chartist-plugin-pointlabels@0.0.6/dist/chartist-plugin-pointlabels.js","meta":{"rootId":"rrxbe8ngod1ymla","id":"rrxbe8ngod1ymla"},"id":"ngyz1hvsr2phdnh","previousOperationId":"u5krtn2qkzaf2ab"}
{"type":"log","timestamp":1674754435917,"level":"warn","message":"Page error: SyntaxError: Unexpected identifier","meta":{"rootId":"rrxbe8ngod1ymla","id":"rrxbe8ngod1ymla"},"id":"wndp6eidjsqrvop","previousOperationId":"u5krtn2qkzaf2ab"}
{"type":"log","timestamp":1674754435952,"level":"debug","message":"Running chrome with params {\"printBackground\":true,\"timeout\":59291,\"margin\":{}}","meta":{"rootId":"rrxbe8ngod1ymla","id":"rrxbe8ngod1ymla"},"id":"xmysmm00dzq2nzm","previousOperationId":"u5krtn2qkzaf2ab"}
{"type":"operationEnd","operationId":"u5krtn2qkzaf2ab","timestamp":1674754436053,"id":"15x1rivlcsqrfms","previousEventId":"xj56a95vay7viaw","previousOperationId":"u5krtn2qkzaf2ab"}
{"type":"log","timestamp":1674754436053,"level":"debug","message":"Executing script testing (afterRender)","meta":{"rootId":"rrxbe8ngod1ymla","id":"rrxbe8ngod1ymla"},"id":"e3l9q7pag7tx62c","previousOperationId":"u5krtn2qkzaf2ab"}
{"type":"operationStart","subtype":"scriptsAfterRender","name":"scripts afterRender","timestamp":1674754436061,"id":"29vd72tltucu2e8","previousEventId":"15x1rivlcsqrfms","operationId":"0ire4t9my2evuzf","previousOperationId":"u5krtn2qkzaf2ab"}
{"type":"operationStart","subtype":"script","name":"scripts testing","previousOperationId":"0ire4t9my2evuzf","timestamp":1674754436061,"id":"1x0qbrntjy280o8","previousEventId":"29vd72tltucu2e8","operationId":"dnf7523m9hefl1g"}
{"type":"operationEnd","operationId":"dnf7523m9hefl1g","timestamp":1674754437067,"id":"fjlghaqvlk4bweb","previousEventId":"15x1rivlcsqrfms","previousOperationId":"u5krtn2qkzaf2ab"}
{"type":"operationEnd","operationId":"0ire4t9my2evuzf","timestamp":1674754437067,"id":"0nb9sufrjbo204r","previousEventId":"fjlghaqvlk4bweb","previousOperationId":"u5krtn2qkzaf2ab"}
{"type":"log","timestamp":1674754437067,"level":"debug","message":"Skipping storing report.","meta":{"rootId":"rrxbe8ngod1ymla","id":"rrxbe8ngod1ymla"},"id":"6eqd0lvkam6gnkm","previousOperationId":"0ire4t9my2evuzf"}
{"type":"log","timestamp":1674754437067,"level":"info","message":"Rendering request 45 finished in 1999 ms","meta":{"rootId":"rrxbe8ngod1ymla","id":"rrxbe8ngod1ymla"},"id":"8lr9d2jrma472ku","previousOperationId":"0ire4t9my2evuzf"}
{"type":"operationEnd","subtype":"render","operationId":"y78nz907m5xk23b","timestamp":1674754437067,"id":"qwe8ry822y7hltv","previousEventId":"0nb9sufrjbo204r","previousOperationId":"0ire4t9my2evuzf"}
{"type":"operationEnd","doDiffs":false,"previousEventId":"xvrwrmnqa047b9i","previousOperationId":"f4wh1f3cg07jo5m","operationId":"f4wh1f3cg07jo5m","timestamp":1674754437070,"id":"mas69wosk8ntpvt"}
