{"type":"operationStart","subtype":"profile","data":{"_id":"A3dKvHAHaaP02T1L","timestamp":"2023-01-26T16:50:02.538Z","state":"queued","mode":"standard","creationDate":"2023-01-26T16:50:02.543Z","modificationDate":"2023-01-26T16:50:02.543Z","shortid":"-SfRl8F","$entitySet":"profiles"},"doDiffs":false,"timestamp":1674751802541,"id":"pr3mp5dcpws33tr","previousOperationId":null,"operationId":"t82jqagnq8yc77m"}
{"type":"log","level":"info","message":"Render request 2 queued for execution and waiting for available worker","previousOperationId":"t82jqagnq8yc77m","timestamp":1674751802542,"id":"y1ims5t2fnpdq3s"}
{"type":"operationStart","subtype":"render","name":"Data","previousOperationId":"t82jqagnq8yc77m","timestamp":1674751802557,"id":"3dkbbe2oebnsng6","previousEventId":"pr3mp5dcpws33tr","operationId":"cx19njwqzgu0jw8"}
{"type":"log","timestamp":1674751802558,"level":"info","message":"Starting rendering request 2","meta":{"rootId":"ru0id46y12t82n3","id":"ru0id46y12t82n3"},"id":"540a30i2totrv06","previousOperationId":"cx19njwqzgu0jw8"}
{"type":"log","timestamp":1674751802558,"level":"info","message":"Rendering template { name: Data, recipe: chrome-pdf, engine: handlebars, preview: true }","meta":{"rootId":"ru0id46y12t82n3","id":"ru0id46y12t82n3"},"id":"aaua4ncwugjqrff","previousOperationId":"cx19njwqzgu0jw8"}
{"type":"log","timestamp":1674751802559,"level":"debug","message":"Data item not defined for this template.","meta":{"rootId":"ru0id46y12t82n3","id":"ru0id46y12t82n3"},"id":"2m88gz5powk8un5","previousOperationId":"cx19njwqzgu0jw8"}
{"type":"log","timestamp":1674751802565,"level":"debug","message":"Executing script testing (beforeRender)","meta":{"rootId":"ru0id46y12t82n3","id":"ru0id46y12t82n3"},"id":"7pwo4ijb5r7gjnz","previousOperationId":"cx19njwqzgu0jw8"}
{"type":"operationStart","subtype":"scriptsBeforeRender","name":"scripts beforeRender","timestamp":1674751802638,"id":"9g4xbh7wpdrc12z","previousEventId":"3dkbbe2oebnsng6","operationId":"2ddvzk4i2eg89no","previousOperationId":"cx19njwqzgu0jw8"}
{"type":"operationStart","subtype":"script","name":"scripts testing","previousOperationId":"2ddvzk4i2eg89no","timestamp":1674751802638,"id":"766ccj03j4ige8i","previousEventId":"9g4xbh7wpdrc12z","operationId":"sqdniin41f975dn"}
{"type":"log","timestamp":1674751802874,"level":"debug","message":"(console:log) {\n  locationName: [ 'Las Palmas de Gran Canaria', 'Galdar', 'Teror' ],\n  repetition: [ '2', '1', '3' ]\n}","meta":{"userLevel":true,"rootId":"ru0id46y12t82n3","id":"ru0id46y12t82n3"},"id":"il0myt6fi8xeli7","previousOperationId":"sqdniin41f975dn"}
{"type":"log","timestamp":1674751802874,"level":"debug","message":"(console:log) [ 'Las Palmas de Gran Canaria', 'Galdar', 'Teror' ]","meta":{"userLevel":true,"rootId":"ru0id46y12t82n3","id":"ru0id46y12t82n3"},"id":"hywgd6uhdxxc14l","previousOperationId":"sqdniin41f975dn"}
{"type":"log","timestamp":1674751802874,"level":"debug","message":"(console:log) [ '2', '1', '3' ]","meta":{"userLevel":true,"rootId":"ru0id46y12t82n3","id":"ru0id46y12t82n3"},"id":"58utlk1nrke24sg","previousOperationId":"sqdniin41f975dn"}
{"type":"operationEnd","operationId":"sqdniin41f975dn","timestamp":1674751803292,"id":"z6jq9p4h7ij2ufy","previousEventId":"3dkbbe2oebnsng6","previousOperationId":"cx19njwqzgu0jw8"}
{"type":"operationEnd","operationId":"2ddvzk4i2eg89no","timestamp":1674751803292,"id":"5kn38yr0eirbk7q","previousEventId":"z6jq9p4h7ij2ufy","previousOperationId":"cx19njwqzgu0jw8"}
{"type":"log","timestamp":1674751803292,"level":"debug","message":"Base url not specified, skipping its injection.","meta":{"rootId":"ru0id46y12t82n3","id":"ru0id46y12t82n3"},"id":"ch6l8dnamsqbbhn","previousOperationId":"2ddvzk4i2eg89no"}
{"type":"operationStart","subtype":"engine","name":"handlebars","timestamp":1674751803292,"id":"idwde2sibx12y0i","previousEventId":"5kn38yr0eirbk7q","operationId":"j0w9qpsdr0nd1qj","previousOperationId":"2ddvzk4i2eg89no"}
{"type":"log","timestamp":1674751803292,"level":"debug","message":"Rendering engine handlebars","meta":{"rootId":"ru0id46y12t82n3","id":"ru0id46y12t82n3"},"id":"7b9dh5kbtjhnpzk","previousOperationId":"j0w9qpsdr0nd1qj"}
{"type":"operationEnd","operationId":"j0w9qpsdr0nd1qj","timestamp":1674751803309,"id":"4c47zsa502megga","previousEventId":"idwde2sibx12y0i","previousOperationId":"j0w9qpsdr0nd1qj"}
{"type":"operationStart","subtype":"recipe","name":"chrome-pdf","timestamp":1674751803310,"id":"2y2eubanh38g2ds","previousEventId":"4c47zsa502megga","operationId":"izu2apo94w39d9o","previousOperationId":"j0w9qpsdr0nd1qj"}
{"type":"log","timestamp":1674751803310,"level":"debug","message":"Executing recipe chrome-pdf","meta":{"rootId":"ru0id46y12t82n3","id":"ru0id46y12t82n3"},"id":"7rzvss6nq0ajq6l","previousOperationId":"izu2apo94w39d9o"}
{"type":"log","timestamp":1674751803316,"level":"debug","message":"Converting with chrome HeadlessChrome/105.0.5173.0 using chrome-pool strategy","meta":{"rootId":"ru0id46y12t82n3","id":"ru0id46y12t82n3"},"id":"0scn1p4htuo6h7p","previousOperationId":"izu2apo94w39d9o"}
{"type":"log","timestamp":1674751803407,"level":"debug","message":"Page request: GET (document) file:///C:/Users/Johan/AppData/Local/Temp/jsreport/autocleanup/f653f54a-c360-4d9a-b831-ef30dd111692-chrome-pdf.html","meta":{"rootId":"ru0id46y12t82n3","id":"ru0id46y12t82n3"},"id":"no6qtbcoxn2kgjn","previousOperationId":"izu2apo94w39d9o"}
{"type":"log","timestamp":1674751803437,"level":"debug","message":"Page request: GET (stylesheet) https://cdnjs.cloudflare.com/ajax/libs/metro/4.1.5/css/metro.min.css","meta":{"rootId":"ru0id46y12t82n3","id":"ru0id46y12t82n3"},"id":"1bgojt5ieiw4ig6","previousOperationId":"izu2apo94w39d9o"}
{"type":"log","timestamp":1674751803437,"level":"debug","message":"Page request: GET (stylesheet) https://cdnjs.cloudflare.com/ajax/libs/chartist/0.11.0/chartist.min.css","meta":{"rootId":"ru0id46y12t82n3","id":"ru0id46y12t82n3"},"id":"awvhb6o5wkw5cmw","previousOperationId":"izu2apo94w39d9o"}
{"type":"log","timestamp":1674751803438,"level":"debug","message":"Page request finished: GET (document) 200 file:///C:/Users/Johan/AppData/Local/Temp/jsreport/autocleanup/f653f54a-c360-4d9a-b831-ef30dd111692-chrome-pdf.html","meta":{"rootId":"ru0id46y12t82n3","id":"ru0id46y12t82n3"},"id":"y6lb21ro6zrpsii","previousOperationId":"izu2apo94w39d9o"}
{"type":"log","timestamp":1674751803438,"level":"debug","message":"Page request: GET (script) https://cdnjs.cloudflare.com/ajax/libs/chartist/0.11.0/chartist.min.js","meta":{"rootId":"ru0id46y12t82n3","id":"ru0id46y12t82n3"},"id":"h9wwdlpgbzj6v1j","previousOperationId":"izu2apo94w39d9o"}
{"type":"log","timestamp":1674751803439,"level":"debug","message":"Page request: GET (script) https://unpkg.com/chartist-plugin-tooltips@0.0.17","meta":{"rootId":"ru0id46y12t82n3","id":"ru0id46y12t82n3"},"id":"gjcdsulpcz7bnu4","previousOperationId":"izu2apo94w39d9o"}
{"type":"log","timestamp":1674751803439,"level":"debug","message":"Page request: GET (script) https://unpkg.com/chartist-plugin-pointlabels@0.0.6","meta":{"rootId":"ru0id46y12t82n3","id":"ru0id46y12t82n3"},"id":"h5pm4zzh45ednls","previousOperationId":"izu2apo94w39d9o"}
{"type":"log","timestamp":1674751803443,"level":"debug","message":"Page request finished: GET (stylesheet) 200 https://cdnjs.cloudflare.com/ajax/libs/chartist/0.11.0/chartist.min.css","meta":{"rootId":"ru0id46y12t82n3","id":"ru0id46y12t82n3"},"id":"0xyq29savuow3dr","previousOperationId":"izu2apo94w39d9o"}
{"type":"log","timestamp":1674751803445,"level":"warn","message":"Page request failed: GET (script) 302 https://unpkg.com/chartist-plugin-tooltips@0.0.17 (redirect to: /chartist-plugin-tooltips@0.0.17/dist/chartist-plugin-tooltip.js)","meta":{"rootId":"ru0id46y12t82n3","id":"ru0id46y12t82n3"},"id":"291hfo3umixcx7o","previousOperationId":"izu2apo94w39d9o"}
{"type":"log","timestamp":1674751803445,"level":"warn","message":"Page request failed: GET (script) 302 https://unpkg.com/chartist-plugin-pointlabels@0.0.6 (redirect to: /chartist-plugin-pointlabels@0.0.6/dist/chartist-plugin-pointlabels.js)","meta":{"rootId":"ru0id46y12t82n3","id":"ru0id46y12t82n3"},"id":"4e22ruwvmpgk36d","previousOperationId":"izu2apo94w39d9o"}
{"type":"log","timestamp":1674751803446,"level":"debug","message":"Page request: GET (script) https://unpkg.com/chartist-plugin-tooltips@0.0.17/dist/chartist-plugin-tooltip.js (redirect from: https://unpkg.com/chartist-plugin-tooltips@0.0.17)","meta":{"rootId":"ru0id46y12t82n3","id":"ru0id46y12t82n3"},"id":"7ygwxis3ac9fcvu","previousOperationId":"izu2apo94w39d9o"}
{"type":"log","timestamp":1674751803447,"level":"debug","message":"Page request: GET (script) https://unpkg.com/chartist-plugin-pointlabels@0.0.6/dist/chartist-plugin-pointlabels.js (redirect from: https://unpkg.com/chartist-plugin-pointlabels@0.0.6)","meta":{"rootId":"ru0id46y12t82n3","id":"ru0id46y12t82n3"},"id":"l5lguxv549oibuu","previousOperationId":"izu2apo94w39d9o"}
{"type":"log","timestamp":1674751803461,"level":"debug","message":"Page request finished: GET (stylesheet) 200 https://cdnjs.cloudflare.com/ajax/libs/metro/4.1.5/css/metro.min.css","meta":{"rootId":"ru0id46y12t82n3","id":"ru0id46y12t82n3"},"id":"6x5iweuqtitkahq","previousOperationId":"izu2apo94w39d9o"}
{"type":"log","timestamp":1674751803461,"level":"debug","message":"Page request finished: GET (script) 200 https://cdnjs.cloudflare.com/ajax/libs/chartist/0.11.0/chartist.min.js","meta":{"rootId":"ru0id46y12t82n3","id":"ru0id46y12t82n3"},"id":"hwrhlvs6mhqsvtt","previousOperationId":"izu2apo94w39d9o"}
{"type":"log","timestamp":1674751803466,"level":"debug","message":"Page request finished: GET (script) 200 https://unpkg.com/chartist-plugin-tooltips@0.0.17/dist/chartist-plugin-tooltip.js","meta":{"rootId":"ru0id46y12t82n3","id":"ru0id46y12t82n3"},"id":"gmnn1vsa2c5w6mc","previousOperationId":"izu2apo94w39d9o"}
{"type":"log","timestamp":1674751803467,"level":"debug","message":"Page request finished: GET (script) 200 https://unpkg.com/chartist-plugin-pointlabels@0.0.6/dist/chartist-plugin-pointlabels.js","meta":{"rootId":"ru0id46y12t82n3","id":"ru0id46y12t82n3"},"id":"24q7bsexkxqe4b3","previousOperationId":"izu2apo94w39d9o"}
{"type":"log","timestamp":1674751803467,"level":"debug","message":"(console:log) Me he venido","meta":{"userLevel":true,"rootId":"ru0id46y12t82n3","id":"ru0id46y12t82n3"},"id":"wj14vmh5b2ynriv","previousOperationId":"izu2apo94w39d9o"}
{"type":"log","timestamp":1674751803468,"level":"debug","message":"(console:log) JSHandle@array","meta":{"userLevel":true,"rootId":"ru0id46y12t82n3","id":"ru0id46y12t82n3"},"id":"w7b56smi6nr08v3","previousOperationId":"izu2apo94w39d9o"}
{"type":"log","timestamp":1674751803468,"level":"debug","message":"(console:log) JSHandle@array","meta":{"userLevel":true,"rootId":"ru0id46y12t82n3","id":"ru0id46y12t82n3"},"id":"uoon5590iuki8ze","previousOperationId":"izu2apo94w39d9o"}
{"type":"log","timestamp":1674751803517,"level":"debug","message":"Running chrome with params {\"printBackground\":true,\"timeout\":59223,\"margin\":{}}","meta":{"rootId":"ru0id46y12t82n3","id":"ru0id46y12t82n3"},"id":"js9r0xozu46qf0l","previousOperationId":"izu2apo94w39d9o"}
{"type":"operationEnd","operationId":"izu2apo94w39d9o","timestamp":1674751803678,"id":"39bzi8qlcxvuyuw","previousEventId":"2y2eubanh38g2ds","previousOperationId":"izu2apo94w39d9o"}
{"type":"log","timestamp":1674751803678,"level":"debug","message":"Executing script testing (afterRender)","meta":{"rootId":"ru0id46y12t82n3","id":"ru0id46y12t82n3"},"id":"vl52emtaq2btfmk","previousOperationId":"izu2apo94w39d9o"}
{"type":"operationStart","subtype":"scriptsAfterRender","name":"scripts afterRender","timestamp":1674751803688,"id":"r3k31acgbbm372a","previousEventId":"39bzi8qlcxvuyuw","operationId":"v5dbxlyv1i47mzh","previousOperationId":"izu2apo94w39d9o"}
{"type":"operationStart","subtype":"script","name":"scripts testing","previousOperationId":"v5dbxlyv1i47mzh","timestamp":1674751803688,"id":"3rthl6a7mzbrlba","previousEventId":"r3k31acgbbm372a","operationId":"iq855zwu9hqcsec"}
{"type":"operationEnd","operationId":"iq855zwu9hqcsec","timestamp":1674751804714,"id":"ubz9htw91d4f3v5","previousEventId":"39bzi8qlcxvuyuw","previousOperationId":"izu2apo94w39d9o"}
{"type":"operationEnd","operationId":"v5dbxlyv1i47mzh","timestamp":1674751804714,"id":"whelma4c6dnwerq","previousEventId":"ubz9htw91d4f3v5","previousOperationId":"izu2apo94w39d9o"}
{"type":"log","timestamp":1674751804714,"level":"debug","message":"Skipping storing report.","meta":{"rootId":"ru0id46y12t82n3","id":"ru0id46y12t82n3"},"id":"qqgplm18wouyp52","previousOperationId":"v5dbxlyv1i47mzh"}
{"type":"log","timestamp":1674751804715,"level":"info","message":"Rendering request 2 finished in 2177 ms","meta":{"rootId":"ru0id46y12t82n3","id":"ru0id46y12t82n3"},"id":"vb5kf7z7rmdi5gv","previousOperationId":"v5dbxlyv1i47mzh"}
{"type":"operationEnd","subtype":"render","operationId":"cx19njwqzgu0jw8","timestamp":1674751804715,"id":"p375u0w4a9gez07","previousEventId":"whelma4c6dnwerq","previousOperationId":"v5dbxlyv1i47mzh"}
{"type":"operationEnd","doDiffs":false,"previousEventId":"pr3mp5dcpws33tr","previousOperationId":"t82jqagnq8yc77m","operationId":"t82jqagnq8yc77m","timestamp":1674751804718,"id":"hq3nsdvfebm041s"}
