{"type":"operationStart","subtype":"profile","data":{"_id":"jahRQ8R6mi7dAJ7B","timestamp":"2023-01-26T16:33:58.983Z","state":"queued","mode":"standard","creationDate":"2023-01-26T16:33:58.985Z","modificationDate":"2023-01-26T16:33:58.985Z","shortid":"uD6iumf","$entitySet":"profiles"},"doDiffs":false,"timestamp":1674750838984,"id":"xmnq0vvfnq9vm3i","previousOperationId":null,"operationId":"kd5q79fcbab2neg"}
{"type":"log","level":"info","message":"Render request 6 queued for execution and waiting for available worker","previousOperationId":"kd5q79fcbab2neg","timestamp":1674750838984,"id":"den3uthaxzv6iuu"}
{"type":"operationStart","subtype":"render","name":"Data","previousOperationId":"kd5q79fcbab2neg","timestamp":1674750838994,"id":"5po32zxdplhotil","previousEventId":"xmnq0vvfnq9vm3i","operationId":"8t94lklrvgn148s"}
{"type":"log","timestamp":1674750838994,"level":"info","message":"Starting rendering request 6","meta":{"rootId":"s235cihx8fhiagg","id":"s235cihx8fhiagg"},"id":"724yomhli36slq7","previousOperationId":"8t94lklrvgn148s"}
{"type":"log","timestamp":1674750838994,"level":"info","message":"Rendering template { name: Data, recipe: chrome-pdf, engine: handlebars, preview: true }","meta":{"rootId":"s235cihx8fhiagg","id":"s235cihx8fhiagg"},"id":"0srqiy1kubs46fn","previousOperationId":"8t94lklrvgn148s"}
{"type":"log","timestamp":1674750838995,"level":"debug","message":"Data item not defined for this template.","meta":{"rootId":"s235cihx8fhiagg","id":"s235cihx8fhiagg"},"id":"84g9z3kmpxa0qo2","previousOperationId":"8t94lklrvgn148s"}
{"type":"log","timestamp":1674750838997,"level":"debug","message":"Executing script testing (beforeRender)","meta":{"rootId":"s235cihx8fhiagg","id":"s235cihx8fhiagg"},"id":"7x89z23yji5rqzo","previousOperationId":"8t94lklrvgn148s"}
{"type":"operationStart","subtype":"scriptsBeforeRender","name":"scripts beforeRender","timestamp":1674750839039,"id":"dqszrfzt080wmga","previousEventId":"5po32zxdplhotil","operationId":"oizm2rq4fbh821a","previousOperationId":"8t94lklrvgn148s"}
{"type":"operationStart","subtype":"script","name":"scripts testing","previousOperationId":"oizm2rq4fbh821a","timestamp":1674750839039,"id":"0bmpab56swe3bvm","previousEventId":"dqszrfzt080wmga","operationId":"lw6844dykm9w727"}
{"type":"log","timestamp":1674750839390,"level":"debug","message":"(console:log) {\n  name: [ 'Las Palmas de Gran Canaria', 'Galdar', 'Teror' ],\n  repetition: [ '2', '1', '3' ]\n}","meta":{"userLevel":true,"rootId":"s235cihx8fhiagg","id":"s235cihx8fhiagg"},"id":"ospgs36oeud8uce","previousOperationId":"lw6844dykm9w727"}
{"type":"operationEnd","operationId":"lw6844dykm9w727","timestamp":1674750839796,"id":"oj74jbh8doe6ih1","previousEventId":"5po32zxdplhotil","previousOperationId":"8t94lklrvgn148s"}
{"type":"operationEnd","operationId":"oizm2rq4fbh821a","timestamp":1674750839796,"id":"bkm3p5s3fsyzdg3","previousEventId":"oj74jbh8doe6ih1","previousOperationId":"8t94lklrvgn148s"}
{"type":"log","timestamp":1674750839796,"level":"debug","message":"Base url not specified, skipping its injection.","meta":{"rootId":"s235cihx8fhiagg","id":"s235cihx8fhiagg"},"id":"vpxjv9qy6cw52p0","previousOperationId":"oizm2rq4fbh821a"}
{"type":"operationStart","subtype":"engine","name":"handlebars","timestamp":1674750839797,"id":"e99waqxvpsnamxh","previousEventId":"bkm3p5s3fsyzdg3","operationId":"07pueqcsrj3urpi","previousOperationId":"oizm2rq4fbh821a"}
{"type":"log","timestamp":1674750839797,"level":"debug","message":"Rendering engine handlebars","meta":{"rootId":"s235cihx8fhiagg","id":"s235cihx8fhiagg"},"id":"h08l9m1qk492mso","previousOperationId":"07pueqcsrj3urpi"}
{"type":"operationEnd","operationId":"07pueqcsrj3urpi","timestamp":1674750839809,"id":"e5gmtvqz32ojdt8","previousEventId":"e99waqxvpsnamxh","previousOperationId":"07pueqcsrj3urpi"}
{"type":"operationStart","subtype":"recipe","name":"chrome-pdf","timestamp":1674750839810,"id":"180adqd64hg0ue9","previousEventId":"e5gmtvqz32ojdt8","operationId":"pkmrcshbzrt26wp","previousOperationId":"07pueqcsrj3urpi"}
{"type":"log","timestamp":1674750839810,"level":"debug","message":"Executing recipe chrome-pdf","meta":{"rootId":"s235cihx8fhiagg","id":"s235cihx8fhiagg"},"id":"gsr9sulyvuopp9w","previousOperationId":"pkmrcshbzrt26wp"}
{"type":"log","timestamp":1674750839813,"level":"debug","message":"Converting with chrome HeadlessChrome/105.0.5173.0 using chrome-pool strategy","meta":{"rootId":"s235cihx8fhiagg","id":"s235cihx8fhiagg"},"id":"ihlek08q0whf2dh","previousOperationId":"pkmrcshbzrt26wp"}
{"type":"log","timestamp":1674750839900,"level":"debug","message":"Page request: GET (document) file:///C:/Users/Johan/AppData/Local/Temp/jsreport/autocleanup/03f2e052-f2e9-4b58-9c39-b02520fcbd3a-chrome-pdf.html","meta":{"rootId":"s235cihx8fhiagg","id":"s235cihx8fhiagg"},"id":"jrgdsgmt5e2m64a","previousOperationId":"pkmrcshbzrt26wp"}
{"type":"log","timestamp":1674750839925,"level":"debug","message":"Page request: GET (stylesheet) https://cdnjs.cloudflare.com/ajax/libs/metro/4.1.5/css/metro.min.css","meta":{"rootId":"s235cihx8fhiagg","id":"s235cihx8fhiagg"},"id":"czjpu5ep20a5ysj","previousOperationId":"pkmrcshbzrt26wp"}
{"type":"log","timestamp":1674750839925,"level":"debug","message":"Page request: GET (stylesheet) https://cdnjs.cloudflare.com/ajax/libs/chartist/0.11.0/chartist.min.css","meta":{"rootId":"s235cihx8fhiagg","id":"s235cihx8fhiagg"},"id":"o7j0d2ryikt0hs7","previousOperationId":"pkmrcshbzrt26wp"}
{"type":"log","timestamp":1674750839925,"level":"debug","message":"Page request finished: GET (document) 200 file:///C:/Users/Johan/AppData/Local/Temp/jsreport/autocleanup/03f2e052-f2e9-4b58-9c39-b02520fcbd3a-chrome-pdf.html","meta":{"rootId":"s235cihx8fhiagg","id":"s235cihx8fhiagg"},"id":"1w8i3fyg7796nxm","previousOperationId":"pkmrcshbzrt26wp"}
{"type":"log","timestamp":1674750839925,"level":"debug","message":"Page request: GET (script) https://cdnjs.cloudflare.com/ajax/libs/chartist/0.11.0/chartist.min.js","meta":{"rootId":"s235cihx8fhiagg","id":"s235cihx8fhiagg"},"id":"iqjldsdcnign50v","previousOperationId":"pkmrcshbzrt26wp"}
{"type":"log","timestamp":1674750839926,"level":"debug","message":"Page request: GET (script) https://unpkg.com/chartist-plugin-tooltips@0.0.17","meta":{"rootId":"s235cihx8fhiagg","id":"s235cihx8fhiagg"},"id":"7owlybcy3y32zgu","previousOperationId":"pkmrcshbzrt26wp"}
{"type":"log","timestamp":1674750839926,"level":"debug","message":"Page request: GET (script) https://unpkg.com/chartist-plugin-pointlabels@0.0.6","meta":{"rootId":"s235cihx8fhiagg","id":"s235cihx8fhiagg"},"id":"vp7ul7kj6cb5wxw","previousOperationId":"pkmrcshbzrt26wp"}
{"type":"log","timestamp":1674750839931,"level":"debug","message":"Page request finished: GET (stylesheet) 200 https://cdnjs.cloudflare.com/ajax/libs/chartist/0.11.0/chartist.min.css","meta":{"rootId":"s235cihx8fhiagg","id":"s235cihx8fhiagg"},"id":"gq2kqdvh5ntwmfq","previousOperationId":"pkmrcshbzrt26wp"}
{"type":"log","timestamp":1674750839932,"level":"warn","message":"Page request failed: GET (script) 302 https://unpkg.com/chartist-plugin-tooltips@0.0.17 (redirect to: /chartist-plugin-tooltips@0.0.17/dist/chartist-plugin-tooltip.js)","meta":{"rootId":"s235cihx8fhiagg","id":"s235cihx8fhiagg"},"id":"qq82iju9w54pcei","previousOperationId":"pkmrcshbzrt26wp"}
{"type":"log","timestamp":1674750839932,"level":"debug","message":"Page request: GET (script) https://unpkg.com/chartist-plugin-tooltips@0.0.17/dist/chartist-plugin-tooltip.js (redirect from: https://unpkg.com/chartist-plugin-tooltips@0.0.17)","meta":{"rootId":"s235cihx8fhiagg","id":"s235cihx8fhiagg"},"id":"gw2acjoz5731jz2","previousOperationId":"pkmrcshbzrt26wp"}
{"type":"log","timestamp":1674750839933,"level":"warn","message":"Page request failed: GET (script) 302 https://unpkg.com/chartist-plugin-pointlabels@0.0.6 (redirect to: /chartist-plugin-pointlabels@0.0.6/dist/chartist-plugin-pointlabels.js)","meta":{"rootId":"s235cihx8fhiagg","id":"s235cihx8fhiagg"},"id":"hqkpqg8buei8ygj","previousOperationId":"pkmrcshbzrt26wp"}
{"type":"log","timestamp":1674750839933,"level":"debug","message":"Page request: GET (script) https://unpkg.com/chartist-plugin-pointlabels@0.0.6/dist/chartist-plugin-pointlabels.js (redirect from: https://unpkg.com/chartist-plugin-pointlabels@0.0.6)","meta":{"rootId":"s235cihx8fhiagg","id":"s235cihx8fhiagg"},"id":"rfz47zkvmfwwegf","previousOperationId":"pkmrcshbzrt26wp"}
{"type":"log","timestamp":1674750839947,"level":"debug","message":"Page request finished: GET (stylesheet) 200 https://cdnjs.cloudflare.com/ajax/libs/metro/4.1.5/css/metro.min.css","meta":{"rootId":"s235cihx8fhiagg","id":"s235cihx8fhiagg"},"id":"wircjyqia4628lv","previousOperationId":"pkmrcshbzrt26wp"}
{"type":"log","timestamp":1674750839947,"level":"debug","message":"Page request finished: GET (script) 200 https://cdnjs.cloudflare.com/ajax/libs/chartist/0.11.0/chartist.min.js","meta":{"rootId":"s235cihx8fhiagg","id":"s235cihx8fhiagg"},"id":"bkscl5421i5lflf","previousOperationId":"pkmrcshbzrt26wp"}
{"type":"log","timestamp":1674750839949,"level":"debug","message":"Page request finished: GET (script) 200 https://unpkg.com/chartist-plugin-tooltips@0.0.17/dist/chartist-plugin-tooltip.js","meta":{"rootId":"s235cihx8fhiagg","id":"s235cihx8fhiagg"},"id":"4bb6wsemx8ebfqw","previousOperationId":"pkmrcshbzrt26wp"}
{"type":"log","timestamp":1674750839949,"level":"debug","message":"Page request finished: GET (script) 200 https://unpkg.com/chartist-plugin-pointlabels@0.0.6/dist/chartist-plugin-pointlabels.js","meta":{"rootId":"s235cihx8fhiagg","id":"s235cihx8fhiagg"},"id":"o6udja5uxeon1jo","previousOperationId":"pkmrcshbzrt26wp"}
{"type":"log","timestamp":1674750839951,"level":"debug","message":"(console:log) Me he venido","meta":{"userLevel":true,"rootId":"s235cihx8fhiagg","id":"s235cihx8fhiagg"},"id":"yqsupah1kzw5rr7","previousOperationId":"pkmrcshbzrt26wp"}
{"type":"log","timestamp":1674750840002,"level":"debug","message":"Running chrome with params {\"printBackground\":true,\"timeout\":59172,\"margin\":{}}","meta":{"rootId":"s235cihx8fhiagg","id":"s235cihx8fhiagg"},"id":"kpd67l5gq7b7brc","previousOperationId":"pkmrcshbzrt26wp"}
{"type":"operationEnd","operationId":"pkmrcshbzrt26wp","timestamp":1674750840144,"id":"3600u8f04qp6hcz","previousEventId":"180adqd64hg0ue9","previousOperationId":"pkmrcshbzrt26wp"}
{"type":"log","timestamp":1674750840144,"level":"debug","message":"Executing script testing (afterRender)","meta":{"rootId":"s235cihx8fhiagg","id":"s235cihx8fhiagg"},"id":"8ddtfsl66l97uy2","previousOperationId":"pkmrcshbzrt26wp"}
{"type":"operationStart","subtype":"scriptsAfterRender","name":"scripts afterRender","timestamp":1674750840154,"id":"0qlxiv8rv7nharu","previousEventId":"3600u8f04qp6hcz","operationId":"s8xzihrhxe2h5vr","previousOperationId":"pkmrcshbzrt26wp"}
{"type":"operationStart","subtype":"script","name":"scripts testing","previousOperationId":"s8xzihrhxe2h5vr","timestamp":1674750840154,"id":"trjj07uihu2xi8u","previousEventId":"0qlxiv8rv7nharu","operationId":"zbnfdilt5k9bjqp"}
{"type":"operationEnd","operationId":"zbnfdilt5k9bjqp","timestamp":1674750841344,"id":"bb0dxioh94satsa","previousEventId":"3600u8f04qp6hcz","previousOperationId":"pkmrcshbzrt26wp"}
{"type":"operationEnd","operationId":"s8xzihrhxe2h5vr","timestamp":1674750841344,"id":"vmrtcjv0ey50h9e","previousEventId":"bb0dxioh94satsa","previousOperationId":"pkmrcshbzrt26wp"}
{"type":"log","timestamp":1674750841344,"level":"debug","message":"Skipping storing report.","meta":{"rootId":"s235cihx8fhiagg","id":"s235cihx8fhiagg"},"id":"y9rqpn4ezi13l0x","previousOperationId":"s8xzihrhxe2h5vr"}
{"type":"log","timestamp":1674750841344,"level":"info","message":"Rendering request 6 finished in 2361 ms","meta":{"rootId":"s235cihx8fhiagg","id":"s235cihx8fhiagg"},"id":"kuotvlef6hu73nl","previousOperationId":"s8xzihrhxe2h5vr"}
{"type":"operationEnd","subtype":"render","operationId":"8t94lklrvgn148s","timestamp":1674750841344,"id":"16z2g72tzcqa00e","previousEventId":"vmrtcjv0ey50h9e","previousOperationId":"s8xzihrhxe2h5vr"}
{"type":"operationEnd","doDiffs":false,"previousEventId":"xmnq0vvfnq9vm3i","previousOperationId":"kd5q79fcbab2neg","operationId":"kd5q79fcbab2neg","timestamp":1674750841348,"id":"t487wz8332zkdam"}
