{"type":"operationStart","subtype":"profile","data":{"_id":"hWZIKDMOCQei8Hzq","timestamp":"2023-01-24T19:27:35.629Z","state":"queued","mode":"standard","creationDate":"2023-01-24T19:27:35.632Z","modificationDate":"2023-01-24T19:27:35.632Z","shortid":"boHqY6N","$entitySet":"profiles"},"doDiffs":false,"timestamp":1674588455630,"id":"jjy791sm87zl3gw","previousOperationId":null,"operationId":"22hbomtbvn9to57"}
{"type":"log","level":"info","message":"Render request 10 queued for execution and waiting for available worker","previousOperationId":"22hbomtbvn9to57","timestamp":1674588455631,"id":"gquixans5ckv3oj"}
{"type":"operationStart","subtype":"render","name":"Data","previousOperationId":"22hbomtbvn9to57","timestamp":1674588455644,"id":"uq7d2olqip68nco","previousEventId":"jjy791sm87zl3gw","operationId":"xepq9insevi0zby"}
{"type":"log","timestamp":1674588455644,"level":"info","message":"Starting rendering request 10","meta":{"rootId":"smcdehkeay2sgdv","id":"smcdehkeay2sgdv"},"id":"64ca5duorvhojtw","previousOperationId":"xepq9insevi0zby"}
{"type":"log","timestamp":1674588455644,"level":"info","message":"Rendering template { name: Data, recipe: chrome-pdf, engine: handlebars, preview: true }","meta":{"rootId":"smcdehkeay2sgdv","id":"smcdehkeay2sgdv"},"id":"comiad93suuizvm","previousOperationId":"xepq9insevi0zby"}
{"type":"log","timestamp":1674588455645,"level":"debug","message":"Data item not defined for this template.","meta":{"rootId":"smcdehkeay2sgdv","id":"smcdehkeay2sgdv"},"id":"e04sr7nexsdtzqe","previousOperationId":"xepq9insevi0zby"}
{"type":"log","timestamp":1674588455648,"level":"debug","message":"Executing script testing (beforeRender)","meta":{"rootId":"smcdehkeay2sgdv","id":"smcdehkeay2sgdv"},"id":"2ye5io5svtn8sau","previousOperationId":"xepq9insevi0zby"}
{"type":"operationStart","subtype":"scriptsBeforeRender","name":"scripts beforeRender","timestamp":1674588455731,"id":"8qsgzrip8lf4wu9","previousEventId":"uq7d2olqip68nco","operationId":"ltpqhfl91sk3hq0","previousOperationId":"xepq9insevi0zby"}
{"type":"operationStart","subtype":"script","name":"scripts testing","previousOperationId":"ltpqhfl91sk3hq0","timestamp":1674588455731,"id":"21nbsg4pel8evc7","previousEventId":"8qsgzrip8lf4wu9","operationId":"tmt4wc80s0vh4fh"}
{"type":"operationEnd","operationId":"tmt4wc80s0vh4fh","timestamp":1674588456438,"id":"ltsxcgngedpps7g","previousEventId":"uq7d2olqip68nco","previousOperationId":"xepq9insevi0zby"}
{"type":"operationEnd","operationId":"ltpqhfl91sk3hq0","timestamp":1674588456438,"id":"rizr8d7l6k5jzhw","previousEventId":"ltsxcgngedpps7g","previousOperationId":"xepq9insevi0zby"}
{"type":"log","timestamp":1674588456438,"level":"debug","message":"Base url not specified, skipping its injection.","meta":{"rootId":"smcdehkeay2sgdv","id":"smcdehkeay2sgdv"},"id":"me16ajzq2htkabq","previousOperationId":"ltpqhfl91sk3hq0"}
{"type":"operationStart","subtype":"engine","name":"handlebars","timestamp":1674588456439,"id":"6gp6ob26gsy01a8","previousEventId":"rizr8d7l6k5jzhw","operationId":"xaqgfalnr9h51ad","previousOperationId":"ltpqhfl91sk3hq0"}
{"type":"log","timestamp":1674588456439,"level":"debug","message":"Rendering engine handlebars","meta":{"rootId":"smcdehkeay2sgdv","id":"smcdehkeay2sgdv"},"id":"v7thnhfiiyh183i","previousOperationId":"xaqgfalnr9h51ad"}
{"type":"operationEnd","operationId":"xaqgfalnr9h51ad","timestamp":1674588456454,"id":"h3x1iq4i2pji9l2","previousEventId":"6gp6ob26gsy01a8","previousOperationId":"xaqgfalnr9h51ad"}
{"type":"operationStart","subtype":"recipe","name":"chrome-pdf","timestamp":1674588456454,"id":"a99cwkfbuq268h9","previousEventId":"h3x1iq4i2pji9l2","operationId":"1awswlga4ecawme","previousOperationId":"xaqgfalnr9h51ad"}
{"type":"log","timestamp":1674588456454,"level":"debug","message":"Executing recipe chrome-pdf","meta":{"rootId":"smcdehkeay2sgdv","id":"smcdehkeay2sgdv"},"id":"251yhhkk405x6b7","previousOperationId":"1awswlga4ecawme"}
{"type":"log","timestamp":1674588456458,"level":"debug","message":"Converting with chrome HeadlessChrome/105.0.5173.0 using chrome-pool strategy","meta":{"rootId":"smcdehkeay2sgdv","id":"smcdehkeay2sgdv"},"id":"nqcimf4e3ppt2ee","previousOperationId":"1awswlga4ecawme"}
{"type":"log","timestamp":1674588456595,"level":"debug","message":"Page request: GET (document) file:///C:/Users/Johan/AppData/Local/Temp/jsreport/autocleanup/b09a8e9c-b0ea-49fb-b753-e6cfe6e0b9e5-chrome-pdf.html","meta":{"rootId":"smcdehkeay2sgdv","id":"smcdehkeay2sgdv"},"id":"teupsm60g9gfw90","previousOperationId":"1awswlga4ecawme"}
{"type":"log","timestamp":1674588456618,"level":"debug","message":"Page request finished: GET (document) 200 file:///C:/Users/Johan/AppData/Local/Temp/jsreport/autocleanup/b09a8e9c-b0ea-49fb-b753-e6cfe6e0b9e5-chrome-pdf.html","meta":{"rootId":"smcdehkeay2sgdv","id":"smcdehkeay2sgdv"},"id":"71egly720whehpq","previousOperationId":"1awswlga4ecawme"}
{"type":"log","timestamp":1674588456618,"level":"debug","message":"Page request: GET (stylesheet) https://cdnjs.cloudflare.com/ajax/libs/metro/4.1.5/css/metro.min.css","meta":{"rootId":"smcdehkeay2sgdv","id":"smcdehkeay2sgdv"},"id":"heyn3c7v0rul2cf","previousOperationId":"1awswlga4ecawme"}
{"type":"log","timestamp":1674588456618,"level":"debug","message":"Page request: GET (script) https://cdnjs.cloudflare.com/ajax/libs/Chart.js/2.7.2/Chart.min.js","meta":{"rootId":"smcdehkeay2sgdv","id":"smcdehkeay2sgdv"},"id":"4le7m03f5tb9l9t","previousOperationId":"1awswlga4ecawme"}
{"type":"log","timestamp":1674588456627,"level":"debug","message":"Page request finished: GET (script) 200 https://cdnjs.cloudflare.com/ajax/libs/Chart.js/2.7.2/Chart.min.js","meta":{"rootId":"smcdehkeay2sgdv","id":"smcdehkeay2sgdv"},"id":"s5hckhin6pfpfg5","previousOperationId":"1awswlga4ecawme"}
{"type":"log","timestamp":1674588456646,"level":"debug","message":"Page request finished: GET (stylesheet) 200 https://cdnjs.cloudflare.com/ajax/libs/metro/4.1.5/css/metro.min.css","meta":{"rootId":"smcdehkeay2sgdv","id":"smcdehkeay2sgdv"},"id":"djiaioay7gn2814","previousOperationId":"1awswlga4ecawme"}
{"type":"log","timestamp":1674588456694,"level":"debug","message":"Running chrome with params {\"printBackground\":true,\"timeout\":59173,\"margin\":{}}","meta":{"rootId":"smcdehkeay2sgdv","id":"smcdehkeay2sgdv"},"id":"3a9x9m25u483wgp","previousOperationId":"1awswlga4ecawme"}
{"type":"operationEnd","operationId":"1awswlga4ecawme","timestamp":1674588456859,"id":"xfumdt362go8xug","previousEventId":"a99cwkfbuq268h9","previousOperationId":"1awswlga4ecawme"}
{"type":"log","timestamp":1674588456860,"level":"debug","message":"Executing script testing (afterRender)","meta":{"rootId":"smcdehkeay2sgdv","id":"smcdehkeay2sgdv"},"id":"gjh67av5381ukit","previousOperationId":"1awswlga4ecawme"}
{"type":"operationStart","subtype":"scriptsAfterRender","name":"scripts afterRender","timestamp":1674588456874,"id":"swkybis52zchp6r","previousEventId":"xfumdt362go8xug","operationId":"f0clvdxqxoiscr0","previousOperationId":"1awswlga4ecawme"}
{"type":"operationStart","subtype":"script","name":"scripts testing","previousOperationId":"f0clvdxqxoiscr0","timestamp":1674588456874,"id":"lp67dkml3fzvoxg","previousEventId":"swkybis52zchp6r","operationId":"lpob0mkt103emc1"}
{"type":"log","timestamp":1674588456874,"level":"debug","message":"(console:log) fhsdiufhsduifhuighdfuighdfiugdfshgiufdgdfighdfgdhugdfhghdfighdfiughdfgiudfgh","meta":{"userLevel":true,"rootId":"smcdehkeay2sgdv","id":"smcdehkeay2sgdv"},"id":"wyapfma9hbgpd26","previousOperationId":"lpob0mkt103emc1"}
{"type":"operationEnd","operationId":"lpob0mkt103emc1","timestamp":1674588488328,"id":"sky2xdku42ek2ia","previousEventId":"xfumdt362go8xug","previousOperationId":"1awswlga4ecawme"}
{"type":"operationEnd","operationId":"f0clvdxqxoiscr0","timestamp":1674588488328,"id":"k01vaxvx7ble6k6","previousEventId":"sky2xdku42ek2ia","previousOperationId":"1awswlga4ecawme"}
{"type":"log","timestamp":1674588488328,"level":"debug","message":"Skipping storing report.","meta":{"rootId":"smcdehkeay2sgdv","id":"smcdehkeay2sgdv"},"id":"hfogmvnj4vay05f","previousOperationId":"f0clvdxqxoiscr0"}
{"type":"log","timestamp":1674588488329,"level":"info","message":"Rendering request 10 finished in 32700 ms","meta":{"rootId":"smcdehkeay2sgdv","id":"smcdehkeay2sgdv"},"id":"fyskotc8zpdxbhi","previousOperationId":"f0clvdxqxoiscr0"}
{"type":"operationEnd","subtype":"render","operationId":"xepq9insevi0zby","timestamp":1674588488329,"id":"fm5ayb7vve3dk8i","previousEventId":"k01vaxvx7ble6k6","previousOperationId":"f0clvdxqxoiscr0"}
{"type":"operationEnd","doDiffs":false,"previousEventId":"jjy791sm87zl3gw","previousOperationId":"22hbomtbvn9to57","operationId":"22hbomtbvn9to57","timestamp":1674588488333,"id":"emt8txfix3fnng4"}
