{"type":"operationStart","subtype":"profile","data":{"_id":"u51pwU7tIxnisLcw","timestamp":"2023-01-26T16:24:05.185Z","state":"queued","mode":"standard","creationDate":"2023-01-26T16:24:05.189Z","modificationDate":"2023-01-26T16:24:05.189Z","shortid":"nf49V_h","$entitySet":"profiles"},"doDiffs":false,"timestamp":1674750245187,"id":"nhrvf1b8flfyaer","previousOperationId":null,"operationId":"w1d52kg0ltr34xe"}
{"type":"log","level":"info","message":"Render request 57 queued for execution and waiting for available worker","previousOperationId":"w1d52kg0ltr34xe","timestamp":1674750245187,"id":"jcpeoqb61wg6lkb"}
{"type":"operationStart","subtype":"render","name":"Data","previousOperationId":"w1d52kg0ltr34xe","timestamp":1674750245203,"id":"c4vj7tmzkulq14w","previousEventId":"nhrvf1b8flfyaer","operationId":"f9oehrhxiufu9z4"}
{"type":"log","timestamp":1674750245203,"level":"info","message":"Starting rendering request 57","meta":{"rootId":"solqz7yjkunlqem","id":"solqz7yjkunlqem"},"id":"c4vdw7vf4gxo09a","previousOperationId":"f9oehrhxiufu9z4"}
{"type":"log","timestamp":1674750245203,"level":"info","message":"Rendering template { name: Data, recipe: chrome-pdf, engine: handlebars, preview: true }","meta":{"rootId":"solqz7yjkunlqem","id":"solqz7yjkunlqem"},"id":"izmam4vsdl0tv8b","previousOperationId":"f9oehrhxiufu9z4"}
{"type":"log","timestamp":1674750245204,"level":"debug","message":"Data item not defined for this template.","meta":{"rootId":"solqz7yjkunlqem","id":"solqz7yjkunlqem"},"id":"u5ucp4kt599aofy","previousOperationId":"f9oehrhxiufu9z4"}
{"type":"log","timestamp":1674750245206,"level":"debug","message":"Executing script testing (beforeRender)","meta":{"rootId":"solqz7yjkunlqem","id":"solqz7yjkunlqem"},"id":"cncisd4l8hlkwql","previousOperationId":"f9oehrhxiufu9z4"}
{"type":"operationStart","subtype":"scriptsBeforeRender","name":"scripts beforeRender","timestamp":1674750245273,"id":"hmb2tk3qf2eodir","previousEventId":"c4vj7tmzkulq14w","operationId":"5o3wucfr438rhq7","previousOperationId":"f9oehrhxiufu9z4"}
{"type":"operationStart","subtype":"script","name":"scripts testing","previousOperationId":"5o3wucfr438rhq7","timestamp":1674750245273,"id":"sscrxl40bnw7548","previousEventId":"hmb2tk3qf2eodir","operationId":"gxc2zxdq1jk1vng"}
{"type":"log","timestamp":1674750245504,"level":"debug","message":"(console:log) {\n  location: [ 'Teror', 'Gáldar', 'Las Palmas de Gran Canaria' ],\n  repetition: [ '3', '1', '2' ]\n}","meta":{"userLevel":true,"rootId":"solqz7yjkunlqem","id":"solqz7yjkunlqem"},"id":"qi88q0grito7ntx","previousOperationId":"gxc2zxdq1jk1vng"}
{"type":"operationEnd","operationId":"gxc2zxdq1jk1vng","timestamp":1674750245928,"id":"3h3n9p9px0tlas0","previousEventId":"c4vj7tmzkulq14w","previousOperationId":"f9oehrhxiufu9z4"}
{"type":"operationEnd","operationId":"5o3wucfr438rhq7","timestamp":1674750245928,"id":"96rq3bfp2w2vauc","previousEventId":"3h3n9p9px0tlas0","previousOperationId":"f9oehrhxiufu9z4"}
{"type":"log","timestamp":1674750245928,"level":"debug","message":"Base url not specified, skipping its injection.","meta":{"rootId":"solqz7yjkunlqem","id":"solqz7yjkunlqem"},"id":"3givq6bok7j4geo","previousOperationId":"5o3wucfr438rhq7"}
{"type":"operationStart","subtype":"engine","name":"handlebars","timestamp":1674750245928,"id":"l9vzq1krwk7wnze","previousEventId":"96rq3bfp2w2vauc","operationId":"8bqhm9u85ttqj1k","previousOperationId":"5o3wucfr438rhq7"}
{"type":"log","timestamp":1674750245928,"level":"debug","message":"Rendering engine handlebars","meta":{"rootId":"solqz7yjkunlqem","id":"solqz7yjkunlqem"},"id":"r5d6c6drerbpbm2","previousOperationId":"8bqhm9u85ttqj1k"}
{"type":"operationEnd","operationId":"8bqhm9u85ttqj1k","timestamp":1674750245935,"id":"j237ul7yips1evf","previousEventId":"l9vzq1krwk7wnze","previousOperationId":"8bqhm9u85ttqj1k"}
{"type":"operationStart","subtype":"recipe","name":"chrome-pdf","timestamp":1674750245935,"id":"frv3kszkp94cfjr","previousEventId":"j237ul7yips1evf","operationId":"xfkk16sd2r8u7s0","previousOperationId":"8bqhm9u85ttqj1k"}
{"type":"log","timestamp":1674750245935,"level":"debug","message":"Executing recipe chrome-pdf","meta":{"rootId":"solqz7yjkunlqem","id":"solqz7yjkunlqem"},"id":"vbdaucjf25hp1bm","previousOperationId":"xfkk16sd2r8u7s0"}
{"type":"log","timestamp":1674750245938,"level":"debug","message":"Converting with chrome HeadlessChrome/105.0.5173.0 using chrome-pool strategy","meta":{"rootId":"solqz7yjkunlqem","id":"solqz7yjkunlqem"},"id":"hz5audjutwvat4l","previousOperationId":"xfkk16sd2r8u7s0"}
{"type":"log","timestamp":1674750246034,"level":"debug","message":"Page request: GET (document) file:///C:/Users/Johan/AppData/Local/Temp/jsreport/autocleanup/3e41bbef-1273-402d-90d2-b47e6ae93032-chrome-pdf.html","meta":{"rootId":"solqz7yjkunlqem","id":"solqz7yjkunlqem"},"id":"ivkb7mf4ptri7z4","previousOperationId":"xfkk16sd2r8u7s0"}
{"type":"log","timestamp":1674750246062,"level":"debug","message":"Page request finished: GET (document) 200 file:///C:/Users/Johan/AppData/Local/Temp/jsreport/autocleanup/3e41bbef-1273-402d-90d2-b47e6ae93032-chrome-pdf.html","meta":{"rootId":"solqz7yjkunlqem","id":"solqz7yjkunlqem"},"id":"qfss14nzc4l11nz","previousOperationId":"xfkk16sd2r8u7s0"}
{"type":"log","timestamp":1674750246062,"level":"debug","message":"Page request: GET (stylesheet) https://cdnjs.cloudflare.com/ajax/libs/metro/4.1.5/css/metro.min.css","meta":{"rootId":"solqz7yjkunlqem","id":"solqz7yjkunlqem"},"id":"pgd3gp5amsh3ci5","previousOperationId":"xfkk16sd2r8u7s0"}
{"type":"log","timestamp":1674750246064,"level":"debug","message":"Page request: GET (stylesheet) https://cdnjs.cloudflare.com/ajax/libs/chartist/0.11.0/chartist.min.css","meta":{"rootId":"solqz7yjkunlqem","id":"solqz7yjkunlqem"},"id":"o3l0jxwwqjuzc9v","previousOperationId":"xfkk16sd2r8u7s0"}
{"type":"log","timestamp":1674750246067,"level":"debug","message":"Page request: GET (script) https://cdnjs.cloudflare.com/ajax/libs/chartist/0.11.0/chartist.min.js","meta":{"rootId":"solqz7yjkunlqem","id":"solqz7yjkunlqem"},"id":"eaoww7erq8vu068","previousOperationId":"xfkk16sd2r8u7s0"}
{"type":"log","timestamp":1674750246069,"level":"debug","message":"Page request: GET (script) https://unpkg.com/chartist-plugin-tooltips@0.0.17","meta":{"rootId":"solqz7yjkunlqem","id":"solqz7yjkunlqem"},"id":"xzb4k7y17q7qiat","previousOperationId":"xfkk16sd2r8u7s0"}
{"type":"log","timestamp":1674750246070,"level":"debug","message":"Page request: GET (script) https://unpkg.com/chartist-plugin-pointlabels@0.0.6","meta":{"rootId":"solqz7yjkunlqem","id":"solqz7yjkunlqem"},"id":"w7l48z3vuzkbjr3","previousOperationId":"xfkk16sd2r8u7s0"}
{"type":"log","timestamp":1674750246082,"level":"warn","message":"Page request failed: GET (script) 302 https://unpkg.com/chartist-plugin-tooltips@0.0.17 (redirect to: /chartist-plugin-tooltips@0.0.17/dist/chartist-plugin-tooltip.js)","meta":{"rootId":"solqz7yjkunlqem","id":"solqz7yjkunlqem"},"id":"rsqkrjy2rkr5s64","previousOperationId":"xfkk16sd2r8u7s0"}
{"type":"log","timestamp":1674750246083,"level":"debug","message":"Page request: GET (script) https://unpkg.com/chartist-plugin-tooltips@0.0.17/dist/chartist-plugin-tooltip.js (redirect from: https://unpkg.com/chartist-plugin-tooltips@0.0.17)","meta":{"rootId":"solqz7yjkunlqem","id":"solqz7yjkunlqem"},"id":"lm39yxhgcxoj1fi","previousOperationId":"xfkk16sd2r8u7s0"}
{"type":"log","timestamp":1674750246084,"level":"warn","message":"Page request failed: GET (script) 302 https://unpkg.com/chartist-plugin-pointlabels@0.0.6 (redirect to: /chartist-plugin-pointlabels@0.0.6/dist/chartist-plugin-pointlabels.js)","meta":{"rootId":"solqz7yjkunlqem","id":"solqz7yjkunlqem"},"id":"08hwj1xlnkhl1xf","previousOperationId":"xfkk16sd2r8u7s0"}
{"type":"log","timestamp":1674750246085,"level":"debug","message":"Page request: GET (script) https://unpkg.com/chartist-plugin-pointlabels@0.0.6/dist/chartist-plugin-pointlabels.js (redirect from: https://unpkg.com/chartist-plugin-pointlabels@0.0.6)","meta":{"rootId":"solqz7yjkunlqem","id":"solqz7yjkunlqem"},"id":"xk82upd03q1g102","previousOperationId":"xfkk16sd2r8u7s0"}
{"type":"log","timestamp":1674750246086,"level":"debug","message":"Page request finished: GET (stylesheet) 200 https://cdnjs.cloudflare.com/ajax/libs/chartist/0.11.0/chartist.min.css","meta":{"rootId":"solqz7yjkunlqem","id":"solqz7yjkunlqem"},"id":"hec4darcvx3zp1u","previousOperationId":"xfkk16sd2r8u7s0"}
{"type":"log","timestamp":1674750246086,"level":"debug","message":"Page request finished: GET (script) 200 https://cdnjs.cloudflare.com/ajax/libs/chartist/0.11.0/chartist.min.js","meta":{"rootId":"solqz7yjkunlqem","id":"solqz7yjkunlqem"},"id":"ey1qk9lfmw3d5g0","previousOperationId":"xfkk16sd2r8u7s0"}
{"type":"log","timestamp":1674750246108,"level":"debug","message":"Page request finished: GET (stylesheet) 200 https://cdnjs.cloudflare.com/ajax/libs/metro/4.1.5/css/metro.min.css","meta":{"rootId":"solqz7yjkunlqem","id":"solqz7yjkunlqem"},"id":"kq556j7ucw5zbf5","previousOperationId":"xfkk16sd2r8u7s0"}
{"type":"log","timestamp":1674750246110,"level":"debug","message":"Page request finished: GET (script) 200 https://unpkg.com/chartist-plugin-tooltips@0.0.17/dist/chartist-plugin-tooltip.js","meta":{"rootId":"solqz7yjkunlqem","id":"solqz7yjkunlqem"},"id":"cuhhla3mq82iyfz","previousOperationId":"xfkk16sd2r8u7s0"}
{"type":"log","timestamp":1674750246110,"level":"debug","message":"Page request finished: GET (script) 200 https://unpkg.com/chartist-plugin-pointlabels@0.0.6/dist/chartist-plugin-pointlabels.js","meta":{"rootId":"solqz7yjkunlqem","id":"solqz7yjkunlqem"},"id":"u7ijvohxhxe9sod","previousOperationId":"xfkk16sd2r8u7s0"}
{"type":"log","timestamp":1674750246113,"level":"debug","message":"(console:log) Me he venido","meta":{"userLevel":true,"rootId":"solqz7yjkunlqem","id":"solqz7yjkunlqem"},"id":"5kn0wjcjrqy2ga4","previousOperationId":"xfkk16sd2r8u7s0"}
{"type":"log","timestamp":1674750246183,"level":"debug","message":"Running chrome with params {\"printBackground\":true,\"timeout\":59248,\"margin\":{}}","meta":{"rootId":"solqz7yjkunlqem","id":"solqz7yjkunlqem"},"id":"ew8nj9qnxqb3gxh","previousOperationId":"xfkk16sd2r8u7s0"}
{"type":"operationEnd","operationId":"xfkk16sd2r8u7s0","timestamp":1674750246320,"id":"ms0monhdoeaa5u4","previousEventId":"frv3kszkp94cfjr","previousOperationId":"xfkk16sd2r8u7s0"}
{"type":"log","timestamp":1674750246320,"level":"debug","message":"Executing script testing (afterRender)","meta":{"rootId":"solqz7yjkunlqem","id":"solqz7yjkunlqem"},"id":"1zibjzvpdm95wgg","previousOperationId":"xfkk16sd2r8u7s0"}
{"type":"operationStart","subtype":"scriptsAfterRender","name":"scripts afterRender","timestamp":1674750246329,"id":"cu9d8s14ic2o3yz","previousEventId":"ms0monhdoeaa5u4","operationId":"8bljwds8822g1b7","previousOperationId":"xfkk16sd2r8u7s0"}
{"type":"operationStart","subtype":"script","name":"scripts testing","previousOperationId":"8bljwds8822g1b7","timestamp":1674750246329,"id":"l9da4dfwti98hex","previousEventId":"cu9d8s14ic2o3yz","operationId":"51x1iotdx5lu912"}
{"type":"operationEnd","operationId":"51x1iotdx5lu912","timestamp":1674750247976,"id":"c6k0yq4onihnc04","previousEventId":"ms0monhdoeaa5u4","previousOperationId":"xfkk16sd2r8u7s0"}
{"type":"operationEnd","operationId":"8bljwds8822g1b7","timestamp":1674750247976,"id":"sm599ern5zuuts9","previousEventId":"c6k0yq4onihnc04","previousOperationId":"xfkk16sd2r8u7s0"}
{"type":"log","timestamp":1674750247976,"level":"debug","message":"Skipping storing report.","meta":{"rootId":"solqz7yjkunlqem","id":"solqz7yjkunlqem"},"id":"sqsxq0ughr8yx3z","previousOperationId":"8bljwds8822g1b7"}
{"type":"log","timestamp":1674750247976,"level":"info","message":"Rendering request 57 finished in 2791 ms","meta":{"rootId":"solqz7yjkunlqem","id":"solqz7yjkunlqem"},"id":"hhekemad9x3bkaq","previousOperationId":"8bljwds8822g1b7"}
{"type":"operationEnd","subtype":"render","operationId":"f9oehrhxiufu9z4","timestamp":1674750247976,"id":"113wqk2bpuezsz6","previousEventId":"sm599ern5zuuts9","previousOperationId":"8bljwds8822g1b7"}
{"type":"operationEnd","doDiffs":false,"previousEventId":"nhrvf1b8flfyaer","previousOperationId":"w1d52kg0ltr34xe","operationId":"w1d52kg0ltr34xe","timestamp":1674750247980,"id":"pn2hom7d600hhqf"}
