{"type":"operationStart","subtype":"profile","data":{"_id":"QednlCBWQcWMZqrl","timestamp":"2023-01-26T16:27:17.459Z","state":"queued","mode":"standard","creationDate":"2023-01-26T16:27:17.462Z","modificationDate":"2023-01-26T16:27:17.462Z","shortid":"iSBhlWg","$entitySet":"profiles"},"doDiffs":false,"timestamp":1674750437461,"id":"t9mgbdoj2q6tvcq","previousOperationId":null,"operationId":"rrgf65bma19mz5n"}
{"type":"log","level":"info","message":"Render request 65 queued for execution and waiting for available worker","previousOperationId":"rrgf65bma19mz5n","timestamp":1674750437461,"id":"kvs39pz1ntdz3bo"}
{"type":"operationStart","subtype":"render","name":"Data","previousOperationId":"rrgf65bma19mz5n","timestamp":1674750437471,"id":"l0jv8khgh114uuo","previousEventId":"t9mgbdoj2q6tvcq","operationId":"0zwdcxw7p07bsd9"}
{"type":"log","timestamp":1674750437471,"level":"info","message":"Starting rendering request 65","meta":{"rootId":"svjy6uu0dmmxq22","id":"svjy6uu0dmmxq22"},"id":"uzng2dklpsuejqx","previousOperationId":"0zwdcxw7p07bsd9"}
{"type":"log","timestamp":1674750437471,"level":"info","message":"Rendering template { name: Data, recipe: chrome-pdf, engine: handlebars, preview: true }","meta":{"rootId":"svjy6uu0dmmxq22","id":"svjy6uu0dmmxq22"},"id":"smil4tlr45xnah9","previousOperationId":"0zwdcxw7p07bsd9"}
{"type":"log","timestamp":1674750437473,"level":"debug","message":"Data item not defined for this template.","meta":{"rootId":"svjy6uu0dmmxq22","id":"svjy6uu0dmmxq22"},"id":"ud8u9i7l18t0z13","previousOperationId":"0zwdcxw7p07bsd9"}
{"type":"log","timestamp":1674750437475,"level":"debug","message":"Executing script testing (beforeRender)","meta":{"rootId":"svjy6uu0dmmxq22","id":"svjy6uu0dmmxq22"},"id":"zf7u6j0dt641nl4","previousOperationId":"0zwdcxw7p07bsd9"}
{"type":"operationStart","subtype":"scriptsBeforeRender","name":"scripts beforeRender","timestamp":1674750437529,"id":"5v072i72bji3xxm","previousEventId":"l0jv8khgh114uuo","operationId":"ex8w5tq81wzlux9","previousOperationId":"0zwdcxw7p07bsd9"}
{"type":"operationStart","subtype":"script","name":"scripts testing","previousOperationId":"ex8w5tq81wzlux9","timestamp":1674750437529,"id":"b51xb7fjg9wcp09","previousEventId":"5v072i72bji3xxm","operationId":"igg9z7uislh7zg4"}
{"type":"log","timestamp":1674750438064,"level":"debug","message":"(console:log) {\n  name: [ 'Teror', 'Gáldar', 'Las Palmas de Gran Canaria' ],\n  repetition: [ '3', '1', '2' ]\n}","meta":{"userLevel":true,"rootId":"svjy6uu0dmmxq22","id":"svjy6uu0dmmxq22"},"id":"jp0hpe4cxfnd6d4","previousOperationId":"igg9z7uislh7zg4"}
{"type":"operationEnd","operationId":"igg9z7uislh7zg4","timestamp":1674750438557,"id":"nq4ijliagptnuqn","previousEventId":"l0jv8khgh114uuo","previousOperationId":"0zwdcxw7p07bsd9"}
{"type":"operationEnd","operationId":"ex8w5tq81wzlux9","timestamp":1674750438557,"id":"gqj8rll2viyj9zv","previousEventId":"nq4ijliagptnuqn","previousOperationId":"0zwdcxw7p07bsd9"}
{"type":"log","timestamp":1674750438557,"level":"debug","message":"Base url not specified, skipping its injection.","meta":{"rootId":"svjy6uu0dmmxq22","id":"svjy6uu0dmmxq22"},"id":"oi247nx5f5z9vd8","previousOperationId":"ex8w5tq81wzlux9"}
{"type":"operationStart","subtype":"engine","name":"handlebars","timestamp":1674750438558,"id":"nd7heyspi0s8d90","previousEventId":"gqj8rll2viyj9zv","operationId":"c1e9rxroc3b71ub","previousOperationId":"ex8w5tq81wzlux9"}
{"type":"log","timestamp":1674750438558,"level":"debug","message":"Rendering engine handlebars","meta":{"rootId":"svjy6uu0dmmxq22","id":"svjy6uu0dmmxq22"},"id":"50hbid5f1gpjckd","previousOperationId":"c1e9rxroc3b71ub"}
{"type":"operationEnd","operationId":"c1e9rxroc3b71ub","timestamp":1674750438572,"id":"ytp103wisrubzpg","previousEventId":"nd7heyspi0s8d90","previousOperationId":"c1e9rxroc3b71ub"}
{"type":"operationStart","subtype":"recipe","name":"chrome-pdf","timestamp":1674750438572,"id":"7cnlqjv3fqt9km4","previousEventId":"ytp103wisrubzpg","operationId":"s9kwygzoz9xvxk2","previousOperationId":"c1e9rxroc3b71ub"}
{"type":"log","timestamp":1674750438572,"level":"debug","message":"Executing recipe chrome-pdf","meta":{"rootId":"svjy6uu0dmmxq22","id":"svjy6uu0dmmxq22"},"id":"9prxw5s63f2w0ja","previousOperationId":"s9kwygzoz9xvxk2"}
{"type":"log","timestamp":1674750438575,"level":"debug","message":"Converting with chrome HeadlessChrome/105.0.5173.0 using chrome-pool strategy","meta":{"rootId":"svjy6uu0dmmxq22","id":"svjy6uu0dmmxq22"},"id":"zifijaajjpgztqd","previousOperationId":"s9kwygzoz9xvxk2"}
{"type":"log","timestamp":1674750438654,"level":"debug","message":"Page request: GET (document) file:///C:/Users/Johan/AppData/Local/Temp/jsreport/autocleanup/2b7e9340-e49c-48f7-ad8a-d51cb43eb390-chrome-pdf.html","meta":{"rootId":"svjy6uu0dmmxq22","id":"svjy6uu0dmmxq22"},"id":"5872ymlyvgmn97f","previousOperationId":"s9kwygzoz9xvxk2"}
{"type":"log","timestamp":1674750438675,"level":"debug","message":"Page request finished: GET (document) 200 file:///C:/Users/Johan/AppData/Local/Temp/jsreport/autocleanup/2b7e9340-e49c-48f7-ad8a-d51cb43eb390-chrome-pdf.html","meta":{"rootId":"svjy6uu0dmmxq22","id":"svjy6uu0dmmxq22"},"id":"yo2zzvos2vtaswq","previousOperationId":"s9kwygzoz9xvxk2"}
{"type":"log","timestamp":1674750438675,"level":"debug","message":"Page request: GET (stylesheet) https://cdnjs.cloudflare.com/ajax/libs/metro/4.1.5/css/metro.min.css","meta":{"rootId":"svjy6uu0dmmxq22","id":"svjy6uu0dmmxq22"},"id":"soaelf165jmpdib","previousOperationId":"s9kwygzoz9xvxk2"}
{"type":"log","timestamp":1674750438675,"level":"debug","message":"Page request: GET (stylesheet) https://cdnjs.cloudflare.com/ajax/libs/chartist/0.11.0/chartist.min.css","meta":{"rootId":"svjy6uu0dmmxq22","id":"svjy6uu0dmmxq22"},"id":"td5r47ilasopkbl","previousOperationId":"s9kwygzoz9xvxk2"}
{"type":"log","timestamp":1674750438676,"level":"debug","message":"Page request: GET (script) https://cdnjs.cloudflare.com/ajax/libs/chartist/0.11.0/chartist.min.js","meta":{"rootId":"svjy6uu0dmmxq22","id":"svjy6uu0dmmxq22"},"id":"knm3i2k2fhpod65","previousOperationId":"s9kwygzoz9xvxk2"}
{"type":"log","timestamp":1674750438676,"level":"debug","message":"Page request: GET (script) https://unpkg.com/chartist-plugin-tooltips@0.0.17","meta":{"rootId":"svjy6uu0dmmxq22","id":"svjy6uu0dmmxq22"},"id":"1w4dbfxjp4ue175","previousOperationId":"s9kwygzoz9xvxk2"}
{"type":"log","timestamp":1674750438676,"level":"debug","message":"Page request: GET (script) https://unpkg.com/chartist-plugin-pointlabels@0.0.6","meta":{"rootId":"svjy6uu0dmmxq22","id":"svjy6uu0dmmxq22"},"id":"5hdw788znivjad8","previousOperationId":"s9kwygzoz9xvxk2"}
{"type":"log","timestamp":1674750438681,"level":"debug","message":"Page request finished: GET (stylesheet) 200 https://cdnjs.cloudflare.com/ajax/libs/chartist/0.11.0/chartist.min.css","meta":{"rootId":"svjy6uu0dmmxq22","id":"svjy6uu0dmmxq22"},"id":"va1332e474zxz23","previousOperationId":"s9kwygzoz9xvxk2"}
{"type":"log","timestamp":1674750438682,"level":"debug","message":"Page request finished: GET (script) 200 https://cdnjs.cloudflare.com/ajax/libs/chartist/0.11.0/chartist.min.js","meta":{"rootId":"svjy6uu0dmmxq22","id":"svjy6uu0dmmxq22"},"id":"0d9v03nhyh22fqh","previousOperationId":"s9kwygzoz9xvxk2"}
{"type":"log","timestamp":1674750438683,"level":"warn","message":"Page request failed: GET (script) 302 https://unpkg.com/chartist-plugin-tooltips@0.0.17 (redirect to: /chartist-plugin-tooltips@0.0.17/dist/chartist-plugin-tooltip.js)","meta":{"rootId":"svjy6uu0dmmxq22","id":"svjy6uu0dmmxq22"},"id":"33t7uygba48s4at","previousOperationId":"s9kwygzoz9xvxk2"}
{"type":"log","timestamp":1674750438683,"level":"warn","message":"Page request failed: GET (script) 302 https://unpkg.com/chartist-plugin-pointlabels@0.0.6 (redirect to: /chartist-plugin-pointlabels@0.0.6/dist/chartist-plugin-pointlabels.js)","meta":{"rootId":"svjy6uu0dmmxq22","id":"svjy6uu0dmmxq22"},"id":"ezeb1ttg83mdw4y","previousOperationId":"s9kwygzoz9xvxk2"}
{"type":"log","timestamp":1674750438683,"level":"debug","message":"Page request: GET (script) https://unpkg.com/chartist-plugin-tooltips@0.0.17/dist/chartist-plugin-tooltip.js (redirect from: https://unpkg.com/chartist-plugin-tooltips@0.0.17)","meta":{"rootId":"svjy6uu0dmmxq22","id":"svjy6uu0dmmxq22"},"id":"6kj996d2a6l8dgf","previousOperationId":"s9kwygzoz9xvxk2"}
{"type":"log","timestamp":1674750438683,"level":"debug","message":"Page request: GET (script) https://unpkg.com/chartist-plugin-pointlabels@0.0.6/dist/chartist-plugin-pointlabels.js (redirect from: https://unpkg.com/chartist-plugin-pointlabels@0.0.6)","meta":{"rootId":"svjy6uu0dmmxq22","id":"svjy6uu0dmmxq22"},"id":"v2m6x200ijr32jd","previousOperationId":"s9kwygzoz9xvxk2"}
{"type":"log","timestamp":1674750438698,"level":"debug","message":"Page request finished: GET (stylesheet) 200 https://cdnjs.cloudflare.com/ajax/libs/metro/4.1.5/css/metro.min.css","meta":{"rootId":"svjy6uu0dmmxq22","id":"svjy6uu0dmmxq22"},"id":"wh7hn2tnf9ejhhy","previousOperationId":"s9kwygzoz9xvxk2"}
{"type":"log","timestamp":1674750438699,"level":"debug","message":"Page request finished: GET (script) 200 https://unpkg.com/chartist-plugin-tooltips@0.0.17/dist/chartist-plugin-tooltip.js","meta":{"rootId":"svjy6uu0dmmxq22","id":"svjy6uu0dmmxq22"},"id":"2o5siz8smk9ou1b","previousOperationId":"s9kwygzoz9xvxk2"}
{"type":"log","timestamp":1674750438699,"level":"debug","message":"Page request finished: GET (script) 200 https://unpkg.com/chartist-plugin-pointlabels@0.0.6/dist/chartist-plugin-pointlabels.js","meta":{"rootId":"svjy6uu0dmmxq22","id":"svjy6uu0dmmxq22"},"id":"6ei4e9lmm286d8x","previousOperationId":"s9kwygzoz9xvxk2"}
{"type":"log","timestamp":1674750438701,"level":"warn","message":"Page error: SyntaxError: missing ) after argument list","meta":{"rootId":"svjy6uu0dmmxq22","id":"svjy6uu0dmmxq22"},"id":"fxv18ynwfe7va1e","previousOperationId":"s9kwygzoz9xvxk2"}
{"type":"log","timestamp":1674750438737,"level":"debug","message":"Running chrome with params {\"printBackground\":true,\"timeout\":58885,\"margin\":{}}","meta":{"rootId":"svjy6uu0dmmxq22","id":"svjy6uu0dmmxq22"},"id":"ng5pb009ek4p71j","previousOperationId":"s9kwygzoz9xvxk2"}
{"type":"operationEnd","operationId":"s9kwygzoz9xvxk2","timestamp":1674750438840,"id":"wt1hnqdv7web4jh","previousEventId":"7cnlqjv3fqt9km4","previousOperationId":"s9kwygzoz9xvxk2"}
{"type":"log","timestamp":1674750438840,"level":"debug","message":"Executing script testing (afterRender)","meta":{"rootId":"svjy6uu0dmmxq22","id":"svjy6uu0dmmxq22"},"id":"8fwsja2ok0ctons","previousOperationId":"s9kwygzoz9xvxk2"}
{"type":"operationStart","subtype":"scriptsAfterRender","name":"scripts afterRender","timestamp":1674750438847,"id":"cuwo19ohwggyfbg","previousEventId":"wt1hnqdv7web4jh","operationId":"mpjm9mydd7m0lu8","previousOperationId":"s9kwygzoz9xvxk2"}
{"type":"operationStart","subtype":"script","name":"scripts testing","previousOperationId":"mpjm9mydd7m0lu8","timestamp":1674750438847,"id":"fjef7xw836exbew","previousEventId":"cuwo19ohwggyfbg","operationId":"jfkaklp8r7v1lb3"}
{"type":"operationEnd","operationId":"jfkaklp8r7v1lb3","timestamp":1674750440287,"id":"an8rnkp4suoa1hr","previousEventId":"wt1hnqdv7web4jh","previousOperationId":"s9kwygzoz9xvxk2"}
{"type":"operationEnd","operationId":"mpjm9mydd7m0lu8","timestamp":1674750440287,"id":"x31a42mkvd1oewf","previousEventId":"an8rnkp4suoa1hr","previousOperationId":"s9kwygzoz9xvxk2"}
{"type":"log","timestamp":1674750440287,"level":"debug","message":"Skipping storing report.","meta":{"rootId":"svjy6uu0dmmxq22","id":"svjy6uu0dmmxq22"},"id":"9tnismhghtgur7w","previousOperationId":"mpjm9mydd7m0lu8"}
{"type":"log","timestamp":1674750440287,"level":"info","message":"Rendering request 65 finished in 2828 ms","meta":{"rootId":"svjy6uu0dmmxq22","id":"svjy6uu0dmmxq22"},"id":"tpjjbt02kde5b9j","previousOperationId":"mpjm9mydd7m0lu8"}
{"type":"operationEnd","subtype":"render","operationId":"0zwdcxw7p07bsd9","timestamp":1674750440287,"id":"ae25e20k9espl1b","previousEventId":"x31a42mkvd1oewf","previousOperationId":"mpjm9mydd7m0lu8"}
{"type":"operationEnd","doDiffs":false,"previousEventId":"t9mgbdoj2q6tvcq","previousOperationId":"rrgf65bma19mz5n","operationId":"rrgf65bma19mz5n","timestamp":1674750440289,"id":"mn4ka98j5oz2z3b"}
