{"type":"operationStart","subtype":"profile","data":{"_id":"Q5dQsg6JKOudxDGQ","timestamp":"2023-01-26T17:01:53.413Z","state":"queued","mode":"standard","creationDate":"2023-01-26T17:01:53.417Z","modificationDate":"2023-01-26T17:01:53.417Z","shortid":"VHE9c5q","$entitySet":"profiles"},"doDiffs":false,"timestamp":1674752513415,"id":"drhxap106e2ev0o","previousOperationId":null,"operationId":"72yd4061v5x3akl"}
{"type":"log","level":"info","message":"Render request 5 queued for execution and waiting for available worker","previousOperationId":"72yd4061v5x3akl","timestamp":1674752513415,"id":"fhm49lvwc4xyi0f"}
{"type":"operationStart","subtype":"render","name":"Data","previousOperationId":"72yd4061v5x3akl","timestamp":1674752513427,"id":"80u3wezowl3m0ce","previousEventId":"drhxap106e2ev0o","operationId":"id1airo88i89zll"}
{"type":"log","timestamp":1674752513427,"level":"info","message":"Starting rendering request 5","meta":{"rootId":"sx4qfneyk98b11z","id":"sx4qfneyk98b11z"},"id":"gwd5ptpvu2d3062","previousOperationId":"id1airo88i89zll"}
{"type":"log","timestamp":1674752513427,"level":"info","message":"Rendering template { name: Data, recipe: chrome-pdf, engine: handlebars, preview: true }","meta":{"rootId":"sx4qfneyk98b11z","id":"sx4qfneyk98b11z"},"id":"94v33n2l16f8at4","previousOperationId":"id1airo88i89zll"}
{"type":"log","timestamp":1674752513429,"level":"debug","message":"Data item not defined for this template.","meta":{"rootId":"sx4qfneyk98b11z","id":"sx4qfneyk98b11z"},"id":"c7b5xtb15e34974","previousOperationId":"id1airo88i89zll"}
{"type":"log","timestamp":1674752513440,"level":"debug","message":"Executing script testing (beforeRender)","meta":{"rootId":"sx4qfneyk98b11z","id":"sx4qfneyk98b11z"},"id":"y2l10zwip3cnxvi","previousOperationId":"id1airo88i89zll"}
{"type":"operationStart","subtype":"scriptsBeforeRender","name":"scripts beforeRender","timestamp":1674752513521,"id":"d01nq2rq09qvepf","previousEventId":"80u3wezowl3m0ce","operationId":"bwmuu91zgqs07df","previousOperationId":"id1airo88i89zll"}
{"type":"operationStart","subtype":"script","name":"scripts testing","previousOperationId":"bwmuu91zgqs07df","timestamp":1674752513521,"id":"tmg8zmn37timov7","previousEventId":"d01nq2rq09qvepf","operationId":"6jjowl0v6hslgvr"}
{"type":"log","timestamp":1674752513737,"level":"debug","message":"(console:log) {\n  locationName: [ 'Las Palmas de Gran Canaria', 'Galdar', 'Teror' ],\n  repetition: [ '2', '1', '3' ]\n}","meta":{"userLevel":true,"rootId":"sx4qfneyk98b11z","id":"sx4qfneyk98b11z"},"id":"1t46vf69yryrz0e","previousOperationId":"6jjowl0v6hslgvr"}
{"type":"log","timestamp":1674752513737,"level":"debug","message":"(console:log) [ 'Las Palmas de Gran Canaria', 'Galdar', 'Teror' ]","meta":{"userLevel":true,"rootId":"sx4qfneyk98b11z","id":"sx4qfneyk98b11z"},"id":"ds1c28sp3lc8ot8","previousOperationId":"6jjowl0v6hslgvr"}
{"type":"log","timestamp":1674752513737,"level":"debug","message":"(console:log) [ '2', '1', '3' ]","meta":{"userLevel":true,"rootId":"sx4qfneyk98b11z","id":"sx4qfneyk98b11z"},"id":"3wsijboahexjs55","previousOperationId":"6jjowl0v6hslgvr"}
{"type":"operationEnd","operationId":"6jjowl0v6hslgvr","timestamp":1674752514169,"id":"6r3prd36ajkcxki","previousEventId":"80u3wezowl3m0ce","previousOperationId":"id1airo88i89zll"}
{"type":"operationEnd","operationId":"bwmuu91zgqs07df","timestamp":1674752514169,"id":"vtlr9a8b5x1wcco","previousEventId":"6r3prd36ajkcxki","previousOperationId":"id1airo88i89zll"}
{"type":"log","timestamp":1674752514169,"level":"debug","message":"Base url not specified, skipping its injection.","meta":{"rootId":"sx4qfneyk98b11z","id":"sx4qfneyk98b11z"},"id":"stbyhzdq9x8fykm","previousOperationId":"bwmuu91zgqs07df"}
{"type":"operationStart","subtype":"engine","name":"handlebars","timestamp":1674752514169,"id":"lsjbpby5d1k203r","previousEventId":"vtlr9a8b5x1wcco","operationId":"ccoe5d7s9jx4a84","previousOperationId":"bwmuu91zgqs07df"}
{"type":"log","timestamp":1674752514169,"level":"debug","message":"Rendering engine handlebars","meta":{"rootId":"sx4qfneyk98b11z","id":"sx4qfneyk98b11z"},"id":"4cmmyuybl1h8s7h","previousOperationId":"ccoe5d7s9jx4a84"}
{"type":"operationEnd","operationId":"ccoe5d7s9jx4a84","timestamp":1674752514188,"id":"hqjfdb77h4djizi","previousEventId":"lsjbpby5d1k203r","previousOperationId":"ccoe5d7s9jx4a84"}
{"type":"operationStart","subtype":"recipe","name":"chrome-pdf","timestamp":1674752514189,"id":"apidftkz2i285uk","previousEventId":"hqjfdb77h4djizi","operationId":"uad5ikm5g8yp8tj","previousOperationId":"ccoe5d7s9jx4a84"}
{"type":"log","timestamp":1674752514189,"level":"debug","message":"Executing recipe chrome-pdf","meta":{"rootId":"sx4qfneyk98b11z","id":"sx4qfneyk98b11z"},"id":"r15l6dqroaokmh1","previousOperationId":"uad5ikm5g8yp8tj"}
{"type":"log","timestamp":1674752514194,"level":"debug","message":"Converting with chrome HeadlessChrome/105.0.5173.0 using chrome-pool strategy","meta":{"rootId":"sx4qfneyk98b11z","id":"sx4qfneyk98b11z"},"id":"tw7xwhjyo2jhsxz","previousOperationId":"uad5ikm5g8yp8tj"}
{"type":"log","timestamp":1674752514319,"level":"debug","message":"Page request: GET (document) file:///C:/Users/Johan/AppData/Local/Temp/jsreport/autocleanup/b27f0f4c-da04-431c-87d4-6cf1106f1b3e-chrome-pdf.html","meta":{"rootId":"sx4qfneyk98b11z","id":"sx4qfneyk98b11z"},"id":"riwcmqgnl4pkxbr","previousOperationId":"uad5ikm5g8yp8tj"}
{"type":"log","timestamp":1674752514348,"level":"debug","message":"Page request: GET (stylesheet) https://cdnjs.cloudflare.com/ajax/libs/metro/4.1.5/css/metro.min.css","meta":{"rootId":"sx4qfneyk98b11z","id":"sx4qfneyk98b11z"},"id":"48y6gtly738icqg","previousOperationId":"uad5ikm5g8yp8tj"}
{"type":"log","timestamp":1674752514349,"level":"debug","message":"Page request: GET (stylesheet) https://cdnjs.cloudflare.com/ajax/libs/chartist/0.11.0/chartist.min.css","meta":{"rootId":"sx4qfneyk98b11z","id":"sx4qfneyk98b11z"},"id":"e6mv75rc3hjwp0l","previousOperationId":"uad5ikm5g8yp8tj"}
{"type":"log","timestamp":1674752514349,"level":"debug","message":"Page request: GET (script) https://cdnjs.cloudflare.com/ajax/libs/chartist/0.11.0/chartist.min.js","meta":{"rootId":"sx4qfneyk98b11z","id":"sx4qfneyk98b11z"},"id":"4g50dd5rtskssq6","previousOperationId":"uad5ikm5g8yp8tj"}
{"type":"log","timestamp":1674752514350,"level":"debug","message":"Page request finished: GET (document) 200 file:///C:/Users/Johan/AppData/Local/Temp/jsreport/autocleanup/b27f0f4c-da04-431c-87d4-6cf1106f1b3e-chrome-pdf.html","meta":{"rootId":"sx4qfneyk98b11z","id":"sx4qfneyk98b11z"},"id":"ip9hujsbd5n71z2","previousOperationId":"uad5ikm5g8yp8tj"}
{"type":"log","timestamp":1674752514350,"level":"debug","message":"Page request: GET (script) https://unpkg.com/chartist-plugin-tooltips@0.0.17","meta":{"rootId":"sx4qfneyk98b11z","id":"sx4qfneyk98b11z"},"id":"m42d2o0qax9121j","previousOperationId":"uad5ikm5g8yp8tj"}
{"type":"log","timestamp":1674752514350,"level":"debug","message":"Page request: GET (script) https://unpkg.com/chartist-plugin-pointlabels@0.0.6","meta":{"rootId":"sx4qfneyk98b11z","id":"sx4qfneyk98b11z"},"id":"fvus25ki0dce7u1","previousOperationId":"uad5ikm5g8yp8tj"}
{"type":"log","timestamp":1674752514357,"level":"debug","message":"Page request finished: GET (stylesheet) 200 https://cdnjs.cloudflare.com/ajax/libs/chartist/0.11.0/chartist.min.css","meta":{"rootId":"sx4qfneyk98b11z","id":"sx4qfneyk98b11z"},"id":"i3hhu1g8ullcu6f","previousOperationId":"uad5ikm5g8yp8tj"}
{"type":"log","timestamp":1674752514361,"level":"warn","message":"Page request failed: GET (script) 302 https://unpkg.com/chartist-plugin-tooltips@0.0.17 (redirect to: /chartist-plugin-tooltips@0.0.17/dist/chartist-plugin-tooltip.js)","meta":{"rootId":"sx4qfneyk98b11z","id":"sx4qfneyk98b11z"},"id":"z62sthnuipyk026","previousOperationId":"uad5ikm5g8yp8tj"}
{"type":"log","timestamp":1674752514361,"level":"warn","message":"Page request failed: GET (script) 302 https://unpkg.com/chartist-plugin-pointlabels@0.0.6 (redirect to: /chartist-plugin-pointlabels@0.0.6/dist/chartist-plugin-pointlabels.js)","meta":{"rootId":"sx4qfneyk98b11z","id":"sx4qfneyk98b11z"},"id":"jspmr3uoswengks","previousOperationId":"uad5ikm5g8yp8tj"}
{"type":"log","timestamp":1674752514361,"level":"debug","message":"Page request: GET (script) https://unpkg.com/chartist-plugin-tooltips@0.0.17/dist/chartist-plugin-tooltip.js (redirect from: https://unpkg.com/chartist-plugin-tooltips@0.0.17)","meta":{"rootId":"sx4qfneyk98b11z","id":"sx4qfneyk98b11z"},"id":"w336xekfc62pr17","previousOperationId":"uad5ikm5g8yp8tj"}
{"type":"log","timestamp":1674752514362,"level":"debug","message":"Page request: GET (script) https://unpkg.com/chartist-plugin-pointlabels@0.0.6/dist/chartist-plugin-pointlabels.js (redirect from: https://unpkg.com/chartist-plugin-pointlabels@0.0.6)","meta":{"rootId":"sx4qfneyk98b11z","id":"sx4qfneyk98b11z"},"id":"lvx8w3fsccdj25s","previousOperationId":"uad5ikm5g8yp8tj"}
{"type":"log","timestamp":1674752514378,"level":"debug","message":"Page request finished: GET (stylesheet) 200 https://cdnjs.cloudflare.com/ajax/libs/metro/4.1.5/css/metro.min.css","meta":{"rootId":"sx4qfneyk98b11z","id":"sx4qfneyk98b11z"},"id":"i3o9xc6brm66ly2","previousOperationId":"uad5ikm5g8yp8tj"}
{"type":"log","timestamp":1674752514378,"level":"debug","message":"Page request finished: GET (script) 200 https://cdnjs.cloudflare.com/ajax/libs/chartist/0.11.0/chartist.min.js","meta":{"rootId":"sx4qfneyk98b11z","id":"sx4qfneyk98b11z"},"id":"db525k5sd4dcbau","previousOperationId":"uad5ikm5g8yp8tj"}
{"type":"log","timestamp":1674752514380,"level":"debug","message":"Page request finished: GET (script) 200 https://unpkg.com/chartist-plugin-tooltips@0.0.17/dist/chartist-plugin-tooltip.js","meta":{"rootId":"sx4qfneyk98b11z","id":"sx4qfneyk98b11z"},"id":"tnf3lq4fpmbuvt3","previousOperationId":"uad5ikm5g8yp8tj"}
{"type":"log","timestamp":1674752514381,"level":"debug","message":"Page request finished: GET (script) 200 https://unpkg.com/chartist-plugin-pointlabels@0.0.6/dist/chartist-plugin-pointlabels.js","meta":{"rootId":"sx4qfneyk98b11z","id":"sx4qfneyk98b11z"},"id":"brifuhoqsrihmzi","previousOperationId":"uad5ikm5g8yp8tj"}
{"type":"log","timestamp":1674752514383,"level":"warn","message":"Page error: SyntaxError: Unexpected identifier","meta":{"rootId":"sx4qfneyk98b11z","id":"sx4qfneyk98b11z"},"id":"4exowdrls5gf3ji","previousOperationId":"uad5ikm5g8yp8tj"}
{"type":"log","timestamp":1674752514431,"level":"debug","message":"Running chrome with params {\"printBackground\":true,\"timeout\":59221,\"margin\":{}}","meta":{"rootId":"sx4qfneyk98b11z","id":"sx4qfneyk98b11z"},"id":"r69cnf91iq1r0lt","previousOperationId":"uad5ikm5g8yp8tj"}
{"type":"operationEnd","operationId":"uad5ikm5g8yp8tj","timestamp":1674752514563,"id":"cxrjxv5l8btjy3u","previousEventId":"apidftkz2i285uk","previousOperationId":"uad5ikm5g8yp8tj"}
{"type":"log","timestamp":1674752514563,"level":"debug","message":"Executing script testing (afterRender)","meta":{"rootId":"sx4qfneyk98b11z","id":"sx4qfneyk98b11z"},"id":"bh51zpncza858f7","previousOperationId":"uad5ikm5g8yp8tj"}
{"type":"operationStart","subtype":"scriptsAfterRender","name":"scripts afterRender","timestamp":1674752514573,"id":"b09ten0ocy1rygq","previousEventId":"cxrjxv5l8btjy3u","operationId":"bhrpsb1rc7s28mq","previousOperationId":"uad5ikm5g8yp8tj"}
{"type":"operationStart","subtype":"script","name":"scripts testing","previousOperationId":"bhrpsb1rc7s28mq","timestamp":1674752514573,"id":"ygxx1anlfrpm940","previousEventId":"b09ten0ocy1rygq","operationId":"wq8oc8hh8zi3jlw"}
{"type":"operationEnd","operationId":"wq8oc8hh8zi3jlw","timestamp":1674752515751,"id":"dsclck57qz99cgy","previousEventId":"cxrjxv5l8btjy3u","previousOperationId":"uad5ikm5g8yp8tj"}
{"type":"operationEnd","operationId":"bhrpsb1rc7s28mq","timestamp":1674752515751,"id":"144zzohh29boph5","previousEventId":"dsclck57qz99cgy","previousOperationId":"uad5ikm5g8yp8tj"}
{"type":"log","timestamp":1674752515751,"level":"debug","message":"Skipping storing report.","meta":{"rootId":"sx4qfneyk98b11z","id":"sx4qfneyk98b11z"},"id":"z1qsqjyi731usln","previousOperationId":"bhrpsb1rc7s28mq"}
{"type":"log","timestamp":1674752515751,"level":"info","message":"Rendering request 5 finished in 2338 ms","meta":{"rootId":"sx4qfneyk98b11z","id":"sx4qfneyk98b11z"},"id":"pv489v0q0m9cs5q","previousOperationId":"bhrpsb1rc7s28mq"}
{"type":"operationEnd","subtype":"render","operationId":"id1airo88i89zll","timestamp":1674752515751,"id":"ro77m4lz89cl2vn","previousEventId":"144zzohh29boph5","previousOperationId":"bhrpsb1rc7s28mq"}
{"type":"operationEnd","doDiffs":false,"previousEventId":"drhxap106e2ev0o","previousOperationId":"72yd4061v5x3akl","operationId":"72yd4061v5x3akl","timestamp":1674752515756,"id":"pnx0b5mgx45i88a"}
