{"type":"operationStart","subtype":"profile","data":{"_id":"VYIGVJWkRtAX4jb0","timestamp":"2023-01-26T15:45:05.946Z","state":"queued","mode":"standard","creationDate":"2023-01-26T15:45:05.948Z","modificationDate":"2023-01-26T15:45:05.948Z","shortid":"zs6cNQX","$entitySet":"profiles"},"doDiffs":false,"timestamp":1674747905947,"id":"m4wt9jy90r1rurt","previousOperationId":null,"operationId":"z0kuuju9xaliuto"}
{"type":"log","level":"info","message":"Render request 40 queued for execution and waiting for available worker","previousOperationId":"z0kuuju9xaliuto","timestamp":1674747905947,"id":"c7koxxyqunaybdf"}
{"type":"operationStart","subtype":"render","name":"Data","previousOperationId":"z0kuuju9xaliuto","timestamp":1674747905956,"id":"7z7nioz19sovwxm","previousEventId":"m4wt9jy90r1rurt","operationId":"4b0ov4psvocq7y8"}
{"type":"log","timestamp":1674747905956,"level":"info","message":"Starting rendering request 40","meta":{"rootId":"t2hq6fqqv0tifev","id":"t2hq6fqqv0tifev"},"id":"g4r1eqvhj1disdq","previousOperationId":"4b0ov4psvocq7y8"}
{"type":"log","timestamp":1674747905957,"level":"info","message":"Rendering template { name: Data, recipe: chrome-pdf, engine: handlebars, preview: true }","meta":{"rootId":"t2hq6fqqv0tifev","id":"t2hq6fqqv0tifev"},"id":"5yw37ibanielg9n","previousOperationId":"4b0ov4psvocq7y8"}
{"type":"log","timestamp":1674747905957,"level":"debug","message":"Data item not defined for this template.","meta":{"rootId":"t2hq6fqqv0tifev","id":"t2hq6fqqv0tifev"},"id":"gaohglmzpb14445","previousOperationId":"4b0ov4psvocq7y8"}
{"type":"log","timestamp":1674747905959,"level":"debug","message":"Executing script testing (beforeRender)","meta":{"rootId":"t2hq6fqqv0tifev","id":"t2hq6fqqv0tifev"},"id":"tbuadov6lk2yp9b","previousOperationId":"4b0ov4psvocq7y8"}
{"type":"operationStart","subtype":"scriptsBeforeRender","name":"scripts beforeRender","timestamp":1674747906023,"id":"t6zwn3mzhvrsdyi","previousEventId":"7z7nioz19sovwxm","operationId":"13gqqenacudosyv","previousOperationId":"4b0ov4psvocq7y8"}
{"type":"operationStart","subtype":"script","name":"scripts testing","previousOperationId":"13gqqenacudosyv","timestamp":1674747906023,"id":"11bu8suv1htkzmm","previousEventId":"t6zwn3mzhvrsdyi","operationId":"py5odaeyy2fholp"}
{"type":"log","timestamp":1674747906267,"level":"debug","message":"(console:log) { location_id: [ '58', '2', '59' ], repetition: [ '2', '3', '1' ] }","meta":{"userLevel":true,"rootId":"t2hq6fqqv0tifev","id":"t2hq6fqqv0tifev"},"id":"yc3wdw9tudwa6yt","previousOperationId":"py5odaeyy2fholp"}
{"type":"operationEnd","operationId":"py5odaeyy2fholp","timestamp":1674747906672,"id":"ozgbhr4dpceob4m","previousEventId":"7z7nioz19sovwxm","previousOperationId":"4b0ov4psvocq7y8"}
{"type":"operationEnd","operationId":"13gqqenacudosyv","timestamp":1674747906672,"id":"5fu6v3415m20bcj","previousEventId":"ozgbhr4dpceob4m","previousOperationId":"4b0ov4psvocq7y8"}
{"type":"log","timestamp":1674747906672,"level":"debug","message":"Base url not specified, skipping its injection.","meta":{"rootId":"t2hq6fqqv0tifev","id":"t2hq6fqqv0tifev"},"id":"v8k78n75jdj5k5u","previousOperationId":"13gqqenacudosyv"}
{"type":"operationStart","subtype":"engine","name":"handlebars","timestamp":1674747906673,"id":"xymdww5yknzx5jc","previousEventId":"5fu6v3415m20bcj","operationId":"hams8moebt2gqpa","previousOperationId":"13gqqenacudosyv"}
{"type":"log","timestamp":1674747906673,"level":"debug","message":"Rendering engine handlebars","meta":{"rootId":"t2hq6fqqv0tifev","id":"t2hq6fqqv0tifev"},"id":"t7k2u7glz607l7c","previousOperationId":"hams8moebt2gqpa"}
{"type":"operationEnd","operationId":"hams8moebt2gqpa","timestamp":1674747906686,"id":"ko2pp92gio0c9i9","previousEventId":"xymdww5yknzx5jc","previousOperationId":"hams8moebt2gqpa"}
{"type":"operationStart","subtype":"recipe","name":"chrome-pdf","timestamp":1674747906687,"id":"i7g6nis75rdcrl9","previousEventId":"ko2pp92gio0c9i9","operationId":"oq8lovj0bxvzva4","previousOperationId":"hams8moebt2gqpa"}
{"type":"log","timestamp":1674747906687,"level":"debug","message":"Executing recipe chrome-pdf","meta":{"rootId":"t2hq6fqqv0tifev","id":"t2hq6fqqv0tifev"},"id":"tphsvjtbenrrkl7","previousOperationId":"oq8lovj0bxvzva4"}
{"type":"log","timestamp":1674747906690,"level":"debug","message":"Converting with chrome HeadlessChrome/105.0.5173.0 using chrome-pool strategy","meta":{"rootId":"t2hq6fqqv0tifev","id":"t2hq6fqqv0tifev"},"id":"f672x4t1rg843hj","previousOperationId":"oq8lovj0bxvzva4"}
{"type":"log","timestamp":1674747906774,"level":"debug","message":"Page request: GET (document) file:///C:/Users/Johan/AppData/Local/Temp/jsreport/autocleanup/b463f63c-6b36-4b00-860c-52f57d98d8c6-chrome-pdf.html","meta":{"rootId":"t2hq6fqqv0tifev","id":"t2hq6fqqv0tifev"},"id":"8dxf51u3380wiy7","previousOperationId":"oq8lovj0bxvzva4"}
{"type":"log","timestamp":1674747906802,"level":"debug","message":"Page request finished: GET (document) 200 file:///C:/Users/Johan/AppData/Local/Temp/jsreport/autocleanup/b463f63c-6b36-4b00-860c-52f57d98d8c6-chrome-pdf.html","meta":{"rootId":"t2hq6fqqv0tifev","id":"t2hq6fqqv0tifev"},"id":"5a9pkx3aq10uskp","previousOperationId":"oq8lovj0bxvzva4"}
{"type":"log","timestamp":1674747906802,"level":"debug","message":"Page request: GET (stylesheet) https://cdnjs.cloudflare.com/ajax/libs/metro/4.1.5/css/metro.min.css","meta":{"rootId":"t2hq6fqqv0tifev","id":"t2hq6fqqv0tifev"},"id":"fir2p3vs4td2pts","previousOperationId":"oq8lovj0bxvzva4"}
{"type":"log","timestamp":1674747906803,"level":"debug","message":"Page request: GET (script) https://cdnjs.cloudflare.com/ajax/libs/Chart.js/2.7.2/Chart.min.js","meta":{"rootId":"t2hq6fqqv0tifev","id":"t2hq6fqqv0tifev"},"id":"ubit9gw96d0t4pa","previousOperationId":"oq8lovj0bxvzva4"}
{"type":"log","timestamp":1674747906803,"level":"debug","message":"Page request: GET (stylesheet) https://cdnjs.cloudflare.com/ajax/libs/chartist/0.11.0/chartist.min.css","meta":{"rootId":"t2hq6fqqv0tifev","id":"t2hq6fqqv0tifev"},"id":"6clm1c3qfs6pvwy","previousOperationId":"oq8lovj0bxvzva4"}
{"type":"log","timestamp":1674747906803,"level":"debug","message":"Page request: GET (script) https://cdn.jsdelivr.net/npm/chart.js@2.9.3/dist/Chart.min.js","meta":{"rootId":"t2hq6fqqv0tifev","id":"t2hq6fqqv0tifev"},"id":"kklvpw8at28a19v","previousOperationId":"oq8lovj0bxvzva4"}
{"type":"log","timestamp":1674747906809,"level":"debug","message":"Page request finished: GET (stylesheet) 200 https://cdnjs.cloudflare.com/ajax/libs/chartist/0.11.0/chartist.min.css","meta":{"rootId":"t2hq6fqqv0tifev","id":"t2hq6fqqv0tifev"},"id":"88rmyzh4ciejkzv","previousOperationId":"oq8lovj0bxvzva4"}
{"type":"log","timestamp":1674747906810,"level":"debug","message":"Page request finished: GET (script) 200 https://cdnjs.cloudflare.com/ajax/libs/Chart.js/2.7.2/Chart.min.js","meta":{"rootId":"t2hq6fqqv0tifev","id":"t2hq6fqqv0tifev"},"id":"66bd7o6a963l7u2","previousOperationId":"oq8lovj0bxvzva4"}
{"type":"log","timestamp":1674747906810,"level":"debug","message":"Page request finished: GET (script) 200 https://cdn.jsdelivr.net/npm/chart.js@2.9.3/dist/Chart.min.js","meta":{"rootId":"t2hq6fqqv0tifev","id":"t2hq6fqqv0tifev"},"id":"rpxsoer46mlx0jo","previousOperationId":"oq8lovj0bxvzva4"}
{"type":"log","timestamp":1674747906827,"level":"debug","message":"Page request finished: GET (stylesheet) 200 https://cdnjs.cloudflare.com/ajax/libs/metro/4.1.5/css/metro.min.css","meta":{"rootId":"t2hq6fqqv0tifev","id":"t2hq6fqqv0tifev"},"id":"53qd33cxdennwle","previousOperationId":"oq8lovj0bxvzva4"}
{"type":"log","timestamp":1674747906837,"level":"debug","message":"(console:log) Me he venido","meta":{"userLevel":true,"rootId":"t2hq6fqqv0tifev","id":"t2hq6fqqv0tifev"},"id":"fd05d3n4xuc9bj9","previousOperationId":"oq8lovj0bxvzva4"}
{"type":"log","timestamp":1674747906837,"level":"debug","message":"(console:log) JSHandle@array","meta":{"userLevel":true,"rootId":"t2hq6fqqv0tifev","id":"t2hq6fqqv0tifev"},"id":"fb3astass6efpwv","previousOperationId":"oq8lovj0bxvzva4"}
{"type":"log","timestamp":1674747906909,"level":"debug","message":"Running chrome with params {\"printBackground\":true,\"timeout\":59257,\"margin\":{}}","meta":{"rootId":"t2hq6fqqv0tifev","id":"t2hq6fqqv0tifev"},"id":"70hy15h8sl4bige","previousOperationId":"oq8lovj0bxvzva4"}
{"type":"operationEnd","operationId":"oq8lovj0bxvzva4","timestamp":1674747907028,"id":"8b5xrfwt7fxsneu","previousEventId":"i7g6nis75rdcrl9","previousOperationId":"oq8lovj0bxvzva4"}
{"type":"log","timestamp":1674747907029,"level":"debug","message":"Executing script testing (afterRender)","meta":{"rootId":"t2hq6fqqv0tifev","id":"t2hq6fqqv0tifev"},"id":"04z3aauj9vodk99","previousOperationId":"oq8lovj0bxvzva4"}
{"type":"operationStart","subtype":"scriptsAfterRender","name":"scripts afterRender","timestamp":1674747907038,"id":"ve9oak2vd5fvj6z","previousEventId":"8b5xrfwt7fxsneu","operationId":"5mzrlwcqlqmmecl","previousOperationId":"oq8lovj0bxvzva4"}
{"type":"operationStart","subtype":"script","name":"scripts testing","previousOperationId":"5mzrlwcqlqmmecl","timestamp":1674747907038,"id":"87pkfrmz6ov7rag","previousEventId":"ve9oak2vd5fvj6z","operationId":"roq0savd2ljxblp"}
{"type":"operationEnd","operationId":"roq0savd2ljxblp","timestamp":1674747908097,"id":"1v8frroxqba5atr","previousEventId":"8b5xrfwt7fxsneu","previousOperationId":"oq8lovj0bxvzva4"}
{"type":"operationEnd","operationId":"5mzrlwcqlqmmecl","timestamp":1674747908097,"id":"xww3f2yo3y6ep2y","previousEventId":"1v8frroxqba5atr","previousOperationId":"oq8lovj0bxvzva4"}
{"type":"log","timestamp":1674747908097,"level":"debug","message":"Skipping storing report.","meta":{"rootId":"t2hq6fqqv0tifev","id":"t2hq6fqqv0tifev"},"id":"nj7thvqbaa5rotv","previousOperationId":"5mzrlwcqlqmmecl"}
{"type":"log","timestamp":1674747908097,"level":"info","message":"Rendering request 40 finished in 2151 ms","meta":{"rootId":"t2hq6fqqv0tifev","id":"t2hq6fqqv0tifev"},"id":"x8xvj16xn1od2g4","previousOperationId":"5mzrlwcqlqmmecl"}
{"type":"operationEnd","subtype":"render","operationId":"4b0ov4psvocq7y8","timestamp":1674747908098,"id":"vwyo3xqofqhurvk","previousEventId":"xww3f2yo3y6ep2y","previousOperationId":"5mzrlwcqlqmmecl"}
{"type":"operationEnd","doDiffs":false,"previousEventId":"m4wt9jy90r1rurt","previousOperationId":"z0kuuju9xaliuto","operationId":"z0kuuju9xaliuto","timestamp":1674747908101,"id":"sprabz82r9rw09h"}
