{"type":"operationStart","subtype":"profile","data":{"_id":"PFDidhvDaSpJXaju","timestamp":"2023-01-26T15:24:41.910Z","state":"queued","mode":"standard","creationDate":"2023-01-26T15:24:41.914Z","modificationDate":"2023-01-26T15:24:41.914Z","shortid":"dhKWNta","$entitySet":"profiles"},"doDiffs":false,"timestamp":1674746681912,"id":"ylgcue1800k7twt","previousOperationId":null,"operationId":"l5sy839ijn3g6pl"}
{"type":"log","level":"info","message":"Render request 9 queued for execution and waiting for available worker","previousOperationId":"l5sy839ijn3g6pl","timestamp":1674746681912,"id":"yw9shkmeaalnkeo"}
{"type":"operationStart","subtype":"render","name":"Data","previousOperationId":"l5sy839ijn3g6pl","timestamp":1674746681921,"id":"ml5gqg4zmpbn1k3","previousEventId":"ylgcue1800k7twt","operationId":"9zlhd6hl62rofki"}
{"type":"log","timestamp":1674746681921,"level":"info","message":"Starting rendering request 9","meta":{"rootId":"t3cdci6tcjo7um7","id":"t3cdci6tcjo7um7"},"id":"qegy7ziruompkry","previousOperationId":"9zlhd6hl62rofki"}
{"type":"log","timestamp":1674746681921,"level":"info","message":"Rendering template { name: Data, recipe: chrome-pdf, engine: handlebars, preview: true }","meta":{"rootId":"t3cdci6tcjo7um7","id":"t3cdci6tcjo7um7"},"id":"udzhrfal2lzmu1u","previousOperationId":"9zlhd6hl62rofki"}
{"type":"log","timestamp":1674746681922,"level":"debug","message":"Data item not defined for this template.","meta":{"rootId":"t3cdci6tcjo7um7","id":"t3cdci6tcjo7um7"},"id":"o8ip7wz02pu38s7","previousOperationId":"9zlhd6hl62rofki"}
{"type":"log","timestamp":1674746681923,"level":"debug","message":"Executing script testing (beforeRender)","meta":{"rootId":"t3cdci6tcjo7um7","id":"t3cdci6tcjo7um7"},"id":"o18gmj3td8lz4id","previousOperationId":"9zlhd6hl62rofki"}
{"type":"operationStart","subtype":"scriptsBeforeRender","name":"scripts beforeRender","timestamp":1674746681962,"id":"5bh15w9967ro7ry","previousEventId":"ml5gqg4zmpbn1k3","operationId":"gksffch9t42csv5","previousOperationId":"9zlhd6hl62rofki"}
{"type":"operationStart","subtype":"script","name":"scripts testing","previousOperationId":"gksffch9t42csv5","timestamp":1674746681962,"id":"tq70edxfiwmk52q","previousEventId":"5bh15w9967ro7ry","operationId":"qky0527rfzkbc9a"}
{"type":"log","timestamp":1674746682315,"level":"debug","message":"(console:log) [ '58', '2', '59' ]","meta":{"userLevel":true,"rootId":"t3cdci6tcjo7um7","id":"t3cdci6tcjo7um7"},"id":"fuhmdcynkme2dnh","previousOperationId":"qky0527rfzkbc9a"}
{"type":"log","timestamp":1674746682315,"level":"debug","message":"(console:log) [ '2', '3', '1' ]","meta":{"userLevel":true,"rootId":"t3cdci6tcjo7um7","id":"t3cdci6tcjo7um7"},"id":"s6494a3h3wn8vbz","previousOperationId":"qky0527rfzkbc9a"}
{"type":"operationEnd","operationId":"qky0527rfzkbc9a","timestamp":1674746682714,"id":"w4ax0a5kds5r1t6","previousEventId":"ml5gqg4zmpbn1k3","previousOperationId":"9zlhd6hl62rofki"}
{"type":"operationEnd","operationId":"gksffch9t42csv5","timestamp":1674746682714,"id":"r9ka57ahe2xjein","previousEventId":"w4ax0a5kds5r1t6","previousOperationId":"9zlhd6hl62rofki"}
{"type":"log","timestamp":1674746682714,"level":"debug","message":"Base url not specified, skipping its injection.","meta":{"rootId":"t3cdci6tcjo7um7","id":"t3cdci6tcjo7um7"},"id":"iqw1gbj0g5f4kgw","previousOperationId":"gksffch9t42csv5"}
{"type":"operationStart","subtype":"engine","name":"handlebars","timestamp":1674746682714,"id":"5av24vithvd258y","previousEventId":"r9ka57ahe2xjein","operationId":"0hiy25h9nkk8eei","previousOperationId":"gksffch9t42csv5"}
{"type":"log","timestamp":1674746682714,"level":"debug","message":"Rendering engine handlebars","meta":{"rootId":"t3cdci6tcjo7um7","id":"t3cdci6tcjo7um7"},"id":"4yct3fvsqp6b55t","previousOperationId":"0hiy25h9nkk8eei"}
{"type":"operationEnd","operationId":"0hiy25h9nkk8eei","timestamp":1674746682735,"id":"dr869nf0nespr69","previousEventId":"5av24vithvd258y","previousOperationId":"0hiy25h9nkk8eei"}
{"type":"operationStart","subtype":"recipe","name":"chrome-pdf","timestamp":1674746682736,"id":"p1h7c2jgmysd3v9","previousEventId":"dr869nf0nespr69","operationId":"42ht3x0ov81esnq","previousOperationId":"0hiy25h9nkk8eei"}
{"type":"log","timestamp":1674746682736,"level":"debug","message":"Executing recipe chrome-pdf","meta":{"rootId":"t3cdci6tcjo7um7","id":"t3cdci6tcjo7um7"},"id":"agdz7y9ni4m63zx","previousOperationId":"42ht3x0ov81esnq"}
{"type":"log","timestamp":1674746682740,"level":"debug","message":"Converting with chrome HeadlessChrome/105.0.5173.0 using chrome-pool strategy","meta":{"rootId":"t3cdci6tcjo7um7","id":"t3cdci6tcjo7um7"},"id":"mye9uj60qzu8u21","previousOperationId":"42ht3x0ov81esnq"}
{"type":"log","timestamp":1674746682849,"level":"debug","message":"Page request: GET (document) file:///C:/Users/Johan/AppData/Local/Temp/jsreport/autocleanup/8aadbe1b-0259-4baf-ad06-7f1df6939010-chrome-pdf.html","meta":{"rootId":"t3cdci6tcjo7um7","id":"t3cdci6tcjo7um7"},"id":"5vyejqao1npm2fg","previousOperationId":"42ht3x0ov81esnq"}
{"type":"log","timestamp":1674746682872,"level":"debug","message":"Page request: GET (stylesheet) https://cdnjs.cloudflare.com/ajax/libs/metro/4.1.5/css/metro.min.css","meta":{"rootId":"t3cdci6tcjo7um7","id":"t3cdci6tcjo7um7"},"id":"ejuraujogwa66fc","previousOperationId":"42ht3x0ov81esnq"}
{"type":"log","timestamp":1674746682873,"level":"debug","message":"Page request: GET (script) https://cdnjs.cloudflare.com/ajax/libs/Chart.js/2.7.2/Chart.min.js","meta":{"rootId":"t3cdci6tcjo7um7","id":"t3cdci6tcjo7um7"},"id":"k3m3jtmglvw47ph","previousOperationId":"42ht3x0ov81esnq"}
{"type":"log","timestamp":1674746682874,"level":"debug","message":"Page request finished: GET (document) 200 file:///C:/Users/Johan/AppData/Local/Temp/jsreport/autocleanup/8aadbe1b-0259-4baf-ad06-7f1df6939010-chrome-pdf.html","meta":{"rootId":"t3cdci6tcjo7um7","id":"t3cdci6tcjo7um7"},"id":"u6kx9w4ik9h96ee","previousOperationId":"42ht3x0ov81esnq"}
{"type":"log","timestamp":1674746682874,"level":"debug","message":"Page request: GET (stylesheet) https://cdnjs.cloudflare.com/ajax/libs/chartist/0.11.0/chartist.min.css","meta":{"rootId":"t3cdci6tcjo7um7","id":"t3cdci6tcjo7um7"},"id":"da9sp0edngxufei","previousOperationId":"42ht3x0ov81esnq"}
{"type":"log","timestamp":1674746682874,"level":"debug","message":"Page request: GET (script) https://cdn.jsdelivr.net/npm/chart.js@2.9.3/dist/Chart.min.js","meta":{"rootId":"t3cdci6tcjo7um7","id":"t3cdci6tcjo7um7"},"id":"f03e1thoq0p2gmy","previousOperationId":"42ht3x0ov81esnq"}
{"type":"log","timestamp":1674746682882,"level":"debug","message":"Page request finished: GET (script) 200 https://cdnjs.cloudflare.com/ajax/libs/Chart.js/2.7.2/Chart.min.js","meta":{"rootId":"t3cdci6tcjo7um7","id":"t3cdci6tcjo7um7"},"id":"agl9z3cjl5bkm25","previousOperationId":"42ht3x0ov81esnq"}
{"type":"log","timestamp":1674746682883,"level":"debug","message":"Page request finished: GET (stylesheet) 200 https://cdnjs.cloudflare.com/ajax/libs/chartist/0.11.0/chartist.min.css","meta":{"rootId":"t3cdci6tcjo7um7","id":"t3cdci6tcjo7um7"},"id":"bfmg1vtyls32sni","previousOperationId":"42ht3x0ov81esnq"}
{"type":"log","timestamp":1674746682883,"level":"debug","message":"Page request finished: GET (script) 200 https://cdn.jsdelivr.net/npm/chart.js@2.9.3/dist/Chart.min.js","meta":{"rootId":"t3cdci6tcjo7um7","id":"t3cdci6tcjo7um7"},"id":"qjeehw0t4nbi85r","previousOperationId":"42ht3x0ov81esnq"}
{"type":"log","timestamp":1674746682900,"level":"debug","message":"Page request finished: GET (stylesheet) 200 https://cdnjs.cloudflare.com/ajax/libs/metro/4.1.5/css/metro.min.css","meta":{"rootId":"t3cdci6tcjo7um7","id":"t3cdci6tcjo7um7"},"id":"xq542onnq5uped4","previousOperationId":"42ht3x0ov81esnq"}
{"type":"log","timestamp":1674746682910,"level":"warn","message":"Page error: SyntaxError: Unexpected token ','","meta":{"rootId":"t3cdci6tcjo7um7","id":"t3cdci6tcjo7um7"},"id":"2bsxjj5z3wnc5a2","previousOperationId":"42ht3x0ov81esnq"}
{"type":"log","timestamp":1674746682948,"level":"debug","message":"Running chrome with params {\"printBackground\":true,\"timeout\":59171,\"margin\":{}}","meta":{"rootId":"t3cdci6tcjo7um7","id":"t3cdci6tcjo7um7"},"id":"2dsx8m1aqwk8ov4","previousOperationId":"42ht3x0ov81esnq"}
{"type":"operationEnd","operationId":"42ht3x0ov81esnq","timestamp":1674746683054,"id":"pfb1thvs1tip40x","previousEventId":"p1h7c2jgmysd3v9","previousOperationId":"42ht3x0ov81esnq"}
{"type":"log","timestamp":1674746683054,"level":"debug","message":"Executing script testing (afterRender)","meta":{"rootId":"t3cdci6tcjo7um7","id":"t3cdci6tcjo7um7"},"id":"h0dlz6ye39agnjn","previousOperationId":"42ht3x0ov81esnq"}
{"type":"operationStart","subtype":"scriptsAfterRender","name":"scripts afterRender","timestamp":1674746683062,"id":"nt7xu2f5l09abyc","previousEventId":"pfb1thvs1tip40x","operationId":"v9larltoommoxxa","previousOperationId":"42ht3x0ov81esnq"}
{"type":"operationStart","subtype":"script","name":"scripts testing","previousOperationId":"v9larltoommoxxa","timestamp":1674746683062,"id":"75k94uriybz7tmp","previousEventId":"nt7xu2f5l09abyc","operationId":"ewncwr2slq7ghcf"}
{"type":"operationEnd","operationId":"ewncwr2slq7ghcf","timestamp":1674746684121,"id":"ewhhkytfftzqje7","previousEventId":"pfb1thvs1tip40x","previousOperationId":"42ht3x0ov81esnq"}
{"type":"operationEnd","operationId":"v9larltoommoxxa","timestamp":1674746684121,"id":"foarl5e02le7qs5","previousEventId":"ewhhkytfftzqje7","previousOperationId":"42ht3x0ov81esnq"}
{"type":"log","timestamp":1674746684121,"level":"debug","message":"Skipping storing report.","meta":{"rootId":"t3cdci6tcjo7um7","id":"t3cdci6tcjo7um7"},"id":"s1dx6uhttuswvqr","previousOperationId":"v9larltoommoxxa"}
{"type":"log","timestamp":1674746684121,"level":"info","message":"Rendering request 9 finished in 2212 ms","meta":{"rootId":"t3cdci6tcjo7um7","id":"t3cdci6tcjo7um7"},"id":"1gv8co0eymrrkyq","previousOperationId":"v9larltoommoxxa"}
{"type":"operationEnd","subtype":"render","operationId":"9zlhd6hl62rofki","timestamp":1674746684121,"id":"3rdywy3g4whcq9x","previousEventId":"foarl5e02le7qs5","previousOperationId":"v9larltoommoxxa"}
{"type":"operationEnd","doDiffs":false,"previousEventId":"ylgcue1800k7twt","previousOperationId":"l5sy839ijn3g6pl","operationId":"l5sy839ijn3g6pl","timestamp":1674746684126,"id":"nrt3j873wsg149m"}
