{"type":"operationStart","subtype":"profile","data":{"_id":"EnxiyXO6MyFr8xuX","timestamp":"2023-01-26T16:31:19.040Z","state":"queued","mode":"standard","creationDate":"2023-01-26T16:31:19.042Z","modificationDate":"2023-01-26T16:31:19.042Z","shortid":"CwLJRt0","$entitySet":"profiles"},"doDiffs":false,"timestamp":1674750679041,"id":"xwiwm89kt4r1znk","previousOperationId":null,"operationId":"gcaz79yf02yu3ax"}
{"type":"log","level":"info","message":"Render request 3 queued for execution and waiting for available worker","previousOperationId":"gcaz79yf02yu3ax","timestamp":1674750679041,"id":"x1bsosg8uwt8o3d"}
{"type":"operationStart","subtype":"render","name":"Data","previousOperationId":"gcaz79yf02yu3ax","timestamp":1674750679050,"id":"wi39whccf80ox2v","previousEventId":"xwiwm89kt4r1znk","operationId":"oj0qo2if26x8oir"}
{"type":"log","timestamp":1674750679050,"level":"info","message":"Starting rendering request 3","meta":{"rootId":"t616srog2vfwd2s","id":"t616srog2vfwd2s"},"id":"98nkjiojvunr0lu","previousOperationId":"oj0qo2if26x8oir"}
{"type":"log","timestamp":1674750679050,"level":"info","message":"Rendering template { name: Data, recipe: chrome-pdf, engine: handlebars, preview: true }","meta":{"rootId":"t616srog2vfwd2s","id":"t616srog2vfwd2s"},"id":"n9kl5rvnqkyx05k","previousOperationId":"oj0qo2if26x8oir"}
{"type":"log","timestamp":1674750679050,"level":"debug","message":"Data item not defined for this template.","meta":{"rootId":"t616srog2vfwd2s","id":"t616srog2vfwd2s"},"id":"vt2nabvmpk8f2mj","previousOperationId":"oj0qo2if26x8oir"}
{"type":"log","timestamp":1674750679052,"level":"debug","message":"Executing script testing (beforeRender)","meta":{"rootId":"t616srog2vfwd2s","id":"t616srog2vfwd2s"},"id":"xdi5rimdnqwk9pn","previousOperationId":"oj0qo2if26x8oir"}
{"type":"operationStart","subtype":"scriptsBeforeRender","name":"scripts beforeRender","timestamp":1674750679092,"id":"qyp01m36jk1z8ht","previousEventId":"wi39whccf80ox2v","operationId":"csr76inp6a4t76r","previousOperationId":"oj0qo2if26x8oir"}
{"type":"operationStart","subtype":"script","name":"scripts testing","previousOperationId":"csr76inp6a4t76r","timestamp":1674750679092,"id":"943ggm5y705drpj","previousEventId":"qyp01m36jk1z8ht","operationId":"rchlbyhag98ydfo"}
{"type":"log","timestamp":1674750679312,"level":"debug","message":"(console:log) {\n  name: [ 'Las Palmas de Gran Canaria', 'Galdar', 'Teror' ],\n  repetition: [ '2', '1', '3' ]\n}","meta":{"userLevel":true,"rootId":"t616srog2vfwd2s","id":"t616srog2vfwd2s"},"id":"c7oqn2e94qkjxom","previousOperationId":"rchlbyhag98ydfo"}
{"type":"operationEnd","operationId":"rchlbyhag98ydfo","timestamp":1674750679689,"id":"zx3uiw8k86nssco","previousEventId":"wi39whccf80ox2v","previousOperationId":"oj0qo2if26x8oir"}
{"type":"operationEnd","operationId":"csr76inp6a4t76r","timestamp":1674750679689,"id":"mqfiq10g2qwojrr","previousEventId":"zx3uiw8k86nssco","previousOperationId":"oj0qo2if26x8oir"}
{"type":"log","timestamp":1674750679689,"level":"debug","message":"Base url not specified, skipping its injection.","meta":{"rootId":"t616srog2vfwd2s","id":"t616srog2vfwd2s"},"id":"zkrw02q40vpks4d","previousOperationId":"csr76inp6a4t76r"}
{"type":"operationStart","subtype":"engine","name":"handlebars","timestamp":1674750679689,"id":"r2zta0805u13b70","previousEventId":"mqfiq10g2qwojrr","operationId":"6z7eqn0us05gan2","previousOperationId":"csr76inp6a4t76r"}
{"type":"log","timestamp":1674750679689,"level":"debug","message":"Rendering engine handlebars","meta":{"rootId":"t616srog2vfwd2s","id":"t616srog2vfwd2s"},"id":"a77cyt4slk3dvz5","previousOperationId":"6z7eqn0us05gan2"}
{"type":"operationEnd","operationId":"6z7eqn0us05gan2","timestamp":1674750679699,"id":"s1brsonm3f0a2am","previousEventId":"r2zta0805u13b70","previousOperationId":"6z7eqn0us05gan2"}
{"type":"operationStart","subtype":"recipe","name":"chrome-pdf","timestamp":1674750679699,"id":"3ge200pccjz1t76","previousEventId":"s1brsonm3f0a2am","operationId":"ab5n954mzi3cuvf","previousOperationId":"6z7eqn0us05gan2"}
{"type":"log","timestamp":1674750679699,"level":"debug","message":"Executing recipe chrome-pdf","meta":{"rootId":"t616srog2vfwd2s","id":"t616srog2vfwd2s"},"id":"g7cysz9w2l6iojc","previousOperationId":"ab5n954mzi3cuvf"}
{"type":"log","timestamp":1674750679702,"level":"debug","message":"Converting with chrome HeadlessChrome/105.0.5173.0 using chrome-pool strategy","meta":{"rootId":"t616srog2vfwd2s","id":"t616srog2vfwd2s"},"id":"mld9ttccifsm722","previousOperationId":"ab5n954mzi3cuvf"}
{"type":"log","timestamp":1674750679783,"level":"debug","message":"Page request: GET (document) file:///C:/Users/Johan/AppData/Local/Temp/jsreport/autocleanup/324e7b19-3fea-4d47-8609-873f3ae89bb7-chrome-pdf.html","meta":{"rootId":"t616srog2vfwd2s","id":"t616srog2vfwd2s"},"id":"0r34e3lkq5fs0kr","previousOperationId":"ab5n954mzi3cuvf"}
{"type":"log","timestamp":1674750679807,"level":"debug","message":"Page request finished: GET (document) 200 file:///C:/Users/Johan/AppData/Local/Temp/jsreport/autocleanup/324e7b19-3fea-4d47-8609-873f3ae89bb7-chrome-pdf.html","meta":{"rootId":"t616srog2vfwd2s","id":"t616srog2vfwd2s"},"id":"6h2b40cbmrk88t7","previousOperationId":"ab5n954mzi3cuvf"}
{"type":"log","timestamp":1674750679807,"level":"debug","message":"Page request: GET (stylesheet) https://cdnjs.cloudflare.com/ajax/libs/metro/4.1.5/css/metro.min.css","meta":{"rootId":"t616srog2vfwd2s","id":"t616srog2vfwd2s"},"id":"xvwr0b51wu5fut6","previousOperationId":"ab5n954mzi3cuvf"}
{"type":"log","timestamp":1674750679807,"level":"debug","message":"Page request: GET (stylesheet) https://cdnjs.cloudflare.com/ajax/libs/chartist/0.11.0/chartist.min.css","meta":{"rootId":"t616srog2vfwd2s","id":"t616srog2vfwd2s"},"id":"643e3v53p5t2fnw","previousOperationId":"ab5n954mzi3cuvf"}
{"type":"log","timestamp":1674750679808,"level":"debug","message":"Page request: GET (script) https://cdnjs.cloudflare.com/ajax/libs/chartist/0.11.0/chartist.min.js","meta":{"rootId":"t616srog2vfwd2s","id":"t616srog2vfwd2s"},"id":"miznxgj4ai1bu7h","previousOperationId":"ab5n954mzi3cuvf"}
{"type":"log","timestamp":1674750679808,"level":"debug","message":"Page request: GET (script) https://unpkg.com/chartist-plugin-tooltips@0.0.17","meta":{"rootId":"t616srog2vfwd2s","id":"t616srog2vfwd2s"},"id":"4drxdr5mon42zbs","previousOperationId":"ab5n954mzi3cuvf"}
{"type":"log","timestamp":1674750679808,"level":"debug","message":"Page request: GET (script) https://unpkg.com/chartist-plugin-pointlabels@0.0.6","meta":{"rootId":"t616srog2vfwd2s","id":"t616srog2vfwd2s"},"id":"e0nc8v6r61odkzn","previousOperationId":"ab5n954mzi3cuvf"}
{"type":"log","timestamp":1674750679814,"level":"debug","message":"Page request finished: GET (stylesheet) 200 https://cdnjs.cloudflare.com/ajax/libs/chartist/0.11.0/chartist.min.css","meta":{"rootId":"t616srog2vfwd2s","id":"t616srog2vfwd2s"},"id":"rfr53o1xum6snc4","previousOperationId":"ab5n954mzi3cuvf"}
{"type":"log","timestamp":1674750679814,"level":"warn","message":"Page request failed: GET (script) 302 https://unpkg.com/chartist-plugin-tooltips@0.0.17 (redirect to: /chartist-plugin-tooltips@0.0.17/dist/chartist-plugin-tooltip.js)","meta":{"rootId":"t616srog2vfwd2s","id":"t616srog2vfwd2s"},"id":"qebuway0k6ckz7z","previousOperationId":"ab5n954mzi3cuvf"}
{"type":"log","timestamp":1674750679815,"level":"debug","message":"Page request: GET (script) https://unpkg.com/chartist-plugin-tooltips@0.0.17/dist/chartist-plugin-tooltip.js (redirect from: https://unpkg.com/chartist-plugin-tooltips@0.0.17)","meta":{"rootId":"t616srog2vfwd2s","id":"t616srog2vfwd2s"},"id":"vjelh6fwodc5jnt","previousOperationId":"ab5n954mzi3cuvf"}
{"type":"log","timestamp":1674750679817,"level":"debug","message":"Page request finished: GET (script) 200 https://cdnjs.cloudflare.com/ajax/libs/chartist/0.11.0/chartist.min.js","meta":{"rootId":"t616srog2vfwd2s","id":"t616srog2vfwd2s"},"id":"5eh73y1050y6jdd","previousOperationId":"ab5n954mzi3cuvf"}
{"type":"log","timestamp":1674750679817,"level":"warn","message":"Page request failed: GET (script) 302 https://unpkg.com/chartist-plugin-pointlabels@0.0.6 (redirect to: /chartist-plugin-pointlabels@0.0.6/dist/chartist-plugin-pointlabels.js)","meta":{"rootId":"t616srog2vfwd2s","id":"t616srog2vfwd2s"},"id":"17adku5ydwrbt4x","previousOperationId":"ab5n954mzi3cuvf"}
{"type":"log","timestamp":1674750679817,"level":"debug","message":"Page request: GET (script) https://unpkg.com/chartist-plugin-pointlabels@0.0.6/dist/chartist-plugin-pointlabels.js (redirect from: https://unpkg.com/chartist-plugin-pointlabels@0.0.6)","meta":{"rootId":"t616srog2vfwd2s","id":"t616srog2vfwd2s"},"id":"kmh7m0h53ez8mh2","previousOperationId":"ab5n954mzi3cuvf"}
{"type":"log","timestamp":1674750679832,"level":"debug","message":"Page request finished: GET (stylesheet) 200 https://cdnjs.cloudflare.com/ajax/libs/metro/4.1.5/css/metro.min.css","meta":{"rootId":"t616srog2vfwd2s","id":"t616srog2vfwd2s"},"id":"0hktgtjiemt8ajr","previousOperationId":"ab5n954mzi3cuvf"}
{"type":"log","timestamp":1674750679835,"level":"debug","message":"Page request finished: GET (script) 200 https://unpkg.com/chartist-plugin-tooltips@0.0.17/dist/chartist-plugin-tooltip.js","meta":{"rootId":"t616srog2vfwd2s","id":"t616srog2vfwd2s"},"id":"fxubkbq5lizb9jk","previousOperationId":"ab5n954mzi3cuvf"}
{"type":"log","timestamp":1674750679835,"level":"debug","message":"Page request finished: GET (script) 200 https://unpkg.com/chartist-plugin-pointlabels@0.0.6/dist/chartist-plugin-pointlabels.js","meta":{"rootId":"t616srog2vfwd2s","id":"t616srog2vfwd2s"},"id":"nd3uvr7ug9r2ttx","previousOperationId":"ab5n954mzi3cuvf"}
{"type":"log","timestamp":1674750679836,"level":"warn","message":"Page error: SyntaxError: Unexpected identifier","meta":{"rootId":"t616srog2vfwd2s","id":"t616srog2vfwd2s"},"id":"g7iuqbbi1e5v3l9","previousOperationId":"ab5n954mzi3cuvf"}
{"type":"log","timestamp":1674750679877,"level":"debug","message":"Running chrome with params {\"printBackground\":true,\"timeout\":59338,\"margin\":{}}","meta":{"rootId":"t616srog2vfwd2s","id":"t616srog2vfwd2s"},"id":"b90othftmgir7j1","previousOperationId":"ab5n954mzi3cuvf"}
{"type":"operationEnd","operationId":"ab5n954mzi3cuvf","timestamp":1674750679981,"id":"jzzoo6ty8ldaoaf","previousEventId":"3ge200pccjz1t76","previousOperationId":"ab5n954mzi3cuvf"}
{"type":"log","timestamp":1674750679981,"level":"debug","message":"Executing script testing (afterRender)","meta":{"rootId":"t616srog2vfwd2s","id":"t616srog2vfwd2s"},"id":"oxjkud36yda85gh","previousOperationId":"ab5n954mzi3cuvf"}
{"type":"operationStart","subtype":"scriptsAfterRender","name":"scripts afterRender","timestamp":1674750679991,"id":"k92gogwxf9ovdnj","previousEventId":"jzzoo6ty8ldaoaf","operationId":"seuyzhfo2c3v614","previousOperationId":"ab5n954mzi3cuvf"}
{"type":"operationStart","subtype":"script","name":"scripts testing","previousOperationId":"seuyzhfo2c3v614","timestamp":1674750679991,"id":"1ect1bldtyj9bel","previousEventId":"k92gogwxf9ovdnj","operationId":"bc8mvc5q6rjhz44"}
{"type":"operationEnd","operationId":"bc8mvc5q6rjhz44","timestamp":1674750680988,"id":"ed1wh4d5xrmgpo2","previousEventId":"jzzoo6ty8ldaoaf","previousOperationId":"ab5n954mzi3cuvf"}
{"type":"operationEnd","operationId":"seuyzhfo2c3v614","timestamp":1674750680988,"id":"remeamp0m7knpts","previousEventId":"ed1wh4d5xrmgpo2","previousOperationId":"ab5n954mzi3cuvf"}
{"type":"log","timestamp":1674750680988,"level":"debug","message":"Skipping storing report.","meta":{"rootId":"t616srog2vfwd2s","id":"t616srog2vfwd2s"},"id":"ilyfyi5pm519ia3","previousOperationId":"seuyzhfo2c3v614"}
{"type":"log","timestamp":1674750680988,"level":"info","message":"Rendering request 3 finished in 1949 ms","meta":{"rootId":"t616srog2vfwd2s","id":"t616srog2vfwd2s"},"id":"2tcr8yta72n8zxx","previousOperationId":"seuyzhfo2c3v614"}
{"type":"operationEnd","subtype":"render","operationId":"oj0qo2if26x8oir","timestamp":1674750680988,"id":"eaizmnrth1c6n42","previousEventId":"remeamp0m7knpts","previousOperationId":"seuyzhfo2c3v614"}
{"type":"operationEnd","doDiffs":false,"previousEventId":"xwiwm89kt4r1znk","previousOperationId":"gcaz79yf02yu3ax","operationId":"gcaz79yf02yu3ax","timestamp":1674750680992,"id":"l7qet1hf0vntlct"}
