{"type":"operationStart","subtype":"profile","data":{"_id":"fNiHxmsb1zqLcSmM","timestamp":"2023-01-26T15:37:30.845Z","state":"queued","mode":"standard","creationDate":"2023-01-26T15:37:30.847Z","modificationDate":"2023-01-26T15:37:30.847Z","shortid":"iPNYNqw","$entitySet":"profiles"},"doDiffs":false,"timestamp":1674747450847,"id":"u7hj2wufw4fxdpf","previousOperationId":null,"operationId":"1gz3jhyjqtbkey5"}
{"type":"log","level":"info","message":"Render request 31 queued for execution and waiting for available worker","previousOperationId":"1gz3jhyjqtbkey5","timestamp":1674747450847,"id":"8hdc9c7kzh6y0oy"}
{"type":"operationStart","subtype":"render","name":"Data","previousOperationId":"1gz3jhyjqtbkey5","timestamp":1674747450857,"id":"l1az0eu8qczscpr","previousEventId":"u7hj2wufw4fxdpf","operationId":"00rd52n69vyni5t"}
{"type":"log","timestamp":1674747450857,"level":"info","message":"Starting rendering request 31","meta":{"rootId":"tb1sf1q14f05i8h","id":"tb1sf1q14f05i8h"},"id":"sll799ykqzsxicn","previousOperationId":"00rd52n69vyni5t"}
{"type":"log","timestamp":1674747450858,"level":"info","message":"Rendering template { name: Data, recipe: chrome-pdf, engine: handlebars, preview: true }","meta":{"rootId":"tb1sf1q14f05i8h","id":"tb1sf1q14f05i8h"},"id":"0uzwuu7yhvcvu6g","previousOperationId":"00rd52n69vyni5t"}
{"type":"log","timestamp":1674747450859,"level":"debug","message":"Data item not defined for this template.","meta":{"rootId":"tb1sf1q14f05i8h","id":"tb1sf1q14f05i8h"},"id":"dk4um6he7l1r1qx","previousOperationId":"00rd52n69vyni5t"}
{"type":"log","timestamp":1674747450862,"level":"debug","message":"Executing script testing (beforeRender)","meta":{"rootId":"tb1sf1q14f05i8h","id":"tb1sf1q14f05i8h"},"id":"z5jury78tv0wu4y","previousOperationId":"00rd52n69vyni5t"}
{"type":"operationStart","subtype":"scriptsBeforeRender","name":"scripts beforeRender","timestamp":1674747450914,"id":"wqbvgsjul4harh7","previousEventId":"l1az0eu8qczscpr","operationId":"umhv6oqc5xdayz3","previousOperationId":"00rd52n69vyni5t"}
{"type":"operationStart","subtype":"script","name":"scripts testing","previousOperationId":"umhv6oqc5xdayz3","timestamp":1674747450914,"id":"hn3at2mhr7bvf3o","previousEventId":"wqbvgsjul4harh7","operationId":"sd4sgebmfoykusg"}
{"type":"log","timestamp":1674747451289,"level":"debug","message":"(console:log) {\n  events: {\n    id: 54,\n    title: 'Festival Cine Gáldar',\n    description: 'Este año tenemos el placer de anunciar el Festival de cine de Gáldar un año más donde podremos ver cine de todos los géneros y tipos...',\n    date: '2022-11-02',\n    starting_hour: '15:00',\n    finished_hour: '21:00',\n    url: 'https://ficgaldar.es',\n    created_at: '2022-12-16T20:21:57.613Z',\n    updated_at: '2022-12-16T20:33:25.999Z',\n    location_id: 59,\n    event_type_id: 42,\n    image: 'http://localhost:3000/rails/active_storage/blobs/redirect/eyJfcmFpbHMiOnsibWVzc2FnZSI6IkJBaHBidz09IiwiZXhwIjpudWxsLCJwdXIiOiJibG9iX2lkIn19--4d03c0a42072b5f7f6a32f42e165676d2dde3b17/af-FIC-cartel-MEDIOS-1320x1848.png'\n  },\n  location_id: [ '58', '2', '59' ],\n  repetition: [ '2', '3', '1' ]\n}","meta":{"userLevel":true,"rootId":"tb1sf1q14f05i8h","id":"tb1sf1q14f05i8h"},"id":"osmxb49gmuamsvp","previousOperationId":"sd4sgebmfoykusg"}
{"type":"operationEnd","operationId":"sd4sgebmfoykusg","timestamp":1674747451713,"id":"kgycup0h1vcuhu8","previousEventId":"l1az0eu8qczscpr","previousOperationId":"00rd52n69vyni5t"}
{"type":"operationEnd","operationId":"umhv6oqc5xdayz3","timestamp":1674747451713,"id":"znsci3heas4rp1o","previousEventId":"kgycup0h1vcuhu8","previousOperationId":"00rd52n69vyni5t"}
{"type":"log","timestamp":1674747451713,"level":"debug","message":"Base url not specified, skipping its injection.","meta":{"rootId":"tb1sf1q14f05i8h","id":"tb1sf1q14f05i8h"},"id":"yftmcjbg46dwmiz","previousOperationId":"umhv6oqc5xdayz3"}
{"type":"operationStart","subtype":"engine","name":"handlebars","timestamp":1674747451713,"id":"an17ikzk8k0k4nq","previousEventId":"znsci3heas4rp1o","operationId":"5czvwb4p6115qgq","previousOperationId":"umhv6oqc5xdayz3"}
{"type":"log","timestamp":1674747451713,"level":"debug","message":"Rendering engine handlebars","meta":{"rootId":"tb1sf1q14f05i8h","id":"tb1sf1q14f05i8h"},"id":"8xz3sg8evyope31","previousOperationId":"5czvwb4p6115qgq"}
{"type":"operationEnd","operationId":"5czvwb4p6115qgq","timestamp":1674747451727,"id":"09n7owu1v5qzz1i","previousEventId":"an17ikzk8k0k4nq","previousOperationId":"5czvwb4p6115qgq"}
{"type":"operationStart","subtype":"recipe","name":"chrome-pdf","timestamp":1674747451728,"id":"i8rz8rt95kpjpnv","previousEventId":"09n7owu1v5qzz1i","operationId":"4oi2ukhsv89ufxx","previousOperationId":"5czvwb4p6115qgq"}
{"type":"log","timestamp":1674747451728,"level":"debug","message":"Executing recipe chrome-pdf","meta":{"rootId":"tb1sf1q14f05i8h","id":"tb1sf1q14f05i8h"},"id":"f8j3m5rp5xweoxb","previousOperationId":"4oi2ukhsv89ufxx"}
{"type":"log","timestamp":1674747451731,"level":"debug","message":"Converting with chrome HeadlessChrome/105.0.5173.0 using chrome-pool strategy","meta":{"rootId":"tb1sf1q14f05i8h","id":"tb1sf1q14f05i8h"},"id":"ydim1shj6pvl2ki","previousOperationId":"4oi2ukhsv89ufxx"}
{"type":"log","timestamp":1674747451833,"level":"debug","message":"Page request: GET (document) file:///C:/Users/Johan/AppData/Local/Temp/jsreport/autocleanup/4fa05b34-1134-4837-af8e-1d54e05e5a7f-chrome-pdf.html","meta":{"rootId":"tb1sf1q14f05i8h","id":"tb1sf1q14f05i8h"},"id":"jckgvovzoayp44h","previousOperationId":"4oi2ukhsv89ufxx"}
{"type":"log","timestamp":1674747451867,"level":"debug","message":"Page request: GET (stylesheet) https://cdnjs.cloudflare.com/ajax/libs/metro/4.1.5/css/metro.min.css","meta":{"rootId":"tb1sf1q14f05i8h","id":"tb1sf1q14f05i8h"},"id":"apefld07mtiz1cn","previousOperationId":"4oi2ukhsv89ufxx"}
{"type":"log","timestamp":1674747451867,"level":"debug","message":"Page request: GET (script) https://cdnjs.cloudflare.com/ajax/libs/Chart.js/2.7.2/Chart.min.js","meta":{"rootId":"tb1sf1q14f05i8h","id":"tb1sf1q14f05i8h"},"id":"qnumh4gk3f6bp4q","previousOperationId":"4oi2ukhsv89ufxx"}
{"type":"log","timestamp":1674747451867,"level":"debug","message":"Page request: GET (stylesheet) https://cdnjs.cloudflare.com/ajax/libs/chartist/0.11.0/chartist.min.css","meta":{"rootId":"tb1sf1q14f05i8h","id":"tb1sf1q14f05i8h"},"id":"oxm2rq0nox8sjkf","previousOperationId":"4oi2ukhsv89ufxx"}
{"type":"log","timestamp":1674747451867,"level":"debug","message":"Page request: GET (script) https://cdn.jsdelivr.net/npm/chart.js@2.9.3/dist/Chart.min.js","meta":{"rootId":"tb1sf1q14f05i8h","id":"tb1sf1q14f05i8h"},"id":"jryg7tdkntr39hx","previousOperationId":"4oi2ukhsv89ufxx"}
{"type":"log","timestamp":1674747451868,"level":"debug","message":"Page request finished: GET (document) 200 file:///C:/Users/Johan/AppData/Local/Temp/jsreport/autocleanup/4fa05b34-1134-4837-af8e-1d54e05e5a7f-chrome-pdf.html","meta":{"rootId":"tb1sf1q14f05i8h","id":"tb1sf1q14f05i8h"},"id":"ecgeky21gdnbq79","previousOperationId":"4oi2ukhsv89ufxx"}
{"type":"log","timestamp":1674747451879,"level":"debug","message":"Page request finished: GET (stylesheet) 200 https://cdnjs.cloudflare.com/ajax/libs/chartist/0.11.0/chartist.min.css","meta":{"rootId":"tb1sf1q14f05i8h","id":"tb1sf1q14f05i8h"},"id":"n0jj8zy4utyiiqa","previousOperationId":"4oi2ukhsv89ufxx"}
{"type":"log","timestamp":1674747451879,"level":"debug","message":"Page request finished: GET (script) 200 https://cdnjs.cloudflare.com/ajax/libs/Chart.js/2.7.2/Chart.min.js","meta":{"rootId":"tb1sf1q14f05i8h","id":"tb1sf1q14f05i8h"},"id":"c368uu0b769uu7q","previousOperationId":"4oi2ukhsv89ufxx"}
{"type":"log","timestamp":1674747451879,"level":"debug","message":"Page request finished: GET (script) 200 https://cdn.jsdelivr.net/npm/chart.js@2.9.3/dist/Chart.min.js","meta":{"rootId":"tb1sf1q14f05i8h","id":"tb1sf1q14f05i8h"},"id":"sgttvjriczth3tq","previousOperationId":"4oi2ukhsv89ufxx"}
{"type":"log","timestamp":1674747451895,"level":"debug","message":"Page request finished: GET (stylesheet) 200 https://cdnjs.cloudflare.com/ajax/libs/metro/4.1.5/css/metro.min.css","meta":{"rootId":"tb1sf1q14f05i8h","id":"tb1sf1q14f05i8h"},"id":"ytedgil9anmfy9v","previousOperationId":"4oi2ukhsv89ufxx"}
{"type":"log","timestamp":1674747451906,"level":"warn","message":"Page error: SyntaxError: Unexpected token ';'","meta":{"rootId":"tb1sf1q14f05i8h","id":"tb1sf1q14f05i8h"},"id":"9322p3jgeyfix16","previousOperationId":"4oi2ukhsv89ufxx"}
{"type":"log","timestamp":1674747451958,"level":"debug","message":"Running chrome with params {\"printBackground\":true,\"timeout\":59116,\"margin\":{}}","meta":{"rootId":"tb1sf1q14f05i8h","id":"tb1sf1q14f05i8h"},"id":"8k80b28g0zvqcy9","previousOperationId":"4oi2ukhsv89ufxx"}
{"type":"operationEnd","operationId":"4oi2ukhsv89ufxx","timestamp":1674747452077,"id":"64v6u74n9e5u3ne","previousEventId":"i8rz8rt95kpjpnv","previousOperationId":"4oi2ukhsv89ufxx"}
{"type":"log","timestamp":1674747452077,"level":"debug","message":"Executing script testing (afterRender)","meta":{"rootId":"tb1sf1q14f05i8h","id":"tb1sf1q14f05i8h"},"id":"jz19c8746u9h460","previousOperationId":"4oi2ukhsv89ufxx"}
{"type":"operationStart","subtype":"scriptsAfterRender","name":"scripts afterRender","timestamp":1674747452089,"id":"122pjugu62b1qcy","previousEventId":"64v6u74n9e5u3ne","operationId":"2zjsshgamojfn4z","previousOperationId":"4oi2ukhsv89ufxx"}
{"type":"operationStart","subtype":"script","name":"scripts testing","previousOperationId":"2zjsshgamojfn4z","timestamp":1674747452089,"id":"5f49vz39na5wevn","previousEventId":"122pjugu62b1qcy","operationId":"n1lkljx59m7bk75"}
{"type":"operationEnd","operationId":"n1lkljx59m7bk75","timestamp":1674747453205,"id":"aqpkrzef56n4bo2","previousEventId":"64v6u74n9e5u3ne","previousOperationId":"4oi2ukhsv89ufxx"}
{"type":"operationEnd","operationId":"2zjsshgamojfn4z","timestamp":1674747453205,"id":"qdnawnq2qeb83i7","previousEventId":"aqpkrzef56n4bo2","previousOperationId":"4oi2ukhsv89ufxx"}
{"type":"log","timestamp":1674747453205,"level":"debug","message":"Skipping storing report.","meta":{"rootId":"tb1sf1q14f05i8h","id":"tb1sf1q14f05i8h"},"id":"muce8jkdqwl0utq","previousOperationId":"2zjsshgamojfn4z"}
{"type":"log","timestamp":1674747453205,"level":"info","message":"Rendering request 31 finished in 2360 ms","meta":{"rootId":"tb1sf1q14f05i8h","id":"tb1sf1q14f05i8h"},"id":"hd3zcnifk7n22mf","previousOperationId":"2zjsshgamojfn4z"}
{"type":"operationEnd","subtype":"render","operationId":"00rd52n69vyni5t","timestamp":1674747453205,"id":"ergvamz2doy0mmp","previousEventId":"qdnawnq2qeb83i7","previousOperationId":"2zjsshgamojfn4z"}
{"type":"operationEnd","doDiffs":false,"previousEventId":"u7hj2wufw4fxdpf","previousOperationId":"1gz3jhyjqtbkey5","operationId":"1gz3jhyjqtbkey5","timestamp":1674747453208,"id":"h0llolyyjpk8gh9"}
