{"type":"operationStart","subtype":"profile","data":{"_id":"LPPOjgviBULVa87u","timestamp":"2023-01-26T17:34:51.214Z","state":"queued","mode":"standard","creationDate":"2023-01-26T17:34:51.218Z","modificationDate":"2023-01-26T17:34:51.218Z","shortid":"kqaJxmf","$entitySet":"profiles"},"doDiffs":false,"timestamp":1674754491216,"id":"2oqk5846b8ggxpk","previousOperationId":null,"operationId":"equc76cklyn5vfl"}
{"type":"log","level":"info","message":"Render request 1 queued for execution and waiting for available worker","previousOperationId":"equc76cklyn5vfl","timestamp":1674754491216,"id":"mzd6kmh18cafn4b"}
{"type":"operationStart","subtype":"render","name":"Data","previousOperationId":"equc76cklyn5vfl","timestamp":1674754491249,"id":"cvurrldp9i5jxtg","previousEventId":"2oqk5846b8ggxpk","operationId":"sjn6gfe1j7a7yzn"}
{"type":"log","timestamp":1674754491250,"level":"info","message":"Starting rendering request 1","meta":{"rootId":"tfpo9gr1c6p0h1q","id":"tfpo9gr1c6p0h1q"},"id":"9kmy04wqwsr0d7t","previousOperationId":"sjn6gfe1j7a7yzn"}
{"type":"log","timestamp":1674754491251,"level":"info","message":"Rendering template { name: Data, recipe: chrome-pdf, engine: handlebars, preview: true }","meta":{"rootId":"tfpo9gr1c6p0h1q","id":"tfpo9gr1c6p0h1q"},"id":"68zs4hdynd7m4c1","previousOperationId":"sjn6gfe1j7a7yzn"}
{"type":"log","timestamp":1674754491254,"level":"debug","message":"Data item not defined for this template.","meta":{"rootId":"tfpo9gr1c6p0h1q","id":"tfpo9gr1c6p0h1q"},"id":"x7fxnh079vw7htf","previousOperationId":"sjn6gfe1j7a7yzn"}
{"type":"log","timestamp":1674754491258,"level":"debug","message":"Executing script testing (beforeRender)","meta":{"rootId":"tfpo9gr1c6p0h1q","id":"tfpo9gr1c6p0h1q"},"id":"wwi4ikz1pg976m9","previousOperationId":"sjn6gfe1j7a7yzn"}
{"type":"operationStart","subtype":"scriptsBeforeRender","name":"scripts beforeRender","timestamp":1674754491600,"id":"x82crpaq1cmvj83","previousEventId":"cvurrldp9i5jxtg","operationId":"9s8zdwwvsmvau3f","previousOperationId":"sjn6gfe1j7a7yzn"}
{"type":"operationStart","subtype":"script","name":"scripts testing","previousOperationId":"9s8zdwwvsmvau3f","timestamp":1674754491600,"id":"e69np3ufuwlz4bl","previousEventId":"x82crpaq1cmvj83","operationId":"vbykqc26et13dhw"}
{"type":"log","timestamp":1674754491838,"level":"debug","message":"(console:log) {\n  locationName: [ 'Las Palmas de Gran Canaria', 'Galdar', 'Teror' ],\n  repetition: [ '2', '1', '3' ]\n}","meta":{"userLevel":true,"rootId":"tfpo9gr1c6p0h1q","id":"tfpo9gr1c6p0h1q"},"id":"0noq3dzduc5b4w3","previousOperationId":"vbykqc26et13dhw"}
{"type":"log","timestamp":1674754491838,"level":"debug","message":"(console:log) [ 'Las Palmas de Gran Canaria', 'Galdar', 'Teror' ]","meta":{"userLevel":true,"rootId":"tfpo9gr1c6p0h1q","id":"tfpo9gr1c6p0h1q"},"id":"tzji6jsgt7ro4qe","previousOperationId":"vbykqc26et13dhw"}
{"type":"log","timestamp":1674754491838,"level":"debug","message":"(console:log) [ '2', '1', '3' ]","meta":{"userLevel":true,"rootId":"tfpo9gr1c6p0h1q","id":"tfpo9gr1c6p0h1q"},"id":"kxb506f54kwwy79","previousOperationId":"vbykqc26et13dhw"}
{"type":"operationEnd","operationId":"vbykqc26et13dhw","timestamp":1674754492256,"id":"0ujwdwl0g0s54hq","previousEventId":"cvurrldp9i5jxtg","previousOperationId":"sjn6gfe1j7a7yzn"}
{"type":"operationEnd","operationId":"9s8zdwwvsmvau3f","timestamp":1674754492256,"id":"e158fgwhbz55cj1","previousEventId":"0ujwdwl0g0s54hq","previousOperationId":"sjn6gfe1j7a7yzn"}
{"type":"log","timestamp":1674754492256,"level":"debug","message":"Base url not specified, skipping its injection.","meta":{"rootId":"tfpo9gr1c6p0h1q","id":"tfpo9gr1c6p0h1q"},"id":"jj43o1o43v6aumj","previousOperationId":"9s8zdwwvsmvau3f"}
{"type":"operationStart","subtype":"engine","name":"handlebars","timestamp":1674754492257,"id":"304xgel0coqh15v","previousEventId":"e158fgwhbz55cj1","operationId":"gvfvr23krbz3dcd","previousOperationId":"9s8zdwwvsmvau3f"}
{"type":"log","timestamp":1674754492257,"level":"debug","message":"Rendering engine handlebars","meta":{"rootId":"tfpo9gr1c6p0h1q","id":"tfpo9gr1c6p0h1q"},"id":"864edi0jndydd46","previousOperationId":"gvfvr23krbz3dcd"}
{"type":"operationEnd","operationId":"gvfvr23krbz3dcd","timestamp":1674754492575,"id":"wgg0p2jwsldr36l","previousEventId":"304xgel0coqh15v","previousOperationId":"gvfvr23krbz3dcd"}
{"type":"operationStart","subtype":"recipe","name":"chrome-pdf","timestamp":1674754492576,"id":"l8axudm2kn4dz9z","previousEventId":"wgg0p2jwsldr36l","operationId":"tqlpfl51gzu01xp","previousOperationId":"gvfvr23krbz3dcd"}
{"type":"log","timestamp":1674754492576,"level":"debug","message":"Executing recipe chrome-pdf","meta":{"rootId":"tfpo9gr1c6p0h1q","id":"tfpo9gr1c6p0h1q"},"id":"a3xi9jgnk1hikxw","previousOperationId":"tqlpfl51gzu01xp"}
{"type":"log","timestamp":1674754492858,"level":"debug","message":"Converting with chrome HeadlessChrome/105.0.5173.0 using chrome-pool strategy","meta":{"rootId":"tfpo9gr1c6p0h1q","id":"tfpo9gr1c6p0h1q"},"id":"qpf0hl2r0g7tfgq","previousOperationId":"tqlpfl51gzu01xp"}
{"type":"log","timestamp":1674754493002,"level":"debug","message":"Page request: GET (document) file:///C:/Users/Johan/AppData/Local/Temp/jsreport/autocleanup/de4c2e12-7420-4f83-b88d-a67046a9aaa5-chrome-pdf.html","meta":{"rootId":"tfpo9gr1c6p0h1q","id":"tfpo9gr1c6p0h1q"},"id":"2z58xd19humxjqj","previousOperationId":"tqlpfl51gzu01xp"}
{"type":"log","timestamp":1674754493028,"level":"debug","message":"Page request finished: GET (document) 200 file:///C:/Users/Johan/AppData/Local/Temp/jsreport/autocleanup/de4c2e12-7420-4f83-b88d-a67046a9aaa5-chrome-pdf.html","meta":{"rootId":"tfpo9gr1c6p0h1q","id":"tfpo9gr1c6p0h1q"},"id":"dxkh9uqn4c9gabv","previousOperationId":"tqlpfl51gzu01xp"}
{"type":"log","timestamp":1674754493028,"level":"debug","message":"Page request: GET (stylesheet) https://cdnjs.cloudflare.com/ajax/libs/metro/4.1.5/css/metro.min.css","meta":{"rootId":"tfpo9gr1c6p0h1q","id":"tfpo9gr1c6p0h1q"},"id":"172r8t92gqsjpg9","previousOperationId":"tqlpfl51gzu01xp"}
{"type":"log","timestamp":1674754493029,"level":"debug","message":"Page request: GET (stylesheet) https://cdnjs.cloudflare.com/ajax/libs/chartist/0.11.0/chartist.min.css","meta":{"rootId":"tfpo9gr1c6p0h1q","id":"tfpo9gr1c6p0h1q"},"id":"v2w2w9dckf8c0iu","previousOperationId":"tqlpfl51gzu01xp"}
{"type":"log","timestamp":1674754493029,"level":"debug","message":"Page request: GET (script) https://cdnjs.cloudflare.com/ajax/libs/chartist/0.11.0/chartist.min.js","meta":{"rootId":"tfpo9gr1c6p0h1q","id":"tfpo9gr1c6p0h1q"},"id":"rt5vtt3v0gmhe96","previousOperationId":"tqlpfl51gzu01xp"}
{"type":"log","timestamp":1674754493029,"level":"debug","message":"Page request: GET (script) https://unpkg.com/chartist-plugin-tooltips@0.0.17","meta":{"rootId":"tfpo9gr1c6p0h1q","id":"tfpo9gr1c6p0h1q"},"id":"ne6jgtjkvzmn1fo","previousOperationId":"tqlpfl51gzu01xp"}
{"type":"log","timestamp":1674754493029,"level":"debug","message":"Page request: GET (script) https://unpkg.com/chartist-plugin-pointlabels@0.0.6","meta":{"rootId":"tfpo9gr1c6p0h1q","id":"tfpo9gr1c6p0h1q"},"id":"nyppx1tlqoajozt","previousOperationId":"tqlpfl51gzu01xp"}
{"type":"log","timestamp":1674754495531,"level":"warn","message":"Page request failed: GET (script) 302 https://unpkg.com/chartist-plugin-tooltips@0.0.17 (redirect to: /chartist-plugin-tooltips@0.0.17/dist/chartist-plugin-tooltip.js)","meta":{"rootId":"tfpo9gr1c6p0h1q","id":"tfpo9gr1c6p0h1q"},"id":"gmbxz3douq3zw9g","previousOperationId":"tqlpfl51gzu01xp"}
{"type":"log","timestamp":1674754495532,"level":"debug","message":"Page request: GET (script) https://unpkg.com/chartist-plugin-tooltips@0.0.17/dist/chartist-plugin-tooltip.js (redirect from: https://unpkg.com/chartist-plugin-tooltips@0.0.17)","meta":{"rootId":"tfpo9gr1c6p0h1q","id":"tfpo9gr1c6p0h1q"},"id":"qhiog9tqlpq0vtj","previousOperationId":"tqlpfl51gzu01xp"}
{"type":"log","timestamp":1674754495534,"level":"warn","message":"Page request failed: GET (script) 302 https://unpkg.com/chartist-plugin-pointlabels@0.0.6 (redirect to: /chartist-plugin-pointlabels@0.0.6/dist/chartist-plugin-pointlabels.js)","meta":{"rootId":"tfpo9gr1c6p0h1q","id":"tfpo9gr1c6p0h1q"},"id":"y32uihqhd2lsrhf","previousOperationId":"tqlpfl51gzu01xp"}
{"type":"log","timestamp":1674754495534,"level":"debug","message":"Page request: GET (script) https://unpkg.com/chartist-plugin-pointlabels@0.0.6/dist/chartist-plugin-pointlabels.js (redirect from: https://unpkg.com/chartist-plugin-pointlabels@0.0.6)","meta":{"rootId":"tfpo9gr1c6p0h1q","id":"tfpo9gr1c6p0h1q"},"id":"kjq97ucuuo4kjh1","previousOperationId":"tqlpfl51gzu01xp"}
{"type":"log","timestamp":1674754495566,"level":"debug","message":"Page request finished: GET (stylesheet) 200 https://cdnjs.cloudflare.com/ajax/libs/metro/4.1.5/css/metro.min.css","meta":{"rootId":"tfpo9gr1c6p0h1q","id":"tfpo9gr1c6p0h1q"},"id":"u4p92ld1mapo9eg","previousOperationId":"tqlpfl51gzu01xp"}
{"type":"log","timestamp":1674754495568,"level":"debug","message":"Page request finished: GET (stylesheet) 200 https://cdnjs.cloudflare.com/ajax/libs/chartist/0.11.0/chartist.min.css","meta":{"rootId":"tfpo9gr1c6p0h1q","id":"tfpo9gr1c6p0h1q"},"id":"yied5ear36fpp1e","previousOperationId":"tqlpfl51gzu01xp"}
{"type":"log","timestamp":1674754495569,"level":"debug","message":"Page request finished: GET (script) 200 https://cdnjs.cloudflare.com/ajax/libs/chartist/0.11.0/chartist.min.js","meta":{"rootId":"tfpo9gr1c6p0h1q","id":"tfpo9gr1c6p0h1q"},"id":"grqdz2gshvn0ki4","previousOperationId":"tqlpfl51gzu01xp"}
{"type":"log","timestamp":1674754495588,"level":"debug","message":"Page request finished: GET (script) 200 https://unpkg.com/chartist-plugin-pointlabels@0.0.6/dist/chartist-plugin-pointlabels.js","meta":{"rootId":"tfpo9gr1c6p0h1q","id":"tfpo9gr1c6p0h1q"},"id":"lfhqaew2fw7dvdr","previousOperationId":"tqlpfl51gzu01xp"}
{"type":"log","timestamp":1674754495591,"level":"debug","message":"Page request finished: GET (script) 200 https://unpkg.com/chartist-plugin-tooltips@0.0.17/dist/chartist-plugin-tooltip.js","meta":{"rootId":"tfpo9gr1c6p0h1q","id":"tfpo9gr1c6p0h1q"},"id":"1491kn8xuofkovt","previousOperationId":"tqlpfl51gzu01xp"}
{"type":"log","timestamp":1674754495593,"level":"warn","message":"Page error: SyntaxError: Unexpected identifier","meta":{"rootId":"tfpo9gr1c6p0h1q","id":"tfpo9gr1c6p0h1q"},"id":"u2aenv34ah3spbu","previousOperationId":"tqlpfl51gzu01xp"}
{"type":"log","timestamp":1674754495636,"level":"debug","message":"Running chrome with params {\"printBackground\":true,\"timeout\":58507,\"margin\":{}}","meta":{"rootId":"tfpo9gr1c6p0h1q","id":"tfpo9gr1c6p0h1q"},"id":"mem8958wu3qdmau","previousOperationId":"tqlpfl51gzu01xp"}
{"type":"operationEnd","operationId":"tqlpfl51gzu01xp","timestamp":1674754495788,"id":"qpxk98juj2gbtvn","previousEventId":"l8axudm2kn4dz9z","previousOperationId":"tqlpfl51gzu01xp"}
{"type":"log","timestamp":1674754495789,"level":"debug","message":"Executing script testing (afterRender)","meta":{"rootId":"tfpo9gr1c6p0h1q","id":"tfpo9gr1c6p0h1q"},"id":"d6qourl0g8a2vgs","previousOperationId":"tqlpfl51gzu01xp"}
{"type":"operationStart","subtype":"scriptsAfterRender","name":"scripts afterRender","timestamp":1674754495800,"id":"fi6c9zh26tezn9b","previousEventId":"qpxk98juj2gbtvn","operationId":"9x4x7gtizeoyzbq","previousOperationId":"tqlpfl51gzu01xp"}
{"type":"operationStart","subtype":"script","name":"scripts testing","previousOperationId":"9x4x7gtizeoyzbq","timestamp":1674754495800,"id":"p5l5nxoy2wbormq","previousEventId":"fi6c9zh26tezn9b","operationId":"xj22sgmw7ulsghb"}
{"type":"operationEnd","operationId":"xj22sgmw7ulsghb","timestamp":1674754496833,"id":"dcdf6xycbijfske","previousEventId":"qpxk98juj2gbtvn","previousOperationId":"tqlpfl51gzu01xp"}
{"type":"operationEnd","operationId":"9x4x7gtizeoyzbq","timestamp":1674754496833,"id":"ge923wf6mfz2u7s","previousEventId":"dcdf6xycbijfske","previousOperationId":"tqlpfl51gzu01xp"}
{"type":"log","timestamp":1674754496833,"level":"debug","message":"Skipping storing report.","meta":{"rootId":"tfpo9gr1c6p0h1q","id":"tfpo9gr1c6p0h1q"},"id":"z43pk82lj5m8s8j","previousOperationId":"9x4x7gtizeoyzbq"}
{"type":"log","timestamp":1674754496834,"level":"info","message":"Rendering request 1 finished in 5620 ms","meta":{"rootId":"tfpo9gr1c6p0h1q","id":"tfpo9gr1c6p0h1q"},"id":"idn3o0bex1bhvvb","previousOperationId":"9x4x7gtizeoyzbq"}
{"type":"operationEnd","subtype":"render","operationId":"sjn6gfe1j7a7yzn","timestamp":1674754496834,"id":"8ymc6nofxy31dzf","previousEventId":"ge923wf6mfz2u7s","previousOperationId":"9x4x7gtizeoyzbq"}
{"type":"operationEnd","doDiffs":false,"previousEventId":"2oqk5846b8ggxpk","previousOperationId":"equc76cklyn5vfl","operationId":"equc76cklyn5vfl","timestamp":1674754496840,"id":"5166v3w1zcae56d"}
