{"type":"operationStart","subtype":"profile","data":{"_id":"uT0dOFn9jHUbGiee","timestamp":"2023-01-26T16:57:33.281Z","state":"queued","mode":"standard","creationDate":"2023-01-26T16:57:33.284Z","modificationDate":"2023-01-26T16:57:33.284Z","shortid":"_XThnGA","$entitySet":"profiles"},"doDiffs":false,"timestamp":1674752253283,"id":"axj3vjmzsjaa8u0","previousOperationId":null,"operationId":"41a8h2j09fd5zuz"}
{"type":"log","level":"info","message":"Render request 14 queued for execution and waiting for available worker","previousOperationId":"41a8h2j09fd5zuz","timestamp":1674752253283,"id":"hxzoaet6cdtv50h"}
{"type":"operationStart","subtype":"render","name":"Data","previousOperationId":"41a8h2j09fd5zuz","timestamp":1674752253294,"id":"0bdpwtxbysw3fv8","previousEventId":"axj3vjmzsjaa8u0","operationId":"dsfakdgrkv5jcjm"}
{"type":"log","timestamp":1674752253294,"level":"info","message":"Starting rendering request 14","meta":{"rootId":"tl6ug7bcos5895a","id":"tl6ug7bcos5895a"},"id":"822tvfs0g10q4a9","previousOperationId":"dsfakdgrkv5jcjm"}
{"type":"log","timestamp":1674752253294,"level":"info","message":"Rendering template { name: Data, recipe: chrome-pdf, engine: handlebars, preview: true }","meta":{"rootId":"tl6ug7bcos5895a","id":"tl6ug7bcos5895a"},"id":"cn1zz9su8x3uchi","previousOperationId":"dsfakdgrkv5jcjm"}
{"type":"log","timestamp":1674752253295,"level":"debug","message":"Data item not defined for this template.","meta":{"rootId":"tl6ug7bcos5895a","id":"tl6ug7bcos5895a"},"id":"yxzmfdng82jupc7","previousOperationId":"dsfakdgrkv5jcjm"}
{"type":"log","timestamp":1674752253298,"level":"debug","message":"Executing script testing (beforeRender)","meta":{"rootId":"tl6ug7bcos5895a","id":"tl6ug7bcos5895a"},"id":"osy8kkt9hi37n2h","previousOperationId":"dsfakdgrkv5jcjm"}
{"type":"operationStart","subtype":"scriptsBeforeRender","name":"scripts beforeRender","timestamp":1674752253368,"id":"z1sqn7d3uaqpi8o","previousEventId":"0bdpwtxbysw3fv8","operationId":"uytiaea4umxjirz","previousOperationId":"dsfakdgrkv5jcjm"}
{"type":"operationStart","subtype":"script","name":"scripts testing","previousOperationId":"uytiaea4umxjirz","timestamp":1674752253368,"id":"v36ggekpztct77n","previousEventId":"z1sqn7d3uaqpi8o","operationId":"2tb520a97hwt1j6"}
{"type":"log","timestamp":1674752253587,"level":"debug","message":"(console:log) {\n  locationName: [ 'Las Palmas de Gran Canaria', 'Galdar', 'Teror' ],\n  repetition: [ '2', '1', '3' ]\n}","meta":{"userLevel":true,"rootId":"tl6ug7bcos5895a","id":"tl6ug7bcos5895a"},"id":"0yd42pc3ivejhwr","previousOperationId":"2tb520a97hwt1j6"}
{"type":"log","timestamp":1674752253588,"level":"debug","message":"(console:log) [ 'Las Palmas de Gran Canaria', 'Galdar', 'Teror' ]","meta":{"userLevel":true,"rootId":"tl6ug7bcos5895a","id":"tl6ug7bcos5895a"},"id":"uk1sbi40j2vl85h","previousOperationId":"2tb520a97hwt1j6"}
{"type":"log","timestamp":1674752253588,"level":"debug","message":"(console:log) [ '2', '1', '3' ]","meta":{"userLevel":true,"rootId":"tl6ug7bcos5895a","id":"tl6ug7bcos5895a"},"id":"sotm7ctqe8jmfl9","previousOperationId":"2tb520a97hwt1j6"}
{"type":"operationEnd","operationId":"2tb520a97hwt1j6","timestamp":1674752253973,"id":"l6w296wd4i9lw2c","previousEventId":"0bdpwtxbysw3fv8","previousOperationId":"dsfakdgrkv5jcjm"}
{"type":"operationEnd","operationId":"uytiaea4umxjirz","timestamp":1674752253973,"id":"raq2n0my13neynn","previousEventId":"l6w296wd4i9lw2c","previousOperationId":"dsfakdgrkv5jcjm"}
{"type":"log","timestamp":1674752253973,"level":"debug","message":"Base url not specified, skipping its injection.","meta":{"rootId":"tl6ug7bcos5895a","id":"tl6ug7bcos5895a"},"id":"u64mypl4rfdtl5g","previousOperationId":"uytiaea4umxjirz"}
{"type":"operationStart","subtype":"engine","name":"handlebars","timestamp":1674752253973,"id":"hcl96ub40kx7jic","previousEventId":"raq2n0my13neynn","operationId":"2jgj96nmqz4ysnk","previousOperationId":"uytiaea4umxjirz"}
{"type":"log","timestamp":1674752253973,"level":"debug","message":"Rendering engine handlebars","meta":{"rootId":"tl6ug7bcos5895a","id":"tl6ug7bcos5895a"},"id":"gxcaxutw4aft3jf","previousOperationId":"2jgj96nmqz4ysnk"}
{"type":"operationEnd","operationId":"2jgj96nmqz4ysnk","timestamp":1674752253980,"id":"q40ei1ppm2yxhaz","previousEventId":"hcl96ub40kx7jic","previousOperationId":"2jgj96nmqz4ysnk"}
{"type":"operationStart","subtype":"recipe","name":"chrome-pdf","timestamp":1674752253980,"id":"8pjkzwj5d59e98c","previousEventId":"q40ei1ppm2yxhaz","operationId":"xi3o6ftrrwahjps","previousOperationId":"2jgj96nmqz4ysnk"}
{"type":"log","timestamp":1674752253980,"level":"debug","message":"Executing recipe chrome-pdf","meta":{"rootId":"tl6ug7bcos5895a","id":"tl6ug7bcos5895a"},"id":"hovk3n1b330ia34","previousOperationId":"xi3o6ftrrwahjps"}
{"type":"log","timestamp":1674752253982,"level":"debug","message":"Converting with chrome HeadlessChrome/105.0.5173.0 using chrome-pool strategy","meta":{"rootId":"tl6ug7bcos5895a","id":"tl6ug7bcos5895a"},"id":"ecmdk2y09qh2b3o","previousOperationId":"xi3o6ftrrwahjps"}
{"type":"log","timestamp":1674752254076,"level":"debug","message":"Page request: GET (document) file:///C:/Users/Johan/AppData/Local/Temp/jsreport/autocleanup/20eb099f-9153-4aa9-b210-be87795fb721-chrome-pdf.html","meta":{"rootId":"tl6ug7bcos5895a","id":"tl6ug7bcos5895a"},"id":"3lbjnj99vpcnyx3","previousOperationId":"xi3o6ftrrwahjps"}
{"type":"log","timestamp":1674752254105,"level":"debug","message":"Page request: GET (stylesheet) https://cdnjs.cloudflare.com/ajax/libs/metro/4.1.5/css/metro.min.css","meta":{"rootId":"tl6ug7bcos5895a","id":"tl6ug7bcos5895a"},"id":"rip782u559n0tv9","previousOperationId":"xi3o6ftrrwahjps"}
{"type":"log","timestamp":1674752254105,"level":"debug","message":"Page request: GET (stylesheet) https://cdnjs.cloudflare.com/ajax/libs/chartist/0.11.0/chartist.min.css","meta":{"rootId":"tl6ug7bcos5895a","id":"tl6ug7bcos5895a"},"id":"2xjdzdh282awmph","previousOperationId":"xi3o6ftrrwahjps"}
{"type":"log","timestamp":1674752254106,"level":"debug","message":"Page request finished: GET (document) 200 file:///C:/Users/Johan/AppData/Local/Temp/jsreport/autocleanup/20eb099f-9153-4aa9-b210-be87795fb721-chrome-pdf.html","meta":{"rootId":"tl6ug7bcos5895a","id":"tl6ug7bcos5895a"},"id":"k28jyfvcrkl4go7","previousOperationId":"xi3o6ftrrwahjps"}
{"type":"log","timestamp":1674752254106,"level":"debug","message":"Page request: GET (script) https://cdnjs.cloudflare.com/ajax/libs/chartist/0.11.0/chartist.min.js","meta":{"rootId":"tl6ug7bcos5895a","id":"tl6ug7bcos5895a"},"id":"5k93l3ksrkdtqsv","previousOperationId":"xi3o6ftrrwahjps"}
{"type":"log","timestamp":1674752254106,"level":"debug","message":"Page request: GET (script) https://unpkg.com/chartist-plugin-tooltips@0.0.17","meta":{"rootId":"tl6ug7bcos5895a","id":"tl6ug7bcos5895a"},"id":"cohklv9fop3hbq7","previousOperationId":"xi3o6ftrrwahjps"}
{"type":"log","timestamp":1674752254106,"level":"debug","message":"Page request: GET (script) https://unpkg.com/chartist-plugin-pointlabels@0.0.6","meta":{"rootId":"tl6ug7bcos5895a","id":"tl6ug7bcos5895a"},"id":"ihwqr0czugh562y","previousOperationId":"xi3o6ftrrwahjps"}
{"type":"log","timestamp":1674752254113,"level":"debug","message":"Page request finished: GET (stylesheet) 200 https://cdnjs.cloudflare.com/ajax/libs/chartist/0.11.0/chartist.min.css","meta":{"rootId":"tl6ug7bcos5895a","id":"tl6ug7bcos5895a"},"id":"gomcx015uw3kswy","previousOperationId":"xi3o6ftrrwahjps"}
{"type":"log","timestamp":1674752254114,"level":"warn","message":"Page request failed: GET (script) 302 https://unpkg.com/chartist-plugin-tooltips@0.0.17 (redirect to: /chartist-plugin-tooltips@0.0.17/dist/chartist-plugin-tooltip.js)","meta":{"rootId":"tl6ug7bcos5895a","id":"tl6ug7bcos5895a"},"id":"f03udwlmmtshmdn","previousOperationId":"xi3o6ftrrwahjps"}
{"type":"log","timestamp":1674752254114,"level":"debug","message":"Page request finished: GET (script) 200 https://cdnjs.cloudflare.com/ajax/libs/chartist/0.11.0/chartist.min.js","meta":{"rootId":"tl6ug7bcos5895a","id":"tl6ug7bcos5895a"},"id":"226zl6cuxzc7cnx","previousOperationId":"xi3o6ftrrwahjps"}
{"type":"log","timestamp":1674752254115,"level":"warn","message":"Page request failed: GET (script) 302 https://unpkg.com/chartist-plugin-pointlabels@0.0.6 (redirect to: /chartist-plugin-pointlabels@0.0.6/dist/chartist-plugin-pointlabels.js)","meta":{"rootId":"tl6ug7bcos5895a","id":"tl6ug7bcos5895a"},"id":"ol9old6l5ec4ujd","previousOperationId":"xi3o6ftrrwahjps"}
{"type":"log","timestamp":1674752254115,"level":"debug","message":"Page request: GET (script) https://unpkg.com/chartist-plugin-tooltips@0.0.17/dist/chartist-plugin-tooltip.js (redirect from: https://unpkg.com/chartist-plugin-tooltips@0.0.17)","meta":{"rootId":"tl6ug7bcos5895a","id":"tl6ug7bcos5895a"},"id":"cyb9dp38vyojyb3","previousOperationId":"xi3o6ftrrwahjps"}
{"type":"log","timestamp":1674752254115,"level":"debug","message":"Page request: GET (script) https://unpkg.com/chartist-plugin-pointlabels@0.0.6/dist/chartist-plugin-pointlabels.js (redirect from: https://unpkg.com/chartist-plugin-pointlabels@0.0.6)","meta":{"rootId":"tl6ug7bcos5895a","id":"tl6ug7bcos5895a"},"id":"g8vsmi9s4gogmcn","previousOperationId":"xi3o6ftrrwahjps"}
{"type":"log","timestamp":1674752254133,"level":"debug","message":"Page request finished: GET (stylesheet) 200 https://cdnjs.cloudflare.com/ajax/libs/metro/4.1.5/css/metro.min.css","meta":{"rootId":"tl6ug7bcos5895a","id":"tl6ug7bcos5895a"},"id":"uq6rstvwhn8eizp","previousOperationId":"xi3o6ftrrwahjps"}
{"type":"log","timestamp":1674752254134,"level":"debug","message":"Page request finished: GET (script) 200 https://unpkg.com/chartist-plugin-tooltips@0.0.17/dist/chartist-plugin-tooltip.js","meta":{"rootId":"tl6ug7bcos5895a","id":"tl6ug7bcos5895a"},"id":"2r128ms566pku32","previousOperationId":"xi3o6ftrrwahjps"}
{"type":"log","timestamp":1674752254134,"level":"debug","message":"Page request finished: GET (script) 200 https://unpkg.com/chartist-plugin-pointlabels@0.0.6/dist/chartist-plugin-pointlabels.js","meta":{"rootId":"tl6ug7bcos5895a","id":"tl6ug7bcos5895a"},"id":"hff1jhr7izdi6yt","previousOperationId":"xi3o6ftrrwahjps"}
{"type":"log","timestamp":1674752254135,"level":"warn","message":"Page error: SyntaxError: Unexpected identifier","meta":{"rootId":"tl6ug7bcos5895a","id":"tl6ug7bcos5895a"},"id":"6mc7b5k39tls57i","previousOperationId":"xi3o6ftrrwahjps"}
{"type":"log","timestamp":1674752254171,"level":"debug","message":"Running chrome with params {\"printBackground\":true,\"timeout\":59300,\"margin\":{}}","meta":{"rootId":"tl6ug7bcos5895a","id":"tl6ug7bcos5895a"},"id":"i5v1kkllur1tbo8","previousOperationId":"xi3o6ftrrwahjps"}
{"type":"operationEnd","operationId":"xi3o6ftrrwahjps","timestamp":1674752254301,"id":"782wyb603tohtdg","previousEventId":"8pjkzwj5d59e98c","previousOperationId":"xi3o6ftrrwahjps"}
{"type":"log","timestamp":1674752254301,"level":"debug","message":"Executing script testing (afterRender)","meta":{"rootId":"tl6ug7bcos5895a","id":"tl6ug7bcos5895a"},"id":"bd1jhbh2pnwn7lt","previousOperationId":"xi3o6ftrrwahjps"}
{"type":"operationStart","subtype":"scriptsAfterRender","name":"scripts afterRender","timestamp":1674752254315,"id":"sg0r1amy15jgggl","previousEventId":"782wyb603tohtdg","operationId":"4n09rx2bkclc20c","previousOperationId":"xi3o6ftrrwahjps"}
{"type":"operationStart","subtype":"script","name":"scripts testing","previousOperationId":"4n09rx2bkclc20c","timestamp":1674752254315,"id":"kploolminbz9gvj","previousEventId":"sg0r1amy15jgggl","operationId":"99ebcspzyz4jjac"}
{"type":"operationEnd","operationId":"99ebcspzyz4jjac","timestamp":1674752255341,"id":"94itr6xg0yl3lqh","previousEventId":"782wyb603tohtdg","previousOperationId":"xi3o6ftrrwahjps"}
{"type":"operationEnd","operationId":"4n09rx2bkclc20c","timestamp":1674752255341,"id":"y68ncezzs453wo4","previousEventId":"94itr6xg0yl3lqh","previousOperationId":"xi3o6ftrrwahjps"}
{"type":"log","timestamp":1674752255341,"level":"debug","message":"Skipping storing report.","meta":{"rootId":"tl6ug7bcos5895a","id":"tl6ug7bcos5895a"},"id":"l5fkvwpgxwr910a","previousOperationId":"4n09rx2bkclc20c"}
{"type":"log","timestamp":1674752255341,"level":"info","message":"Rendering request 14 finished in 2060 ms","meta":{"rootId":"tl6ug7bcos5895a","id":"tl6ug7bcos5895a"},"id":"zokkg4rs89ahebv","previousOperationId":"4n09rx2bkclc20c"}
{"type":"operationEnd","subtype":"render","operationId":"dsfakdgrkv5jcjm","timestamp":1674752255341,"id":"eb5w4rkq3ky49q0","previousEventId":"y68ncezzs453wo4","previousOperationId":"4n09rx2bkclc20c"}
{"type":"operationEnd","doDiffs":false,"previousEventId":"axj3vjmzsjaa8u0","previousOperationId":"41a8h2j09fd5zuz","operationId":"41a8h2j09fd5zuz","timestamp":1674752255347,"id":"2o1u6x3hm2ag1m1"}
