{"type":"operationStart","subtype":"profile","data":{"_id":"bn3VRtAi0Xldjyzt","timestamp":"2023-01-26T16:52:13.007Z","state":"queued","mode":"standard","creationDate":"2023-01-26T16:52:13.009Z","modificationDate":"2023-01-26T16:52:13.009Z","shortid":"8Dmf3B7","$entitySet":"profiles"},"doDiffs":false,"timestamp":1674751933008,"id":"6cib7x7ggstnpxp","previousOperationId":null,"operationId":"3pgvq4ipt7qiyey"}
{"type":"log","level":"info","message":"Render request 8 queued for execution and waiting for available worker","previousOperationId":"3pgvq4ipt7qiyey","timestamp":1674751933008,"id":"upnk761kb21fz0t"}
{"type":"operationStart","subtype":"render","name":"Data","previousOperationId":"3pgvq4ipt7qiyey","timestamp":1674751933018,"id":"v7y8h7afh4dcula","previousEventId":"6cib7x7ggstnpxp","operationId":"0xy8yj3381g8cz3"}
{"type":"log","timestamp":1674751933018,"level":"info","message":"Starting rendering request 8","meta":{"rootId":"trqq12uc8a1sz6i","id":"trqq12uc8a1sz6i"},"id":"co6qqc1fguqyfk9","previousOperationId":"0xy8yj3381g8cz3"}
{"type":"log","timestamp":1674751933019,"level":"info","message":"Rendering template { name: Data, recipe: chrome-pdf, engine: handlebars, preview: true }","meta":{"rootId":"trqq12uc8a1sz6i","id":"trqq12uc8a1sz6i"},"id":"qidfc1dqzm7eyuc","previousOperationId":"0xy8yj3381g8cz3"}
{"type":"log","timestamp":1674751933020,"level":"debug","message":"Data item not defined for this template.","meta":{"rootId":"trqq12uc8a1sz6i","id":"trqq12uc8a1sz6i"},"id":"pfewttd6en2njtc","previousOperationId":"0xy8yj3381g8cz3"}
{"type":"log","timestamp":1674751933024,"level":"debug","message":"Executing script testing (beforeRender)","meta":{"rootId":"trqq12uc8a1sz6i","id":"trqq12uc8a1sz6i"},"id":"p4ftzx14uub233m","previousOperationId":"0xy8yj3381g8cz3"}
{"type":"operationStart","subtype":"scriptsBeforeRender","name":"scripts beforeRender","timestamp":1674751933087,"id":"imn34tqqqwxbavh","previousEventId":"v7y8h7afh4dcula","operationId":"u4i1vn56wwhxznb","previousOperationId":"0xy8yj3381g8cz3"}
{"type":"operationStart","subtype":"script","name":"scripts testing","previousOperationId":"u4i1vn56wwhxznb","timestamp":1674751933087,"id":"xq76plo5jaxdd1n","previousEventId":"imn34tqqqwxbavh","operationId":"z9lug1nh6gs1sqz"}
{"type":"log","timestamp":1674751933316,"level":"debug","message":"(console:log) {\n  locationName: [ 'Las Palmas de Gran Canaria', 'Galdar', 'Teror' ],\n  repetition: [ '2', '1', '3' ]\n}","meta":{"userLevel":true,"rootId":"trqq12uc8a1sz6i","id":"trqq12uc8a1sz6i"},"id":"eoegpc3ws07izes","previousOperationId":"z9lug1nh6gs1sqz"}
{"type":"log","timestamp":1674751933316,"level":"debug","message":"(console:log) [ 'Las Palmas de Gran Canaria', 'Galdar', 'Teror' ]","meta":{"userLevel":true,"rootId":"trqq12uc8a1sz6i","id":"trqq12uc8a1sz6i"},"id":"4uk981e9sxsmb6w","previousOperationId":"z9lug1nh6gs1sqz"}
{"type":"log","timestamp":1674751933316,"level":"debug","message":"(console:log) [ '2', '1', '3' ]","meta":{"userLevel":true,"rootId":"trqq12uc8a1sz6i","id":"trqq12uc8a1sz6i"},"id":"4k68gkqfvgvhl7w","previousOperationId":"z9lug1nh6gs1sqz"}
{"type":"operationEnd","operationId":"z9lug1nh6gs1sqz","timestamp":1674751933723,"id":"lnriz4ie7qtlpix","previousEventId":"v7y8h7afh4dcula","previousOperationId":"0xy8yj3381g8cz3"}
{"type":"operationEnd","operationId":"u4i1vn56wwhxznb","timestamp":1674751933723,"id":"gkbwbwuwek487nu","previousEventId":"lnriz4ie7qtlpix","previousOperationId":"0xy8yj3381g8cz3"}
{"type":"log","timestamp":1674751933723,"level":"debug","message":"Base url not specified, skipping its injection.","meta":{"rootId":"trqq12uc8a1sz6i","id":"trqq12uc8a1sz6i"},"id":"2pjd18a0xe5b4i2","previousOperationId":"u4i1vn56wwhxznb"}
{"type":"operationStart","subtype":"engine","name":"handlebars","timestamp":1674751933723,"id":"nb3yt674n8skv2w","previousEventId":"gkbwbwuwek487nu","operationId":"ov5nauqts6zbabs","previousOperationId":"u4i1vn56wwhxznb"}
{"type":"log","timestamp":1674751933723,"level":"debug","message":"Rendering engine handlebars","meta":{"rootId":"trqq12uc8a1sz6i","id":"trqq12uc8a1sz6i"},"id":"o28ho3raj5q5f96","previousOperationId":"ov5nauqts6zbabs"}
{"type":"operationEnd","operationId":"ov5nauqts6zbabs","timestamp":1674751933736,"id":"b3lipe01i2lzkq5","previousEventId":"nb3yt674n8skv2w","previousOperationId":"ov5nauqts6zbabs"}
{"type":"operationStart","subtype":"recipe","name":"chrome-pdf","timestamp":1674751933736,"id":"55azg9esyp3hhgk","previousEventId":"b3lipe01i2lzkq5","operationId":"45h70ph87u46lsv","previousOperationId":"ov5nauqts6zbabs"}
{"type":"log","timestamp":1674751933736,"level":"debug","message":"Executing recipe chrome-pdf","meta":{"rootId":"trqq12uc8a1sz6i","id":"trqq12uc8a1sz6i"},"id":"faitti3r5j3in2t","previousOperationId":"45h70ph87u46lsv"}
{"type":"log","timestamp":1674751933742,"level":"debug","message":"Converting with chrome HeadlessChrome/105.0.5173.0 using chrome-pool strategy","meta":{"rootId":"trqq12uc8a1sz6i","id":"trqq12uc8a1sz6i"},"id":"umuszuw1b0il9f2","previousOperationId":"45h70ph87u46lsv"}
{"type":"log","timestamp":1674751933830,"level":"debug","message":"Page request: GET (document) file:///C:/Users/Johan/AppData/Local/Temp/jsreport/autocleanup/d2932742-4600-438e-b777-350b01097965-chrome-pdf.html","meta":{"rootId":"trqq12uc8a1sz6i","id":"trqq12uc8a1sz6i"},"id":"ceg4v7s831jmecn","previousOperationId":"45h70ph87u46lsv"}
{"type":"log","timestamp":1674751933855,"level":"debug","message":"Page request: GET (stylesheet) https://cdnjs.cloudflare.com/ajax/libs/metro/4.1.5/css/metro.min.css","meta":{"rootId":"trqq12uc8a1sz6i","id":"trqq12uc8a1sz6i"},"id":"pdpvdl79jyo3dui","previousOperationId":"45h70ph87u46lsv"}
{"type":"log","timestamp":1674751933855,"level":"debug","message":"Page request: GET (stylesheet) https://cdnjs.cloudflare.com/ajax/libs/chartist/0.11.0/chartist.min.css","meta":{"rootId":"trqq12uc8a1sz6i","id":"trqq12uc8a1sz6i"},"id":"lt7mcmkfmuxthy9","previousOperationId":"45h70ph87u46lsv"}
{"type":"log","timestamp":1674751933855,"level":"debug","message":"Page request: GET (script) https://cdnjs.cloudflare.com/ajax/libs/chartist/0.11.0/chartist.min.js","meta":{"rootId":"trqq12uc8a1sz6i","id":"trqq12uc8a1sz6i"},"id":"uon277ecm9qqtk6","previousOperationId":"45h70ph87u46lsv"}
{"type":"log","timestamp":1674751933855,"level":"debug","message":"Page request: GET (script) https://unpkg.com/chartist-plugin-tooltips@0.0.17","meta":{"rootId":"trqq12uc8a1sz6i","id":"trqq12uc8a1sz6i"},"id":"e54gnkc9z3fri3t","previousOperationId":"45h70ph87u46lsv"}
{"type":"log","timestamp":1674751933856,"level":"debug","message":"Page request: GET (script) https://unpkg.com/chartist-plugin-pointlabels@0.0.6","meta":{"rootId":"trqq12uc8a1sz6i","id":"trqq12uc8a1sz6i"},"id":"8www67ye3owp5z2","previousOperationId":"45h70ph87u46lsv"}
{"type":"log","timestamp":1674751933856,"level":"debug","message":"Page request finished: GET (document) 200 file:///C:/Users/Johan/AppData/Local/Temp/jsreport/autocleanup/d2932742-4600-438e-b777-350b01097965-chrome-pdf.html","meta":{"rootId":"trqq12uc8a1sz6i","id":"trqq12uc8a1sz6i"},"id":"rgphlaa0pkifyx2","previousOperationId":"45h70ph87u46lsv"}
{"type":"log","timestamp":1674751933863,"level":"warn","message":"Page request failed: GET (script) 302 https://unpkg.com/chartist-plugin-tooltips@0.0.17 (redirect to: /chartist-plugin-tooltips@0.0.17/dist/chartist-plugin-tooltip.js)","meta":{"rootId":"trqq12uc8a1sz6i","id":"trqq12uc8a1sz6i"},"id":"rw3d3nyf7pas4q9","previousOperationId":"45h70ph87u46lsv"}
{"type":"log","timestamp":1674751933864,"level":"warn","message":"Page request failed: GET (script) 302 https://unpkg.com/chartist-plugin-pointlabels@0.0.6 (redirect to: /chartist-plugin-pointlabels@0.0.6/dist/chartist-plugin-pointlabels.js)","meta":{"rootId":"trqq12uc8a1sz6i","id":"trqq12uc8a1sz6i"},"id":"54vat2yfng5k1kc","previousOperationId":"45h70ph87u46lsv"}
{"type":"log","timestamp":1674751933864,"level":"debug","message":"Page request: GET (script) https://unpkg.com/chartist-plugin-tooltips@0.0.17/dist/chartist-plugin-tooltip.js (redirect from: https://unpkg.com/chartist-plugin-tooltips@0.0.17)","meta":{"rootId":"trqq12uc8a1sz6i","id":"trqq12uc8a1sz6i"},"id":"ku25j3cy58nv185","previousOperationId":"45h70ph87u46lsv"}
{"type":"log","timestamp":1674751933864,"level":"debug","message":"Page request: GET (script) https://unpkg.com/chartist-plugin-pointlabels@0.0.6/dist/chartist-plugin-pointlabels.js (redirect from: https://unpkg.com/chartist-plugin-pointlabels@0.0.6)","meta":{"rootId":"trqq12uc8a1sz6i","id":"trqq12uc8a1sz6i"},"id":"ac687gi2ovwp8c5","previousOperationId":"45h70ph87u46lsv"}
{"type":"log","timestamp":1674751933865,"level":"debug","message":"Page request finished: GET (stylesheet) 200 https://cdnjs.cloudflare.com/ajax/libs/chartist/0.11.0/chartist.min.css","meta":{"rootId":"trqq12uc8a1sz6i","id":"trqq12uc8a1sz6i"},"id":"q1k5yeuhs5wgeob","previousOperationId":"45h70ph87u46lsv"}
{"type":"log","timestamp":1674751933883,"level":"debug","message":"Page request finished: GET (stylesheet) 200 https://cdnjs.cloudflare.com/ajax/libs/metro/4.1.5/css/metro.min.css","meta":{"rootId":"trqq12uc8a1sz6i","id":"trqq12uc8a1sz6i"},"id":"syrq4mf1inbtue5","previousOperationId":"45h70ph87u46lsv"}
{"type":"log","timestamp":1674751933883,"level":"debug","message":"Page request finished: GET (script) 200 https://cdnjs.cloudflare.com/ajax/libs/chartist/0.11.0/chartist.min.js","meta":{"rootId":"trqq12uc8a1sz6i","id":"trqq12uc8a1sz6i"},"id":"pfa9axd9237w158","previousOperationId":"45h70ph87u46lsv"}
{"type":"log","timestamp":1674751933885,"level":"debug","message":"Page request finished: GET (script) 200 https://unpkg.com/chartist-plugin-tooltips@0.0.17/dist/chartist-plugin-tooltip.js","meta":{"rootId":"trqq12uc8a1sz6i","id":"trqq12uc8a1sz6i"},"id":"z7z7s2v0muzbuq3","previousOperationId":"45h70ph87u46lsv"}
{"type":"log","timestamp":1674751933885,"level":"debug","message":"Page request finished: GET (script) 200 https://unpkg.com/chartist-plugin-pointlabels@0.0.6/dist/chartist-plugin-pointlabels.js","meta":{"rootId":"trqq12uc8a1sz6i","id":"trqq12uc8a1sz6i"},"id":"7wzcqva6ybhp7vh","previousOperationId":"45h70ph87u46lsv"}
{"type":"log","timestamp":1674751933886,"level":"debug","message":"(console:log) Me he venido","meta":{"userLevel":true,"rootId":"trqq12uc8a1sz6i","id":"trqq12uc8a1sz6i"},"id":"ntiuae9sav0qgk2","previousOperationId":"45h70ph87u46lsv"}
{"type":"log","timestamp":1674751933887,"level":"debug","message":"(console:log) JSHandle@array","meta":{"userLevel":true,"rootId":"trqq12uc8a1sz6i","id":"trqq12uc8a1sz6i"},"id":"1h05bmfd71bgm4f","previousOperationId":"45h70ph87u46lsv"}
{"type":"log","timestamp":1674751933890,"level":"debug","message":"(console:log) JSHandle@array","meta":{"userLevel":true,"rootId":"trqq12uc8a1sz6i","id":"trqq12uc8a1sz6i"},"id":"mhmjludfgo44p5j","previousOperationId":"45h70ph87u46lsv"}
{"type":"log","timestamp":1674751933939,"level":"debug","message":"Running chrome with params {\"printBackground\":true,\"timeout\":59268,\"margin\":{}}","meta":{"rootId":"trqq12uc8a1sz6i","id":"trqq12uc8a1sz6i"},"id":"32rkdd1ryeguloi","previousOperationId":"45h70ph87u46lsv"}
{"type":"operationEnd","operationId":"45h70ph87u46lsv","timestamp":1674751934085,"id":"tl45pr7k5xmlmg4","previousEventId":"55azg9esyp3hhgk","previousOperationId":"45h70ph87u46lsv"}
{"type":"log","timestamp":1674751934085,"level":"debug","message":"Executing script testing (afterRender)","meta":{"rootId":"trqq12uc8a1sz6i","id":"trqq12uc8a1sz6i"},"id":"y0qieuiwmau1uph","previousOperationId":"45h70ph87u46lsv"}
{"type":"operationStart","subtype":"scriptsAfterRender","name":"scripts afterRender","timestamp":1674751934092,"id":"vk66xsmleu2iof8","previousEventId":"tl45pr7k5xmlmg4","operationId":"0n3v7gojq5mfb0d","previousOperationId":"45h70ph87u46lsv"}
{"type":"operationStart","subtype":"script","name":"scripts testing","previousOperationId":"0n3v7gojq5mfb0d","timestamp":1674751934092,"id":"s0ccumv1zeyjlf0","previousEventId":"vk66xsmleu2iof8","operationId":"zgazsiipviy1os0"}
{"type":"operationEnd","operationId":"zgazsiipviy1os0","timestamp":1674751935124,"id":"gdaotxinj5bbxfm","previousEventId":"tl45pr7k5xmlmg4","previousOperationId":"45h70ph87u46lsv"}
{"type":"operationEnd","operationId":"0n3v7gojq5mfb0d","timestamp":1674751935124,"id":"3y8n2ulv2cvy4si","previousEventId":"gdaotxinj5bbxfm","previousOperationId":"45h70ph87u46lsv"}
{"type":"log","timestamp":1674751935124,"level":"debug","message":"Skipping storing report.","meta":{"rootId":"trqq12uc8a1sz6i","id":"trqq12uc8a1sz6i"},"id":"upe3nyld3pnh4uo","previousOperationId":"0n3v7gojq5mfb0d"}
{"type":"log","timestamp":1674751935125,"level":"info","message":"Rendering request 8 finished in 2119 ms","meta":{"rootId":"trqq12uc8a1sz6i","id":"trqq12uc8a1sz6i"},"id":"sw01kngdtkjjkv2","previousOperationId":"0n3v7gojq5mfb0d"}
{"type":"operationEnd","subtype":"render","operationId":"0xy8yj3381g8cz3","timestamp":1674751935125,"id":"70c3utdxgfr1qcz","previousEventId":"3y8n2ulv2cvy4si","previousOperationId":"0n3v7gojq5mfb0d"}
{"type":"operationEnd","doDiffs":false,"previousEventId":"6cib7x7ggstnpxp","previousOperationId":"3pgvq4ipt7qiyey","operationId":"3pgvq4ipt7qiyey","timestamp":1674751935128,"id":"zrn3ivvg3x97jgv"}
