{"type":"operationStart","subtype":"profile","data":{"_id":"hqAVGNl0gpQO5z9t","timestamp":"2023-01-26T16:57:00.864Z","state":"queued","mode":"standard","creationDate":"2023-01-26T16:57:00.869Z","modificationDate":"2023-01-26T16:57:00.869Z","shortid":"HFoSSsB","$entitySet":"profiles"},"doDiffs":false,"timestamp":1674752220868,"id":"at44cj983ute5l1","previousOperationId":null,"operationId":"w0bnkuh0c1omcr0"}
{"type":"log","level":"info","message":"Render request 12 queued for execution and waiting for available worker","previousOperationId":"w0bnkuh0c1omcr0","timestamp":1674752220868,"id":"uavsdksixdj1d5w"}
{"type":"operationStart","subtype":"render","name":"Data","previousOperationId":"w0bnkuh0c1omcr0","timestamp":1674752220881,"id":"b59vqqpndmw4bbj","previousEventId":"at44cj983ute5l1","operationId":"2jmc3n30dlaphq9"}
{"type":"log","timestamp":1674752220882,"level":"info","message":"Starting rendering request 12","meta":{"rootId":"twulkpx9rxx94av","id":"twulkpx9rxx94av"},"id":"bulx6u2yyzhd0vx","previousOperationId":"2jmc3n30dlaphq9"}
{"type":"log","timestamp":1674752220882,"level":"info","message":"Rendering template { name: Data, recipe: chrome-pdf, engine: handlebars, preview: true }","meta":{"rootId":"twulkpx9rxx94av","id":"twulkpx9rxx94av"},"id":"0l8x77c03rh6d69","previousOperationId":"2jmc3n30dlaphq9"}
{"type":"log","timestamp":1674752220884,"level":"debug","message":"Data item not defined for this template.","meta":{"rootId":"twulkpx9rxx94av","id":"twulkpx9rxx94av"},"id":"x6dx9yg8sxzbcdg","previousOperationId":"2jmc3n30dlaphq9"}
{"type":"log","timestamp":1674752220892,"level":"debug","message":"Executing script testing (beforeRender)","meta":{"rootId":"twulkpx9rxx94av","id":"twulkpx9rxx94av"},"id":"lahug8bv0aety13","previousOperationId":"2jmc3n30dlaphq9"}
{"type":"operationStart","subtype":"scriptsBeforeRender","name":"scripts beforeRender","timestamp":1674752220974,"id":"hd5xtipc10v8atj","previousEventId":"b59vqqpndmw4bbj","operationId":"quta65al4hobjwy","previousOperationId":"2jmc3n30dlaphq9"}
{"type":"operationStart","subtype":"script","name":"scripts testing","previousOperationId":"quta65al4hobjwy","timestamp":1674752220974,"id":"zxfnrwz5ob2h4bq","previousEventId":"hd5xtipc10v8atj","operationId":"0ay8r4g2pkt2oyg"}
{"type":"log","timestamp":1674752221176,"level":"debug","message":"(console:log) {\n  locationName: [ 'Las Palmas de Gran Canaria', 'Galdar', 'Teror' ],\n  repetition: [ '2', '1', '3' ]\n}","meta":{"userLevel":true,"rootId":"twulkpx9rxx94av","id":"twulkpx9rxx94av"},"id":"ix88zo5i7vxcwk8","previousOperationId":"0ay8r4g2pkt2oyg"}
{"type":"log","timestamp":1674752221176,"level":"debug","message":"(console:log) [ 'Las Palmas de Gran Canaria', 'Galdar', 'Teror' ]","meta":{"userLevel":true,"rootId":"twulkpx9rxx94av","id":"twulkpx9rxx94av"},"id":"9b4vg78bhep9xgv","previousOperationId":"0ay8r4g2pkt2oyg"}
{"type":"log","timestamp":1674752221176,"level":"debug","message":"(console:log) [ '2', '1', '3' ]","meta":{"userLevel":true,"rootId":"twulkpx9rxx94av","id":"twulkpx9rxx94av"},"id":"s1wmrs3b98gn0q6","previousOperationId":"0ay8r4g2pkt2oyg"}
{"type":"operationEnd","operationId":"0ay8r4g2pkt2oyg","timestamp":1674752221586,"id":"j47h91pm31zhela","previousEventId":"b59vqqpndmw4bbj","previousOperationId":"2jmc3n30dlaphq9"}
{"type":"operationEnd","operationId":"quta65al4hobjwy","timestamp":1674752221586,"id":"vrqaumqj5eh13zl","previousEventId":"j47h91pm31zhela","previousOperationId":"2jmc3n30dlaphq9"}
{"type":"log","timestamp":1674752221586,"level":"debug","message":"Base url not specified, skipping its injection.","meta":{"rootId":"twulkpx9rxx94av","id":"twulkpx9rxx94av"},"id":"w618kzhomcmka6m","previousOperationId":"quta65al4hobjwy"}
{"type":"operationStart","subtype":"engine","name":"handlebars","timestamp":1674752221587,"id":"oyjl934gd3zyn2c","previousEventId":"vrqaumqj5eh13zl","operationId":"kf2umnk467dsn40","previousOperationId":"quta65al4hobjwy"}
{"type":"log","timestamp":1674752221587,"level":"debug","message":"Rendering engine handlebars","meta":{"rootId":"twulkpx9rxx94av","id":"twulkpx9rxx94av"},"id":"ho6r0sn2gtccfn4","previousOperationId":"kf2umnk467dsn40"}
{"type":"operationEnd","operationId":"kf2umnk467dsn40","timestamp":1674752221600,"id":"goa2l9cdpazr4qn","previousEventId":"oyjl934gd3zyn2c","previousOperationId":"kf2umnk467dsn40"}
{"type":"operationStart","subtype":"recipe","name":"chrome-pdf","timestamp":1674752221601,"id":"59yn84bed86xsx1","previousEventId":"goa2l9cdpazr4qn","operationId":"5tw4gc7z7quypqy","previousOperationId":"kf2umnk467dsn40"}
{"type":"log","timestamp":1674752221601,"level":"debug","message":"Executing recipe chrome-pdf","meta":{"rootId":"twulkpx9rxx94av","id":"twulkpx9rxx94av"},"id":"628swiywccijely","previousOperationId":"5tw4gc7z7quypqy"}
{"type":"log","timestamp":1674752221606,"level":"debug","message":"Converting with chrome HeadlessChrome/105.0.5173.0 using chrome-pool strategy","meta":{"rootId":"twulkpx9rxx94av","id":"twulkpx9rxx94av"},"id":"r1aaatcy3zv9ei4","previousOperationId":"5tw4gc7z7quypqy"}
{"type":"log","timestamp":1674752221718,"level":"debug","message":"Page request: GET (document) file:///C:/Users/Johan/AppData/Local/Temp/jsreport/autocleanup/baac2d15-9f5a-4cdc-9f4b-1fe56e943c64-chrome-pdf.html","meta":{"rootId":"twulkpx9rxx94av","id":"twulkpx9rxx94av"},"id":"mzm3cqbyiohnhcu","previousOperationId":"5tw4gc7z7quypqy"}
{"type":"log","timestamp":1674752221737,"level":"debug","message":"Page request: GET (stylesheet) https://cdnjs.cloudflare.com/ajax/libs/metro/4.1.5/css/metro.min.css","meta":{"rootId":"twulkpx9rxx94av","id":"twulkpx9rxx94av"},"id":"j3eh962ri2q3s10","previousOperationId":"5tw4gc7z7quypqy"}
{"type":"log","timestamp":1674752221737,"level":"debug","message":"Page request: GET (stylesheet) https://cdnjs.cloudflare.com/ajax/libs/chartist/0.11.0/chartist.min.css","meta":{"rootId":"twulkpx9rxx94av","id":"twulkpx9rxx94av"},"id":"l8spfqgxwr8sbk6","previousOperationId":"5tw4gc7z7quypqy"}
{"type":"log","timestamp":1674752221737,"level":"debug","message":"Page request: GET (script) https://cdnjs.cloudflare.com/ajax/libs/chartist/0.11.0/chartist.min.js","meta":{"rootId":"twulkpx9rxx94av","id":"twulkpx9rxx94av"},"id":"nwu2ams25oonpnr","previousOperationId":"5tw4gc7z7quypqy"}
{"type":"log","timestamp":1674752221739,"level":"debug","message":"Page request finished: GET (document) 200 file:///C:/Users/Johan/AppData/Local/Temp/jsreport/autocleanup/baac2d15-9f5a-4cdc-9f4b-1fe56e943c64-chrome-pdf.html","meta":{"rootId":"twulkpx9rxx94av","id":"twulkpx9rxx94av"},"id":"rymvyu2ry34p1lj","previousOperationId":"5tw4gc7z7quypqy"}
{"type":"log","timestamp":1674752221739,"level":"debug","message":"Page request: GET (script) https://unpkg.com/chartist-plugin-tooltips@0.0.17","meta":{"rootId":"twulkpx9rxx94av","id":"twulkpx9rxx94av"},"id":"d3trgk0r6m0x6ay","previousOperationId":"5tw4gc7z7quypqy"}
{"type":"log","timestamp":1674752221739,"level":"debug","message":"Page request: GET (script) https://unpkg.com/chartist-plugin-pointlabels@0.0.6","meta":{"rootId":"twulkpx9rxx94av","id":"twulkpx9rxx94av"},"id":"hqs26w8uuoti199","previousOperationId":"5tw4gc7z7quypqy"}
{"type":"log","timestamp":1674752221742,"level":"debug","message":"Page request finished: GET (stylesheet) 200 https://cdnjs.cloudflare.com/ajax/libs/chartist/0.11.0/chartist.min.css","meta":{"rootId":"twulkpx9rxx94av","id":"twulkpx9rxx94av"},"id":"ud6ngazskruy8h7","previousOperationId":"5tw4gc7z7quypqy"}
{"type":"log","timestamp":1674752221743,"level":"debug","message":"Page request finished: GET (script) 200 https://cdnjs.cloudflare.com/ajax/libs/chartist/0.11.0/chartist.min.js","meta":{"rootId":"twulkpx9rxx94av","id":"twulkpx9rxx94av"},"id":"p38nqqkezq0qb8r","previousOperationId":"5tw4gc7z7quypqy"}
{"type":"log","timestamp":1674752221744,"level":"warn","message":"Page request failed: GET (script) 302 https://unpkg.com/chartist-plugin-tooltips@0.0.17 (redirect to: /chartist-plugin-tooltips@0.0.17/dist/chartist-plugin-tooltip.js)","meta":{"rootId":"twulkpx9rxx94av","id":"twulkpx9rxx94av"},"id":"whwcq2wjozyxgah","previousOperationId":"5tw4gc7z7quypqy"}
{"type":"log","timestamp":1674752221744,"level":"debug","message":"Page request: GET (script) https://unpkg.com/chartist-plugin-tooltips@0.0.17/dist/chartist-plugin-tooltip.js (redirect from: https://unpkg.com/chartist-plugin-tooltips@0.0.17)","meta":{"rootId":"twulkpx9rxx94av","id":"twulkpx9rxx94av"},"id":"8tqa835uio5acl4","previousOperationId":"5tw4gc7z7quypqy"}
{"type":"log","timestamp":1674752221745,"level":"warn","message":"Page request failed: GET (script) 302 https://unpkg.com/chartist-plugin-pointlabels@0.0.6 (redirect to: /chartist-plugin-pointlabels@0.0.6/dist/chartist-plugin-pointlabels.js)","meta":{"rootId":"twulkpx9rxx94av","id":"twulkpx9rxx94av"},"id":"pvut8z4lrqm2v03","previousOperationId":"5tw4gc7z7quypqy"}
{"type":"log","timestamp":1674752221745,"level":"debug","message":"Page request: GET (script) https://unpkg.com/chartist-plugin-pointlabels@0.0.6/dist/chartist-plugin-pointlabels.js (redirect from: https://unpkg.com/chartist-plugin-pointlabels@0.0.6)","meta":{"rootId":"twulkpx9rxx94av","id":"twulkpx9rxx94av"},"id":"t4g31al9q1y0xfa","previousOperationId":"5tw4gc7z7quypqy"}
{"type":"log","timestamp":1674752221759,"level":"debug","message":"Page request finished: GET (stylesheet) 200 https://cdnjs.cloudflare.com/ajax/libs/metro/4.1.5/css/metro.min.css","meta":{"rootId":"twulkpx9rxx94av","id":"twulkpx9rxx94av"},"id":"3am8a4lvj8kjuow","previousOperationId":"5tw4gc7z7quypqy"}
{"type":"log","timestamp":1674752221760,"level":"debug","message":"Page request finished: GET (script) 200 https://unpkg.com/chartist-plugin-tooltips@0.0.17/dist/chartist-plugin-tooltip.js","meta":{"rootId":"twulkpx9rxx94av","id":"twulkpx9rxx94av"},"id":"75j1ctxpcxuqhx4","previousOperationId":"5tw4gc7z7quypqy"}
{"type":"log","timestamp":1674752221760,"level":"debug","message":"Page request finished: GET (script) 200 https://unpkg.com/chartist-plugin-pointlabels@0.0.6/dist/chartist-plugin-pointlabels.js","meta":{"rootId":"twulkpx9rxx94av","id":"twulkpx9rxx94av"},"id":"o4g478jj14nborb","previousOperationId":"5tw4gc7z7quypqy"}
{"type":"log","timestamp":1674752221764,"level":"warn","message":"Page error: SyntaxError: Unexpected identifier","meta":{"rootId":"twulkpx9rxx94av","id":"twulkpx9rxx94av"},"id":"xq48cwldg4hf6ri","previousOperationId":"5tw4gc7z7quypqy"}
{"type":"log","timestamp":1674752221814,"level":"debug","message":"Running chrome with params {\"printBackground\":true,\"timeout\":59259,\"margin\":{}}","meta":{"rootId":"twulkpx9rxx94av","id":"twulkpx9rxx94av"},"id":"us6zivos4zg7yyz","previousOperationId":"5tw4gc7z7quypqy"}
{"type":"operationEnd","operationId":"5tw4gc7z7quypqy","timestamp":1674752221938,"id":"hkvajj72vg3sdau","previousEventId":"59yn84bed86xsx1","previousOperationId":"5tw4gc7z7quypqy"}
{"type":"log","timestamp":1674752221938,"level":"debug","message":"Executing script testing (afterRender)","meta":{"rootId":"twulkpx9rxx94av","id":"twulkpx9rxx94av"},"id":"v4mc2bfg9pd5fkf","previousOperationId":"5tw4gc7z7quypqy"}
{"type":"operationStart","subtype":"scriptsAfterRender","name":"scripts afterRender","timestamp":1674752221947,"id":"gzyyqm46b8ftv9u","previousEventId":"hkvajj72vg3sdau","operationId":"i4fevdlx1kyxr55","previousOperationId":"5tw4gc7z7quypqy"}
{"type":"operationStart","subtype":"script","name":"scripts testing","previousOperationId":"i4fevdlx1kyxr55","timestamp":1674752221947,"id":"dis0t72dgy034lp","previousEventId":"gzyyqm46b8ftv9u","operationId":"ho175jeemqs0z3k"}
{"type":"operationEnd","operationId":"ho175jeemqs0z3k","timestamp":1674752223352,"id":"k7n2tqbs1gvblnr","previousEventId":"hkvajj72vg3sdau","previousOperationId":"5tw4gc7z7quypqy"}
{"type":"operationEnd","operationId":"i4fevdlx1kyxr55","timestamp":1674752223352,"id":"20w2s51mhjzo7g3","previousEventId":"k7n2tqbs1gvblnr","previousOperationId":"5tw4gc7z7quypqy"}
{"type":"log","timestamp":1674752223352,"level":"debug","message":"Skipping storing report.","meta":{"rootId":"twulkpx9rxx94av","id":"twulkpx9rxx94av"},"id":"06pz4x7w05lbmrc","previousOperationId":"i4fevdlx1kyxr55"}
{"type":"log","timestamp":1674752223352,"level":"info","message":"Rendering request 12 finished in 2488 ms","meta":{"rootId":"twulkpx9rxx94av","id":"twulkpx9rxx94av"},"id":"11pwjlfka3mvaxq","previousOperationId":"i4fevdlx1kyxr55"}
{"type":"operationEnd","subtype":"render","operationId":"2jmc3n30dlaphq9","timestamp":1674752223353,"id":"93w9v9qecqi0i4m","previousEventId":"20w2s51mhjzo7g3","previousOperationId":"i4fevdlx1kyxr55"}
{"type":"operationEnd","doDiffs":false,"previousEventId":"at44cj983ute5l1","previousOperationId":"w0bnkuh0c1omcr0","operationId":"w0bnkuh0c1omcr0","timestamp":1674752223356,"id":"4lb9fnysqchbr5a"}
