{"type":"operationStart","subtype":"profile","data":{"_id":"OsxbU68wqNs3lZwW","timestamp":"2023-01-26T16:38:34.820Z","state":"queued","mode":"standard","creationDate":"2023-01-26T16:38:34.822Z","modificationDate":"2023-01-26T16:38:34.822Z","shortid":"Tv71wlB","$entitySet":"profiles"},"doDiffs":false,"timestamp":1674751114821,"id":"58c15ykdj8r4x6k","previousOperationId":null,"operationId":"mw5wjp0knh90d6x"}
{"type":"log","level":"info","message":"Render request 2 queued for execution and waiting for available worker","previousOperationId":"mw5wjp0knh90d6x","timestamp":1674751114821,"id":"kiexyefoi3gfk68"}
{"type":"operationStart","subtype":"render","name":"Data","previousOperationId":"mw5wjp0knh90d6x","timestamp":1674751114835,"id":"dhryf283llj24nn","previousEventId":"58c15ykdj8r4x6k","operationId":"1tpuod7i4fn6h35"}
{"type":"log","timestamp":1674751114835,"level":"info","message":"Starting rendering request 2","meta":{"rootId":"u3gnji7u6adlz62","id":"u3gnji7u6adlz62"},"id":"6ja2otnhf1sojis","previousOperationId":"1tpuod7i4fn6h35"}
{"type":"log","timestamp":1674751114836,"level":"info","message":"Rendering template { name: Data, recipe: chrome-pdf, engine: handlebars, preview: true }","meta":{"rootId":"u3gnji7u6adlz62","id":"u3gnji7u6adlz62"},"id":"svuogpwmmiba8or","previousOperationId":"1tpuod7i4fn6h35"}
{"type":"log","timestamp":1674751114837,"level":"debug","message":"Data item not defined for this template.","meta":{"rootId":"u3gnji7u6adlz62","id":"u3gnji7u6adlz62"},"id":"ma7zlurcedrn654","previousOperationId":"1tpuod7i4fn6h35"}
{"type":"log","timestamp":1674751114839,"level":"debug","message":"Executing script testing (beforeRender)","meta":{"rootId":"u3gnji7u6adlz62","id":"u3gnji7u6adlz62"},"id":"kwlkonneft1th2i","previousOperationId":"1tpuod7i4fn6h35"}
{"type":"operationStart","subtype":"scriptsBeforeRender","name":"scripts beforeRender","timestamp":1674751114904,"id":"nncl69ta7j1mfpu","previousEventId":"dhryf283llj24nn","operationId":"1jnlx2v9umcdm6x","previousOperationId":"1tpuod7i4fn6h35"}
{"type":"operationStart","subtype":"script","name":"scripts testing","previousOperationId":"1jnlx2v9umcdm6x","timestamp":1674751114904,"id":"4ue000sx9pvajsy","previousEventId":"nncl69ta7j1mfpu","operationId":"nav5q4s5oc4pm9b"}
{"type":"log","timestamp":1674751115122,"level":"debug","message":"(console:log) {\n  locationName: [ 'Las Palmas de Gran Canaria', 'Galdar', 'Teror' ],\n  repetition: [ '2', '1', '3' ]\n}","meta":{"userLevel":true,"rootId":"u3gnji7u6adlz62","id":"u3gnji7u6adlz62"},"id":"w9f87k8xyqhqnqx","previousOperationId":"nav5q4s5oc4pm9b"}
{"type":"operationEnd","operationId":"nav5q4s5oc4pm9b","timestamp":1674751115522,"id":"xfwq5qcehlpfrrv","previousEventId":"dhryf283llj24nn","previousOperationId":"1tpuod7i4fn6h35"}
{"type":"operationEnd","operationId":"1jnlx2v9umcdm6x","timestamp":1674751115522,"id":"5ffw8kpw73pvxrs","previousEventId":"xfwq5qcehlpfrrv","previousOperationId":"1tpuod7i4fn6h35"}
{"type":"log","timestamp":1674751115522,"level":"debug","message":"Base url not specified, skipping its injection.","meta":{"rootId":"u3gnji7u6adlz62","id":"u3gnji7u6adlz62"},"id":"hk60nwanfd9xjc2","previousOperationId":"1jnlx2v9umcdm6x"}
{"type":"operationStart","subtype":"engine","name":"handlebars","timestamp":1674751115523,"id":"gi0kzjiggs27vc4","previousEventId":"5ffw8kpw73pvxrs","operationId":"1rvrwd4gz2938et","previousOperationId":"1jnlx2v9umcdm6x"}
{"type":"log","timestamp":1674751115523,"level":"debug","message":"Rendering engine handlebars","meta":{"rootId":"u3gnji7u6adlz62","id":"u3gnji7u6adlz62"},"id":"qhva5saia7z9uvl","previousOperationId":"1rvrwd4gz2938et"}
{"type":"operationEnd","operationId":"1rvrwd4gz2938et","timestamp":1674751115543,"id":"inkm8ka5rfu2p32","previousEventId":"gi0kzjiggs27vc4","previousOperationId":"1rvrwd4gz2938et"}
{"type":"operationStart","subtype":"recipe","name":"chrome-pdf","timestamp":1674751115544,"id":"zxbsuk75815q60u","previousEventId":"inkm8ka5rfu2p32","operationId":"z8ohnzozrdet8yf","previousOperationId":"1rvrwd4gz2938et"}
{"type":"log","timestamp":1674751115544,"level":"debug","message":"Executing recipe chrome-pdf","meta":{"rootId":"u3gnji7u6adlz62","id":"u3gnji7u6adlz62"},"id":"3mcqbp7amlplr6s","previousOperationId":"z8ohnzozrdet8yf"}
{"type":"log","timestamp":1674751115551,"level":"debug","message":"Converting with chrome HeadlessChrome/105.0.5173.0 using chrome-pool strategy","meta":{"rootId":"u3gnji7u6adlz62","id":"u3gnji7u6adlz62"},"id":"zlo7auj56bbsi97","previousOperationId":"z8ohnzozrdet8yf"}
{"type":"log","timestamp":1674751115644,"level":"debug","message":"Page request: GET (document) file:///C:/Users/Johan/AppData/Local/Temp/jsreport/autocleanup/aa5f2b25-4718-467b-88f3-325ec7135643-chrome-pdf.html","meta":{"rootId":"u3gnji7u6adlz62","id":"u3gnji7u6adlz62"},"id":"vpz2g1jbya1jb2l","previousOperationId":"z8ohnzozrdet8yf"}
{"type":"log","timestamp":1674751115670,"level":"debug","message":"Page request: GET (stylesheet) https://cdnjs.cloudflare.com/ajax/libs/metro/4.1.5/css/metro.min.css","meta":{"rootId":"u3gnji7u6adlz62","id":"u3gnji7u6adlz62"},"id":"tslt7u486g563c7","previousOperationId":"z8ohnzozrdet8yf"}
{"type":"log","timestamp":1674751115670,"level":"debug","message":"Page request: GET (stylesheet) https://cdnjs.cloudflare.com/ajax/libs/chartist/0.11.0/chartist.min.css","meta":{"rootId":"u3gnji7u6adlz62","id":"u3gnji7u6adlz62"},"id":"xrp0a7epz70rm7i","previousOperationId":"z8ohnzozrdet8yf"}
{"type":"log","timestamp":1674751115670,"level":"debug","message":"Page request: GET (script) https://cdnjs.cloudflare.com/ajax/libs/chartist/0.11.0/chartist.min.js","meta":{"rootId":"u3gnji7u6adlz62","id":"u3gnji7u6adlz62"},"id":"ykv6pagclq8qy93","previousOperationId":"z8ohnzozrdet8yf"}
{"type":"log","timestamp":1674751115670,"level":"debug","message":"Page request: GET (script) https://unpkg.com/chartist-plugin-tooltips@0.0.17","meta":{"rootId":"u3gnji7u6adlz62","id":"u3gnji7u6adlz62"},"id":"0yl28byjrv8f8ky","previousOperationId":"z8ohnzozrdet8yf"}
{"type":"log","timestamp":1674751115671,"level":"debug","message":"Page request: GET (script) https://unpkg.com/chartist-plugin-pointlabels@0.0.6","meta":{"rootId":"u3gnji7u6adlz62","id":"u3gnji7u6adlz62"},"id":"urr3cwuwpqwjqyy","previousOperationId":"z8ohnzozrdet8yf"}
{"type":"log","timestamp":1674751115671,"level":"debug","message":"Page request finished: GET (document) 200 file:///C:/Users/Johan/AppData/Local/Temp/jsreport/autocleanup/aa5f2b25-4718-467b-88f3-325ec7135643-chrome-pdf.html","meta":{"rootId":"u3gnji7u6adlz62","id":"u3gnji7u6adlz62"},"id":"sfbcj6h6w8jt2su","previousOperationId":"z8ohnzozrdet8yf"}
{"type":"log","timestamp":1674751115677,"level":"debug","message":"Page request finished: GET (stylesheet) 200 https://cdnjs.cloudflare.com/ajax/libs/chartist/0.11.0/chartist.min.css","meta":{"rootId":"u3gnji7u6adlz62","id":"u3gnji7u6adlz62"},"id":"gjdclocwqiksq5h","previousOperationId":"z8ohnzozrdet8yf"}
{"type":"log","timestamp":1674751115678,"level":"warn","message":"Page request failed: GET (script) 302 https://unpkg.com/chartist-plugin-tooltips@0.0.17 (redirect to: /chartist-plugin-tooltips@0.0.17/dist/chartist-plugin-tooltip.js)","meta":{"rootId":"u3gnji7u6adlz62","id":"u3gnji7u6adlz62"},"id":"xz4s7lk2zwaiake","previousOperationId":"z8ohnzozrdet8yf"}
{"type":"log","timestamp":1674751115679,"level":"debug","message":"Page request: GET (script) https://unpkg.com/chartist-plugin-tooltips@0.0.17/dist/chartist-plugin-tooltip.js (redirect from: https://unpkg.com/chartist-plugin-tooltips@0.0.17)","meta":{"rootId":"u3gnji7u6adlz62","id":"u3gnji7u6adlz62"},"id":"8k0fkbd2hw4cvc3","previousOperationId":"z8ohnzozrdet8yf"}
{"type":"log","timestamp":1674751115680,"level":"warn","message":"Page request failed: GET (script) 302 https://unpkg.com/chartist-plugin-pointlabels@0.0.6 (redirect to: /chartist-plugin-pointlabels@0.0.6/dist/chartist-plugin-pointlabels.js)","meta":{"rootId":"u3gnji7u6adlz62","id":"u3gnji7u6adlz62"},"id":"l0xwhq2igu52kzm","previousOperationId":"z8ohnzozrdet8yf"}
{"type":"log","timestamp":1674751115680,"level":"debug","message":"Page request: GET (script) https://unpkg.com/chartist-plugin-pointlabels@0.0.6/dist/chartist-plugin-pointlabels.js (redirect from: https://unpkg.com/chartist-plugin-pointlabels@0.0.6)","meta":{"rootId":"u3gnji7u6adlz62","id":"u3gnji7u6adlz62"},"id":"biyoahmz915efor","previousOperationId":"z8ohnzozrdet8yf"}
{"type":"log","timestamp":1674751115696,"level":"debug","message":"Page request finished: GET (stylesheet) 200 https://cdnjs.cloudflare.com/ajax/libs/metro/4.1.5/css/metro.min.css","meta":{"rootId":"u3gnji7u6adlz62","id":"u3gnji7u6adlz62"},"id":"d3yitmurw4rcvrw","previousOperationId":"z8ohnzozrdet8yf"}
{"type":"log","timestamp":1674751115696,"level":"debug","message":"Page request finished: GET (script) 200 https://cdnjs.cloudflare.com/ajax/libs/chartist/0.11.0/chartist.min.js","meta":{"rootId":"u3gnji7u6adlz62","id":"u3gnji7u6adlz62"},"id":"xe99gdux2dkgyk4","previousOperationId":"z8ohnzozrdet8yf"}
{"type":"log","timestamp":1674751115699,"level":"debug","message":"Page request finished: GET (script) 200 https://unpkg.com/chartist-plugin-tooltips@0.0.17/dist/chartist-plugin-tooltip.js","meta":{"rootId":"u3gnji7u6adlz62","id":"u3gnji7u6adlz62"},"id":"xfomslbddqx2fb0","previousOperationId":"z8ohnzozrdet8yf"}
{"type":"log","timestamp":1674751115699,"level":"debug","message":"Page request finished: GET (script) 200 https://unpkg.com/chartist-plugin-pointlabels@0.0.6/dist/chartist-plugin-pointlabels.js","meta":{"rootId":"u3gnji7u6adlz62","id":"u3gnji7u6adlz62"},"id":"olvhjimoz3nzq6k","previousOperationId":"z8ohnzozrdet8yf"}
{"type":"log","timestamp":1674751115702,"level":"debug","message":"(console:log) Me he venido","meta":{"userLevel":true,"rootId":"u3gnji7u6adlz62","id":"u3gnji7u6adlz62"},"id":"xfu2il2s5omioft","previousOperationId":"z8ohnzozrdet8yf"}
{"type":"log","timestamp":1674751115755,"level":"debug","message":"Running chrome with params {\"printBackground\":true,\"timeout\":59271,\"margin\":{}}","meta":{"rootId":"u3gnji7u6adlz62","id":"u3gnji7u6adlz62"},"id":"e0fny6khdrqc2yu","previousOperationId":"z8ohnzozrdet8yf"}
{"type":"operationEnd","operationId":"z8ohnzozrdet8yf","timestamp":1674751115936,"id":"cwogmu5bb1npgw1","previousEventId":"zxbsuk75815q60u","previousOperationId":"z8ohnzozrdet8yf"}
{"type":"log","timestamp":1674751115936,"level":"debug","message":"Executing script testing (afterRender)","meta":{"rootId":"u3gnji7u6adlz62","id":"u3gnji7u6adlz62"},"id":"kvxye8llg135l0y","previousOperationId":"z8ohnzozrdet8yf"}
{"type":"operationStart","subtype":"scriptsAfterRender","name":"scripts afterRender","timestamp":1674751115954,"id":"2029d1wgdu1v7xt","previousEventId":"cwogmu5bb1npgw1","operationId":"az8r444nil919j6","previousOperationId":"z8ohnzozrdet8yf"}
{"type":"operationStart","subtype":"script","name":"scripts testing","previousOperationId":"az8r444nil919j6","timestamp":1674751115954,"id":"l2j2gwz36jj3kxw","previousEventId":"2029d1wgdu1v7xt","operationId":"1fuxqo196yi00gq"}
{"type":"operationEnd","operationId":"1fuxqo196yi00gq","timestamp":1674751117054,"id":"kqdwfdp6zo2uyyq","previousEventId":"cwogmu5bb1npgw1","previousOperationId":"z8ohnzozrdet8yf"}
{"type":"operationEnd","operationId":"az8r444nil919j6","timestamp":1674751117054,"id":"zpfc56oar55w83v","previousEventId":"kqdwfdp6zo2uyyq","previousOperationId":"z8ohnzozrdet8yf"}
{"type":"log","timestamp":1674751117054,"level":"debug","message":"Skipping storing report.","meta":{"rootId":"u3gnji7u6adlz62","id":"u3gnji7u6adlz62"},"id":"kkbnyhk5nht6ve0","previousOperationId":"az8r444nil919j6"}
{"type":"log","timestamp":1674751117054,"level":"info","message":"Rendering request 2 finished in 2234 ms","meta":{"rootId":"u3gnji7u6adlz62","id":"u3gnji7u6adlz62"},"id":"qmj8yfvjxcjfzf3","previousOperationId":"az8r444nil919j6"}
{"type":"operationEnd","subtype":"render","operationId":"1tpuod7i4fn6h35","timestamp":1674751117054,"id":"u9rbhi0qa3ovbpp","previousEventId":"zpfc56oar55w83v","previousOperationId":"az8r444nil919j6"}
{"type":"operationEnd","doDiffs":false,"previousEventId":"58c15ykdj8r4x6k","previousOperationId":"mw5wjp0knh90d6x","operationId":"mw5wjp0knh90d6x","timestamp":1674751117060,"id":"djbit8p8dxejm7r"}
