{"type":"operationStart","subtype":"profile","data":{"_id":"nN39UrXCGtFN553i","timestamp":"2023-01-26T16:02:12.872Z","state":"queued","mode":"standard","creationDate":"2023-01-26T16:02:12.874Z","modificationDate":"2023-01-26T16:02:12.874Z","shortid":"MMdtpsY","$entitySet":"profiles"},"doDiffs":false,"timestamp":1674748932873,"id":"gfx6fu8w6ghn7z2","previousOperationId":null,"operationId":"2aj8h06yt84d6om"}
{"type":"log","level":"info","message":"Render request 48 queued for execution and waiting for available worker","previousOperationId":"2aj8h06yt84d6om","timestamp":1674748932873,"id":"5kqyohj0d9h390z"}
{"type":"operationStart","subtype":"render","name":"Data","previousOperationId":"2aj8h06yt84d6om","timestamp":1674748932882,"id":"61kw7y16ikr5kr4","previousEventId":"gfx6fu8w6ghn7z2","operationId":"va21cn7nnaasi8b"}
{"type":"log","timestamp":1674748932882,"level":"info","message":"Starting rendering request 48","meta":{"rootId":"u4kwmo6c8sodpb6","id":"u4kwmo6c8sodpb6"},"id":"nst17zo5wnm4p4i","previousOperationId":"va21cn7nnaasi8b"}
{"type":"log","timestamp":1674748932883,"level":"info","message":"Rendering template { name: Data, recipe: chrome-pdf, engine: handlebars, preview: true }","meta":{"rootId":"u4kwmo6c8sodpb6","id":"u4kwmo6c8sodpb6"},"id":"1t103148z4u6xa8","previousOperationId":"va21cn7nnaasi8b"}
{"type":"log","timestamp":1674748932885,"level":"debug","message":"Data item not defined for this template.","meta":{"rootId":"u4kwmo6c8sodpb6","id":"u4kwmo6c8sodpb6"},"id":"ub039037xf3jtn6","previousOperationId":"va21cn7nnaasi8b"}
{"type":"log","timestamp":1674748932887,"level":"debug","message":"Executing script testing (beforeRender)","meta":{"rootId":"u4kwmo6c8sodpb6","id":"u4kwmo6c8sodpb6"},"id":"qwz9e77xi0n45ze","previousOperationId":"va21cn7nnaasi8b"}
{"type":"operationStart","subtype":"scriptsBeforeRender","name":"scripts beforeRender","timestamp":1674748932930,"id":"77jc17h3pjomrth","previousEventId":"61kw7y16ikr5kr4","operationId":"74fmg74feywqnfi","previousOperationId":"va21cn7nnaasi8b"}
{"type":"operationStart","subtype":"script","name":"scripts testing","previousOperationId":"74fmg74feywqnfi","timestamp":1674748932930,"id":"9dnkjis53v4ws8a","previousEventId":"77jc17h3pjomrth","operationId":"nolrdv21pwtcg2w"}
{"type":"log","timestamp":1674748933191,"level":"debug","message":"(console:log) { location_id: [ '58', '2', '59' ], repetition: [ '2', '3', '1' ] }","meta":{"userLevel":true,"rootId":"u4kwmo6c8sodpb6","id":"u4kwmo6c8sodpb6"},"id":"adec890a9eh9f4n","previousOperationId":"nolrdv21pwtcg2w"}
{"type":"operationEnd","operationId":"nolrdv21pwtcg2w","timestamp":1674748933596,"id":"kiamly2e6vixr93","previousEventId":"61kw7y16ikr5kr4","previousOperationId":"va21cn7nnaasi8b"}
{"type":"operationEnd","operationId":"74fmg74feywqnfi","timestamp":1674748933596,"id":"ivsxi8mzn4tesm8","previousEventId":"kiamly2e6vixr93","previousOperationId":"va21cn7nnaasi8b"}
{"type":"log","timestamp":1674748933596,"level":"debug","message":"Base url not specified, skipping its injection.","meta":{"rootId":"u4kwmo6c8sodpb6","id":"u4kwmo6c8sodpb6"},"id":"5cf82gn1k1y014b","previousOperationId":"74fmg74feywqnfi"}
{"type":"operationStart","subtype":"engine","name":"handlebars","timestamp":1674748933596,"id":"4mv5djf698szoj0","previousEventId":"ivsxi8mzn4tesm8","operationId":"6a3l8ionud20593","previousOperationId":"74fmg74feywqnfi"}
{"type":"log","timestamp":1674748933596,"level":"debug","message":"Rendering engine handlebars","meta":{"rootId":"u4kwmo6c8sodpb6","id":"u4kwmo6c8sodpb6"},"id":"fw0qtdqpwanluvx","previousOperationId":"6a3l8ionud20593"}
{"type":"operationEnd","operationId":"6a3l8ionud20593","timestamp":1674748933607,"id":"b9ss2pksmvo3666","previousEventId":"4mv5djf698szoj0","previousOperationId":"6a3l8ionud20593"}
{"type":"operationStart","subtype":"recipe","name":"chrome-pdf","timestamp":1674748933607,"id":"k57ml0gp4vd1nkj","previousEventId":"b9ss2pksmvo3666","operationId":"xsxv85s6urgfrkx","previousOperationId":"6a3l8ionud20593"}
{"type":"log","timestamp":1674748933607,"level":"debug","message":"Executing recipe chrome-pdf","meta":{"rootId":"u4kwmo6c8sodpb6","id":"u4kwmo6c8sodpb6"},"id":"64mke4bf28ellws","previousOperationId":"xsxv85s6urgfrkx"}
{"type":"log","timestamp":1674748933609,"level":"debug","message":"Converting with chrome HeadlessChrome/105.0.5173.0 using chrome-pool strategy","meta":{"rootId":"u4kwmo6c8sodpb6","id":"u4kwmo6c8sodpb6"},"id":"uumjch9n507s462","previousOperationId":"xsxv85s6urgfrkx"}
{"type":"log","timestamp":1674748933687,"level":"debug","message":"Page request: GET (document) file:///C:/Users/Johan/AppData/Local/Temp/jsreport/autocleanup/6e523de8-1b33-4cb8-8521-072f7df679d9-chrome-pdf.html","meta":{"rootId":"u4kwmo6c8sodpb6","id":"u4kwmo6c8sodpb6"},"id":"rzymsknboqpjfq7","previousOperationId":"xsxv85s6urgfrkx"}
{"type":"log","timestamp":1674748933708,"level":"debug","message":"Page request: GET (stylesheet) https://cdnjs.cloudflare.com/ajax/libs/metro/4.1.5/css/metro.min.css","meta":{"rootId":"u4kwmo6c8sodpb6","id":"u4kwmo6c8sodpb6"},"id":"6qwnfhfw5h76v2s","previousOperationId":"xsxv85s6urgfrkx"}
{"type":"log","timestamp":1674748933708,"level":"debug","message":"Page request: GET (script) https://cdnjs.cloudflare.com/ajax/libs/Chart.js/2.7.2/Chart.min.js","meta":{"rootId":"u4kwmo6c8sodpb6","id":"u4kwmo6c8sodpb6"},"id":"fkr7fum7ndte5of","previousOperationId":"xsxv85s6urgfrkx"}
{"type":"log","timestamp":1674748933708,"level":"debug","message":"Page request: GET (stylesheet) https://cdnjs.cloudflare.com/ajax/libs/chartist/0.11.0/chartist.min.css","meta":{"rootId":"u4kwmo6c8sodpb6","id":"u4kwmo6c8sodpb6"},"id":"2z8huht5wku8btf","previousOperationId":"xsxv85s6urgfrkx"}
{"type":"log","timestamp":1674748933709,"level":"debug","message":"Page request finished: GET (document) 200 file:///C:/Users/Johan/AppData/Local/Temp/jsreport/autocleanup/6e523de8-1b33-4cb8-8521-072f7df679d9-chrome-pdf.html","meta":{"rootId":"u4kwmo6c8sodpb6","id":"u4kwmo6c8sodpb6"},"id":"9g65a9g6oiqucus","previousOperationId":"xsxv85s6urgfrkx"}
{"type":"log","timestamp":1674748933710,"level":"debug","message":"Page request: GET (script) https://cdnjs.cloudflare.com/ajax/libs/chartist/0.11.0/chartist.min.js","meta":{"rootId":"u4kwmo6c8sodpb6","id":"u4kwmo6c8sodpb6"},"id":"7niddfcprot2qnn","previousOperationId":"xsxv85s6urgfrkx"}
{"type":"log","timestamp":1674748933710,"level":"debug","message":"Page request: GET (script) https://unpkg.com/chartist-plugin-tooltips@0.0.17","meta":{"rootId":"u4kwmo6c8sodpb6","id":"u4kwmo6c8sodpb6"},"id":"h0x1ldcnf6n2tx9","previousOperationId":"xsxv85s6urgfrkx"}
{"type":"log","timestamp":1674748933710,"level":"debug","message":"Page request: GET (script) https://unpkg.com/chartist-plugin-pointlabels@0.0.6","meta":{"rootId":"u4kwmo6c8sodpb6","id":"u4kwmo6c8sodpb6"},"id":"fchh3ao633qr62f","previousOperationId":"xsxv85s6urgfrkx"}
{"type":"log","timestamp":1674748933715,"level":"debug","message":"Page request finished: GET (stylesheet) 200 https://cdnjs.cloudflare.com/ajax/libs/chartist/0.11.0/chartist.min.css","meta":{"rootId":"u4kwmo6c8sodpb6","id":"u4kwmo6c8sodpb6"},"id":"0wdwe2pfjy6mpn9","previousOperationId":"xsxv85s6urgfrkx"}
{"type":"log","timestamp":1674748933716,"level":"debug","message":"Page request finished: GET (script) 200 https://cdnjs.cloudflare.com/ajax/libs/Chart.js/2.7.2/Chart.min.js","meta":{"rootId":"u4kwmo6c8sodpb6","id":"u4kwmo6c8sodpb6"},"id":"3gk3pxs6fjs71fu","previousOperationId":"xsxv85s6urgfrkx"}
{"type":"log","timestamp":1674748933717,"level":"warn","message":"Page request failed: GET (script) 302 https://unpkg.com/chartist-plugin-tooltips@0.0.17 (redirect to: /chartist-plugin-tooltips@0.0.17/dist/chartist-plugin-tooltip.js)","meta":{"rootId":"u4kwmo6c8sodpb6","id":"u4kwmo6c8sodpb6"},"id":"b6yaa4ztwqix7wv","previousOperationId":"xsxv85s6urgfrkx"}
{"type":"log","timestamp":1674748933717,"level":"debug","message":"Page request: GET (script) https://unpkg.com/chartist-plugin-tooltips@0.0.17/dist/chartist-plugin-tooltip.js (redirect from: https://unpkg.com/chartist-plugin-tooltips@0.0.17)","meta":{"rootId":"u4kwmo6c8sodpb6","id":"u4kwmo6c8sodpb6"},"id":"r4s9rtp1wcaxkua","previousOperationId":"xsxv85s6urgfrkx"}
{"type":"log","timestamp":1674748933718,"level":"warn","message":"Page request failed: GET (script) 302 https://unpkg.com/chartist-plugin-pointlabels@0.0.6 (redirect to: /chartist-plugin-pointlabels@0.0.6/dist/chartist-plugin-pointlabels.js)","meta":{"rootId":"u4kwmo6c8sodpb6","id":"u4kwmo6c8sodpb6"},"id":"us2yo9gyyle96k6","previousOperationId":"xsxv85s6urgfrkx"}
{"type":"log","timestamp":1674748933718,"level":"debug","message":"Page request: GET (script) https://unpkg.com/chartist-plugin-pointlabels@0.0.6/dist/chartist-plugin-pointlabels.js (redirect from: https://unpkg.com/chartist-plugin-pointlabels@0.0.6)","meta":{"rootId":"u4kwmo6c8sodpb6","id":"u4kwmo6c8sodpb6"},"id":"uqaxsi314xgvmah","previousOperationId":"xsxv85s6urgfrkx"}
{"type":"log","timestamp":1674748933719,"level":"debug","message":"Page request finished: GET (script) 200 https://cdnjs.cloudflare.com/ajax/libs/chartist/0.11.0/chartist.min.js","meta":{"rootId":"u4kwmo6c8sodpb6","id":"u4kwmo6c8sodpb6"},"id":"5420e35qprfq62v","previousOperationId":"xsxv85s6urgfrkx"}
{"type":"log","timestamp":1674748933734,"level":"debug","message":"Page request finished: GET (stylesheet) 200 https://cdnjs.cloudflare.com/ajax/libs/metro/4.1.5/css/metro.min.css","meta":{"rootId":"u4kwmo6c8sodpb6","id":"u4kwmo6c8sodpb6"},"id":"72mysbwfhy6ia8u","previousOperationId":"xsxv85s6urgfrkx"}
{"type":"log","timestamp":1674748933740,"level":"debug","message":"Page request finished: GET (script) 200 https://unpkg.com/chartist-plugin-tooltips@0.0.17/dist/chartist-plugin-tooltip.js","meta":{"rootId":"u4kwmo6c8sodpb6","id":"u4kwmo6c8sodpb6"},"id":"vj9f2ld4mlofr5b","previousOperationId":"xsxv85s6urgfrkx"}
{"type":"log","timestamp":1674748933740,"level":"debug","message":"Page request finished: GET (script) 200 https://unpkg.com/chartist-plugin-pointlabels@0.0.6/dist/chartist-plugin-pointlabels.js","meta":{"rootId":"u4kwmo6c8sodpb6","id":"u4kwmo6c8sodpb6"},"id":"bwgj9f9icr4rwrc","previousOperationId":"xsxv85s6urgfrkx"}
{"type":"log","timestamp":1674748933743,"level":"debug","message":"(console:log) Me he venido","meta":{"userLevel":true,"rootId":"u4kwmo6c8sodpb6","id":"u4kwmo6c8sodpb6"},"id":"wevbfuatgc4ym07","previousOperationId":"xsxv85s6urgfrkx"}
{"type":"log","timestamp":1674748933784,"level":"warn","message":"Page error: TypeError: b.normalized.series[e].forEach is not a function\n    at f.<anonymous> (https://cdnjs.cloudflare.com/ajax/libs/chartist/0.11.0/chartist.min.js:9:2056)\n    at Array.forEach (<anonymous>)\n    at f.d [as createChart] (https://cdnjs.cloudflare.com/ajax/libs/chartist/0.11.0/chartist.min.js:9:1626)\n    at f.h (https://cdnjs.cloudflare.com/ajax/libs/chartist/0.11.0/chartist.min.js:8:15161)","meta":{"rootId":"u4kwmo6c8sodpb6","id":"u4kwmo6c8sodpb6"},"id":"4m8imv5tpnwre2n","previousOperationId":"xsxv85s6urgfrkx"}
{"type":"log","timestamp":1674748933796,"level":"debug","message":"Running chrome with params {\"printBackground\":true,\"timeout\":59262,\"margin\":{}}","meta":{"rootId":"u4kwmo6c8sodpb6","id":"u4kwmo6c8sodpb6"},"id":"o6l12vvjngxdrbz","previousOperationId":"xsxv85s6urgfrkx"}
{"type":"operationEnd","operationId":"xsxv85s6urgfrkx","timestamp":1674748933946,"id":"ezry1uhxkuptdw2","previousEventId":"k57ml0gp4vd1nkj","previousOperationId":"xsxv85s6urgfrkx"}
{"type":"log","timestamp":1674748933947,"level":"debug","message":"Executing script testing (afterRender)","meta":{"rootId":"u4kwmo6c8sodpb6","id":"u4kwmo6c8sodpb6"},"id":"mgig1zioojnsskx","previousOperationId":"xsxv85s6urgfrkx"}
{"type":"operationStart","subtype":"scriptsAfterRender","name":"scripts afterRender","timestamp":1674748933956,"id":"afk55kfc6lbyjyq","previousEventId":"ezry1uhxkuptdw2","operationId":"h77lpt08t1ei4ms","previousOperationId":"xsxv85s6urgfrkx"}
{"type":"operationStart","subtype":"script","name":"scripts testing","previousOperationId":"h77lpt08t1ei4ms","timestamp":1674748933956,"id":"f37gjn2grx7jdak","previousEventId":"afk55kfc6lbyjyq","operationId":"16o0wx69oqjvbx9"}
{"type":"operationEnd","operationId":"16o0wx69oqjvbx9","timestamp":1674748935154,"id":"0gzaw9j2i50eypo","previousEventId":"ezry1uhxkuptdw2","previousOperationId":"xsxv85s6urgfrkx"}
{"type":"operationEnd","operationId":"h77lpt08t1ei4ms","timestamp":1674748935154,"id":"cqa1trmt4s1vibl","previousEventId":"0gzaw9j2i50eypo","previousOperationId":"xsxv85s6urgfrkx"}
{"type":"log","timestamp":1674748935154,"level":"debug","message":"Skipping storing report.","meta":{"rootId":"u4kwmo6c8sodpb6","id":"u4kwmo6c8sodpb6"},"id":"59sjr7id3ezo8az","previousOperationId":"h77lpt08t1ei4ms"}
{"type":"log","timestamp":1674748935154,"level":"info","message":"Rendering request 48 finished in 2283 ms","meta":{"rootId":"u4kwmo6c8sodpb6","id":"u4kwmo6c8sodpb6"},"id":"c2hpsrdibs49tcp","previousOperationId":"h77lpt08t1ei4ms"}
{"type":"operationEnd","subtype":"render","operationId":"va21cn7nnaasi8b","timestamp":1674748935154,"id":"wwpj9d0ucxqheb7","previousEventId":"cqa1trmt4s1vibl","previousOperationId":"h77lpt08t1ei4ms"}
{"type":"operationEnd","doDiffs":false,"previousEventId":"gfx6fu8w6ghn7z2","previousOperationId":"2aj8h06yt84d6om","operationId":"2aj8h06yt84d6om","timestamp":1674748935157,"id":"k9d6mp37z3dvkbx"}
