{"type":"operationStart","subtype":"profile","data":{"_id":"Z55moVBcloIPDA07","timestamp":"2023-01-26T17:24:52.301Z","state":"queued","mode":"standard","creationDate":"2023-01-26T17:24:52.304Z","modificationDate":"2023-01-26T17:24:52.304Z","shortid":"_xhqIKl","$entitySet":"profiles"},"doDiffs":false,"timestamp":1674753892302,"id":"u0fj7vjiqqfr204","previousOperationId":null,"operationId":"g7u2lr7apuiy92y"}
{"type":"log","level":"info","message":"Render request 33 queued for execution and waiting for available worker","previousOperationId":"g7u2lr7apuiy92y","timestamp":1674753892302,"id":"byv72to2tdpwtwr"}
{"type":"operationStart","subtype":"render","name":"Data","previousOperationId":"g7u2lr7apuiy92y","timestamp":1674753892312,"id":"dm6a0qgg7v760hs","previousEventId":"u0fj7vjiqqfr204","operationId":"2xdcneyn2fdrk0r"}
{"type":"log","timestamp":1674753892312,"level":"info","message":"Starting rendering request 33","meta":{"rootId":"ur1edej6hwt7e7i","id":"ur1edej6hwt7e7i"},"id":"cdrbwt7d8bqac20","previousOperationId":"2xdcneyn2fdrk0r"}
{"type":"log","timestamp":1674753892312,"level":"info","message":"Rendering template { name: Data, recipe: chrome-pdf, engine: handlebars, preview: true }","meta":{"rootId":"ur1edej6hwt7e7i","id":"ur1edej6hwt7e7i"},"id":"mjy9vmrq54phqqt","previousOperationId":"2xdcneyn2fdrk0r"}
{"type":"log","timestamp":1674753892313,"level":"debug","message":"Data item not defined for this template.","meta":{"rootId":"ur1edej6hwt7e7i","id":"ur1edej6hwt7e7i"},"id":"qoap103512zggow","previousOperationId":"2xdcneyn2fdrk0r"}
{"type":"log","timestamp":1674753892314,"level":"debug","message":"Executing script testing (beforeRender)","meta":{"rootId":"ur1edej6hwt7e7i","id":"ur1edej6hwt7e7i"},"id":"9tvw87vqrjvqpuj","previousOperationId":"2xdcneyn2fdrk0r"}
{"type":"operationStart","subtype":"scriptsBeforeRender","name":"scripts beforeRender","timestamp":1674753892353,"id":"11xirovyvzfd2t5","previousEventId":"dm6a0qgg7v760hs","operationId":"stonzsygakh2w2y","previousOperationId":"2xdcneyn2fdrk0r"}
{"type":"operationStart","subtype":"script","name":"scripts testing","previousOperationId":"stonzsygakh2w2y","timestamp":1674753892353,"id":"ao9azzzuyg5zr8r","previousEventId":"11xirovyvzfd2t5","operationId":"p5kmx7yuc5xxinq"}
{"type":"log","timestamp":1674753892583,"level":"debug","message":"(console:log) {\n  locationName: [ 'Las Palmas de Gran Canaria', 'Galdar', 'Teror' ],\n  repetition: [ '2', '1', '3' ]\n}","meta":{"userLevel":true,"rootId":"ur1edej6hwt7e7i","id":"ur1edej6hwt7e7i"},"id":"5kkpuxdjnhok5hw","previousOperationId":"p5kmx7yuc5xxinq"}
{"type":"log","timestamp":1674753892583,"level":"debug","message":"(console:log) [ 'Las Palmas de Gran Canaria', 'Galdar', 'Teror' ]","meta":{"userLevel":true,"rootId":"ur1edej6hwt7e7i","id":"ur1edej6hwt7e7i"},"id":"tjbo4c7somozumw","previousOperationId":"p5kmx7yuc5xxinq"}
{"type":"log","timestamp":1674753892583,"level":"debug","message":"(console:log) [ '2', '1', '3' ]","meta":{"userLevel":true,"rootId":"ur1edej6hwt7e7i","id":"ur1edej6hwt7e7i"},"id":"j783qlzv4u43d18","previousOperationId":"p5kmx7yuc5xxinq"}
{"type":"operationEnd","operationId":"p5kmx7yuc5xxinq","timestamp":1674753893002,"id":"8d1w9yn0tq2290e","previousEventId":"dm6a0qgg7v760hs","previousOperationId":"2xdcneyn2fdrk0r"}
{"type":"operationEnd","operationId":"stonzsygakh2w2y","timestamp":1674753893002,"id":"1ee7xlznoepn72b","previousEventId":"8d1w9yn0tq2290e","previousOperationId":"2xdcneyn2fdrk0r"}
{"type":"log","timestamp":1674753893002,"level":"debug","message":"Base url not specified, skipping its injection.","meta":{"rootId":"ur1edej6hwt7e7i","id":"ur1edej6hwt7e7i"},"id":"2o6fgtp3yqj9rys","previousOperationId":"stonzsygakh2w2y"}
{"type":"operationStart","subtype":"engine","name":"handlebars","timestamp":1674753893002,"id":"x1cgvetpkdnfxi1","previousEventId":"1ee7xlznoepn72b","operationId":"nsuexjjb3z27c8d","previousOperationId":"stonzsygakh2w2y"}
{"type":"log","timestamp":1674753893002,"level":"debug","message":"Rendering engine handlebars","meta":{"rootId":"ur1edej6hwt7e7i","id":"ur1edej6hwt7e7i"},"id":"k46yz7ysrcvphxg","previousOperationId":"nsuexjjb3z27c8d"}
{"type":"operationEnd","operationId":"nsuexjjb3z27c8d","timestamp":1674753893019,"id":"x741x9r3fs4dzop","previousEventId":"x1cgvetpkdnfxi1","previousOperationId":"nsuexjjb3z27c8d"}
{"type":"operationStart","subtype":"recipe","name":"chrome-pdf","timestamp":1674753893020,"id":"8vpcj6gzgqu62u6","previousEventId":"x741x9r3fs4dzop","operationId":"7znxxw0ca0v8s6y","previousOperationId":"nsuexjjb3z27c8d"}
{"type":"log","timestamp":1674753893020,"level":"debug","message":"Executing recipe chrome-pdf","meta":{"rootId":"ur1edej6hwt7e7i","id":"ur1edej6hwt7e7i"},"id":"mysh51mqe0lo7kl","previousOperationId":"7znxxw0ca0v8s6y"}
{"type":"log","timestamp":1674753893024,"level":"debug","message":"Converting with chrome HeadlessChrome/105.0.5173.0 using chrome-pool strategy","meta":{"rootId":"ur1edej6hwt7e7i","id":"ur1edej6hwt7e7i"},"id":"rnh3sft0rzcz9sr","previousOperationId":"7znxxw0ca0v8s6y"}
{"type":"log","timestamp":1674753893139,"level":"debug","message":"Page request: GET (document) file:///C:/Users/Johan/AppData/Local/Temp/jsreport/autocleanup/8f2defe6-a63e-491a-82d0-234855f0900c-chrome-pdf.html","meta":{"rootId":"ur1edej6hwt7e7i","id":"ur1edej6hwt7e7i"},"id":"5rist201ytmhoek","previousOperationId":"7znxxw0ca0v8s6y"}
{"type":"log","timestamp":1674753893162,"level":"debug","message":"Page request: GET (stylesheet) https://cdnjs.cloudflare.com/ajax/libs/metro/4.1.5/css/metro.min.css","meta":{"rootId":"ur1edej6hwt7e7i","id":"ur1edej6hwt7e7i"},"id":"3jejju1ak7ouj9c","previousOperationId":"7znxxw0ca0v8s6y"}
{"type":"log","timestamp":1674753893162,"level":"debug","message":"Page request: GET (stylesheet) https://cdnjs.cloudflare.com/ajax/libs/chartist/0.11.0/chartist.min.css","meta":{"rootId":"ur1edej6hwt7e7i","id":"ur1edej6hwt7e7i"},"id":"ak1zj7ipnquzf9l","previousOperationId":"7znxxw0ca0v8s6y"}
{"type":"log","timestamp":1674753893163,"level":"debug","message":"Page request: GET (script) https://cdnjs.cloudflare.com/ajax/libs/chartist/0.11.0/chartist.min.js","meta":{"rootId":"ur1edej6hwt7e7i","id":"ur1edej6hwt7e7i"},"id":"nqkx6a3p2hpu1u0","previousOperationId":"7znxxw0ca0v8s6y"}
{"type":"log","timestamp":1674753893163,"level":"debug","message":"Page request: GET (script) https://unpkg.com/chartist-plugin-tooltips@0.0.17","meta":{"rootId":"ur1edej6hwt7e7i","id":"ur1edej6hwt7e7i"},"id":"51nmnrq1r8kqi11","previousOperationId":"7znxxw0ca0v8s6y"}
{"type":"log","timestamp":1674753893163,"level":"debug","message":"Page request: GET (script) https://unpkg.com/chartist-plugin-pointlabels@0.0.6","meta":{"rootId":"ur1edej6hwt7e7i","id":"ur1edej6hwt7e7i"},"id":"kp5bg85uk1l708j","previousOperationId":"7znxxw0ca0v8s6y"}
{"type":"log","timestamp":1674753893164,"level":"debug","message":"Page request finished: GET (document) 200 file:///C:/Users/Johan/AppData/Local/Temp/jsreport/autocleanup/8f2defe6-a63e-491a-82d0-234855f0900c-chrome-pdf.html","meta":{"rootId":"ur1edej6hwt7e7i","id":"ur1edej6hwt7e7i"},"id":"ttnyr9wjfgpcc4u","previousOperationId":"7znxxw0ca0v8s6y"}
{"type":"log","timestamp":1674753893171,"level":"warn","message":"Page request failed: GET (script) 302 https://unpkg.com/chartist-plugin-tooltips@0.0.17 (redirect to: /chartist-plugin-tooltips@0.0.17/dist/chartist-plugin-tooltip.js)","meta":{"rootId":"ur1edej6hwt7e7i","id":"ur1edej6hwt7e7i"},"id":"um0gs5id16yulb6","previousOperationId":"7znxxw0ca0v8s6y"}
{"type":"log","timestamp":1674753893172,"level":"debug","message":"Page request: GET (script) https://unpkg.com/chartist-plugin-tooltips@0.0.17/dist/chartist-plugin-tooltip.js (redirect from: https://unpkg.com/chartist-plugin-tooltips@0.0.17)","meta":{"rootId":"ur1edej6hwt7e7i","id":"ur1edej6hwt7e7i"},"id":"0f2tgpkln7zoae7","previousOperationId":"7znxxw0ca0v8s6y"}
{"type":"log","timestamp":1674753893174,"level":"debug","message":"Page request finished: GET (stylesheet) 200 https://cdnjs.cloudflare.com/ajax/libs/chartist/0.11.0/chartist.min.css","meta":{"rootId":"ur1edej6hwt7e7i","id":"ur1edej6hwt7e7i"},"id":"de7hlvouzhjlbeu","previousOperationId":"7znxxw0ca0v8s6y"}
{"type":"log","timestamp":1674753893175,"level":"warn","message":"Page request failed: GET (script) 302 https://unpkg.com/chartist-plugin-pointlabels@0.0.6 (redirect to: /chartist-plugin-pointlabels@0.0.6/dist/chartist-plugin-pointlabels.js)","meta":{"rootId":"ur1edej6hwt7e7i","id":"ur1edej6hwt7e7i"},"id":"wzkn01z3h4wbn1x","previousOperationId":"7znxxw0ca0v8s6y"}
{"type":"log","timestamp":1674753893175,"level":"debug","message":"Page request: GET (script) https://unpkg.com/chartist-plugin-pointlabels@0.0.6/dist/chartist-plugin-pointlabels.js (redirect from: https://unpkg.com/chartist-plugin-pointlabels@0.0.6)","meta":{"rootId":"ur1edej6hwt7e7i","id":"ur1edej6hwt7e7i"},"id":"x8idv11gj0zuvmv","previousOperationId":"7znxxw0ca0v8s6y"}
{"type":"log","timestamp":1674753893194,"level":"debug","message":"Page request finished: GET (stylesheet) 200 https://cdnjs.cloudflare.com/ajax/libs/metro/4.1.5/css/metro.min.css","meta":{"rootId":"ur1edej6hwt7e7i","id":"ur1edej6hwt7e7i"},"id":"tsidby0z3e9uh67","previousOperationId":"7znxxw0ca0v8s6y"}
{"type":"log","timestamp":1674753893194,"level":"debug","message":"Page request finished: GET (script) 200 https://cdnjs.cloudflare.com/ajax/libs/chartist/0.11.0/chartist.min.js","meta":{"rootId":"ur1edej6hwt7e7i","id":"ur1edej6hwt7e7i"},"id":"gkedoyx8w2wqjen","previousOperationId":"7znxxw0ca0v8s6y"}
{"type":"log","timestamp":1674753893196,"level":"debug","message":"Page request finished: GET (script) 200 https://unpkg.com/chartist-plugin-tooltips@0.0.17/dist/chartist-plugin-tooltip.js","meta":{"rootId":"ur1edej6hwt7e7i","id":"ur1edej6hwt7e7i"},"id":"uhn38vps3jaky5a","previousOperationId":"7znxxw0ca0v8s6y"}
{"type":"log","timestamp":1674753893196,"level":"debug","message":"Page request finished: GET (script) 200 https://unpkg.com/chartist-plugin-pointlabels@0.0.6/dist/chartist-plugin-pointlabels.js","meta":{"rootId":"ur1edej6hwt7e7i","id":"ur1edej6hwt7e7i"},"id":"a4xm2aoose7r60v","previousOperationId":"7znxxw0ca0v8s6y"}
{"type":"log","timestamp":1674753893198,"level":"warn","message":"Page error: SyntaxError: Unexpected token '.'","meta":{"rootId":"ur1edej6hwt7e7i","id":"ur1edej6hwt7e7i"},"id":"b3jywov9b4j7tdk","previousOperationId":"7znxxw0ca0v8s6y"}
{"type":"log","timestamp":1674753893239,"level":"debug","message":"Running chrome with params {\"printBackground\":true,\"timeout\":59278,\"margin\":{}}","meta":{"rootId":"ur1edej6hwt7e7i","id":"ur1edej6hwt7e7i"},"id":"a1s2vxpdyqqtdz2","previousOperationId":"7znxxw0ca0v8s6y"}
{"type":"operationEnd","operationId":"7znxxw0ca0v8s6y","timestamp":1674753893362,"id":"apmr1zhbfkgk9si","previousEventId":"8vpcj6gzgqu62u6","previousOperationId":"7znxxw0ca0v8s6y"}
{"type":"log","timestamp":1674753893362,"level":"debug","message":"Executing script testing (afterRender)","meta":{"rootId":"ur1edej6hwt7e7i","id":"ur1edej6hwt7e7i"},"id":"ehti0lku6p2c9c7","previousOperationId":"7znxxw0ca0v8s6y"}
{"type":"operationStart","subtype":"scriptsAfterRender","name":"scripts afterRender","timestamp":1674753893371,"id":"n0fhld0extqgyq4","previousEventId":"apmr1zhbfkgk9si","operationId":"v0vzuetccue3lfc","previousOperationId":"7znxxw0ca0v8s6y"}
{"type":"operationStart","subtype":"script","name":"scripts testing","previousOperationId":"v0vzuetccue3lfc","timestamp":1674753893371,"id":"fcpt7iixicmea79","previousEventId":"n0fhld0extqgyq4","operationId":"it7hhtmvih1lsp5"}
{"type":"operationEnd","operationId":"it7hhtmvih1lsp5","timestamp":1674753894396,"id":"eqcd26e0oaqfudu","previousEventId":"apmr1zhbfkgk9si","previousOperationId":"7znxxw0ca0v8s6y"}
{"type":"operationEnd","operationId":"v0vzuetccue3lfc","timestamp":1674753894396,"id":"t9b89zosp6ua7io","previousEventId":"eqcd26e0oaqfudu","previousOperationId":"7znxxw0ca0v8s6y"}
{"type":"log","timestamp":1674753894396,"level":"debug","message":"Skipping storing report.","meta":{"rootId":"ur1edej6hwt7e7i","id":"ur1edej6hwt7e7i"},"id":"sggynlwqyf9ix6m","previousOperationId":"v0vzuetccue3lfc"}
{"type":"log","timestamp":1674753894396,"level":"info","message":"Rendering request 33 finished in 2095 ms","meta":{"rootId":"ur1edej6hwt7e7i","id":"ur1edej6hwt7e7i"},"id":"ez7u6kj47cco3rk","previousOperationId":"v0vzuetccue3lfc"}
{"type":"operationEnd","subtype":"render","operationId":"2xdcneyn2fdrk0r","timestamp":1674753894396,"id":"0uipbsvachxzuku","previousEventId":"t9b89zosp6ua7io","previousOperationId":"v0vzuetccue3lfc"}
{"type":"operationEnd","doDiffs":false,"previousEventId":"u0fj7vjiqqfr204","previousOperationId":"g7u2lr7apuiy92y","operationId":"g7u2lr7apuiy92y","timestamp":1674753894400,"id":"zi53c29ax0g4k56"}
