{"type":"operationStart","subtype":"profile","data":{"_id":"hcgONr4p2cyUHcMk","timestamp":"2023-01-26T12:20:37.560Z","state":"queued","mode":"standard","creationDate":"2023-01-26T12:20:37.562Z","modificationDate":"2023-01-26T12:20:37.562Z","shortid":"w0ctc7i","$entitySet":"profiles"},"doDiffs":false,"timestamp":1674735637561,"id":"witu0ca5erzkkgg","previousOperationId":null,"operationId":"i9hqr6u3qg4kz5c"}
{"type":"log","level":"info","message":"Render request 28 queued for execution and waiting for available worker","previousOperationId":"i9hqr6u3qg4kz5c","timestamp":1674735637561,"id":"v5b45k5me8toxub"}
{"type":"operationStart","subtype":"render","name":"Data","previousOperationId":"i9hqr6u3qg4kz5c","timestamp":1674735637572,"id":"k681igjomdasgtt","previousEventId":"witu0ca5erzkkgg","operationId":"mh7mblz3sd6xum6"}
{"type":"log","timestamp":1674735637572,"level":"info","message":"Starting rendering request 28","meta":{"rootId":"ut27ah8neq1mnd1","id":"ut27ah8neq1mnd1"},"id":"xsqg0abkzg3mduj","previousOperationId":"mh7mblz3sd6xum6"}
{"type":"log","timestamp":1674735637573,"level":"info","message":"Rendering template { name: Data, recipe: chrome-pdf, engine: handlebars, preview: true }","meta":{"rootId":"ut27ah8neq1mnd1","id":"ut27ah8neq1mnd1"},"id":"5rwk2skoo8k8bvp","previousOperationId":"mh7mblz3sd6xum6"}
{"type":"log","timestamp":1674735637574,"level":"debug","message":"Data item not defined for this template.","meta":{"rootId":"ut27ah8neq1mnd1","id":"ut27ah8neq1mnd1"},"id":"l7c6tzm6mcuvz8p","previousOperationId":"mh7mblz3sd6xum6"}
{"type":"log","timestamp":1674735637576,"level":"debug","message":"Executing script testing (beforeRender)","meta":{"rootId":"ut27ah8neq1mnd1","id":"ut27ah8neq1mnd1"},"id":"dkl7fwoltwxcheu","previousOperationId":"mh7mblz3sd6xum6"}
{"type":"operationStart","subtype":"scriptsBeforeRender","name":"scripts beforeRender","timestamp":1674735637667,"id":"irkorqzs9hi74ih","previousEventId":"k681igjomdasgtt","operationId":"959bmfiid1nvjuk","previousOperationId":"mh7mblz3sd6xum6"}
{"type":"operationStart","subtype":"script","name":"scripts testing","previousOperationId":"959bmfiid1nvjuk","timestamp":1674735637667,"id":"fr8bqyqodp6agro","previousEventId":"irkorqzs9hi74ih","operationId":"vxacy8hvy443n64"}
{"type":"log","timestamp":1674735638270,"level":"debug","message":"(console:log) [ '58', '2', '59' ]","meta":{"userLevel":true,"rootId":"ut27ah8neq1mnd1","id":"ut27ah8neq1mnd1"},"id":"r7rafd64ylvfwm3","previousOperationId":"vxacy8hvy443n64"}
{"type":"log","timestamp":1674735638270,"level":"debug","message":"(console:log) [ '2', '3', '1' ]","meta":{"userLevel":true,"rootId":"ut27ah8neq1mnd1","id":"ut27ah8neq1mnd1"},"id":"ijm36i2aa6ygrrq","previousOperationId":"vxacy8hvy443n64"}
{"type":"operationEnd","operationId":"vxacy8hvy443n64","timestamp":1674735638827,"id":"tahgp68rbaj0h11","previousEventId":"k681igjomdasgtt","previousOperationId":"mh7mblz3sd6xum6"}
{"type":"operationEnd","operationId":"959bmfiid1nvjuk","timestamp":1674735638827,"id":"5n1s41zx7s4wep1","previousEventId":"tahgp68rbaj0h11","previousOperationId":"mh7mblz3sd6xum6"}
{"type":"log","timestamp":1674735638827,"level":"debug","message":"Base url not specified, skipping its injection.","meta":{"rootId":"ut27ah8neq1mnd1","id":"ut27ah8neq1mnd1"},"id":"xbvanqyx4gy5qf5","previousOperationId":"959bmfiid1nvjuk"}
{"type":"operationStart","subtype":"engine","name":"handlebars","timestamp":1674735638827,"id":"fme8144nku5fn14","previousEventId":"5n1s41zx7s4wep1","operationId":"q9y5ofthxctox3w","previousOperationId":"959bmfiid1nvjuk"}
{"type":"log","timestamp":1674735638827,"level":"debug","message":"Rendering engine handlebars","meta":{"rootId":"ut27ah8neq1mnd1","id":"ut27ah8neq1mnd1"},"id":"879uvyao1nc8l9i","previousOperationId":"q9y5ofthxctox3w"}
{"type":"operationEnd","operationId":"q9y5ofthxctox3w","timestamp":1674735638853,"id":"6dwc7ri79uxf16s","previousEventId":"fme8144nku5fn14","previousOperationId":"q9y5ofthxctox3w"}
{"type":"operationStart","subtype":"recipe","name":"chrome-pdf","timestamp":1674735638853,"id":"f5jzrka9uiq9m66","previousEventId":"6dwc7ri79uxf16s","operationId":"q6qgmdk761jko1w","previousOperationId":"q9y5ofthxctox3w"}
{"type":"log","timestamp":1674735638854,"level":"debug","message":"Executing recipe chrome-pdf","meta":{"rootId":"ut27ah8neq1mnd1","id":"ut27ah8neq1mnd1"},"id":"uolgl6v2ccdzgps","previousOperationId":"q6qgmdk761jko1w"}
{"type":"log","timestamp":1674735638861,"level":"debug","message":"Converting with chrome HeadlessChrome/105.0.5173.0 using chrome-pool strategy","meta":{"rootId":"ut27ah8neq1mnd1","id":"ut27ah8neq1mnd1"},"id":"mlwfhttv0ia2mya","previousOperationId":"q6qgmdk761jko1w"}
{"type":"log","timestamp":1674735639013,"level":"debug","message":"Page request: GET (document) file:///C:/Users/Johan/AppData/Local/Temp/jsreport/autocleanup/6b259182-09f9-427d-a447-d615aa52f620-chrome-pdf.html","meta":{"rootId":"ut27ah8neq1mnd1","id":"ut27ah8neq1mnd1"},"id":"yic6sql5966mhk9","previousOperationId":"q6qgmdk761jko1w"}
{"type":"log","timestamp":1674735639056,"level":"debug","message":"Page request: GET (stylesheet) https://cdnjs.cloudflare.com/ajax/libs/metro/4.1.5/css/metro.min.css","meta":{"rootId":"ut27ah8neq1mnd1","id":"ut27ah8neq1mnd1"},"id":"5t32hzogdf0yey3","previousOperationId":"q6qgmdk761jko1w"}
{"type":"log","timestamp":1674735639056,"level":"debug","message":"Page request: GET (script) https://cdnjs.cloudflare.com/ajax/libs/Chart.js/2.7.2/Chart.min.js","meta":{"rootId":"ut27ah8neq1mnd1","id":"ut27ah8neq1mnd1"},"id":"9xogx0dj39cy8ew","previousOperationId":"q6qgmdk761jko1w"}
{"type":"log","timestamp":1674735639056,"level":"debug","message":"Page request: GET (stylesheet) https://cdnjs.cloudflare.com/ajax/libs/chartist/0.11.0/chartist.min.css","meta":{"rootId":"ut27ah8neq1mnd1","id":"ut27ah8neq1mnd1"},"id":"iec10265or8cr2u","previousOperationId":"q6qgmdk761jko1w"}
{"type":"log","timestamp":1674735639057,"level":"debug","message":"Page request: GET (script) https://cdnjs.cloudflare.com/ajax/libs/chartist/0.11.0/chartist.min.js","meta":{"rootId":"ut27ah8neq1mnd1","id":"ut27ah8neq1mnd1"},"id":"ovf0fwxgj8xnp67","previousOperationId":"q6qgmdk761jko1w"}
{"type":"log","timestamp":1674735639057,"level":"debug","message":"Page request: GET (script) https://unpkg.com/chartist-plugin-tooltips@0.0.17","meta":{"rootId":"ut27ah8neq1mnd1","id":"ut27ah8neq1mnd1"},"id":"cl2h6xqlwu5mog6","previousOperationId":"q6qgmdk761jko1w"}
{"type":"log","timestamp":1674735639057,"level":"debug","message":"Page request: GET (script) https://unpkg.com/chartist-plugin-pointlabels@0.0.6","meta":{"rootId":"ut27ah8neq1mnd1","id":"ut27ah8neq1mnd1"},"id":"42y3tgjtu90lso2","previousOperationId":"q6qgmdk761jko1w"}
{"type":"log","timestamp":1674735639058,"level":"debug","message":"Page request finished: GET (document) 200 file:///C:/Users/Johan/AppData/Local/Temp/jsreport/autocleanup/6b259182-09f9-427d-a447-d615aa52f620-chrome-pdf.html","meta":{"rootId":"ut27ah8neq1mnd1","id":"ut27ah8neq1mnd1"},"id":"iz8ktljxr5kdtb1","previousOperationId":"q6qgmdk761jko1w"}
{"type":"log","timestamp":1674735639058,"level":"debug","message":"Page request: GET (script) http://code.jquery.com/jquery-1.11.0.min.js","meta":{"rootId":"ut27ah8neq1mnd1","id":"ut27ah8neq1mnd1"},"id":"6j249lt3ur6314n","previousOperationId":"q6qgmdk761jko1w"}
{"type":"log","timestamp":1674735639060,"level":"debug","message":"Page request: GET (script) http://cdnjs.cloudflare.com/ajax/libs/flot/0.8.1/jquery.flot.min.js","meta":{"rootId":"ut27ah8neq1mnd1","id":"ut27ah8neq1mnd1"},"id":"i84goq8zdbu6uex","previousOperationId":"q6qgmdk761jko1w"}
{"type":"log","timestamp":1674735639061,"level":"debug","message":"Page request: GET (script) https://cdn.jsdelivr.net/npm/chart.js@2.9.3/dist/Chart.min.js","meta":{"rootId":"ut27ah8neq1mnd1","id":"ut27ah8neq1mnd1"},"id":"khvxwqzlwvdu1qg","previousOperationId":"q6qgmdk761jko1w"}
{"type":"log","timestamp":1674735639067,"level":"warn","message":"Page request failed: GET (script) 302 https://unpkg.com/chartist-plugin-tooltips@0.0.17 (redirect to: /chartist-plugin-tooltips@0.0.17/dist/chartist-plugin-tooltip.js)","meta":{"rootId":"ut27ah8neq1mnd1","id":"ut27ah8neq1mnd1"},"id":"feddefpucgxtd24","previousOperationId":"q6qgmdk761jko1w"}
{"type":"log","timestamp":1674735639068,"level":"debug","message":"Page request: GET (script) https://unpkg.com/chartist-plugin-tooltips@0.0.17/dist/chartist-plugin-tooltip.js (redirect from: https://unpkg.com/chartist-plugin-tooltips@0.0.17)","meta":{"rootId":"ut27ah8neq1mnd1","id":"ut27ah8neq1mnd1"},"id":"wzq7ybv2uneikni","previousOperationId":"q6qgmdk761jko1w"}
{"type":"log","timestamp":1674735639069,"level":"debug","message":"Page request finished: GET (stylesheet) 200 https://cdnjs.cloudflare.com/ajax/libs/chartist/0.11.0/chartist.min.css","meta":{"rootId":"ut27ah8neq1mnd1","id":"ut27ah8neq1mnd1"},"id":"4hb272k9jnc5cvy","previousOperationId":"q6qgmdk761jko1w"}
{"type":"log","timestamp":1674735639071,"level":"debug","message":"Page request finished: GET (script) 200 https://cdnjs.cloudflare.com/ajax/libs/chartist/0.11.0/chartist.min.js","meta":{"rootId":"ut27ah8neq1mnd1","id":"ut27ah8neq1mnd1"},"id":"tdtagq1inw43sw5","previousOperationId":"q6qgmdk761jko1w"}
{"type":"log","timestamp":1674735639075,"level":"debug","message":"Page request finished: GET (script) 200 https://cdnjs.cloudflare.com/ajax/libs/Chart.js/2.7.2/Chart.min.js","meta":{"rootId":"ut27ah8neq1mnd1","id":"ut27ah8neq1mnd1"},"id":"xt0c7v9x7ist011","previousOperationId":"q6qgmdk761jko1w"}
{"type":"log","timestamp":1674735639077,"level":"warn","message":"Page request failed: GET (script) 302 https://unpkg.com/chartist-plugin-pointlabels@0.0.6 (redirect to: /chartist-plugin-pointlabels@0.0.6/dist/chartist-plugin-pointlabels.js)","meta":{"rootId":"ut27ah8neq1mnd1","id":"ut27ah8neq1mnd1"},"id":"1azdexk3amtw3rw","previousOperationId":"q6qgmdk761jko1w"}
{"type":"log","timestamp":1674735639078,"level":"warn","message":"Page request failed: GET (script) 307 http://cdnjs.cloudflare.com/ajax/libs/flot/0.8.1/jquery.flot.min.js (redirect to: https://cdnjs.cloudflare.com/ajax/libs/flot/0.8.1/jquery.flot.min.js)","meta":{"rootId":"ut27ah8neq1mnd1","id":"ut27ah8neq1mnd1"},"id":"1vpe0zyt268xu2e","previousOperationId":"q6qgmdk761jko1w"}
{"type":"log","timestamp":1674735639080,"level":"debug","message":"Page request finished: GET (script) 200 http://code.jquery.com/jquery-1.11.0.min.js","meta":{"rootId":"ut27ah8neq1mnd1","id":"ut27ah8neq1mnd1"},"id":"6c0py0kzricu55r","previousOperationId":"q6qgmdk761jko1w"}
{"type":"log","timestamp":1674735639080,"level":"debug","message":"Page request: GET (script) https://unpkg.com/chartist-plugin-pointlabels@0.0.6/dist/chartist-plugin-pointlabels.js (redirect from: https://unpkg.com/chartist-plugin-pointlabels@0.0.6)","meta":{"rootId":"ut27ah8neq1mnd1","id":"ut27ah8neq1mnd1"},"id":"6kxd97nb0tk1s0w","previousOperationId":"q6qgmdk761jko1w"}
{"type":"log","timestamp":1674735639081,"level":"debug","message":"Page request: GET (script) https://cdnjs.cloudflare.com/ajax/libs/flot/0.8.1/jquery.flot.min.js (redirect from: http://cdnjs.cloudflare.com/ajax/libs/flot/0.8.1/jquery.flot.min.js)","meta":{"rootId":"ut27ah8neq1mnd1","id":"ut27ah8neq1mnd1"},"id":"ax8ra1217xbcs8b","previousOperationId":"q6qgmdk761jko1w"}
{"type":"log","timestamp":1674735639082,"level":"debug","message":"Page request finished: GET (script) 200 https://cdn.jsdelivr.net/npm/chart.js@2.9.3/dist/Chart.min.js","meta":{"rootId":"ut27ah8neq1mnd1","id":"ut27ah8neq1mnd1"},"id":"kqoqr2l2txieoj3","previousOperationId":"q6qgmdk761jko1w"}
{"type":"log","timestamp":1674735639120,"level":"debug","message":"Page request finished: GET (stylesheet) 200 https://cdnjs.cloudflare.com/ajax/libs/metro/4.1.5/css/metro.min.css","meta":{"rootId":"ut27ah8neq1mnd1","id":"ut27ah8neq1mnd1"},"id":"i029bjtfdtlt4cu","previousOperationId":"q6qgmdk761jko1w"}
{"type":"log","timestamp":1674735639124,"level":"debug","message":"Page request finished: GET (script) 200 https://unpkg.com/chartist-plugin-tooltips@0.0.17/dist/chartist-plugin-tooltip.js","meta":{"rootId":"ut27ah8neq1mnd1","id":"ut27ah8neq1mnd1"},"id":"7vbhzn5itnx1p35","previousOperationId":"q6qgmdk761jko1w"}
{"type":"log","timestamp":1674735639124,"level":"debug","message":"Page request finished: GET (script) 200 https://unpkg.com/chartist-plugin-pointlabels@0.0.6/dist/chartist-plugin-pointlabels.js","meta":{"rootId":"ut27ah8neq1mnd1","id":"ut27ah8neq1mnd1"},"id":"9q5c4ya85js54pt","previousOperationId":"q6qgmdk761jko1w"}
{"type":"log","timestamp":1674735639124,"level":"debug","message":"Page request finished: GET (script) 200 https://cdnjs.cloudflare.com/ajax/libs/flot/0.8.1/jquery.flot.min.js","meta":{"rootId":"ut27ah8neq1mnd1","id":"ut27ah8neq1mnd1"},"id":"b8o57jh9qxlfbhv","previousOperationId":"q6qgmdk761jko1w"}
{"type":"log","timestamp":1674735639146,"level":"warn","message":"Page error: SyntaxError: Unexpected token ','","meta":{"rootId":"ut27ah8neq1mnd1","id":"ut27ah8neq1mnd1"},"id":"k8ar9m71rt6kxg5","previousOperationId":"q6qgmdk761jko1w"}
{"type":"log","timestamp":1674735639208,"level":"debug","message":"Running chrome with params {\"printBackground\":true,\"timeout\":58701,\"margin\":{}}","meta":{"rootId":"ut27ah8neq1mnd1","id":"ut27ah8neq1mnd1"},"id":"kz73c1rrtz3xama","previousOperationId":"q6qgmdk761jko1w"}
{"type":"operationEnd","operationId":"q6qgmdk761jko1w","timestamp":1674735639363,"id":"9tp6psozhoy09c0","previousEventId":"f5jzrka9uiq9m66","previousOperationId":"q6qgmdk761jko1w"}
{"type":"log","timestamp":1674735639363,"level":"debug","message":"Executing script testing (afterRender)","meta":{"rootId":"ut27ah8neq1mnd1","id":"ut27ah8neq1mnd1"},"id":"tht9ccdx67vv937","previousOperationId":"q6qgmdk761jko1w"}
{"type":"operationStart","subtype":"scriptsAfterRender","name":"scripts afterRender","timestamp":1674735639379,"id":"uigzuc1teolmnjq","previousEventId":"9tp6psozhoy09c0","operationId":"9xlp6axtyfq9sd9","previousOperationId":"q6qgmdk761jko1w"}
{"type":"operationStart","subtype":"script","name":"scripts testing","previousOperationId":"9xlp6axtyfq9sd9","timestamp":1674735639379,"id":"w9zd4kvjecpnvxh","previousEventId":"uigzuc1teolmnjq","operationId":"bkwjfu5i4wv2ggt"}
{"type":"operationEnd","operationId":"bkwjfu5i4wv2ggt","timestamp":1674735640408,"id":"eprsox7v6kf68cs","previousEventId":"9tp6psozhoy09c0","previousOperationId":"q6qgmdk761jko1w"}
{"type":"operationEnd","operationId":"9xlp6axtyfq9sd9","timestamp":1674735640408,"id":"f8ih4dqtgmsr14d","previousEventId":"eprsox7v6kf68cs","previousOperationId":"q6qgmdk761jko1w"}
{"type":"log","timestamp":1674735640408,"level":"debug","message":"Skipping storing report.","meta":{"rootId":"ut27ah8neq1mnd1","id":"ut27ah8neq1mnd1"},"id":"p28colgqyzspgyx","previousOperationId":"9xlp6axtyfq9sd9"}
{"type":"log","timestamp":1674735640408,"level":"info","message":"Rendering request 28 finished in 2848 ms","meta":{"rootId":"ut27ah8neq1mnd1","id":"ut27ah8neq1mnd1"},"id":"6kv6flkzohn0gip","previousOperationId":"9xlp6axtyfq9sd9"}
{"type":"operationEnd","subtype":"render","operationId":"mh7mblz3sd6xum6","timestamp":1674735640408,"id":"4r8dkvx8n7sw4t1","previousEventId":"f8ih4dqtgmsr14d","previousOperationId":"9xlp6axtyfq9sd9"}
{"type":"operationEnd","doDiffs":false,"previousEventId":"witu0ca5erzkkgg","previousOperationId":"i9hqr6u3qg4kz5c","operationId":"i9hqr6u3qg4kz5c","timestamp":1674735640413,"id":"8b3in4abhky671a"}
