{"type":"operationStart","subtype":"profile","data":{"_id":"QWzEiwPskCyaBJFj","timestamp":"2023-01-26T16:26:08.391Z","state":"queued","mode":"standard","creationDate":"2023-01-26T16:26:08.393Z","modificationDate":"2023-01-26T16:26:08.393Z","shortid":"Qr6VmOB","$entitySet":"profiles"},"doDiffs":false,"timestamp":1674750368392,"id":"1u96w2iy43srbtx","previousOperationId":null,"operationId":"g9kw008lcs1wbr2"}
{"type":"log","level":"info","message":"Render request 63 queued for execution and waiting for available worker","previousOperationId":"g9kw008lcs1wbr2","timestamp":1674750368392,"id":"r29gxtae3e004sx"}
{"type":"operationStart","subtype":"render","name":"Data","previousOperationId":"g9kw008lcs1wbr2","timestamp":1674750368400,"id":"kc4g8fk5sodpq3l","previousEventId":"1u96w2iy43srbtx","operationId":"9swgdsom5ylacup"}
{"type":"log","timestamp":1674750368400,"level":"info","message":"Starting rendering request 63","meta":{"rootId":"v84xrpvjf6wik94","id":"v84xrpvjf6wik94"},"id":"arw0gdwqz2qhj0k","previousOperationId":"9swgdsom5ylacup"}
{"type":"log","timestamp":1674750368401,"level":"info","message":"Rendering template { name: Data, recipe: chrome-pdf, engine: handlebars, preview: true }","meta":{"rootId":"v84xrpvjf6wik94","id":"v84xrpvjf6wik94"},"id":"sh5e1kq7dwabkpk","previousOperationId":"9swgdsom5ylacup"}
{"type":"log","timestamp":1674750368401,"level":"debug","message":"Data item not defined for this template.","meta":{"rootId":"v84xrpvjf6wik94","id":"v84xrpvjf6wik94"},"id":"4u4i7hzurvra49e","previousOperationId":"9swgdsom5ylacup"}
{"type":"log","timestamp":1674750368406,"level":"debug","message":"Executing script testing (beforeRender)","meta":{"rootId":"v84xrpvjf6wik94","id":"v84xrpvjf6wik94"},"id":"lx2d1j8iw1p0jng","previousOperationId":"9swgdsom5ylacup"}
{"type":"operationStart","subtype":"scriptsBeforeRender","name":"scripts beforeRender","timestamp":1674750368450,"id":"96bit8m0nvyks4y","previousEventId":"kc4g8fk5sodpq3l","operationId":"x4mmw1498jtw41w","previousOperationId":"9swgdsom5ylacup"}
{"type":"operationStart","subtype":"script","name":"scripts testing","previousOperationId":"x4mmw1498jtw41w","timestamp":1674750368450,"id":"dmwgu7lg5sv0093","previousEventId":"96bit8m0nvyks4y","operationId":"3ohu8bjbxcortei"}
{"type":"log","timestamp":1674750368654,"level":"debug","message":"(console:log) {\n  location: [ 'Teror', 'Gáldar', 'Las Palmas de Gran Canaria' ],\n  repetition: [ '3', '1', '2' ]\n}","meta":{"userLevel":true,"rootId":"v84xrpvjf6wik94","id":"v84xrpvjf6wik94"},"id":"cprk7h9tiwc85zh","previousOperationId":"3ohu8bjbxcortei"}
{"type":"operationEnd","operationId":"3ohu8bjbxcortei","timestamp":1674750369050,"id":"dgs8c2n81v7z339","previousEventId":"kc4g8fk5sodpq3l","previousOperationId":"9swgdsom5ylacup"}
{"type":"operationEnd","operationId":"x4mmw1498jtw41w","timestamp":1674750369050,"id":"7r1njc0dvi9dwte","previousEventId":"dgs8c2n81v7z339","previousOperationId":"9swgdsom5ylacup"}
{"type":"log","timestamp":1674750369050,"level":"debug","message":"Base url not specified, skipping its injection.","meta":{"rootId":"v84xrpvjf6wik94","id":"v84xrpvjf6wik94"},"id":"912jyvz9uze5lsx","previousOperationId":"x4mmw1498jtw41w"}
{"type":"operationStart","subtype":"engine","name":"handlebars","timestamp":1674750369051,"id":"fhth8h0vdep0msq","previousEventId":"7r1njc0dvi9dwte","operationId":"g85fjn4myyp5krz","previousOperationId":"x4mmw1498jtw41w"}
{"type":"log","timestamp":1674750369051,"level":"debug","message":"Rendering engine handlebars","meta":{"rootId":"v84xrpvjf6wik94","id":"v84xrpvjf6wik94"},"id":"br4w3ys3vqlncfo","previousOperationId":"g85fjn4myyp5krz"}
{"type":"operationEnd","operationId":"g85fjn4myyp5krz","timestamp":1674750369066,"id":"caj8vny7qbk33bc","previousEventId":"fhth8h0vdep0msq","previousOperationId":"g85fjn4myyp5krz"}
{"type":"operationStart","subtype":"recipe","name":"chrome-pdf","timestamp":1674750369067,"id":"0civlnn1ocjilwl","previousEventId":"caj8vny7qbk33bc","operationId":"ab4h3hzxgdl3lya","previousOperationId":"g85fjn4myyp5krz"}
{"type":"log","timestamp":1674750369067,"level":"debug","message":"Executing recipe chrome-pdf","meta":{"rootId":"v84xrpvjf6wik94","id":"v84xrpvjf6wik94"},"id":"033wej3u7jsrxwg","previousOperationId":"ab4h3hzxgdl3lya"}
{"type":"log","timestamp":1674750369071,"level":"debug","message":"Converting with chrome HeadlessChrome/105.0.5173.0 using chrome-pool strategy","meta":{"rootId":"v84xrpvjf6wik94","id":"v84xrpvjf6wik94"},"id":"uvp1qv1vu02x3la","previousOperationId":"ab4h3hzxgdl3lya"}
{"type":"log","timestamp":1674750369162,"level":"debug","message":"Page request: GET (document) file:///C:/Users/Johan/AppData/Local/Temp/jsreport/autocleanup/eb653928-0471-4b24-a7a4-20dd70790b30-chrome-pdf.html","meta":{"rootId":"v84xrpvjf6wik94","id":"v84xrpvjf6wik94"},"id":"tgdnczz9ss0csgd","previousOperationId":"ab4h3hzxgdl3lya"}
{"type":"log","timestamp":1674750369186,"level":"debug","message":"Page request: GET (stylesheet) https://cdnjs.cloudflare.com/ajax/libs/metro/4.1.5/css/metro.min.css","meta":{"rootId":"v84xrpvjf6wik94","id":"v84xrpvjf6wik94"},"id":"nwncvrykqnk35zl","previousOperationId":"ab4h3hzxgdl3lya"}
{"type":"log","timestamp":1674750369187,"level":"debug","message":"Page request: GET (stylesheet) https://cdnjs.cloudflare.com/ajax/libs/chartist/0.11.0/chartist.min.css","meta":{"rootId":"v84xrpvjf6wik94","id":"v84xrpvjf6wik94"},"id":"nlkafa0u9h6livp","previousOperationId":"ab4h3hzxgdl3lya"}
{"type":"log","timestamp":1674750369187,"level":"debug","message":"Page request: GET (script) https://cdnjs.cloudflare.com/ajax/libs/chartist/0.11.0/chartist.min.js","meta":{"rootId":"v84xrpvjf6wik94","id":"v84xrpvjf6wik94"},"id":"dy5vz57rl6wxtgn","previousOperationId":"ab4h3hzxgdl3lya"}
{"type":"log","timestamp":1674750369188,"level":"debug","message":"Page request: GET (script) https://unpkg.com/chartist-plugin-tooltips@0.0.17","meta":{"rootId":"v84xrpvjf6wik94","id":"v84xrpvjf6wik94"},"id":"5ukdputvb48pdqr","previousOperationId":"ab4h3hzxgdl3lya"}
{"type":"log","timestamp":1674750369189,"level":"debug","message":"Page request: GET (script) https://unpkg.com/chartist-plugin-pointlabels@0.0.6","meta":{"rootId":"v84xrpvjf6wik94","id":"v84xrpvjf6wik94"},"id":"xq4ydywqspsfv3i","previousOperationId":"ab4h3hzxgdl3lya"}
{"type":"log","timestamp":1674750369189,"level":"debug","message":"Page request finished: GET (document) 200 file:///C:/Users/Johan/AppData/Local/Temp/jsreport/autocleanup/eb653928-0471-4b24-a7a4-20dd70790b30-chrome-pdf.html","meta":{"rootId":"v84xrpvjf6wik94","id":"v84xrpvjf6wik94"},"id":"zgyvci66h2rsns5","previousOperationId":"ab4h3hzxgdl3lya"}
{"type":"log","timestamp":1674750369193,"level":"warn","message":"Page request failed: GET (script) 302 https://unpkg.com/chartist-plugin-tooltips@0.0.17 (redirect to: /chartist-plugin-tooltips@0.0.17/dist/chartist-plugin-tooltip.js)","meta":{"rootId":"v84xrpvjf6wik94","id":"v84xrpvjf6wik94"},"id":"7oxdffbbv1t3h0z","previousOperationId":"ab4h3hzxgdl3lya"}
{"type":"log","timestamp":1674750369194,"level":"debug","message":"Page request: GET (script) https://unpkg.com/chartist-plugin-tooltips@0.0.17/dist/chartist-plugin-tooltip.js (redirect from: https://unpkg.com/chartist-plugin-tooltips@0.0.17)","meta":{"rootId":"v84xrpvjf6wik94","id":"v84xrpvjf6wik94"},"id":"rgykt07wm8icsep","previousOperationId":"ab4h3hzxgdl3lya"}
{"type":"log","timestamp":1674750369196,"level":"debug","message":"Page request finished: GET (stylesheet) 200 https://cdnjs.cloudflare.com/ajax/libs/chartist/0.11.0/chartist.min.css","meta":{"rootId":"v84xrpvjf6wik94","id":"v84xrpvjf6wik94"},"id":"v0zwrtsue397y36","previousOperationId":"ab4h3hzxgdl3lya"}
{"type":"log","timestamp":1674750369197,"level":"warn","message":"Page request failed: GET (script) 302 https://unpkg.com/chartist-plugin-pointlabels@0.0.6 (redirect to: /chartist-plugin-pointlabels@0.0.6/dist/chartist-plugin-pointlabels.js)","meta":{"rootId":"v84xrpvjf6wik94","id":"v84xrpvjf6wik94"},"id":"frseue4fv1snykq","previousOperationId":"ab4h3hzxgdl3lya"}
{"type":"log","timestamp":1674750369197,"level":"debug","message":"Page request: GET (script) https://unpkg.com/chartist-plugin-pointlabels@0.0.6/dist/chartist-plugin-pointlabels.js (redirect from: https://unpkg.com/chartist-plugin-pointlabels@0.0.6)","meta":{"rootId":"v84xrpvjf6wik94","id":"v84xrpvjf6wik94"},"id":"wdwwbo3gdqps16v","previousOperationId":"ab4h3hzxgdl3lya"}
{"type":"log","timestamp":1674750369211,"level":"debug","message":"Page request finished: GET (stylesheet) 200 https://cdnjs.cloudflare.com/ajax/libs/metro/4.1.5/css/metro.min.css","meta":{"rootId":"v84xrpvjf6wik94","id":"v84xrpvjf6wik94"},"id":"2xsu8lzp45tatxe","previousOperationId":"ab4h3hzxgdl3lya"}
{"type":"log","timestamp":1674750369211,"level":"debug","message":"Page request finished: GET (script) 200 https://cdnjs.cloudflare.com/ajax/libs/chartist/0.11.0/chartist.min.js","meta":{"rootId":"v84xrpvjf6wik94","id":"v84xrpvjf6wik94"},"id":"qegbf3xxuchixy2","previousOperationId":"ab4h3hzxgdl3lya"}
{"type":"log","timestamp":1674750369216,"level":"debug","message":"Page request finished: GET (script) 200 https://unpkg.com/chartist-plugin-tooltips@0.0.17/dist/chartist-plugin-tooltip.js","meta":{"rootId":"v84xrpvjf6wik94","id":"v84xrpvjf6wik94"},"id":"bxuwfb34n9tlk88","previousOperationId":"ab4h3hzxgdl3lya"}
{"type":"log","timestamp":1674750369216,"level":"debug","message":"Page request finished: GET (script) 200 https://unpkg.com/chartist-plugin-pointlabels@0.0.6/dist/chartist-plugin-pointlabels.js","meta":{"rootId":"v84xrpvjf6wik94","id":"v84xrpvjf6wik94"},"id":"ec4hruz5j156cbl","previousOperationId":"ab4h3hzxgdl3lya"}
{"type":"log","timestamp":1674750369218,"level":"warn","message":"Page error: SyntaxError: Unexpected identifier","meta":{"rootId":"v84xrpvjf6wik94","id":"v84xrpvjf6wik94"},"id":"ei7xs7zasasc0v6","previousOperationId":"ab4h3hzxgdl3lya"}
{"type":"log","timestamp":1674750369255,"level":"debug","message":"Running chrome with params {\"printBackground\":true,\"timeout\":59321,\"margin\":{}}","meta":{"rootId":"v84xrpvjf6wik94","id":"v84xrpvjf6wik94"},"id":"kkzp78phv39skst","previousOperationId":"ab4h3hzxgdl3lya"}
{"type":"operationEnd","operationId":"ab4h3hzxgdl3lya","timestamp":1674750369363,"id":"ourg4qak07do82z","previousEventId":"0civlnn1ocjilwl","previousOperationId":"ab4h3hzxgdl3lya"}
{"type":"log","timestamp":1674750369363,"level":"debug","message":"Executing script testing (afterRender)","meta":{"rootId":"v84xrpvjf6wik94","id":"v84xrpvjf6wik94"},"id":"3jgo34cvm1dyoq5","previousOperationId":"ab4h3hzxgdl3lya"}
{"type":"operationStart","subtype":"scriptsAfterRender","name":"scripts afterRender","timestamp":1674750369372,"id":"0q35l6qcyoxxs53","previousEventId":"ourg4qak07do82z","operationId":"mn7mntgriafe5mu","previousOperationId":"ab4h3hzxgdl3lya"}
{"type":"operationStart","subtype":"script","name":"scripts testing","previousOperationId":"mn7mntgriafe5mu","timestamp":1674750369372,"id":"komnzensyie6s8r","previousEventId":"0q35l6qcyoxxs53","operationId":"hontawjuuewfq5l"}
{"type":"operationEnd","operationId":"hontawjuuewfq5l","timestamp":1674750370450,"id":"0copn2rnjsch6wx","previousEventId":"ourg4qak07do82z","previousOperationId":"ab4h3hzxgdl3lya"}
{"type":"operationEnd","operationId":"mn7mntgriafe5mu","timestamp":1674750370450,"id":"wk1rogea6isaqig","previousEventId":"0copn2rnjsch6wx","previousOperationId":"ab4h3hzxgdl3lya"}
{"type":"log","timestamp":1674750370450,"level":"debug","message":"Skipping storing report.","meta":{"rootId":"v84xrpvjf6wik94","id":"v84xrpvjf6wik94"},"id":"5rf1awe1w8smynq","previousOperationId":"mn7mntgriafe5mu"}
{"type":"log","timestamp":1674750370450,"level":"info","message":"Rendering request 63 finished in 2059 ms","meta":{"rootId":"v84xrpvjf6wik94","id":"v84xrpvjf6wik94"},"id":"wyt3mcpnyhu0hcc","previousOperationId":"mn7mntgriafe5mu"}
{"type":"operationEnd","subtype":"render","operationId":"9swgdsom5ylacup","timestamp":1674750370450,"id":"5j86qg761xdbuq1","previousEventId":"wk1rogea6isaqig","previousOperationId":"mn7mntgriafe5mu"}
{"type":"operationEnd","doDiffs":false,"previousEventId":"1u96w2iy43srbtx","previousOperationId":"g9kw008lcs1wbr2","operationId":"g9kw008lcs1wbr2","timestamp":1674750370454,"id":"fcyj6cc69r5zbj8"}
