{"type":"operationStart","subtype":"profile","data":{"_id":"gY1HPzBWN0jwaTbJ","timestamp":"2023-01-26T16:53:04.101Z","state":"queued","mode":"standard","creationDate":"2023-01-26T16:53:04.104Z","modificationDate":"2023-01-26T16:53:04.104Z","shortid":"S0U1Acr","$entitySet":"profiles"},"doDiffs":false,"timestamp":1674751984103,"id":"ue4u9y0wlpymk3b","previousOperationId":null,"operationId":"8ckz89ym6lwlynp"}
{"type":"log","level":"info","message":"Render request 10 queued for execution and waiting for available worker","previousOperationId":"8ckz89ym6lwlynp","timestamp":1674751984103,"id":"nhgnr4963yofee1"}
{"type":"operationStart","subtype":"render","name":"Data","previousOperationId":"8ckz89ym6lwlynp","timestamp":1674751984115,"id":"dgli5kewhl0git4","previousEventId":"ue4u9y0wlpymk3b","operationId":"th7cwtptmwk2jy4"}
{"type":"log","timestamp":1674751984115,"level":"info","message":"Starting rendering request 10","meta":{"rootId":"vci93mpa8f40n1t","id":"vci93mpa8f40n1t"},"id":"u20cf4c4r36yl9d","previousOperationId":"th7cwtptmwk2jy4"}
{"type":"log","timestamp":1674751984116,"level":"info","message":"Rendering template { name: Data, recipe: chrome-pdf, engine: handlebars, preview: true }","meta":{"rootId":"vci93mpa8f40n1t","id":"vci93mpa8f40n1t"},"id":"j33glf67cxukapu","previousOperationId":"th7cwtptmwk2jy4"}
{"type":"log","timestamp":1674751984119,"level":"debug","message":"Data item not defined for this template.","meta":{"rootId":"vci93mpa8f40n1t","id":"vci93mpa8f40n1t"},"id":"rg7m04o8lgnzr7d","previousOperationId":"th7cwtptmwk2jy4"}
{"type":"log","timestamp":1674751984121,"level":"debug","message":"Executing script testing (beforeRender)","meta":{"rootId":"vci93mpa8f40n1t","id":"vci93mpa8f40n1t"},"id":"tnx20tpsvys9elp","previousOperationId":"th7cwtptmwk2jy4"}
{"type":"operationStart","subtype":"scriptsBeforeRender","name":"scripts beforeRender","timestamp":1674751984168,"id":"75im70lmsfpv710","previousEventId":"dgli5kewhl0git4","operationId":"5r2whqbx7qviqbp","previousOperationId":"th7cwtptmwk2jy4"}
{"type":"operationStart","subtype":"script","name":"scripts testing","previousOperationId":"5r2whqbx7qviqbp","timestamp":1674751984169,"id":"01c28sc78qss0pf","previousEventId":"75im70lmsfpv710","operationId":"bh3kwvccgvhtmdk"}
{"type":"log","timestamp":1674751984374,"level":"debug","message":"(console:log) {\n  locationName: [ 'Las Palmas de Gran Canaria', 'Galdar', 'Teror' ],\n  repetition: [ '2', '1', '3' ]\n}","meta":{"userLevel":true,"rootId":"vci93mpa8f40n1t","id":"vci93mpa8f40n1t"},"id":"6v71n033dri9ftf","previousOperationId":"bh3kwvccgvhtmdk"}
{"type":"log","timestamp":1674751984374,"level":"debug","message":"(console:log) [ 'Las Palmas de Gran Canaria', 'Galdar', 'Teror' ]","meta":{"userLevel":true,"rootId":"vci93mpa8f40n1t","id":"vci93mpa8f40n1t"},"id":"phaafqmvqi7nh0j","previousOperationId":"bh3kwvccgvhtmdk"}
{"type":"log","timestamp":1674751984374,"level":"debug","message":"(console:log) [ '2', '1', '3' ]","meta":{"userLevel":true,"rootId":"vci93mpa8f40n1t","id":"vci93mpa8f40n1t"},"id":"zhdit2j1liqvmrz","previousOperationId":"bh3kwvccgvhtmdk"}
{"type":"operationEnd","operationId":"bh3kwvccgvhtmdk","timestamp":1674751984801,"id":"h0ps7mruhhaibrz","previousEventId":"dgli5kewhl0git4","previousOperationId":"th7cwtptmwk2jy4"}
{"type":"operationEnd","operationId":"5r2whqbx7qviqbp","timestamp":1674751984801,"id":"cd393eb00xjr3fm","previousEventId":"h0ps7mruhhaibrz","previousOperationId":"th7cwtptmwk2jy4"}
{"type":"log","timestamp":1674751984801,"level":"debug","message":"Base url not specified, skipping its injection.","meta":{"rootId":"vci93mpa8f40n1t","id":"vci93mpa8f40n1t"},"id":"7464mnqkqap1fbs","previousOperationId":"5r2whqbx7qviqbp"}
{"type":"operationStart","subtype":"engine","name":"handlebars","timestamp":1674751984801,"id":"9ypbxlgx4tfxdlg","previousEventId":"cd393eb00xjr3fm","operationId":"umxx3e0tccsucne","previousOperationId":"5r2whqbx7qviqbp"}
{"type":"log","timestamp":1674751984801,"level":"debug","message":"Rendering engine handlebars","meta":{"rootId":"vci93mpa8f40n1t","id":"vci93mpa8f40n1t"},"id":"4yi6gjlpo0w98kn","previousOperationId":"umxx3e0tccsucne"}
{"type":"operationEnd","operationId":"umxx3e0tccsucne","timestamp":1674751984814,"id":"pjjuvwj4izh14vu","previousEventId":"9ypbxlgx4tfxdlg","previousOperationId":"umxx3e0tccsucne"}
{"type":"operationStart","subtype":"recipe","name":"chrome-pdf","timestamp":1674751984814,"id":"zvun28i7niziyfc","previousEventId":"pjjuvwj4izh14vu","operationId":"42nkjm1vwbe1sz2","previousOperationId":"umxx3e0tccsucne"}
{"type":"log","timestamp":1674751984814,"level":"debug","message":"Executing recipe chrome-pdf","meta":{"rootId":"vci93mpa8f40n1t","id":"vci93mpa8f40n1t"},"id":"49clvc6a091o9lj","previousOperationId":"42nkjm1vwbe1sz2"}
{"type":"log","timestamp":1674751984820,"level":"debug","message":"Converting with chrome HeadlessChrome/105.0.5173.0 using chrome-pool strategy","meta":{"rootId":"vci93mpa8f40n1t","id":"vci93mpa8f40n1t"},"id":"59bbi67fmij2mcp","previousOperationId":"42nkjm1vwbe1sz2"}
{"type":"log","timestamp":1674751984917,"level":"debug","message":"Page request: GET (document) file:///C:/Users/Johan/AppData/Local/Temp/jsreport/autocleanup/f5b274f3-c3c8-45b9-9d84-7ea8cedead3a-chrome-pdf.html","meta":{"rootId":"vci93mpa8f40n1t","id":"vci93mpa8f40n1t"},"id":"2qbf4i5cn7ckgnc","previousOperationId":"42nkjm1vwbe1sz2"}
{"type":"log","timestamp":1674751984959,"level":"debug","message":"Page request: GET (stylesheet) https://cdnjs.cloudflare.com/ajax/libs/metro/4.1.5/css/metro.min.css","meta":{"rootId":"vci93mpa8f40n1t","id":"vci93mpa8f40n1t"},"id":"qp7nwro3i90s7qj","previousOperationId":"42nkjm1vwbe1sz2"}
{"type":"log","timestamp":1674751984960,"level":"debug","message":"Page request: GET (stylesheet) https://cdnjs.cloudflare.com/ajax/libs/chartist/0.11.0/chartist.min.css","meta":{"rootId":"vci93mpa8f40n1t","id":"vci93mpa8f40n1t"},"id":"wcsn9a1tw4f8qia","previousOperationId":"42nkjm1vwbe1sz2"}
{"type":"log","timestamp":1674751984960,"level":"debug","message":"Page request finished: GET (document) 200 file:///C:/Users/Johan/AppData/Local/Temp/jsreport/autocleanup/f5b274f3-c3c8-45b9-9d84-7ea8cedead3a-chrome-pdf.html","meta":{"rootId":"vci93mpa8f40n1t","id":"vci93mpa8f40n1t"},"id":"n2t1uo5pwko1icr","previousOperationId":"42nkjm1vwbe1sz2"}
{"type":"log","timestamp":1674751984961,"level":"debug","message":"Page request: GET (script) https://cdnjs.cloudflare.com/ajax/libs/chartist/0.11.0/chartist.min.js","meta":{"rootId":"vci93mpa8f40n1t","id":"vci93mpa8f40n1t"},"id":"79xwlihpinwae2k","previousOperationId":"42nkjm1vwbe1sz2"}
{"type":"log","timestamp":1674751984961,"level":"debug","message":"Page request: GET (script) https://unpkg.com/chartist-plugin-tooltips@0.0.17","meta":{"rootId":"vci93mpa8f40n1t","id":"vci93mpa8f40n1t"},"id":"t10m7f8mjjwkg1o","previousOperationId":"42nkjm1vwbe1sz2"}
{"type":"log","timestamp":1674751984961,"level":"debug","message":"Page request: GET (script) https://unpkg.com/chartist-plugin-pointlabels@0.0.6","meta":{"rootId":"vci93mpa8f40n1t","id":"vci93mpa8f40n1t"},"id":"l9pl2cqo4payg91","previousOperationId":"42nkjm1vwbe1sz2"}
{"type":"log","timestamp":1674751984966,"level":"debug","message":"Page request finished: GET (stylesheet) 200 https://cdnjs.cloudflare.com/ajax/libs/chartist/0.11.0/chartist.min.css","meta":{"rootId":"vci93mpa8f40n1t","id":"vci93mpa8f40n1t"},"id":"qlbu1wq7ccnguiu","previousOperationId":"42nkjm1vwbe1sz2"}
{"type":"log","timestamp":1674751984968,"level":"debug","message":"Page request finished: GET (script) 200 https://cdnjs.cloudflare.com/ajax/libs/chartist/0.11.0/chartist.min.js","meta":{"rootId":"vci93mpa8f40n1t","id":"vci93mpa8f40n1t"},"id":"d1f7d6rme9n6o99","previousOperationId":"42nkjm1vwbe1sz2"}
{"type":"log","timestamp":1674751984968,"level":"warn","message":"Page request failed: GET (script) 302 https://unpkg.com/chartist-plugin-tooltips@0.0.17 (redirect to: /chartist-plugin-tooltips@0.0.17/dist/chartist-plugin-tooltip.js)","meta":{"rootId":"vci93mpa8f40n1t","id":"vci93mpa8f40n1t"},"id":"1byqu18s2wn8cth","previousOperationId":"42nkjm1vwbe1sz2"}
{"type":"log","timestamp":1674751984968,"level":"debug","message":"Page request: GET (script) https://unpkg.com/chartist-plugin-tooltips@0.0.17/dist/chartist-plugin-tooltip.js (redirect from: https://unpkg.com/chartist-plugin-tooltips@0.0.17)","meta":{"rootId":"vci93mpa8f40n1t","id":"vci93mpa8f40n1t"},"id":"u0wiotn22xjhvoj","previousOperationId":"42nkjm1vwbe1sz2"}
{"type":"log","timestamp":1674751984968,"level":"warn","message":"Page request failed: GET (script) 302 https://unpkg.com/chartist-plugin-pointlabels@0.0.6 (redirect to: /chartist-plugin-pointlabels@0.0.6/dist/chartist-plugin-pointlabels.js)","meta":{"rootId":"vci93mpa8f40n1t","id":"vci93mpa8f40n1t"},"id":"6hy7piv8d01bf8t","previousOperationId":"42nkjm1vwbe1sz2"}
{"type":"log","timestamp":1674751984969,"level":"debug","message":"Page request: GET (script) https://unpkg.com/chartist-plugin-pointlabels@0.0.6/dist/chartist-plugin-pointlabels.js (redirect from: https://unpkg.com/chartist-plugin-pointlabels@0.0.6)","meta":{"rootId":"vci93mpa8f40n1t","id":"vci93mpa8f40n1t"},"id":"opboery2cjhlw96","previousOperationId":"42nkjm1vwbe1sz2"}
{"type":"log","timestamp":1674751984986,"level":"debug","message":"Page request finished: GET (stylesheet) 200 https://cdnjs.cloudflare.com/ajax/libs/metro/4.1.5/css/metro.min.css","meta":{"rootId":"vci93mpa8f40n1t","id":"vci93mpa8f40n1t"},"id":"iz81znnhgirl09p","previousOperationId":"42nkjm1vwbe1sz2"}
{"type":"log","timestamp":1674751984988,"level":"debug","message":"Page request finished: GET (script) 200 https://unpkg.com/chartist-plugin-tooltips@0.0.17/dist/chartist-plugin-tooltip.js","meta":{"rootId":"vci93mpa8f40n1t","id":"vci93mpa8f40n1t"},"id":"am57ukhwkx5pgew","previousOperationId":"42nkjm1vwbe1sz2"}
{"type":"log","timestamp":1674751984988,"level":"debug","message":"Page request finished: GET (script) 200 https://unpkg.com/chartist-plugin-pointlabels@0.0.6/dist/chartist-plugin-pointlabels.js","meta":{"rootId":"vci93mpa8f40n1t","id":"vci93mpa8f40n1t"},"id":"hblyavraqo6rfe3","previousOperationId":"42nkjm1vwbe1sz2"}
{"type":"log","timestamp":1674751984989,"level":"debug","message":"(console:log) Me he venido","meta":{"userLevel":true,"rootId":"vci93mpa8f40n1t","id":"vci93mpa8f40n1t"},"id":"6q44wizglorwoql","previousOperationId":"42nkjm1vwbe1sz2"}
{"type":"log","timestamp":1674751984990,"level":"debug","message":"(console:log) JSHandle@array","meta":{"userLevel":true,"rootId":"vci93mpa8f40n1t","id":"vci93mpa8f40n1t"},"id":"6qrpczb23ud80uw","previousOperationId":"42nkjm1vwbe1sz2"}
{"type":"log","timestamp":1674751984990,"level":"debug","message":"(console:log) JSHandle@array","meta":{"userLevel":true,"rootId":"vci93mpa8f40n1t","id":"vci93mpa8f40n1t"},"id":"qxm1jo7rhmpk594","previousOperationId":"42nkjm1vwbe1sz2"}
{"type":"log","timestamp":1674751985066,"level":"debug","message":"Running chrome with params {\"printBackground\":true,\"timeout\":59284,\"margin\":{}}","meta":{"rootId":"vci93mpa8f40n1t","id":"vci93mpa8f40n1t"},"id":"d2vwa6irz3rde66","previousOperationId":"42nkjm1vwbe1sz2"}
{"type":"operationEnd","operationId":"42nkjm1vwbe1sz2","timestamp":1674751985212,"id":"o4iipc04gncw54e","previousEventId":"zvun28i7niziyfc","previousOperationId":"42nkjm1vwbe1sz2"}
{"type":"log","timestamp":1674751985212,"level":"debug","message":"Executing script testing (afterRender)","meta":{"rootId":"vci93mpa8f40n1t","id":"vci93mpa8f40n1t"},"id":"9uc33mq5xbf9tdo","previousOperationId":"42nkjm1vwbe1sz2"}
{"type":"operationStart","subtype":"scriptsAfterRender","name":"scripts afterRender","timestamp":1674751985220,"id":"aulsqa1grgbie4w","previousEventId":"o4iipc04gncw54e","operationId":"qvbb53pzia5n1d9","previousOperationId":"42nkjm1vwbe1sz2"}
{"type":"operationStart","subtype":"script","name":"scripts testing","previousOperationId":"qvbb53pzia5n1d9","timestamp":1674751985220,"id":"70jwiatm9s3kx92","previousEventId":"aulsqa1grgbie4w","operationId":"4mr0ih9sytk6gr2"}
{"type":"operationEnd","operationId":"4mr0ih9sytk6gr2","timestamp":1674751986365,"id":"wcvfsmnwc5qjary","previousEventId":"o4iipc04gncw54e","previousOperationId":"42nkjm1vwbe1sz2"}
{"type":"operationEnd","operationId":"qvbb53pzia5n1d9","timestamp":1674751986365,"id":"sa2w8xikxnb8r3l","previousEventId":"wcvfsmnwc5qjary","previousOperationId":"42nkjm1vwbe1sz2"}
{"type":"log","timestamp":1674751986365,"level":"debug","message":"Skipping storing report.","meta":{"rootId":"vci93mpa8f40n1t","id":"vci93mpa8f40n1t"},"id":"0x0slu4xwcpi3fp","previousOperationId":"qvbb53pzia5n1d9"}
{"type":"log","timestamp":1674751986365,"level":"info","message":"Rendering request 10 finished in 2264 ms","meta":{"rootId":"vci93mpa8f40n1t","id":"vci93mpa8f40n1t"},"id":"fahlx8sttyvssze","previousOperationId":"qvbb53pzia5n1d9"}
{"type":"operationEnd","subtype":"render","operationId":"th7cwtptmwk2jy4","timestamp":1674751986365,"id":"n0kw4e9qgbtqzg9","previousEventId":"sa2w8xikxnb8r3l","previousOperationId":"qvbb53pzia5n1d9"}
{"type":"operationEnd","doDiffs":false,"previousEventId":"ue4u9y0wlpymk3b","previousOperationId":"8ckz89ym6lwlynp","operationId":"8ckz89ym6lwlynp","timestamp":1674751986370,"id":"56qu8lrsshcvom8"}
