{"type":"operationStart","subtype":"profile","data":{"_id":"Yc3nMpJq1moYoMa2","timestamp":"2023-01-26T17:29:25.772Z","state":"queued","mode":"standard","creationDate":"2023-01-26T17:29:25.774Z","modificationDate":"2023-01-26T17:29:25.774Z","shortid":"Q3_RU5z","$entitySet":"profiles"},"doDiffs":false,"timestamp":1674754165772,"id":"i3hopktr9jp1y7f","previousOperationId":null,"operationId":"fgvr1ccx1mwh00o"}
{"type":"log","level":"info","message":"Render request 42 queued for execution and waiting for available worker","previousOperationId":"fgvr1ccx1mwh00o","timestamp":1674754165773,"id":"fbku1w647ss1ta1"}
{"type":"operationStart","subtype":"render","name":"Data","previousOperationId":"fgvr1ccx1mwh00o","timestamp":1674754165784,"id":"omkb3cie1gk818z","previousEventId":"i3hopktr9jp1y7f","operationId":"hxcqgn1f76rcxz5"}
{"type":"log","timestamp":1674754165785,"level":"info","message":"Starting rendering request 42","meta":{"rootId":"veho9b3u9uc6bxd","id":"veho9b3u9uc6bxd"},"id":"ymhp4ccosu2m93h","previousOperationId":"hxcqgn1f76rcxz5"}
{"type":"log","timestamp":1674754165786,"level":"info","message":"Rendering template { name: Data, recipe: chrome-pdf, engine: handlebars, preview: true }","meta":{"rootId":"veho9b3u9uc6bxd","id":"veho9b3u9uc6bxd"},"id":"onjvbu2mbfnqfgy","previousOperationId":"hxcqgn1f76rcxz5"}
{"type":"log","timestamp":1674754165786,"level":"debug","message":"Data item not defined for this template.","meta":{"rootId":"veho9b3u9uc6bxd","id":"veho9b3u9uc6bxd"},"id":"cgzu8rh5rapi0tp","previousOperationId":"hxcqgn1f76rcxz5"}
{"type":"log","timestamp":1674754165788,"level":"debug","message":"Executing script testing (beforeRender)","meta":{"rootId":"veho9b3u9uc6bxd","id":"veho9b3u9uc6bxd"},"id":"ntlpv4hyto444n5","previousOperationId":"hxcqgn1f76rcxz5"}
{"type":"operationStart","subtype":"scriptsBeforeRender","name":"scripts beforeRender","timestamp":1674754165842,"id":"aotqq66bjg0z4vf","previousEventId":"omkb3cie1gk818z","operationId":"951rqkad6f22glr","previousOperationId":"hxcqgn1f76rcxz5"}
{"type":"operationStart","subtype":"script","name":"scripts testing","previousOperationId":"951rqkad6f22glr","timestamp":1674754165842,"id":"zzhgpgmzt8dvo5u","previousEventId":"aotqq66bjg0z4vf","operationId":"x2b3voo52sto4yq"}
{"type":"log","timestamp":1674754166068,"level":"debug","message":"(console:log) {\n  locationName: [ 'Las Palmas de Gran Canaria', 'Galdar', 'Teror' ],\n  repetition: [ '2', '1', '3' ]\n}","meta":{"userLevel":true,"rootId":"veho9b3u9uc6bxd","id":"veho9b3u9uc6bxd"},"id":"067c383fy45bq4a","previousOperationId":"x2b3voo52sto4yq"}
{"type":"log","timestamp":1674754166068,"level":"debug","message":"(console:log) [ 'Las Palmas de Gran Canaria', 'Galdar', 'Teror' ]","meta":{"userLevel":true,"rootId":"veho9b3u9uc6bxd","id":"veho9b3u9uc6bxd"},"id":"dk4tavu18sywg8i","previousOperationId":"x2b3voo52sto4yq"}
{"type":"log","timestamp":1674754166068,"level":"debug","message":"(console:log) [ '2', '1', '3' ]","meta":{"userLevel":true,"rootId":"veho9b3u9uc6bxd","id":"veho9b3u9uc6bxd"},"id":"267u2ek2khkcc6a","previousOperationId":"x2b3voo52sto4yq"}
{"type":"operationEnd","operationId":"x2b3voo52sto4yq","timestamp":1674754166486,"id":"9dgb0mmxjw9gdsj","previousEventId":"omkb3cie1gk818z","previousOperationId":"hxcqgn1f76rcxz5"}
{"type":"operationEnd","operationId":"951rqkad6f22glr","timestamp":1674754166486,"id":"ez5mutyurkf9qoh","previousEventId":"9dgb0mmxjw9gdsj","previousOperationId":"hxcqgn1f76rcxz5"}
{"type":"log","timestamp":1674754166486,"level":"debug","message":"Base url not specified, skipping its injection.","meta":{"rootId":"veho9b3u9uc6bxd","id":"veho9b3u9uc6bxd"},"id":"3pkl3uzc0ekyqxi","previousOperationId":"951rqkad6f22glr"}
{"type":"operationStart","subtype":"engine","name":"handlebars","timestamp":1674754166487,"id":"he4ps3lpxlj1t61","previousEventId":"ez5mutyurkf9qoh","operationId":"3oobqbaogd4hnfh","previousOperationId":"951rqkad6f22glr"}
{"type":"log","timestamp":1674754166487,"level":"debug","message":"Rendering engine handlebars","meta":{"rootId":"veho9b3u9uc6bxd","id":"veho9b3u9uc6bxd"},"id":"4uy77v9gpvcpszr","previousOperationId":"3oobqbaogd4hnfh"}
{"type":"operationEnd","operationId":"3oobqbaogd4hnfh","timestamp":1674754166497,"id":"q25fh8hk5v8d3rz","previousEventId":"he4ps3lpxlj1t61","previousOperationId":"3oobqbaogd4hnfh"}
{"type":"operationStart","subtype":"recipe","name":"chrome-pdf","timestamp":1674754166497,"id":"ms1ndze1hewbkyu","previousEventId":"q25fh8hk5v8d3rz","operationId":"qgp3smgoyyy9hyg","previousOperationId":"3oobqbaogd4hnfh"}
{"type":"log","timestamp":1674754166497,"level":"debug","message":"Executing recipe chrome-pdf","meta":{"rootId":"veho9b3u9uc6bxd","id":"veho9b3u9uc6bxd"},"id":"n4zp9xwn6c96n0r","previousOperationId":"qgp3smgoyyy9hyg"}
{"type":"log","timestamp":1674754166500,"level":"debug","message":"Converting with chrome HeadlessChrome/105.0.5173.0 using chrome-pool strategy","meta":{"rootId":"veho9b3u9uc6bxd","id":"veho9b3u9uc6bxd"},"id":"tfaqq1chttb9dc4","previousOperationId":"qgp3smgoyyy9hyg"}
{"type":"log","timestamp":1674754166597,"level":"debug","message":"Page request: GET (document) file:///C:/Users/Johan/AppData/Local/Temp/jsreport/autocleanup/6b608318-e5ce-47d6-89ec-55065eb7e810-chrome-pdf.html","meta":{"rootId":"veho9b3u9uc6bxd","id":"veho9b3u9uc6bxd"},"id":"puiiyggcnp2pjff","previousOperationId":"qgp3smgoyyy9hyg"}
{"type":"log","timestamp":1674754166620,"level":"debug","message":"Page request: GET (stylesheet) https://cdnjs.cloudflare.com/ajax/libs/metro/4.1.5/css/metro.min.css","meta":{"rootId":"veho9b3u9uc6bxd","id":"veho9b3u9uc6bxd"},"id":"yaosqflqvwjlu8g","previousOperationId":"qgp3smgoyyy9hyg"}
{"type":"log","timestamp":1674754166621,"level":"debug","message":"Page request finished: GET (document) 200 file:///C:/Users/Johan/AppData/Local/Temp/jsreport/autocleanup/6b608318-e5ce-47d6-89ec-55065eb7e810-chrome-pdf.html","meta":{"rootId":"veho9b3u9uc6bxd","id":"veho9b3u9uc6bxd"},"id":"jooq7ov0h61f6zj","previousOperationId":"qgp3smgoyyy9hyg"}
{"type":"log","timestamp":1674754166621,"level":"debug","message":"Page request: GET (stylesheet) https://cdnjs.cloudflare.com/ajax/libs/chartist/0.11.0/chartist.min.css","meta":{"rootId":"veho9b3u9uc6bxd","id":"veho9b3u9uc6bxd"},"id":"vv7ka4jm7i7u9hz","previousOperationId":"qgp3smgoyyy9hyg"}
{"type":"log","timestamp":1674754166621,"level":"debug","message":"Page request: GET (script) https://cdnjs.cloudflare.com/ajax/libs/chartist/0.11.0/chartist.min.js","meta":{"rootId":"veho9b3u9uc6bxd","id":"veho9b3u9uc6bxd"},"id":"73arw328ywfy46m","previousOperationId":"qgp3smgoyyy9hyg"}
{"type":"log","timestamp":1674754166621,"level":"debug","message":"Page request: GET (script) https://unpkg.com/chartist-plugin-tooltips@0.0.17","meta":{"rootId":"veho9b3u9uc6bxd","id":"veho9b3u9uc6bxd"},"id":"2v2otay8zl9wjj5","previousOperationId":"qgp3smgoyyy9hyg"}
{"type":"log","timestamp":1674754166622,"level":"debug","message":"Page request: GET (script) https://unpkg.com/chartist-plugin-pointlabels@0.0.6","meta":{"rootId":"veho9b3u9uc6bxd","id":"veho9b3u9uc6bxd"},"id":"fu87djf34kpbpah","previousOperationId":"qgp3smgoyyy9hyg"}
{"type":"log","timestamp":1674754166628,"level":"warn","message":"Page request failed: GET (script) 302 https://unpkg.com/chartist-plugin-tooltips@0.0.17 (redirect to: /chartist-plugin-tooltips@0.0.17/dist/chartist-plugin-tooltip.js)","meta":{"rootId":"veho9b3u9uc6bxd","id":"veho9b3u9uc6bxd"},"id":"77a25nuyxi9sy2y","previousOperationId":"qgp3smgoyyy9hyg"}
{"type":"log","timestamp":1674754166628,"level":"warn","message":"Page request failed: GET (script) 302 https://unpkg.com/chartist-plugin-pointlabels@0.0.6 (redirect to: /chartist-plugin-pointlabels@0.0.6/dist/chartist-plugin-pointlabels.js)","meta":{"rootId":"veho9b3u9uc6bxd","id":"veho9b3u9uc6bxd"},"id":"w9w9rf1ggbzgjqj","previousOperationId":"qgp3smgoyyy9hyg"}
{"type":"log","timestamp":1674754166628,"level":"debug","message":"Page request: GET (script) https://unpkg.com/chartist-plugin-tooltips@0.0.17/dist/chartist-plugin-tooltip.js (redirect from: https://unpkg.com/chartist-plugin-tooltips@0.0.17)","meta":{"rootId":"veho9b3u9uc6bxd","id":"veho9b3u9uc6bxd"},"id":"mka8d3q5wdbwamn","previousOperationId":"qgp3smgoyyy9hyg"}
{"type":"log","timestamp":1674754166629,"level":"debug","message":"Page request: GET (script) https://unpkg.com/chartist-plugin-pointlabels@0.0.6/dist/chartist-plugin-pointlabels.js (redirect from: https://unpkg.com/chartist-plugin-pointlabels@0.0.6)","meta":{"rootId":"veho9b3u9uc6bxd","id":"veho9b3u9uc6bxd"},"id":"bqiymqm81w4a8ft","previousOperationId":"qgp3smgoyyy9hyg"}
{"type":"log","timestamp":1674754166631,"level":"debug","message":"Page request finished: GET (stylesheet) 200 https://cdnjs.cloudflare.com/ajax/libs/chartist/0.11.0/chartist.min.css","meta":{"rootId":"veho9b3u9uc6bxd","id":"veho9b3u9uc6bxd"},"id":"ti9dr6a7bdth37l","previousOperationId":"qgp3smgoyyy9hyg"}
{"type":"log","timestamp":1674754166647,"level":"debug","message":"Page request finished: GET (stylesheet) 200 https://cdnjs.cloudflare.com/ajax/libs/metro/4.1.5/css/metro.min.css","meta":{"rootId":"veho9b3u9uc6bxd","id":"veho9b3u9uc6bxd"},"id":"dvybn3shluteqhm","previousOperationId":"qgp3smgoyyy9hyg"}
{"type":"log","timestamp":1674754166647,"level":"debug","message":"Page request finished: GET (script) 200 https://cdnjs.cloudflare.com/ajax/libs/chartist/0.11.0/chartist.min.js","meta":{"rootId":"veho9b3u9uc6bxd","id":"veho9b3u9uc6bxd"},"id":"fz2uawf4eh9y7dn","previousOperationId":"qgp3smgoyyy9hyg"}
{"type":"log","timestamp":1674754166649,"level":"debug","message":"Page request finished: GET (script) 200 https://unpkg.com/chartist-plugin-tooltips@0.0.17/dist/chartist-plugin-tooltip.js","meta":{"rootId":"veho9b3u9uc6bxd","id":"veho9b3u9uc6bxd"},"id":"8ptuirhwu0v3c1j","previousOperationId":"qgp3smgoyyy9hyg"}
{"type":"log","timestamp":1674754166650,"level":"debug","message":"Page request finished: GET (script) 200 https://unpkg.com/chartist-plugin-pointlabels@0.0.6/dist/chartist-plugin-pointlabels.js","meta":{"rootId":"veho9b3u9uc6bxd","id":"veho9b3u9uc6bxd"},"id":"d3u0i63eco4v8cj","previousOperationId":"qgp3smgoyyy9hyg"}
{"type":"log","timestamp":1674754166652,"level":"warn","message":"Page error: SyntaxError: Unexpected identifier","meta":{"rootId":"veho9b3u9uc6bxd","id":"veho9b3u9uc6bxd"},"id":"ssvfx6ol7p9f8ab","previousOperationId":"qgp3smgoyyy9hyg"}
{"type":"log","timestamp":1674754166710,"level":"debug","message":"Running chrome with params {\"printBackground\":true,\"timeout\":59272,\"margin\":{}}","meta":{"rootId":"veho9b3u9uc6bxd","id":"veho9b3u9uc6bxd"},"id":"bn4itji384shh8m","previousOperationId":"qgp3smgoyyy9hyg"}
{"type":"operationEnd","operationId":"qgp3smgoyyy9hyg","timestamp":1674754166851,"id":"nvjnelmd8h2zz26","previousEventId":"ms1ndze1hewbkyu","previousOperationId":"qgp3smgoyyy9hyg"}
{"type":"log","timestamp":1674754166852,"level":"debug","message":"Executing script testing (afterRender)","meta":{"rootId":"veho9b3u9uc6bxd","id":"veho9b3u9uc6bxd"},"id":"42gjj2zatej1rl3","previousOperationId":"qgp3smgoyyy9hyg"}
{"type":"operationStart","subtype":"scriptsAfterRender","name":"scripts afterRender","timestamp":1674754166859,"id":"0zf0n7kpc1dzz6p","previousEventId":"nvjnelmd8h2zz26","operationId":"z5zm028jka1pik0","previousOperationId":"qgp3smgoyyy9hyg"}
{"type":"operationStart","subtype":"script","name":"scripts testing","previousOperationId":"z5zm028jka1pik0","timestamp":1674754166859,"id":"7b75pblpyf2sqkd","previousEventId":"0zf0n7kpc1dzz6p","operationId":"734d72h4e2844l3"}
{"type":"operationEnd","operationId":"734d72h4e2844l3","timestamp":1674754167900,"id":"a46oqg1vhg6ctxn","previousEventId":"nvjnelmd8h2zz26","previousOperationId":"qgp3smgoyyy9hyg"}
{"type":"operationEnd","operationId":"z5zm028jka1pik0","timestamp":1674754167900,"id":"tdktm7k14tth1bx","previousEventId":"a46oqg1vhg6ctxn","previousOperationId":"qgp3smgoyyy9hyg"}
{"type":"log","timestamp":1674754167900,"level":"debug","message":"Skipping storing report.","meta":{"rootId":"veho9b3u9uc6bxd","id":"veho9b3u9uc6bxd"},"id":"1azu8pm9hmn88x0","previousOperationId":"z5zm028jka1pik0"}
{"type":"log","timestamp":1674754167901,"level":"info","message":"Rendering request 42 finished in 2130 ms","meta":{"rootId":"veho9b3u9uc6bxd","id":"veho9b3u9uc6bxd"},"id":"waz6yxa5a6k3kuy","previousOperationId":"z5zm028jka1pik0"}
{"type":"operationEnd","subtype":"render","operationId":"hxcqgn1f76rcxz5","timestamp":1674754167901,"id":"5wnwgvv59ezr3l4","previousEventId":"tdktm7k14tth1bx","previousOperationId":"z5zm028jka1pik0"}
{"type":"operationEnd","doDiffs":false,"previousEventId":"i3hopktr9jp1y7f","previousOperationId":"fgvr1ccx1mwh00o","operationId":"fgvr1ccx1mwh00o","timestamp":1674754167904,"id":"1e0xma7epe0of1e"}
