{"type":"operationStart","subtype":"profile","data":{"_id":"XwrrQLl9Pw3s15wB","timestamp":"2023-01-24T18:59:10.866Z","state":"queued","mode":"standard","creationDate":"2023-01-24T18:59:10.870Z","modificationDate":"2023-01-24T18:59:10.870Z","shortid":"1ZXXU_v","$entitySet":"profiles"},"doDiffs":false,"timestamp":1674586750868,"id":"bgx23tz87w07f1r","previousOperationId":null,"operationId":"f64l7f9hnbn2nks"}
{"type":"log","level":"info","message":"Render request 3 queued for execution and waiting for available worker","previousOperationId":"f64l7f9hnbn2nks","timestamp":1674586750869,"id":"vheimrmhmen807j"}
{"type":"operationStart","subtype":"render","name":"Data","previousOperationId":"f64l7f9hnbn2nks","timestamp":1674586750880,"id":"26dbkdrvrmxrr5c","previousEventId":"bgx23tz87w07f1r","operationId":"dqh7b9qcovwjy7o"}
{"type":"log","timestamp":1674586750880,"level":"info","message":"Starting rendering request 3","meta":{"rootId":"vg28xog1avb1gz0","id":"vg28xog1avb1gz0"},"id":"zdek3yhcvvg67ep","previousOperationId":"dqh7b9qcovwjy7o"}
{"type":"log","timestamp":1674586750880,"level":"info","message":"Rendering template { name: Data, recipe: chrome-pdf, engine: handlebars, preview: true }","meta":{"rootId":"vg28xog1avb1gz0","id":"vg28xog1avb1gz0"},"id":"w10bjict21etw3c","previousOperationId":"dqh7b9qcovwjy7o"}
{"type":"log","timestamp":1674586750881,"level":"debug","message":"Data item not defined for this template.","meta":{"rootId":"vg28xog1avb1gz0","id":"vg28xog1avb1gz0"},"id":"46x1a53240l7l8a","previousOperationId":"dqh7b9qcovwjy7o"}
{"type":"log","timestamp":1674586750884,"level":"debug","message":"Executing script testing (beforeRender)","meta":{"rootId":"vg28xog1avb1gz0","id":"vg28xog1avb1gz0"},"id":"n4zl410atkurgc3","previousOperationId":"dqh7b9qcovwjy7o"}
{"type":"operationStart","subtype":"scriptsBeforeRender","name":"scripts beforeRender","timestamp":1674586750966,"id":"68ooo1b9ejerypi","previousEventId":"26dbkdrvrmxrr5c","operationId":"hb0abs0d9syb3cr","previousOperationId":"dqh7b9qcovwjy7o"}
{"type":"operationStart","subtype":"script","name":"scripts testing","previousOperationId":"hb0abs0d9syb3cr","timestamp":1674586750966,"id":"d35wk50nkin80ik","previousEventId":"68ooo1b9ejerypi","operationId":"2e9ob01vgsw0gsb"}
{"type":"operationEnd","operationId":"2e9ob01vgsw0gsb","timestamp":1674586751433,"id":"dwfqj76pv70dx6t","previousEventId":"26dbkdrvrmxrr5c","previousOperationId":"dqh7b9qcovwjy7o"}
{"type":"operationEnd","operationId":"hb0abs0d9syb3cr","timestamp":1674586751433,"id":"s1zp41nfisgzf2i","previousEventId":"dwfqj76pv70dx6t","previousOperationId":"dqh7b9qcovwjy7o"}
{"type":"log","timestamp":1674586751433,"level":"debug","message":"Base url not specified, skipping its injection.","meta":{"rootId":"vg28xog1avb1gz0","id":"vg28xog1avb1gz0"},"id":"1e2u2e8uden7jfx","previousOperationId":"hb0abs0d9syb3cr"}
{"type":"operationStart","subtype":"engine","name":"handlebars","timestamp":1674586751435,"id":"hw0elcegfgm8zys","previousEventId":"s1zp41nfisgzf2i","operationId":"g62futeev8cs132","previousOperationId":"hb0abs0d9syb3cr"}
{"type":"log","timestamp":1674586751435,"level":"debug","message":"Rendering engine handlebars","meta":{"rootId":"vg28xog1avb1gz0","id":"vg28xog1avb1gz0"},"id":"wl0we47gvwp3593","previousOperationId":"g62futeev8cs132"}
{"type":"operationEnd","operationId":"g62futeev8cs132","timestamp":1674586751461,"id":"543jmummvr03nm8","previousEventId":"hw0elcegfgm8zys","previousOperationId":"g62futeev8cs132"}
{"type":"operationStart","subtype":"recipe","name":"chrome-pdf","timestamp":1674586751461,"id":"pbfd6cqttsuuzja","previousEventId":"543jmummvr03nm8","operationId":"0flrc251uwz33xg","previousOperationId":"g62futeev8cs132"}
{"type":"log","timestamp":1674586751461,"level":"debug","message":"Executing recipe chrome-pdf","meta":{"rootId":"vg28xog1avb1gz0","id":"vg28xog1avb1gz0"},"id":"wgvdxo6du46ew0f","previousOperationId":"0flrc251uwz33xg"}
{"type":"log","timestamp":1674586751466,"level":"debug","message":"Converting with chrome HeadlessChrome/105.0.5173.0 using chrome-pool strategy","meta":{"rootId":"vg28xog1avb1gz0","id":"vg28xog1avb1gz0"},"id":"62bpw6o5emwehbd","previousOperationId":"0flrc251uwz33xg"}
{"type":"log","timestamp":1674586751597,"level":"debug","message":"Page request: GET (document) file:///C:/Users/Johan/AppData/Local/Temp/jsreport/autocleanup/8ecc8c0b-1d53-4037-adb6-11c37e68dae3-chrome-pdf.html","meta":{"rootId":"vg28xog1avb1gz0","id":"vg28xog1avb1gz0"},"id":"eped24ewrzgfmy6","previousOperationId":"0flrc251uwz33xg"}
{"type":"log","timestamp":1674586751608,"level":"debug","message":"Page request finished: GET (document) 200 file:///C:/Users/Johan/AppData/Local/Temp/jsreport/autocleanup/8ecc8c0b-1d53-4037-adb6-11c37e68dae3-chrome-pdf.html","meta":{"rootId":"vg28xog1avb1gz0","id":"vg28xog1avb1gz0"},"id":"ujecvd68kr7s1sr","previousOperationId":"0flrc251uwz33xg"}
{"type":"log","timestamp":1674586751608,"level":"debug","message":"Page request: GET (stylesheet) https://cdnjs.cloudflare.com/ajax/libs/metro/4.1.5/css/metro.min.css","meta":{"rootId":"vg28xog1avb1gz0","id":"vg28xog1avb1gz0"},"id":"l4ku5pfta2kbbo1","previousOperationId":"0flrc251uwz33xg"}
{"type":"log","timestamp":1674586751609,"level":"debug","message":"Page request: GET (script) https://cdnjs.cloudflare.com/ajax/libs/Chart.js/2.7.2/Chart.min.js","meta":{"rootId":"vg28xog1avb1gz0","id":"vg28xog1avb1gz0"},"id":"9f8z3xrh0i0t4l3","previousOperationId":"0flrc251uwz33xg"}
{"type":"log","timestamp":1674586751616,"level":"debug","message":"Page request finished: GET (script) 200 https://cdnjs.cloudflare.com/ajax/libs/Chart.js/2.7.2/Chart.min.js","meta":{"rootId":"vg28xog1avb1gz0","id":"vg28xog1avb1gz0"},"id":"hbaw5sgd0acsq57","previousOperationId":"0flrc251uwz33xg"}
{"type":"log","timestamp":1674586751641,"level":"debug","message":"Page request finished: GET (stylesheet) 200 https://cdnjs.cloudflare.com/ajax/libs/metro/4.1.5/css/metro.min.css","meta":{"rootId":"vg28xog1avb1gz0","id":"vg28xog1avb1gz0"},"id":"frtzogihaqa8x5i","previousOperationId":"0flrc251uwz33xg"}
{"type":"log","timestamp":1674586751698,"level":"debug","message":"Running chrome with params {\"printBackground\":true,\"timeout\":59402,\"margin\":{}}","meta":{"rootId":"vg28xog1avb1gz0","id":"vg28xog1avb1gz0"},"id":"xm5mii5cqq5ov8o","previousOperationId":"0flrc251uwz33xg"}
{"type":"operationEnd","operationId":"0flrc251uwz33xg","timestamp":1674586751826,"id":"ibst5gbtoc6ge3t","previousEventId":"pbfd6cqttsuuzja","previousOperationId":"0flrc251uwz33xg"}
{"type":"log","timestamp":1674586751826,"level":"debug","message":"Skipping storing report.","meta":{"rootId":"vg28xog1avb1gz0","id":"vg28xog1avb1gz0"},"id":"ch9v3lw4bnlq06i","previousOperationId":"0flrc251uwz33xg"}
{"type":"log","timestamp":1674586751826,"level":"info","message":"Rendering request 3 finished in 960 ms","meta":{"rootId":"vg28xog1avb1gz0","id":"vg28xog1avb1gz0"},"id":"isexqsmeowpweba","previousOperationId":"0flrc251uwz33xg"}
{"type":"operationEnd","subtype":"render","operationId":"dqh7b9qcovwjy7o","timestamp":1674586751827,"id":"hbdc3rqt2hje7m4","previousEventId":"ibst5gbtoc6ge3t","previousOperationId":"0flrc251uwz33xg"}
{"type":"operationEnd","doDiffs":false,"previousEventId":"bgx23tz87w07f1r","previousOperationId":"f64l7f9hnbn2nks","operationId":"f64l7f9hnbn2nks","timestamp":1674586751831,"id":"bz37sbe2lt64cwm"}
