{"type":"operationStart","subtype":"profile","data":{"_id":"bNZA968n18mu06hF","timestamp":"2023-01-26T16:58:44.905Z","state":"queued","mode":"standard","creationDate":"2023-01-26T16:58:44.907Z","modificationDate":"2023-01-26T16:58:44.907Z","shortid":"G-CH09s","$entitySet":"profiles"},"doDiffs":false,"timestamp":1674752324906,"id":"1otihfjasq37pkz","previousOperationId":null,"operationId":"1ovyzc3zipnh22b"}
{"type":"log","level":"info","message":"Render request 15 queued for execution and waiting for available worker","previousOperationId":"1ovyzc3zipnh22b","timestamp":1674752324906,"id":"uay01ajxel9d08w"}
{"type":"operationStart","subtype":"render","name":"Data","previousOperationId":"1ovyzc3zipnh22b","timestamp":1674752324916,"id":"ot09fp88yy2bygl","previousEventId":"1otihfjasq37pkz","operationId":"oimxo3rnl2lnp7p"}
{"type":"log","timestamp":1674752324917,"level":"info","message":"Starting rendering request 15","meta":{"rootId":"vtb5s1n6n5p7i4o","id":"vtb5s1n6n5p7i4o"},"id":"3y04gewyz12652b","previousOperationId":"oimxo3rnl2lnp7p"}
{"type":"log","timestamp":1674752324917,"level":"info","message":"Rendering template { name: Data, recipe: chrome-pdf, engine: handlebars, preview: true }","meta":{"rootId":"vtb5s1n6n5p7i4o","id":"vtb5s1n6n5p7i4o"},"id":"ue5w5hlbc7kdsoh","previousOperationId":"oimxo3rnl2lnp7p"}
{"type":"log","timestamp":1674752324918,"level":"debug","message":"Data item not defined for this template.","meta":{"rootId":"vtb5s1n6n5p7i4o","id":"vtb5s1n6n5p7i4o"},"id":"qj0pk7qrymvlnrb","previousOperationId":"oimxo3rnl2lnp7p"}
{"type":"log","timestamp":1674752324920,"level":"debug","message":"Executing script testing (beforeRender)","meta":{"rootId":"vtb5s1n6n5p7i4o","id":"vtb5s1n6n5p7i4o"},"id":"i6z40biuyg3ckc5","previousOperationId":"oimxo3rnl2lnp7p"}
{"type":"operationStart","subtype":"scriptsBeforeRender","name":"scripts beforeRender","timestamp":1674752324966,"id":"1nrm8uc8e5e55tm","previousEventId":"ot09fp88yy2bygl","operationId":"9tgt40xo53y572z","previousOperationId":"oimxo3rnl2lnp7p"}
{"type":"operationStart","subtype":"script","name":"scripts testing","previousOperationId":"9tgt40xo53y572z","timestamp":1674752324966,"id":"6q246qiz61v4var","previousEventId":"1nrm8uc8e5e55tm","operationId":"hd9ggczy18nr9su"}
{"type":"log","timestamp":1674752325169,"level":"debug","message":"(console:log) {\n  locationName: [ 'Las Palmas de Gran Canaria', 'Galdar', 'Teror' ],\n  repetition: [ '2', '1', '3' ]\n}","meta":{"userLevel":true,"rootId":"vtb5s1n6n5p7i4o","id":"vtb5s1n6n5p7i4o"},"id":"luelzn5e3r78cp9","previousOperationId":"hd9ggczy18nr9su"}
{"type":"log","timestamp":1674752325169,"level":"debug","message":"(console:log) [ 'Las Palmas de Gran Canaria', 'Galdar', 'Teror' ]","meta":{"userLevel":true,"rootId":"vtb5s1n6n5p7i4o","id":"vtb5s1n6n5p7i4o"},"id":"apknfh91mgtpiux","previousOperationId":"hd9ggczy18nr9su"}
{"type":"log","timestamp":1674752325169,"level":"debug","message":"(console:log) [ '2', '1', '3' ]","meta":{"userLevel":true,"rootId":"vtb5s1n6n5p7i4o","id":"vtb5s1n6n5p7i4o"},"id":"u9d6hnsjq90rjz8","previousOperationId":"hd9ggczy18nr9su"}
{"type":"operationEnd","operationId":"hd9ggczy18nr9su","timestamp":1674752325611,"id":"axzsqbe2gq7vblo","previousEventId":"ot09fp88yy2bygl","previousOperationId":"oimxo3rnl2lnp7p"}
{"type":"operationEnd","operationId":"9tgt40xo53y572z","timestamp":1674752325611,"id":"hxbwg5jcgwlzfo7","previousEventId":"axzsqbe2gq7vblo","previousOperationId":"oimxo3rnl2lnp7p"}
{"type":"log","timestamp":1674752325611,"level":"debug","message":"Base url not specified, skipping its injection.","meta":{"rootId":"vtb5s1n6n5p7i4o","id":"vtb5s1n6n5p7i4o"},"id":"s0i0415dh88wohi","previousOperationId":"9tgt40xo53y572z"}
{"type":"operationStart","subtype":"engine","name":"handlebars","timestamp":1674752325612,"id":"dj27tqt7silhu11","previousEventId":"hxbwg5jcgwlzfo7","operationId":"8siiahb6hj2abda","previousOperationId":"9tgt40xo53y572z"}
{"type":"log","timestamp":1674752325612,"level":"debug","message":"Rendering engine handlebars","meta":{"rootId":"vtb5s1n6n5p7i4o","id":"vtb5s1n6n5p7i4o"},"id":"8ls4rs57eiog1gk","previousOperationId":"8siiahb6hj2abda"}
{"type":"operationEnd","operationId":"8siiahb6hj2abda","timestamp":1674752325628,"id":"pege3zz9ya23e6g","previousEventId":"dj27tqt7silhu11","previousOperationId":"8siiahb6hj2abda"}
{"type":"operationStart","subtype":"recipe","name":"chrome-pdf","timestamp":1674752325628,"id":"t6bph85lp10vjlv","previousEventId":"pege3zz9ya23e6g","operationId":"5jonbb6cy0ni0fg","previousOperationId":"8siiahb6hj2abda"}
{"type":"log","timestamp":1674752325628,"level":"debug","message":"Executing recipe chrome-pdf","meta":{"rootId":"vtb5s1n6n5p7i4o","id":"vtb5s1n6n5p7i4o"},"id":"pkrhuleahtmqyjs","previousOperationId":"5jonbb6cy0ni0fg"}
{"type":"log","timestamp":1674752325634,"level":"debug","message":"Converting with chrome HeadlessChrome/105.0.5173.0 using chrome-pool strategy","meta":{"rootId":"vtb5s1n6n5p7i4o","id":"vtb5s1n6n5p7i4o"},"id":"unzauzra9sblkw9","previousOperationId":"5jonbb6cy0ni0fg"}
{"type":"log","timestamp":1674752325729,"level":"debug","message":"Page request: GET (document) file:///C:/Users/Johan/AppData/Local/Temp/jsreport/autocleanup/1704bc1d-de8b-4e97-9e6e-feed341e7805-chrome-pdf.html","meta":{"rootId":"vtb5s1n6n5p7i4o","id":"vtb5s1n6n5p7i4o"},"id":"eg8oee9hyru48pc","previousOperationId":"5jonbb6cy0ni0fg"}
{"type":"log","timestamp":1674752325751,"level":"debug","message":"Page request: GET (stylesheet) https://cdnjs.cloudflare.com/ajax/libs/metro/4.1.5/css/metro.min.css","meta":{"rootId":"vtb5s1n6n5p7i4o","id":"vtb5s1n6n5p7i4o"},"id":"jtnlu9ogqix31d9","previousOperationId":"5jonbb6cy0ni0fg"}
{"type":"log","timestamp":1674752325751,"level":"debug","message":"Page request: GET (stylesheet) https://cdnjs.cloudflare.com/ajax/libs/chartist/0.11.0/chartist.min.css","meta":{"rootId":"vtb5s1n6n5p7i4o","id":"vtb5s1n6n5p7i4o"},"id":"5ifq79n0e5d55py","previousOperationId":"5jonbb6cy0ni0fg"}
{"type":"log","timestamp":1674752325751,"level":"debug","message":"Page request: GET (script) https://cdnjs.cloudflare.com/ajax/libs/chartist/0.11.0/chartist.min.js","meta":{"rootId":"vtb5s1n6n5p7i4o","id":"vtb5s1n6n5p7i4o"},"id":"56chd1ychzweyye","previousOperationId":"5jonbb6cy0ni0fg"}
{"type":"log","timestamp":1674752325752,"level":"debug","message":"Page request finished: GET (document) 200 file:///C:/Users/Johan/AppData/Local/Temp/jsreport/autocleanup/1704bc1d-de8b-4e97-9e6e-feed341e7805-chrome-pdf.html","meta":{"rootId":"vtb5s1n6n5p7i4o","id":"vtb5s1n6n5p7i4o"},"id":"kq9hw3h6hqyzpyu","previousOperationId":"5jonbb6cy0ni0fg"}
{"type":"log","timestamp":1674752325752,"level":"debug","message":"Page request: GET (script) https://unpkg.com/chartist-plugin-tooltips@0.0.17","meta":{"rootId":"vtb5s1n6n5p7i4o","id":"vtb5s1n6n5p7i4o"},"id":"mmae9jjkoj3gci3","previousOperationId":"5jonbb6cy0ni0fg"}
{"type":"log","timestamp":1674752325752,"level":"debug","message":"Page request: GET (script) https://unpkg.com/chartist-plugin-pointlabels@0.0.6","meta":{"rootId":"vtb5s1n6n5p7i4o","id":"vtb5s1n6n5p7i4o"},"id":"2txstjz853q0vhj","previousOperationId":"5jonbb6cy0ni0fg"}
{"type":"log","timestamp":1674752325758,"level":"debug","message":"Page request finished: GET (stylesheet) 200 https://cdnjs.cloudflare.com/ajax/libs/chartist/0.11.0/chartist.min.css","meta":{"rootId":"vtb5s1n6n5p7i4o","id":"vtb5s1n6n5p7i4o"},"id":"bzvg0jvx0i2kosb","previousOperationId":"5jonbb6cy0ni0fg"}
{"type":"log","timestamp":1674752325759,"level":"warn","message":"Page request failed: GET (script) 302 https://unpkg.com/chartist-plugin-tooltips@0.0.17 (redirect to: /chartist-plugin-tooltips@0.0.17/dist/chartist-plugin-tooltip.js)","meta":{"rootId":"vtb5s1n6n5p7i4o","id":"vtb5s1n6n5p7i4o"},"id":"rajjrwawti8h2w4","previousOperationId":"5jonbb6cy0ni0fg"}
{"type":"log","timestamp":1674752325759,"level":"warn","message":"Page request failed: GET (script) 302 https://unpkg.com/chartist-plugin-pointlabels@0.0.6 (redirect to: /chartist-plugin-pointlabels@0.0.6/dist/chartist-plugin-pointlabels.js)","meta":{"rootId":"vtb5s1n6n5p7i4o","id":"vtb5s1n6n5p7i4o"},"id":"d595b0duw0x6t7f","previousOperationId":"5jonbb6cy0ni0fg"}
{"type":"log","timestamp":1674752325760,"level":"debug","message":"Page request: GET (script) https://unpkg.com/chartist-plugin-tooltips@0.0.17/dist/chartist-plugin-tooltip.js (redirect from: https://unpkg.com/chartist-plugin-tooltips@0.0.17)","meta":{"rootId":"vtb5s1n6n5p7i4o","id":"vtb5s1n6n5p7i4o"},"id":"0sg81x1bfxiyb3b","previousOperationId":"5jonbb6cy0ni0fg"}
{"type":"log","timestamp":1674752325760,"level":"debug","message":"Page request: GET (script) https://unpkg.com/chartist-plugin-pointlabels@0.0.6/dist/chartist-plugin-pointlabels.js (redirect from: https://unpkg.com/chartist-plugin-pointlabels@0.0.6)","meta":{"rootId":"vtb5s1n6n5p7i4o","id":"vtb5s1n6n5p7i4o"},"id":"577p7y9wnaspb1s","previousOperationId":"5jonbb6cy0ni0fg"}
{"type":"log","timestamp":1674752325775,"level":"debug","message":"Page request finished: GET (stylesheet) 200 https://cdnjs.cloudflare.com/ajax/libs/metro/4.1.5/css/metro.min.css","meta":{"rootId":"vtb5s1n6n5p7i4o","id":"vtb5s1n6n5p7i4o"},"id":"xb3umdd173s01lw","previousOperationId":"5jonbb6cy0ni0fg"}
{"type":"log","timestamp":1674752325775,"level":"debug","message":"Page request finished: GET (script) 200 https://cdnjs.cloudflare.com/ajax/libs/chartist/0.11.0/chartist.min.js","meta":{"rootId":"vtb5s1n6n5p7i4o","id":"vtb5s1n6n5p7i4o"},"id":"erga4qseboxrhqn","previousOperationId":"5jonbb6cy0ni0fg"}
{"type":"log","timestamp":1674752325778,"level":"debug","message":"Page request finished: GET (script) 200 https://unpkg.com/chartist-plugin-tooltips@0.0.17/dist/chartist-plugin-tooltip.js","meta":{"rootId":"vtb5s1n6n5p7i4o","id":"vtb5s1n6n5p7i4o"},"id":"wmko0ua45s2zfh5","previousOperationId":"5jonbb6cy0ni0fg"}
{"type":"log","timestamp":1674752325778,"level":"debug","message":"Page request finished: GET (script) 200 https://unpkg.com/chartist-plugin-pointlabels@0.0.6/dist/chartist-plugin-pointlabels.js","meta":{"rootId":"vtb5s1n6n5p7i4o","id":"vtb5s1n6n5p7i4o"},"id":"aervz2wgs0qe09n","previousOperationId":"5jonbb6cy0ni0fg"}
{"type":"log","timestamp":1674752325779,"level":"warn","message":"Page error: SyntaxError: Unexpected identifier","meta":{"rootId":"vtb5s1n6n5p7i4o","id":"vtb5s1n6n5p7i4o"},"id":"7ch1vmilre080bm","previousOperationId":"5jonbb6cy0ni0fg"}
{"type":"log","timestamp":1674752325814,"level":"debug","message":"Running chrome with params {\"printBackground\":true,\"timeout\":59272,\"margin\":{}}","meta":{"rootId":"vtb5s1n6n5p7i4o","id":"vtb5s1n6n5p7i4o"},"id":"s1btlz9e18ni6xd","previousOperationId":"5jonbb6cy0ni0fg"}
{"type":"operationEnd","operationId":"5jonbb6cy0ni0fg","timestamp":1674752325924,"id":"2mwgzuqjj28ac1p","previousEventId":"t6bph85lp10vjlv","previousOperationId":"5jonbb6cy0ni0fg"}
{"type":"log","timestamp":1674752325924,"level":"debug","message":"Executing script testing (afterRender)","meta":{"rootId":"vtb5s1n6n5p7i4o","id":"vtb5s1n6n5p7i4o"},"id":"qkai8hyfq5i7ba7","previousOperationId":"5jonbb6cy0ni0fg"}
{"type":"operationStart","subtype":"scriptsAfterRender","name":"scripts afterRender","timestamp":1674752325931,"id":"j1sj99v26yf6r43","previousEventId":"2mwgzuqjj28ac1p","operationId":"ekof7dn3xfvmx8v","previousOperationId":"5jonbb6cy0ni0fg"}
{"type":"operationStart","subtype":"script","name":"scripts testing","previousOperationId":"ekof7dn3xfvmx8v","timestamp":1674752325931,"id":"ww9e1n3tobbdiuu","previousEventId":"j1sj99v26yf6r43","operationId":"is8pqz7zneevp5r"}
{"type":"operationEnd","operationId":"is8pqz7zneevp5r","timestamp":1674752326923,"id":"mjybkb3kvg02hw3","previousEventId":"2mwgzuqjj28ac1p","previousOperationId":"5jonbb6cy0ni0fg"}
{"type":"operationEnd","operationId":"ekof7dn3xfvmx8v","timestamp":1674752326923,"id":"dotuv17u7vqpp5z","previousEventId":"mjybkb3kvg02hw3","previousOperationId":"5jonbb6cy0ni0fg"}
{"type":"log","timestamp":1674752326923,"level":"debug","message":"Skipping storing report.","meta":{"rootId":"vtb5s1n6n5p7i4o","id":"vtb5s1n6n5p7i4o"},"id":"65oacfg5vjmbb8b","previousOperationId":"ekof7dn3xfvmx8v"}
{"type":"log","timestamp":1674752326923,"level":"info","message":"Rendering request 15 finished in 2018 ms","meta":{"rootId":"vtb5s1n6n5p7i4o","id":"vtb5s1n6n5p7i4o"},"id":"tvndzo688pkqadm","previousOperationId":"ekof7dn3xfvmx8v"}
{"type":"operationEnd","subtype":"render","operationId":"oimxo3rnl2lnp7p","timestamp":1674752326923,"id":"jyzw3iqnfehs9ub","previousEventId":"dotuv17u7vqpp5z","previousOperationId":"ekof7dn3xfvmx8v"}
{"type":"operationEnd","doDiffs":false,"previousEventId":"1otihfjasq37pkz","previousOperationId":"1ovyzc3zipnh22b","operationId":"1ovyzc3zipnh22b","timestamp":1674752326927,"id":"hc5zg7o6enves58"}
