{"type":"operationStart","subtype":"profile","data":{"_id":"oFYM5G9VYgR1sz4j","timestamp":"2023-01-26T17:52:49.471Z","state":"queued","mode":"standard","creationDate":"2023-01-26T17:52:49.472Z","modificationDate":"2023-01-26T17:52:49.472Z","shortid":"1EYmMq1","$entitySet":"profiles"},"doDiffs":false,"timestamp":1674755569471,"id":"6z3qpc8sdnw2bbi","previousOperationId":null,"operationId":"0xazs19znjxq7cv"}
{"type":"log","level":"info","message":"Render request 2 queued for execution and waiting for available worker","previousOperationId":"0xazs19znjxq7cv","timestamp":1674755569471,"id":"zq82wsqdl8llpj6"}
{"type":"operationStart","subtype":"render","name":"Data","previousOperationId":"0xazs19znjxq7cv","timestamp":1674755569481,"id":"sed0zu1vm45tdwk","previousEventId":"6z3qpc8sdnw2bbi","operationId":"7x9r36rvyrgtv9d"}
{"type":"log","timestamp":1674755569481,"level":"info","message":"Starting rendering request 2","meta":{"rootId":"vtdbdfln5l5v4eb","id":"vtdbdfln5l5v4eb"},"id":"5qqcoc94vcec1av","previousOperationId":"7x9r36rvyrgtv9d"}
{"type":"log","timestamp":1674755569482,"level":"info","message":"Rendering template { name: Data, recipe: chrome-pdf, engine: handlebars, preview: true }","meta":{"rootId":"vtdbdfln5l5v4eb","id":"vtdbdfln5l5v4eb"},"id":"3p6axe63ujgrd7o","previousOperationId":"7x9r36rvyrgtv9d"}
{"type":"log","timestamp":1674755569483,"level":"debug","message":"Data item not defined for this template.","meta":{"rootId":"vtdbdfln5l5v4eb","id":"vtdbdfln5l5v4eb"},"id":"14uwz1336j8mj6c","previousOperationId":"7x9r36rvyrgtv9d"}
{"type":"log","timestamp":1674755569486,"level":"debug","message":"Executing script testing (beforeRender)","meta":{"rootId":"vtdbdfln5l5v4eb","id":"vtdbdfln5l5v4eb"},"id":"5vvc0xt2q8bibc4","previousOperationId":"7x9r36rvyrgtv9d"}
{"type":"operationStart","subtype":"scriptsBeforeRender","name":"scripts beforeRender","timestamp":1674755569535,"id":"9dupfrltbegxstb","previousEventId":"sed0zu1vm45tdwk","operationId":"xkney6xr2h22aej","previousOperationId":"7x9r36rvyrgtv9d"}
{"type":"operationStart","subtype":"script","name":"scripts testing","previousOperationId":"xkney6xr2h22aej","timestamp":1674755569535,"id":"1n19mksdc2h4gqm","previousEventId":"9dupfrltbegxstb","operationId":"qxf5abbwexayt79"}
{"type":"log","timestamp":1674755569834,"level":"debug","message":"(console:log) [ '2', '1', '3' ]","meta":{"userLevel":true,"rootId":"vtdbdfln5l5v4eb","id":"vtdbdfln5l5v4eb"},"id":"peot82vn9gt9wxn","previousOperationId":"qxf5abbwexayt79"}
{"type":"log","timestamp":1674755569834,"level":"debug","message":"(console:log) [ 'Arucas', 'Galdar', 'Teror' ]","meta":{"userLevel":true,"rootId":"vtdbdfln5l5v4eb","id":"vtdbdfln5l5v4eb"},"id":"8gx5omc5skgjuqo","previousOperationId":"qxf5abbwexayt79"}
{"type":"operationEnd","operationId":"qxf5abbwexayt79","timestamp":1674755570288,"id":"zgqpb6ber06civv","previousEventId":"sed0zu1vm45tdwk","previousOperationId":"7x9r36rvyrgtv9d"}
{"type":"operationEnd","operationId":"xkney6xr2h22aej","timestamp":1674755570288,"id":"cpny4073lcvww8w","previousEventId":"zgqpb6ber06civv","previousOperationId":"7x9r36rvyrgtv9d"}
{"type":"log","timestamp":1674755570288,"level":"debug","message":"Base url not specified, skipping its injection.","meta":{"rootId":"vtdbdfln5l5v4eb","id":"vtdbdfln5l5v4eb"},"id":"lxp7r59d4ft0pzl","previousOperationId":"xkney6xr2h22aej"}
{"type":"operationStart","subtype":"engine","name":"handlebars","timestamp":1674755570289,"id":"oswvetqc0iupe30","previousEventId":"cpny4073lcvww8w","operationId":"f6cxc8kf9wzpkiv","previousOperationId":"xkney6xr2h22aej"}
{"type":"log","timestamp":1674755570289,"level":"debug","message":"Rendering engine handlebars","meta":{"rootId":"vtdbdfln5l5v4eb","id":"vtdbdfln5l5v4eb"},"id":"4l4o3xwll4p8cby","previousOperationId":"f6cxc8kf9wzpkiv"}
{"type":"operationEnd","operationId":"f6cxc8kf9wzpkiv","timestamp":1674755570297,"id":"9thpl6gknprhq7m","previousEventId":"oswvetqc0iupe30","previousOperationId":"f6cxc8kf9wzpkiv"}
{"type":"operationStart","subtype":"recipe","name":"chrome-pdf","timestamp":1674755570298,"id":"jmhnpgns6dnou5o","previousEventId":"9thpl6gknprhq7m","operationId":"2daofudft5ozuv0","previousOperationId":"f6cxc8kf9wzpkiv"}
{"type":"log","timestamp":1674755570298,"level":"debug","message":"Executing recipe chrome-pdf","meta":{"rootId":"vtdbdfln5l5v4eb","id":"vtdbdfln5l5v4eb"},"id":"0z5hx2xf273bt25","previousOperationId":"2daofudft5ozuv0"}
{"type":"log","timestamp":1674755570302,"level":"debug","message":"Converting with chrome HeadlessChrome/105.0.5173.0 using chrome-pool strategy","meta":{"rootId":"vtdbdfln5l5v4eb","id":"vtdbdfln5l5v4eb"},"id":"g0u44dtpp9uij07","previousOperationId":"2daofudft5ozuv0"}
{"type":"log","timestamp":1674755570391,"level":"debug","message":"Page request: GET (document) file:///C:/Users/Johan/AppData/Local/Temp/jsreport/autocleanup/f7b7ef0b-6a2f-4de0-80ba-8da8b303df1b-chrome-pdf.html","meta":{"rootId":"vtdbdfln5l5v4eb","id":"vtdbdfln5l5v4eb"},"id":"qm5x1nmnfl0cwa9","previousOperationId":"2daofudft5ozuv0"}
{"type":"log","timestamp":1674755570412,"level":"debug","message":"Page request: GET (stylesheet) https://cdnjs.cloudflare.com/ajax/libs/metro/4.1.5/css/metro.min.css","meta":{"rootId":"vtdbdfln5l5v4eb","id":"vtdbdfln5l5v4eb"},"id":"xhut9my53fi4vjf","previousOperationId":"2daofudft5ozuv0"}
{"type":"log","timestamp":1674755570412,"level":"debug","message":"Page request: GET (stylesheet) https://cdnjs.cloudflare.com/ajax/libs/chartist/0.11.0/chartist.min.css","meta":{"rootId":"vtdbdfln5l5v4eb","id":"vtdbdfln5l5v4eb"},"id":"kvrv0hpvghd6lxo","previousOperationId":"2daofudft5ozuv0"}
{"type":"log","timestamp":1674755570413,"level":"debug","message":"Page request: GET (script) https://cdnjs.cloudflare.com/ajax/libs/chartist/0.11.0/chartist.min.js","meta":{"rootId":"vtdbdfln5l5v4eb","id":"vtdbdfln5l5v4eb"},"id":"ka5azz27jlm7wlt","previousOperationId":"2daofudft5ozuv0"}
{"type":"log","timestamp":1674755570413,"level":"debug","message":"Page request: GET (script) https://unpkg.com/chartist-plugin-tooltips@0.0.17","meta":{"rootId":"vtdbdfln5l5v4eb","id":"vtdbdfln5l5v4eb"},"id":"11lj8s5dbsedbnd","previousOperationId":"2daofudft5ozuv0"}
{"type":"log","timestamp":1674755570414,"level":"debug","message":"Page request: GET (script) https://unpkg.com/chartist-plugin-pointlabels@0.0.6","meta":{"rootId":"vtdbdfln5l5v4eb","id":"vtdbdfln5l5v4eb"},"id":"qhgx00g52fc83yt","previousOperationId":"2daofudft5ozuv0"}
{"type":"log","timestamp":1674755570414,"level":"debug","message":"Page request finished: GET (document) 200 file:///C:/Users/Johan/AppData/Local/Temp/jsreport/autocleanup/f7b7ef0b-6a2f-4de0-80ba-8da8b303df1b-chrome-pdf.html","meta":{"rootId":"vtdbdfln5l5v4eb","id":"vtdbdfln5l5v4eb"},"id":"sjx2azzz0lw0y14","previousOperationId":"2daofudft5ozuv0"}
{"type":"log","timestamp":1674755570418,"level":"debug","message":"Page request finished: GET (stylesheet) 200 https://cdnjs.cloudflare.com/ajax/libs/chartist/0.11.0/chartist.min.css","meta":{"rootId":"vtdbdfln5l5v4eb","id":"vtdbdfln5l5v4eb"},"id":"k1no9ujaqj8ltp8","previousOperationId":"2daofudft5ozuv0"}
{"type":"log","timestamp":1674755570420,"level":"warn","message":"Page request failed: GET (script) 302 https://unpkg.com/chartist-plugin-tooltips@0.0.17 (redirect to: /chartist-plugin-tooltips@0.0.17/dist/chartist-plugin-tooltip.js)","meta":{"rootId":"vtdbdfln5l5v4eb","id":"vtdbdfln5l5v4eb"},"id":"120pq0ddzsy72vz","previousOperationId":"2daofudft5ozuv0"}
{"type":"log","timestamp":1674755570421,"level":"warn","message":"Page request failed: GET (script) 302 https://unpkg.com/chartist-plugin-pointlabels@0.0.6 (redirect to: /chartist-plugin-pointlabels@0.0.6/dist/chartist-plugin-pointlabels.js)","meta":{"rootId":"vtdbdfln5l5v4eb","id":"vtdbdfln5l5v4eb"},"id":"hccrc14b311jdq5","previousOperationId":"2daofudft5ozuv0"}
{"type":"log","timestamp":1674755570421,"level":"debug","message":"Page request: GET (script) https://unpkg.com/chartist-plugin-tooltips@0.0.17/dist/chartist-plugin-tooltip.js (redirect from: https://unpkg.com/chartist-plugin-tooltips@0.0.17)","meta":{"rootId":"vtdbdfln5l5v4eb","id":"vtdbdfln5l5v4eb"},"id":"ff9om59ltszltm4","previousOperationId":"2daofudft5ozuv0"}
{"type":"log","timestamp":1674755570421,"level":"debug","message":"Page request: GET (script) https://unpkg.com/chartist-plugin-pointlabels@0.0.6/dist/chartist-plugin-pointlabels.js (redirect from: https://unpkg.com/chartist-plugin-pointlabels@0.0.6)","meta":{"rootId":"vtdbdfln5l5v4eb","id":"vtdbdfln5l5v4eb"},"id":"9lw1n8e45fac0hi","previousOperationId":"2daofudft5ozuv0"}
{"type":"log","timestamp":1674755570434,"level":"debug","message":"Page request finished: GET (stylesheet) 200 https://cdnjs.cloudflare.com/ajax/libs/metro/4.1.5/css/metro.min.css","meta":{"rootId":"vtdbdfln5l5v4eb","id":"vtdbdfln5l5v4eb"},"id":"z9hrssg5v9jzzbi","previousOperationId":"2daofudft5ozuv0"}
{"type":"log","timestamp":1674755570434,"level":"debug","message":"Page request finished: GET (script) 200 https://cdnjs.cloudflare.com/ajax/libs/chartist/0.11.0/chartist.min.js","meta":{"rootId":"vtdbdfln5l5v4eb","id":"vtdbdfln5l5v4eb"},"id":"0drrxahe7f8tes4","previousOperationId":"2daofudft5ozuv0"}
{"type":"log","timestamp":1674755570438,"level":"debug","message":"Page request finished: GET (script) 200 https://unpkg.com/chartist-plugin-tooltips@0.0.17/dist/chartist-plugin-tooltip.js","meta":{"rootId":"vtdbdfln5l5v4eb","id":"vtdbdfln5l5v4eb"},"id":"k383ylkgv8hinme","previousOperationId":"2daofudft5ozuv0"}
{"type":"log","timestamp":1674755570439,"level":"debug","message":"Page request finished: GET (script) 200 https://unpkg.com/chartist-plugin-pointlabels@0.0.6/dist/chartist-plugin-pointlabels.js","meta":{"rootId":"vtdbdfln5l5v4eb","id":"vtdbdfln5l5v4eb"},"id":"4c8xs5m8j2vikpx","previousOperationId":"2daofudft5ozuv0"}
{"type":"log","timestamp":1674755570442,"level":"debug","message":"(console:log) Me he venido","meta":{"userLevel":true,"rootId":"vtdbdfln5l5v4eb","id":"vtdbdfln5l5v4eb"},"id":"sy8y6njxwuyaf5n","previousOperationId":"2daofudft5ozuv0"}
{"type":"log","timestamp":1674755570444,"level":"warn","message":"Page error: ReferenceError: Arucas is not defined\n    at file:///C:/Users/Johan/AppData/Local/Temp/jsreport/autocleanup/f7b7ef0b-6a2f-4de0-80ba-8da8b303df1b-chrome-pdf.html:54:28","meta":{"rootId":"vtdbdfln5l5v4eb","id":"vtdbdfln5l5v4eb"},"id":"gmrvvoink1gabf4","previousOperationId":"2daofudft5ozuv0"}
{"type":"log","timestamp":1674755570493,"level":"debug","message":"Running chrome with params {\"printBackground\":true,\"timeout\":59170,\"margin\":{}}","meta":{"rootId":"vtdbdfln5l5v4eb","id":"vtdbdfln5l5v4eb"},"id":"1h0m28twp8qyl7x","previousOperationId":"2daofudft5ozuv0"}
{"type":"operationEnd","operationId":"2daofudft5ozuv0","timestamp":1674755570604,"id":"wcadbxpc8enih5m","previousEventId":"jmhnpgns6dnou5o","previousOperationId":"2daofudft5ozuv0"}
{"type":"log","timestamp":1674755570605,"level":"debug","message":"Executing script testing (afterRender)","meta":{"rootId":"vtdbdfln5l5v4eb","id":"vtdbdfln5l5v4eb"},"id":"mr2b78q2404hjj5","previousOperationId":"2daofudft5ozuv0"}
{"type":"operationStart","subtype":"scriptsAfterRender","name":"scripts afterRender","timestamp":1674755570619,"id":"eajyluu2sqks8bw","previousEventId":"wcadbxpc8enih5m","operationId":"276gl6hzc2yzj9p","previousOperationId":"2daofudft5ozuv0"}
{"type":"operationStart","subtype":"script","name":"scripts testing","previousOperationId":"276gl6hzc2yzj9p","timestamp":1674755570619,"id":"0v906hv8m9tqu9d","previousEventId":"eajyluu2sqks8bw","operationId":"wbov3voxn6ahvlq"}
{"type":"operationEnd","operationId":"wbov3voxn6ahvlq","timestamp":1674755571702,"id":"c755g1ducxsccm7","previousEventId":"wcadbxpc8enih5m","previousOperationId":"2daofudft5ozuv0"}
{"type":"operationEnd","operationId":"276gl6hzc2yzj9p","timestamp":1674755571702,"id":"vgr2vy4p9b94rhk","previousEventId":"c755g1ducxsccm7","previousOperationId":"2daofudft5ozuv0"}
{"type":"log","timestamp":1674755571702,"level":"debug","message":"Skipping storing report.","meta":{"rootId":"vtdbdfln5l5v4eb","id":"vtdbdfln5l5v4eb"},"id":"g7vk5zm36i4dwmx","previousOperationId":"276gl6hzc2yzj9p"}
{"type":"log","timestamp":1674755571702,"level":"info","message":"Rendering request 2 finished in 2232 ms","meta":{"rootId":"vtdbdfln5l5v4eb","id":"vtdbdfln5l5v4eb"},"id":"923829p1hmw7n2d","previousOperationId":"276gl6hzc2yzj9p"}
{"type":"operationEnd","subtype":"render","operationId":"7x9r36rvyrgtv9d","timestamp":1674755571702,"id":"nknun4usdt9ng9l","previousEventId":"vgr2vy4p9b94rhk","previousOperationId":"276gl6hzc2yzj9p"}
{"type":"operationEnd","doDiffs":false,"previousEventId":"6z3qpc8sdnw2bbi","previousOperationId":"0xazs19znjxq7cv","operationId":"0xazs19znjxq7cv","timestamp":1674755571706,"id":"dqodahnk8rhy1ne"}
