{"type":"operationStart","subtype":"profile","data":{"_id":"dRyLK5HqFcpAHwLA","timestamp":"2023-01-26T12:32:29.947Z","state":"queued","mode":"standard","creationDate":"2023-01-26T12:32:29.950Z","modificationDate":"2023-01-26T12:32:29.950Z","shortid":"zOKFUA9","$entitySet":"profiles"},"doDiffs":false,"timestamp":1674736349948,"id":"xo32c2vz76vfj7x","previousOperationId":null,"operationId":"7zkcxwojx9ahtf6"}
{"type":"log","level":"info","message":"Render request 29 queued for execution and waiting for available worker","previousOperationId":"7zkcxwojx9ahtf6","timestamp":1674736349949,"id":"n4rl6t0kfafzn8g"}
{"type":"operationStart","subtype":"render","name":"Data","previousOperationId":"7zkcxwojx9ahtf6","timestamp":1674736349963,"id":"oxaz8dcd5yydwbb","previousEventId":"xo32c2vz76vfj7x","operationId":"sa2w9rkvvpo7y4b"}
{"type":"log","timestamp":1674736349963,"level":"info","message":"Starting rendering request 29","meta":{"rootId":"vwur6tczr8sg0fb","id":"vwur6tczr8sg0fb"},"id":"asaf6f63jr3l03p","previousOperationId":"sa2w9rkvvpo7y4b"}
{"type":"log","timestamp":1674736349964,"level":"info","message":"Rendering template { name: Data, recipe: chrome-pdf, engine: handlebars, preview: true }","meta":{"rootId":"vwur6tczr8sg0fb","id":"vwur6tczr8sg0fb"},"id":"rm3efd5lyve0w79","previousOperationId":"sa2w9rkvvpo7y4b"}
{"type":"log","timestamp":1674736349966,"level":"debug","message":"Data item not defined for this template.","meta":{"rootId":"vwur6tczr8sg0fb","id":"vwur6tczr8sg0fb"},"id":"maqhndmx39d4jzh","previousOperationId":"sa2w9rkvvpo7y4b"}
{"type":"log","timestamp":1674736349977,"level":"debug","message":"Executing script testing (beforeRender)","meta":{"rootId":"vwur6tczr8sg0fb","id":"vwur6tczr8sg0fb"},"id":"6qg9144ckm62udq","previousOperationId":"sa2w9rkvvpo7y4b"}
{"type":"operationStart","subtype":"scriptsBeforeRender","name":"scripts beforeRender","timestamp":1674736350082,"id":"2q8jg8jmnk6hmvq","previousEventId":"oxaz8dcd5yydwbb","operationId":"bvv7yj8phv0s4pi","previousOperationId":"sa2w9rkvvpo7y4b"}
{"type":"operationStart","subtype":"script","name":"scripts testing","previousOperationId":"bvv7yj8phv0s4pi","timestamp":1674736350082,"id":"vy1pz12klmbxymj","previousEventId":"2q8jg8jmnk6hmvq","operationId":"nam5v35wg8vxe0y"}
{"type":"operationEnd","operationId":"nam5v35wg8vxe0y","timestamp":1674736350969,"id":"ahdjmy1beggiv9x","previousEventId":"oxaz8dcd5yydwbb","previousOperationId":"sa2w9rkvvpo7y4b"}
{"type":"operationEnd","operationId":"bvv7yj8phv0s4pi","timestamp":1674736350969,"id":"6xabzip29mus69m","previousEventId":"ahdjmy1beggiv9x","previousOperationId":"sa2w9rkvvpo7y4b"}
{"type":"log","timestamp":1674736350969,"level":"debug","message":"Base url not specified, skipping its injection.","meta":{"rootId":"vwur6tczr8sg0fb","id":"vwur6tczr8sg0fb"},"id":"z60a44xsdfhqm7a","previousOperationId":"bvv7yj8phv0s4pi"}
{"type":"operationStart","subtype":"engine","name":"handlebars","timestamp":1674736350970,"id":"qg6p1rmf1zj7wvp","previousEventId":"6xabzip29mus69m","operationId":"7s10x1jr0rjsb66","previousOperationId":"bvv7yj8phv0s4pi"}
{"type":"log","timestamp":1674736350970,"level":"debug","message":"Rendering engine handlebars","meta":{"rootId":"vwur6tczr8sg0fb","id":"vwur6tczr8sg0fb"},"id":"h3bja9eiwegtqd0","previousOperationId":"7s10x1jr0rjsb66"}
{"type":"operationEnd","operationId":"7s10x1jr0rjsb66","timestamp":1674736350987,"id":"ixmlgey3nvwsssj","previousEventId":"qg6p1rmf1zj7wvp","previousOperationId":"7s10x1jr0rjsb66"}
{"type":"operationStart","subtype":"recipe","name":"chrome-pdf","timestamp":1674736350988,"id":"gxe68xpfh3z1tqh","previousEventId":"ixmlgey3nvwsssj","operationId":"vutg7fa820iq8zm","previousOperationId":"7s10x1jr0rjsb66"}
{"type":"log","timestamp":1674736350988,"level":"debug","message":"Executing recipe chrome-pdf","meta":{"rootId":"vwur6tczr8sg0fb","id":"vwur6tczr8sg0fb"},"id":"otaq4j3ee1kzurf","previousOperationId":"vutg7fa820iq8zm"}
{"type":"log","timestamp":1674736350994,"level":"debug","message":"Converting with chrome HeadlessChrome/105.0.5173.0 using chrome-pool strategy","meta":{"rootId":"vwur6tczr8sg0fb","id":"vwur6tczr8sg0fb"},"id":"3p9uag715i1bhka","previousOperationId":"vutg7fa820iq8zm"}
{"type":"log","timestamp":1674736351142,"level":"debug","message":"Page request: GET (document) file:///C:/Users/Johan/AppData/Local/Temp/jsreport/autocleanup/2044932c-a0a4-4a03-b936-7470a741400d-chrome-pdf.html","meta":{"rootId":"vwur6tczr8sg0fb","id":"vwur6tczr8sg0fb"},"id":"sneozg8uqyz7y3z","previousOperationId":"vutg7fa820iq8zm"}
{"type":"log","timestamp":1674736351184,"level":"debug","message":"Page request: GET (stylesheet) https://cdnjs.cloudflare.com/ajax/libs/metro/4.1.5/css/metro.min.css","meta":{"rootId":"vwur6tczr8sg0fb","id":"vwur6tczr8sg0fb"},"id":"zbwkj6dw91q8axc","previousOperationId":"vutg7fa820iq8zm"}
{"type":"log","timestamp":1674736351185,"level":"debug","message":"Page request: GET (script) https://cdnjs.cloudflare.com/ajax/libs/Chart.js/2.7.2/Chart.min.js","meta":{"rootId":"vwur6tczr8sg0fb","id":"vwur6tczr8sg0fb"},"id":"aaypq4v39t2dfqm","previousOperationId":"vutg7fa820iq8zm"}
{"type":"log","timestamp":1674736351186,"level":"debug","message":"Page request: GET (stylesheet) https://cdnjs.cloudflare.com/ajax/libs/chartist/0.11.0/chartist.min.css","meta":{"rootId":"vwur6tczr8sg0fb","id":"vwur6tczr8sg0fb"},"id":"i3dabcjqef8ad3y","previousOperationId":"vutg7fa820iq8zm"}
{"type":"log","timestamp":1674736351186,"level":"debug","message":"Page request: GET (script) https://cdnjs.cloudflare.com/ajax/libs/chartist/0.11.0/chartist.min.js","meta":{"rootId":"vwur6tczr8sg0fb","id":"vwur6tczr8sg0fb"},"id":"eng06bwvjmsun04","previousOperationId":"vutg7fa820iq8zm"}
{"type":"log","timestamp":1674736351187,"level":"debug","message":"Page request: GET (script) https://unpkg.com/chartist-plugin-tooltips@0.0.17","meta":{"rootId":"vwur6tczr8sg0fb","id":"vwur6tczr8sg0fb"},"id":"60ai6dlwsdmnvl8","previousOperationId":"vutg7fa820iq8zm"}
{"type":"log","timestamp":1674736351187,"level":"debug","message":"Page request: GET (script) https://unpkg.com/chartist-plugin-pointlabels@0.0.6","meta":{"rootId":"vwur6tczr8sg0fb","id":"vwur6tczr8sg0fb"},"id":"gjilxas9174550y","previousOperationId":"vutg7fa820iq8zm"}
{"type":"log","timestamp":1674736351188,"level":"debug","message":"Page request finished: GET (document) 200 file:///C:/Users/Johan/AppData/Local/Temp/jsreport/autocleanup/2044932c-a0a4-4a03-b936-7470a741400d-chrome-pdf.html","meta":{"rootId":"vwur6tczr8sg0fb","id":"vwur6tczr8sg0fb"},"id":"zg18itb1xpzq8d8","previousOperationId":"vutg7fa820iq8zm"}
{"type":"log","timestamp":1674736351189,"level":"debug","message":"Page request: GET (script) http://code.jquery.com/jquery-1.11.0.min.js","meta":{"rootId":"vwur6tczr8sg0fb","id":"vwur6tczr8sg0fb"},"id":"pv8jozw0ncsrp1c","previousOperationId":"vutg7fa820iq8zm"}
{"type":"log","timestamp":1674736351192,"level":"debug","message":"Page request: GET (script) http://cdnjs.cloudflare.com/ajax/libs/flot/0.8.1/jquery.flot.min.js","meta":{"rootId":"vwur6tczr8sg0fb","id":"vwur6tczr8sg0fb"},"id":"hpnnt5xecsgjy4s","previousOperationId":"vutg7fa820iq8zm"}
{"type":"log","timestamp":1674736351194,"level":"debug","message":"Page request: GET (script) https://cdn.jsdelivr.net/npm/chart.js@2.9.3/dist/Chart.min.js","meta":{"rootId":"vwur6tczr8sg0fb","id":"vwur6tczr8sg0fb"},"id":"lg3mgm3bpqprvd9","previousOperationId":"vutg7fa820iq8zm"}
{"type":"log","timestamp":1674736351200,"level":"debug","message":"Page request finished: GET (stylesheet) 200 https://cdnjs.cloudflare.com/ajax/libs/chartist/0.11.0/chartist.min.css","meta":{"rootId":"vwur6tczr8sg0fb","id":"vwur6tczr8sg0fb"},"id":"mf3w5yzptstugio","previousOperationId":"vutg7fa820iq8zm"}
{"type":"log","timestamp":1674736351201,"level":"debug","message":"Page request finished: GET (script) 200 https://cdnjs.cloudflare.com/ajax/libs/Chart.js/2.7.2/Chart.min.js","meta":{"rootId":"vwur6tczr8sg0fb","id":"vwur6tczr8sg0fb"},"id":"eusacz3piu7nvio","previousOperationId":"vutg7fa820iq8zm"}
{"type":"log","timestamp":1674736351201,"level":"debug","message":"Page request finished: GET (script) 200 https://cdnjs.cloudflare.com/ajax/libs/chartist/0.11.0/chartist.min.js","meta":{"rootId":"vwur6tczr8sg0fb","id":"vwur6tczr8sg0fb"},"id":"mb51jx164toeqmu","previousOperationId":"vutg7fa820iq8zm"}
{"type":"log","timestamp":1674736351203,"level":"warn","message":"Page request failed: GET (script) 302 https://unpkg.com/chartist-plugin-tooltips@0.0.17 (redirect to: /chartist-plugin-tooltips@0.0.17/dist/chartist-plugin-tooltip.js)","meta":{"rootId":"vwur6tczr8sg0fb","id":"vwur6tczr8sg0fb"},"id":"c6uau4s0nhvkb3r","previousOperationId":"vutg7fa820iq8zm"}
{"type":"log","timestamp":1674736351203,"level":"debug","message":"Page request: GET (script) https://unpkg.com/chartist-plugin-tooltips@0.0.17/dist/chartist-plugin-tooltip.js (redirect from: https://unpkg.com/chartist-plugin-tooltips@0.0.17)","meta":{"rootId":"vwur6tczr8sg0fb","id":"vwur6tczr8sg0fb"},"id":"6227jdibol1s57f","previousOperationId":"vutg7fa820iq8zm"}
{"type":"log","timestamp":1674736351204,"level":"warn","message":"Page request failed: GET (script) 302 https://unpkg.com/chartist-plugin-pointlabels@0.0.6 (redirect to: /chartist-plugin-pointlabels@0.0.6/dist/chartist-plugin-pointlabels.js)","meta":{"rootId":"vwur6tczr8sg0fb","id":"vwur6tczr8sg0fb"},"id":"cbq7w806h8dhqan","previousOperationId":"vutg7fa820iq8zm"}
{"type":"log","timestamp":1674736351206,"level":"warn","message":"Page request failed: GET (script) 307 http://cdnjs.cloudflare.com/ajax/libs/flot/0.8.1/jquery.flot.min.js (redirect to: https://cdnjs.cloudflare.com/ajax/libs/flot/0.8.1/jquery.flot.min.js)","meta":{"rootId":"vwur6tczr8sg0fb","id":"vwur6tczr8sg0fb"},"id":"dui1tylla3bzx03","previousOperationId":"vutg7fa820iq8zm"}
{"type":"log","timestamp":1674736351207,"level":"debug","message":"Page request: GET (script) https://unpkg.com/chartist-plugin-pointlabels@0.0.6/dist/chartist-plugin-pointlabels.js (redirect from: https://unpkg.com/chartist-plugin-pointlabels@0.0.6)","meta":{"rootId":"vwur6tczr8sg0fb","id":"vwur6tczr8sg0fb"},"id":"0pqxoqr9a1fqzu0","previousOperationId":"vutg7fa820iq8zm"}
{"type":"log","timestamp":1674736351207,"level":"debug","message":"Page request: GET (script) https://cdnjs.cloudflare.com/ajax/libs/flot/0.8.1/jquery.flot.min.js (redirect from: http://cdnjs.cloudflare.com/ajax/libs/flot/0.8.1/jquery.flot.min.js)","meta":{"rootId":"vwur6tczr8sg0fb","id":"vwur6tczr8sg0fb"},"id":"887ywrn92bu4lhm","previousOperationId":"vutg7fa820iq8zm"}
{"type":"log","timestamp":1674736351208,"level":"debug","message":"Page request finished: GET (script) 200 http://code.jquery.com/jquery-1.11.0.min.js","meta":{"rootId":"vwur6tczr8sg0fb","id":"vwur6tczr8sg0fb"},"id":"56vcvu2ae2k9r45","previousOperationId":"vutg7fa820iq8zm"}
{"type":"log","timestamp":1674736351208,"level":"debug","message":"Page request finished: GET (script) 200 https://cdn.jsdelivr.net/npm/chart.js@2.9.3/dist/Chart.min.js","meta":{"rootId":"vwur6tczr8sg0fb","id":"vwur6tczr8sg0fb"},"id":"wsg4hrkozohssef","previousOperationId":"vutg7fa820iq8zm"}
{"type":"log","timestamp":1674736351227,"level":"debug","message":"Page request finished: GET (stylesheet) 200 https://cdnjs.cloudflare.com/ajax/libs/metro/4.1.5/css/metro.min.css","meta":{"rootId":"vwur6tczr8sg0fb","id":"vwur6tczr8sg0fb"},"id":"bos3al48kni1pn8","previousOperationId":"vutg7fa820iq8zm"}
{"type":"log","timestamp":1674736351236,"level":"debug","message":"Page request finished: GET (script) 200 https://unpkg.com/chartist-plugin-pointlabels@0.0.6/dist/chartist-plugin-pointlabels.js","meta":{"rootId":"vwur6tczr8sg0fb","id":"vwur6tczr8sg0fb"},"id":"eefyoy5qjihl7yn","previousOperationId":"vutg7fa820iq8zm"}
{"type":"log","timestamp":1674736351236,"level":"debug","message":"Page request finished: GET (script) 200 https://unpkg.com/chartist-plugin-tooltips@0.0.17/dist/chartist-plugin-tooltip.js","meta":{"rootId":"vwur6tczr8sg0fb","id":"vwur6tczr8sg0fb"},"id":"6fwj87t2lu9lvbr","previousOperationId":"vutg7fa820iq8zm"}
{"type":"log","timestamp":1674736351236,"level":"debug","message":"Page request finished: GET (script) 200 https://cdnjs.cloudflare.com/ajax/libs/flot/0.8.1/jquery.flot.min.js","meta":{"rootId":"vwur6tczr8sg0fb","id":"vwur6tczr8sg0fb"},"id":"jqkk8b3kyckyzj0","previousOperationId":"vutg7fa820iq8zm"}
{"type":"log","timestamp":1674736351264,"level":"warn","message":"Page error: SyntaxError: Unexpected token ','","meta":{"rootId":"vwur6tczr8sg0fb","id":"vwur6tczr8sg0fb"},"id":"2wvjl08zvrqls18","previousOperationId":"vutg7fa820iq8zm"}
{"type":"log","timestamp":1674736351335,"level":"debug","message":"Running chrome with params {\"printBackground\":true,\"timeout\":58955,\"margin\":{}}","meta":{"rootId":"vwur6tczr8sg0fb","id":"vwur6tczr8sg0fb"},"id":"mf3rqp6led6oowq","previousOperationId":"vutg7fa820iq8zm"}
{"type":"operationEnd","operationId":"vutg7fa820iq8zm","timestamp":1674736351492,"id":"3xltorfmu9c8cx0","previousEventId":"gxe68xpfh3z1tqh","previousOperationId":"vutg7fa820iq8zm"}
{"type":"log","timestamp":1674736351493,"level":"debug","message":"Executing script testing (afterRender)","meta":{"rootId":"vwur6tczr8sg0fb","id":"vwur6tczr8sg0fb"},"id":"8nb6wbu3opd30pt","previousOperationId":"vutg7fa820iq8zm"}
{"type":"operationStart","subtype":"scriptsAfterRender","name":"scripts afterRender","timestamp":1674736351508,"id":"53bi04pd3ux6a4y","previousEventId":"3xltorfmu9c8cx0","operationId":"lf8c30doua5m080","previousOperationId":"vutg7fa820iq8zm"}
{"type":"operationStart","subtype":"script","name":"scripts testing","previousOperationId":"lf8c30doua5m080","timestamp":1674736351508,"id":"7zudc9gxzz3ep9b","previousEventId":"53bi04pd3ux6a4y","operationId":"epwuc71ctblzgao"}
{"type":"log","timestamp":1674736351819,"level":"debug","message":"(console:log) [ '58', '2', '59' ]","meta":{"userLevel":true,"rootId":"vwur6tczr8sg0fb","id":"vwur6tczr8sg0fb"},"id":"yeg053by89qjpaq","previousOperationId":"epwuc71ctblzgao"}
{"type":"log","timestamp":1674736351819,"level":"debug","message":"(console:log) [ '2', '3', '1' ]","meta":{"userLevel":true,"rootId":"vwur6tczr8sg0fb","id":"vwur6tczr8sg0fb"},"id":"u442f3h111a7g20","previousOperationId":"epwuc71ctblzgao"}
{"type":"operationEnd","operationId":"epwuc71ctblzgao","timestamp":1674736352780,"id":"e21cztyw1131evf","previousEventId":"3xltorfmu9c8cx0","previousOperationId":"vutg7fa820iq8zm"}
{"type":"operationEnd","operationId":"lf8c30doua5m080","timestamp":1674736352780,"id":"d9255w6pqeq193w","previousEventId":"e21cztyw1131evf","previousOperationId":"vutg7fa820iq8zm"}
{"type":"log","timestamp":1674736352780,"level":"debug","message":"Skipping storing report.","meta":{"rootId":"vwur6tczr8sg0fb","id":"vwur6tczr8sg0fb"},"id":"y6lzpgas1t5xdz6","previousOperationId":"lf8c30doua5m080"}
{"type":"log","timestamp":1674736352781,"level":"info","message":"Rendering request 29 finished in 2834 ms","meta":{"rootId":"vwur6tczr8sg0fb","id":"vwur6tczr8sg0fb"},"id":"nkby0vxlxczpkf9","previousOperationId":"lf8c30doua5m080"}
{"type":"operationEnd","subtype":"render","operationId":"sa2w9rkvvpo7y4b","timestamp":1674736352781,"id":"bxvgzsxhl5xe0t8","previousEventId":"d9255w6pqeq193w","previousOperationId":"lf8c30doua5m080"}
{"type":"operationEnd","doDiffs":false,"previousEventId":"xo32c2vz76vfj7x","previousOperationId":"7zkcxwojx9ahtf6","operationId":"7zkcxwojx9ahtf6","timestamp":1674736352786,"id":"k9phgfly1ee8abc"}
