{"type":"operationStart","subtype":"profile","data":{"_id":"xwcmUKULuedFU6HW","timestamp":"2023-01-26T17:12:56.320Z","state":"queued","mode":"standard","creationDate":"2023-01-26T17:12:56.323Z","modificationDate":"2023-01-26T17:12:56.323Z","shortid":"ydI4FUY","$entitySet":"profiles"},"doDiffs":false,"timestamp":1674753176322,"id":"g7fcqb8g3x8m2jl","previousOperationId":null,"operationId":"p300ik1v6c40pl4"}
{"type":"log","level":"info","message":"Render request 19 queued for execution and waiting for available worker","previousOperationId":"p300ik1v6c40pl4","timestamp":1674753176322,"id":"v92rys8mzsld8gz"}
{"type":"operationStart","subtype":"render","name":"Data","previousOperationId":"p300ik1v6c40pl4","timestamp":1674753176337,"id":"u3nkcl5i8uzgmk2","previousEventId":"g7fcqb8g3x8m2jl","operationId":"s5e047hfpuj6rig"}
{"type":"log","timestamp":1674753176337,"level":"info","message":"Starting rendering request 19","meta":{"rootId":"vxy83pwb6obyzoa","id":"vxy83pwb6obyzoa"},"id":"jqidkjipcnoenn6","previousOperationId":"s5e047hfpuj6rig"}
{"type":"log","timestamp":1674753176337,"level":"info","message":"Rendering template { name: Data, recipe: chrome-pdf, engine: handlebars, preview: true }","meta":{"rootId":"vxy83pwb6obyzoa","id":"vxy83pwb6obyzoa"},"id":"3fij1nxhsq9kc4t","previousOperationId":"s5e047hfpuj6rig"}
{"type":"log","timestamp":1674753176339,"level":"debug","message":"Data item not defined for this template.","meta":{"rootId":"vxy83pwb6obyzoa","id":"vxy83pwb6obyzoa"},"id":"5vawqf5a80sko0d","previousOperationId":"s5e047hfpuj6rig"}
{"type":"log","timestamp":1674753176341,"level":"debug","message":"Executing script testing (beforeRender)","meta":{"rootId":"vxy83pwb6obyzoa","id":"vxy83pwb6obyzoa"},"id":"87ii5d60qknxvz1","previousOperationId":"s5e047hfpuj6rig"}
{"type":"operationStart","subtype":"scriptsBeforeRender","name":"scripts beforeRender","timestamp":1674753176398,"id":"lgdrre9tpzrvqrw","previousEventId":"u3nkcl5i8uzgmk2","operationId":"paaibfkg3mc1p2r","previousOperationId":"s5e047hfpuj6rig"}
{"type":"operationStart","subtype":"script","name":"scripts testing","previousOperationId":"paaibfkg3mc1p2r","timestamp":1674753176398,"id":"4t7zuhri1fdghpk","previousEventId":"lgdrre9tpzrvqrw","operationId":"ir08jg9yv2wdvfv"}
{"type":"log","timestamp":1674753176736,"level":"debug","message":"(console:log) {\n  locationName: [ 'Las Palmas de Gran Canaria', 'Galdar', 'Teror' ],\n  repetition: [ '2', '1', '3' ]\n}","meta":{"userLevel":true,"rootId":"vxy83pwb6obyzoa","id":"vxy83pwb6obyzoa"},"id":"yh0bigo4far2atr","previousOperationId":"ir08jg9yv2wdvfv"}
{"type":"log","timestamp":1674753176736,"level":"debug","message":"(console:log) [ 'Las Palmas de Gran Canaria', 'Galdar', 'Teror' ]","meta":{"userLevel":true,"rootId":"vxy83pwb6obyzoa","id":"vxy83pwb6obyzoa"},"id":"5qyfbsa5gigful8","previousOperationId":"ir08jg9yv2wdvfv"}
{"type":"log","timestamp":1674753176736,"level":"debug","message":"(console:log) [ '2', '1', '3' ]","meta":{"userLevel":true,"rootId":"vxy83pwb6obyzoa","id":"vxy83pwb6obyzoa"},"id":"gogy36ltx5nqh7q","previousOperationId":"ir08jg9yv2wdvfv"}
{"type":"operationEnd","operationId":"ir08jg9yv2wdvfv","timestamp":1674753177149,"id":"nzqqf9qxg9m9mve","previousEventId":"u3nkcl5i8uzgmk2","previousOperationId":"s5e047hfpuj6rig"}
{"type":"operationEnd","operationId":"paaibfkg3mc1p2r","timestamp":1674753177149,"id":"xncy3gv7m0ahfsd","previousEventId":"nzqqf9qxg9m9mve","previousOperationId":"s5e047hfpuj6rig"}
{"type":"log","timestamp":1674753177149,"level":"debug","message":"Base url not specified, skipping its injection.","meta":{"rootId":"vxy83pwb6obyzoa","id":"vxy83pwb6obyzoa"},"id":"kvlhgac0d3kq361","previousOperationId":"paaibfkg3mc1p2r"}
{"type":"operationStart","subtype":"engine","name":"handlebars","timestamp":1674753177149,"id":"r8mw6c4yne8m7p0","previousEventId":"xncy3gv7m0ahfsd","operationId":"i88k0s670j3ovpk","previousOperationId":"paaibfkg3mc1p2r"}
{"type":"log","timestamp":1674753177149,"level":"debug","message":"Rendering engine handlebars","meta":{"rootId":"vxy83pwb6obyzoa","id":"vxy83pwb6obyzoa"},"id":"xta8lotlrdi9eec","previousOperationId":"i88k0s670j3ovpk"}
{"type":"operationEnd","operationId":"i88k0s670j3ovpk","timestamp":1674753177163,"id":"2mlpr5hed2qbzrw","previousEventId":"r8mw6c4yne8m7p0","previousOperationId":"i88k0s670j3ovpk"}
{"type":"operationStart","subtype":"recipe","name":"chrome-pdf","timestamp":1674753177163,"id":"e73k6pt8bh2nkae","previousEventId":"2mlpr5hed2qbzrw","operationId":"6mdhb3cqgn0xd2f","previousOperationId":"i88k0s670j3ovpk"}
{"type":"log","timestamp":1674753177163,"level":"debug","message":"Executing recipe chrome-pdf","meta":{"rootId":"vxy83pwb6obyzoa","id":"vxy83pwb6obyzoa"},"id":"py8fwr8yu6etvbl","previousOperationId":"6mdhb3cqgn0xd2f"}
{"type":"log","timestamp":1674753177167,"level":"debug","message":"Converting with chrome HeadlessChrome/105.0.5173.0 using chrome-pool strategy","meta":{"rootId":"vxy83pwb6obyzoa","id":"vxy83pwb6obyzoa"},"id":"18czbqlsiw6x8a8","previousOperationId":"6mdhb3cqgn0xd2f"}
{"type":"log","timestamp":1674753177268,"level":"debug","message":"Page request: GET (document) file:///C:/Users/Johan/AppData/Local/Temp/jsreport/autocleanup/14964a3d-5ea8-427a-a3a4-7fcae12685a0-chrome-pdf.html","meta":{"rootId":"vxy83pwb6obyzoa","id":"vxy83pwb6obyzoa"},"id":"1jfq0zcxxvunjzm","previousOperationId":"6mdhb3cqgn0xd2f"}
{"type":"log","timestamp":1674753177295,"level":"debug","message":"Page request: GET (stylesheet) https://cdnjs.cloudflare.com/ajax/libs/metro/4.1.5/css/metro.min.css","meta":{"rootId":"vxy83pwb6obyzoa","id":"vxy83pwb6obyzoa"},"id":"uw18nu4ash9snxk","previousOperationId":"6mdhb3cqgn0xd2f"}
{"type":"log","timestamp":1674753177295,"level":"debug","message":"Page request: GET (stylesheet) https://cdnjs.cloudflare.com/ajax/libs/chartist/0.11.0/chartist.min.css","meta":{"rootId":"vxy83pwb6obyzoa","id":"vxy83pwb6obyzoa"},"id":"i4itcf4k7v9u9wd","previousOperationId":"6mdhb3cqgn0xd2f"}
{"type":"log","timestamp":1674753177297,"level":"debug","message":"Page request finished: GET (document) 200 file:///C:/Users/Johan/AppData/Local/Temp/jsreport/autocleanup/14964a3d-5ea8-427a-a3a4-7fcae12685a0-chrome-pdf.html","meta":{"rootId":"vxy83pwb6obyzoa","id":"vxy83pwb6obyzoa"},"id":"48ae3uruwh1fhpl","previousOperationId":"6mdhb3cqgn0xd2f"}
{"type":"log","timestamp":1674753177297,"level":"debug","message":"Page request: GET (script) https://cdnjs.cloudflare.com/ajax/libs/chartist/0.11.0/chartist.min.js","meta":{"rootId":"vxy83pwb6obyzoa","id":"vxy83pwb6obyzoa"},"id":"kvv108eula07s2v","previousOperationId":"6mdhb3cqgn0xd2f"}
{"type":"log","timestamp":1674753177298,"level":"debug","message":"Page request: GET (script) https://unpkg.com/chartist-plugin-tooltips@0.0.17","meta":{"rootId":"vxy83pwb6obyzoa","id":"vxy83pwb6obyzoa"},"id":"8w8a7e2tyh50fl1","previousOperationId":"6mdhb3cqgn0xd2f"}
{"type":"log","timestamp":1674753177298,"level":"debug","message":"Page request: GET (script) https://unpkg.com/chartist-plugin-pointlabels@0.0.6","meta":{"rootId":"vxy83pwb6obyzoa","id":"vxy83pwb6obyzoa"},"id":"0ds9xzbu48boumo","previousOperationId":"6mdhb3cqgn0xd2f"}
{"type":"log","timestamp":1674753177307,"level":"debug","message":"Page request finished: GET (stylesheet) 200 https://cdnjs.cloudflare.com/ajax/libs/chartist/0.11.0/chartist.min.css","meta":{"rootId":"vxy83pwb6obyzoa","id":"vxy83pwb6obyzoa"},"id":"91uvwar6wnn6u1j","previousOperationId":"6mdhb3cqgn0xd2f"}
{"type":"log","timestamp":1674753177307,"level":"warn","message":"Page request failed: GET (script) 302 https://unpkg.com/chartist-plugin-tooltips@0.0.17 (redirect to: /chartist-plugin-tooltips@0.0.17/dist/chartist-plugin-tooltip.js)","meta":{"rootId":"vxy83pwb6obyzoa","id":"vxy83pwb6obyzoa"},"id":"6qjt0vix7psji4c","previousOperationId":"6mdhb3cqgn0xd2f"}
{"type":"log","timestamp":1674753177307,"level":"debug","message":"Page request: GET (script) https://unpkg.com/chartist-plugin-tooltips@0.0.17/dist/chartist-plugin-tooltip.js (redirect from: https://unpkg.com/chartist-plugin-tooltips@0.0.17)","meta":{"rootId":"vxy83pwb6obyzoa","id":"vxy83pwb6obyzoa"},"id":"391e56fmyiss1j7","previousOperationId":"6mdhb3cqgn0xd2f"}
{"type":"log","timestamp":1674753177308,"level":"debug","message":"Page request finished: GET (script) 200 https://cdnjs.cloudflare.com/ajax/libs/chartist/0.11.0/chartist.min.js","meta":{"rootId":"vxy83pwb6obyzoa","id":"vxy83pwb6obyzoa"},"id":"7815gs35zrr89yn","previousOperationId":"6mdhb3cqgn0xd2f"}
{"type":"log","timestamp":1674753177308,"level":"warn","message":"Page request failed: GET (script) 302 https://unpkg.com/chartist-plugin-pointlabels@0.0.6 (redirect to: /chartist-plugin-pointlabels@0.0.6/dist/chartist-plugin-pointlabels.js)","meta":{"rootId":"vxy83pwb6obyzoa","id":"vxy83pwb6obyzoa"},"id":"k0bfb836wa7vqm3","previousOperationId":"6mdhb3cqgn0xd2f"}
{"type":"log","timestamp":1674753177308,"level":"debug","message":"Page request: GET (script) https://unpkg.com/chartist-plugin-pointlabels@0.0.6/dist/chartist-plugin-pointlabels.js (redirect from: https://unpkg.com/chartist-plugin-pointlabels@0.0.6)","meta":{"rootId":"vxy83pwb6obyzoa","id":"vxy83pwb6obyzoa"},"id":"kegd7jip3hf4mag","previousOperationId":"6mdhb3cqgn0xd2f"}
{"type":"log","timestamp":1674753177326,"level":"debug","message":"Page request finished: GET (stylesheet) 200 https://cdnjs.cloudflare.com/ajax/libs/metro/4.1.5/css/metro.min.css","meta":{"rootId":"vxy83pwb6obyzoa","id":"vxy83pwb6obyzoa"},"id":"mwvv3pxxzibg3cn","previousOperationId":"6mdhb3cqgn0xd2f"}
{"type":"log","timestamp":1674753177327,"level":"debug","message":"Page request finished: GET (script) 200 https://unpkg.com/chartist-plugin-tooltips@0.0.17/dist/chartist-plugin-tooltip.js","meta":{"rootId":"vxy83pwb6obyzoa","id":"vxy83pwb6obyzoa"},"id":"3a3j1wsmbuhp8pg","previousOperationId":"6mdhb3cqgn0xd2f"}
{"type":"log","timestamp":1674753177328,"level":"debug","message":"Page request finished: GET (script) 200 https://unpkg.com/chartist-plugin-pointlabels@0.0.6/dist/chartist-plugin-pointlabels.js","meta":{"rootId":"vxy83pwb6obyzoa","id":"vxy83pwb6obyzoa"},"id":"5q20frv3sr1noor","previousOperationId":"6mdhb3cqgn0xd2f"}
{"type":"log","timestamp":1674753177328,"level":"warn","message":"Page error: SyntaxError: Unexpected token ':'","meta":{"rootId":"vxy83pwb6obyzoa","id":"vxy83pwb6obyzoa"},"id":"x1e6tdsqp6bh543","previousOperationId":"6mdhb3cqgn0xd2f"}
{"type":"log","timestamp":1674753177372,"level":"debug","message":"Running chrome with params {\"printBackground\":true,\"timeout\":59154,\"margin\":{}}","meta":{"rootId":"vxy83pwb6obyzoa","id":"vxy83pwb6obyzoa"},"id":"hn02t4e42i29pyc","previousOperationId":"6mdhb3cqgn0xd2f"}
{"type":"operationEnd","operationId":"6mdhb3cqgn0xd2f","timestamp":1674753177546,"id":"83gz9w3nvei0r9c","previousEventId":"e73k6pt8bh2nkae","previousOperationId":"6mdhb3cqgn0xd2f"}
{"type":"log","timestamp":1674753177546,"level":"debug","message":"Executing script testing (afterRender)","meta":{"rootId":"vxy83pwb6obyzoa","id":"vxy83pwb6obyzoa"},"id":"rmw67iwcyzgnmgg","previousOperationId":"6mdhb3cqgn0xd2f"}
{"type":"operationStart","subtype":"scriptsAfterRender","name":"scripts afterRender","timestamp":1674753177557,"id":"g5p8ewkp4w49daf","previousEventId":"83gz9w3nvei0r9c","operationId":"rx5bzeze9k63q81","previousOperationId":"6mdhb3cqgn0xd2f"}
{"type":"operationStart","subtype":"script","name":"scripts testing","previousOperationId":"rx5bzeze9k63q81","timestamp":1674753177557,"id":"upq7zaaewryxoqm","previousEventId":"g5p8ewkp4w49daf","operationId":"2npgy75y0kj6lbb"}
{"type":"operationEnd","operationId":"2npgy75y0kj6lbb","timestamp":1674753179350,"id":"8wz76sn52q6wnve","previousEventId":"83gz9w3nvei0r9c","previousOperationId":"6mdhb3cqgn0xd2f"}
{"type":"operationEnd","operationId":"rx5bzeze9k63q81","timestamp":1674753179350,"id":"4f61e50ljfd4wjv","previousEventId":"8wz76sn52q6wnve","previousOperationId":"6mdhb3cqgn0xd2f"}
{"type":"log","timestamp":1674753179351,"level":"debug","message":"Skipping storing report.","meta":{"rootId":"vxy83pwb6obyzoa","id":"vxy83pwb6obyzoa"},"id":"c4rraonenucxaex","previousOperationId":"rx5bzeze9k63q81"}
{"type":"log","timestamp":1674753179352,"level":"info","message":"Rendering request 19 finished in 3032 ms","meta":{"rootId":"vxy83pwb6obyzoa","id":"vxy83pwb6obyzoa"},"id":"vexywj3d017h479","previousOperationId":"rx5bzeze9k63q81"}
{"type":"operationEnd","subtype":"render","operationId":"s5e047hfpuj6rig","timestamp":1674753179352,"id":"k1h4c10degoexbk","previousEventId":"4f61e50ljfd4wjv","previousOperationId":"rx5bzeze9k63q81"}
{"type":"operationEnd","doDiffs":false,"previousEventId":"g7fcqb8g3x8m2jl","previousOperationId":"p300ik1v6c40pl4","operationId":"p300ik1v6c40pl4","timestamp":1674753179356,"id":"y0lw30zb6w0w6po"}
