{"type":"operationStart","subtype":"profile","data":{"_id":"plASdNYu4g9eUcJp","timestamp":"2023-01-26T16:28:58.961Z","state":"queued","mode":"standard","creationDate":"2023-01-26T16:28:58.963Z","modificationDate":"2023-01-26T16:28:58.963Z","shortid":"9Gy3Lyz","$entitySet":"profiles"},"doDiffs":false,"timestamp":1674750538962,"id":"0mbzqrifsk9bzes","previousOperationId":null,"operationId":"g0gkubsfb829gwn"}
{"type":"log","level":"info","message":"Render request 68 queued for execution and waiting for available worker","previousOperationId":"g0gkubsfb829gwn","timestamp":1674750538962,"id":"kbzplqmrekh8k5t"}
{"type":"operationStart","subtype":"render","name":"Data","previousOperationId":"g0gkubsfb829gwn","timestamp":1674750538973,"id":"qmqsaxvhah6wfpr","previousEventId":"0mbzqrifsk9bzes","operationId":"wgb8ebvz26dx17f"}
{"type":"log","timestamp":1674750538973,"level":"info","message":"Starting rendering request 68","meta":{"rootId":"w5bzn32mqsdanhh","id":"w5bzn32mqsdanhh"},"id":"9fa9puhn9iuwvl9","previousOperationId":"wgb8ebvz26dx17f"}
{"type":"log","timestamp":1674750538974,"level":"info","message":"Rendering template { name: Data, recipe: chrome-pdf, engine: handlebars, preview: true }","meta":{"rootId":"w5bzn32mqsdanhh","id":"w5bzn32mqsdanhh"},"id":"fkzufz5ycugcxod","previousOperationId":"wgb8ebvz26dx17f"}
{"type":"log","timestamp":1674750538974,"level":"debug","message":"Data item not defined for this template.","meta":{"rootId":"w5bzn32mqsdanhh","id":"w5bzn32mqsdanhh"},"id":"19i8ihypsy2zoz0","previousOperationId":"wgb8ebvz26dx17f"}
{"type":"log","timestamp":1674750538976,"level":"debug","message":"Executing script testing (beforeRender)","meta":{"rootId":"w5bzn32mqsdanhh","id":"w5bzn32mqsdanhh"},"id":"5v6fx9rj282q2a1","previousOperationId":"wgb8ebvz26dx17f"}
{"type":"operationStart","subtype":"scriptsBeforeRender","name":"scripts beforeRender","timestamp":1674750539018,"id":"rj1ksr9ghi5ugnu","previousEventId":"qmqsaxvhah6wfpr","operationId":"kbztknb0honnk1q","previousOperationId":"wgb8ebvz26dx17f"}
{"type":"operationStart","subtype":"script","name":"scripts testing","previousOperationId":"kbztknb0honnk1q","timestamp":1674750539018,"id":"9stjys9edj7ma60","previousEventId":"rj1ksr9ghi5ugnu","operationId":"np99ftyrr12m462"}
{"type":"log","timestamp":1674750539263,"level":"debug","message":"(console:log) {\n  name: [ 'Teror', 'Gáldar', 'Las Palmas de Gran Canaria' ],\n  repetition: [ '3', '1', '2' ]\n}","meta":{"userLevel":true,"rootId":"w5bzn32mqsdanhh","id":"w5bzn32mqsdanhh"},"id":"6tw2yz4rgix35hp","previousOperationId":"np99ftyrr12m462"}
{"type":"operationEnd","operationId":"np99ftyrr12m462","timestamp":1674750539651,"id":"c2x6gd2j4vs3nmp","previousEventId":"qmqsaxvhah6wfpr","previousOperationId":"wgb8ebvz26dx17f"}
{"type":"operationEnd","operationId":"kbztknb0honnk1q","timestamp":1674750539651,"id":"lw6hrc6fdittahb","previousEventId":"c2x6gd2j4vs3nmp","previousOperationId":"wgb8ebvz26dx17f"}
{"type":"log","timestamp":1674750539651,"level":"debug","message":"Base url not specified, skipping its injection.","meta":{"rootId":"w5bzn32mqsdanhh","id":"w5bzn32mqsdanhh"},"id":"rwwqg9gn2m7cwor","previousOperationId":"kbztknb0honnk1q"}
{"type":"operationStart","subtype":"engine","name":"handlebars","timestamp":1674750539652,"id":"lqmvz4ncold214y","previousEventId":"lw6hrc6fdittahb","operationId":"qbsw3vibo87dno8","previousOperationId":"kbztknb0honnk1q"}
{"type":"log","timestamp":1674750539653,"level":"debug","message":"Rendering engine handlebars","meta":{"rootId":"w5bzn32mqsdanhh","id":"w5bzn32mqsdanhh"},"id":"ker4kfoh1mp3c6k","previousOperationId":"qbsw3vibo87dno8"}
{"type":"operationEnd","operationId":"qbsw3vibo87dno8","timestamp":1674750539658,"id":"y8cnsc3otdjv9cx","previousEventId":"lqmvz4ncold214y","previousOperationId":"qbsw3vibo87dno8"}
{"type":"operationStart","subtype":"recipe","name":"chrome-pdf","timestamp":1674750539659,"id":"uz2ftb4jdh9ws0s","previousEventId":"y8cnsc3otdjv9cx","operationId":"s02l37qobvutx9x","previousOperationId":"qbsw3vibo87dno8"}
{"type":"log","timestamp":1674750539659,"level":"debug","message":"Executing recipe chrome-pdf","meta":{"rootId":"w5bzn32mqsdanhh","id":"w5bzn32mqsdanhh"},"id":"y2oj2lkrbmp8pio","previousOperationId":"s02l37qobvutx9x"}
{"type":"log","timestamp":1674750539661,"level":"debug","message":"Converting with chrome HeadlessChrome/105.0.5173.0 using chrome-pool strategy","meta":{"rootId":"w5bzn32mqsdanhh","id":"w5bzn32mqsdanhh"},"id":"shrfgrod50f9zb0","previousOperationId":"s02l37qobvutx9x"}
{"type":"log","timestamp":1674750539743,"level":"debug","message":"Page request: GET (document) file:///C:/Users/Johan/AppData/Local/Temp/jsreport/autocleanup/c920b267-0306-4511-abff-942dff7a44e5-chrome-pdf.html","meta":{"rootId":"w5bzn32mqsdanhh","id":"w5bzn32mqsdanhh"},"id":"hsjsqac1q56utjk","previousOperationId":"s02l37qobvutx9x"}
{"type":"log","timestamp":1674750539764,"level":"debug","message":"Page request finished: GET (document) 200 file:///C:/Users/Johan/AppData/Local/Temp/jsreport/autocleanup/c920b267-0306-4511-abff-942dff7a44e5-chrome-pdf.html","meta":{"rootId":"w5bzn32mqsdanhh","id":"w5bzn32mqsdanhh"},"id":"bf6stulx9e2xt5d","previousOperationId":"s02l37qobvutx9x"}
{"type":"log","timestamp":1674750539764,"level":"debug","message":"Page request: GET (stylesheet) https://cdnjs.cloudflare.com/ajax/libs/metro/4.1.5/css/metro.min.css","meta":{"rootId":"w5bzn32mqsdanhh","id":"w5bzn32mqsdanhh"},"id":"rpcglaxjvlil880","previousOperationId":"s02l37qobvutx9x"}
{"type":"log","timestamp":1674750539765,"level":"debug","message":"Page request: GET (stylesheet) https://cdnjs.cloudflare.com/ajax/libs/chartist/0.11.0/chartist.min.css","meta":{"rootId":"w5bzn32mqsdanhh","id":"w5bzn32mqsdanhh"},"id":"btl3ggk07j64eyu","previousOperationId":"s02l37qobvutx9x"}
{"type":"log","timestamp":1674750539765,"level":"debug","message":"Page request: GET (script) https://cdnjs.cloudflare.com/ajax/libs/chartist/0.11.0/chartist.min.js","meta":{"rootId":"w5bzn32mqsdanhh","id":"w5bzn32mqsdanhh"},"id":"ukaipsxcbrv03cp","previousOperationId":"s02l37qobvutx9x"}
{"type":"log","timestamp":1674750539765,"level":"debug","message":"Page request: GET (script) https://unpkg.com/chartist-plugin-tooltips@0.0.17","meta":{"rootId":"w5bzn32mqsdanhh","id":"w5bzn32mqsdanhh"},"id":"9bkbz7why9la6kq","previousOperationId":"s02l37qobvutx9x"}
{"type":"log","timestamp":1674750539765,"level":"debug","message":"Page request: GET (script) https://unpkg.com/chartist-plugin-pointlabels@0.0.6","meta":{"rootId":"w5bzn32mqsdanhh","id":"w5bzn32mqsdanhh"},"id":"sk4482qjbjxm4wh","previousOperationId":"s02l37qobvutx9x"}
{"type":"log","timestamp":1674750539769,"level":"warn","message":"Page request failed: GET (script) 302 https://unpkg.com/chartist-plugin-tooltips@0.0.17 (redirect to: /chartist-plugin-tooltips@0.0.17/dist/chartist-plugin-tooltip.js)","meta":{"rootId":"w5bzn32mqsdanhh","id":"w5bzn32mqsdanhh"},"id":"0rozs0hnm8ooawc","previousOperationId":"s02l37qobvutx9x"}
{"type":"log","timestamp":1674750539770,"level":"debug","message":"Page request: GET (script) https://unpkg.com/chartist-plugin-tooltips@0.0.17/dist/chartist-plugin-tooltip.js (redirect from: https://unpkg.com/chartist-plugin-tooltips@0.0.17)","meta":{"rootId":"w5bzn32mqsdanhh","id":"w5bzn32mqsdanhh"},"id":"ziwduiyu7ven4mh","previousOperationId":"s02l37qobvutx9x"}
{"type":"log","timestamp":1674750539771,"level":"debug","message":"Page request finished: GET (stylesheet) 200 https://cdnjs.cloudflare.com/ajax/libs/chartist/0.11.0/chartist.min.css","meta":{"rootId":"w5bzn32mqsdanhh","id":"w5bzn32mqsdanhh"},"id":"vjzqg9xxlrkbqiu","previousOperationId":"s02l37qobvutx9x"}
{"type":"log","timestamp":1674750539772,"level":"warn","message":"Page request failed: GET (script) 302 https://unpkg.com/chartist-plugin-pointlabels@0.0.6 (redirect to: /chartist-plugin-pointlabels@0.0.6/dist/chartist-plugin-pointlabels.js)","meta":{"rootId":"w5bzn32mqsdanhh","id":"w5bzn32mqsdanhh"},"id":"x7pfy94e3w14x2e","previousOperationId":"s02l37qobvutx9x"}
{"type":"log","timestamp":1674750539772,"level":"debug","message":"Page request: GET (script) https://unpkg.com/chartist-plugin-pointlabels@0.0.6/dist/chartist-plugin-pointlabels.js (redirect from: https://unpkg.com/chartist-plugin-pointlabels@0.0.6)","meta":{"rootId":"w5bzn32mqsdanhh","id":"w5bzn32mqsdanhh"},"id":"evk7484lizjr8fn","previousOperationId":"s02l37qobvutx9x"}
{"type":"log","timestamp":1674750539787,"level":"debug","message":"Page request finished: GET (stylesheet) 200 https://cdnjs.cloudflare.com/ajax/libs/metro/4.1.5/css/metro.min.css","meta":{"rootId":"w5bzn32mqsdanhh","id":"w5bzn32mqsdanhh"},"id":"0upe2nydmxonid8","previousOperationId":"s02l37qobvutx9x"}
{"type":"log","timestamp":1674750539787,"level":"debug","message":"Page request finished: GET (script) 200 https://cdnjs.cloudflare.com/ajax/libs/chartist/0.11.0/chartist.min.js","meta":{"rootId":"w5bzn32mqsdanhh","id":"w5bzn32mqsdanhh"},"id":"m833fbugso2qh1w","previousOperationId":"s02l37qobvutx9x"}
{"type":"log","timestamp":1674750539789,"level":"debug","message":"Page request finished: GET (script) 200 https://unpkg.com/chartist-plugin-tooltips@0.0.17/dist/chartist-plugin-tooltip.js","meta":{"rootId":"w5bzn32mqsdanhh","id":"w5bzn32mqsdanhh"},"id":"tb05yb8o6puq1h9","previousOperationId":"s02l37qobvutx9x"}
{"type":"log","timestamp":1674750539789,"level":"debug","message":"Page request finished: GET (script) 200 https://unpkg.com/chartist-plugin-pointlabels@0.0.6/dist/chartist-plugin-pointlabels.js","meta":{"rootId":"w5bzn32mqsdanhh","id":"w5bzn32mqsdanhh"},"id":"dsrhc21ne0ayelq","previousOperationId":"s02l37qobvutx9x"}
{"type":"log","timestamp":1674750539792,"level":"debug","message":"(console:log) Me he venido","meta":{"userLevel":true,"rootId":"w5bzn32mqsdanhh","id":"w5bzn32mqsdanhh"},"id":"ggsyg4xy5rmt12q","previousOperationId":"s02l37qobvutx9x"}
{"type":"log","timestamp":1674750539843,"level":"debug","message":"Running chrome with params {\"printBackground\":true,\"timeout\":59301,\"margin\":{}}","meta":{"rootId":"w5bzn32mqsdanhh","id":"w5bzn32mqsdanhh"},"id":"zwf489x5ekzbfx8","previousOperationId":"s02l37qobvutx9x"}
{"type":"operationEnd","operationId":"s02l37qobvutx9x","timestamp":1674750539976,"id":"6ucnq3m10fzi6x1","previousEventId":"uz2ftb4jdh9ws0s","previousOperationId":"s02l37qobvutx9x"}
{"type":"log","timestamp":1674750539976,"level":"debug","message":"Executing script testing (afterRender)","meta":{"rootId":"w5bzn32mqsdanhh","id":"w5bzn32mqsdanhh"},"id":"iv3qnsqipv9n3od","previousOperationId":"s02l37qobvutx9x"}
{"type":"operationStart","subtype":"scriptsAfterRender","name":"scripts afterRender","timestamp":1674750539983,"id":"nzz0xfvewola119","previousEventId":"6ucnq3m10fzi6x1","operationId":"exd7481sp8thf34","previousOperationId":"s02l37qobvutx9x"}
{"type":"operationStart","subtype":"script","name":"scripts testing","previousOperationId":"exd7481sp8thf34","timestamp":1674750539983,"id":"f6nhl1b9hg3ll8l","previousEventId":"nzz0xfvewola119","operationId":"nfu9fzuh0a6hiaw"}
{"type":"operationEnd","operationId":"nfu9fzuh0a6hiaw","timestamp":1674750541210,"id":"ycawnjdmsut002d","previousEventId":"6ucnq3m10fzi6x1","previousOperationId":"s02l37qobvutx9x"}
{"type":"operationEnd","operationId":"exd7481sp8thf34","timestamp":1674750541210,"id":"zn17i6vmy11wlhj","previousEventId":"ycawnjdmsut002d","previousOperationId":"s02l37qobvutx9x"}
{"type":"log","timestamp":1674750541211,"level":"debug","message":"Skipping storing report.","meta":{"rootId":"w5bzn32mqsdanhh","id":"w5bzn32mqsdanhh"},"id":"ew0j6xjzqeer2cr","previousOperationId":"exd7481sp8thf34"}
{"type":"log","timestamp":1674750541211,"level":"info","message":"Rendering request 68 finished in 2250 ms","meta":{"rootId":"w5bzn32mqsdanhh","id":"w5bzn32mqsdanhh"},"id":"ji8z0synn025xaq","previousOperationId":"exd7481sp8thf34"}
{"type":"operationEnd","subtype":"render","operationId":"wgb8ebvz26dx17f","timestamp":1674750541211,"id":"fcxfk6rayvolwk1","previousEventId":"zn17i6vmy11wlhj","previousOperationId":"exd7481sp8thf34"}
{"type":"operationEnd","doDiffs":false,"previousEventId":"0mbzqrifsk9bzes","previousOperationId":"g0gkubsfb829gwn","operationId":"g0gkubsfb829gwn","timestamp":1674750541213,"id":"pwpw719udpeh664"}
