{"type":"operationStart","subtype":"profile","data":{"_id":"HglCQjcSqGiThQHp","timestamp":"2023-01-26T18:29:37.863Z","state":"queued","mode":"standard","creationDate":"2023-01-26T18:29:37.865Z","modificationDate":"2023-01-26T18:29:37.865Z","shortid":"iF21E52","$entitySet":"profiles"},"doDiffs":false,"timestamp":1674757777864,"id":"apq0t6mf7gvuz5c","previousOperationId":null,"operationId":"e6wv3zwxh4ngtia"}
{"type":"log","level":"info","message":"Render request 16 queued for execution and waiting for available worker","previousOperationId":"e6wv3zwxh4ngtia","timestamp":1674757777864,"id":"19gkrr8e46am0hm"}
{"type":"operationStart","subtype":"render","name":"Data","previousOperationId":"e6wv3zwxh4ngtia","timestamp":1674757777873,"id":"1jy2aigyjfhuf6i","previousEventId":"apq0t6mf7gvuz5c","operationId":"u5m0ctlytpt0aso"}
{"type":"log","timestamp":1674757777873,"level":"info","message":"Starting rendering request 16","meta":{"rootId":"woy07yabak28a5c","id":"woy07yabak28a5c"},"id":"pgi9h1tvp61220a","previousOperationId":"u5m0ctlytpt0aso"}
{"type":"log","timestamp":1674757777874,"level":"info","message":"Rendering template { name: Data, recipe: chrome-pdf, engine: handlebars, preview: true }","meta":{"rootId":"woy07yabak28a5c","id":"woy07yabak28a5c"},"id":"rbei9gritfp0bg1","previousOperationId":"u5m0ctlytpt0aso"}
{"type":"log","timestamp":1674757777874,"level":"debug","message":"Data item not defined for this template.","meta":{"rootId":"woy07yabak28a5c","id":"woy07yabak28a5c"},"id":"vm2qipi88l3jyr6","previousOperationId":"u5m0ctlytpt0aso"}
{"type":"log","timestamp":1674757777875,"level":"debug","message":"Executing script testing (beforeRender)","meta":{"rootId":"woy07yabak28a5c","id":"woy07yabak28a5c"},"id":"mvf5nn2pqep4hq1","previousOperationId":"u5m0ctlytpt0aso"}
{"type":"operationStart","subtype":"scriptsBeforeRender","name":"scripts beforeRender","timestamp":1674757777920,"id":"05nar21xmwk883f","previousEventId":"1jy2aigyjfhuf6i","operationId":"duwgfrplrxwfbky","previousOperationId":"u5m0ctlytpt0aso"}
{"type":"operationStart","subtype":"script","name":"scripts testing","previousOperationId":"duwgfrplrxwfbky","timestamp":1674757777920,"id":"rnkd9oci7ww39sb","previousEventId":"05nar21xmwk883f","operationId":"9xczkkum3fy8yy1"}
{"type":"log","timestamp":1674757778141,"level":"debug","message":"(console:log) Sin cuidado: [object Object]","meta":{"userLevel":true,"rootId":"woy07yabak28a5c","id":"woy07yabak28a5c"},"id":"m3k89v3ybiz9crf","previousOperationId":"9xczkkum3fy8yy1"}
{"type":"log","timestamp":1674757778141,"level":"debug","message":"(console:log) Sin cuidado: Arucas,Galdar,Teror","meta":{"userLevel":true,"rootId":"woy07yabak28a5c","id":"woy07yabak28a5c"},"id":"7d5bpyzq1as83x2","previousOperationId":"9xczkkum3fy8yy1"}
{"type":"log","timestamp":1674757778141,"level":"debug","message":"(console:log) Sin cuidado: 2,1,3","meta":{"userLevel":true,"rootId":"woy07yabak28a5c","id":"woy07yabak28a5c"},"id":"39q1fweylvqrvbx","previousOperationId":"9xczkkum3fy8yy1"}
{"type":"operationEnd","operationId":"9xczkkum3fy8yy1","timestamp":1674757778554,"id":"95zldkjjlhe9h2v","previousEventId":"1jy2aigyjfhuf6i","previousOperationId":"u5m0ctlytpt0aso"}
{"type":"operationEnd","operationId":"duwgfrplrxwfbky","timestamp":1674757778554,"id":"48ptthcgo7g1akf","previousEventId":"95zldkjjlhe9h2v","previousOperationId":"u5m0ctlytpt0aso"}
{"type":"log","timestamp":1674757778554,"level":"debug","message":"Base url not specified, skipping its injection.","meta":{"rootId":"woy07yabak28a5c","id":"woy07yabak28a5c"},"id":"4kczpskozkyiuy2","previousOperationId":"duwgfrplrxwfbky"}
{"type":"operationStart","subtype":"engine","name":"handlebars","timestamp":1674757778555,"id":"h7d8wsj93qc2xsq","previousEventId":"48ptthcgo7g1akf","operationId":"3ior9l5bqtqwn51","previousOperationId":"duwgfrplrxwfbky"}
{"type":"log","timestamp":1674757778555,"level":"debug","message":"Rendering engine handlebars","meta":{"rootId":"woy07yabak28a5c","id":"woy07yabak28a5c"},"id":"j3uz7ny38i4vgh9","previousOperationId":"3ior9l5bqtqwn51"}
{"type":"operationEnd","operationId":"3ior9l5bqtqwn51","timestamp":1674757778564,"id":"eakw61gryuh4etb","previousEventId":"h7d8wsj93qc2xsq","previousOperationId":"3ior9l5bqtqwn51"}
{"type":"operationStart","subtype":"recipe","name":"chrome-pdf","timestamp":1674757778565,"id":"0bf35siw71tniyx","previousEventId":"eakw61gryuh4etb","operationId":"dcl8f95xb2v7k4w","previousOperationId":"3ior9l5bqtqwn51"}
{"type":"log","timestamp":1674757778565,"level":"debug","message":"Executing recipe chrome-pdf","meta":{"rootId":"woy07yabak28a5c","id":"woy07yabak28a5c"},"id":"zb5z16i2mw2jqjj","previousOperationId":"dcl8f95xb2v7k4w"}
{"type":"log","timestamp":1674757778567,"level":"debug","message":"Converting with chrome HeadlessChrome/105.0.5173.0 using chrome-pool strategy","meta":{"rootId":"woy07yabak28a5c","id":"woy07yabak28a5c"},"id":"ninwzrkjm8hjbec","previousOperationId":"dcl8f95xb2v7k4w"}
{"type":"log","timestamp":1674757778646,"level":"debug","message":"Page request: GET (document) file:///C:/Users/Johan/AppData/Local/Temp/jsreport/autocleanup/672e21f8-31e5-4422-8461-7e6a33b3896d-chrome-pdf.html","meta":{"rootId":"woy07yabak28a5c","id":"woy07yabak28a5c"},"id":"gcxewv67n4cev7m","previousOperationId":"dcl8f95xb2v7k4w"}
{"type":"log","timestamp":1674757778670,"level":"debug","message":"Page request finished: GET (document) 200 file:///C:/Users/Johan/AppData/Local/Temp/jsreport/autocleanup/672e21f8-31e5-4422-8461-7e6a33b3896d-chrome-pdf.html","meta":{"rootId":"woy07yabak28a5c","id":"woy07yabak28a5c"},"id":"w1phnt8r6s19uwd","previousOperationId":"dcl8f95xb2v7k4w"}
{"type":"log","timestamp":1674757778670,"level":"debug","message":"Page request: GET (stylesheet) https://cdnjs.cloudflare.com/ajax/libs/metro/4.1.5/css/metro.min.css","meta":{"rootId":"woy07yabak28a5c","id":"woy07yabak28a5c"},"id":"parbwhakyu1mofm","previousOperationId":"dcl8f95xb2v7k4w"}
{"type":"log","timestamp":1674757778671,"level":"debug","message":"Page request: GET (stylesheet) https://cdnjs.cloudflare.com/ajax/libs/chartist/0.11.0/chartist.min.css","meta":{"rootId":"woy07yabak28a5c","id":"woy07yabak28a5c"},"id":"g202sgz9zk8oamx","previousOperationId":"dcl8f95xb2v7k4w"}
{"type":"log","timestamp":1674757778671,"level":"debug","message":"Page request: GET (script) https://cdnjs.cloudflare.com/ajax/libs/chartist/0.11.0/chartist.min.js","meta":{"rootId":"woy07yabak28a5c","id":"woy07yabak28a5c"},"id":"xshuzdx4w69kfy9","previousOperationId":"dcl8f95xb2v7k4w"}
{"type":"log","timestamp":1674757778671,"level":"debug","message":"Page request: GET (script) https://unpkg.com/chartist-plugin-tooltips@0.0.17","meta":{"rootId":"woy07yabak28a5c","id":"woy07yabak28a5c"},"id":"5qn0xtzi8z4coo1","previousOperationId":"dcl8f95xb2v7k4w"}
{"type":"log","timestamp":1674757778671,"level":"debug","message":"Page request: GET (script) https://unpkg.com/chartist-plugin-pointlabels@0.0.6","meta":{"rootId":"woy07yabak28a5c","id":"woy07yabak28a5c"},"id":"gmghe156vlfg1r2","previousOperationId":"dcl8f95xb2v7k4w"}
{"type":"log","timestamp":1674757778675,"level":"warn","message":"Page request failed: GET (script) 302 https://unpkg.com/chartist-plugin-tooltips@0.0.17 (redirect to: /chartist-plugin-tooltips@0.0.17/dist/chartist-plugin-tooltip.js)","meta":{"rootId":"woy07yabak28a5c","id":"woy07yabak28a5c"},"id":"atid7ssvecahuy3","previousOperationId":"dcl8f95xb2v7k4w"}
{"type":"log","timestamp":1674757778676,"level":"debug","message":"Page request: GET (script) https://unpkg.com/chartist-plugin-tooltips@0.0.17/dist/chartist-plugin-tooltip.js (redirect from: https://unpkg.com/chartist-plugin-tooltips@0.0.17)","meta":{"rootId":"woy07yabak28a5c","id":"woy07yabak28a5c"},"id":"czdqlsc7pmxwy1j","previousOperationId":"dcl8f95xb2v7k4w"}
{"type":"log","timestamp":1674757778677,"level":"debug","message":"Page request finished: GET (stylesheet) 200 https://cdnjs.cloudflare.com/ajax/libs/chartist/0.11.0/chartist.min.css","meta":{"rootId":"woy07yabak28a5c","id":"woy07yabak28a5c"},"id":"edpxq9zi12saq2v","previousOperationId":"dcl8f95xb2v7k4w"}
{"type":"log","timestamp":1674757778678,"level":"warn","message":"Page request failed: GET (script) 302 https://unpkg.com/chartist-plugin-pointlabels@0.0.6 (redirect to: /chartist-plugin-pointlabels@0.0.6/dist/chartist-plugin-pointlabels.js)","meta":{"rootId":"woy07yabak28a5c","id":"woy07yabak28a5c"},"id":"vuep5rnb9p4jssz","previousOperationId":"dcl8f95xb2v7k4w"}
{"type":"log","timestamp":1674757778678,"level":"debug","message":"Page request: GET (script) https://unpkg.com/chartist-plugin-pointlabels@0.0.6/dist/chartist-plugin-pointlabels.js (redirect from: https://unpkg.com/chartist-plugin-pointlabels@0.0.6)","meta":{"rootId":"woy07yabak28a5c","id":"woy07yabak28a5c"},"id":"2z08yajtg6dlxjo","previousOperationId":"dcl8f95xb2v7k4w"}
{"type":"log","timestamp":1674757778678,"level":"debug","message":"Page request finished: GET (script) 200 https://cdnjs.cloudflare.com/ajax/libs/chartist/0.11.0/chartist.min.js","meta":{"rootId":"woy07yabak28a5c","id":"woy07yabak28a5c"},"id":"74c9n2ddpoc5auh","previousOperationId":"dcl8f95xb2v7k4w"}
{"type":"log","timestamp":1674757778693,"level":"debug","message":"Page request finished: GET (stylesheet) 200 https://cdnjs.cloudflare.com/ajax/libs/metro/4.1.5/css/metro.min.css","meta":{"rootId":"woy07yabak28a5c","id":"woy07yabak28a5c"},"id":"v75a9e5pmmu7etb","previousOperationId":"dcl8f95xb2v7k4w"}
{"type":"log","timestamp":1674757778695,"level":"debug","message":"Page request finished: GET (script) 200 https://unpkg.com/chartist-plugin-tooltips@0.0.17/dist/chartist-plugin-tooltip.js","meta":{"rootId":"woy07yabak28a5c","id":"woy07yabak28a5c"},"id":"io6sekdz8jxar5c","previousOperationId":"dcl8f95xb2v7k4w"}
{"type":"log","timestamp":1674757778695,"level":"debug","message":"Page request finished: GET (script) 200 https://unpkg.com/chartist-plugin-pointlabels@0.0.6/dist/chartist-plugin-pointlabels.js","meta":{"rootId":"woy07yabak28a5c","id":"woy07yabak28a5c"},"id":"rms77qagsm74atu","previousOperationId":"dcl8f95xb2v7k4w"}
{"type":"log","timestamp":1674757778697,"level":"debug","message":"(console:log) Me he venido","meta":{"userLevel":true,"rootId":"woy07yabak28a5c","id":"woy07yabak28a5c"},"id":"hqhu1xy6cqpujhn","previousOperationId":"dcl8f95xb2v7k4w"}
{"type":"log","timestamp":1674757778697,"level":"debug","message":"(console:log) Cuidado: 2,1,3","meta":{"userLevel":true,"rootId":"woy07yabak28a5c","id":"woy07yabak28a5c"},"id":"ivsr5s3g20c7q6c","previousOperationId":"dcl8f95xb2v7k4w"}
{"type":"log","timestamp":1674757778698,"level":"warn","message":"Page error: ReferenceError: repetitionsName is not defined\n    at file:///C:/Users/Johan/AppData/Local/Temp/jsreport/autocleanup/672e21f8-31e5-4422-8461-7e6a33b3896d-chrome-pdf.html:56:36","meta":{"rootId":"woy07yabak28a5c","id":"woy07yabak28a5c"},"id":"vrh8ht2nscz0j0x","previousOperationId":"dcl8f95xb2v7k4w"}
{"type":"log","timestamp":1674757778735,"level":"debug","message":"Running chrome with params {\"printBackground\":true,\"timeout\":59297,\"margin\":{}}","meta":{"rootId":"woy07yabak28a5c","id":"woy07yabak28a5c"},"id":"joqz0qn4vlf2600","previousOperationId":"dcl8f95xb2v7k4w"}
{"type":"operationEnd","operationId":"dcl8f95xb2v7k4w","timestamp":1674757778845,"id":"m7id09e5oivbxg5","previousEventId":"0bf35siw71tniyx","previousOperationId":"dcl8f95xb2v7k4w"}
{"type":"log","timestamp":1674757778845,"level":"debug","message":"Executing script testing (afterRender)","meta":{"rootId":"woy07yabak28a5c","id":"woy07yabak28a5c"},"id":"bkzfou5znacl30m","previousOperationId":"dcl8f95xb2v7k4w"}
{"type":"operationStart","subtype":"scriptsAfterRender","name":"scripts afterRender","timestamp":1674757778854,"id":"0eb15xmlyilndoy","previousEventId":"m7id09e5oivbxg5","operationId":"9hrgj0der189z4l","previousOperationId":"dcl8f95xb2v7k4w"}
{"type":"operationStart","subtype":"script","name":"scripts testing","previousOperationId":"9hrgj0der189z4l","timestamp":1674757778854,"id":"3hjuig3lpsi9kqh","previousEventId":"0eb15xmlyilndoy","operationId":"9gsg6k3fg0nsjqp"}
{"type":"operationEnd","operationId":"9gsg6k3fg0nsjqp","timestamp":1674757779993,"id":"wksq3k2mil5nsmr","previousEventId":"m7id09e5oivbxg5","previousOperationId":"dcl8f95xb2v7k4w"}
{"type":"operationEnd","operationId":"9hrgj0der189z4l","timestamp":1674757779993,"id":"nuhkm4vp5g3g2cw","previousEventId":"wksq3k2mil5nsmr","previousOperationId":"dcl8f95xb2v7k4w"}
{"type":"log","timestamp":1674757779993,"level":"debug","message":"Skipping storing report.","meta":{"rootId":"woy07yabak28a5c","id":"woy07yabak28a5c"},"id":"pbg1vtjyhsgjh10","previousOperationId":"9hrgj0der189z4l"}
{"type":"log","timestamp":1674757779993,"level":"info","message":"Rendering request 16 finished in 2130 ms","meta":{"rootId":"woy07yabak28a5c","id":"woy07yabak28a5c"},"id":"0i1n3tr67961f1c","previousOperationId":"9hrgj0der189z4l"}
{"type":"operationEnd","subtype":"render","operationId":"u5m0ctlytpt0aso","timestamp":1674757779993,"id":"3ksv2jthomj5z0r","previousEventId":"nuhkm4vp5g3g2cw","previousOperationId":"9hrgj0der189z4l"}
{"type":"operationEnd","doDiffs":false,"previousEventId":"apq0t6mf7gvuz5c","previousOperationId":"e6wv3zwxh4ngtia","operationId":"e6wv3zwxh4ngtia","timestamp":1674757780000,"id":"gj4t08itq030j4v"}
