{"type":"operationStart","subtype":"profile","data":{"_id":"USdjRHb02hSrwd2a","timestamp":"2023-01-26T16:36:00.318Z","state":"queued","mode":"standard","creationDate":"2023-01-26T16:36:00.320Z","modificationDate":"2023-01-26T16:36:00.320Z","shortid":"T53G9oM","$entitySet":"profiles"},"doDiffs":false,"timestamp":1674750960319,"id":"vurrk4jaja3xrj2","previousOperationId":null,"operationId":"almlguq96aekwyr"}
{"type":"log","level":"info","message":"Render request 10 queued for execution and waiting for available worker","previousOperationId":"almlguq96aekwyr","timestamp":1674750960319,"id":"ertlv3pyv3dmwpk"}
{"type":"operationStart","subtype":"render","name":"Data","previousOperationId":"almlguq96aekwyr","timestamp":1674750960329,"id":"slm4460flwpthcb","previousEventId":"vurrk4jaja3xrj2","operationId":"2qe2psdjdq9t2b1"}
{"type":"log","timestamp":1674750960329,"level":"info","message":"Starting rendering request 10","meta":{"rootId":"wpmde29wdc78mu9","id":"wpmde29wdc78mu9"},"id":"gfi14lh71qczn0z","previousOperationId":"2qe2psdjdq9t2b1"}
{"type":"log","timestamp":1674750960329,"level":"info","message":"Rendering template { name: Data, recipe: chrome-pdf, engine: handlebars, preview: true }","meta":{"rootId":"wpmde29wdc78mu9","id":"wpmde29wdc78mu9"},"id":"e3x29knrexqvzc6","previousOperationId":"2qe2psdjdq9t2b1"}
{"type":"log","timestamp":1674750960329,"level":"debug","message":"Data item not defined for this template.","meta":{"rootId":"wpmde29wdc78mu9","id":"wpmde29wdc78mu9"},"id":"knmif240xn0n7i4","previousOperationId":"2qe2psdjdq9t2b1"}
{"type":"log","timestamp":1674750960331,"level":"debug","message":"Executing script testing (beforeRender)","meta":{"rootId":"wpmde29wdc78mu9","id":"wpmde29wdc78mu9"},"id":"0fg2z0hvrs6jklj","previousOperationId":"2qe2psdjdq9t2b1"}
{"type":"operationStart","subtype":"scriptsBeforeRender","name":"scripts beforeRender","timestamp":1674750960404,"id":"kpiyz3lza51r9ev","previousEventId":"slm4460flwpthcb","operationId":"m7t90je4c99d7px","previousOperationId":"2qe2psdjdq9t2b1"}
{"type":"operationStart","subtype":"script","name":"scripts testing","previousOperationId":"m7t90je4c99d7px","timestamp":1674750960404,"id":"wy6c2ngesfb8d2w","previousEventId":"kpiyz3lza51r9ev","operationId":"qs5vsvftijso57l"}
{"type":"log","timestamp":1674750960639,"level":"debug","message":"(console:log) {\n  locationName: [ 'Las Palmas de Gran Canaria', 'Galdar', 'Teror' ],\n  repetition: [ '2', '1', '3' ]\n}","meta":{"userLevel":true,"rootId":"wpmde29wdc78mu9","id":"wpmde29wdc78mu9"},"id":"jqvrmovkt5d1d3e","previousOperationId":"qs5vsvftijso57l"}
{"type":"operationEnd","operationId":"qs5vsvftijso57l","timestamp":1674750961063,"id":"jkvhlek2wva6251","previousEventId":"slm4460flwpthcb","previousOperationId":"2qe2psdjdq9t2b1"}
{"type":"operationEnd","operationId":"m7t90je4c99d7px","timestamp":1674750961063,"id":"761izyz5r2vt5t3","previousEventId":"jkvhlek2wva6251","previousOperationId":"2qe2psdjdq9t2b1"}
{"type":"log","timestamp":1674750961063,"level":"debug","message":"Base url not specified, skipping its injection.","meta":{"rootId":"wpmde29wdc78mu9","id":"wpmde29wdc78mu9"},"id":"k7byq04e77ijrce","previousOperationId":"m7t90je4c99d7px"}
{"type":"operationStart","subtype":"engine","name":"handlebars","timestamp":1674750961063,"id":"1oerbkk4zus7kk4","previousEventId":"761izyz5r2vt5t3","operationId":"ou7dx3nxgy41bjj","previousOperationId":"m7t90je4c99d7px"}
{"type":"log","timestamp":1674750961063,"level":"debug","message":"Rendering engine handlebars","meta":{"rootId":"wpmde29wdc78mu9","id":"wpmde29wdc78mu9"},"id":"78pvlz7zj4x060q","previousOperationId":"ou7dx3nxgy41bjj"}
{"type":"operationEnd","operationId":"ou7dx3nxgy41bjj","timestamp":1674750961085,"id":"0wpobt2n7gtxra3","previousEventId":"1oerbkk4zus7kk4","previousOperationId":"ou7dx3nxgy41bjj"}
{"type":"operationStart","subtype":"recipe","name":"chrome-pdf","timestamp":1674750961085,"id":"z7hi95bh5ywywm5","previousEventId":"0wpobt2n7gtxra3","operationId":"w0uyzearhohum8s","previousOperationId":"ou7dx3nxgy41bjj"}
{"type":"log","timestamp":1674750961085,"level":"debug","message":"Executing recipe chrome-pdf","meta":{"rootId":"wpmde29wdc78mu9","id":"wpmde29wdc78mu9"},"id":"octgafgfwaxx351","previousOperationId":"w0uyzearhohum8s"}
{"type":"log","timestamp":1674750961090,"level":"debug","message":"Converting with chrome HeadlessChrome/105.0.5173.0 using chrome-pool strategy","meta":{"rootId":"wpmde29wdc78mu9","id":"wpmde29wdc78mu9"},"id":"d12jn5443tm7f1v","previousOperationId":"w0uyzearhohum8s"}
{"type":"log","timestamp":1674750961185,"level":"debug","message":"Page request: GET (document) file:///C:/Users/Johan/AppData/Local/Temp/jsreport/autocleanup/fbee0afc-60bc-4079-a7c2-617aa5276245-chrome-pdf.html","meta":{"rootId":"wpmde29wdc78mu9","id":"wpmde29wdc78mu9"},"id":"phzdviakkqvlv48","previousOperationId":"w0uyzearhohum8s"}
{"type":"log","timestamp":1674750961222,"level":"debug","message":"Page request finished: GET (document) 200 file:///C:/Users/Johan/AppData/Local/Temp/jsreport/autocleanup/fbee0afc-60bc-4079-a7c2-617aa5276245-chrome-pdf.html","meta":{"rootId":"wpmde29wdc78mu9","id":"wpmde29wdc78mu9"},"id":"bzcj2qrpxvrbjfy","previousOperationId":"w0uyzearhohum8s"}
{"type":"log","timestamp":1674750961223,"level":"debug","message":"Page request: GET (stylesheet) https://cdnjs.cloudflare.com/ajax/libs/metro/4.1.5/css/metro.min.css","meta":{"rootId":"wpmde29wdc78mu9","id":"wpmde29wdc78mu9"},"id":"9wcbrrx1e3f2l7q","previousOperationId":"w0uyzearhohum8s"}
{"type":"log","timestamp":1674750961223,"level":"debug","message":"Page request: GET (stylesheet) https://cdnjs.cloudflare.com/ajax/libs/chartist/0.11.0/chartist.min.css","meta":{"rootId":"wpmde29wdc78mu9","id":"wpmde29wdc78mu9"},"id":"so5lued0wxmxz9q","previousOperationId":"w0uyzearhohum8s"}
{"type":"log","timestamp":1674750961223,"level":"debug","message":"Page request: GET (script) https://cdnjs.cloudflare.com/ajax/libs/chartist/0.11.0/chartist.min.js","meta":{"rootId":"wpmde29wdc78mu9","id":"wpmde29wdc78mu9"},"id":"2kn5x1e0pbsfqyp","previousOperationId":"w0uyzearhohum8s"}
{"type":"log","timestamp":1674750961224,"level":"debug","message":"Page request: GET (script) https://unpkg.com/chartist-plugin-tooltips@0.0.17","meta":{"rootId":"wpmde29wdc78mu9","id":"wpmde29wdc78mu9"},"id":"nz7zyw88oawv0iw","previousOperationId":"w0uyzearhohum8s"}
{"type":"log","timestamp":1674750961224,"level":"debug","message":"Page request: GET (script) https://unpkg.com/chartist-plugin-pointlabels@0.0.6","meta":{"rootId":"wpmde29wdc78mu9","id":"wpmde29wdc78mu9"},"id":"w2s69mzewpf1rpx","previousOperationId":"w0uyzearhohum8s"}
{"type":"log","timestamp":1674750961232,"level":"warn","message":"Page request failed: GET (script) 302 https://unpkg.com/chartist-plugin-tooltips@0.0.17 (redirect to: /chartist-plugin-tooltips@0.0.17/dist/chartist-plugin-tooltip.js)","meta":{"rootId":"wpmde29wdc78mu9","id":"wpmde29wdc78mu9"},"id":"q8i0h2be3gt6eh1","previousOperationId":"w0uyzearhohum8s"}
{"type":"log","timestamp":1674750961233,"level":"warn","message":"Page request failed: GET (script) 302 https://unpkg.com/chartist-plugin-pointlabels@0.0.6 (redirect to: /chartist-plugin-pointlabels@0.0.6/dist/chartist-plugin-pointlabels.js)","meta":{"rootId":"wpmde29wdc78mu9","id":"wpmde29wdc78mu9"},"id":"cc78lw9wq5k3sxm","previousOperationId":"w0uyzearhohum8s"}
{"type":"log","timestamp":1674750961233,"level":"debug","message":"Page request: GET (script) https://unpkg.com/chartist-plugin-tooltips@0.0.17/dist/chartist-plugin-tooltip.js (redirect from: https://unpkg.com/chartist-plugin-tooltips@0.0.17)","meta":{"rootId":"wpmde29wdc78mu9","id":"wpmde29wdc78mu9"},"id":"e09bli2xhdjuik6","previousOperationId":"w0uyzearhohum8s"}
{"type":"log","timestamp":1674750961233,"level":"debug","message":"Page request: GET (script) https://unpkg.com/chartist-plugin-pointlabels@0.0.6/dist/chartist-plugin-pointlabels.js (redirect from: https://unpkg.com/chartist-plugin-pointlabels@0.0.6)","meta":{"rootId":"wpmde29wdc78mu9","id":"wpmde29wdc78mu9"},"id":"i16zzwpvrqphp25","previousOperationId":"w0uyzearhohum8s"}
{"type":"log","timestamp":1674750961234,"level":"debug","message":"Page request finished: GET (stylesheet) 200 https://cdnjs.cloudflare.com/ajax/libs/chartist/0.11.0/chartist.min.css","meta":{"rootId":"wpmde29wdc78mu9","id":"wpmde29wdc78mu9"},"id":"fe41pf85ez2944l","previousOperationId":"w0uyzearhohum8s"}
{"type":"log","timestamp":1674750961252,"level":"debug","message":"Page request finished: GET (stylesheet) 200 https://cdnjs.cloudflare.com/ajax/libs/metro/4.1.5/css/metro.min.css","meta":{"rootId":"wpmde29wdc78mu9","id":"wpmde29wdc78mu9"},"id":"8nu0kyvt3y5pqrp","previousOperationId":"w0uyzearhohum8s"}
{"type":"log","timestamp":1674750961252,"level":"debug","message":"Page request finished: GET (script) 200 https://cdnjs.cloudflare.com/ajax/libs/chartist/0.11.0/chartist.min.js","meta":{"rootId":"wpmde29wdc78mu9","id":"wpmde29wdc78mu9"},"id":"i5jjzj8xjn6yp7g","previousOperationId":"w0uyzearhohum8s"}
{"type":"log","timestamp":1674750961254,"level":"debug","message":"Page request finished: GET (script) 200 https://unpkg.com/chartist-plugin-tooltips@0.0.17/dist/chartist-plugin-tooltip.js","meta":{"rootId":"wpmde29wdc78mu9","id":"wpmde29wdc78mu9"},"id":"qd7dvev4y7lx5ai","previousOperationId":"w0uyzearhohum8s"}
{"type":"log","timestamp":1674750961254,"level":"debug","message":"Page request finished: GET (script) 200 https://unpkg.com/chartist-plugin-pointlabels@0.0.6/dist/chartist-plugin-pointlabels.js","meta":{"rootId":"wpmde29wdc78mu9","id":"wpmde29wdc78mu9"},"id":"1lkbhfxb0y0cemh","previousOperationId":"w0uyzearhohum8s"}
{"type":"log","timestamp":1674750961255,"level":"warn","message":"Page error: SyntaxError: Unexpected identifier","meta":{"rootId":"wpmde29wdc78mu9","id":"wpmde29wdc78mu9"},"id":"hpy8iiww06k2wst","previousOperationId":"w0uyzearhohum8s"}
{"type":"log","timestamp":1674750961305,"level":"debug","message":"Running chrome with params {\"printBackground\":true,\"timeout\":59230,\"margin\":{}}","meta":{"rootId":"wpmde29wdc78mu9","id":"wpmde29wdc78mu9"},"id":"h1pyawcey4f6ize","previousOperationId":"w0uyzearhohum8s"}
{"type":"operationEnd","operationId":"w0uyzearhohum8s","timestamp":1674750961425,"id":"4k83qf8leoim6iz","previousEventId":"z7hi95bh5ywywm5","previousOperationId":"w0uyzearhohum8s"}
{"type":"log","timestamp":1674750961425,"level":"debug","message":"Executing script testing (afterRender)","meta":{"rootId":"wpmde29wdc78mu9","id":"wpmde29wdc78mu9"},"id":"m6jp4vt4qudy2x5","previousOperationId":"w0uyzearhohum8s"}
{"type":"operationStart","subtype":"scriptsAfterRender","name":"scripts afterRender","timestamp":1674750961432,"id":"edjs8yqiewluhud","previousEventId":"4k83qf8leoim6iz","operationId":"yz4n4wxiergy85q","previousOperationId":"w0uyzearhohum8s"}
{"type":"operationStart","subtype":"script","name":"scripts testing","previousOperationId":"yz4n4wxiergy85q","timestamp":1674750961432,"id":"wvycoqhmp85swko","previousEventId":"edjs8yqiewluhud","operationId":"omjz86yc4yap6wn"}
{"type":"operationEnd","operationId":"omjz86yc4yap6wn","timestamp":1674750962441,"id":"5ijc5bbxfhex086","previousEventId":"4k83qf8leoim6iz","previousOperationId":"w0uyzearhohum8s"}
{"type":"operationEnd","operationId":"yz4n4wxiergy85q","timestamp":1674750962442,"id":"laov7emuvs4segk","previousEventId":"5ijc5bbxfhex086","previousOperationId":"w0uyzearhohum8s"}
{"type":"log","timestamp":1674750962442,"level":"debug","message":"Skipping storing report.","meta":{"rootId":"wpmde29wdc78mu9","id":"wpmde29wdc78mu9"},"id":"z0ec47j0vsivrfv","previousOperationId":"yz4n4wxiergy85q"}
{"type":"log","timestamp":1674750962442,"level":"info","message":"Rendering request 10 finished in 2125 ms","meta":{"rootId":"wpmde29wdc78mu9","id":"wpmde29wdc78mu9"},"id":"20xc6o0runcjxnx","previousOperationId":"yz4n4wxiergy85q"}
{"type":"operationEnd","subtype":"render","operationId":"2qe2psdjdq9t2b1","timestamp":1674750962442,"id":"vo22k5osvt6nq0n","previousEventId":"laov7emuvs4segk","previousOperationId":"yz4n4wxiergy85q"}
{"type":"operationEnd","doDiffs":false,"previousEventId":"vurrk4jaja3xrj2","previousOperationId":"almlguq96aekwyr","operationId":"almlguq96aekwyr","timestamp":1674750962446,"id":"rwrh932hq3bze4g"}
