{"type":"operationStart","subtype":"profile","data":{"_id":"0UQJS3gvafFAUhhg","timestamp":"2023-01-26T17:41:41.605Z","state":"queued","mode":"standard","creationDate":"2023-01-26T17:41:41.607Z","modificationDate":"2023-01-26T17:41:41.607Z","shortid":"lVupKG3","$entitySet":"profiles"},"doDiffs":false,"timestamp":1674754901606,"id":"1k1hz0jrhsaq6do","previousOperationId":null,"operationId":"iwx4gpt8s09kaih"}
{"type":"log","level":"info","message":"Render request 9 queued for execution and waiting for available worker","previousOperationId":"iwx4gpt8s09kaih","timestamp":1674754901606,"id":"sr6qk2b0556gt0d"}
{"type":"operationStart","subtype":"render","name":"Data","previousOperationId":"iwx4gpt8s09kaih","timestamp":1674754901618,"id":"anou25dya6dh5a7","previousEventId":"1k1hz0jrhsaq6do","operationId":"25rs0yij3wnvjyp"}
{"type":"log","timestamp":1674754901618,"level":"info","message":"Starting rendering request 9","meta":{"rootId":"wwcu8phl25xoeqp","id":"wwcu8phl25xoeqp"},"id":"t1kxse77yls2nks","previousOperationId":"25rs0yij3wnvjyp"}
{"type":"log","timestamp":1674754901618,"level":"info","message":"Rendering template { name: Data, recipe: chrome-pdf, engine: handlebars, preview: true }","meta":{"rootId":"wwcu8phl25xoeqp","id":"wwcu8phl25xoeqp"},"id":"4r88jkvdaegh9po","previousOperationId":"25rs0yij3wnvjyp"}
{"type":"log","timestamp":1674754901618,"level":"debug","message":"Data item not defined for this template.","meta":{"rootId":"wwcu8phl25xoeqp","id":"wwcu8phl25xoeqp"},"id":"z3vsl933k77mzlz","previousOperationId":"25rs0yij3wnvjyp"}
{"type":"log","timestamp":1674754901620,"level":"debug","message":"Executing script testing (beforeRender)","meta":{"rootId":"wwcu8phl25xoeqp","id":"wwcu8phl25xoeqp"},"id":"wemckhtq8a9krfr","previousOperationId":"25rs0yij3wnvjyp"}
{"type":"operationStart","subtype":"scriptsBeforeRender","name":"scripts beforeRender","timestamp":1674754901663,"id":"v0iwoy4eqknhwfb","previousEventId":"anou25dya6dh5a7","operationId":"ftae3ro443d9sf9","previousOperationId":"25rs0yij3wnvjyp"}
{"type":"operationStart","subtype":"script","name":"scripts testing","previousOperationId":"ftae3ro443d9sf9","timestamp":1674754901663,"id":"z5wzanp3qttdtt1","previousEventId":"v0iwoy4eqknhwfb","operationId":"lqrfwhjzl1w5lv1"}
{"type":"log","timestamp":1674754901862,"level":"debug","message":"(console:log) [ '2', '1', '3' ]","meta":{"userLevel":true,"rootId":"wwcu8phl25xoeqp","id":"wwcu8phl25xoeqp"},"id":"vb3smqd526o86bz","previousOperationId":"lqrfwhjzl1w5lv1"}
{"type":"log","timestamp":1674754901862,"level":"debug","message":"(console:log) [ 'Las Palmas de Gran Canaria', 'Galdar', 'Teror' ]","meta":{"userLevel":true,"rootId":"wwcu8phl25xoeqp","id":"wwcu8phl25xoeqp"},"id":"o6ee7hqlpx3jztl","previousOperationId":"lqrfwhjzl1w5lv1"}
{"type":"operationEnd","operationId":"lqrfwhjzl1w5lv1","timestamp":1674754902290,"id":"4mgo3bo4e8te20i","previousEventId":"anou25dya6dh5a7","previousOperationId":"25rs0yij3wnvjyp"}
{"type":"operationEnd","operationId":"ftae3ro443d9sf9","timestamp":1674754902291,"id":"to6nuqmyxhv0v9z","previousEventId":"4mgo3bo4e8te20i","previousOperationId":"25rs0yij3wnvjyp"}
{"type":"log","timestamp":1674754902291,"level":"debug","message":"Base url not specified, skipping its injection.","meta":{"rootId":"wwcu8phl25xoeqp","id":"wwcu8phl25xoeqp"},"id":"kqybybri9k8o06s","previousOperationId":"ftae3ro443d9sf9"}
{"type":"operationStart","subtype":"engine","name":"handlebars","timestamp":1674754902291,"id":"txnlm13pnhu8xo0","previousEventId":"to6nuqmyxhv0v9z","operationId":"tjdf3a91bzryixm","previousOperationId":"ftae3ro443d9sf9"}
{"type":"log","timestamp":1674754902291,"level":"debug","message":"Rendering engine handlebars","meta":{"rootId":"wwcu8phl25xoeqp","id":"wwcu8phl25xoeqp"},"id":"jcbx3gwbmmfia6b","previousOperationId":"tjdf3a91bzryixm"}
{"type":"operationEnd","operationId":"tjdf3a91bzryixm","timestamp":1674754902304,"id":"o6osqxpgbk97rkn","previousEventId":"txnlm13pnhu8xo0","previousOperationId":"tjdf3a91bzryixm"}
{"type":"operationStart","subtype":"recipe","name":"chrome-pdf","timestamp":1674754902304,"id":"yj0ufn2bzhjd8en","previousEventId":"o6osqxpgbk97rkn","operationId":"367260t1yawjs4n","previousOperationId":"tjdf3a91bzryixm"}
{"type":"log","timestamp":1674754902304,"level":"debug","message":"Executing recipe chrome-pdf","meta":{"rootId":"wwcu8phl25xoeqp","id":"wwcu8phl25xoeqp"},"id":"j4fz8xmhjlv86ua","previousOperationId":"367260t1yawjs4n"}
{"type":"log","timestamp":1674754902308,"level":"debug","message":"Converting with chrome HeadlessChrome/105.0.5173.0 using chrome-pool strategy","meta":{"rootId":"wwcu8phl25xoeqp","id":"wwcu8phl25xoeqp"},"id":"dkkcistk2vwtevc","previousOperationId":"367260t1yawjs4n"}
{"type":"log","timestamp":1674754902403,"level":"debug","message":"Page request: GET (document) file:///C:/Users/Johan/AppData/Local/Temp/jsreport/autocleanup/b91e1482-fe8e-4086-bd8c-55e4f12722cf-chrome-pdf.html","meta":{"rootId":"wwcu8phl25xoeqp","id":"wwcu8phl25xoeqp"},"id":"ms5qmwxdykdhwf7","previousOperationId":"367260t1yawjs4n"}
{"type":"log","timestamp":1674754902423,"level":"debug","message":"Page request: GET (stylesheet) https://cdnjs.cloudflare.com/ajax/libs/metro/4.1.5/css/metro.min.css","meta":{"rootId":"wwcu8phl25xoeqp","id":"wwcu8phl25xoeqp"},"id":"78ofpotwuq10u6z","previousOperationId":"367260t1yawjs4n"}
{"type":"log","timestamp":1674754902423,"level":"debug","message":"Page request: GET (stylesheet) https://cdnjs.cloudflare.com/ajax/libs/chartist/0.11.0/chartist.min.css","meta":{"rootId":"wwcu8phl25xoeqp","id":"wwcu8phl25xoeqp"},"id":"n0ut0p1ojxjqdql","previousOperationId":"367260t1yawjs4n"}
{"type":"log","timestamp":1674754902423,"level":"debug","message":"Page request: GET (script) https://cdnjs.cloudflare.com/ajax/libs/chartist/0.11.0/chartist.min.js","meta":{"rootId":"wwcu8phl25xoeqp","id":"wwcu8phl25xoeqp"},"id":"hunbkebtj7kx5i7","previousOperationId":"367260t1yawjs4n"}
{"type":"log","timestamp":1674754902423,"level":"debug","message":"Page request: GET (script) https://unpkg.com/chartist-plugin-tooltips@0.0.17","meta":{"rootId":"wwcu8phl25xoeqp","id":"wwcu8phl25xoeqp"},"id":"3gmonhv361b5o4f","previousOperationId":"367260t1yawjs4n"}
{"type":"log","timestamp":1674754902424,"level":"debug","message":"Page request finished: GET (document) 200 file:///C:/Users/Johan/AppData/Local/Temp/jsreport/autocleanup/b91e1482-fe8e-4086-bd8c-55e4f12722cf-chrome-pdf.html","meta":{"rootId":"wwcu8phl25xoeqp","id":"wwcu8phl25xoeqp"},"id":"qkfkd1ncei6v3rt","previousOperationId":"367260t1yawjs4n"}
{"type":"log","timestamp":1674754902424,"level":"debug","message":"Page request: GET (script) https://unpkg.com/chartist-plugin-pointlabels@0.0.6","meta":{"rootId":"wwcu8phl25xoeqp","id":"wwcu8phl25xoeqp"},"id":"79fqdgtzrdhmyz2","previousOperationId":"367260t1yawjs4n"}
{"type":"log","timestamp":1674754902429,"level":"warn","message":"Page request failed: GET (script) 302 https://unpkg.com/chartist-plugin-tooltips@0.0.17 (redirect to: /chartist-plugin-tooltips@0.0.17/dist/chartist-plugin-tooltip.js)","meta":{"rootId":"wwcu8phl25xoeqp","id":"wwcu8phl25xoeqp"},"id":"3x2eb1z9e7v0jkt","previousOperationId":"367260t1yawjs4n"}
{"type":"log","timestamp":1674754902430,"level":"debug","message":"Page request: GET (script) https://unpkg.com/chartist-plugin-tooltips@0.0.17/dist/chartist-plugin-tooltip.js (redirect from: https://unpkg.com/chartist-plugin-tooltips@0.0.17)","meta":{"rootId":"wwcu8phl25xoeqp","id":"wwcu8phl25xoeqp"},"id":"1mi0i7fuwakqewa","previousOperationId":"367260t1yawjs4n"}
{"type":"log","timestamp":1674754902430,"level":"debug","message":"Page request finished: GET (stylesheet) 200 https://cdnjs.cloudflare.com/ajax/libs/chartist/0.11.0/chartist.min.css","meta":{"rootId":"wwcu8phl25xoeqp","id":"wwcu8phl25xoeqp"},"id":"e8tr309gxtxif3i","previousOperationId":"367260t1yawjs4n"}
{"type":"log","timestamp":1674754902432,"level":"warn","message":"Page request failed: GET (script) 302 https://unpkg.com/chartist-plugin-pointlabels@0.0.6 (redirect to: /chartist-plugin-pointlabels@0.0.6/dist/chartist-plugin-pointlabels.js)","meta":{"rootId":"wwcu8phl25xoeqp","id":"wwcu8phl25xoeqp"},"id":"am216o40og3olaz","previousOperationId":"367260t1yawjs4n"}
{"type":"log","timestamp":1674754902432,"level":"debug","message":"Page request: GET (script) https://unpkg.com/chartist-plugin-pointlabels@0.0.6/dist/chartist-plugin-pointlabels.js (redirect from: https://unpkg.com/chartist-plugin-pointlabels@0.0.6)","meta":{"rootId":"wwcu8phl25xoeqp","id":"wwcu8phl25xoeqp"},"id":"hyuwwxf3nskfyaz","previousOperationId":"367260t1yawjs4n"}
{"type":"log","timestamp":1674754902449,"level":"debug","message":"Page request finished: GET (stylesheet) 200 https://cdnjs.cloudflare.com/ajax/libs/metro/4.1.5/css/metro.min.css","meta":{"rootId":"wwcu8phl25xoeqp","id":"wwcu8phl25xoeqp"},"id":"o5lm5vq2y2nv7ih","previousOperationId":"367260t1yawjs4n"}
{"type":"log","timestamp":1674754902449,"level":"debug","message":"Page request finished: GET (script) 200 https://cdnjs.cloudflare.com/ajax/libs/chartist/0.11.0/chartist.min.js","meta":{"rootId":"wwcu8phl25xoeqp","id":"wwcu8phl25xoeqp"},"id":"emy0cvnzx8vpxk5","previousOperationId":"367260t1yawjs4n"}
{"type":"log","timestamp":1674754902451,"level":"debug","message":"Page request finished: GET (script) 200 https://unpkg.com/chartist-plugin-tooltips@0.0.17/dist/chartist-plugin-tooltip.js","meta":{"rootId":"wwcu8phl25xoeqp","id":"wwcu8phl25xoeqp"},"id":"amesos618bsq91u","previousOperationId":"367260t1yawjs4n"}
{"type":"log","timestamp":1674754902451,"level":"debug","message":"Page request finished: GET (script) 200 https://unpkg.com/chartist-plugin-pointlabels@0.0.6/dist/chartist-plugin-pointlabels.js","meta":{"rootId":"wwcu8phl25xoeqp","id":"wwcu8phl25xoeqp"},"id":"bjbvc3conmxs1tv","previousOperationId":"367260t1yawjs4n"}
{"type":"log","timestamp":1674754902452,"level":"warn","message":"Page error: SyntaxError: Unexpected identifier","meta":{"rootId":"wwcu8phl25xoeqp","id":"wwcu8phl25xoeqp"},"id":"w11mfekujbm03yd","previousOperationId":"367260t1yawjs4n"}
{"type":"log","timestamp":1674754902488,"level":"debug","message":"Running chrome with params {\"printBackground\":true,\"timeout\":59297,\"margin\":{}}","meta":{"rootId":"wwcu8phl25xoeqp","id":"wwcu8phl25xoeqp"},"id":"d3zip11tjohqv1i","previousOperationId":"367260t1yawjs4n"}
{"type":"operationEnd","operationId":"367260t1yawjs4n","timestamp":1674754902596,"id":"0g5zdjml76muh1d","previousEventId":"yj0ufn2bzhjd8en","previousOperationId":"367260t1yawjs4n"}
{"type":"log","timestamp":1674754902596,"level":"debug","message":"Executing script testing (afterRender)","meta":{"rootId":"wwcu8phl25xoeqp","id":"wwcu8phl25xoeqp"},"id":"ji7jacs5ix8x3i5","previousOperationId":"367260t1yawjs4n"}
{"type":"operationStart","subtype":"scriptsAfterRender","name":"scripts afterRender","timestamp":1674754902604,"id":"49iawbr7h1kwie1","previousEventId":"0g5zdjml76muh1d","operationId":"5kot4fj8sgqcnzx","previousOperationId":"367260t1yawjs4n"}
{"type":"operationStart","subtype":"script","name":"scripts testing","previousOperationId":"5kot4fj8sgqcnzx","timestamp":1674754902604,"id":"rvj9i4jwh15dx7e","previousEventId":"49iawbr7h1kwie1","operationId":"5tzsjtyih5os3pu"}
{"type":"operationEnd","operationId":"5tzsjtyih5os3pu","timestamp":1674754903654,"id":"0a54wgu0rnkr1v0","previousEventId":"0g5zdjml76muh1d","previousOperationId":"367260t1yawjs4n"}
{"type":"operationEnd","operationId":"5kot4fj8sgqcnzx","timestamp":1674754903654,"id":"gosqmkdm1vjprph","previousEventId":"0a54wgu0rnkr1v0","previousOperationId":"367260t1yawjs4n"}
{"type":"log","timestamp":1674754903654,"level":"debug","message":"Skipping storing report.","meta":{"rootId":"wwcu8phl25xoeqp","id":"wwcu8phl25xoeqp"},"id":"c6depcnilbi45zs","previousOperationId":"5kot4fj8sgqcnzx"}
{"type":"log","timestamp":1674754903654,"level":"info","message":"Rendering request 9 finished in 2050 ms","meta":{"rootId":"wwcu8phl25xoeqp","id":"wwcu8phl25xoeqp"},"id":"ssutjqjontsy9oa","previousOperationId":"5kot4fj8sgqcnzx"}
{"type":"operationEnd","subtype":"render","operationId":"25rs0yij3wnvjyp","timestamp":1674754903654,"id":"jdjxea4cdv1dubh","previousEventId":"gosqmkdm1vjprph","previousOperationId":"5kot4fj8sgqcnzx"}
{"type":"operationEnd","doDiffs":false,"previousEventId":"1k1hz0jrhsaq6do","previousOperationId":"iwx4gpt8s09kaih","operationId":"iwx4gpt8s09kaih","timestamp":1674754903658,"id":"3mfb2olmeymrvge"}
