{"type":"operationStart","subtype":"profile","data":{"_id":"4mUhDiTrTUI7yJP2","timestamp":"2023-01-26T18:31:34.766Z","state":"queued","mode":"standard","creationDate":"2023-01-26T18:31:34.768Z","modificationDate":"2023-01-26T18:31:34.768Z","shortid":"st-twB3","$entitySet":"profiles"},"doDiffs":false,"timestamp":1674757894767,"id":"swph1zjtws8us07","previousOperationId":null,"operationId":"j63rjn7ps8ggxgg"}
{"type":"log","level":"info","message":"Render request 19 queued for execution and waiting for available worker","previousOperationId":"j63rjn7ps8ggxgg","timestamp":1674757894767,"id":"e7ucbvdx2fqzvjw"}
{"type":"operationStart","subtype":"render","name":"Data","previousOperationId":"j63rjn7ps8ggxgg","timestamp":1674757894777,"id":"ln9s3ak45rr4b5y","previousEventId":"swph1zjtws8us07","operationId":"p6hyrwr5d0izcpp"}
{"type":"log","timestamp":1674757894777,"level":"info","message":"Starting rendering request 19","meta":{"rootId":"x0b4pp0eiaewsu8","id":"x0b4pp0eiaewsu8"},"id":"6qd5sdsfltsqvp9","previousOperationId":"p6hyrwr5d0izcpp"}
{"type":"log","timestamp":1674757894777,"level":"info","message":"Rendering template { name: Data, recipe: chrome-pdf, engine: handlebars, preview: true }","meta":{"rootId":"x0b4pp0eiaewsu8","id":"x0b4pp0eiaewsu8"},"id":"ijrof020um2uycb","previousOperationId":"p6hyrwr5d0izcpp"}
{"type":"log","timestamp":1674757894778,"level":"debug","message":"Data item not defined for this template.","meta":{"rootId":"x0b4pp0eiaewsu8","id":"x0b4pp0eiaewsu8"},"id":"0cp9dcpbhq65v2s","previousOperationId":"p6hyrwr5d0izcpp"}
{"type":"log","timestamp":1674757894782,"level":"debug","message":"Executing script testing (beforeRender)","meta":{"rootId":"x0b4pp0eiaewsu8","id":"x0b4pp0eiaewsu8"},"id":"97uccytkm9d25is","previousOperationId":"p6hyrwr5d0izcpp"}
{"type":"operationStart","subtype":"scriptsBeforeRender","name":"scripts beforeRender","timestamp":1674757894831,"id":"c9iscx4fne9y18f","previousEventId":"ln9s3ak45rr4b5y","operationId":"gfwvkna3kwoqx8h","previousOperationId":"p6hyrwr5d0izcpp"}
{"type":"operationStart","subtype":"script","name":"scripts testing","previousOperationId":"gfwvkna3kwoqx8h","timestamp":1674757894831,"id":"w9gaa9akg6aqu4w","previousEventId":"c9iscx4fne9y18f","operationId":"zniyegx249urq9j"}
{"type":"log","timestamp":1674757895053,"level":"debug","message":"(console:log) Sin cuidado: 2,1,3","meta":{"userLevel":true,"rootId":"x0b4pp0eiaewsu8","id":"x0b4pp0eiaewsu8"},"id":"w887by77zfgq4xb","previousOperationId":"zniyegx249urq9j"}
{"type":"log","timestamp":1674757895053,"level":"debug","message":"(console:log) Sin cuidado: Arucas,Galdar,Teror","meta":{"userLevel":true,"rootId":"x0b4pp0eiaewsu8","id":"x0b4pp0eiaewsu8"},"id":"rgn6uuvp4qhf5fc","previousOperationId":"zniyegx249urq9j"}
{"type":"operationEnd","operationId":"zniyegx249urq9j","timestamp":1674757895438,"id":"g49gp6weag02qkl","previousEventId":"ln9s3ak45rr4b5y","previousOperationId":"p6hyrwr5d0izcpp"}
{"type":"operationEnd","operationId":"gfwvkna3kwoqx8h","timestamp":1674757895438,"id":"dkdjl5s4fygdh9i","previousEventId":"g49gp6weag02qkl","previousOperationId":"p6hyrwr5d0izcpp"}
{"type":"log","timestamp":1674757895438,"level":"debug","message":"Base url not specified, skipping its injection.","meta":{"rootId":"x0b4pp0eiaewsu8","id":"x0b4pp0eiaewsu8"},"id":"0eue9585z0ulv7q","previousOperationId":"gfwvkna3kwoqx8h"}
{"type":"operationStart","subtype":"engine","name":"handlebars","timestamp":1674757895438,"id":"f7v1up3ca2maikd","previousEventId":"dkdjl5s4fygdh9i","operationId":"jtpctbct8ohko30","previousOperationId":"gfwvkna3kwoqx8h"}
{"type":"log","timestamp":1674757895438,"level":"debug","message":"Rendering engine handlebars","meta":{"rootId":"x0b4pp0eiaewsu8","id":"x0b4pp0eiaewsu8"},"id":"48atezyurbd240o","previousOperationId":"jtpctbct8ohko30"}
{"type":"operationEnd","operationId":"jtpctbct8ohko30","timestamp":1674757895453,"id":"xjm69cryrch86id","previousEventId":"f7v1up3ca2maikd","previousOperationId":"jtpctbct8ohko30"}
{"type":"operationStart","subtype":"recipe","name":"chrome-pdf","timestamp":1674757895454,"id":"kvbz8lte8w1f8rx","previousEventId":"xjm69cryrch86id","operationId":"qoqoxatehg86mwr","previousOperationId":"jtpctbct8ohko30"}
{"type":"log","timestamp":1674757895454,"level":"debug","message":"Executing recipe chrome-pdf","meta":{"rootId":"x0b4pp0eiaewsu8","id":"x0b4pp0eiaewsu8"},"id":"rmybzz2xpjvjpqq","previousOperationId":"qoqoxatehg86mwr"}
{"type":"log","timestamp":1674757895456,"level":"debug","message":"Converting with chrome HeadlessChrome/105.0.5173.0 using chrome-pool strategy","meta":{"rootId":"x0b4pp0eiaewsu8","id":"x0b4pp0eiaewsu8"},"id":"s5zt56d58ky07ho","previousOperationId":"qoqoxatehg86mwr"}
{"type":"log","timestamp":1674757895542,"level":"debug","message":"Page request: GET (document) file:///C:/Users/Johan/AppData/Local/Temp/jsreport/autocleanup/2eba8c9c-8df8-4794-a8ca-a784d84c9d66-chrome-pdf.html","meta":{"rootId":"x0b4pp0eiaewsu8","id":"x0b4pp0eiaewsu8"},"id":"voeigekhtwobzcy","previousOperationId":"qoqoxatehg86mwr"}
{"type":"log","timestamp":1674757895562,"level":"debug","message":"Page request finished: GET (document) 200 file:///C:/Users/Johan/AppData/Local/Temp/jsreport/autocleanup/2eba8c9c-8df8-4794-a8ca-a784d84c9d66-chrome-pdf.html","meta":{"rootId":"x0b4pp0eiaewsu8","id":"x0b4pp0eiaewsu8"},"id":"45itxdfin1nz5po","previousOperationId":"qoqoxatehg86mwr"}
{"type":"log","timestamp":1674757895562,"level":"debug","message":"Page request: GET (stylesheet) https://cdnjs.cloudflare.com/ajax/libs/metro/4.1.5/css/metro.min.css","meta":{"rootId":"x0b4pp0eiaewsu8","id":"x0b4pp0eiaewsu8"},"id":"ps3896uwxkbmdrp","previousOperationId":"qoqoxatehg86mwr"}
{"type":"log","timestamp":1674757895562,"level":"debug","message":"Page request: GET (stylesheet) https://cdnjs.cloudflare.com/ajax/libs/chartist/0.11.0/chartist.min.css","meta":{"rootId":"x0b4pp0eiaewsu8","id":"x0b4pp0eiaewsu8"},"id":"q8ww5r4sqyks8gw","previousOperationId":"qoqoxatehg86mwr"}
{"type":"log","timestamp":1674757895563,"level":"debug","message":"Page request: GET (script) https://cdnjs.cloudflare.com/ajax/libs/chartist/0.11.0/chartist.min.js","meta":{"rootId":"x0b4pp0eiaewsu8","id":"x0b4pp0eiaewsu8"},"id":"8p8nbigt0qa79fj","previousOperationId":"qoqoxatehg86mwr"}
{"type":"log","timestamp":1674757895563,"level":"debug","message":"Page request: GET (script) https://unpkg.com/chartist-plugin-tooltips@0.0.17","meta":{"rootId":"x0b4pp0eiaewsu8","id":"x0b4pp0eiaewsu8"},"id":"dee81jv63mbpu25","previousOperationId":"qoqoxatehg86mwr"}
{"type":"log","timestamp":1674757895563,"level":"debug","message":"Page request: GET (script) https://unpkg.com/chartist-plugin-pointlabels@0.0.6","meta":{"rootId":"x0b4pp0eiaewsu8","id":"x0b4pp0eiaewsu8"},"id":"fqwwa737jq2i4qv","previousOperationId":"qoqoxatehg86mwr"}
{"type":"log","timestamp":1674757895569,"level":"debug","message":"Page request finished: GET (stylesheet) 200 https://cdnjs.cloudflare.com/ajax/libs/chartist/0.11.0/chartist.min.css","meta":{"rootId":"x0b4pp0eiaewsu8","id":"x0b4pp0eiaewsu8"},"id":"964zu521rd0kgug","previousOperationId":"qoqoxatehg86mwr"}
{"type":"log","timestamp":1674757895570,"level":"warn","message":"Page request failed: GET (script) 302 https://unpkg.com/chartist-plugin-tooltips@0.0.17 (redirect to: /chartist-plugin-tooltips@0.0.17/dist/chartist-plugin-tooltip.js)","meta":{"rootId":"x0b4pp0eiaewsu8","id":"x0b4pp0eiaewsu8"},"id":"h8a6tnw6nrnxz6p","previousOperationId":"qoqoxatehg86mwr"}
{"type":"log","timestamp":1674757895570,"level":"warn","message":"Page request failed: GET (script) 302 https://unpkg.com/chartist-plugin-pointlabels@0.0.6 (redirect to: /chartist-plugin-pointlabels@0.0.6/dist/chartist-plugin-pointlabels.js)","meta":{"rootId":"x0b4pp0eiaewsu8","id":"x0b4pp0eiaewsu8"},"id":"d1wks9szow45095","previousOperationId":"qoqoxatehg86mwr"}
{"type":"log","timestamp":1674757895571,"level":"debug","message":"Page request: GET (script) https://unpkg.com/chartist-plugin-tooltips@0.0.17/dist/chartist-plugin-tooltip.js (redirect from: https://unpkg.com/chartist-plugin-tooltips@0.0.17)","meta":{"rootId":"x0b4pp0eiaewsu8","id":"x0b4pp0eiaewsu8"},"id":"gc000ivzuem8886","previousOperationId":"qoqoxatehg86mwr"}
{"type":"log","timestamp":1674757895571,"level":"debug","message":"Page request: GET (script) https://unpkg.com/chartist-plugin-pointlabels@0.0.6/dist/chartist-plugin-pointlabels.js (redirect from: https://unpkg.com/chartist-plugin-pointlabels@0.0.6)","meta":{"rootId":"x0b4pp0eiaewsu8","id":"x0b4pp0eiaewsu8"},"id":"vr8nw2q9n4awwoi","previousOperationId":"qoqoxatehg86mwr"}
{"type":"log","timestamp":1674757895572,"level":"debug","message":"Page request finished: GET (script) 200 https://cdnjs.cloudflare.com/ajax/libs/chartist/0.11.0/chartist.min.js","meta":{"rootId":"x0b4pp0eiaewsu8","id":"x0b4pp0eiaewsu8"},"id":"6ytqbjcfl8bv5b3","previousOperationId":"qoqoxatehg86mwr"}
{"type":"log","timestamp":1674757895586,"level":"debug","message":"Page request finished: GET (stylesheet) 200 https://cdnjs.cloudflare.com/ajax/libs/metro/4.1.5/css/metro.min.css","meta":{"rootId":"x0b4pp0eiaewsu8","id":"x0b4pp0eiaewsu8"},"id":"tnbejuc1qo8hr65","previousOperationId":"qoqoxatehg86mwr"}
{"type":"log","timestamp":1674757895587,"level":"debug","message":"Page request finished: GET (script) 200 https://unpkg.com/chartist-plugin-tooltips@0.0.17/dist/chartist-plugin-tooltip.js","meta":{"rootId":"x0b4pp0eiaewsu8","id":"x0b4pp0eiaewsu8"},"id":"9jea86xy7yv87do","previousOperationId":"qoqoxatehg86mwr"}
{"type":"log","timestamp":1674757895587,"level":"debug","message":"Page request finished: GET (script) 200 https://unpkg.com/chartist-plugin-pointlabels@0.0.6/dist/chartist-plugin-pointlabels.js","meta":{"rootId":"x0b4pp0eiaewsu8","id":"x0b4pp0eiaewsu8"},"id":"hhhs1dm2qx4bejn","previousOperationId":"qoqoxatehg86mwr"}
{"type":"log","timestamp":1674757895589,"level":"debug","message":"(console:log) Me he venido","meta":{"userLevel":true,"rootId":"x0b4pp0eiaewsu8","id":"x0b4pp0eiaewsu8"},"id":"2djuei8cz8baox8","previousOperationId":"qoqoxatehg86mwr"}
{"type":"log","timestamp":1674757895589,"level":"debug","message":"(console:log) Cuidado: 2,1,3","meta":{"userLevel":true,"rootId":"x0b4pp0eiaewsu8","id":"x0b4pp0eiaewsu8"},"id":"sh4vn9tpgbqn5s0","previousOperationId":"qoqoxatehg86mwr"}
{"type":"log","timestamp":1674757895589,"level":"debug","message":"(console:log) Cuidado: undefined","meta":{"userLevel":true,"rootId":"x0b4pp0eiaewsu8","id":"x0b4pp0eiaewsu8"},"id":"6v46qj5c1rfr9bx","previousOperationId":"qoqoxatehg86mwr"}
{"type":"log","timestamp":1674757895589,"level":"warn","message":"Page error: ReferenceError: Arucas is not defined\n    at file:///C:/Users/Johan/AppData/Local/Temp/jsreport/autocleanup/2eba8c9c-8df8-4794-a8ca-a784d84c9d66-chrome-pdf.html:57:32","meta":{"rootId":"x0b4pp0eiaewsu8","id":"x0b4pp0eiaewsu8"},"id":"o8pu1zzit7wwwgu","previousOperationId":"qoqoxatehg86mwr"}
{"type":"log","timestamp":1674757895627,"level":"debug","message":"Running chrome with params {\"printBackground\":true,\"timeout\":59311,\"margin\":{}}","meta":{"rootId":"x0b4pp0eiaewsu8","id":"x0b4pp0eiaewsu8"},"id":"zik3x5djptejooe","previousOperationId":"qoqoxatehg86mwr"}
{"type":"operationEnd","operationId":"qoqoxatehg86mwr","timestamp":1674757895733,"id":"ag9vs4hafkg833y","previousEventId":"kvbz8lte8w1f8rx","previousOperationId":"qoqoxatehg86mwr"}
{"type":"log","timestamp":1674757895733,"level":"debug","message":"Executing script testing (afterRender)","meta":{"rootId":"x0b4pp0eiaewsu8","id":"x0b4pp0eiaewsu8"},"id":"m7nv3t1j0r9tysi","previousOperationId":"qoqoxatehg86mwr"}
{"type":"operationStart","subtype":"scriptsAfterRender","name":"scripts afterRender","timestamp":1674757895741,"id":"9rjvh5at9mpoo6j","previousEventId":"ag9vs4hafkg833y","operationId":"y0j8jsknljjurna","previousOperationId":"qoqoxatehg86mwr"}
{"type":"operationStart","subtype":"script","name":"scripts testing","previousOperationId":"y0j8jsknljjurna","timestamp":1674757895741,"id":"8t8uyaw3kh61lz2","previousEventId":"9rjvh5at9mpoo6j","operationId":"3zpykla46xyp5aw"}
{"type":"operationEnd","operationId":"3zpykla46xyp5aw","timestamp":1674757896700,"id":"n20vplw7f7f5w3d","previousEventId":"ag9vs4hafkg833y","previousOperationId":"qoqoxatehg86mwr"}
{"type":"operationEnd","operationId":"y0j8jsknljjurna","timestamp":1674757896700,"id":"9dtonso518ajeks","previousEventId":"n20vplw7f7f5w3d","previousOperationId":"qoqoxatehg86mwr"}
{"type":"log","timestamp":1674757896700,"level":"debug","message":"Skipping storing report.","meta":{"rootId":"x0b4pp0eiaewsu8","id":"x0b4pp0eiaewsu8"},"id":"kwwvixfbc9w0pio","previousOperationId":"y0j8jsknljjurna"}
{"type":"log","timestamp":1674757896700,"level":"info","message":"Rendering request 19 finished in 1934 ms","meta":{"rootId":"x0b4pp0eiaewsu8","id":"x0b4pp0eiaewsu8"},"id":"mpuopyt8i034rqe","previousOperationId":"y0j8jsknljjurna"}
{"type":"operationEnd","subtype":"render","operationId":"p6hyrwr5d0izcpp","timestamp":1674757896700,"id":"2a4fh5w7mnjmpdx","previousEventId":"9dtonso518ajeks","previousOperationId":"y0j8jsknljjurna"}
{"type":"operationEnd","doDiffs":false,"previousEventId":"swph1zjtws8us07","previousOperationId":"j63rjn7ps8ggxgg","operationId":"j63rjn7ps8ggxgg","timestamp":1674757896705,"id":"z5t48xz8hkbzqkm"}
