{"type":"operationStart","subtype":"profile","data":{"_id":"Ecu0yKYQV4V8jUaM","timestamp":"2023-01-26T15:25:09.804Z","state":"queued","mode":"standard","creationDate":"2023-01-26T15:25:09.807Z","modificationDate":"2023-01-26T15:25:09.807Z","shortid":"LJ461YK","$entitySet":"profiles"},"doDiffs":false,"timestamp":1674746709805,"id":"3fm0526twepy72c","previousOperationId":null,"operationId":"vkw1ws22ymzp129"}
{"type":"log","level":"info","message":"Render request 10 queued for execution and waiting for available worker","previousOperationId":"vkw1ws22ymzp129","timestamp":1674746709805,"id":"0lir12tklda0rav"}
{"type":"operationStart","subtype":"render","name":"Data","previousOperationId":"vkw1ws22ymzp129","timestamp":1674746709817,"id":"t4qkkyzhgn1vb0i","previousEventId":"3fm0526twepy72c","operationId":"0tgbb2ycxibgcpp"}
{"type":"log","timestamp":1674746709817,"level":"info","message":"Starting rendering request 10","meta":{"rootId":"x9otto00pyk4e27","id":"x9otto00pyk4e27"},"id":"z0mg25o3e8m3t29","previousOperationId":"0tgbb2ycxibgcpp"}
{"type":"log","timestamp":1674746709817,"level":"info","message":"Rendering template { name: Data, recipe: chrome-pdf, engine: handlebars, preview: true }","meta":{"rootId":"x9otto00pyk4e27","id":"x9otto00pyk4e27"},"id":"m1ftr2ooch3tmwc","previousOperationId":"0tgbb2ycxibgcpp"}
{"type":"log","timestamp":1674746709818,"level":"debug","message":"Data item not defined for this template.","meta":{"rootId":"x9otto00pyk4e27","id":"x9otto00pyk4e27"},"id":"jviqq2u64jtl7qn","previousOperationId":"0tgbb2ycxibgcpp"}
{"type":"log","timestamp":1674746709820,"level":"debug","message":"Executing script testing (beforeRender)","meta":{"rootId":"x9otto00pyk4e27","id":"x9otto00pyk4e27"},"id":"bt88wqorecqhvr8","previousOperationId":"0tgbb2ycxibgcpp"}
{"type":"operationStart","subtype":"scriptsBeforeRender","name":"scripts beforeRender","timestamp":1674746709868,"id":"28kd7wiqupfvxur","previousEventId":"t4qkkyzhgn1vb0i","operationId":"qhlzmpzf6d96hc2","previousOperationId":"0tgbb2ycxibgcpp"}
{"type":"operationStart","subtype":"script","name":"scripts testing","previousOperationId":"qhlzmpzf6d96hc2","timestamp":1674746709868,"id":"5gdp88jpqsqf0dj","previousEventId":"28kd7wiqupfvxur","operationId":"j5lgxvt9861ui77"}
{"type":"log","timestamp":1674746710347,"level":"debug","message":"(console:log) [ '58', '2', '59' ]","meta":{"userLevel":true,"rootId":"x9otto00pyk4e27","id":"x9otto00pyk4e27"},"id":"94jrot5zxuoyj1b","previousOperationId":"j5lgxvt9861ui77"}
{"type":"log","timestamp":1674746710347,"level":"debug","message":"(console:log) [ '2', '3', '1' ]","meta":{"userLevel":true,"rootId":"x9otto00pyk4e27","id":"x9otto00pyk4e27"},"id":"7ry70npvvu9luda","previousOperationId":"j5lgxvt9861ui77"}
{"type":"operationEnd","operationId":"j5lgxvt9861ui77","timestamp":1674746710748,"id":"p8ddrzvzg944ho7","previousEventId":"t4qkkyzhgn1vb0i","previousOperationId":"0tgbb2ycxibgcpp"}
{"type":"operationEnd","operationId":"qhlzmpzf6d96hc2","timestamp":1674746710748,"id":"bwhf7ca5o0jiu5a","previousEventId":"p8ddrzvzg944ho7","previousOperationId":"0tgbb2ycxibgcpp"}
{"type":"log","timestamp":1674746710748,"level":"debug","message":"Base url not specified, skipping its injection.","meta":{"rootId":"x9otto00pyk4e27","id":"x9otto00pyk4e27"},"id":"r9fpyuexbmr91wm","previousOperationId":"qhlzmpzf6d96hc2"}
{"type":"operationStart","subtype":"engine","name":"handlebars","timestamp":1674746710748,"id":"88h6ebkhmvt25s5","previousEventId":"bwhf7ca5o0jiu5a","operationId":"6qj6mwapch1fyaj","previousOperationId":"qhlzmpzf6d96hc2"}
{"type":"log","timestamp":1674746710748,"level":"debug","message":"Rendering engine handlebars","meta":{"rootId":"x9otto00pyk4e27","id":"x9otto00pyk4e27"},"id":"3waedpl7wtv1i9j","previousOperationId":"6qj6mwapch1fyaj"}
{"type":"operationEnd","operationId":"6qj6mwapch1fyaj","timestamp":1674746710763,"id":"62q51w109y2qwde","previousEventId":"88h6ebkhmvt25s5","previousOperationId":"6qj6mwapch1fyaj"}
{"type":"operationStart","subtype":"recipe","name":"chrome-pdf","timestamp":1674746710763,"id":"40a8pnm830gpwux","previousEventId":"62q51w109y2qwde","operationId":"byradsz6fbb392s","previousOperationId":"6qj6mwapch1fyaj"}
{"type":"log","timestamp":1674746710763,"level":"debug","message":"Executing recipe chrome-pdf","meta":{"rootId":"x9otto00pyk4e27","id":"x9otto00pyk4e27"},"id":"co5j5fcvzx3pk43","previousOperationId":"byradsz6fbb392s"}
{"type":"log","timestamp":1674746710768,"level":"debug","message":"Converting with chrome HeadlessChrome/105.0.5173.0 using chrome-pool strategy","meta":{"rootId":"x9otto00pyk4e27","id":"x9otto00pyk4e27"},"id":"e70tktspgm0ssv2","previousOperationId":"byradsz6fbb392s"}
{"type":"log","timestamp":1674746710868,"level":"debug","message":"Page request: GET (document) file:///C:/Users/Johan/AppData/Local/Temp/jsreport/autocleanup/0b4ce84a-b055-410a-b698-7fb8e66cb7f1-chrome-pdf.html","meta":{"rootId":"x9otto00pyk4e27","id":"x9otto00pyk4e27"},"id":"uyv6xe83h2t08ne","previousOperationId":"byradsz6fbb392s"}
{"type":"log","timestamp":1674746710894,"level":"debug","message":"Page request: GET (stylesheet) https://cdnjs.cloudflare.com/ajax/libs/metro/4.1.5/css/metro.min.css","meta":{"rootId":"x9otto00pyk4e27","id":"x9otto00pyk4e27"},"id":"3dwachjmh4oaw07","previousOperationId":"byradsz6fbb392s"}
{"type":"log","timestamp":1674746710895,"level":"debug","message":"Page request: GET (script) https://cdnjs.cloudflare.com/ajax/libs/Chart.js/2.7.2/Chart.min.js","meta":{"rootId":"x9otto00pyk4e27","id":"x9otto00pyk4e27"},"id":"sowdimx0m03ijrx","previousOperationId":"byradsz6fbb392s"}
{"type":"log","timestamp":1674746710895,"level":"debug","message":"Page request: GET (stylesheet) https://cdnjs.cloudflare.com/ajax/libs/chartist/0.11.0/chartist.min.css","meta":{"rootId":"x9otto00pyk4e27","id":"x9otto00pyk4e27"},"id":"itb13avstkfwpfc","previousOperationId":"byradsz6fbb392s"}
{"type":"log","timestamp":1674746710895,"level":"debug","message":"Page request: GET (script) https://cdn.jsdelivr.net/npm/chart.js@2.9.3/dist/Chart.min.js","meta":{"rootId":"x9otto00pyk4e27","id":"x9otto00pyk4e27"},"id":"f14j7ta3a2y0ve6","previousOperationId":"byradsz6fbb392s"}
{"type":"log","timestamp":1674746710895,"level":"debug","message":"Page request finished: GET (document) 200 file:///C:/Users/Johan/AppData/Local/Temp/jsreport/autocleanup/0b4ce84a-b055-410a-b698-7fb8e66cb7f1-chrome-pdf.html","meta":{"rootId":"x9otto00pyk4e27","id":"x9otto00pyk4e27"},"id":"962z13j5y3o91vu","previousOperationId":"byradsz6fbb392s"}
{"type":"log","timestamp":1674746710902,"level":"debug","message":"Page request finished: GET (stylesheet) 200 https://cdnjs.cloudflare.com/ajax/libs/chartist/0.11.0/chartist.min.css","meta":{"rootId":"x9otto00pyk4e27","id":"x9otto00pyk4e27"},"id":"ihj7n0p9hdjqaql","previousOperationId":"byradsz6fbb392s"}
{"type":"log","timestamp":1674746710903,"level":"debug","message":"Page request finished: GET (script) 200 https://cdnjs.cloudflare.com/ajax/libs/Chart.js/2.7.2/Chart.min.js","meta":{"rootId":"x9otto00pyk4e27","id":"x9otto00pyk4e27"},"id":"cp21l7jvjp0lf18","previousOperationId":"byradsz6fbb392s"}
{"type":"log","timestamp":1674746710903,"level":"debug","message":"Page request finished: GET (script) 200 https://cdn.jsdelivr.net/npm/chart.js@2.9.3/dist/Chart.min.js","meta":{"rootId":"x9otto00pyk4e27","id":"x9otto00pyk4e27"},"id":"ice3knwthf7b1bb","previousOperationId":"byradsz6fbb392s"}
{"type":"log","timestamp":1674746710921,"level":"debug","message":"Page request finished: GET (stylesheet) 200 https://cdnjs.cloudflare.com/ajax/libs/metro/4.1.5/css/metro.min.css","meta":{"rootId":"x9otto00pyk4e27","id":"x9otto00pyk4e27"},"id":"ydl3pika9hgui4l","previousOperationId":"byradsz6fbb392s"}
{"type":"log","timestamp":1674746710931,"level":"warn","message":"Page error: SyntaxError: Unexpected token ','","meta":{"rootId":"x9otto00pyk4e27","id":"x9otto00pyk4e27"},"id":"pndr8na83qq7liw","previousOperationId":"byradsz6fbb392s"}
{"type":"log","timestamp":1674746710975,"level":"debug","message":"Running chrome with params {\"printBackground\":true,\"timeout\":59038,\"margin\":{}}","meta":{"rootId":"x9otto00pyk4e27","id":"x9otto00pyk4e27"},"id":"7dk3uu0v9ixegoq","previousOperationId":"byradsz6fbb392s"}
{"type":"operationEnd","operationId":"byradsz6fbb392s","timestamp":1674746711111,"id":"ww7r8sxjks6lmh2","previousEventId":"40a8pnm830gpwux","previousOperationId":"byradsz6fbb392s"}
{"type":"log","timestamp":1674746711111,"level":"debug","message":"Executing script testing (afterRender)","meta":{"rootId":"x9otto00pyk4e27","id":"x9otto00pyk4e27"},"id":"ld2kkts38prbwxp","previousOperationId":"byradsz6fbb392s"}
{"type":"operationStart","subtype":"scriptsAfterRender","name":"scripts afterRender","timestamp":1674746711122,"id":"6sllkeb3623703q","previousEventId":"ww7r8sxjks6lmh2","operationId":"try1z8oi9azlx5p","previousOperationId":"byradsz6fbb392s"}
{"type":"operationStart","subtype":"script","name":"scripts testing","previousOperationId":"try1z8oi9azlx5p","timestamp":1674746711122,"id":"zn89dfmwu4385hd","previousEventId":"6sllkeb3623703q","operationId":"ubi7hp5wyhhpjmo"}
{"type":"operationEnd","operationId":"ubi7hp5wyhhpjmo","timestamp":1674746712118,"id":"a24yv8ufw5oxcja","previousEventId":"ww7r8sxjks6lmh2","previousOperationId":"byradsz6fbb392s"}
{"type":"operationEnd","operationId":"try1z8oi9azlx5p","timestamp":1674746712118,"id":"dk3ktlhw1a5k79c","previousEventId":"a24yv8ufw5oxcja","previousOperationId":"byradsz6fbb392s"}
{"type":"log","timestamp":1674746712118,"level":"debug","message":"Skipping storing report.","meta":{"rootId":"x9otto00pyk4e27","id":"x9otto00pyk4e27"},"id":"l95me4ti028dezv","previousOperationId":"try1z8oi9azlx5p"}
{"type":"log","timestamp":1674746712118,"level":"info","message":"Rendering request 10 finished in 2314 ms","meta":{"rootId":"x9otto00pyk4e27","id":"x9otto00pyk4e27"},"id":"87pcia4s0d2ymj6","previousOperationId":"try1z8oi9azlx5p"}
{"type":"operationEnd","subtype":"render","operationId":"0tgbb2ycxibgcpp","timestamp":1674746712118,"id":"vffyknwnihz8pvg","previousEventId":"dk3ktlhw1a5k79c","previousOperationId":"try1z8oi9azlx5p"}
{"type":"operationEnd","doDiffs":false,"previousEventId":"3fm0526twepy72c","previousOperationId":"vkw1ws22ymzp129","operationId":"vkw1ws22ymzp129","timestamp":1674746712124,"id":"eeuj7mh37ubteum"}
