{"type":"operationStart","subtype":"profile","data":{"_id":"T0r3Gs3wNbCFxQfy","timestamp":"2023-01-26T16:51:03.746Z","state":"queued","mode":"standard","creationDate":"2023-01-26T16:51:03.748Z","modificationDate":"2023-01-26T16:51:03.748Z","shortid":"pltFcUD","$entitySet":"profiles"},"doDiffs":false,"timestamp":1674751863747,"id":"73kcsjwrofu6i3e","previousOperationId":null,"operationId":"5hb22qvcvpvgett"}
{"type":"log","level":"info","message":"Render request 5 queued for execution and waiting for available worker","previousOperationId":"5hb22qvcvpvgett","timestamp":1674751863747,"id":"ozi2tb64futa33o"}
{"type":"operationStart","subtype":"render","name":"Data","previousOperationId":"5hb22qvcvpvgett","timestamp":1674751863758,"id":"ga7lvfypmidmm1f","previousEventId":"73kcsjwrofu6i3e","operationId":"49ycdqm12k3807t"}
{"type":"log","timestamp":1674751863758,"level":"info","message":"Starting rendering request 5","meta":{"rootId":"xlocimvajpi4w5y","id":"xlocimvajpi4w5y"},"id":"id72cbjqjcunv6i","previousOperationId":"49ycdqm12k3807t"}
{"type":"log","timestamp":1674751863758,"level":"info","message":"Rendering template { name: Data, recipe: chrome-pdf, engine: handlebars, preview: true }","meta":{"rootId":"xlocimvajpi4w5y","id":"xlocimvajpi4w5y"},"id":"nevseagvro06feh","previousOperationId":"49ycdqm12k3807t"}
{"type":"log","timestamp":1674751863759,"level":"debug","message":"Data item not defined for this template.","meta":{"rootId":"xlocimvajpi4w5y","id":"xlocimvajpi4w5y"},"id":"ys0tzk85gqz1xok","previousOperationId":"49ycdqm12k3807t"}
{"type":"log","timestamp":1674751863765,"level":"debug","message":"Executing script testing (beforeRender)","meta":{"rootId":"xlocimvajpi4w5y","id":"xlocimvajpi4w5y"},"id":"1ryox8d941u0el6","previousOperationId":"49ycdqm12k3807t"}
{"type":"operationStart","subtype":"scriptsBeforeRender","name":"scripts beforeRender","timestamp":1674751863829,"id":"njbhp4quzcr9070","previousEventId":"ga7lvfypmidmm1f","operationId":"t53au7e8pbipw2k","previousOperationId":"49ycdqm12k3807t"}
{"type":"operationStart","subtype":"script","name":"scripts testing","previousOperationId":"t53au7e8pbipw2k","timestamp":1674751863829,"id":"b8t2oevkupd5z3m","previousEventId":"njbhp4quzcr9070","operationId":"e6fc6jrfkbit8go"}
{"type":"log","timestamp":1674751864060,"level":"debug","message":"(console:log) {\n  locationName: [ 'Las Palmas de Gran Canaria', 'Galdar', 'Teror' ],\n  repetition: [ '2', '1', '3' ]\n}","meta":{"userLevel":true,"rootId":"xlocimvajpi4w5y","id":"xlocimvajpi4w5y"},"id":"liv01e0walqaa24","previousOperationId":"e6fc6jrfkbit8go"}
{"type":"log","timestamp":1674751864060,"level":"debug","message":"(console:log) [ 'Las Palmas de Gran Canaria', 'Galdar', 'Teror' ]","meta":{"userLevel":true,"rootId":"xlocimvajpi4w5y","id":"xlocimvajpi4w5y"},"id":"jkal5hq1sfbspyo","previousOperationId":"e6fc6jrfkbit8go"}
{"type":"log","timestamp":1674751864060,"level":"debug","message":"(console:log) [ '2', '1', '3' ]","meta":{"userLevel":true,"rootId":"xlocimvajpi4w5y","id":"xlocimvajpi4w5y"},"id":"ylmst3yd4kv2pqp","previousOperationId":"e6fc6jrfkbit8go"}
{"type":"operationEnd","operationId":"e6fc6jrfkbit8go","timestamp":1674751864467,"id":"vk4jb51cdxkfr1s","previousEventId":"ga7lvfypmidmm1f","previousOperationId":"49ycdqm12k3807t"}
{"type":"operationEnd","operationId":"t53au7e8pbipw2k","timestamp":1674751864467,"id":"eam43jjy74xodjp","previousEventId":"vk4jb51cdxkfr1s","previousOperationId":"49ycdqm12k3807t"}
{"type":"log","timestamp":1674751864467,"level":"debug","message":"Base url not specified, skipping its injection.","meta":{"rootId":"xlocimvajpi4w5y","id":"xlocimvajpi4w5y"},"id":"ge3unu2jgwpx4pp","previousOperationId":"t53au7e8pbipw2k"}
{"type":"operationStart","subtype":"engine","name":"handlebars","timestamp":1674751864468,"id":"o885l0wkfdjpqkt","previousEventId":"eam43jjy74xodjp","operationId":"dye4eqvprsoyyca","previousOperationId":"t53au7e8pbipw2k"}
{"type":"log","timestamp":1674751864468,"level":"debug","message":"Rendering engine handlebars","meta":{"rootId":"xlocimvajpi4w5y","id":"xlocimvajpi4w5y"},"id":"184ylz8umitz5r4","previousOperationId":"dye4eqvprsoyyca"}
{"type":"operationEnd","operationId":"dye4eqvprsoyyca","timestamp":1674751864483,"id":"mvwu74qjbel1qvr","previousEventId":"o885l0wkfdjpqkt","previousOperationId":"dye4eqvprsoyyca"}
{"type":"operationStart","subtype":"recipe","name":"chrome-pdf","timestamp":1674751864483,"id":"jsn5y0udbaeqzw4","previousEventId":"mvwu74qjbel1qvr","operationId":"t4k1qu0k2vvhaua","previousOperationId":"dye4eqvprsoyyca"}
{"type":"log","timestamp":1674751864483,"level":"debug","message":"Executing recipe chrome-pdf","meta":{"rootId":"xlocimvajpi4w5y","id":"xlocimvajpi4w5y"},"id":"m2tobbmytn7ddzl","previousOperationId":"t4k1qu0k2vvhaua"}
{"type":"log","timestamp":1674751864488,"level":"debug","message":"Converting with chrome HeadlessChrome/105.0.5173.0 using chrome-pool strategy","meta":{"rootId":"xlocimvajpi4w5y","id":"xlocimvajpi4w5y"},"id":"l54rzzp5jk18jah","previousOperationId":"t4k1qu0k2vvhaua"}
{"type":"log","timestamp":1674751864591,"level":"debug","message":"Page request: GET (document) file:///C:/Users/Johan/AppData/Local/Temp/jsreport/autocleanup/62de5312-b648-4421-80d6-f5d37fd4c7e4-chrome-pdf.html","meta":{"rootId":"xlocimvajpi4w5y","id":"xlocimvajpi4w5y"},"id":"upaubry0dibsnwh","previousOperationId":"t4k1qu0k2vvhaua"}
{"type":"log","timestamp":1674751864618,"level":"debug","message":"Page request finished: GET (document) 200 file:///C:/Users/Johan/AppData/Local/Temp/jsreport/autocleanup/62de5312-b648-4421-80d6-f5d37fd4c7e4-chrome-pdf.html","meta":{"rootId":"xlocimvajpi4w5y","id":"xlocimvajpi4w5y"},"id":"y5b1ygkq298agk8","previousOperationId":"t4k1qu0k2vvhaua"}
{"type":"log","timestamp":1674751864618,"level":"debug","message":"Page request: GET (stylesheet) https://cdnjs.cloudflare.com/ajax/libs/metro/4.1.5/css/metro.min.css","meta":{"rootId":"xlocimvajpi4w5y","id":"xlocimvajpi4w5y"},"id":"aoi5vqtsirsywdw","previousOperationId":"t4k1qu0k2vvhaua"}
{"type":"log","timestamp":1674751864619,"level":"debug","message":"Page request: GET (stylesheet) https://cdnjs.cloudflare.com/ajax/libs/chartist/0.11.0/chartist.min.css","meta":{"rootId":"xlocimvajpi4w5y","id":"xlocimvajpi4w5y"},"id":"akbqpv3lqg6tf2a","previousOperationId":"t4k1qu0k2vvhaua"}
{"type":"log","timestamp":1674751864619,"level":"debug","message":"Page request: GET (script) https://cdnjs.cloudflare.com/ajax/libs/chartist/0.11.0/chartist.min.js","meta":{"rootId":"xlocimvajpi4w5y","id":"xlocimvajpi4w5y"},"id":"izc2qxn9zpwtizt","previousOperationId":"t4k1qu0k2vvhaua"}
{"type":"log","timestamp":1674751864619,"level":"debug","message":"Page request: GET (script) https://unpkg.com/chartist-plugin-tooltips@0.0.17","meta":{"rootId":"xlocimvajpi4w5y","id":"xlocimvajpi4w5y"},"id":"24wldz8gu8h5gu0","previousOperationId":"t4k1qu0k2vvhaua"}
{"type":"log","timestamp":1674751864619,"level":"debug","message":"Page request: GET (script) https://unpkg.com/chartist-plugin-pointlabels@0.0.6","meta":{"rootId":"xlocimvajpi4w5y","id":"xlocimvajpi4w5y"},"id":"moc4egxatpqn3u1","previousOperationId":"t4k1qu0k2vvhaua"}
{"type":"log","timestamp":1674751864623,"level":"warn","message":"Page request failed: GET (script) 302 https://unpkg.com/chartist-plugin-tooltips@0.0.17 (redirect to: /chartist-plugin-tooltips@0.0.17/dist/chartist-plugin-tooltip.js)","meta":{"rootId":"xlocimvajpi4w5y","id":"xlocimvajpi4w5y"},"id":"tp67e86kj9obglq","previousOperationId":"t4k1qu0k2vvhaua"}
{"type":"log","timestamp":1674751864624,"level":"debug","message":"Page request: GET (script) https://unpkg.com/chartist-plugin-tooltips@0.0.17/dist/chartist-plugin-tooltip.js (redirect from: https://unpkg.com/chartist-plugin-tooltips@0.0.17)","meta":{"rootId":"xlocimvajpi4w5y","id":"xlocimvajpi4w5y"},"id":"ue03bo7vfzqv0hc","previousOperationId":"t4k1qu0k2vvhaua"}
{"type":"log","timestamp":1674751864625,"level":"debug","message":"Page request finished: GET (stylesheet) 200 https://cdnjs.cloudflare.com/ajax/libs/chartist/0.11.0/chartist.min.css","meta":{"rootId":"xlocimvajpi4w5y","id":"xlocimvajpi4w5y"},"id":"5ngakno0vhe0qqx","previousOperationId":"t4k1qu0k2vvhaua"}
{"type":"log","timestamp":1674751864627,"level":"warn","message":"Page request failed: GET (script) 302 https://unpkg.com/chartist-plugin-pointlabels@0.0.6 (redirect to: /chartist-plugin-pointlabels@0.0.6/dist/chartist-plugin-pointlabels.js)","meta":{"rootId":"xlocimvajpi4w5y","id":"xlocimvajpi4w5y"},"id":"r6uk4z6gtzj3rrg","previousOperationId":"t4k1qu0k2vvhaua"}
{"type":"log","timestamp":1674751864627,"level":"debug","message":"Page request: GET (script) https://unpkg.com/chartist-plugin-pointlabels@0.0.6/dist/chartist-plugin-pointlabels.js (redirect from: https://unpkg.com/chartist-plugin-pointlabels@0.0.6)","meta":{"rootId":"xlocimvajpi4w5y","id":"xlocimvajpi4w5y"},"id":"zukldzbol3i01uf","previousOperationId":"t4k1qu0k2vvhaua"}
{"type":"log","timestamp":1674751864642,"level":"debug","message":"Page request finished: GET (stylesheet) 200 https://cdnjs.cloudflare.com/ajax/libs/metro/4.1.5/css/metro.min.css","meta":{"rootId":"xlocimvajpi4w5y","id":"xlocimvajpi4w5y"},"id":"680nhqltyp56wvl","previousOperationId":"t4k1qu0k2vvhaua"}
{"type":"log","timestamp":1674751864642,"level":"debug","message":"Page request finished: GET (script) 200 https://cdnjs.cloudflare.com/ajax/libs/chartist/0.11.0/chartist.min.js","meta":{"rootId":"xlocimvajpi4w5y","id":"xlocimvajpi4w5y"},"id":"t1gyfglfgz8h7jz","previousOperationId":"t4k1qu0k2vvhaua"}
{"type":"log","timestamp":1674751864645,"level":"debug","message":"Page request finished: GET (script) 200 https://unpkg.com/chartist-plugin-tooltips@0.0.17/dist/chartist-plugin-tooltip.js","meta":{"rootId":"xlocimvajpi4w5y","id":"xlocimvajpi4w5y"},"id":"ge58wane3he0i01","previousOperationId":"t4k1qu0k2vvhaua"}
{"type":"log","timestamp":1674751864646,"level":"debug","message":"Page request finished: GET (script) 200 https://unpkg.com/chartist-plugin-pointlabels@0.0.6/dist/chartist-plugin-pointlabels.js","meta":{"rootId":"xlocimvajpi4w5y","id":"xlocimvajpi4w5y"},"id":"jfcwidan07okdl5","previousOperationId":"t4k1qu0k2vvhaua"}
{"type":"log","timestamp":1674751864648,"level":"debug","message":"(console:log) Me he venido","meta":{"userLevel":true,"rootId":"xlocimvajpi4w5y","id":"xlocimvajpi4w5y"},"id":"7da2fcesagd3foo","previousOperationId":"t4k1qu0k2vvhaua"}
{"type":"log","timestamp":1674751864648,"level":"debug","message":"(console:log) JSHandle@array","meta":{"userLevel":true,"rootId":"xlocimvajpi4w5y","id":"xlocimvajpi4w5y"},"id":"yymv83s421fvh9n","previousOperationId":"t4k1qu0k2vvhaua"}
{"type":"log","timestamp":1674751864649,"level":"debug","message":"(console:log) JSHandle@array","meta":{"userLevel":true,"rootId":"xlocimvajpi4w5y","id":"xlocimvajpi4w5y"},"id":"imhfw7fq53tmt96","previousOperationId":"t4k1qu0k2vvhaua"}
{"type":"log","timestamp":1674751864716,"level":"debug","message":"Running chrome with params {\"printBackground\":true,\"timeout\":59260,\"margin\":{}}","meta":{"rootId":"xlocimvajpi4w5y","id":"xlocimvajpi4w5y"},"id":"5e05n1comx7ihse","previousOperationId":"t4k1qu0k2vvhaua"}
{"type":"operationEnd","operationId":"t4k1qu0k2vvhaua","timestamp":1674751864862,"id":"25sj8bgqiyusok6","previousEventId":"jsn5y0udbaeqzw4","previousOperationId":"t4k1qu0k2vvhaua"}
{"type":"log","timestamp":1674751864862,"level":"debug","message":"Executing script testing (afterRender)","meta":{"rootId":"xlocimvajpi4w5y","id":"xlocimvajpi4w5y"},"id":"ey4acy06mq4mvj3","previousOperationId":"t4k1qu0k2vvhaua"}
{"type":"operationStart","subtype":"scriptsAfterRender","name":"scripts afterRender","timestamp":1674751864870,"id":"owij5c0zcc8sw1w","previousEventId":"25sj8bgqiyusok6","operationId":"2wdrn2urym91kex","previousOperationId":"t4k1qu0k2vvhaua"}
{"type":"operationStart","subtype":"script","name":"scripts testing","previousOperationId":"2wdrn2urym91kex","timestamp":1674751864870,"id":"oy9ekt3yo1sdo88","previousEventId":"owij5c0zcc8sw1w","operationId":"bb8jmsf7rdos819"}
{"type":"operationEnd","operationId":"bb8jmsf7rdos819","timestamp":1674751866049,"id":"yg8at0tki0huq1d","previousEventId":"25sj8bgqiyusok6","previousOperationId":"t4k1qu0k2vvhaua"}
{"type":"operationEnd","operationId":"2wdrn2urym91kex","timestamp":1674751866049,"id":"e8pp47z53iirwue","previousEventId":"yg8at0tki0huq1d","previousOperationId":"t4k1qu0k2vvhaua"}
{"type":"log","timestamp":1674751866049,"level":"debug","message":"Skipping storing report.","meta":{"rootId":"xlocimvajpi4w5y","id":"xlocimvajpi4w5y"},"id":"6ul0m65vpk32mms","previousOperationId":"2wdrn2urym91kex"}
{"type":"log","timestamp":1674751866049,"level":"info","message":"Rendering request 5 finished in 2303 ms","meta":{"rootId":"xlocimvajpi4w5y","id":"xlocimvajpi4w5y"},"id":"ot30txsr78lczck","previousOperationId":"2wdrn2urym91kex"}
{"type":"operationEnd","subtype":"render","operationId":"49ycdqm12k3807t","timestamp":1674751866049,"id":"4p6w93wrpldln1v","previousEventId":"e8pp47z53iirwue","previousOperationId":"2wdrn2urym91kex"}
{"type":"operationEnd","doDiffs":false,"previousEventId":"73kcsjwrofu6i3e","previousOperationId":"5hb22qvcvpvgett","operationId":"5hb22qvcvpvgett","timestamp":1674751866054,"id":"p91bogxtmqbw0x2"}
