{"type":"operationStart","subtype":"profile","data":{"_id":"IfeCrdyPMKiLkNho","timestamp":"2023-01-26T15:25:27.081Z","state":"queued","mode":"standard","creationDate":"2023-01-26T15:25:27.084Z","modificationDate":"2023-01-26T15:25:27.084Z","shortid":"SkarKrd","$entitySet":"profiles"},"doDiffs":false,"timestamp":1674746727083,"id":"12q069ju37nli1t","previousOperationId":null,"operationId":"t5bzy4quzniru6c"}
{"type":"log","level":"info","message":"Render request 11 queued for execution and waiting for available worker","previousOperationId":"t5bzy4quzniru6c","timestamp":1674746727083,"id":"1jwhnn887l9wfjw"}
{"type":"operationStart","subtype":"render","name":"Data","previousOperationId":"t5bzy4quzniru6c","timestamp":1674746727092,"id":"tb3mzl30e3gggzb","previousEventId":"12q069ju37nli1t","operationId":"c2har4d343lnlqh"}
{"type":"log","timestamp":1674746727093,"level":"info","message":"Starting rendering request 11","meta":{"rootId":"xm0kj25j361gwj5","id":"xm0kj25j361gwj5"},"id":"fsnqwlp2zstgdv3","previousOperationId":"c2har4d343lnlqh"}
{"type":"log","timestamp":1674746727093,"level":"info","message":"Rendering template { name: Data, recipe: chrome-pdf, engine: handlebars, preview: true }","meta":{"rootId":"xm0kj25j361gwj5","id":"xm0kj25j361gwj5"},"id":"io5kp0xqva06anf","previousOperationId":"c2har4d343lnlqh"}
{"type":"log","timestamp":1674746727094,"level":"debug","message":"Data item not defined for this template.","meta":{"rootId":"xm0kj25j361gwj5","id":"xm0kj25j361gwj5"},"id":"kmkw1exybqy1hom","previousOperationId":"c2har4d343lnlqh"}
{"type":"log","timestamp":1674746727099,"level":"debug","message":"Executing script testing (beforeRender)","meta":{"rootId":"xm0kj25j361gwj5","id":"xm0kj25j361gwj5"},"id":"2n19w77f9d7783i","previousOperationId":"c2har4d343lnlqh"}
{"type":"operationStart","subtype":"scriptsBeforeRender","name":"scripts beforeRender","timestamp":1674746727137,"id":"aw4tc2cf4uhfkqb","previousEventId":"tb3mzl30e3gggzb","operationId":"cy0z4ha6xixpp22","previousOperationId":"c2har4d343lnlqh"}
{"type":"operationStart","subtype":"script","name":"scripts testing","previousOperationId":"cy0z4ha6xixpp22","timestamp":1674746727138,"id":"5x6z2mgematjvay","previousEventId":"aw4tc2cf4uhfkqb","operationId":"mslwsf7w7513nss"}
{"type":"log","timestamp":1674746727503,"level":"debug","message":"(console:log) [ '58', '2', '59' ]","meta":{"userLevel":true,"rootId":"xm0kj25j361gwj5","id":"xm0kj25j361gwj5"},"id":"br3qxy2we43ndel","previousOperationId":"mslwsf7w7513nss"}
{"type":"log","timestamp":1674746727504,"level":"debug","message":"(console:log) [ '2', '3', '1' ]","meta":{"userLevel":true,"rootId":"xm0kj25j361gwj5","id":"xm0kj25j361gwj5"},"id":"ti198byf2r4e0s4","previousOperationId":"mslwsf7w7513nss"}
{"type":"operationEnd","operationId":"mslwsf7w7513nss","timestamp":1674746727872,"id":"ca4q6dfz20pnxna","previousEventId":"tb3mzl30e3gggzb","previousOperationId":"c2har4d343lnlqh"}
{"type":"operationEnd","operationId":"cy0z4ha6xixpp22","timestamp":1674746727872,"id":"7qmdjq69wfam2l9","previousEventId":"ca4q6dfz20pnxna","previousOperationId":"c2har4d343lnlqh"}
{"type":"log","timestamp":1674746727872,"level":"debug","message":"Base url not specified, skipping its injection.","meta":{"rootId":"xm0kj25j361gwj5","id":"xm0kj25j361gwj5"},"id":"drjlt8ntsr2m9ub","previousOperationId":"cy0z4ha6xixpp22"}
{"type":"operationStart","subtype":"engine","name":"handlebars","timestamp":1674746727872,"id":"gsnac97u6i7rfgb","previousEventId":"7qmdjq69wfam2l9","operationId":"wytw6nako2iqceg","previousOperationId":"cy0z4ha6xixpp22"}
{"type":"log","timestamp":1674746727872,"level":"debug","message":"Rendering engine handlebars","meta":{"rootId":"xm0kj25j361gwj5","id":"xm0kj25j361gwj5"},"id":"qczch8g10fan1sd","previousOperationId":"wytw6nako2iqceg"}
{"type":"operationEnd","operationId":"wytw6nako2iqceg","timestamp":1674746727886,"id":"eqs5xeoqqs5jbf1","previousEventId":"gsnac97u6i7rfgb","previousOperationId":"wytw6nako2iqceg"}
{"type":"operationStart","subtype":"recipe","name":"chrome-pdf","timestamp":1674746727887,"id":"eb0dyfz6kf70xaa","previousEventId":"eqs5xeoqqs5jbf1","operationId":"6bfuoe6x3ndsgm6","previousOperationId":"wytw6nako2iqceg"}
{"type":"log","timestamp":1674746727887,"level":"debug","message":"Executing recipe chrome-pdf","meta":{"rootId":"xm0kj25j361gwj5","id":"xm0kj25j361gwj5"},"id":"vvuxltj3v7na7pe","previousOperationId":"6bfuoe6x3ndsgm6"}
{"type":"log","timestamp":1674746727891,"level":"debug","message":"Converting with chrome HeadlessChrome/105.0.5173.0 using chrome-pool strategy","meta":{"rootId":"xm0kj25j361gwj5","id":"xm0kj25j361gwj5"},"id":"ypiar2bfntujibb","previousOperationId":"6bfuoe6x3ndsgm6"}
{"type":"log","timestamp":1674746727977,"level":"debug","message":"Page request: GET (document) file:///C:/Users/Johan/AppData/Local/Temp/jsreport/autocleanup/7a2089ac-f9ff-410e-836d-d9a169cb156c-chrome-pdf.html","meta":{"rootId":"xm0kj25j361gwj5","id":"xm0kj25j361gwj5"},"id":"3k7btszbzi9qpjq","previousOperationId":"6bfuoe6x3ndsgm6"}
{"type":"log","timestamp":1674746727997,"level":"debug","message":"Page request finished: GET (document) 200 file:///C:/Users/Johan/AppData/Local/Temp/jsreport/autocleanup/7a2089ac-f9ff-410e-836d-d9a169cb156c-chrome-pdf.html","meta":{"rootId":"xm0kj25j361gwj5","id":"xm0kj25j361gwj5"},"id":"ycpyxspxhg22c8t","previousOperationId":"6bfuoe6x3ndsgm6"}
{"type":"log","timestamp":1674746727997,"level":"debug","message":"Page request: GET (stylesheet) https://cdnjs.cloudflare.com/ajax/libs/metro/4.1.5/css/metro.min.css","meta":{"rootId":"xm0kj25j361gwj5","id":"xm0kj25j361gwj5"},"id":"nmsjd3gbhcg15p5","previousOperationId":"6bfuoe6x3ndsgm6"}
{"type":"log","timestamp":1674746727997,"level":"debug","message":"Page request: GET (script) https://cdnjs.cloudflare.com/ajax/libs/Chart.js/2.7.2/Chart.min.js","meta":{"rootId":"xm0kj25j361gwj5","id":"xm0kj25j361gwj5"},"id":"9b4g9lwhxxqal2c","previousOperationId":"6bfuoe6x3ndsgm6"}
{"type":"log","timestamp":1674746727998,"level":"debug","message":"Page request: GET (stylesheet) https://cdnjs.cloudflare.com/ajax/libs/chartist/0.11.0/chartist.min.css","meta":{"rootId":"xm0kj25j361gwj5","id":"xm0kj25j361gwj5"},"id":"n18qls0b5ifqw5n","previousOperationId":"6bfuoe6x3ndsgm6"}
{"type":"log","timestamp":1674746727998,"level":"debug","message":"Page request: GET (script) https://cdn.jsdelivr.net/npm/chart.js@2.9.3/dist/Chart.min.js","meta":{"rootId":"xm0kj25j361gwj5","id":"xm0kj25j361gwj5"},"id":"ymcnxoqqzahcagw","previousOperationId":"6bfuoe6x3ndsgm6"}
{"type":"log","timestamp":1674746728006,"level":"debug","message":"Page request finished: GET (stylesheet) 200 https://cdnjs.cloudflare.com/ajax/libs/chartist/0.11.0/chartist.min.css","meta":{"rootId":"xm0kj25j361gwj5","id":"xm0kj25j361gwj5"},"id":"ix1k3hm0oy5dn63","previousOperationId":"6bfuoe6x3ndsgm6"}
{"type":"log","timestamp":1674746728007,"level":"debug","message":"Page request finished: GET (script) 200 https://cdnjs.cloudflare.com/ajax/libs/Chart.js/2.7.2/Chart.min.js","meta":{"rootId":"xm0kj25j361gwj5","id":"xm0kj25j361gwj5"},"id":"ohzq38ozj0qpejg","previousOperationId":"6bfuoe6x3ndsgm6"}
{"type":"log","timestamp":1674746728007,"level":"debug","message":"Page request finished: GET (script) 200 https://cdn.jsdelivr.net/npm/chart.js@2.9.3/dist/Chart.min.js","meta":{"rootId":"xm0kj25j361gwj5","id":"xm0kj25j361gwj5"},"id":"kf35it3oncn4uco","previousOperationId":"6bfuoe6x3ndsgm6"}
{"type":"log","timestamp":1674746728024,"level":"debug","message":"Page request finished: GET (stylesheet) 200 https://cdnjs.cloudflare.com/ajax/libs/metro/4.1.5/css/metro.min.css","meta":{"rootId":"xm0kj25j361gwj5","id":"xm0kj25j361gwj5"},"id":"9k1v0bap649nu9a","previousOperationId":"6bfuoe6x3ndsgm6"}
{"type":"log","timestamp":1674746728032,"level":"warn","message":"Page error: SyntaxError: Unexpected token ','","meta":{"rootId":"xm0kj25j361gwj5","id":"xm0kj25j361gwj5"},"id":"m96s5tknarsxn92","previousOperationId":"6bfuoe6x3ndsgm6"}
{"type":"log","timestamp":1674746728066,"level":"debug","message":"Running chrome with params {\"printBackground\":true,\"timeout\":59192,\"margin\":{}}","meta":{"rootId":"xm0kj25j361gwj5","id":"xm0kj25j361gwj5"},"id":"yq52fu1zp29rsba","previousOperationId":"6bfuoe6x3ndsgm6"}
{"type":"operationEnd","operationId":"6bfuoe6x3ndsgm6","timestamp":1674746728173,"id":"foj7yt53evrrn3o","previousEventId":"eb0dyfz6kf70xaa","previousOperationId":"6bfuoe6x3ndsgm6"}
{"type":"log","timestamp":1674746728173,"level":"debug","message":"Executing script testing (afterRender)","meta":{"rootId":"xm0kj25j361gwj5","id":"xm0kj25j361gwj5"},"id":"042r9dha4n8tfrd","previousOperationId":"6bfuoe6x3ndsgm6"}
{"type":"operationStart","subtype":"scriptsAfterRender","name":"scripts afterRender","timestamp":1674746728181,"id":"neg5zgfn1cyoktw","previousEventId":"foj7yt53evrrn3o","operationId":"id8inyq1bvxpz3c","previousOperationId":"6bfuoe6x3ndsgm6"}
{"type":"operationStart","subtype":"script","name":"scripts testing","previousOperationId":"id8inyq1bvxpz3c","timestamp":1674746728181,"id":"ykizpv1i6h80yuo","previousEventId":"neg5zgfn1cyoktw","operationId":"lv0caxd78lzabkn"}
{"type":"operationEnd","operationId":"lv0caxd78lzabkn","timestamp":1674746729338,"id":"r3al7kddkykvba7","previousEventId":"foj7yt53evrrn3o","previousOperationId":"6bfuoe6x3ndsgm6"}
{"type":"operationEnd","operationId":"id8inyq1bvxpz3c","timestamp":1674746729338,"id":"tsz4yvfhpvydb5x","previousEventId":"r3al7kddkykvba7","previousOperationId":"6bfuoe6x3ndsgm6"}
{"type":"log","timestamp":1674746729338,"level":"debug","message":"Skipping storing report.","meta":{"rootId":"xm0kj25j361gwj5","id":"xm0kj25j361gwj5"},"id":"yo0tfcmmg50286v","previousOperationId":"id8inyq1bvxpz3c"}
{"type":"log","timestamp":1674746729339,"level":"info","message":"Rendering request 11 finished in 2258 ms","meta":{"rootId":"xm0kj25j361gwj5","id":"xm0kj25j361gwj5"},"id":"jmekclkui1c85pj","previousOperationId":"id8inyq1bvxpz3c"}
{"type":"operationEnd","subtype":"render","operationId":"c2har4d343lnlqh","timestamp":1674746729339,"id":"xfsws98szgcja90","previousEventId":"tsz4yvfhpvydb5x","previousOperationId":"id8inyq1bvxpz3c"}
{"type":"operationEnd","doDiffs":false,"previousEventId":"12q069ju37nli1t","previousOperationId":"t5bzy4quzniru6c","operationId":"t5bzy4quzniru6c","timestamp":1674746729342,"id":"f8pztnkkjhnsuxu"}
