{"type":"operationStart","subtype":"profile","data":{"_id":"VjBd75nW0q58Sq6N","timestamp":"2023-01-26T15:30:54.774Z","state":"queued","mode":"standard","creationDate":"2023-01-26T15:30:54.775Z","modificationDate":"2023-01-26T15:30:54.775Z","shortid":"Am9t5Wd","$entitySet":"profiles"},"doDiffs":false,"timestamp":1674747054775,"id":"7adzquyy2183gmw","previousOperationId":null,"operationId":"po3oki8zpueybd2"}
{"type":"log","level":"info","message":"Render request 19 queued for execution and waiting for available worker","previousOperationId":"po3oki8zpueybd2","timestamp":1674747054775,"id":"b2tmtwno5hajyla"}
{"type":"operationStart","subtype":"render","name":"Data","previousOperationId":"po3oki8zpueybd2","timestamp":1674747054783,"id":"apkcjmthvalsx78","previousEventId":"7adzquyy2183gmw","operationId":"awa1waitnm2uhmp"}
{"type":"log","timestamp":1674747054783,"level":"info","message":"Starting rendering request 19","meta":{"rootId":"xmp4z5rggowm42p","id":"xmp4z5rggowm42p"},"id":"a42fxliqisoc677","previousOperationId":"awa1waitnm2uhmp"}
{"type":"log","timestamp":1674747054783,"level":"info","message":"Rendering template { name: Data, recipe: chrome-pdf, engine: handlebars, preview: true }","meta":{"rootId":"xmp4z5rggowm42p","id":"xmp4z5rggowm42p"},"id":"h691ynkl1qvfzxr","previousOperationId":"awa1waitnm2uhmp"}
{"type":"log","timestamp":1674747054783,"level":"debug","message":"Data item not defined for this template.","meta":{"rootId":"xmp4z5rggowm42p","id":"xmp4z5rggowm42p"},"id":"um84ejj0jyk55mz","previousOperationId":"awa1waitnm2uhmp"}
{"type":"log","timestamp":1674747054785,"level":"debug","message":"Executing script testing (beforeRender)","meta":{"rootId":"xmp4z5rggowm42p","id":"xmp4z5rggowm42p"},"id":"xvvt7pi6pdezkb8","previousOperationId":"awa1waitnm2uhmp"}
{"type":"operationStart","subtype":"scriptsBeforeRender","name":"scripts beforeRender","timestamp":1674747054837,"id":"l1uskm7gv7se5y7","previousEventId":"apkcjmthvalsx78","operationId":"cw0wye5sayd8a5a","previousOperationId":"awa1waitnm2uhmp"}
{"type":"operationStart","subtype":"script","name":"scripts testing","previousOperationId":"cw0wye5sayd8a5a","timestamp":1674747054837,"id":"9br6ciwxnlfivob","previousEventId":"l1uskm7gv7se5y7","operationId":"48tpl8pgmoy78ag"}
{"type":"log","timestamp":1674747055068,"level":"debug","message":"(console:log) { location_id: [ '58', '2', '59' ], repetition: [ '2', '3', '1' ] }","meta":{"userLevel":true,"rootId":"xmp4z5rggowm42p","id":"xmp4z5rggowm42p"},"id":"o6x6chbj3rukvrw","previousOperationId":"48tpl8pgmoy78ag"}
{"type":"operationEnd","operationId":"48tpl8pgmoy78ag","timestamp":1674747055457,"id":"5x6y4eydz84do5w","previousEventId":"apkcjmthvalsx78","previousOperationId":"awa1waitnm2uhmp"}
{"type":"operationEnd","operationId":"cw0wye5sayd8a5a","timestamp":1674747055457,"id":"zjoqarqsuko3goh","previousEventId":"5x6y4eydz84do5w","previousOperationId":"awa1waitnm2uhmp"}
{"type":"log","timestamp":1674747055458,"level":"debug","message":"Base url not specified, skipping its injection.","meta":{"rootId":"xmp4z5rggowm42p","id":"xmp4z5rggowm42p"},"id":"edlvniw88cyg34b","previousOperationId":"cw0wye5sayd8a5a"}
{"type":"operationStart","subtype":"engine","name":"handlebars","timestamp":1674747055458,"id":"patrn4aygu29l04","previousEventId":"zjoqarqsuko3goh","operationId":"jt33f8q46sqxsz9","previousOperationId":"cw0wye5sayd8a5a"}
{"type":"log","timestamp":1674747055458,"level":"debug","message":"Rendering engine handlebars","meta":{"rootId":"xmp4z5rggowm42p","id":"xmp4z5rggowm42p"},"id":"bstbw1qkd2n2nvz","previousOperationId":"jt33f8q46sqxsz9"}
{"type":"operationEnd","operationId":"jt33f8q46sqxsz9","timestamp":1674747055464,"id":"gh0w8edlupb3ic2","previousEventId":"patrn4aygu29l04","previousOperationId":"jt33f8q46sqxsz9"}
{"type":"operationStart","subtype":"recipe","name":"chrome-pdf","timestamp":1674747055464,"id":"jfrjwm6o8q9h0ke","previousEventId":"gh0w8edlupb3ic2","operationId":"kh9tfvwqhram0yn","previousOperationId":"jt33f8q46sqxsz9"}
{"type":"log","timestamp":1674747055464,"level":"debug","message":"Executing recipe chrome-pdf","meta":{"rootId":"xmp4z5rggowm42p","id":"xmp4z5rggowm42p"},"id":"1byjbgcdsp79ydf","previousOperationId":"kh9tfvwqhram0yn"}
{"type":"log","timestamp":1674747055467,"level":"debug","message":"Converting with chrome HeadlessChrome/105.0.5173.0 using chrome-pool strategy","meta":{"rootId":"xmp4z5rggowm42p","id":"xmp4z5rggowm42p"},"id":"zwnop4asltp7u8h","previousOperationId":"kh9tfvwqhram0yn"}
{"type":"log","timestamp":1674747055547,"level":"debug","message":"Page request: GET (document) file:///C:/Users/Johan/AppData/Local/Temp/jsreport/autocleanup/cc06922f-86e7-4223-9ae2-d0f6f6813d61-chrome-pdf.html","meta":{"rootId":"xmp4z5rggowm42p","id":"xmp4z5rggowm42p"},"id":"bwvqi7thq16k5so","previousOperationId":"kh9tfvwqhram0yn"}
{"type":"log","timestamp":1674747055570,"level":"debug","message":"Page request: GET (stylesheet) https://cdnjs.cloudflare.com/ajax/libs/metro/4.1.5/css/metro.min.css","meta":{"rootId":"xmp4z5rggowm42p","id":"xmp4z5rggowm42p"},"id":"mcra89zfp9xg3a3","previousOperationId":"kh9tfvwqhram0yn"}
{"type":"log","timestamp":1674747055572,"level":"debug","message":"Page request finished: GET (document) 200 file:///C:/Users/Johan/AppData/Local/Temp/jsreport/autocleanup/cc06922f-86e7-4223-9ae2-d0f6f6813d61-chrome-pdf.html","meta":{"rootId":"xmp4z5rggowm42p","id":"xmp4z5rggowm42p"},"id":"kroyaej3vdzzybe","previousOperationId":"kh9tfvwqhram0yn"}
{"type":"log","timestamp":1674747055572,"level":"debug","message":"Page request: GET (script) https://cdnjs.cloudflare.com/ajax/libs/Chart.js/2.7.2/Chart.min.js","meta":{"rootId":"xmp4z5rggowm42p","id":"xmp4z5rggowm42p"},"id":"z19kvkr6052h1iu","previousOperationId":"kh9tfvwqhram0yn"}
{"type":"log","timestamp":1674747055573,"level":"debug","message":"Page request: GET (stylesheet) https://cdnjs.cloudflare.com/ajax/libs/chartist/0.11.0/chartist.min.css","meta":{"rootId":"xmp4z5rggowm42p","id":"xmp4z5rggowm42p"},"id":"5lljnrqeqa7ggwo","previousOperationId":"kh9tfvwqhram0yn"}
{"type":"log","timestamp":1674747055573,"level":"debug","message":"Page request: GET (script) https://cdn.jsdelivr.net/npm/chart.js@2.9.3/dist/Chart.min.js","meta":{"rootId":"xmp4z5rggowm42p","id":"xmp4z5rggowm42p"},"id":"527vn9x2tajv0ll","previousOperationId":"kh9tfvwqhram0yn"}
{"type":"log","timestamp":1674747055580,"level":"debug","message":"Page request finished: GET (stylesheet) 200 https://cdnjs.cloudflare.com/ajax/libs/chartist/0.11.0/chartist.min.css","meta":{"rootId":"xmp4z5rggowm42p","id":"xmp4z5rggowm42p"},"id":"eqp89rv8bk6eh23","previousOperationId":"kh9tfvwqhram0yn"}
{"type":"log","timestamp":1674747055580,"level":"debug","message":"Page request finished: GET (script) 200 https://cdnjs.cloudflare.com/ajax/libs/Chart.js/2.7.2/Chart.min.js","meta":{"rootId":"xmp4z5rggowm42p","id":"xmp4z5rggowm42p"},"id":"vh8ee1j9ens5jqg","previousOperationId":"kh9tfvwqhram0yn"}
{"type":"log","timestamp":1674747055581,"level":"debug","message":"Page request finished: GET (script) 200 https://cdn.jsdelivr.net/npm/chart.js@2.9.3/dist/Chart.min.js","meta":{"rootId":"xmp4z5rggowm42p","id":"xmp4z5rggowm42p"},"id":"gdxhvlgjcrmpxrj","previousOperationId":"kh9tfvwqhram0yn"}
{"type":"log","timestamp":1674747055596,"level":"debug","message":"Page request finished: GET (stylesheet) 200 https://cdnjs.cloudflare.com/ajax/libs/metro/4.1.5/css/metro.min.css","meta":{"rootId":"xmp4z5rggowm42p","id":"xmp4z5rggowm42p"},"id":"zua9bstubb9w65m","previousOperationId":"kh9tfvwqhram0yn"}
{"type":"log","timestamp":1674747055608,"level":"debug","message":"(console:log) dmgopfdg","meta":{"userLevel":true,"rootId":"xmp4z5rggowm42p","id":"xmp4z5rggowm42p"},"id":"jdnk6l0eq4r3eex","previousOperationId":"kh9tfvwqhram0yn"}
{"type":"log","timestamp":1674747055684,"level":"debug","message":"Running chrome with params {\"printBackground\":true,\"timeout\":59307,\"margin\":{}}","meta":{"rootId":"xmp4z5rggowm42p","id":"xmp4z5rggowm42p"},"id":"t4kyal1qfv9mydz","previousOperationId":"kh9tfvwqhram0yn"}
{"type":"operationEnd","operationId":"kh9tfvwqhram0yn","timestamp":1674747055826,"id":"wmzpqoh5gvborhb","previousEventId":"jfrjwm6o8q9h0ke","previousOperationId":"kh9tfvwqhram0yn"}
{"type":"log","timestamp":1674747055826,"level":"debug","message":"Executing script testing (afterRender)","meta":{"rootId":"xmp4z5rggowm42p","id":"xmp4z5rggowm42p"},"id":"ds439xx6xn060p4","previousOperationId":"kh9tfvwqhram0yn"}
{"type":"operationStart","subtype":"scriptsAfterRender","name":"scripts afterRender","timestamp":1674747055834,"id":"1jqgu715v00aid2","previousEventId":"wmzpqoh5gvborhb","operationId":"b11t21ejfmil4o8","previousOperationId":"kh9tfvwqhram0yn"}
{"type":"operationStart","subtype":"script","name":"scripts testing","previousOperationId":"b11t21ejfmil4o8","timestamp":1674747055834,"id":"b0sfnqr0mxqsvo9","previousEventId":"1jqgu715v00aid2","operationId":"w0ctngh7apezhj8"}
{"type":"operationEnd","operationId":"w0ctngh7apezhj8","timestamp":1674747056943,"id":"i3mfqczvphrs2ro","previousEventId":"wmzpqoh5gvborhb","previousOperationId":"kh9tfvwqhram0yn"}
{"type":"operationEnd","operationId":"b11t21ejfmil4o8","timestamp":1674747056943,"id":"q1h2tsp36fj3205","previousEventId":"i3mfqczvphrs2ro","previousOperationId":"kh9tfvwqhram0yn"}
{"type":"log","timestamp":1674747056943,"level":"debug","message":"Skipping storing report.","meta":{"rootId":"xmp4z5rggowm42p","id":"xmp4z5rggowm42p"},"id":"j7pzfrfyexsf7sb","previousOperationId":"b11t21ejfmil4o8"}
{"type":"log","timestamp":1674747056943,"level":"info","message":"Rendering request 19 finished in 2169 ms","meta":{"rootId":"xmp4z5rggowm42p","id":"xmp4z5rggowm42p"},"id":"8u3ni3trknev107","previousOperationId":"b11t21ejfmil4o8"}
{"type":"operationEnd","subtype":"render","operationId":"awa1waitnm2uhmp","timestamp":1674747056943,"id":"0qyymmnqi2bllcj","previousEventId":"q1h2tsp36fj3205","previousOperationId":"b11t21ejfmil4o8"}
{"type":"operationEnd","doDiffs":false,"previousEventId":"7adzquyy2183gmw","previousOperationId":"po3oki8zpueybd2","operationId":"po3oki8zpueybd2","timestamp":1674747056948,"id":"gzprv2l4j2gcpoz"}
