{"type":"operationStart","subtype":"profile","data":{"_id":"dB4GC0IhYu7MvuXb","timestamp":"2023-01-26T18:23:01.846Z","state":"queued","mode":"standard","creationDate":"2023-01-26T18:23:01.849Z","modificationDate":"2023-01-26T18:23:01.849Z","shortid":"YBbFsZf","$entitySet":"profiles"},"doDiffs":false,"timestamp":1674757381847,"id":"i6knnw7e5uwrjcu","previousOperationId":null,"operationId":"3igox8e7a0hlt0k"}
{"type":"log","level":"info","message":"Render request 5 queued for execution and waiting for available worker","previousOperationId":"3igox8e7a0hlt0k","timestamp":1674757381848,"id":"hp43z569jp6w1z4"}
{"type":"operationStart","subtype":"render","name":"Data","previousOperationId":"3igox8e7a0hlt0k","timestamp":1674757381861,"id":"sca2gn81sshaua3","previousEventId":"i6knnw7e5uwrjcu","operationId":"u719lg7ilfj0mvf"}
{"type":"log","timestamp":1674757381861,"level":"info","message":"Starting rendering request 5","meta":{"rootId":"xq2v2c03zeypr6c","id":"xq2v2c03zeypr6c"},"id":"ffv6p5wd7an55mn","previousOperationId":"u719lg7ilfj0mvf"}
{"type":"log","timestamp":1674757381861,"level":"info","message":"Rendering template { name: Data, recipe: chrome-pdf, engine: handlebars, preview: true }","meta":{"rootId":"xq2v2c03zeypr6c","id":"xq2v2c03zeypr6c"},"id":"6btoc2obsu4ly35","previousOperationId":"u719lg7ilfj0mvf"}
{"type":"log","timestamp":1674757381862,"level":"debug","message":"Data item not defined for this template.","meta":{"rootId":"xq2v2c03zeypr6c","id":"xq2v2c03zeypr6c"},"id":"7y6zs1u6yrbd3oc","previousOperationId":"u719lg7ilfj0mvf"}
{"type":"log","timestamp":1674757381865,"level":"debug","message":"Executing script testing (beforeRender)","meta":{"rootId":"xq2v2c03zeypr6c","id":"xq2v2c03zeypr6c"},"id":"huqwfk4q01mvmxc","previousOperationId":"u719lg7ilfj0mvf"}
{"type":"operationStart","subtype":"scriptsBeforeRender","name":"scripts beforeRender","timestamp":1674757381911,"id":"in0s0d0f101o5fi","previousEventId":"sca2gn81sshaua3","operationId":"snduymjeaoa17fi","previousOperationId":"u719lg7ilfj0mvf"}
{"type":"operationStart","subtype":"script","name":"scripts testing","previousOperationId":"snduymjeaoa17fi","timestamp":1674757381911,"id":"6i5jfojlxonck2o","previousEventId":"in0s0d0f101o5fi","operationId":"v7r9y6m4n0uen30"}
{"type":"log","timestamp":1674757382146,"level":"debug","message":"(console:log) [ '2', '1', '3' ]","meta":{"userLevel":true,"rootId":"xq2v2c03zeypr6c","id":"xq2v2c03zeypr6c"},"id":"1h9ex5f7f29z4w3","previousOperationId":"v7r9y6m4n0uen30"}
{"type":"log","timestamp":1674757382146,"level":"debug","message":"(console:log) [ 'Arucas', 'Galdar', 'Teror' ]","meta":{"userLevel":true,"rootId":"xq2v2c03zeypr6c","id":"xq2v2c03zeypr6c"},"id":"4oxpsuc94raeg33","previousOperationId":"v7r9y6m4n0uen30"}
{"type":"operationEnd","operationId":"v7r9y6m4n0uen30","timestamp":1674757382528,"id":"q08nilwo0662tq6","previousEventId":"sca2gn81sshaua3","previousOperationId":"u719lg7ilfj0mvf"}
{"type":"operationEnd","operationId":"snduymjeaoa17fi","timestamp":1674757382528,"id":"lrt3vitpf29xc4x","previousEventId":"q08nilwo0662tq6","previousOperationId":"u719lg7ilfj0mvf"}
{"type":"log","timestamp":1674757382528,"level":"debug","message":"Base url not specified, skipping its injection.","meta":{"rootId":"xq2v2c03zeypr6c","id":"xq2v2c03zeypr6c"},"id":"avv7agwdak5e609","previousOperationId":"snduymjeaoa17fi"}
{"type":"operationStart","subtype":"engine","name":"handlebars","timestamp":1674757382528,"id":"4xjwuimmvm5mg92","previousEventId":"lrt3vitpf29xc4x","operationId":"nnd70vzbspns0j1","previousOperationId":"snduymjeaoa17fi"}
{"type":"log","timestamp":1674757382528,"level":"debug","message":"Rendering engine handlebars","meta":{"rootId":"xq2v2c03zeypr6c","id":"xq2v2c03zeypr6c"},"id":"8qppj4edktnll2q","previousOperationId":"nnd70vzbspns0j1"}
{"type":"operationEnd","operationId":"nnd70vzbspns0j1","timestamp":1674757382541,"id":"u0bchwqapvzv31m","previousEventId":"4xjwuimmvm5mg92","previousOperationId":"nnd70vzbspns0j1"}
{"type":"operationStart","subtype":"recipe","name":"chrome-pdf","timestamp":1674757382541,"id":"mg88eibjvbfks28","previousEventId":"u0bchwqapvzv31m","operationId":"7doinirsb0x8n8n","previousOperationId":"nnd70vzbspns0j1"}
{"type":"log","timestamp":1674757382541,"level":"debug","message":"Executing recipe chrome-pdf","meta":{"rootId":"xq2v2c03zeypr6c","id":"xq2v2c03zeypr6c"},"id":"zrejixtij1cz9b8","previousOperationId":"7doinirsb0x8n8n"}
{"type":"log","timestamp":1674757382543,"level":"debug","message":"Converting with chrome HeadlessChrome/105.0.5173.0 using chrome-pool strategy","meta":{"rootId":"xq2v2c03zeypr6c","id":"xq2v2c03zeypr6c"},"id":"zonos139olz2h6m","previousOperationId":"7doinirsb0x8n8n"}
{"type":"log","timestamp":1674757382622,"level":"debug","message":"Page request: GET (document) file:///C:/Users/Johan/AppData/Local/Temp/jsreport/autocleanup/233c3421-607e-483e-ab3b-d66afada1e4c-chrome-pdf.html","meta":{"rootId":"xq2v2c03zeypr6c","id":"xq2v2c03zeypr6c"},"id":"ohnt4wsfx39ppzl","previousOperationId":"7doinirsb0x8n8n"}
{"type":"log","timestamp":1674757382643,"level":"debug","message":"Page request finished: GET (document) 200 file:///C:/Users/Johan/AppData/Local/Temp/jsreport/autocleanup/233c3421-607e-483e-ab3b-d66afada1e4c-chrome-pdf.html","meta":{"rootId":"xq2v2c03zeypr6c","id":"xq2v2c03zeypr6c"},"id":"92xvq6d27t55ci1","previousOperationId":"7doinirsb0x8n8n"}
{"type":"log","timestamp":1674757382643,"level":"debug","message":"Page request: GET (stylesheet) https://cdnjs.cloudflare.com/ajax/libs/metro/4.1.5/css/metro.min.css","meta":{"rootId":"xq2v2c03zeypr6c","id":"xq2v2c03zeypr6c"},"id":"0jccf73gpsrkw0o","previousOperationId":"7doinirsb0x8n8n"}
{"type":"log","timestamp":1674757382643,"level":"debug","message":"Page request: GET (stylesheet) https://cdnjs.cloudflare.com/ajax/libs/chartist/0.11.0/chartist.min.css","meta":{"rootId":"xq2v2c03zeypr6c","id":"xq2v2c03zeypr6c"},"id":"4pxgsceyqlxg54a","previousOperationId":"7doinirsb0x8n8n"}
{"type":"log","timestamp":1674757382644,"level":"debug","message":"Page request: GET (script) https://cdnjs.cloudflare.com/ajax/libs/chartist/0.11.0/chartist.min.js","meta":{"rootId":"xq2v2c03zeypr6c","id":"xq2v2c03zeypr6c"},"id":"6uasyib8u3uw9ql","previousOperationId":"7doinirsb0x8n8n"}
{"type":"log","timestamp":1674757382644,"level":"debug","message":"Page request: GET (script) https://unpkg.com/chartist-plugin-tooltips@0.0.17","meta":{"rootId":"xq2v2c03zeypr6c","id":"xq2v2c03zeypr6c"},"id":"sul4u9kx4jv17xc","previousOperationId":"7doinirsb0x8n8n"}
{"type":"log","timestamp":1674757382644,"level":"debug","message":"Page request: GET (script) https://unpkg.com/chartist-plugin-pointlabels@0.0.6","meta":{"rootId":"xq2v2c03zeypr6c","id":"xq2v2c03zeypr6c"},"id":"rmxgndr5vom3bs6","previousOperationId":"7doinirsb0x8n8n"}
{"type":"log","timestamp":1674757382649,"level":"debug","message":"Page request finished: GET (stylesheet) 200 https://cdnjs.cloudflare.com/ajax/libs/chartist/0.11.0/chartist.min.css","meta":{"rootId":"xq2v2c03zeypr6c","id":"xq2v2c03zeypr6c"},"id":"1rnbs9p4w3hj2t5","previousOperationId":"7doinirsb0x8n8n"}
{"type":"log","timestamp":1674757382651,"level":"debug","message":"Page request finished: GET (script) 200 https://cdnjs.cloudflare.com/ajax/libs/chartist/0.11.0/chartist.min.js","meta":{"rootId":"xq2v2c03zeypr6c","id":"xq2v2c03zeypr6c"},"id":"luxxddst4nqxkxb","previousOperationId":"7doinirsb0x8n8n"}
{"type":"log","timestamp":1674757382651,"level":"warn","message":"Page request failed: GET (script) 302 https://unpkg.com/chartist-plugin-tooltips@0.0.17 (redirect to: /chartist-plugin-tooltips@0.0.17/dist/chartist-plugin-tooltip.js)","meta":{"rootId":"xq2v2c03zeypr6c","id":"xq2v2c03zeypr6c"},"id":"tmogin51wqucry9","previousOperationId":"7doinirsb0x8n8n"}
{"type":"log","timestamp":1674757382651,"level":"warn","message":"Page request failed: GET (script) 302 https://unpkg.com/chartist-plugin-pointlabels@0.0.6 (redirect to: /chartist-plugin-pointlabels@0.0.6/dist/chartist-plugin-pointlabels.js)","meta":{"rootId":"xq2v2c03zeypr6c","id":"xq2v2c03zeypr6c"},"id":"9i4c86v84t4j93n","previousOperationId":"7doinirsb0x8n8n"}
{"type":"log","timestamp":1674757382651,"level":"debug","message":"Page request: GET (script) https://unpkg.com/chartist-plugin-tooltips@0.0.17/dist/chartist-plugin-tooltip.js (redirect from: https://unpkg.com/chartist-plugin-tooltips@0.0.17)","meta":{"rootId":"xq2v2c03zeypr6c","id":"xq2v2c03zeypr6c"},"id":"mg1ymtnz1qi54du","previousOperationId":"7doinirsb0x8n8n"}
{"type":"log","timestamp":1674757382652,"level":"debug","message":"Page request: GET (script) https://unpkg.com/chartist-plugin-pointlabels@0.0.6/dist/chartist-plugin-pointlabels.js (redirect from: https://unpkg.com/chartist-plugin-pointlabels@0.0.6)","meta":{"rootId":"xq2v2c03zeypr6c","id":"xq2v2c03zeypr6c"},"id":"xabscxixztykuwn","previousOperationId":"7doinirsb0x8n8n"}
{"type":"log","timestamp":1674757382668,"level":"debug","message":"Page request finished: GET (stylesheet) 200 https://cdnjs.cloudflare.com/ajax/libs/metro/4.1.5/css/metro.min.css","meta":{"rootId":"xq2v2c03zeypr6c","id":"xq2v2c03zeypr6c"},"id":"ju8opq5nymxq1qk","previousOperationId":"7doinirsb0x8n8n"}
{"type":"log","timestamp":1674757382671,"level":"debug","message":"Page request finished: GET (script) 200 https://unpkg.com/chartist-plugin-tooltips@0.0.17/dist/chartist-plugin-tooltip.js","meta":{"rootId":"xq2v2c03zeypr6c","id":"xq2v2c03zeypr6c"},"id":"qizyuz522ppq75s","previousOperationId":"7doinirsb0x8n8n"}
{"type":"log","timestamp":1674757382671,"level":"debug","message":"Page request finished: GET (script) 200 https://unpkg.com/chartist-plugin-pointlabels@0.0.6/dist/chartist-plugin-pointlabels.js","meta":{"rootId":"xq2v2c03zeypr6c","id":"xq2v2c03zeypr6c"},"id":"llg3n5pi9pegq4g","previousOperationId":"7doinirsb0x8n8n"}
{"type":"log","timestamp":1674757382672,"level":"debug","message":"(console:log) Me he venido","meta":{"userLevel":true,"rootId":"xq2v2c03zeypr6c","id":"xq2v2c03zeypr6c"},"id":"ohfypsi0earllzz","previousOperationId":"7doinirsb0x8n8n"}
{"type":"log","timestamp":1674757382673,"level":"debug","message":"(console:log) JSHandle@array","meta":{"userLevel":true,"rootId":"xq2v2c03zeypr6c","id":"xq2v2c03zeypr6c"},"id":"dblcwjsanta55b3","previousOperationId":"7doinirsb0x8n8n"}
{"type":"log","timestamp":1674757382673,"level":"warn","message":"Page error: ReferenceError: Arucas is not defined\n    at file:///C:/Users/Johan/AppData/Local/Temp/jsreport/autocleanup/233c3421-607e-483e-ab3b-d66afada1e4c-chrome-pdf.html:56:32","meta":{"rootId":"xq2v2c03zeypr6c","id":"xq2v2c03zeypr6c"},"id":"hyk5i67smk3xe0g","previousOperationId":"7doinirsb0x8n8n"}
{"type":"log","timestamp":1674757382708,"level":"debug","message":"Running chrome with params {\"printBackground\":true,\"timeout\":59304,\"margin\":{}}","meta":{"rootId":"xq2v2c03zeypr6c","id":"xq2v2c03zeypr6c"},"id":"qucksnr1m20esu6","previousOperationId":"7doinirsb0x8n8n"}
{"type":"operationEnd","operationId":"7doinirsb0x8n8n","timestamp":1674757382814,"id":"6a7a5p56f6a5bt9","previousEventId":"mg88eibjvbfks28","previousOperationId":"7doinirsb0x8n8n"}
{"type":"log","timestamp":1674757382814,"level":"debug","message":"Executing script testing (afterRender)","meta":{"rootId":"xq2v2c03zeypr6c","id":"xq2v2c03zeypr6c"},"id":"y8x7lbiproir6jo","previousOperationId":"7doinirsb0x8n8n"}
{"type":"operationStart","subtype":"scriptsAfterRender","name":"scripts afterRender","timestamp":1674757382821,"id":"j2so8v6sdzs5xhl","previousEventId":"6a7a5p56f6a5bt9","operationId":"fu8li69a68qx1yr","previousOperationId":"7doinirsb0x8n8n"}
{"type":"operationStart","subtype":"script","name":"scripts testing","previousOperationId":"fu8li69a68qx1yr","timestamp":1674757382821,"id":"ddzkhd54y4zr6r1","previousEventId":"j2so8v6sdzs5xhl","operationId":"4q19myu409685f2"}
{"type":"operationEnd","operationId":"4q19myu409685f2","timestamp":1674757383847,"id":"dukgpf2h2skivm8","previousEventId":"6a7a5p56f6a5bt9","previousOperationId":"7doinirsb0x8n8n"}
{"type":"operationEnd","operationId":"fu8li69a68qx1yr","timestamp":1674757383847,"id":"7xfa0q95db1krj5","previousEventId":"dukgpf2h2skivm8","previousOperationId":"7doinirsb0x8n8n"}
{"type":"log","timestamp":1674757383847,"level":"debug","message":"Skipping storing report.","meta":{"rootId":"xq2v2c03zeypr6c","id":"xq2v2c03zeypr6c"},"id":"5xzyt7y74e9bv2c","previousOperationId":"fu8li69a68qx1yr"}
{"type":"log","timestamp":1674757383847,"level":"info","message":"Rendering request 5 finished in 2001 ms","meta":{"rootId":"xq2v2c03zeypr6c","id":"xq2v2c03zeypr6c"},"id":"mgw9b0yo82ilsbn","previousOperationId":"fu8li69a68qx1yr"}
{"type":"operationEnd","subtype":"render","operationId":"u719lg7ilfj0mvf","timestamp":1674757383847,"id":"vhacru74ud1vkei","previousEventId":"7xfa0q95db1krj5","previousOperationId":"fu8li69a68qx1yr"}
{"type":"operationEnd","doDiffs":false,"previousEventId":"i6knnw7e5uwrjcu","previousOperationId":"3igox8e7a0hlt0k","operationId":"3igox8e7a0hlt0k","timestamp":1674757383851,"id":"vrot38o2kod2eyj"}
