{"type":"operationStart","subtype":"profile","data":{"_id":"g9ic938p969xR9BR","timestamp":"2023-01-24T19:01:37.282Z","state":"queued","mode":"standard","creationDate":"2023-01-24T19:01:37.285Z","modificationDate":"2023-01-24T19:01:37.285Z","shortid":"V-v-XQz","$entitySet":"profiles"},"doDiffs":false,"timestamp":1674586897283,"id":"y3vju6rrj7iuf47","previousOperationId":null,"operationId":"31nddzmlms43sfl"}
{"type":"log","level":"info","message":"Render request 4 queued for execution and waiting for available worker","previousOperationId":"31nddzmlms43sfl","timestamp":1674586897284,"id":"rpw3azf2qgfcxsa"}
{"type":"operationStart","subtype":"render","name":"Data","previousOperationId":"31nddzmlms43sfl","timestamp":1674586897301,"id":"k5x9w0fq32n3qwe","previousEventId":"y3vju6rrj7iuf47","operationId":"bcdcnu3fcyowsi3"}
{"type":"log","timestamp":1674586897302,"level":"info","message":"Starting rendering request 4","meta":{"rootId":"xyij3ligpo1kggf","id":"xyij3ligpo1kggf"},"id":"chn3atlzwdau4y9","previousOperationId":"bcdcnu3fcyowsi3"}
{"type":"log","timestamp":1674586897302,"level":"info","message":"Rendering template { name: Data, recipe: chrome-pdf, engine: handlebars, preview: true }","meta":{"rootId":"xyij3ligpo1kggf","id":"xyij3ligpo1kggf"},"id":"4w37h7xxfubxblm","previousOperationId":"bcdcnu3fcyowsi3"}
{"type":"log","timestamp":1674586897306,"level":"debug","message":"Data item not defined for this template.","meta":{"rootId":"xyij3ligpo1kggf","id":"xyij3ligpo1kggf"},"id":"8bdfsj64s86zruj","previousOperationId":"bcdcnu3fcyowsi3"}
{"type":"log","timestamp":1674586897315,"level":"debug","message":"Executing script testing (beforeRender)","meta":{"rootId":"xyij3ligpo1kggf","id":"xyij3ligpo1kggf"},"id":"zlxs07iajmbnlqr","previousOperationId":"bcdcnu3fcyowsi3"}
{"type":"operationStart","subtype":"scriptsBeforeRender","name":"scripts beforeRender","timestamp":1674586897436,"id":"b2f6xqfd9128tug","previousEventId":"k5x9w0fq32n3qwe","operationId":"8abno61xc0l7e4k","previousOperationId":"bcdcnu3fcyowsi3"}
{"type":"operationStart","subtype":"script","name":"scripts testing","previousOperationId":"8abno61xc0l7e4k","timestamp":1674586897436,"id":"t296ielnpnynvz3","previousEventId":"b2f6xqfd9128tug","operationId":"c5mi8zk4l5zmf2l"}
{"type":"operationEnd","operationId":"c5mi8zk4l5zmf2l","timestamp":1674586897934,"id":"lntzzzpxvne3jh3","previousEventId":"k5x9w0fq32n3qwe","previousOperationId":"bcdcnu3fcyowsi3"}
{"type":"operationEnd","operationId":"8abno61xc0l7e4k","timestamp":1674586897934,"id":"fhzn4b0pvtziaoi","previousEventId":"lntzzzpxvne3jh3","previousOperationId":"bcdcnu3fcyowsi3"}
{"type":"log","timestamp":1674586897934,"level":"debug","message":"Base url not specified, skipping its injection.","meta":{"rootId":"xyij3ligpo1kggf","id":"xyij3ligpo1kggf"},"id":"mppc7ntxjo9mx6b","previousOperationId":"8abno61xc0l7e4k"}
{"type":"operationStart","subtype":"engine","name":"handlebars","timestamp":1674586897934,"id":"gs3rhzl1c4qe5nx","previousEventId":"fhzn4b0pvtziaoi","operationId":"8u4jzoltwja5e1d","previousOperationId":"8abno61xc0l7e4k"}
{"type":"log","timestamp":1674586897934,"level":"debug","message":"Rendering engine handlebars","meta":{"rootId":"xyij3ligpo1kggf","id":"xyij3ligpo1kggf"},"id":"ksqmehk9gsbupfs","previousOperationId":"8u4jzoltwja5e1d"}
{"type":"operationEnd","operationId":"8u4jzoltwja5e1d","timestamp":1674586897956,"id":"g49mfl3filshhbt","previousEventId":"gs3rhzl1c4qe5nx","previousOperationId":"8u4jzoltwja5e1d"}
{"type":"operationStart","subtype":"recipe","name":"chrome-pdf","timestamp":1674586897957,"id":"6fs1j1mxoijcq77","previousEventId":"g49mfl3filshhbt","operationId":"h1l2r2e47zeft4v","previousOperationId":"8u4jzoltwja5e1d"}
{"type":"log","timestamp":1674586897957,"level":"debug","message":"Executing recipe chrome-pdf","meta":{"rootId":"xyij3ligpo1kggf","id":"xyij3ligpo1kggf"},"id":"cj6ml2hkztsa629","previousOperationId":"h1l2r2e47zeft4v"}
{"type":"log","timestamp":1674586897965,"level":"debug","message":"Converting with chrome HeadlessChrome/105.0.5173.0 using chrome-pool strategy","meta":{"rootId":"xyij3ligpo1kggf","id":"xyij3ligpo1kggf"},"id":"achv1wppij64nj9","previousOperationId":"h1l2r2e47zeft4v"}
{"type":"log","timestamp":1674586898102,"level":"debug","message":"Page request: GET (document) file:///C:/Users/Johan/AppData/Local/Temp/jsreport/autocleanup/d69e7bf5-abb6-4ac6-ad1a-aa57b1444516-chrome-pdf.html","meta":{"rootId":"xyij3ligpo1kggf","id":"xyij3ligpo1kggf"},"id":"0s2p4wt4o8ja1ws","previousOperationId":"h1l2r2e47zeft4v"}
{"type":"log","timestamp":1674586898126,"level":"debug","message":"Page request: GET (stylesheet) https://cdnjs.cloudflare.com/ajax/libs/metro/4.1.5/css/metro.min.css","meta":{"rootId":"xyij3ligpo1kggf","id":"xyij3ligpo1kggf"},"id":"xgwzq7u2y8wrvzg","previousOperationId":"h1l2r2e47zeft4v"}
{"type":"log","timestamp":1674586898128,"level":"debug","message":"Page request finished: GET (document) 200 file:///C:/Users/Johan/AppData/Local/Temp/jsreport/autocleanup/d69e7bf5-abb6-4ac6-ad1a-aa57b1444516-chrome-pdf.html","meta":{"rootId":"xyij3ligpo1kggf","id":"xyij3ligpo1kggf"},"id":"uxbi05hd8o2mxzw","previousOperationId":"h1l2r2e47zeft4v"}
{"type":"log","timestamp":1674586898128,"level":"debug","message":"Page request: GET (script) https://cdnjs.cloudflare.com/ajax/libs/Chart.js/2.7.2/Chart.min.js","meta":{"rootId":"xyij3ligpo1kggf","id":"xyij3ligpo1kggf"},"id":"v0qdo5uh7rwdacy","previousOperationId":"h1l2r2e47zeft4v"}
{"type":"log","timestamp":1674586898137,"level":"debug","message":"Page request finished: GET (script) 200 https://cdnjs.cloudflare.com/ajax/libs/Chart.js/2.7.2/Chart.min.js","meta":{"rootId":"xyij3ligpo1kggf","id":"xyij3ligpo1kggf"},"id":"u6xlu1sdhxoc09p","previousOperationId":"h1l2r2e47zeft4v"}
{"type":"log","timestamp":1674586898158,"level":"debug","message":"Page request finished: GET (stylesheet) 200 https://cdnjs.cloudflare.com/ajax/libs/metro/4.1.5/css/metro.min.css","meta":{"rootId":"xyij3ligpo1kggf","id":"xyij3ligpo1kggf"},"id":"4ewt8gu1mu12ds7","previousOperationId":"h1l2r2e47zeft4v"}
{"type":"log","timestamp":1674586898218,"level":"debug","message":"Running chrome with params {\"printBackground\":true,\"timeout\":59320,\"margin\":{}}","meta":{"rootId":"xyij3ligpo1kggf","id":"xyij3ligpo1kggf"},"id":"l63u5h0rc06fz89","previousOperationId":"h1l2r2e47zeft4v"}
{"type":"operationEnd","operationId":"h1l2r2e47zeft4v","timestamp":1674586898346,"id":"jdtvypn2s6vtcdh","previousEventId":"6fs1j1mxoijcq77","previousOperationId":"h1l2r2e47zeft4v"}
{"type":"log","timestamp":1674586898346,"level":"debug","message":"Skipping storing report.","meta":{"rootId":"xyij3ligpo1kggf","id":"xyij3ligpo1kggf"},"id":"u5f72v5kvcjuq13","previousOperationId":"h1l2r2e47zeft4v"}
{"type":"log","timestamp":1674586898346,"level":"info","message":"Rendering request 4 finished in 1064 ms","meta":{"rootId":"xyij3ligpo1kggf","id":"xyij3ligpo1kggf"},"id":"7t8jlsazfd0s6c7","previousOperationId":"h1l2r2e47zeft4v"}
{"type":"operationEnd","subtype":"render","operationId":"bcdcnu3fcyowsi3","timestamp":1674586898346,"id":"57rp29y3pe97lql","previousEventId":"jdtvypn2s6vtcdh","previousOperationId":"h1l2r2e47zeft4v"}
{"type":"operationEnd","doDiffs":false,"previousEventId":"y3vju6rrj7iuf47","previousOperationId":"31nddzmlms43sfl","operationId":"31nddzmlms43sfl","timestamp":1674586898352,"id":"pkrpdlb8snkk5ne"}
