{"type":"operationStart","subtype":"profile","data":{"_id":"1Niqk5QKOTE37Dky","timestamp":"2023-01-24T19:19:06.771Z","state":"queued","mode":"standard","creationDate":"2023-01-24T19:19:06.773Z","modificationDate":"2023-01-24T19:19:06.773Z","shortid":"odvhS4D","$entitySet":"profiles"},"doDiffs":false,"timestamp":1674587946772,"id":"ce2h5z10b909r91","previousOperationId":null,"operationId":"8wagnbzfkuttge1"}
{"type":"log","level":"info","message":"Render request 9 queued for execution and waiting for available worker","previousOperationId":"8wagnbzfkuttge1","timestamp":1674587946772,"id":"suk49q9u1ruuvdz"}
{"type":"operationStart","subtype":"render","name":"Data","previousOperationId":"8wagnbzfkuttge1","timestamp":1674587946784,"id":"zdw9ytdbnryn2yv","previousEventId":"ce2h5z10b909r91","operationId":"atkfqalnky78azn"}
{"type":"log","timestamp":1674587946784,"level":"info","message":"Starting rendering request 9","meta":{"rootId":"yrzkpp4a6egzh6o","id":"yrzkpp4a6egzh6o"},"id":"r94n8f7v3yjqaqn","previousOperationId":"atkfqalnky78azn"}
{"type":"log","timestamp":1674587946785,"level":"info","message":"Rendering template { name: Data, recipe: chrome-pdf, engine: handlebars, preview: true }","meta":{"rootId":"yrzkpp4a6egzh6o","id":"yrzkpp4a6egzh6o"},"id":"fy5hvkviq1wy969","previousOperationId":"atkfqalnky78azn"}
{"type":"log","timestamp":1674587946785,"level":"debug","message":"Data item not defined for this template.","meta":{"rootId":"yrzkpp4a6egzh6o","id":"yrzkpp4a6egzh6o"},"id":"03egd45satia5t4","previousOperationId":"atkfqalnky78azn"}
{"type":"log","timestamp":1674587946792,"level":"debug","message":"Executing script testing (beforeRender)","meta":{"rootId":"yrzkpp4a6egzh6o","id":"yrzkpp4a6egzh6o"},"id":"j6gkbsa42hss0du","previousOperationId":"atkfqalnky78azn"}
{"type":"operationStart","subtype":"scriptsBeforeRender","name":"scripts beforeRender","timestamp":1674587946858,"id":"mf8z8zys1wi2yp1","previousEventId":"zdw9ytdbnryn2yv","operationId":"hnywaoiin28b4nn","previousOperationId":"atkfqalnky78azn"}
{"type":"operationStart","subtype":"script","name":"scripts testing","previousOperationId":"hnywaoiin28b4nn","timestamp":1674587946858,"id":"7nj71bgdndx6ocn","previousEventId":"mf8z8zys1wi2yp1","operationId":"0ub3ltte7g9pb12"}
{"type":"operationEnd","operationId":"0ub3ltte7g9pb12","timestamp":1674587947375,"id":"gy9d6atyi2eunb7","previousEventId":"zdw9ytdbnryn2yv","previousOperationId":"atkfqalnky78azn"}
{"type":"operationEnd","operationId":"hnywaoiin28b4nn","timestamp":1674587947375,"id":"t93nf96zvtzwq4n","previousEventId":"gy9d6atyi2eunb7","previousOperationId":"atkfqalnky78azn"}
{"type":"log","timestamp":1674587947375,"level":"debug","message":"Base url not specified, skipping its injection.","meta":{"rootId":"yrzkpp4a6egzh6o","id":"yrzkpp4a6egzh6o"},"id":"t3qarh4wjryjwm8","previousOperationId":"hnywaoiin28b4nn"}
{"type":"operationStart","subtype":"engine","name":"handlebars","timestamp":1674587947376,"id":"yv8respipeqj0yz","previousEventId":"t93nf96zvtzwq4n","operationId":"rmtwspcoxkpcuwp","previousOperationId":"hnywaoiin28b4nn"}
{"type":"log","timestamp":1674587947376,"level":"debug","message":"Rendering engine handlebars","meta":{"rootId":"yrzkpp4a6egzh6o","id":"yrzkpp4a6egzh6o"},"id":"oqgqu0gwxl00amh","previousOperationId":"rmtwspcoxkpcuwp"}
{"type":"operationEnd","operationId":"rmtwspcoxkpcuwp","timestamp":1674587947400,"id":"v8nv2e0wp5e9wci","previousEventId":"yv8respipeqj0yz","previousOperationId":"rmtwspcoxkpcuwp"}
{"type":"operationStart","subtype":"recipe","name":"chrome-pdf","timestamp":1674587947400,"id":"8sz6r21wy8bwh14","previousEventId":"v8nv2e0wp5e9wci","operationId":"4ndrzi4jl4ukwpr","previousOperationId":"rmtwspcoxkpcuwp"}
{"type":"log","timestamp":1674587947400,"level":"debug","message":"Executing recipe chrome-pdf","meta":{"rootId":"yrzkpp4a6egzh6o","id":"yrzkpp4a6egzh6o"},"id":"g99y9rcc5lionbz","previousOperationId":"4ndrzi4jl4ukwpr"}
{"type":"log","timestamp":1674587947405,"level":"debug","message":"Converting with chrome HeadlessChrome/105.0.5173.0 using chrome-pool strategy","meta":{"rootId":"yrzkpp4a6egzh6o","id":"yrzkpp4a6egzh6o"},"id":"fvzzsgvl0oz4eha","previousOperationId":"4ndrzi4jl4ukwpr"}
{"type":"log","timestamp":1674587947543,"level":"debug","message":"Page request: GET (document) file:///C:/Users/Johan/AppData/Local/Temp/jsreport/autocleanup/72d77972-b8f6-42f7-9e23-7e96508a464b-chrome-pdf.html","meta":{"rootId":"yrzkpp4a6egzh6o","id":"yrzkpp4a6egzh6o"},"id":"b5dlyodxaszahnj","previousOperationId":"4ndrzi4jl4ukwpr"}
{"type":"log","timestamp":1674587947558,"level":"debug","message":"Page request finished: GET (document) 200 file:///C:/Users/Johan/AppData/Local/Temp/jsreport/autocleanup/72d77972-b8f6-42f7-9e23-7e96508a464b-chrome-pdf.html","meta":{"rootId":"yrzkpp4a6egzh6o","id":"yrzkpp4a6egzh6o"},"id":"boaplgdcs5ygsuf","previousOperationId":"4ndrzi4jl4ukwpr"}
{"type":"log","timestamp":1674587947558,"level":"debug","message":"Page request: GET (stylesheet) https://cdnjs.cloudflare.com/ajax/libs/metro/4.1.5/css/metro.min.css","meta":{"rootId":"yrzkpp4a6egzh6o","id":"yrzkpp4a6egzh6o"},"id":"k7z8qgtfvqwl2vl","previousOperationId":"4ndrzi4jl4ukwpr"}
{"type":"log","timestamp":1674587947559,"level":"debug","message":"Page request: GET (script) https://cdnjs.cloudflare.com/ajax/libs/Chart.js/2.7.2/Chart.min.js","meta":{"rootId":"yrzkpp4a6egzh6o","id":"yrzkpp4a6egzh6o"},"id":"jdcrf3nbx71gn3a","previousOperationId":"4ndrzi4jl4ukwpr"}
{"type":"log","timestamp":1674587947586,"level":"debug","message":"Page request finished: GET (stylesheet) 200 https://cdnjs.cloudflare.com/ajax/libs/metro/4.1.5/css/metro.min.css","meta":{"rootId":"yrzkpp4a6egzh6o","id":"yrzkpp4a6egzh6o"},"id":"945ww1dfy5ko6b0","previousOperationId":"4ndrzi4jl4ukwpr"}
{"type":"log","timestamp":1674587947586,"level":"debug","message":"Page request finished: GET (script) 200 https://cdnjs.cloudflare.com/ajax/libs/Chart.js/2.7.2/Chart.min.js","meta":{"rootId":"yrzkpp4a6egzh6o","id":"yrzkpp4a6egzh6o"},"id":"u4eh9y5ktonnzk4","previousOperationId":"4ndrzi4jl4ukwpr"}
{"type":"log","timestamp":1674587947634,"level":"debug","message":"Running chrome with params {\"printBackground\":true,\"timeout\":59368,\"margin\":{}}","meta":{"rootId":"yrzkpp4a6egzh6o","id":"yrzkpp4a6egzh6o"},"id":"2zg7lvdu19tq0l8","previousOperationId":"4ndrzi4jl4ukwpr"}
{"type":"operationEnd","operationId":"4ndrzi4jl4ukwpr","timestamp":1674587947774,"id":"4h895c55hsizxnv","previousEventId":"8sz6r21wy8bwh14","previousOperationId":"4ndrzi4jl4ukwpr"}
{"type":"log","timestamp":1674587947774,"level":"debug","message":"Skipping storing report.","meta":{"rootId":"yrzkpp4a6egzh6o","id":"yrzkpp4a6egzh6o"},"id":"rxfexw2g8coto31","previousOperationId":"4ndrzi4jl4ukwpr"}
{"type":"log","timestamp":1674587947775,"level":"info","message":"Rendering request 9 finished in 1004 ms","meta":{"rootId":"yrzkpp4a6egzh6o","id":"yrzkpp4a6egzh6o"},"id":"o1widy2ac4igycc","previousOperationId":"4ndrzi4jl4ukwpr"}
{"type":"operationEnd","subtype":"render","operationId":"atkfqalnky78azn","timestamp":1674587947775,"id":"qu0t3i5c6wpu646","previousEventId":"4h895c55hsizxnv","previousOperationId":"4ndrzi4jl4ukwpr"}
{"type":"operationEnd","doDiffs":false,"previousEventId":"ce2h5z10b909r91","previousOperationId":"8wagnbzfkuttge1","operationId":"8wagnbzfkuttge1","timestamp":1674587947781,"id":"3bt9wc2b8u2r7ty"}
