{"type":"operationStart","subtype":"profile","data":{"_id":"5NrUCNTgTI5HcrUs","timestamp":"2023-01-24T18:56:05.547Z","state":"queued","mode":"standard","creationDate":"2023-01-24T18:56:05.553Z","modificationDate":"2023-01-24T18:56:05.553Z","shortid":"63OwcF1","$entitySet":"profiles"},"doDiffs":false,"timestamp":1674586565550,"id":"yseaf0wbnulfv0k","previousOperationId":null,"operationId":"nr3jh01q5yevtw2"}
{"type":"log","level":"info","message":"Render request 1 queued for execution and waiting for available worker","previousOperationId":"nr3jh01q5yevtw2","timestamp":1674586565551,"id":"05y76x2eqi8v3cw"}
{"type":"operationStart","subtype":"render","name":"Data","previousOperationId":"nr3jh01q5yevtw2","timestamp":1674586565593,"id":"c4rs2gyxmvh7r9e","previousEventId":"yseaf0wbnulfv0k","operationId":"2z23mpqeczvdiuo"}
{"type":"log","timestamp":1674586565594,"level":"info","message":"Starting rendering request 1","meta":{"rootId":"ytnvoxs0ym7skug","id":"ytnvoxs0ym7skug"},"id":"2y78i2hvi91c4bb","previousOperationId":"2z23mpqeczvdiuo"}
{"type":"log","timestamp":1674586565596,"level":"info","message":"Rendering template { name: Data, recipe: chrome-pdf, engine: handlebars, preview: true }","meta":{"rootId":"ytnvoxs0ym7skug","id":"ytnvoxs0ym7skug"},"id":"yj1x8givz8uanfz","previousOperationId":"2z23mpqeczvdiuo"}
{"type":"log","timestamp":1674586565600,"level":"debug","message":"Data item not defined for this template.","meta":{"rootId":"ytnvoxs0ym7skug","id":"ytnvoxs0ym7skug"},"id":"4bdx8nvz7zk26h5","previousOperationId":"2z23mpqeczvdiuo"}
{"type":"log","timestamp":1674586565608,"level":"debug","message":"Executing script testing (beforeRender)","meta":{"rootId":"ytnvoxs0ym7skug","id":"ytnvoxs0ym7skug"},"id":"sc22p2co0azpgjf","previousOperationId":"2z23mpqeczvdiuo"}
{"type":"operationStart","subtype":"scriptsBeforeRender","name":"scripts beforeRender","timestamp":1674586566052,"id":"u4ya8ydlu97grz7","previousEventId":"c4rs2gyxmvh7r9e","operationId":"g9q11mpejmx3qzq","previousOperationId":"2z23mpqeczvdiuo"}
{"type":"operationStart","subtype":"script","name":"scripts testing","previousOperationId":"g9q11mpejmx3qzq","timestamp":1674586566052,"id":"966yt9vnz9rrktu","previousEventId":"u4ya8ydlu97grz7","operationId":"lzih72a2e24xtu9"}
{"type":"operationEnd","operationId":"lzih72a2e24xtu9","timestamp":1674586566633,"id":"1jgo3rqxf3x7gap","previousEventId":"c4rs2gyxmvh7r9e","previousOperationId":"2z23mpqeczvdiuo"}
{"type":"operationEnd","operationId":"g9q11mpejmx3qzq","timestamp":1674586566633,"id":"dn28qcz2t0vlq14","previousEventId":"1jgo3rqxf3x7gap","previousOperationId":"2z23mpqeczvdiuo"}
{"type":"log","timestamp":1674586566633,"level":"debug","message":"Base url not specified, skipping its injection.","meta":{"rootId":"ytnvoxs0ym7skug","id":"ytnvoxs0ym7skug"},"id":"7hogqtvwqvq12h1","previousOperationId":"g9q11mpejmx3qzq"}
{"type":"operationStart","subtype":"engine","name":"handlebars","timestamp":1674586566633,"id":"ydxha9akmg2g682","previousEventId":"dn28qcz2t0vlq14","operationId":"yiobvrn9r5o1h37","previousOperationId":"g9q11mpejmx3qzq"}
{"type":"log","timestamp":1674586566633,"level":"debug","message":"Rendering engine handlebars","meta":{"rootId":"ytnvoxs0ym7skug","id":"ytnvoxs0ym7skug"},"id":"g238jpy0rsawi8f","previousOperationId":"yiobvrn9r5o1h37"}
{"type":"operationEnd","operationId":"yiobvrn9r5o1h37","timestamp":1674586566972,"id":"eeos75h6xj4qzh2","previousEventId":"ydxha9akmg2g682","previousOperationId":"yiobvrn9r5o1h37"}
{"type":"operationStart","subtype":"recipe","name":"chrome-pdf","timestamp":1674586566973,"id":"iimer1m89dud0db","previousEventId":"eeos75h6xj4qzh2","operationId":"gh04w63vyd7pee7","previousOperationId":"yiobvrn9r5o1h37"}
{"type":"log","timestamp":1674586566973,"level":"debug","message":"Executing recipe chrome-pdf","meta":{"rootId":"ytnvoxs0ym7skug","id":"ytnvoxs0ym7skug"},"id":"yud4pahlmkbypeh","previousOperationId":"gh04w63vyd7pee7"}
{"type":"log","timestamp":1674586567262,"level":"debug","message":"Converting with chrome HeadlessChrome/105.0.5173.0 using chrome-pool strategy","meta":{"rootId":"ytnvoxs0ym7skug","id":"ytnvoxs0ym7skug"},"id":"miu70bs7zsvpygt","previousOperationId":"gh04w63vyd7pee7"}
{"type":"log","timestamp":1674586567434,"level":"debug","message":"Page request: GET (document) file:///C:/Users/Johan/AppData/Local/Temp/jsreport/autocleanup/1a19cdeb-b930-4eb7-adc4-1b796fe23564-chrome-pdf.html","meta":{"rootId":"ytnvoxs0ym7skug","id":"ytnvoxs0ym7skug"},"id":"1eqpbp0rk6anufh","previousOperationId":"gh04w63vyd7pee7"}
{"type":"log","timestamp":1674586567447,"level":"debug","message":"Page request finished: GET (document) 200 file:///C:/Users/Johan/AppData/Local/Temp/jsreport/autocleanup/1a19cdeb-b930-4eb7-adc4-1b796fe23564-chrome-pdf.html","meta":{"rootId":"ytnvoxs0ym7skug","id":"ytnvoxs0ym7skug"},"id":"035g09os739s1s3","previousOperationId":"gh04w63vyd7pee7"}
{"type":"log","timestamp":1674586567448,"level":"debug","message":"Page request: GET (stylesheet) https://cdnjs.cloudflare.com/ajax/libs/metro/4.1.5/css/metro.min.css","meta":{"rootId":"ytnvoxs0ym7skug","id":"ytnvoxs0ym7skug"},"id":"im2vckpo39ll2s0","previousOperationId":"gh04w63vyd7pee7"}
{"type":"log","timestamp":1674586567448,"level":"debug","message":"Page request: GET (script) https://cdnjs.cloudflare.com/ajax/libs/Chart.js/2.7.2/Chart.min.js","meta":{"rootId":"ytnvoxs0ym7skug","id":"ytnvoxs0ym7skug"},"id":"7jzgbnzt1fqhwfn","previousOperationId":"gh04w63vyd7pee7"}
{"type":"log","timestamp":1674586569951,"level":"debug","message":"Page request finished: GET (script) 200 https://cdnjs.cloudflare.com/ajax/libs/Chart.js/2.7.2/Chart.min.js","meta":{"rootId":"ytnvoxs0ym7skug","id":"ytnvoxs0ym7skug"},"id":"mgybhxpj7loau3z","previousOperationId":"gh04w63vyd7pee7"}
{"type":"log","timestamp":1674586569995,"level":"debug","message":"Page request finished: GET (stylesheet) 200 https://cdnjs.cloudflare.com/ajax/libs/metro/4.1.5/css/metro.min.css","meta":{"rootId":"ytnvoxs0ym7skug","id":"ytnvoxs0ym7skug"},"id":"fxvhog3iryars8k","previousOperationId":"gh04w63vyd7pee7"}
{"type":"log","timestamp":1674586570038,"level":"debug","message":"Running chrome with params {\"printBackground\":true,\"timeout\":58441,\"margin\":{}}","meta":{"rootId":"ytnvoxs0ym7skug","id":"ytnvoxs0ym7skug"},"id":"azm6laui80mw6d1","previousOperationId":"gh04w63vyd7pee7"}
{"type":"operationEnd","operationId":"gh04w63vyd7pee7","timestamp":1674586570179,"id":"e0o4lj7pvaxx5vo","previousEventId":"iimer1m89dud0db","previousOperationId":"gh04w63vyd7pee7"}
{"type":"log","timestamp":1674586570180,"level":"debug","message":"Skipping storing report.","meta":{"rootId":"ytnvoxs0ym7skug","id":"ytnvoxs0ym7skug"},"id":"tlb9xdtqhxpvddh","previousOperationId":"gh04w63vyd7pee7"}
{"type":"log","timestamp":1674586570181,"level":"info","message":"Rendering request 1 finished in 4636 ms","meta":{"rootId":"ytnvoxs0ym7skug","id":"ytnvoxs0ym7skug"},"id":"utbzwtht11folih","previousOperationId":"gh04w63vyd7pee7"}
{"type":"operationEnd","subtype":"render","operationId":"2z23mpqeczvdiuo","timestamp":1674586570181,"id":"trgqufikei71mg8","previousEventId":"e0o4lj7pvaxx5vo","previousOperationId":"gh04w63vyd7pee7"}
{"type":"operationEnd","doDiffs":false,"previousEventId":"yseaf0wbnulfv0k","previousOperationId":"nr3jh01q5yevtw2","operationId":"nr3jh01q5yevtw2","timestamp":1674586570192,"id":"h390iqkm0aatefn"}
