{"type":"operationStart","subtype":"profile","data":{"_id":"YjaBPpOzFtAlfweI","timestamp":"2023-01-26T17:30:03.844Z","state":"queued","mode":"standard","creationDate":"2023-01-26T17:30:03.847Z","modificationDate":"2023-01-26T17:30:03.847Z","shortid":"aWS4TYN","$entitySet":"profiles"},"doDiffs":false,"timestamp":1674754203845,"id":"abd27e88g3vf05c","previousOperationId":null,"operationId":"kf41gfophubbc8v"}
{"type":"log","level":"info","message":"Render request 43 queued for execution and waiting for available worker","previousOperationId":"kf41gfophubbc8v","timestamp":1674754203846,"id":"1rx2cwghyy860sz"}
{"type":"operationStart","subtype":"render","name":"Data","previousOperationId":"kf41gfophubbc8v","timestamp":1674754203856,"id":"pg2ofj1b3y26pdq","previousEventId":"abd27e88g3vf05c","operationId":"ifaorxlcuj3f13h"}
{"type":"log","timestamp":1674754203856,"level":"info","message":"Starting rendering request 43","meta":{"rootId":"yuxamwtjaliecx1","id":"yuxamwtjaliecx1"},"id":"7qjuixn3fj7nqi8","previousOperationId":"ifaorxlcuj3f13h"}
{"type":"log","timestamp":1674754203856,"level":"info","message":"Rendering template { name: Data, recipe: chrome-pdf, engine: handlebars, preview: true }","meta":{"rootId":"yuxamwtjaliecx1","id":"yuxamwtjaliecx1"},"id":"8x8ezzmqdk31ut2","previousOperationId":"ifaorxlcuj3f13h"}
{"type":"log","timestamp":1674754203858,"level":"debug","message":"Data item not defined for this template.","meta":{"rootId":"yuxamwtjaliecx1","id":"yuxamwtjaliecx1"},"id":"bebbeb10abqm9j6","previousOperationId":"ifaorxlcuj3f13h"}
{"type":"log","timestamp":1674754203862,"level":"debug","message":"Executing script testing (beforeRender)","meta":{"rootId":"yuxamwtjaliecx1","id":"yuxamwtjaliecx1"},"id":"j7aogqfu2siphr2","previousOperationId":"ifaorxlcuj3f13h"}
{"type":"operationStart","subtype":"scriptsBeforeRender","name":"scripts beforeRender","timestamp":1674754203927,"id":"xprhw70loqebsrg","previousEventId":"pg2ofj1b3y26pdq","operationId":"4zyxdhwtltmbdtu","previousOperationId":"ifaorxlcuj3f13h"}
{"type":"operationStart","subtype":"script","name":"scripts testing","previousOperationId":"4zyxdhwtltmbdtu","timestamp":1674754203927,"id":"i4yjjzjd9y8jf4w","previousEventId":"xprhw70loqebsrg","operationId":"dh2gitsxrpn8a46"}
{"type":"log","timestamp":1674754204170,"level":"debug","message":"(console:log) {\n  locationName: [ 'Las Palmas de Gran Canaria', 'Galdar', 'Teror' ],\n  repetition: [ '2', '1', '3' ]\n}","meta":{"userLevel":true,"rootId":"yuxamwtjaliecx1","id":"yuxamwtjaliecx1"},"id":"trr3fs27ebpcqut","previousOperationId":"dh2gitsxrpn8a46"}
{"type":"log","timestamp":1674754204170,"level":"debug","message":"(console:log) [ 'Las Palmas de Gran Canaria', 'Galdar', 'Teror' ]","meta":{"userLevel":true,"rootId":"yuxamwtjaliecx1","id":"yuxamwtjaliecx1"},"id":"9y6i52ogagnwk05","previousOperationId":"dh2gitsxrpn8a46"}
{"type":"log","timestamp":1674754204170,"level":"debug","message":"(console:log) [ '2', '1', '3' ]","meta":{"userLevel":true,"rootId":"yuxamwtjaliecx1","id":"yuxamwtjaliecx1"},"id":"hc62wzmx3wigrbp","previousOperationId":"dh2gitsxrpn8a46"}
{"type":"operationEnd","operationId":"dh2gitsxrpn8a46","timestamp":1674754204587,"id":"3hisdukeq1pzn1q","previousEventId":"pg2ofj1b3y26pdq","previousOperationId":"ifaorxlcuj3f13h"}
{"type":"operationEnd","operationId":"4zyxdhwtltmbdtu","timestamp":1674754204587,"id":"wv2c5bltxx2t4ba","previousEventId":"3hisdukeq1pzn1q","previousOperationId":"ifaorxlcuj3f13h"}
{"type":"log","timestamp":1674754204587,"level":"debug","message":"Base url not specified, skipping its injection.","meta":{"rootId":"yuxamwtjaliecx1","id":"yuxamwtjaliecx1"},"id":"cj337x3399mdigo","previousOperationId":"4zyxdhwtltmbdtu"}
{"type":"operationStart","subtype":"engine","name":"handlebars","timestamp":1674754204587,"id":"b2vbkehozukej5b","previousEventId":"wv2c5bltxx2t4ba","operationId":"gm3gspfsdnaf4rz","previousOperationId":"4zyxdhwtltmbdtu"}
{"type":"log","timestamp":1674754204587,"level":"debug","message":"Rendering engine handlebars","meta":{"rootId":"yuxamwtjaliecx1","id":"yuxamwtjaliecx1"},"id":"ff16bv06dksba1n","previousOperationId":"gm3gspfsdnaf4rz"}
{"type":"operationEnd","operationId":"gm3gspfsdnaf4rz","timestamp":1674754204600,"id":"m5ceun8nbneywjv","previousEventId":"b2vbkehozukej5b","previousOperationId":"gm3gspfsdnaf4rz"}
{"type":"operationStart","subtype":"recipe","name":"chrome-pdf","timestamp":1674754204601,"id":"phpr0wa2b2umvg0","previousEventId":"m5ceun8nbneywjv","operationId":"gil8gxngla1u472","previousOperationId":"gm3gspfsdnaf4rz"}
{"type":"log","timestamp":1674754204601,"level":"debug","message":"Executing recipe chrome-pdf","meta":{"rootId":"yuxamwtjaliecx1","id":"yuxamwtjaliecx1"},"id":"hapr1o4gnawgmat","previousOperationId":"gil8gxngla1u472"}
{"type":"log","timestamp":1674754204605,"level":"debug","message":"Converting with chrome HeadlessChrome/105.0.5173.0 using chrome-pool strategy","meta":{"rootId":"yuxamwtjaliecx1","id":"yuxamwtjaliecx1"},"id":"rv831n9ajilax31","previousOperationId":"gil8gxngla1u472"}
{"type":"log","timestamp":1674754204710,"level":"debug","message":"Page request: GET (document) file:///C:/Users/Johan/AppData/Local/Temp/jsreport/autocleanup/8be25794-1a41-4c7f-a889-7ad73f552fd1-chrome-pdf.html","meta":{"rootId":"yuxamwtjaliecx1","id":"yuxamwtjaliecx1"},"id":"cxnjnjawrra2tlj","previousOperationId":"gil8gxngla1u472"}
{"type":"log","timestamp":1674754204742,"level":"debug","message":"Page request: GET (stylesheet) https://cdnjs.cloudflare.com/ajax/libs/metro/4.1.5/css/metro.min.css","meta":{"rootId":"yuxamwtjaliecx1","id":"yuxamwtjaliecx1"},"id":"kusf1anfp8ljei5","previousOperationId":"gil8gxngla1u472"}
{"type":"log","timestamp":1674754204742,"level":"debug","message":"Page request: GET (stylesheet) https://cdnjs.cloudflare.com/ajax/libs/chartist/0.11.0/chartist.min.css","meta":{"rootId":"yuxamwtjaliecx1","id":"yuxamwtjaliecx1"},"id":"30gyv5svd6qztyu","previousOperationId":"gil8gxngla1u472"}
{"type":"log","timestamp":1674754204743,"level":"debug","message":"Page request: GET (script) https://cdnjs.cloudflare.com/ajax/libs/chartist/0.11.0/chartist.min.js","meta":{"rootId":"yuxamwtjaliecx1","id":"yuxamwtjaliecx1"},"id":"n3f8glgiflbspgc","previousOperationId":"gil8gxngla1u472"}
{"type":"log","timestamp":1674754204743,"level":"debug","message":"Page request: GET (script) https://unpkg.com/chartist-plugin-tooltips@0.0.17","meta":{"rootId":"yuxamwtjaliecx1","id":"yuxamwtjaliecx1"},"id":"i8sq4cmad5klzbg","previousOperationId":"gil8gxngla1u472"}
{"type":"log","timestamp":1674754204743,"level":"debug","message":"Page request: GET (script) https://unpkg.com/chartist-plugin-pointlabels@0.0.6","meta":{"rootId":"yuxamwtjaliecx1","id":"yuxamwtjaliecx1"},"id":"bpdub5frvyj4hyx","previousOperationId":"gil8gxngla1u472"}
{"type":"log","timestamp":1674754204743,"level":"debug","message":"Page request finished: GET (document) 200 file:///C:/Users/Johan/AppData/Local/Temp/jsreport/autocleanup/8be25794-1a41-4c7f-a889-7ad73f552fd1-chrome-pdf.html","meta":{"rootId":"yuxamwtjaliecx1","id":"yuxamwtjaliecx1"},"id":"txux8wrn05kdm4c","previousOperationId":"gil8gxngla1u472"}
{"type":"log","timestamp":1674754204748,"level":"warn","message":"Page request failed: GET (script) 302 https://unpkg.com/chartist-plugin-tooltips@0.0.17 (redirect to: /chartist-plugin-tooltips@0.0.17/dist/chartist-plugin-tooltip.js)","meta":{"rootId":"yuxamwtjaliecx1","id":"yuxamwtjaliecx1"},"id":"bzuqwp9fktl6zwl","previousOperationId":"gil8gxngla1u472"}
{"type":"log","timestamp":1674754204749,"level":"debug","message":"Page request: GET (script) https://unpkg.com/chartist-plugin-tooltips@0.0.17/dist/chartist-plugin-tooltip.js (redirect from: https://unpkg.com/chartist-plugin-tooltips@0.0.17)","meta":{"rootId":"yuxamwtjaliecx1","id":"yuxamwtjaliecx1"},"id":"kqosr2gboei7an9","previousOperationId":"gil8gxngla1u472"}
{"type":"log","timestamp":1674754204749,"level":"debug","message":"Page request finished: GET (stylesheet) 200 https://cdnjs.cloudflare.com/ajax/libs/chartist/0.11.0/chartist.min.css","meta":{"rootId":"yuxamwtjaliecx1","id":"yuxamwtjaliecx1"},"id":"ulzsinq2qed0gt9","previousOperationId":"gil8gxngla1u472"}
{"type":"log","timestamp":1674754204750,"level":"warn","message":"Page request failed: GET (script) 302 https://unpkg.com/chartist-plugin-pointlabels@0.0.6 (redirect to: /chartist-plugin-pointlabels@0.0.6/dist/chartist-plugin-pointlabels.js)","meta":{"rootId":"yuxamwtjaliecx1","id":"yuxamwtjaliecx1"},"id":"b5pjj7b3apu2ww1","previousOperationId":"gil8gxngla1u472"}
{"type":"log","timestamp":1674754204750,"level":"debug","message":"Page request: GET (script) https://unpkg.com/chartist-plugin-pointlabels@0.0.6/dist/chartist-plugin-pointlabels.js (redirect from: https://unpkg.com/chartist-plugin-pointlabels@0.0.6)","meta":{"rootId":"yuxamwtjaliecx1","id":"yuxamwtjaliecx1"},"id":"xqla5015ac21kbl","previousOperationId":"gil8gxngla1u472"}
{"type":"log","timestamp":1674754204751,"level":"debug","message":"Page request finished: GET (script) 200 https://cdnjs.cloudflare.com/ajax/libs/chartist/0.11.0/chartist.min.js","meta":{"rootId":"yuxamwtjaliecx1","id":"yuxamwtjaliecx1"},"id":"nlo8f35eqcgt6n7","previousOperationId":"gil8gxngla1u472"}
{"type":"log","timestamp":1674754204767,"level":"debug","message":"Page request finished: GET (stylesheet) 200 https://cdnjs.cloudflare.com/ajax/libs/metro/4.1.5/css/metro.min.css","meta":{"rootId":"yuxamwtjaliecx1","id":"yuxamwtjaliecx1"},"id":"f4ob1tkr8usfu9b","previousOperationId":"gil8gxngla1u472"}
{"type":"log","timestamp":1674754204770,"level":"debug","message":"Page request finished: GET (script) 200 https://unpkg.com/chartist-plugin-tooltips@0.0.17/dist/chartist-plugin-tooltip.js","meta":{"rootId":"yuxamwtjaliecx1","id":"yuxamwtjaliecx1"},"id":"ei5x7durpxzc8h1","previousOperationId":"gil8gxngla1u472"}
{"type":"log","timestamp":1674754204770,"level":"debug","message":"Page request finished: GET (script) 200 https://unpkg.com/chartist-plugin-pointlabels@0.0.6/dist/chartist-plugin-pointlabels.js","meta":{"rootId":"yuxamwtjaliecx1","id":"yuxamwtjaliecx1"},"id":"y2abz9kalwanm3u","previousOperationId":"gil8gxngla1u472"}
{"type":"log","timestamp":1674754204771,"level":"warn","message":"Page error: SyntaxError: missing ) after argument list","meta":{"rootId":"yuxamwtjaliecx1","id":"yuxamwtjaliecx1"},"id":"xrbeia03ceg2jsd","previousOperationId":"gil8gxngla1u472"}
{"type":"log","timestamp":1674754204807,"level":"debug","message":"Running chrome with params {\"printBackground\":true,\"timeout\":59241,\"margin\":{}}","meta":{"rootId":"yuxamwtjaliecx1","id":"yuxamwtjaliecx1"},"id":"g6ev3daz5xvskw3","previousOperationId":"gil8gxngla1u472"}
{"type":"operationEnd","operationId":"gil8gxngla1u472","timestamp":1674754204928,"id":"dcgg8mijsiy1gq9","previousEventId":"phpr0wa2b2umvg0","previousOperationId":"gil8gxngla1u472"}
{"type":"log","timestamp":1674754204929,"level":"debug","message":"Executing script testing (afterRender)","meta":{"rootId":"yuxamwtjaliecx1","id":"yuxamwtjaliecx1"},"id":"0nwt0bytp1zcybp","previousOperationId":"gil8gxngla1u472"}
{"type":"operationStart","subtype":"scriptsAfterRender","name":"scripts afterRender","timestamp":1674754204940,"id":"wqbtf1g1zdfw416","previousEventId":"dcgg8mijsiy1gq9","operationId":"glqbgpsudvwhshn","previousOperationId":"gil8gxngla1u472"}
{"type":"operationStart","subtype":"script","name":"scripts testing","previousOperationId":"glqbgpsudvwhshn","timestamp":1674754204940,"id":"ddv36cvd2tdnbeh","previousEventId":"wqbtf1g1zdfw416","operationId":"82v61yif4o2cpos"}
{"type":"operationEnd","operationId":"82v61yif4o2cpos","timestamp":1674754206237,"id":"m773t530ieqp6bd","previousEventId":"dcgg8mijsiy1gq9","previousOperationId":"gil8gxngla1u472"}
{"type":"operationEnd","operationId":"glqbgpsudvwhshn","timestamp":1674754206237,"id":"gocun870ql0m3eq","previousEventId":"m773t530ieqp6bd","previousOperationId":"gil8gxngla1u472"}
{"type":"log","timestamp":1674754206237,"level":"debug","message":"Skipping storing report.","meta":{"rootId":"yuxamwtjaliecx1","id":"yuxamwtjaliecx1"},"id":"n6k80yytrx3wxfl","previousOperationId":"glqbgpsudvwhshn"}
{"type":"log","timestamp":1674754206238,"level":"info","message":"Rendering request 43 finished in 2394 ms","meta":{"rootId":"yuxamwtjaliecx1","id":"yuxamwtjaliecx1"},"id":"y8b879uq9pxdj7f","previousOperationId":"glqbgpsudvwhshn"}
{"type":"operationEnd","subtype":"render","operationId":"ifaorxlcuj3f13h","timestamp":1674754206238,"id":"a4ny90kl578twju","previousEventId":"gocun870ql0m3eq","previousOperationId":"glqbgpsudvwhshn"}
{"type":"operationEnd","doDiffs":false,"previousEventId":"abd27e88g3vf05c","previousOperationId":"kf41gfophubbc8v","operationId":"kf41gfophubbc8v","timestamp":1674754206246,"id":"qwetzv6mnx3v60c"}
