{"type":"operationStart","subtype":"profile","data":{"_id":"jUdJbWD1zY5PLyFk","timestamp":"2023-01-26T16:59:04.687Z","state":"queued","mode":"standard","creationDate":"2023-01-26T16:59:04.691Z","modificationDate":"2023-01-26T16:59:04.691Z","shortid":"V85CtID","$entitySet":"profiles"},"doDiffs":false,"timestamp":1674752344689,"id":"gycnjym2h3ivxeu","previousOperationId":null,"operationId":"80odtmrwbq9cgaj"}
{"type":"log","level":"info","message":"Render request 1 queued for execution and waiting for available worker","previousOperationId":"80odtmrwbq9cgaj","timestamp":1674752344689,"id":"abxtkk9ljrtwnly"}
{"type":"operationStart","subtype":"render","name":"Data","previousOperationId":"80odtmrwbq9cgaj","timestamp":1674752344724,"id":"sj0oebyhplivh51","previousEventId":"gycnjym2h3ivxeu","operationId":"sig4hec3j9c0fjj"}
{"type":"log","timestamp":1674752344724,"level":"info","message":"Starting rendering request 1","meta":{"rootId":"yya0rdo0ji2buc0","id":"yya0rdo0ji2buc0"},"id":"iwwbv8o7kmdusdf","previousOperationId":"sig4hec3j9c0fjj"}
{"type":"log","timestamp":1674752344726,"level":"info","message":"Rendering template { name: Data, recipe: chrome-pdf, engine: handlebars, preview: true }","meta":{"rootId":"yya0rdo0ji2buc0","id":"yya0rdo0ji2buc0"},"id":"nb3w9o21wjdp4i0","previousOperationId":"sig4hec3j9c0fjj"}
{"type":"log","timestamp":1674752344729,"level":"debug","message":"Data item not defined for this template.","meta":{"rootId":"yya0rdo0ji2buc0","id":"yya0rdo0ji2buc0"},"id":"0cyrj5cmdamwpy0","previousOperationId":"sig4hec3j9c0fjj"}
{"type":"log","timestamp":1674752344734,"level":"debug","message":"Executing script testing (beforeRender)","meta":{"rootId":"yya0rdo0ji2buc0","id":"yya0rdo0ji2buc0"},"id":"rkw1x1w5q9fr0bp","previousOperationId":"sig4hec3j9c0fjj"}
{"type":"operationStart","subtype":"scriptsBeforeRender","name":"scripts beforeRender","timestamp":1674752345054,"id":"z7rnlfkpg03zxvg","previousEventId":"sj0oebyhplivh51","operationId":"ho0iwrd3be7juhj","previousOperationId":"sig4hec3j9c0fjj"}
{"type":"operationStart","subtype":"script","name":"scripts testing","previousOperationId":"ho0iwrd3be7juhj","timestamp":1674752345054,"id":"shm5rk0nivb0uio","previousEventId":"z7rnlfkpg03zxvg","operationId":"l7y65vs5t70j4dx"}
{"type":"log","timestamp":1674752345314,"level":"debug","message":"(console:log) {\n  locationName: [ 'Las Palmas de Gran Canaria', 'Galdar', 'Teror' ],\n  repetition: [ '2', '1', '3' ]\n}","meta":{"userLevel":true,"rootId":"yya0rdo0ji2buc0","id":"yya0rdo0ji2buc0"},"id":"285a5i92cxioefu","previousOperationId":"l7y65vs5t70j4dx"}
{"type":"log","timestamp":1674752345314,"level":"debug","message":"(console:log) [ 'Las Palmas de Gran Canaria', 'Galdar', 'Teror' ]","meta":{"userLevel":true,"rootId":"yya0rdo0ji2buc0","id":"yya0rdo0ji2buc0"},"id":"gle610z2udrelhy","previousOperationId":"l7y65vs5t70j4dx"}
{"type":"log","timestamp":1674752345314,"level":"debug","message":"(console:log) [ '2', '1', '3' ]","meta":{"userLevel":true,"rootId":"yya0rdo0ji2buc0","id":"yya0rdo0ji2buc0"},"id":"j6p6xx94px3wys8","previousOperationId":"l7y65vs5t70j4dx"}
{"type":"operationEnd","operationId":"l7y65vs5t70j4dx","timestamp":1674752345802,"id":"bbat5jx9zfxg4h6","previousEventId":"sj0oebyhplivh51","previousOperationId":"sig4hec3j9c0fjj"}
{"type":"operationEnd","operationId":"ho0iwrd3be7juhj","timestamp":1674752345802,"id":"tdnwhvmlswohbgx","previousEventId":"bbat5jx9zfxg4h6","previousOperationId":"sig4hec3j9c0fjj"}
{"type":"log","timestamp":1674752345802,"level":"debug","message":"Base url not specified, skipping its injection.","meta":{"rootId":"yya0rdo0ji2buc0","id":"yya0rdo0ji2buc0"},"id":"ip1occp3iexigrw","previousOperationId":"ho0iwrd3be7juhj"}
{"type":"operationStart","subtype":"engine","name":"handlebars","timestamp":1674752345803,"id":"aj3zhl18u9wto27","previousEventId":"tdnwhvmlswohbgx","operationId":"kam7qiqn55a0lrt","previousOperationId":"ho0iwrd3be7juhj"}
{"type":"log","timestamp":1674752345803,"level":"debug","message":"Rendering engine handlebars","meta":{"rootId":"yya0rdo0ji2buc0","id":"yya0rdo0ji2buc0"},"id":"z3trxk230qewrii","previousOperationId":"kam7qiqn55a0lrt"}
{"type":"operationEnd","operationId":"kam7qiqn55a0lrt","timestamp":1674752346165,"id":"pfk8t269290mzna","previousEventId":"aj3zhl18u9wto27","previousOperationId":"kam7qiqn55a0lrt"}
{"type":"operationStart","subtype":"recipe","name":"chrome-pdf","timestamp":1674752346166,"id":"0bj8lyf4ybjqyzd","previousEventId":"pfk8t269290mzna","operationId":"y3kqmdlb9kgsydx","previousOperationId":"kam7qiqn55a0lrt"}
{"type":"log","timestamp":1674752346166,"level":"debug","message":"Executing recipe chrome-pdf","meta":{"rootId":"yya0rdo0ji2buc0","id":"yya0rdo0ji2buc0"},"id":"xsbaaplhmwvszqf","previousOperationId":"y3kqmdlb9kgsydx"}
{"type":"log","timestamp":1674752346429,"level":"debug","message":"Converting with chrome HeadlessChrome/105.0.5173.0 using chrome-pool strategy","meta":{"rootId":"yya0rdo0ji2buc0","id":"yya0rdo0ji2buc0"},"id":"cxbfxnoi4bwrr3i","previousOperationId":"y3kqmdlb9kgsydx"}
{"type":"log","timestamp":1674752346561,"level":"debug","message":"Page request: GET (document) file:///C:/Users/Johan/AppData/Local/Temp/jsreport/autocleanup/2e87cecf-3fb7-45a4-82fd-ea92799f7548-chrome-pdf.html","meta":{"rootId":"yya0rdo0ji2buc0","id":"yya0rdo0ji2buc0"},"id":"d0hz67g2yxplchn","previousOperationId":"y3kqmdlb9kgsydx"}
{"type":"log","timestamp":1674752346582,"level":"debug","message":"Page request finished: GET (document) 200 file:///C:/Users/Johan/AppData/Local/Temp/jsreport/autocleanup/2e87cecf-3fb7-45a4-82fd-ea92799f7548-chrome-pdf.html","meta":{"rootId":"yya0rdo0ji2buc0","id":"yya0rdo0ji2buc0"},"id":"4blvy1hevjzl7k6","previousOperationId":"y3kqmdlb9kgsydx"}
{"type":"log","timestamp":1674752346582,"level":"debug","message":"Page request: GET (stylesheet) https://cdnjs.cloudflare.com/ajax/libs/metro/4.1.5/css/metro.min.css","meta":{"rootId":"yya0rdo0ji2buc0","id":"yya0rdo0ji2buc0"},"id":"mhgzwjcv4h32fai","previousOperationId":"y3kqmdlb9kgsydx"}
{"type":"log","timestamp":1674752346582,"level":"debug","message":"Page request: GET (stylesheet) https://cdnjs.cloudflare.com/ajax/libs/chartist/0.11.0/chartist.min.css","meta":{"rootId":"yya0rdo0ji2buc0","id":"yya0rdo0ji2buc0"},"id":"atm1ocdur13e1qp","previousOperationId":"y3kqmdlb9kgsydx"}
{"type":"log","timestamp":1674752346582,"level":"debug","message":"Page request: GET (script) https://cdnjs.cloudflare.com/ajax/libs/chartist/0.11.0/chartist.min.js","meta":{"rootId":"yya0rdo0ji2buc0","id":"yya0rdo0ji2buc0"},"id":"usb8urkssfuahtr","previousOperationId":"y3kqmdlb9kgsydx"}
{"type":"log","timestamp":1674752346582,"level":"debug","message":"Page request: GET (script) https://unpkg.com/chartist-plugin-tooltips@0.0.17","meta":{"rootId":"yya0rdo0ji2buc0","id":"yya0rdo0ji2buc0"},"id":"5zkuk66mnwcxk0x","previousOperationId":"y3kqmdlb9kgsydx"}
{"type":"log","timestamp":1674752346583,"level":"debug","message":"Page request: GET (script) https://unpkg.com/chartist-plugin-pointlabels@0.0.6","meta":{"rootId":"yya0rdo0ji2buc0","id":"yya0rdo0ji2buc0"},"id":"r6q84i9fj9zra64","previousOperationId":"y3kqmdlb9kgsydx"}
{"type":"log","timestamp":1674752346798,"level":"debug","message":"Page request finished: GET (stylesheet) 200 https://cdnjs.cloudflare.com/ajax/libs/chartist/0.11.0/chartist.min.css","meta":{"rootId":"yya0rdo0ji2buc0","id":"yya0rdo0ji2buc0"},"id":"lj5rr8hsrjadcsc","previousOperationId":"y3kqmdlb9kgsydx"}
{"type":"log","timestamp":1674752346833,"level":"debug","message":"Page request finished: GET (script) 200 https://cdnjs.cloudflare.com/ajax/libs/chartist/0.11.0/chartist.min.js","meta":{"rootId":"yya0rdo0ji2buc0","id":"yya0rdo0ji2buc0"},"id":"9xaai8c8n3kvtti","previousOperationId":"y3kqmdlb9kgsydx"}
{"type":"log","timestamp":1674752346836,"level":"warn","message":"Page request failed: GET (script) 302 https://unpkg.com/chartist-plugin-pointlabels@0.0.6 (redirect to: /chartist-plugin-pointlabels@0.0.6/dist/chartist-plugin-pointlabels.js)","meta":{"rootId":"yya0rdo0ji2buc0","id":"yya0rdo0ji2buc0"},"id":"ey0icu7h81rlabg","previousOperationId":"y3kqmdlb9kgsydx"}
{"type":"log","timestamp":1674752346836,"level":"debug","message":"Page request: GET (script) https://unpkg.com/chartist-plugin-pointlabels@0.0.6/dist/chartist-plugin-pointlabels.js (redirect from: https://unpkg.com/chartist-plugin-pointlabels@0.0.6)","meta":{"rootId":"yya0rdo0ji2buc0","id":"yya0rdo0ji2buc0"},"id":"5d317zbah02jxgt","previousOperationId":"y3kqmdlb9kgsydx"}
{"type":"log","timestamp":1674752346838,"level":"warn","message":"Page request failed: GET (script) 302 https://unpkg.com/chartist-plugin-tooltips@0.0.17 (redirect to: /chartist-plugin-tooltips@0.0.17/dist/chartist-plugin-tooltip.js)","meta":{"rootId":"yya0rdo0ji2buc0","id":"yya0rdo0ji2buc0"},"id":"hr9mpshh5kz0k6e","previousOperationId":"y3kqmdlb9kgsydx"}
{"type":"log","timestamp":1674752346838,"level":"debug","message":"Page request: GET (script) https://unpkg.com/chartist-plugin-tooltips@0.0.17/dist/chartist-plugin-tooltip.js (redirect from: https://unpkg.com/chartist-plugin-tooltips@0.0.17)","meta":{"rootId":"yya0rdo0ji2buc0","id":"yya0rdo0ji2buc0"},"id":"yz04yrqniv18q85","previousOperationId":"y3kqmdlb9kgsydx"}
{"type":"log","timestamp":1674752346882,"level":"debug","message":"Page request finished: GET (stylesheet) 200 https://cdnjs.cloudflare.com/ajax/libs/metro/4.1.5/css/metro.min.css","meta":{"rootId":"yya0rdo0ji2buc0","id":"yya0rdo0ji2buc0"},"id":"1axvx5om7o81hmo","previousOperationId":"y3kqmdlb9kgsydx"}
{"type":"log","timestamp":1674752346891,"level":"debug","message":"Page request finished: GET (script) 200 https://unpkg.com/chartist-plugin-tooltips@0.0.17/dist/chartist-plugin-tooltip.js","meta":{"rootId":"yya0rdo0ji2buc0","id":"yya0rdo0ji2buc0"},"id":"kgq2hq20bbvsmry","previousOperationId":"y3kqmdlb9kgsydx"}
{"type":"log","timestamp":1674752346891,"level":"debug","message":"Page request finished: GET (script) 200 https://unpkg.com/chartist-plugin-pointlabels@0.0.6/dist/chartist-plugin-pointlabels.js","meta":{"rootId":"yya0rdo0ji2buc0","id":"yya0rdo0ji2buc0"},"id":"1fd1mcn958qejk2","previousOperationId":"y3kqmdlb9kgsydx"}
{"type":"log","timestamp":1674752346893,"level":"warn","message":"Page error: SyntaxError: Unexpected identifier","meta":{"rootId":"yya0rdo0ji2buc0","id":"yya0rdo0ji2buc0"},"id":"zgw4gozdy23yjmu","previousOperationId":"y3kqmdlb9kgsydx"}
{"type":"log","timestamp":1674752346933,"level":"debug","message":"Running chrome with params {\"printBackground\":true,\"timeout\":58396,\"margin\":{}}","meta":{"rootId":"yya0rdo0ji2buc0","id":"yya0rdo0ji2buc0"},"id":"xl9lifg2fnd2g4w","previousOperationId":"y3kqmdlb9kgsydx"}
{"type":"operationEnd","operationId":"y3kqmdlb9kgsydx","timestamp":1674752347067,"id":"5x1nutwod8btuf4","previousEventId":"0bj8lyf4ybjqyzd","previousOperationId":"y3kqmdlb9kgsydx"}
{"type":"log","timestamp":1674752347069,"level":"debug","message":"Executing script testing (afterRender)","meta":{"rootId":"yya0rdo0ji2buc0","id":"yya0rdo0ji2buc0"},"id":"uil71xk6a6qhp4e","previousOperationId":"y3kqmdlb9kgsydx"}
{"type":"operationStart","subtype":"scriptsAfterRender","name":"scripts afterRender","timestamp":1674752347077,"id":"uy52v213mbvvbf0","previousEventId":"5x1nutwod8btuf4","operationId":"jt64inznai1o0d1","previousOperationId":"y3kqmdlb9kgsydx"}
{"type":"operationStart","subtype":"script","name":"scripts testing","previousOperationId":"jt64inznai1o0d1","timestamp":1674752347077,"id":"fz3a3xpu2zmftf0","previousEventId":"uy52v213mbvvbf0","operationId":"pjlaf7m3usuekxr"}
{"type":"operationEnd","operationId":"pjlaf7m3usuekxr","timestamp":1674752348136,"id":"6dy9j3ouya4r2fz","previousEventId":"5x1nutwod8btuf4","previousOperationId":"y3kqmdlb9kgsydx"}
{"type":"operationEnd","operationId":"jt64inznai1o0d1","timestamp":1674752348136,"id":"cvs24b8via87fve","previousEventId":"6dy9j3ouya4r2fz","previousOperationId":"y3kqmdlb9kgsydx"}
{"type":"log","timestamp":1674752348137,"level":"debug","message":"Skipping storing report.","meta":{"rootId":"yya0rdo0ji2buc0","id":"yya0rdo0ji2buc0"},"id":"q7roce58bgwu39i","previousOperationId":"jt64inznai1o0d1"}
{"type":"log","timestamp":1674752348137,"level":"info","message":"Rendering request 1 finished in 3450 ms","meta":{"rootId":"yya0rdo0ji2buc0","id":"yya0rdo0ji2buc0"},"id":"gso7040j1bb61ad","previousOperationId":"jt64inznai1o0d1"}
{"type":"operationEnd","subtype":"render","operationId":"sig4hec3j9c0fjj","timestamp":1674752348137,"id":"5wpeob3d8fi7vg3","previousEventId":"cvs24b8via87fve","previousOperationId":"jt64inznai1o0d1"}
{"type":"operationEnd","doDiffs":false,"previousEventId":"gycnjym2h3ivxeu","previousOperationId":"80odtmrwbq9cgaj","operationId":"80odtmrwbq9cgaj","timestamp":1674752348142,"id":"li35entfdaz2x9o"}
