{"type":"operationStart","subtype":"profile","data":{"_id":"mqouPSMzggYuySR7","timestamp":"2023-01-26T18:28:52.596Z","state":"queued","mode":"standard","creationDate":"2023-01-26T18:28:52.602Z","modificationDate":"2023-01-26T18:28:52.602Z","shortid":"wkeh8ew","$entitySet":"profiles"},"doDiffs":false,"timestamp":1674757732601,"id":"6p45jjtnagt3kzx","previousOperationId":null,"operationId":"93efnqqoyznjz7f"}
{"type":"log","level":"info","message":"Render request 14 queued for execution and waiting for available worker","previousOperationId":"93efnqqoyznjz7f","timestamp":1674757732601,"id":"nqkqg7iyyfpq0cm"}
{"type":"operationStart","subtype":"render","name":"Data","previousOperationId":"93efnqqoyznjz7f","timestamp":1674757732616,"id":"zlju32hqoyzmk5q","previousEventId":"6p45jjtnagt3kzx","operationId":"1bvy0lb15s9au80"}
{"type":"log","timestamp":1674757732616,"level":"info","message":"Starting rendering request 14","meta":{"rootId":"z14f82cj2icpucm","id":"z14f82cj2icpucm"},"id":"lf9bgxtqazvah1x","previousOperationId":"1bvy0lb15s9au80"}
{"type":"log","timestamp":1674757732616,"level":"info","message":"Rendering template { name: Data, recipe: chrome-pdf, engine: handlebars, preview: true }","meta":{"rootId":"z14f82cj2icpucm","id":"z14f82cj2icpucm"},"id":"9m5gzwmpuy4mkiu","previousOperationId":"1bvy0lb15s9au80"}
{"type":"log","timestamp":1674757732618,"level":"debug","message":"Data item not defined for this template.","meta":{"rootId":"z14f82cj2icpucm","id":"z14f82cj2icpucm"},"id":"oz7sjkrkxuepvm0","previousOperationId":"1bvy0lb15s9au80"}
{"type":"log","timestamp":1674757732623,"level":"debug","message":"Executing script testing (beforeRender)","meta":{"rootId":"z14f82cj2icpucm","id":"z14f82cj2icpucm"},"id":"qfhvurd3vdpbp8u","previousOperationId":"1bvy0lb15s9au80"}
{"type":"operationStart","subtype":"scriptsBeforeRender","name":"scripts beforeRender","timestamp":1674757732687,"id":"j9fxa2r30dn81rp","previousEventId":"zlju32hqoyzmk5q","operationId":"utm9bdk0ek9nn5z","previousOperationId":"1bvy0lb15s9au80"}
{"type":"operationStart","subtype":"script","name":"scripts testing","previousOperationId":"utm9bdk0ek9nn5z","timestamp":1674757732687,"id":"2d5trn6yf5se2ud","previousEventId":"j9fxa2r30dn81rp","operationId":"rija9qo7lktr6at"}
{"type":"operationEnd","operationId":"rija9qo7lktr6at","timestamp":1674757733110,"id":"fxwzk4a361p7paq","previousEventId":"zlju32hqoyzmk5q","previousOperationId":"1bvy0lb15s9au80"}
{"type":"operationEnd","operationId":"utm9bdk0ek9nn5z","timestamp":1674757733110,"id":"un5hz8a4bqk370z","previousEventId":"fxwzk4a361p7paq","previousOperationId":"1bvy0lb15s9au80"}
{"type":"log","timestamp":1674757733110,"level":"debug","message":"Base url not specified, skipping its injection.","meta":{"rootId":"z14f82cj2icpucm","id":"z14f82cj2icpucm"},"id":"lc9q78xc0k464xn","previousOperationId":"utm9bdk0ek9nn5z"}
{"type":"operationStart","subtype":"engine","name":"handlebars","timestamp":1674757733110,"id":"sq8cxqfelojo2ky","previousEventId":"un5hz8a4bqk370z","operationId":"y8v3vk1nbengk4c","previousOperationId":"utm9bdk0ek9nn5z"}
{"type":"log","timestamp":1674757733110,"level":"debug","message":"Rendering engine handlebars","meta":{"rootId":"z14f82cj2icpucm","id":"z14f82cj2icpucm"},"id":"q8j2g818adkhel9","previousOperationId":"y8v3vk1nbengk4c"}
{"type":"operationEnd","operationId":"y8v3vk1nbengk4c","timestamp":1674757733117,"id":"z9q0e936r1yblqs","previousEventId":"sq8cxqfelojo2ky","previousOperationId":"y8v3vk1nbengk4c"}
{"type":"operationStart","subtype":"recipe","name":"chrome-pdf","timestamp":1674757733118,"id":"l7rzj3urdpv8s1p","previousEventId":"z9q0e936r1yblqs","operationId":"sb3a7mksp4kja2h","previousOperationId":"y8v3vk1nbengk4c"}
{"type":"log","timestamp":1674757733118,"level":"debug","message":"Executing recipe chrome-pdf","meta":{"rootId":"z14f82cj2icpucm","id":"z14f82cj2icpucm"},"id":"jfx3p85ly8grkyr","previousOperationId":"sb3a7mksp4kja2h"}
{"type":"log","timestamp":1674757733121,"level":"debug","message":"Converting with chrome HeadlessChrome/105.0.5173.0 using chrome-pool strategy","meta":{"rootId":"z14f82cj2icpucm","id":"z14f82cj2icpucm"},"id":"ghychnwg1au1p5c","previousOperationId":"sb3a7mksp4kja2h"}
{"type":"log","timestamp":1674757733207,"level":"debug","message":"Page request: GET (document) file:///C:/Users/Johan/AppData/Local/Temp/jsreport/autocleanup/24550497-ec65-4d95-a5af-e0dc6d9778e1-chrome-pdf.html","meta":{"rootId":"z14f82cj2icpucm","id":"z14f82cj2icpucm"},"id":"9wg6x6jdqyfnmif","previousOperationId":"sb3a7mksp4kja2h"}
{"type":"log","timestamp":1674757733230,"level":"debug","message":"Page request finished: GET (document) 200 file:///C:/Users/Johan/AppData/Local/Temp/jsreport/autocleanup/24550497-ec65-4d95-a5af-e0dc6d9778e1-chrome-pdf.html","meta":{"rootId":"z14f82cj2icpucm","id":"z14f82cj2icpucm"},"id":"iublmmdnagaa9ru","previousOperationId":"sb3a7mksp4kja2h"}
{"type":"log","timestamp":1674757733230,"level":"debug","message":"Page request: GET (stylesheet) https://cdnjs.cloudflare.com/ajax/libs/metro/4.1.5/css/metro.min.css","meta":{"rootId":"z14f82cj2icpucm","id":"z14f82cj2icpucm"},"id":"no5515hxuileurs","previousOperationId":"sb3a7mksp4kja2h"}
{"type":"log","timestamp":1674757733231,"level":"debug","message":"Page request: GET (stylesheet) https://cdnjs.cloudflare.com/ajax/libs/chartist/0.11.0/chartist.min.css","meta":{"rootId":"z14f82cj2icpucm","id":"z14f82cj2icpucm"},"id":"6slwcizjrc6qy5n","previousOperationId":"sb3a7mksp4kja2h"}
{"type":"log","timestamp":1674757733231,"level":"debug","message":"Page request: GET (script) https://cdnjs.cloudflare.com/ajax/libs/chartist/0.11.0/chartist.min.js","meta":{"rootId":"z14f82cj2icpucm","id":"z14f82cj2icpucm"},"id":"yijd2u1dmhx97lg","previousOperationId":"sb3a7mksp4kja2h"}
{"type":"log","timestamp":1674757733232,"level":"debug","message":"Page request: GET (script) https://unpkg.com/chartist-plugin-tooltips@0.0.17","meta":{"rootId":"z14f82cj2icpucm","id":"z14f82cj2icpucm"},"id":"i5563aqflmh7gf2","previousOperationId":"sb3a7mksp4kja2h"}
{"type":"log","timestamp":1674757733233,"level":"debug","message":"Page request: GET (script) https://unpkg.com/chartist-plugin-pointlabels@0.0.6","meta":{"rootId":"z14f82cj2icpucm","id":"z14f82cj2icpucm"},"id":"8ap354qhi4kr4st","previousOperationId":"sb3a7mksp4kja2h"}
{"type":"log","timestamp":1674757733236,"level":"debug","message":"Page request finished: GET (stylesheet) 200 https://cdnjs.cloudflare.com/ajax/libs/chartist/0.11.0/chartist.min.css","meta":{"rootId":"z14f82cj2icpucm","id":"z14f82cj2icpucm"},"id":"1i9nvbcfkz66ra0","previousOperationId":"sb3a7mksp4kja2h"}
{"type":"log","timestamp":1674757733237,"level":"warn","message":"Page request failed: GET (script) 302 https://unpkg.com/chartist-plugin-tooltips@0.0.17 (redirect to: /chartist-plugin-tooltips@0.0.17/dist/chartist-plugin-tooltip.js)","meta":{"rootId":"z14f82cj2icpucm","id":"z14f82cj2icpucm"},"id":"xfpk5w9q0wwxd7e","previousOperationId":"sb3a7mksp4kja2h"}
{"type":"log","timestamp":1674757733237,"level":"warn","message":"Page request failed: GET (script) 302 https://unpkg.com/chartist-plugin-pointlabels@0.0.6 (redirect to: /chartist-plugin-pointlabels@0.0.6/dist/chartist-plugin-pointlabels.js)","meta":{"rootId":"z14f82cj2icpucm","id":"z14f82cj2icpucm"},"id":"csp9wxu004uu26t","previousOperationId":"sb3a7mksp4kja2h"}
{"type":"log","timestamp":1674757733238,"level":"debug","message":"Page request: GET (script) https://unpkg.com/chartist-plugin-tooltips@0.0.17/dist/chartist-plugin-tooltip.js (redirect from: https://unpkg.com/chartist-plugin-tooltips@0.0.17)","meta":{"rootId":"z14f82cj2icpucm","id":"z14f82cj2icpucm"},"id":"ez4zn94q4tawnl5","previousOperationId":"sb3a7mksp4kja2h"}
{"type":"log","timestamp":1674757733238,"level":"debug","message":"Page request: GET (script) https://unpkg.com/chartist-plugin-pointlabels@0.0.6/dist/chartist-plugin-pointlabels.js (redirect from: https://unpkg.com/chartist-plugin-pointlabels@0.0.6)","meta":{"rootId":"z14f82cj2icpucm","id":"z14f82cj2icpucm"},"id":"fiff21zuz10jagr","previousOperationId":"sb3a7mksp4kja2h"}
{"type":"log","timestamp":1674757733239,"level":"debug","message":"Page request finished: GET (script) 200 https://cdnjs.cloudflare.com/ajax/libs/chartist/0.11.0/chartist.min.js","meta":{"rootId":"z14f82cj2icpucm","id":"z14f82cj2icpucm"},"id":"01wwmyoh396nrcp","previousOperationId":"sb3a7mksp4kja2h"}
{"type":"log","timestamp":1674757733255,"level":"debug","message":"Page request finished: GET (stylesheet) 200 https://cdnjs.cloudflare.com/ajax/libs/metro/4.1.5/css/metro.min.css","meta":{"rootId":"z14f82cj2icpucm","id":"z14f82cj2icpucm"},"id":"h7nkryqtmpxszqt","previousOperationId":"sb3a7mksp4kja2h"}
{"type":"log","timestamp":1674757733256,"level":"debug","message":"Page request finished: GET (script) 200 https://unpkg.com/chartist-plugin-tooltips@0.0.17/dist/chartist-plugin-tooltip.js","meta":{"rootId":"z14f82cj2icpucm","id":"z14f82cj2icpucm"},"id":"g91eukdw2f7uit9","previousOperationId":"sb3a7mksp4kja2h"}
{"type":"log","timestamp":1674757733256,"level":"debug","message":"Page request finished: GET (script) 200 https://unpkg.com/chartist-plugin-pointlabels@0.0.6/dist/chartist-plugin-pointlabels.js","meta":{"rootId":"z14f82cj2icpucm","id":"z14f82cj2icpucm"},"id":"zwixkjzc0nbkk91","previousOperationId":"sb3a7mksp4kja2h"}
{"type":"log","timestamp":1674757733258,"level":"debug","message":"(console:log) Me he venido","meta":{"userLevel":true,"rootId":"z14f82cj2icpucm","id":"z14f82cj2icpucm"},"id":"y4ff836shp85lm5","previousOperationId":"sb3a7mksp4kja2h"}
{"type":"log","timestamp":1674757733258,"level":"debug","message":"(console:log) Cuidado: ","meta":{"userLevel":true,"rootId":"z14f82cj2icpucm","id":"z14f82cj2icpucm"},"id":"t9r5ip549x0i327","previousOperationId":"sb3a7mksp4kja2h"}
{"type":"log","timestamp":1674757733258,"level":"debug","message":"(console:log) Cuidado: undefined","meta":{"userLevel":true,"rootId":"z14f82cj2icpucm","id":"z14f82cj2icpucm"},"id":"xb90dao09ojm00f","previousOperationId":"sb3a7mksp4kja2h"}
{"type":"log","timestamp":1674757733262,"level":"debug","message":"(console:log) Cuidadox2: undefined","meta":{"userLevel":true,"rootId":"z14f82cj2icpucm","id":"z14f82cj2icpucm"},"id":"cpputrfot6r3hg1","previousOperationId":"sb3a7mksp4kja2h"}
{"type":"log","timestamp":1674757733312,"level":"debug","message":"Running chrome with params {\"printBackground\":true,\"timeout\":59477,\"margin\":{}}","meta":{"rootId":"z14f82cj2icpucm","id":"z14f82cj2icpucm"},"id":"78s7upksi4rvaay","previousOperationId":"sb3a7mksp4kja2h"}
{"type":"operationEnd","operationId":"sb3a7mksp4kja2h","timestamp":1674757733441,"id":"lftfu4nh43y51or","previousEventId":"l7rzj3urdpv8s1p","previousOperationId":"sb3a7mksp4kja2h"}
{"type":"log","timestamp":1674757733441,"level":"debug","message":"Executing script testing (afterRender)","meta":{"rootId":"z14f82cj2icpucm","id":"z14f82cj2icpucm"},"id":"v52035qaju7r5ij","previousOperationId":"sb3a7mksp4kja2h"}
{"type":"operationStart","subtype":"scriptsAfterRender","name":"scripts afterRender","timestamp":1674757733450,"id":"o3j3dhlqo6tp8wp","previousEventId":"lftfu4nh43y51or","operationId":"nj2ccz3ci042i11","previousOperationId":"sb3a7mksp4kja2h"}
{"type":"operationStart","subtype":"script","name":"scripts testing","previousOperationId":"nj2ccz3ci042i11","timestamp":1674757733450,"id":"ue73g50abxxnhut","previousEventId":"o3j3dhlqo6tp8wp","operationId":"160q9mun0o8db31"}
{"type":"log","timestamp":1674757733691,"level":"debug","message":"(console:log) Sin cuidado: [object Object]","meta":{"userLevel":true,"rootId":"z14f82cj2icpucm","id":"z14f82cj2icpucm"},"id":"bvqje9rzgygm6ut","previousOperationId":"160q9mun0o8db31"}
{"type":"log","timestamp":1674757733691,"level":"debug","message":"(console:log) Sin cuidado: Arucas,Galdar,Teror","meta":{"userLevel":true,"rootId":"z14f82cj2icpucm","id":"z14f82cj2icpucm"},"id":"0ymhqevs5kgq51z","previousOperationId":"160q9mun0o8db31"}
{"type":"log","timestamp":1674757733691,"level":"debug","message":"(console:log) Sin cuidado: 2,1,3","meta":{"userLevel":true,"rootId":"z14f82cj2icpucm","id":"z14f82cj2icpucm"},"id":"khygf0vxfkbzmwo","previousOperationId":"160q9mun0o8db31"}
{"type":"operationEnd","operationId":"160q9mun0o8db31","timestamp":1674757734769,"id":"1f7gh598jfrtnxh","previousEventId":"lftfu4nh43y51or","previousOperationId":"sb3a7mksp4kja2h"}
{"type":"operationEnd","operationId":"nj2ccz3ci042i11","timestamp":1674757734769,"id":"fevhu6vl0c3jczr","previousEventId":"1f7gh598jfrtnxh","previousOperationId":"sb3a7mksp4kja2h"}
{"type":"log","timestamp":1674757734769,"level":"debug","message":"Skipping storing report.","meta":{"rootId":"z14f82cj2icpucm","id":"z14f82cj2icpucm"},"id":"j9sktm4tjgbpstn","previousOperationId":"nj2ccz3ci042i11"}
{"type":"log","timestamp":1674757734769,"level":"info","message":"Rendering request 14 finished in 2173 ms","meta":{"rootId":"z14f82cj2icpucm","id":"z14f82cj2icpucm"},"id":"auzf2xu5oc0k6uv","previousOperationId":"nj2ccz3ci042i11"}
{"type":"operationEnd","subtype":"render","operationId":"1bvy0lb15s9au80","timestamp":1674757734769,"id":"5plw7e10rsf3pa9","previousEventId":"fevhu6vl0c3jczr","previousOperationId":"nj2ccz3ci042i11"}
{"type":"operationEnd","doDiffs":false,"previousEventId":"6p45jjtnagt3kzx","previousOperationId":"93efnqqoyznjz7f","operationId":"93efnqqoyznjz7f","timestamp":1674757734772,"id":"urzcztckfe1j319"}
