{"type":"operationStart","subtype":"profile","data":{"_id":"OZDyFvsUb0nntJz3","timestamp":"2023-01-25T02:12:39.566Z","state":"queued","mode":"standard","creationDate":"2023-01-25T02:12:39.572Z","modificationDate":"2023-01-25T02:12:39.572Z","shortid":"8U5a7zp","$entitySet":"profiles"},"doDiffs":false,"timestamp":1674612759569,"id":"yzxw7o99hoxnjdu","previousOperationId":null,"operationId":"31l8f8roz6omygd"}
{"type":"log","level":"info","message":"Render request 9 queued for execution and waiting for available worker","previousOperationId":"31l8f8roz6omygd","timestamp":1674612759570,"id":"od056nzpxy9qti2"}
{"type":"operationStart","subtype":"render","name":"sos","previousOperationId":"31l8f8roz6omygd","timestamp":1674612759600,"id":"gfylx5608icg1xx","previousEventId":"yzxw7o99hoxnjdu","operationId":"y4b1ex9jp331lo8"}
{"type":"log","timestamp":1674612759600,"level":"info","message":"Starting rendering request 9","meta":{"rootId":"7oudmut3uv3mnz2","id":"7oudmut3uv3mnz2"},"id":"5t4qdzpqconiuuj","previousOperationId":"y4b1ex9jp331lo8"}
{"type":"log","timestamp":1674612759601,"level":"info","message":"Rendering template { name: sos, recipe: chrome-pdf, engine: handlebars, preview: true }","meta":{"rootId":"7oudmut3uv3mnz2","id":"7oudmut3uv3mnz2"},"id":"jy1jihg5hmpawqd","previousOperationId":"y4b1ex9jp331lo8"}
{"type":"log","timestamp":1674612759605,"level":"debug","message":"Data item not defined for this template.","meta":{"rootId":"7oudmut3uv3mnz2","id":"7oudmut3uv3mnz2"},"id":"ilo3aqvrk0xv2yu","previousOperationId":"y4b1ex9jp331lo8"}
{"type":"log","timestamp":1674612759628,"level":"debug","message":"Base url not specified, skipping its injection.","meta":{"rootId":"7oudmut3uv3mnz2","id":"7oudmut3uv3mnz2"},"id":"1hpshiug6uvgd4l","previousOperationId":"y4b1ex9jp331lo8"}
{"type":"operationStart","subtype":"engine","name":"handlebars","timestamp":1674612759629,"id":"b5wa9tsxe8e8lc1","previousEventId":"gfylx5608icg1xx","operationId":"s9ssgh1mn9kws99","previousOperationId":"y4b1ex9jp331lo8"}
{"type":"log","timestamp":1674612759629,"level":"debug","message":"Rendering engine handlebars","meta":{"rootId":"7oudmut3uv3mnz2","id":"7oudmut3uv3mnz2"},"id":"gn6imtuxbuc7iyv","previousOperationId":"s9ssgh1mn9kws99"}
{"type":"operationEnd","operationId":"s9ssgh1mn9kws99","timestamp":1674612759673,"id":"bs38ochaa2zu443","previousEventId":"b5wa9tsxe8e8lc1","previousOperationId":"s9ssgh1mn9kws99"}
{"type":"operationStart","subtype":"recipe","name":"chrome-pdf","timestamp":1674612759673,"id":"rqyipw9mjrozlli","previousEventId":"bs38ochaa2zu443","operationId":"115wc3wy65fg7ht","previousOperationId":"s9ssgh1mn9kws99"}
{"type":"log","timestamp":1674612759673,"level":"debug","message":"Executing recipe chrome-pdf","meta":{"rootId":"7oudmut3uv3mnz2","id":"7oudmut3uv3mnz2"},"id":"8lv61ydvsloxqjy","previousOperationId":"115wc3wy65fg7ht"}
{"type":"log","timestamp":1674612759678,"level":"debug","message":"Converting with chrome HeadlessChrome/105.0.5173.0 using chrome-pool strategy","meta":{"rootId":"7oudmut3uv3mnz2","id":"7oudmut3uv3mnz2"},"id":"yx70gyk9yiwkfjo","previousOperationId":"115wc3wy65fg7ht"}
{"type":"log","timestamp":1674612759818,"level":"debug","message":"Page request: GET (document) file:///C:/Users/Johan/AppData/Local/Temp/jsreport/autocleanup/06affc06-78ba-4e87-9e21-15b62289515b-chrome-pdf.html","meta":{"rootId":"7oudmut3uv3mnz2","id":"7oudmut3uv3mnz2"},"id":"nfz413bzdcn771n","previousOperationId":"115wc3wy65fg7ht"}
{"type":"log","timestamp":1674612759849,"level":"debug","message":"Page request: GET (stylesheet) https://cdnjs.cloudflare.com/ajax/libs/chartist/0.11.0/chartist.min.css","meta":{"rootId":"7oudmut3uv3mnz2","id":"7oudmut3uv3mnz2"},"id":"pz3igufsldso730","previousOperationId":"115wc3wy65fg7ht"}
{"type":"log","timestamp":1674612759850,"level":"debug","message":"Page request: GET (script) https://cdnjs.cloudflare.com/ajax/libs/chartist/0.11.0/chartist.min.js","meta":{"rootId":"7oudmut3uv3mnz2","id":"7oudmut3uv3mnz2"},"id":"62qkuo5ma6k9n9i","previousOperationId":"115wc3wy65fg7ht"}
{"type":"log","timestamp":1674612759851,"level":"debug","message":"Page request finished: GET (document) 200 file:///C:/Users/Johan/AppData/Local/Temp/jsreport/autocleanup/06affc06-78ba-4e87-9e21-15b62289515b-chrome-pdf.html","meta":{"rootId":"7oudmut3uv3mnz2","id":"7oudmut3uv3mnz2"},"id":"s2rsc6utgwcigdc","previousOperationId":"115wc3wy65fg7ht"}
{"type":"log","timestamp":1674612759852,"level":"debug","message":"Page request: GET (script) https://unpkg.com/chartist-plugin-tooltips@0.0.17","meta":{"rootId":"7oudmut3uv3mnz2","id":"7oudmut3uv3mnz2"},"id":"yyabsjhg4d8q5eh","previousOperationId":"115wc3wy65fg7ht"}
{"type":"log","timestamp":1674612759852,"level":"debug","message":"Page request: GET (script) https://unpkg.com/chartist-plugin-pointlabels@0.0.6","meta":{"rootId":"7oudmut3uv3mnz2","id":"7oudmut3uv3mnz2"},"id":"0x9ho9ul0p9weur","previousOperationId":"115wc3wy65fg7ht"}
{"type":"log","timestamp":1674612759999,"level":"debug","message":"Page request finished: GET (stylesheet) 200 https://cdnjs.cloudflare.com/ajax/libs/chartist/0.11.0/chartist.min.css","meta":{"rootId":"7oudmut3uv3mnz2","id":"7oudmut3uv3mnz2"},"id":"8r9x48729nvwfjv","previousOperationId":"115wc3wy65fg7ht"}
{"type":"log","timestamp":1674612760003,"level":"debug","message":"Page request finished: GET (script) 200 https://cdnjs.cloudflare.com/ajax/libs/chartist/0.11.0/chartist.min.js","meta":{"rootId":"7oudmut3uv3mnz2","id":"7oudmut3uv3mnz2"},"id":"r6t0hrga5smyu0o","previousOperationId":"115wc3wy65fg7ht"}
{"type":"log","timestamp":1674612761297,"level":"warn","message":"Page request failed: GET (script) 302 https://unpkg.com/chartist-plugin-tooltips@0.0.17 (redirect to: /chartist-plugin-tooltips@0.0.17/dist/chartist-plugin-tooltip.js)","meta":{"rootId":"7oudmut3uv3mnz2","id":"7oudmut3uv3mnz2"},"id":"72c88y1y7an3aqf","previousOperationId":"115wc3wy65fg7ht"}
{"type":"log","timestamp":1674612761298,"level":"debug","message":"Page request: GET (script) https://unpkg.com/chartist-plugin-tooltips@0.0.17/dist/chartist-plugin-tooltip.js (redirect from: https://unpkg.com/chartist-plugin-tooltips@0.0.17)","meta":{"rootId":"7oudmut3uv3mnz2","id":"7oudmut3uv3mnz2"},"id":"5mmo6y22xl29idp","previousOperationId":"115wc3wy65fg7ht"}
{"type":"log","timestamp":1674612761348,"level":"debug","message":"Page request finished: GET (script) 200 https://unpkg.com/chartist-plugin-tooltips@0.0.17/dist/chartist-plugin-tooltip.js","meta":{"rootId":"7oudmut3uv3mnz2","id":"7oudmut3uv3mnz2"},"id":"8mz36ys6yp88vn1","previousOperationId":"115wc3wy65fg7ht"}
{"type":"log","timestamp":1674612761385,"level":"warn","message":"Page request failed: GET (script) 302 https://unpkg.com/chartist-plugin-pointlabels@0.0.6 (redirect to: /chartist-plugin-pointlabels@0.0.6/dist/chartist-plugin-pointlabels.js)","meta":{"rootId":"7oudmut3uv3mnz2","id":"7oudmut3uv3mnz2"},"id":"nmlqn0wjnbznrzn","previousOperationId":"115wc3wy65fg7ht"}
{"type":"log","timestamp":1674612761386,"level":"debug","message":"Page request: GET (script) https://unpkg.com/chartist-plugin-pointlabels@0.0.6/dist/chartist-plugin-pointlabels.js (redirect from: https://unpkg.com/chartist-plugin-pointlabels@0.0.6)","meta":{"rootId":"7oudmut3uv3mnz2","id":"7oudmut3uv3mnz2"},"id":"ezrus8fj556i5ij","previousOperationId":"115wc3wy65fg7ht"}
{"type":"log","timestamp":1674612762304,"level":"debug","message":"Page request finished: GET (script) 200 https://unpkg.com/chartist-plugin-pointlabels@0.0.6/dist/chartist-plugin-pointlabels.js","meta":{"rootId":"7oudmut3uv3mnz2","id":"7oudmut3uv3mnz2"},"id":"hmsn8r609ecjlwz","previousOperationId":"115wc3wy65fg7ht"}
{"type":"log","timestamp":1674612762352,"level":"debug","message":"Running chrome with params {\"printBackground\":true,\"timeout\":59889,\"margin\":{}}","meta":{"rootId":"7oudmut3uv3mnz2","id":"7oudmut3uv3mnz2"},"id":"dmxdgb5azzjhj0h","previousOperationId":"115wc3wy65fg7ht"}
{"type":"operationEnd","operationId":"115wc3wy65fg7ht","timestamp":1674612762413,"id":"4sas6k5zt2surg8","previousEventId":"rqyipw9mjrozlli","previousOperationId":"115wc3wy65fg7ht"}
{"type":"log","timestamp":1674612762413,"level":"debug","message":"Skipping storing report.","meta":{"rootId":"7oudmut3uv3mnz2","id":"7oudmut3uv3mnz2"},"id":"kvnsv2thgy3fuxq","previousOperationId":"115wc3wy65fg7ht"}
{"type":"log","timestamp":1674612762414,"level":"info","message":"Rendering request 9 finished in 2848 ms","meta":{"rootId":"7oudmut3uv3mnz2","id":"7oudmut3uv3mnz2"},"id":"zib1sek7omon664","previousOperationId":"115wc3wy65fg7ht"}
{"type":"operationEnd","subtype":"render","operationId":"y4b1ex9jp331lo8","timestamp":1674612762414,"id":"ml4204b1dl4ap14","previousEventId":"4sas6k5zt2surg8","previousOperationId":"115wc3wy65fg7ht"}
{"type":"operationEnd","doDiffs":false,"previousEventId":"yzxw7o99hoxnjdu","previousOperationId":"31l8f8roz6omygd","operationId":"31l8f8roz6omygd","timestamp":1674612762430,"id":"sbn5qpw89pv3n79"}
