{"type":"operationStart","subtype":"profile","data":{"_id":"KW3J3lqq93w1xyVo","timestamp":"2023-01-26T11:31:04.954Z","state":"queued","mode":"standard","creationDate":"2023-01-26T11:31:04.956Z","modificationDate":"2023-01-26T11:31:04.956Z","shortid":"4DymbpD","$entitySet":"profiles"},"doDiffs":false,"timestamp":1674732664955,"id":"0p0j8zmy2sz4757","previousOperationId":null,"operationId":"ys686k13so8pg3u"}
{"type":"log","level":"info","message":"Render request 19 queued for execution and waiting for available worker","previousOperationId":"ys686k13so8pg3u","timestamp":1674732664955,"id":"qxspl7caevcskxk"}
{"type":"operationStart","subtype":"render","name":"sos","previousOperationId":"ys686k13so8pg3u","timestamp":1674732664981,"id":"qddlhb3nvcmlipl","previousEventId":"0p0j8zmy2sz4757","operationId":"4o96sfqquxxgyeo"}
{"type":"log","timestamp":1674732664981,"level":"info","message":"Starting rendering request 19","meta":{"rootId":"cqqhcg0up23opl7","id":"cqqhcg0up23opl7"},"id":"r790di4ev1cwky0","previousOperationId":"4o96sfqquxxgyeo"}
{"type":"log","timestamp":1674732664982,"level":"info","message":"Rendering template { name: sos, recipe: chrome-pdf, engine: handlebars, preview: true }","meta":{"rootId":"cqqhcg0up23opl7","id":"cqqhcg0up23opl7"},"id":"engqhes5nlvf4hw","previousOperationId":"4o96sfqquxxgyeo"}
{"type":"log","timestamp":1674732664984,"level":"debug","message":"Data item not defined for this template.","meta":{"rootId":"cqqhcg0up23opl7","id":"cqqhcg0up23opl7"},"id":"bh9ib8swiuitqdz","previousOperationId":"4o96sfqquxxgyeo"}
{"type":"log","timestamp":1674732664994,"level":"debug","message":"Base url not specified, skipping its injection.","meta":{"rootId":"cqqhcg0up23opl7","id":"cqqhcg0up23opl7"},"id":"h1h0er1h18bofvl","previousOperationId":"4o96sfqquxxgyeo"}
{"type":"operationStart","subtype":"engine","name":"handlebars","timestamp":1674732664994,"id":"gazq06wnfr8w9kg","previousEventId":"qddlhb3nvcmlipl","operationId":"r06zvvacda60sla","previousOperationId":"4o96sfqquxxgyeo"}
{"type":"log","timestamp":1674732664994,"level":"debug","message":"Rendering engine handlebars","meta":{"rootId":"cqqhcg0up23opl7","id":"cqqhcg0up23opl7"},"id":"9huty6qv5jun5sh","previousOperationId":"r06zvvacda60sla"}
{"type":"operationEnd","operationId":"r06zvvacda60sla","timestamp":1674732665016,"id":"n2awfua6wyrdbf5","previousEventId":"gazq06wnfr8w9kg","previousOperationId":"r06zvvacda60sla"}
{"type":"operationStart","subtype":"recipe","name":"chrome-pdf","timestamp":1674732665017,"id":"lcdcvqe4ghxqrkp","previousEventId":"n2awfua6wyrdbf5","operationId":"1sszoos8qbaomo2","previousOperationId":"r06zvvacda60sla"}
{"type":"log","timestamp":1674732665017,"level":"debug","message":"Executing recipe chrome-pdf","meta":{"rootId":"cqqhcg0up23opl7","id":"cqqhcg0up23opl7"},"id":"6vk4roftpbv86dz","previousOperationId":"1sszoos8qbaomo2"}
{"type":"log","timestamp":1674732665025,"level":"debug","message":"Converting with chrome HeadlessChrome/105.0.5173.0 using chrome-pool strategy","meta":{"rootId":"cqqhcg0up23opl7","id":"cqqhcg0up23opl7"},"id":"1z1mmdefpgdtfs7","previousOperationId":"1sszoos8qbaomo2"}
{"type":"log","timestamp":1674732665150,"level":"debug","message":"Page request: GET (document) file:///C:/Users/Johan/AppData/Local/Temp/jsreport/autocleanup/0d38cd3b-26c2-45d5-9533-9c4d0378c1e2-chrome-pdf.html","meta":{"rootId":"cqqhcg0up23opl7","id":"cqqhcg0up23opl7"},"id":"1ztd7o8csvt9o0t","previousOperationId":"1sszoos8qbaomo2"}
{"type":"log","timestamp":1674732665167,"level":"debug","message":"Page request: GET (stylesheet) https://cdnjs.cloudflare.com/ajax/libs/chartist/0.11.0/chartist.min.css","meta":{"rootId":"cqqhcg0up23opl7","id":"cqqhcg0up23opl7"},"id":"mq25mskpafmkpsf","previousOperationId":"1sszoos8qbaomo2"}
{"type":"log","timestamp":1674732665167,"level":"debug","message":"Page request: GET (script) https://cdnjs.cloudflare.com/ajax/libs/chartist/0.11.0/chartist.min.js","meta":{"rootId":"cqqhcg0up23opl7","id":"cqqhcg0up23opl7"},"id":"0oskx5sq1qf6jk1","previousOperationId":"1sszoos8qbaomo2"}
{"type":"log","timestamp":1674732665168,"level":"debug","message":"Page request: GET (script) https://unpkg.com/chartist-plugin-tooltips@0.0.17","meta":{"rootId":"cqqhcg0up23opl7","id":"cqqhcg0up23opl7"},"id":"gfeilulbz18jpfr","previousOperationId":"1sszoos8qbaomo2"}
{"type":"log","timestamp":1674732665168,"level":"debug","message":"Page request: GET (script) https://unpkg.com/chartist-plugin-pointlabels@0.0.6","meta":{"rootId":"cqqhcg0up23opl7","id":"cqqhcg0up23opl7"},"id":"twb43xkl6w938bx","previousOperationId":"1sszoos8qbaomo2"}
{"type":"log","timestamp":1674732665168,"level":"debug","message":"Page request finished: GET (document) 200 file:///C:/Users/Johan/AppData/Local/Temp/jsreport/autocleanup/0d38cd3b-26c2-45d5-9533-9c4d0378c1e2-chrome-pdf.html","meta":{"rootId":"cqqhcg0up23opl7","id":"cqqhcg0up23opl7"},"id":"3ahopqsy9ual40i","previousOperationId":"1sszoos8qbaomo2"}
{"type":"log","timestamp":1674732665174,"level":"warn","message":"Page request failed: GET (script) 302 https://unpkg.com/chartist-plugin-tooltips@0.0.17 (redirect to: /chartist-plugin-tooltips@0.0.17/dist/chartist-plugin-tooltip.js)","meta":{"rootId":"cqqhcg0up23opl7","id":"cqqhcg0up23opl7"},"id":"hqplluc7gt5vntz","previousOperationId":"1sszoos8qbaomo2"}
{"type":"log","timestamp":1674732665174,"level":"debug","message":"Page request: GET (script) https://unpkg.com/chartist-plugin-tooltips@0.0.17/dist/chartist-plugin-tooltip.js (redirect from: https://unpkg.com/chartist-plugin-tooltips@0.0.17)","meta":{"rootId":"cqqhcg0up23opl7","id":"cqqhcg0up23opl7"},"id":"ixy8iwgammnopvb","previousOperationId":"1sszoos8qbaomo2"}
{"type":"log","timestamp":1674732665175,"level":"debug","message":"Page request finished: GET (stylesheet) 200 https://cdnjs.cloudflare.com/ajax/libs/chartist/0.11.0/chartist.min.css","meta":{"rootId":"cqqhcg0up23opl7","id":"cqqhcg0up23opl7"},"id":"jinesx7pw8dpken","previousOperationId":"1sszoos8qbaomo2"}
{"type":"log","timestamp":1674732665175,"level":"warn","message":"Page request failed: GET (script) 302 https://unpkg.com/chartist-plugin-pointlabels@0.0.6 (redirect to: /chartist-plugin-pointlabels@0.0.6/dist/chartist-plugin-pointlabels.js)","meta":{"rootId":"cqqhcg0up23opl7","id":"cqqhcg0up23opl7"},"id":"s43juhquw5shwdx","previousOperationId":"1sszoos8qbaomo2"}
{"type":"log","timestamp":1674732665175,"level":"debug","message":"Page request finished: GET (script) 200 https://cdnjs.cloudflare.com/ajax/libs/chartist/0.11.0/chartist.min.js","meta":{"rootId":"cqqhcg0up23opl7","id":"cqqhcg0up23opl7"},"id":"81k8f7kynp5di0p","previousOperationId":"1sszoos8qbaomo2"}
{"type":"log","timestamp":1674732665176,"level":"debug","message":"Page request: GET (script) https://unpkg.com/chartist-plugin-pointlabels@0.0.6/dist/chartist-plugin-pointlabels.js (redirect from: https://unpkg.com/chartist-plugin-pointlabels@0.0.6)","meta":{"rootId":"cqqhcg0up23opl7","id":"cqqhcg0up23opl7"},"id":"7stosmcow0ego9u","previousOperationId":"1sszoos8qbaomo2"}
{"type":"log","timestamp":1674732665177,"level":"debug","message":"Page request finished: GET (script) 200 https://unpkg.com/chartist-plugin-tooltips@0.0.17/dist/chartist-plugin-tooltip.js","meta":{"rootId":"cqqhcg0up23opl7","id":"cqqhcg0up23opl7"},"id":"m1kgauv251h7kuh","previousOperationId":"1sszoos8qbaomo2"}
{"type":"log","timestamp":1674732665180,"level":"debug","message":"Page request finished: GET (script) 200 https://unpkg.com/chartist-plugin-pointlabels@0.0.6/dist/chartist-plugin-pointlabels.js","meta":{"rootId":"cqqhcg0up23opl7","id":"cqqhcg0up23opl7"},"id":"f7gbcluknokkts4","previousOperationId":"1sszoos8qbaomo2"}
{"type":"log","timestamp":1674732665194,"level":"debug","message":"Running chrome with params {\"printBackground\":true,\"timeout\":59932,\"margin\":{}}","meta":{"rootId":"cqqhcg0up23opl7","id":"cqqhcg0up23opl7"},"id":"8y60c5ifzwoxggl","previousOperationId":"1sszoos8qbaomo2"}
{"type":"operationEnd","operationId":"1sszoos8qbaomo2","timestamp":1674732665229,"id":"9czfauc4x10l91p","previousEventId":"lcdcvqe4ghxqrkp","previousOperationId":"1sszoos8qbaomo2"}
{"type":"log","timestamp":1674732665231,"level":"debug","message":"Skipping storing report.","meta":{"rootId":"cqqhcg0up23opl7","id":"cqqhcg0up23opl7"},"id":"jial8wzjz85ysac","previousOperationId":"1sszoos8qbaomo2"}
{"type":"log","timestamp":1674732665231,"level":"info","message":"Rendering request 19 finished in 278 ms","meta":{"rootId":"cqqhcg0up23opl7","id":"cqqhcg0up23opl7"},"id":"qjxyq6hug2dy2o6","previousOperationId":"1sszoos8qbaomo2"}
{"type":"operationEnd","subtype":"render","operationId":"4o96sfqquxxgyeo","timestamp":1674732665231,"id":"a2dhz82jwwnc4e5","previousEventId":"9czfauc4x10l91p","previousOperationId":"1sszoos8qbaomo2"}
{"type":"operationEnd","doDiffs":false,"previousEventId":"0p0j8zmy2sz4757","previousOperationId":"ys686k13so8pg3u","operationId":"ys686k13so8pg3u","timestamp":1674732665240,"id":"j26dc3p99jz045s"}
