{"type":"operationStart","subtype":"profile","data":{"_id":"OWuZLxXseHK5K5jq","timestamp":"2023-01-26T11:30:47.519Z","state":"queued","mode":"standard","creationDate":"2023-01-26T11:30:47.522Z","modificationDate":"2023-01-26T11:30:47.522Z","shortid":"l-5o0h9","$entitySet":"profiles"},"doDiffs":false,"timestamp":1674732647521,"id":"uj4ups9qbgnc8iu","previousOperationId":null,"operationId":"asdxbv0yejivr11"}
{"type":"log","level":"info","message":"Render request 18 queued for execution and waiting for available worker","previousOperationId":"asdxbv0yejivr11","timestamp":1674732647521,"id":"grbwcjy0p0qojke"}
{"type":"operationStart","subtype":"render","name":"sos","previousOperationId":"asdxbv0yejivr11","timestamp":1674732647532,"id":"1u3qw62hsg1e5t2","previousEventId":"uj4ups9qbgnc8iu","operationId":"fwy958ynb5i3t2f"}
{"type":"log","timestamp":1674732647532,"level":"info","message":"Starting rendering request 18","meta":{"rootId":"ides12v3zwf2982","id":"ides12v3zwf2982"},"id":"8kjtn032ken86lm","previousOperationId":"fwy958ynb5i3t2f"}
{"type":"log","timestamp":1674732647533,"level":"info","message":"Rendering template { name: sos, recipe: chrome-pdf, engine: handlebars, preview: true }","meta":{"rootId":"ides12v3zwf2982","id":"ides12v3zwf2982"},"id":"dhanrjo9rfjt7wq","previousOperationId":"fwy958ynb5i3t2f"}
{"type":"log","timestamp":1674732647535,"level":"debug","message":"Data item not defined for this template.","meta":{"rootId":"ides12v3zwf2982","id":"ides12v3zwf2982"},"id":"36rekljiz8ixr6h","previousOperationId":"fwy958ynb5i3t2f"}
{"type":"log","timestamp":1674732647537,"level":"debug","message":"Base url not specified, skipping its injection.","meta":{"rootId":"ides12v3zwf2982","id":"ides12v3zwf2982"},"id":"na12vc2yxx9ggg6","previousOperationId":"fwy958ynb5i3t2f"}
{"type":"operationStart","subtype":"engine","name":"handlebars","timestamp":1674732647538,"id":"t133pxi6v5drf6z","previousEventId":"1u3qw62hsg1e5t2","operationId":"zuwsfc53ny8dnyq","previousOperationId":"fwy958ynb5i3t2f"}
{"type":"log","timestamp":1674732647538,"level":"debug","message":"Rendering engine handlebars","meta":{"rootId":"ides12v3zwf2982","id":"ides12v3zwf2982"},"id":"ov69xxq9v8wa4ec","previousOperationId":"zuwsfc53ny8dnyq"}
{"type":"operationEnd","operationId":"zuwsfc53ny8dnyq","timestamp":1674732647592,"id":"04mh7dnom21bkfi","previousEventId":"t133pxi6v5drf6z","previousOperationId":"zuwsfc53ny8dnyq"}
{"type":"operationStart","subtype":"recipe","name":"chrome-pdf","timestamp":1674732647593,"id":"23rd5fb4bcam63f","previousEventId":"04mh7dnom21bkfi","operationId":"73vg3zrqj4lofky","previousOperationId":"zuwsfc53ny8dnyq"}
{"type":"log","timestamp":1674732647593,"level":"debug","message":"Executing recipe chrome-pdf","meta":{"rootId":"ides12v3zwf2982","id":"ides12v3zwf2982"},"id":"535zqla59hvuspp","previousOperationId":"73vg3zrqj4lofky"}
{"type":"log","timestamp":1674732647602,"level":"debug","message":"Converting with chrome HeadlessChrome/105.0.5173.0 using chrome-pool strategy","meta":{"rootId":"ides12v3zwf2982","id":"ides12v3zwf2982"},"id":"2gxv6kwrbadkwsl","previousOperationId":"73vg3zrqj4lofky"}
{"type":"log","timestamp":1674732647762,"level":"debug","message":"Page request: GET (document) file:///C:/Users/Johan/AppData/Local/Temp/jsreport/autocleanup/519afb4f-8ae0-485b-9083-2107c520d297-chrome-pdf.html","meta":{"rootId":"ides12v3zwf2982","id":"ides12v3zwf2982"},"id":"nar276gpcawxnwv","previousOperationId":"73vg3zrqj4lofky"}
{"type":"log","timestamp":1674732647803,"level":"debug","message":"Page request finished: GET (document) 200 file:///C:/Users/Johan/AppData/Local/Temp/jsreport/autocleanup/519afb4f-8ae0-485b-9083-2107c520d297-chrome-pdf.html","meta":{"rootId":"ides12v3zwf2982","id":"ides12v3zwf2982"},"id":"wovfyynvtf8dw05","previousOperationId":"73vg3zrqj4lofky"}
{"type":"log","timestamp":1674732647804,"level":"debug","message":"Page request: GET (stylesheet) https://cdnjs.cloudflare.com/ajax/libs/chartist/0.11.0/chartist.min.css","meta":{"rootId":"ides12v3zwf2982","id":"ides12v3zwf2982"},"id":"mwr3z5lfnouv8tx","previousOperationId":"73vg3zrqj4lofky"}
{"type":"log","timestamp":1674732647805,"level":"debug","message":"Page request: GET (script) https://cdnjs.cloudflare.com/ajax/libs/chartist/0.11.0/chartist.min.js","meta":{"rootId":"ides12v3zwf2982","id":"ides12v3zwf2982"},"id":"rjvv8zl3tx3w4ty","previousOperationId":"73vg3zrqj4lofky"}
{"type":"log","timestamp":1674732647805,"level":"debug","message":"Page request: GET (script) https://unpkg.com/chartist-plugin-tooltips@0.0.17","meta":{"rootId":"ides12v3zwf2982","id":"ides12v3zwf2982"},"id":"8iy42c04zl7ymgl","previousOperationId":"73vg3zrqj4lofky"}
{"type":"log","timestamp":1674732647805,"level":"debug","message":"Page request: GET (script) https://unpkg.com/chartist-plugin-pointlabels@0.0.6","meta":{"rootId":"ides12v3zwf2982","id":"ides12v3zwf2982"},"id":"9oxfizszrlilj64","previousOperationId":"73vg3zrqj4lofky"}
{"type":"log","timestamp":1674732647810,"level":"warn","message":"Page request failed: GET (script) 302 https://unpkg.com/chartist-plugin-tooltips@0.0.17 (redirect to: /chartist-plugin-tooltips@0.0.17/dist/chartist-plugin-tooltip.js)","meta":{"rootId":"ides12v3zwf2982","id":"ides12v3zwf2982"},"id":"tz0r3tlrvb6sxkk","previousOperationId":"73vg3zrqj4lofky"}
{"type":"log","timestamp":1674732647810,"level":"debug","message":"Page request: GET (script) https://unpkg.com/chartist-plugin-tooltips@0.0.17/dist/chartist-plugin-tooltip.js (redirect from: https://unpkg.com/chartist-plugin-tooltips@0.0.17)","meta":{"rootId":"ides12v3zwf2982","id":"ides12v3zwf2982"},"id":"5ngzlphvzfweidv","previousOperationId":"73vg3zrqj4lofky"}
{"type":"log","timestamp":1674732647811,"level":"debug","message":"Page request finished: GET (stylesheet) 200 https://cdnjs.cloudflare.com/ajax/libs/chartist/0.11.0/chartist.min.css","meta":{"rootId":"ides12v3zwf2982","id":"ides12v3zwf2982"},"id":"iqwhna5yqrkkbya","previousOperationId":"73vg3zrqj4lofky"}
{"type":"log","timestamp":1674732647813,"level":"warn","message":"Page request failed: GET (script) 302 https://unpkg.com/chartist-plugin-pointlabels@0.0.6 (redirect to: /chartist-plugin-pointlabels@0.0.6/dist/chartist-plugin-pointlabels.js)","meta":{"rootId":"ides12v3zwf2982","id":"ides12v3zwf2982"},"id":"0i099ch5acov211","previousOperationId":"73vg3zrqj4lofky"}
{"type":"log","timestamp":1674732647814,"level":"debug","message":"Page request: GET (script) https://unpkg.com/chartist-plugin-pointlabels@0.0.6/dist/chartist-plugin-pointlabels.js (redirect from: https://unpkg.com/chartist-plugin-pointlabels@0.0.6)","meta":{"rootId":"ides12v3zwf2982","id":"ides12v3zwf2982"},"id":"51qqwrv9aq51lj5","previousOperationId":"73vg3zrqj4lofky"}
{"type":"log","timestamp":1674732647815,"level":"debug","message":"Page request finished: GET (script) 200 https://cdnjs.cloudflare.com/ajax/libs/chartist/0.11.0/chartist.min.js","meta":{"rootId":"ides12v3zwf2982","id":"ides12v3zwf2982"},"id":"pafxpkdikaaqkg3","previousOperationId":"73vg3zrqj4lofky"}
{"type":"log","timestamp":1674732647816,"level":"debug","message":"Page request finished: GET (script) 200 https://unpkg.com/chartist-plugin-tooltips@0.0.17/dist/chartist-plugin-tooltip.js","meta":{"rootId":"ides12v3zwf2982","id":"ides12v3zwf2982"},"id":"5bu0l1keg4q2atw","previousOperationId":"73vg3zrqj4lofky"}
{"type":"log","timestamp":1674732647819,"level":"debug","message":"Page request finished: GET (script) 200 https://unpkg.com/chartist-plugin-pointlabels@0.0.6/dist/chartist-plugin-pointlabels.js","meta":{"rootId":"ides12v3zwf2982","id":"ides12v3zwf2982"},"id":"yoxs4izy1y0h1ug","previousOperationId":"73vg3zrqj4lofky"}
{"type":"log","timestamp":1674732647836,"level":"debug","message":"Running chrome with params {\"printBackground\":true,\"timeout\":59920,\"margin\":{}}","meta":{"rootId":"ides12v3zwf2982","id":"ides12v3zwf2982"},"id":"jdjaha476k4nomf","previousOperationId":"73vg3zrqj4lofky"}
{"type":"operationEnd","operationId":"73vg3zrqj4lofky","timestamp":1674732647858,"id":"dwgawa6xqsasvjm","previousEventId":"23rd5fb4bcam63f","previousOperationId":"73vg3zrqj4lofky"}
{"type":"log","timestamp":1674732647858,"level":"debug","message":"Skipping storing report.","meta":{"rootId":"ides12v3zwf2982","id":"ides12v3zwf2982"},"id":"lm45hc8i1hj1ljc","previousOperationId":"73vg3zrqj4lofky"}
{"type":"log","timestamp":1674732647858,"level":"info","message":"Rendering request 18 finished in 339 ms","meta":{"rootId":"ides12v3zwf2982","id":"ides12v3zwf2982"},"id":"pm71k4yv4s10soe","previousOperationId":"73vg3zrqj4lofky"}
{"type":"operationEnd","subtype":"render","operationId":"fwy958ynb5i3t2f","timestamp":1674732647858,"id":"1l7ug3vrqymrahj","previousEventId":"dwgawa6xqsasvjm","previousOperationId":"73vg3zrqj4lofky"}
{"type":"operationEnd","doDiffs":false,"previousEventId":"uj4ups9qbgnc8iu","previousOperationId":"asdxbv0yejivr11","operationId":"asdxbv0yejivr11","timestamp":1674732647892,"id":"ytl0fgn8p77loiu"}
