{"type":"operationStart","subtype":"profile","data":{"_id":"yBsfWXQJuv5zDBBt","timestamp":"2023-01-26T12:40:21.334Z","state":"queued","mode":"standard","creationDate":"2023-01-26T12:40:21.337Z","modificationDate":"2023-01-26T12:40:21.337Z","shortid":"UvCfy4w","$entitySet":"profiles"},"doDiffs":false,"timestamp":1674736821336,"id":"h3mt9lghsg0k52z","previousOperationId":null,"operationId":"aat0fspes91kxgp"}
{"type":"log","level":"info","message":"Render request 34 queued for execution and waiting for available worker","previousOperationId":"aat0fspes91kxgp","timestamp":1674736821336,"id":"071xh6iyde73djo"}
{"type":"operationStart","subtype":"render","name":"sos","previousOperationId":"aat0fspes91kxgp","timestamp":1674736821350,"id":"h7a7fjpf6h4sdac","previousEventId":"h3mt9lghsg0k52z","operationId":"3v7ihgq89hgyjj1"}
{"type":"log","timestamp":1674736821352,"level":"info","message":"Starting rendering request 34","meta":{"rootId":"muiwhzjq39ca6la","id":"muiwhzjq39ca6la"},"id":"9dafybvc59lsd0d","previousOperationId":"3v7ihgq89hgyjj1"}
{"type":"log","timestamp":1674736821353,"level":"info","message":"Rendering template { name: sos, recipe: chrome-pdf, engine: handlebars, preview: true }","meta":{"rootId":"muiwhzjq39ca6la","id":"muiwhzjq39ca6la"},"id":"f7tjtuaqg6yee73","previousOperationId":"3v7ihgq89hgyjj1"}
{"type":"log","timestamp":1674736821355,"level":"debug","message":"Data item not defined for this template.","meta":{"rootId":"muiwhzjq39ca6la","id":"muiwhzjq39ca6la"},"id":"5s2zgjyix5eaycw","previousOperationId":"3v7ihgq89hgyjj1"}
{"type":"log","timestamp":1674736821360,"level":"debug","message":"Base url not specified, skipping its injection.","meta":{"rootId":"muiwhzjq39ca6la","id":"muiwhzjq39ca6la"},"id":"ur5pexe04d4y4t5","previousOperationId":"3v7ihgq89hgyjj1"}
{"type":"operationStart","subtype":"engine","name":"handlebars","timestamp":1674736821360,"id":"kzbmdvoe892am2i","previousEventId":"h7a7fjpf6h4sdac","operationId":"i5xe4jn7g68h1o4","previousOperationId":"3v7ihgq89hgyjj1"}
{"type":"log","timestamp":1674736821360,"level":"debug","message":"Rendering engine handlebars","meta":{"rootId":"muiwhzjq39ca6la","id":"muiwhzjq39ca6la"},"id":"1dkuf3oobe1tbyc","previousOperationId":"i5xe4jn7g68h1o4"}
{"type":"operationEnd","operationId":"i5xe4jn7g68h1o4","timestamp":1674736821376,"id":"81x04cdvkd01jf3","previousEventId":"kzbmdvoe892am2i","previousOperationId":"i5xe4jn7g68h1o4"}
{"type":"operationStart","subtype":"recipe","name":"chrome-pdf","timestamp":1674736821377,"id":"w5w8vgvccsosimz","previousEventId":"81x04cdvkd01jf3","operationId":"60zbgp8jm8wd9yp","previousOperationId":"i5xe4jn7g68h1o4"}
{"type":"log","timestamp":1674736821377,"level":"debug","message":"Executing recipe chrome-pdf","meta":{"rootId":"muiwhzjq39ca6la","id":"muiwhzjq39ca6la"},"id":"3y7y75qvekmpcvb","previousOperationId":"60zbgp8jm8wd9yp"}
{"type":"log","timestamp":1674736821383,"level":"debug","message":"Converting with chrome HeadlessChrome/105.0.5173.0 using chrome-pool strategy","meta":{"rootId":"muiwhzjq39ca6la","id":"muiwhzjq39ca6la"},"id":"uu72w831uaklka0","previousOperationId":"60zbgp8jm8wd9yp"}
{"type":"log","timestamp":1674736821511,"level":"debug","message":"Page request: GET (document) file:///C:/Users/Johan/AppData/Local/Temp/jsreport/autocleanup/c51f4fab-c55c-4909-b272-23c1993fb803-chrome-pdf.html","meta":{"rootId":"muiwhzjq39ca6la","id":"muiwhzjq39ca6la"},"id":"d5ipnuvcq27sw2m","previousOperationId":"60zbgp8jm8wd9yp"}
{"type":"log","timestamp":1674736821534,"level":"debug","message":"Page request: GET (stylesheet) https://cdnjs.cloudflare.com/ajax/libs/chartist/0.11.0/chartist.min.css","meta":{"rootId":"muiwhzjq39ca6la","id":"muiwhzjq39ca6la"},"id":"hsxjjwmz5fgqjm8","previousOperationId":"60zbgp8jm8wd9yp"}
{"type":"log","timestamp":1674736821534,"level":"debug","message":"Page request: GET (script) https://cdnjs.cloudflare.com/ajax/libs/chartist/0.11.0/chartist.min.js","meta":{"rootId":"muiwhzjq39ca6la","id":"muiwhzjq39ca6la"},"id":"wubeje1evn8g1xo","previousOperationId":"60zbgp8jm8wd9yp"}
{"type":"log","timestamp":1674736821535,"level":"debug","message":"Page request: GET (script) https://unpkg.com/chartist-plugin-tooltips@0.0.17","meta":{"rootId":"muiwhzjq39ca6la","id":"muiwhzjq39ca6la"},"id":"qx6nigloexyrhkk","previousOperationId":"60zbgp8jm8wd9yp"}
{"type":"log","timestamp":1674736821535,"level":"debug","message":"Page request: GET (script) https://unpkg.com/chartist-plugin-pointlabels@0.0.6","meta":{"rootId":"muiwhzjq39ca6la","id":"muiwhzjq39ca6la"},"id":"186owy7zjx3z3kp","previousOperationId":"60zbgp8jm8wd9yp"}
{"type":"log","timestamp":1674736821536,"level":"debug","message":"Page request finished: GET (document) 200 file:///C:/Users/Johan/AppData/Local/Temp/jsreport/autocleanup/c51f4fab-c55c-4909-b272-23c1993fb803-chrome-pdf.html","meta":{"rootId":"muiwhzjq39ca6la","id":"muiwhzjq39ca6la"},"id":"wa8d2lw4aqk0uuu","previousOperationId":"60zbgp8jm8wd9yp"}
{"type":"log","timestamp":1674736821540,"level":"warn","message":"Page request failed: GET (script) 302 https://unpkg.com/chartist-plugin-tooltips@0.0.17 (redirect to: /chartist-plugin-tooltips@0.0.17/dist/chartist-plugin-tooltip.js)","meta":{"rootId":"muiwhzjq39ca6la","id":"muiwhzjq39ca6la"},"id":"s53k2rek8dtmyu9","previousOperationId":"60zbgp8jm8wd9yp"}
{"type":"log","timestamp":1674736821541,"level":"warn","message":"Page request failed: GET (script) 302 https://unpkg.com/chartist-plugin-pointlabels@0.0.6 (redirect to: /chartist-plugin-pointlabels@0.0.6/dist/chartist-plugin-pointlabels.js)","meta":{"rootId":"muiwhzjq39ca6la","id":"muiwhzjq39ca6la"},"id":"hffdab3s7ps1562","previousOperationId":"60zbgp8jm8wd9yp"}
{"type":"log","timestamp":1674736821541,"level":"debug","message":"Page request: GET (script) https://unpkg.com/chartist-plugin-tooltips@0.0.17/dist/chartist-plugin-tooltip.js (redirect from: https://unpkg.com/chartist-plugin-tooltips@0.0.17)","meta":{"rootId":"muiwhzjq39ca6la","id":"muiwhzjq39ca6la"},"id":"08v9qjowj882sxs","previousOperationId":"60zbgp8jm8wd9yp"}
{"type":"log","timestamp":1674736821543,"level":"debug","message":"Page request: GET (script) https://unpkg.com/chartist-plugin-pointlabels@0.0.6/dist/chartist-plugin-pointlabels.js (redirect from: https://unpkg.com/chartist-plugin-pointlabels@0.0.6)","meta":{"rootId":"muiwhzjq39ca6la","id":"muiwhzjq39ca6la"},"id":"9j4mksu5qykk8cj","previousOperationId":"60zbgp8jm8wd9yp"}
{"type":"log","timestamp":1674736821544,"level":"debug","message":"Page request finished: GET (stylesheet) 200 https://cdnjs.cloudflare.com/ajax/libs/chartist/0.11.0/chartist.min.css","meta":{"rootId":"muiwhzjq39ca6la","id":"muiwhzjq39ca6la"},"id":"yjaezfmt7bmcz35","previousOperationId":"60zbgp8jm8wd9yp"}
{"type":"log","timestamp":1674736821545,"level":"debug","message":"Page request finished: GET (script) 200 https://cdnjs.cloudflare.com/ajax/libs/chartist/0.11.0/chartist.min.js","meta":{"rootId":"muiwhzjq39ca6la","id":"muiwhzjq39ca6la"},"id":"oom83dfckmgw9fm","previousOperationId":"60zbgp8jm8wd9yp"}
{"type":"log","timestamp":1674736821548,"level":"debug","message":"Page request finished: GET (script) 200 https://unpkg.com/chartist-plugin-tooltips@0.0.17/dist/chartist-plugin-tooltip.js","meta":{"rootId":"muiwhzjq39ca6la","id":"muiwhzjq39ca6la"},"id":"dvb8k2m7ed6ysgq","previousOperationId":"60zbgp8jm8wd9yp"}
{"type":"log","timestamp":1674736821548,"level":"debug","message":"Page request finished: GET (script) 200 https://unpkg.com/chartist-plugin-pointlabels@0.0.6/dist/chartist-plugin-pointlabels.js","meta":{"rootId":"muiwhzjq39ca6la","id":"muiwhzjq39ca6la"},"id":"0nmjoh6s4d87rx3","previousOperationId":"60zbgp8jm8wd9yp"}
{"type":"log","timestamp":1674736821564,"level":"debug","message":"Running chrome with params {\"printBackground\":true,\"timeout\":59954,\"margin\":{}}","meta":{"rootId":"muiwhzjq39ca6la","id":"muiwhzjq39ca6la"},"id":"lm7e7bke88z21br","previousOperationId":"60zbgp8jm8wd9yp"}
{"type":"operationEnd","operationId":"60zbgp8jm8wd9yp","timestamp":1674736821587,"id":"o1vcn39fanyp4hx","previousEventId":"w5w8vgvccsosimz","previousOperationId":"60zbgp8jm8wd9yp"}
{"type":"log","timestamp":1674736821587,"level":"debug","message":"Skipping storing report.","meta":{"rootId":"muiwhzjq39ca6la","id":"muiwhzjq39ca6la"},"id":"u0sk0f490fknpls","previousOperationId":"60zbgp8jm8wd9yp"}
{"type":"log","timestamp":1674736821588,"level":"info","message":"Rendering request 34 finished in 254 ms","meta":{"rootId":"muiwhzjq39ca6la","id":"muiwhzjq39ca6la"},"id":"xkh7zgo9yfutr99","previousOperationId":"60zbgp8jm8wd9yp"}
{"type":"operationEnd","subtype":"render","operationId":"3v7ihgq89hgyjj1","timestamp":1674736821588,"id":"oooxkxv55rbhggw","previousEventId":"o1vcn39fanyp4hx","previousOperationId":"60zbgp8jm8wd9yp"}
{"type":"operationEnd","doDiffs":false,"previousEventId":"h3mt9lghsg0k52z","previousOperationId":"aat0fspes91kxgp","operationId":"aat0fspes91kxgp","timestamp":1674736821608,"id":"fey2m66gsuo1wej"}
