{"type":"operationStart","subtype":"profile","data":{"_id":"gdiZxl6R28bzlSRN","timestamp":"2023-01-26T16:31:13.531Z","state":"queued","mode":"standard","creationDate":"2023-01-26T16:31:13.533Z","modificationDate":"2023-01-26T16:31:13.533Z","shortid":"NEHqBPB","$entitySet":"profiles"},"doDiffs":false,"timestamp":1674750673532,"id":"0472eha2iyukbhc","previousOperationId":null,"operationId":"am4d90lj6310u5l"}
{"type":"log","level":"info","message":"Render request 2 queued for execution and waiting for available worker","previousOperationId":"am4d90lj6310u5l","timestamp":1674750673532,"id":"qkpr6y0248al6gv"}
{"type":"operationStart","subtype":"render","name":"sos","previousOperationId":"am4d90lj6310u5l","timestamp":1674750673547,"id":"3icj5z6hl4fj927","previousEventId":"0472eha2iyukbhc","operationId":"crcbi060g24729a"}
{"type":"log","timestamp":1674750673547,"level":"info","message":"Starting rendering request 2","meta":{"rootId":"wt1672tccf1q629","id":"wt1672tccf1q629"},"id":"tj6o4x2btzsypd0","previousOperationId":"crcbi060g24729a"}
{"type":"log","timestamp":1674750673548,"level":"info","message":"Rendering template { name: sos, recipe: chrome-pdf, engine: handlebars, preview: true }","meta":{"rootId":"wt1672tccf1q629","id":"wt1672tccf1q629"},"id":"88qfo0wy8tht2kv","previousOperationId":"crcbi060g24729a"}
{"type":"log","timestamp":1674750673550,"level":"debug","message":"Data item not defined for this template.","meta":{"rootId":"wt1672tccf1q629","id":"wt1672tccf1q629"},"id":"2m4i414hmkc02h9","previousOperationId":"crcbi060g24729a"}
{"type":"log","timestamp":1674750673558,"level":"debug","message":"Base url not specified, skipping its injection.","meta":{"rootId":"wt1672tccf1q629","id":"wt1672tccf1q629"},"id":"0vplf9q9rbk6h0o","previousOperationId":"crcbi060g24729a"}
{"type":"operationStart","subtype":"engine","name":"handlebars","timestamp":1674750673558,"id":"wc2kgs1gb6ex0pf","previousEventId":"3icj5z6hl4fj927","operationId":"3w56xgn60irdbqa","previousOperationId":"crcbi060g24729a"}
{"type":"log","timestamp":1674750673558,"level":"debug","message":"Rendering engine handlebars","meta":{"rootId":"wt1672tccf1q629","id":"wt1672tccf1q629"},"id":"bft2rums2qaan68","previousOperationId":"3w56xgn60irdbqa"}
{"type":"operationEnd","operationId":"3w56xgn60irdbqa","timestamp":1674750673580,"id":"s83juy40rgehou0","previousEventId":"wc2kgs1gb6ex0pf","previousOperationId":"3w56xgn60irdbqa"}
{"type":"operationStart","subtype":"recipe","name":"chrome-pdf","timestamp":1674750673580,"id":"4gvicxpaw35fu6z","previousEventId":"s83juy40rgehou0","operationId":"vgn8mc39npllkih","previousOperationId":"3w56xgn60irdbqa"}
{"type":"log","timestamp":1674750673580,"level":"debug","message":"Executing recipe chrome-pdf","meta":{"rootId":"wt1672tccf1q629","id":"wt1672tccf1q629"},"id":"s17uyj2aqtu9t41","previousOperationId":"vgn8mc39npllkih"}
{"type":"log","timestamp":1674750673585,"level":"debug","message":"Converting with chrome HeadlessChrome/105.0.5173.0 using chrome-pool strategy","meta":{"rootId":"wt1672tccf1q629","id":"wt1672tccf1q629"},"id":"5wtwe0r4sycljh5","previousOperationId":"vgn8mc39npllkih"}
{"type":"log","timestamp":1674750673705,"level":"debug","message":"Page request: GET (document) file:///C:/Users/Johan/AppData/Local/Temp/jsreport/autocleanup/28d0c7c7-d315-459e-b69e-9135fd9861de-chrome-pdf.html","meta":{"rootId":"wt1672tccf1q629","id":"wt1672tccf1q629"},"id":"75rwpvaauyaypry","previousOperationId":"vgn8mc39npllkih"}
{"type":"log","timestamp":1674750673732,"level":"debug","message":"Page request: GET (stylesheet) https://cdnjs.cloudflare.com/ajax/libs/chartist/0.11.0/chartist.min.css","meta":{"rootId":"wt1672tccf1q629","id":"wt1672tccf1q629"},"id":"0k9a1ngg8xby529","previousOperationId":"vgn8mc39npllkih"}
{"type":"log","timestamp":1674750673733,"level":"debug","message":"Page request finished: GET (document) 200 file:///C:/Users/Johan/AppData/Local/Temp/jsreport/autocleanup/28d0c7c7-d315-459e-b69e-9135fd9861de-chrome-pdf.html","meta":{"rootId":"wt1672tccf1q629","id":"wt1672tccf1q629"},"id":"c0p3bkkbujafmmp","previousOperationId":"vgn8mc39npllkih"}
{"type":"log","timestamp":1674750673733,"level":"debug","message":"Page request: GET (script) https://cdnjs.cloudflare.com/ajax/libs/chartist/0.11.0/chartist.min.js","meta":{"rootId":"wt1672tccf1q629","id":"wt1672tccf1q629"},"id":"hyt6n0tbjz9wwvu","previousOperationId":"vgn8mc39npllkih"}
{"type":"log","timestamp":1674750673733,"level":"debug","message":"Page request: GET (script) https://unpkg.com/chartist-plugin-tooltips@0.0.17","meta":{"rootId":"wt1672tccf1q629","id":"wt1672tccf1q629"},"id":"dylwfqr5h6unp2r","previousOperationId":"vgn8mc39npllkih"}
{"type":"log","timestamp":1674750673734,"level":"debug","message":"Page request: GET (script) https://unpkg.com/chartist-plugin-pointlabels@0.0.6","meta":{"rootId":"wt1672tccf1q629","id":"wt1672tccf1q629"},"id":"48stc14fl75u10a","previousOperationId":"vgn8mc39npllkih"}
{"type":"log","timestamp":1674750673739,"level":"debug","message":"Page request finished: GET (stylesheet) 200 https://cdnjs.cloudflare.com/ajax/libs/chartist/0.11.0/chartist.min.css","meta":{"rootId":"wt1672tccf1q629","id":"wt1672tccf1q629"},"id":"6a5ysriohp8bgeg","previousOperationId":"vgn8mc39npllkih"}
{"type":"log","timestamp":1674750673740,"level":"warn","message":"Page request failed: GET (script) 302 https://unpkg.com/chartist-plugin-tooltips@0.0.17 (redirect to: /chartist-plugin-tooltips@0.0.17/dist/chartist-plugin-tooltip.js)","meta":{"rootId":"wt1672tccf1q629","id":"wt1672tccf1q629"},"id":"89wx0yy1uaakldl","previousOperationId":"vgn8mc39npllkih"}
{"type":"log","timestamp":1674750673740,"level":"warn","message":"Page request failed: GET (script) 302 https://unpkg.com/chartist-plugin-pointlabels@0.0.6 (redirect to: /chartist-plugin-pointlabels@0.0.6/dist/chartist-plugin-pointlabels.js)","meta":{"rootId":"wt1672tccf1q629","id":"wt1672tccf1q629"},"id":"1tik3wfju6c09l6","previousOperationId":"vgn8mc39npllkih"}
{"type":"log","timestamp":1674750673740,"level":"debug","message":"Page request: GET (script) https://unpkg.com/chartist-plugin-tooltips@0.0.17/dist/chartist-plugin-tooltip.js (redirect from: https://unpkg.com/chartist-plugin-tooltips@0.0.17)","meta":{"rootId":"wt1672tccf1q629","id":"wt1672tccf1q629"},"id":"w1pwjbwr6fpdgqs","previousOperationId":"vgn8mc39npllkih"}
{"type":"log","timestamp":1674750673741,"level":"debug","message":"Page request: GET (script) https://unpkg.com/chartist-plugin-pointlabels@0.0.6/dist/chartist-plugin-pointlabels.js (redirect from: https://unpkg.com/chartist-plugin-pointlabels@0.0.6)","meta":{"rootId":"wt1672tccf1q629","id":"wt1672tccf1q629"},"id":"thws2glz52k04oq","previousOperationId":"vgn8mc39npllkih"}
{"type":"log","timestamp":1674750673741,"level":"debug","message":"Page request finished: GET (script) 200 https://cdnjs.cloudflare.com/ajax/libs/chartist/0.11.0/chartist.min.js","meta":{"rootId":"wt1672tccf1q629","id":"wt1672tccf1q629"},"id":"cvn9zelo5fpcevk","previousOperationId":"vgn8mc39npllkih"}
{"type":"log","timestamp":1674750673746,"level":"debug","message":"Page request finished: GET (script) 200 https://unpkg.com/chartist-plugin-tooltips@0.0.17/dist/chartist-plugin-tooltip.js","meta":{"rootId":"wt1672tccf1q629","id":"wt1672tccf1q629"},"id":"tmdquf0xb9yav8d","previousOperationId":"vgn8mc39npllkih"}
{"type":"log","timestamp":1674750673747,"level":"debug","message":"Page request finished: GET (script) 200 https://unpkg.com/chartist-plugin-pointlabels@0.0.6/dist/chartist-plugin-pointlabels.js","meta":{"rootId":"wt1672tccf1q629","id":"wt1672tccf1q629"},"id":"q8hvzz4qjzgvn7t","previousOperationId":"vgn8mc39npllkih"}
{"type":"log","timestamp":1674750673767,"level":"debug","message":"Running chrome with params {\"printBackground\":true,\"timeout\":59948,\"margin\":{}}","meta":{"rootId":"wt1672tccf1q629","id":"wt1672tccf1q629"},"id":"382tlwwazvj8bim","previousOperationId":"vgn8mc39npllkih"}
{"type":"operationEnd","operationId":"vgn8mc39npllkih","timestamp":1674750673787,"id":"iluochtw9100srv","previousEventId":"4gvicxpaw35fu6z","previousOperationId":"vgn8mc39npllkih"}
{"type":"log","timestamp":1674750673787,"level":"debug","message":"Skipping storing report.","meta":{"rootId":"wt1672tccf1q629","id":"wt1672tccf1q629"},"id":"hft7yod8kqwdgf6","previousOperationId":"vgn8mc39npllkih"}
{"type":"log","timestamp":1674750673787,"level":"info","message":"Rendering request 2 finished in 256 ms","meta":{"rootId":"wt1672tccf1q629","id":"wt1672tccf1q629"},"id":"99klthpkgtdfztg","previousOperationId":"vgn8mc39npllkih"}
{"type":"operationEnd","subtype":"render","operationId":"crcbi060g24729a","timestamp":1674750673787,"id":"c3jujf73vdkcan6","previousEventId":"iluochtw9100srv","previousOperationId":"vgn8mc39npllkih"}
{"type":"operationEnd","doDiffs":false,"previousEventId":"0472eha2iyukbhc","previousOperationId":"am4d90lj6310u5l","operationId":"am4d90lj6310u5l","timestamp":1674750673794,"id":"0xid5tx4mrkeawz"}
