{"type":"operationStart","subtype":"profile","data":{"_id":"2gXU4WH81y3geDfY","timestamp":"2023-01-22T20:36:43.476Z","state":"queued","mode":"standard","creationDate":"2023-01-22T20:36:43.479Z","modificationDate":"2023-01-22T20:36:43.479Z","shortid":"9jUz8zB","$entitySet":"profiles"},"doDiffs":false,"timestamp":1674419803478,"id":"3rr5jsn893jx8tj","previousOperationId":null,"operationId":"3vsx762um8cibpg"}
{"type":"log","level":"info","message":"Render request 13 queued for execution and waiting for available worker","previousOperationId":"3vsx762um8cibpg","timestamp":1674419803478,"id":"h6gksva92bc8n95"}
{"type":"operationStart","subtype":"render","name":"Data","previousOperationId":"3vsx762um8cibpg","timestamp":1674419803493,"id":"fs8wm8v41fzyjfm","previousEventId":"3rr5jsn893jx8tj","operationId":"yqe07d1aglyfk6b"}
{"type":"log","timestamp":1674419803496,"level":"info","message":"Starting rendering request 13","meta":{"rootId":"0wbg3lic3w8j9nk","id":"0wbg3lic3w8j9nk"},"id":"r60sv49jf3smaxp","previousOperationId":"yqe07d1aglyfk6b"}
{"type":"log","timestamp":1674419803496,"level":"info","message":"Rendering template { name: Data, recipe: chrome-pdf, engine: handlebars, preview: true }","meta":{"rootId":"0wbg3lic3w8j9nk","id":"0wbg3lic3w8j9nk"},"id":"jnkyj7tqg23lyum","previousOperationId":"yqe07d1aglyfk6b"}
{"type":"log","timestamp":1674419803496,"level":"debug","message":"Data item not defined for this template.","meta":{"rootId":"0wbg3lic3w8j9nk","id":"0wbg3lic3w8j9nk"},"id":"pmydvewx0fdhc1s","previousOperationId":"yqe07d1aglyfk6b"}
{"type":"log","timestamp":1674419803501,"level":"debug","message":"Executing script testing (beforeRender)","meta":{"rootId":"0wbg3lic3w8j9nk","id":"0wbg3lic3w8j9nk"},"id":"z0j3ajtwx992o8z","previousOperationId":"yqe07d1aglyfk6b"}
{"type":"operationStart","subtype":"scriptsBeforeRender","name":"scripts beforeRender","timestamp":1674419803645,"id":"4mygi5wwcdlcyd6","previousEventId":"fs8wm8v41fzyjfm","operationId":"iafn5e0obeyc6mp","previousOperationId":"yqe07d1aglyfk6b"}
{"type":"operationStart","subtype":"script","name":"scripts testing","previousOperationId":"iafn5e0obeyc6mp","timestamp":1674419803645,"id":"9ztn588i0s8gba6","previousEventId":"4mygi5wwcdlcyd6","operationId":"5om2qk6iobfzli4"}
{"type":"log","timestamp":1674419803645,"level":"debug","message":"(console:log) hello","meta":{"userLevel":true,"rootId":"0wbg3lic3w8j9nk","id":"0wbg3lic3w8j9nk"},"id":"sei1ekb4hm2qxqu","previousOperationId":"5om2qk6iobfzli4"}
{"type":"log","timestamp":1674419803812,"level":"debug","message":"(console:log) { error: 'You need to sign in or sign up before continuing.' }","meta":{"userLevel":true,"rootId":"0wbg3lic3w8j9nk","id":"0wbg3lic3w8j9nk"},"id":"gf3it8wb2s6y5db","previousOperationId":"5om2qk6iobfzli4"}
{"type":"log","timestamp":1674419803812,"level":"debug","message":"(console:log) {\n  posts: { error: 'You need to sign in or sign up before continuing.' }\n}","meta":{"userLevel":true,"rootId":"0wbg3lic3w8j9nk","id":"0wbg3lic3w8j9nk"},"id":"o4bkyavjs9h7rhj","previousOperationId":"5om2qk6iobfzli4"}
{"type":"operationEnd","operationId":"5om2qk6iobfzli4","timestamp":1674419803812,"id":"w5pksb2vgj8qzmh","previousEventId":"fs8wm8v41fzyjfm","previousOperationId":"yqe07d1aglyfk6b"}
{"type":"operationEnd","operationId":"iafn5e0obeyc6mp","timestamp":1674419803812,"id":"wp6tbvmerfcipk8","previousEventId":"w5pksb2vgj8qzmh","previousOperationId":"yqe07d1aglyfk6b"}
{"type":"log","timestamp":1674419803812,"level":"debug","message":"Base url not specified, skipping its injection.","meta":{"rootId":"0wbg3lic3w8j9nk","id":"0wbg3lic3w8j9nk"},"id":"ngsvsceymm03hg8","previousOperationId":"iafn5e0obeyc6mp"}
{"type":"operationStart","subtype":"engine","name":"handlebars","timestamp":1674419803813,"id":"uvaty38el0am6xc","previousEventId":"wp6tbvmerfcipk8","operationId":"7wtuv7wlt2o3uyy","previousOperationId":"iafn5e0obeyc6mp"}
{"type":"log","timestamp":1674419803813,"level":"debug","message":"Rendering engine handlebars","meta":{"rootId":"0wbg3lic3w8j9nk","id":"0wbg3lic3w8j9nk"},"id":"f89xjwuw9g5pcb9","previousOperationId":"7wtuv7wlt2o3uyy"}
{"type":"operationEnd","operationId":"7wtuv7wlt2o3uyy","timestamp":1674419803834,"id":"du8oe5l71kb0we4","previousEventId":"uvaty38el0am6xc","previousOperationId":"7wtuv7wlt2o3uyy"}
{"type":"operationStart","subtype":"recipe","name":"chrome-pdf","timestamp":1674419803836,"id":"lyq3jzv82qaso2t","previousEventId":"du8oe5l71kb0we4","operationId":"s7x0kve3edr2cja","previousOperationId":"7wtuv7wlt2o3uyy"}
{"type":"log","timestamp":1674419803836,"level":"debug","message":"Executing recipe chrome-pdf","meta":{"rootId":"0wbg3lic3w8j9nk","id":"0wbg3lic3w8j9nk"},"id":"npcpkfj9ok8dkx4","previousOperationId":"s7x0kve3edr2cja"}
{"type":"log","timestamp":1674419804918,"level":"debug","message":"Converting with chrome HeadlessChrome/105.0.5173.0 using chrome-pool strategy","meta":{"rootId":"0wbg3lic3w8j9nk","id":"0wbg3lic3w8j9nk"},"id":"lxc6ms6cbauf7xz","previousOperationId":"s7x0kve3edr2cja"}
{"type":"log","timestamp":1674419805617,"level":"debug","message":"Page request: GET (document) file:///C:/Users/Johan/AppData/Local/Temp/jsreport/autocleanup/368c49c8-bb83-4484-8e23-a011a5e910b7-chrome-pdf.html","meta":{"rootId":"0wbg3lic3w8j9nk","id":"0wbg3lic3w8j9nk"},"id":"gfeszso44gifxd8","previousOperationId":"s7x0kve3edr2cja"}
{"type":"log","timestamp":1674419805640,"level":"debug","message":"Page request finished: GET (document) 200 file:///C:/Users/Johan/AppData/Local/Temp/jsreport/autocleanup/368c49c8-bb83-4484-8e23-a011a5e910b7-chrome-pdf.html","meta":{"rootId":"0wbg3lic3w8j9nk","id":"0wbg3lic3w8j9nk"},"id":"4ebnn1gpqmvgm13","previousOperationId":"s7x0kve3edr2cja"}
{"type":"log","timestamp":1674419805649,"level":"debug","message":"Running chrome with params {\"printBackground\":true,\"timeout\":59416,\"margin\":{}}","meta":{"rootId":"0wbg3lic3w8j9nk","id":"0wbg3lic3w8j9nk"},"id":"xhqvlv41wvzal6e","previousOperationId":"s7x0kve3edr2cja"}
{"type":"operationEnd","operationId":"s7x0kve3edr2cja","timestamp":1674419805671,"id":"orzw8kkqfpgiyzo","previousEventId":"lyq3jzv82qaso2t","previousOperationId":"s7x0kve3edr2cja"}
{"type":"log","timestamp":1674419805673,"level":"debug","message":"Skipping storing report.","meta":{"rootId":"0wbg3lic3w8j9nk","id":"0wbg3lic3w8j9nk"},"id":"0dp7crqkb90r894","previousOperationId":"s7x0kve3edr2cja"}
{"type":"log","timestamp":1674419805673,"level":"info","message":"Rendering request 13 finished in 2197 ms","meta":{"rootId":"0wbg3lic3w8j9nk","id":"0wbg3lic3w8j9nk"},"id":"apg0n20k1o3z0xl","previousOperationId":"s7x0kve3edr2cja"}
{"type":"operationEnd","subtype":"render","operationId":"yqe07d1aglyfk6b","timestamp":1674419805674,"id":"49soqbdt7lo6bs2","previousEventId":"orzw8kkqfpgiyzo","previousOperationId":"s7x0kve3edr2cja"}
{"type":"operationEnd","doDiffs":false,"previousEventId":"3rr5jsn893jx8tj","previousOperationId":"3vsx762um8cibpg","operationId":"3vsx762um8cibpg","timestamp":1674419805690,"id":"dhwamgtclt6dugj"}
