{"type":"operationStart","subtype":"profile","data":{"_id":"eHo1V6qwec4JZuGd","timestamp":"2023-01-23T20:32:44.847Z","state":"queued","mode":"standard","creationDate":"2023-01-23T20:32:44.852Z","modificationDate":"2023-01-23T20:32:44.852Z","shortid":"m49moeP","$entitySet":"profiles"},"doDiffs":false,"timestamp":1674505964850,"id":"gks6bgedo7d6arn","previousOperationId":null,"operationId":"j1hzs4xfyj47ona"}
{"type":"log","level":"info","message":"Render request 3 queued for execution and waiting for available worker","previousOperationId":"j1hzs4xfyj47ona","timestamp":1674505964850,"id":"9490qob34np9793"}
{"type":"operationStart","subtype":"render","name":"Data","previousOperationId":"j1hzs4xfyj47ona","timestamp":1674505964865,"id":"da5l52mhh31smy2","previousEventId":"gks6bgedo7d6arn","operationId":"5jyx78xyng1lzth"}
{"type":"log","timestamp":1674505964865,"level":"info","message":"Starting rendering request 3","meta":{"rootId":"6b92uv86lgghvfb","id":"6b92uv86lgghvfb"},"id":"5sl11gbzv7ht1it","previousOperationId":"5jyx78xyng1lzth"}
{"type":"log","timestamp":1674505964865,"level":"info","message":"Rendering template { name: Data, recipe: chrome-pdf, engine: handlebars, preview: true }","meta":{"rootId":"6b92uv86lgghvfb","id":"6b92uv86lgghvfb"},"id":"0tqhqei4ssmz92x","previousOperationId":"5jyx78xyng1lzth"}
{"type":"log","timestamp":1674505964865,"level":"debug","message":"Data item not defined for this template.","meta":{"rootId":"6b92uv86lgghvfb","id":"6b92uv86lgghvfb"},"id":"8kd7knexog23wpm","previousOperationId":"5jyx78xyng1lzth"}
{"type":"log","timestamp":1674505964867,"level":"debug","message":"Executing script testing (beforeRender)","meta":{"rootId":"6b92uv86lgghvfb","id":"6b92uv86lgghvfb"},"id":"58dprdsyw2sa8gf","previousOperationId":"5jyx78xyng1lzth"}
{"type":"operationStart","subtype":"scriptsBeforeRender","name":"scripts beforeRender","timestamp":1674505965036,"id":"702w29s0hj7c8ke","previousEventId":"da5l52mhh31smy2","operationId":"ejcgrkvews5b1nj","previousOperationId":"5jyx78xyng1lzth"}
{"type":"operationStart","subtype":"script","name":"scripts testing","previousOperationId":"ejcgrkvews5b1nj","timestamp":1674505965036,"id":"yl8aiho3ldok0x9","previousEventId":"702w29s0hj7c8ke","operationId":"zljgk2sumihpu1r"}
{"type":"log","timestamp":1674505965189,"level":"debug","message":"(console:log) undefined","meta":{"userLevel":true,"rootId":"6b92uv86lgghvfb","id":"6b92uv86lgghvfb"},"id":"lnxgcm9ymb4etq6","previousOperationId":"zljgk2sumihpu1r"}
{"type":"operationEnd","operationId":"zljgk2sumihpu1r","timestamp":1674505965190,"id":"hcoyhq2e0szmcig","previousEventId":"da5l52mhh31smy2","previousOperationId":"5jyx78xyng1lzth"}
{"type":"operationEnd","operationId":"ejcgrkvews5b1nj","timestamp":1674505965190,"id":"z15a0p36jerl0gl","previousEventId":"hcoyhq2e0szmcig","previousOperationId":"5jyx78xyng1lzth"}
{"type":"log","timestamp":1674505965190,"level":"debug","message":"Base url not specified, skipping its injection.","meta":{"rootId":"6b92uv86lgghvfb","id":"6b92uv86lgghvfb"},"id":"xrvd8w083fvmdkl","previousOperationId":"ejcgrkvews5b1nj"}
{"type":"operationStart","subtype":"engine","name":"handlebars","timestamp":1674505965190,"id":"xphq3hz9fyrdnun","previousEventId":"z15a0p36jerl0gl","operationId":"ea53aa7uswxya62","previousOperationId":"ejcgrkvews5b1nj"}
{"type":"log","timestamp":1674505965190,"level":"debug","message":"Rendering engine handlebars","meta":{"rootId":"6b92uv86lgghvfb","id":"6b92uv86lgghvfb"},"id":"agzbk8ouu94nx4p","previousOperationId":"ea53aa7uswxya62"}
{"type":"operationEnd","operationId":"ea53aa7uswxya62","timestamp":1674505965208,"id":"t6wcxajg7fup7gy","previousEventId":"xphq3hz9fyrdnun","previousOperationId":"ea53aa7uswxya62"}
{"type":"operationStart","subtype":"recipe","name":"chrome-pdf","timestamp":1674505965209,"id":"30dfy5hpy3s2bny","previousEventId":"t6wcxajg7fup7gy","operationId":"ixuat9rzmytpnw4","previousOperationId":"ea53aa7uswxya62"}
{"type":"log","timestamp":1674505965209,"level":"debug","message":"Executing recipe chrome-pdf","meta":{"rootId":"6b92uv86lgghvfb","id":"6b92uv86lgghvfb"},"id":"rw9xqujvhm1vf1r","previousOperationId":"ixuat9rzmytpnw4"}
{"type":"log","timestamp":1674505965216,"level":"debug","message":"Converting with chrome HeadlessChrome/105.0.5173.0 using chrome-pool strategy","meta":{"rootId":"6b92uv86lgghvfb","id":"6b92uv86lgghvfb"},"id":"3berv9tvhdst9x8","previousOperationId":"ixuat9rzmytpnw4"}
{"type":"log","timestamp":1674505965349,"level":"debug","message":"Page request: GET (document) file:///C:/Users/Johan/AppData/Local/Temp/jsreport/autocleanup/ae2843e4-045a-43c5-af7a-0594c7a883a5-chrome-pdf.html","meta":{"rootId":"6b92uv86lgghvfb","id":"6b92uv86lgghvfb"},"id":"k9dju2tddbo3c60","previousOperationId":"ixuat9rzmytpnw4"}
{"type":"log","timestamp":1674505965364,"level":"debug","message":"Page request finished: GET (document) 200 file:///C:/Users/Johan/AppData/Local/Temp/jsreport/autocleanup/ae2843e4-045a-43c5-af7a-0594c7a883a5-chrome-pdf.html","meta":{"rootId":"6b92uv86lgghvfb","id":"6b92uv86lgghvfb"},"id":"0sfmm5vp2ktzj8j","previousOperationId":"ixuat9rzmytpnw4"}
{"type":"log","timestamp":1674505965366,"level":"debug","message":"Running chrome with params {\"printBackground\":true,\"timeout\":59634,\"margin\":{}}","meta":{"rootId":"6b92uv86lgghvfb","id":"6b92uv86lgghvfb"},"id":"mw6zpzadi8p86so","previousOperationId":"ixuat9rzmytpnw4"}
{"type":"operationEnd","operationId":"ixuat9rzmytpnw4","timestamp":1674505965383,"id":"k6y39uhlodwcx54","previousEventId":"30dfy5hpy3s2bny","previousOperationId":"ixuat9rzmytpnw4"}
{"type":"log","timestamp":1674505965383,"level":"debug","message":"Skipping storing report.","meta":{"rootId":"6b92uv86lgghvfb","id":"6b92uv86lgghvfb"},"id":"darvdqjrl3ojvzy","previousOperationId":"ixuat9rzmytpnw4"}
{"type":"log","timestamp":1674505965384,"level":"info","message":"Rendering request 3 finished in 537 ms","meta":{"rootId":"6b92uv86lgghvfb","id":"6b92uv86lgghvfb"},"id":"z2dkio8zdeu36ty","previousOperationId":"ixuat9rzmytpnw4"}
{"type":"operationEnd","subtype":"render","operationId":"5jyx78xyng1lzth","timestamp":1674505965384,"id":"jpwq417o9cjr6i4","previousEventId":"k6y39uhlodwcx54","previousOperationId":"ixuat9rzmytpnw4"}
{"type":"operationEnd","doDiffs":false,"previousEventId":"gks6bgedo7d6arn","previousOperationId":"j1hzs4xfyj47ona","operationId":"j1hzs4xfyj47ona","timestamp":1674505965392,"id":"hhfjbujp1r2z7h9"}
