{"type":"operationStart","subtype":"profile","data":{"_id":"mfT0xFX9rqcWFvRN","timestamp":"2023-01-21T23:21:33.171Z","state":"queued","mode":"standard","creationDate":"2023-01-21T23:21:33.174Z","modificationDate":"2023-01-21T23:21:33.174Z","shortid":"1vGWn-a","$entitySet":"profiles"},"doDiffs":false,"timestamp":1674343293172,"id":"b9ilmr2c5gnqhe5","previousOperationId":null,"operationId":"c4t3vliqy4v20u6"}
{"type":"log","level":"info","message":"Render request 3 queued for execution and waiting for available worker","previousOperationId":"c4t3vliqy4v20u6","timestamp":1674343293173,"id":"kp70bb5j9rmeya4"}
{"type":"operationStart","subtype":"render","name":"Data","previousOperationId":"c4t3vliqy4v20u6","timestamp":1674343293178,"id":"fdfh2ig7lp8tbfr","previousEventId":"b9ilmr2c5gnqhe5","operationId":"x1m9k4gd40u75cv"}
{"type":"log","timestamp":1674343293178,"level":"info","message":"Starting rendering request 3","meta":{"rootId":"7du19zdanmdrx0o","id":"7du19zdanmdrx0o"},"id":"gxi5vwgudgimpgc","previousOperationId":"x1m9k4gd40u75cv"}
{"type":"log","timestamp":1674343293179,"level":"info","message":"Rendering template { name: Data, recipe: chrome-pdf, engine: handlebars, preview: false }","meta":{"rootId":"7du19zdanmdrx0o","id":"7du19zdanmdrx0o"},"id":"rl2uq49f93eppqj","previousOperationId":"x1m9k4gd40u75cv"}
{"type":"log","timestamp":1674343293179,"level":"debug","message":"Data item not defined for this template.","meta":{"rootId":"7du19zdanmdrx0o","id":"7du19zdanmdrx0o"},"id":"7xcw6p1ht26g053","previousOperationId":"x1m9k4gd40u75cv"}
{"type":"log","timestamp":1674343293181,"level":"debug","message":"Base url not specified, skipping its injection.","meta":{"rootId":"7du19zdanmdrx0o","id":"7du19zdanmdrx0o"},"id":"s9llkjf95y07mhn","previousOperationId":"x1m9k4gd40u75cv"}
{"type":"operationStart","subtype":"engine","name":"handlebars","timestamp":1674343293181,"id":"j3i81n0y9uxk8y6","previousEventId":"fdfh2ig7lp8tbfr","operationId":"m3a5ql158sid140","previousOperationId":"x1m9k4gd40u75cv"}
{"type":"log","timestamp":1674343293182,"level":"debug","message":"Rendering engine handlebars","meta":{"rootId":"7du19zdanmdrx0o","id":"7du19zdanmdrx0o"},"id":"k6rksgakqrmj8e5","previousOperationId":"m3a5ql158sid140"}
{"type":"operationEnd","operationId":"m3a5ql158sid140","timestamp":1674343294336,"id":"lz1fy7vyonqmxed","previousEventId":"j3i81n0y9uxk8y6","previousOperationId":"m3a5ql158sid140"}
{"type":"operationStart","subtype":"recipe","name":"chrome-pdf","timestamp":1674343294338,"id":"pc65hy1ukoq35rl","previousEventId":"lz1fy7vyonqmxed","operationId":"4ao2s15k4xz8b86","previousOperationId":"m3a5ql158sid140"}
{"type":"log","timestamp":1674343294338,"level":"debug","message":"Executing recipe chrome-pdf","meta":{"rootId":"7du19zdanmdrx0o","id":"7du19zdanmdrx0o"},"id":"wqdlhu2t52bgkb8","previousOperationId":"4ao2s15k4xz8b86"}
{"type":"log","timestamp":1674343294803,"level":"debug","message":"Converting with chrome HeadlessChrome/105.0.5173.0 using chrome-pool strategy","meta":{"rootId":"7du19zdanmdrx0o","id":"7du19zdanmdrx0o"},"id":"2c93glcs5huikdb","previousOperationId":"4ao2s15k4xz8b86"}
{"type":"log","timestamp":1674343295049,"level":"debug","message":"Page request: GET (document) file:///C:/Users/Johan/AppData/Local/Temp/jsreport/autocleanup/cdf13fab-8670-447e-b0a9-d8fc5f657679-chrome-pdf.html","meta":{"rootId":"7du19zdanmdrx0o","id":"7du19zdanmdrx0o"},"id":"1tpa2ea9qe6s82c","previousOperationId":"4ao2s15k4xz8b86"}
{"type":"log","timestamp":1674343295071,"level":"debug","message":"Page request finished: GET (document) 200 file:///C:/Users/Johan/AppData/Local/Temp/jsreport/autocleanup/cdf13fab-8670-447e-b0a9-d8fc5f657679-chrome-pdf.html","meta":{"rootId":"7du19zdanmdrx0o","id":"7du19zdanmdrx0o"},"id":"skv6m34n3thsguz","previousOperationId":"4ao2s15k4xz8b86"}
{"type":"log","timestamp":1674343295088,"level":"debug","message":"Running chrome with params {\"printBackground\":true,\"timeout\":58599,\"margin\":{}}","meta":{"rootId":"7du19zdanmdrx0o","id":"7du19zdanmdrx0o"},"id":"tokgga9fepzri8k","previousOperationId":"4ao2s15k4xz8b86"}
{"type":"operationEnd","operationId":"4ao2s15k4xz8b86","timestamp":1674343295139,"id":"lycjmxmcxzmagvy","previousEventId":"pc65hy1ukoq35rl","previousOperationId":"4ao2s15k4xz8b86"}
{"type":"log","timestamp":1674343295141,"level":"debug","message":"Skipping storing report.","meta":{"rootId":"7du19zdanmdrx0o","id":"7du19zdanmdrx0o"},"id":"89nzbxzhu517vju","previousOperationId":"4ao2s15k4xz8b86"}
{"type":"log","timestamp":1674343295141,"level":"info","message":"Rendering request 3 finished in 1970 ms","meta":{"rootId":"7du19zdanmdrx0o","id":"7du19zdanmdrx0o"},"id":"6ah8ntpg295gry3","previousOperationId":"4ao2s15k4xz8b86"}
{"type":"operationEnd","subtype":"render","operationId":"x1m9k4gd40u75cv","timestamp":1674343295141,"id":"0ls73as4ndbf84e","previousEventId":"lycjmxmcxzmagvy","previousOperationId":"4ao2s15k4xz8b86"}
{"type":"operationEnd","doDiffs":false,"previousEventId":"b9ilmr2c5gnqhe5","previousOperationId":"c4t3vliqy4v20u6","operationId":"c4t3vliqy4v20u6","timestamp":1674343295153,"id":"6koo08e0paef4a6"}
