{"type":"operationStart","subtype":"profile","data":{"_id":"Odx4FkHlJ3cAXcfz","timestamp":"2023-01-21T23:10:17.895Z","state":"queued","mode":"standard","creationDate":"2023-01-21T23:10:17.901Z","modificationDate":"2023-01-21T23:10:17.901Z","shortid":"qjuhkrt","$entitySet":"profiles"},"doDiffs":false,"timestamp":1674342617897,"id":"rqhgt4vj9q1o9xt","previousOperationId":null,"operationId":"srkglkp8ws4e9sm"}
{"type":"log","level":"info","message":"Render request 3 queued for execution and waiting for available worker","previousOperationId":"srkglkp8ws4e9sm","timestamp":1674342617898,"id":"fgvcl40pmbk3j7l"}
{"type":"operationStart","subtype":"render","name":"Data","previousOperationId":"srkglkp8ws4e9sm","timestamp":1674342617917,"id":"17vxbyevo22rl4r","previousEventId":"rqhgt4vj9q1o9xt","operationId":"jf5yjf3na5d2g5e"}
{"type":"log","timestamp":1674342617917,"level":"info","message":"Starting rendering request 3","meta":{"rootId":"8pqdq2l6i4bfg1i","id":"8pqdq2l6i4bfg1i"},"id":"jtqw8hloqa1y2z4","previousOperationId":"jf5yjf3na5d2g5e"}
{"type":"log","timestamp":1674342617918,"level":"info","message":"Rendering template { name: Data, recipe: chrome-pdf, engine: handlebars, preview: true }","meta":{"rootId":"8pqdq2l6i4bfg1i","id":"8pqdq2l6i4bfg1i"},"id":"nmyw7o31mr2gzrv","previousOperationId":"jf5yjf3na5d2g5e"}
{"type":"log","timestamp":1674342617918,"level":"debug","message":"Data item not defined for this template.","meta":{"rootId":"8pqdq2l6i4bfg1i","id":"8pqdq2l6i4bfg1i"},"id":"jcatbdqf43x1z5n","previousOperationId":"jf5yjf3na5d2g5e"}
{"type":"log","timestamp":1674342617920,"level":"debug","message":"Base url not specified, skipping its injection.","meta":{"rootId":"8pqdq2l6i4bfg1i","id":"8pqdq2l6i4bfg1i"},"id":"42ewy5qmfiqon7q","previousOperationId":"jf5yjf3na5d2g5e"}
{"type":"operationStart","subtype":"engine","name":"handlebars","timestamp":1674342617921,"id":"imtti5d14j97jui","previousEventId":"17vxbyevo22rl4r","operationId":"sbc0fwyek9cx5c8","previousOperationId":"jf5yjf3na5d2g5e"}
{"type":"log","timestamp":1674342617921,"level":"debug","message":"Rendering engine handlebars","meta":{"rootId":"8pqdq2l6i4bfg1i","id":"8pqdq2l6i4bfg1i"},"id":"rlo52ewba5b2y17","previousOperationId":"sbc0fwyek9cx5c8"}
{"type":"operationEnd","operationId":"sbc0fwyek9cx5c8","timestamp":1674342617952,"id":"g7lz0caf4o6o4wz","previousEventId":"imtti5d14j97jui","previousOperationId":"sbc0fwyek9cx5c8"}
{"type":"operationStart","subtype":"recipe","name":"chrome-pdf","timestamp":1674342617953,"id":"6xdrqqn9abeow1f","previousEventId":"g7lz0caf4o6o4wz","operationId":"ezoqbhbquhkiq33","previousOperationId":"sbc0fwyek9cx5c8"}
{"type":"log","timestamp":1674342617953,"level":"debug","message":"Executing recipe chrome-pdf","meta":{"rootId":"8pqdq2l6i4bfg1i","id":"8pqdq2l6i4bfg1i"},"id":"yfgek1zgquq02cy","previousOperationId":"ezoqbhbquhkiq33"}
{"type":"log","timestamp":1674342617958,"level":"debug","message":"Converting with chrome HeadlessChrome/105.0.5173.0 using chrome-pool strategy","meta":{"rootId":"8pqdq2l6i4bfg1i","id":"8pqdq2l6i4bfg1i"},"id":"4c0lyl1bu76a2i8","previousOperationId":"ezoqbhbquhkiq33"}
{"type":"log","timestamp":1674342618100,"level":"debug","message":"Page request: GET (document) file:///C:/Users/Johan/AppData/Local/Temp/jsreport/autocleanup/6cd35705-063e-4148-b1b2-e73bddcb5880-chrome-pdf.html","meta":{"rootId":"8pqdq2l6i4bfg1i","id":"8pqdq2l6i4bfg1i"},"id":"7hkja8fz1urjif9","previousOperationId":"ezoqbhbquhkiq33"}
{"type":"log","timestamp":1674342618129,"level":"debug","message":"Page request finished: GET (document) 200 file:///C:/Users/Johan/AppData/Local/Temp/jsreport/autocleanup/6cd35705-063e-4148-b1b2-e73bddcb5880-chrome-pdf.html","meta":{"rootId":"8pqdq2l6i4bfg1i","id":"8pqdq2l6i4bfg1i"},"id":"tor96z3kafd2e72","previousOperationId":"ezoqbhbquhkiq33"}
{"type":"log","timestamp":1674342618149,"level":"debug","message":"Running chrome with params {\"printBackground\":true,\"timeout\":59939,\"margin\":{}}","meta":{"rootId":"8pqdq2l6i4bfg1i","id":"8pqdq2l6i4bfg1i"},"id":"oppx72vpqr8ja5x","previousOperationId":"ezoqbhbquhkiq33"}
{"type":"operationEnd","operationId":"ezoqbhbquhkiq33","timestamp":1674342618185,"id":"f6aptegwrcuseia","previousEventId":"6xdrqqn9abeow1f","previousOperationId":"ezoqbhbquhkiq33"}
{"type":"log","timestamp":1674342618185,"level":"debug","message":"Skipping storing report.","meta":{"rootId":"8pqdq2l6i4bfg1i","id":"8pqdq2l6i4bfg1i"},"id":"q2nggxfb0nxelko","previousOperationId":"ezoqbhbquhkiq33"}
{"type":"log","timestamp":1674342618186,"level":"info","message":"Rendering request 3 finished in 291 ms","meta":{"rootId":"8pqdq2l6i4bfg1i","id":"8pqdq2l6i4bfg1i"},"id":"ldrsoxiwhetphr4","previousOperationId":"ezoqbhbquhkiq33"}
{"type":"operationEnd","subtype":"render","operationId":"jf5yjf3na5d2g5e","timestamp":1674342618186,"id":"ya0lzgv6ot1333m","previousEventId":"f6aptegwrcuseia","previousOperationId":"ezoqbhbquhkiq33"}
{"type":"operationEnd","doDiffs":false,"previousEventId":"rqhgt4vj9q1o9xt","previousOperationId":"srkglkp8ws4e9sm","operationId":"srkglkp8ws4e9sm","timestamp":1674342618205,"id":"f32q2svocsq0mjj"}
