{"type":"operationStart","subtype":"profile","data":{"_id":"YFd8kvw4ASUXFgEY","timestamp":"2023-01-22T00:05:19.206Z","state":"queued","mode":"standard","creationDate":"2023-01-22T00:05:19.208Z","modificationDate":"2023-01-22T00:05:19.208Z","shortid":"2gQhRm3","$entitySet":"profiles"},"doDiffs":false,"timestamp":1674345919207,"id":"q3027lyxupctg9o","previousOperationId":null,"operationId":"kel70ehfw3sobqp"}
{"type":"log","level":"info","message":"Render request 9 queued for execution and waiting for available worker","previousOperationId":"kel70ehfw3sobqp","timestamp":1674345919207,"id":"adpu0eaeptjuorj"}
{"type":"operationStart","subtype":"render","name":"Data","previousOperationId":"kel70ehfw3sobqp","timestamp":1674345919226,"id":"fc424zkj0hpui6z","previousEventId":"q3027lyxupctg9o","operationId":"crig0fpslbhsv2s"}
{"type":"log","timestamp":1674345919226,"level":"info","message":"Starting rendering request 9","meta":{"rootId":"9igp2v375emjdia","id":"9igp2v375emjdia"},"id":"szb0x7907qxntqp","previousOperationId":"crig0fpslbhsv2s"}
{"type":"log","timestamp":1674345919226,"level":"info","message":"Rendering template { name: Data, recipe: chrome-pdf, engine: handlebars, preview: true }","meta":{"rootId":"9igp2v375emjdia","id":"9igp2v375emjdia"},"id":"elef7bmf8sptk38","previousOperationId":"crig0fpslbhsv2s"}
{"type":"log","timestamp":1674345919226,"level":"debug","message":"Data item not defined for this template.","meta":{"rootId":"9igp2v375emjdia","id":"9igp2v375emjdia"},"id":"zha22m3sexyb1gt","previousOperationId":"crig0fpslbhsv2s"}
{"type":"log","timestamp":1674345919228,"level":"debug","message":"Base url not specified, skipping its injection.","meta":{"rootId":"9igp2v375emjdia","id":"9igp2v375emjdia"},"id":"r3odpffbc0ntp1g","previousOperationId":"crig0fpslbhsv2s"}
{"type":"operationStart","subtype":"engine","name":"handlebars","timestamp":1674345919228,"id":"6jcjkdqm07b23ax","previousEventId":"fc424zkj0hpui6z","operationId":"d2dlxyznbaewcdi","previousOperationId":"crig0fpslbhsv2s"}
{"type":"log","timestamp":1674345919228,"level":"debug","message":"Rendering engine handlebars","meta":{"rootId":"9igp2v375emjdia","id":"9igp2v375emjdia"},"id":"cs1s9capp6vp2cl","previousOperationId":"d2dlxyznbaewcdi"}
{"type":"operationEnd","operationId":"d2dlxyznbaewcdi","timestamp":1674345919255,"id":"txgx8g8a82jyxwu","previousEventId":"6jcjkdqm07b23ax","previousOperationId":"d2dlxyznbaewcdi"}
{"type":"operationStart","subtype":"recipe","name":"chrome-pdf","timestamp":1674345919255,"id":"ixt2z61ozhpkhvb","previousEventId":"txgx8g8a82jyxwu","operationId":"5pb56uinr162d1n","previousOperationId":"d2dlxyznbaewcdi"}
{"type":"log","timestamp":1674345919255,"level":"debug","message":"Executing recipe chrome-pdf","meta":{"rootId":"9igp2v375emjdia","id":"9igp2v375emjdia"},"id":"y9nr3gu1zgruga5","previousOperationId":"5pb56uinr162d1n"}
{"type":"log","timestamp":1674345919261,"level":"debug","message":"Converting with chrome HeadlessChrome/105.0.5173.0 using chrome-pool strategy","meta":{"rootId":"9igp2v375emjdia","id":"9igp2v375emjdia"},"id":"x3ft9lacwtsx1m2","previousOperationId":"5pb56uinr162d1n"}
{"type":"log","timestamp":1674345919412,"level":"debug","message":"Page request: GET (document) file:///C:/Users/Johan/AppData/Local/Temp/jsreport/autocleanup/ef13535f-0a27-4ca0-aa5d-35576413d89a-chrome-pdf.html","meta":{"rootId":"9igp2v375emjdia","id":"9igp2v375emjdia"},"id":"60pd302e3jvlenq","previousOperationId":"5pb56uinr162d1n"}
{"type":"log","timestamp":1674345919427,"level":"debug","message":"Page request finished: GET (document) 200 file:///C:/Users/Johan/AppData/Local/Temp/jsreport/autocleanup/ef13535f-0a27-4ca0-aa5d-35576413d89a-chrome-pdf.html","meta":{"rootId":"9igp2v375emjdia","id":"9igp2v375emjdia"},"id":"78bk1ielbcyptyi","previousOperationId":"5pb56uinr162d1n"}
{"type":"log","timestamp":1674345919441,"level":"debug","message":"Running chrome with params {\"printBackground\":true,\"timeout\":59947,\"margin\":{}}","meta":{"rootId":"9igp2v375emjdia","id":"9igp2v375emjdia"},"id":"gme33ph6sv1ztsf","previousOperationId":"5pb56uinr162d1n"}
{"type":"operationEnd","operationId":"5pb56uinr162d1n","timestamp":1674345919483,"id":"4lj03u3hg9rg3jc","previousEventId":"ixt2z61ozhpkhvb","previousOperationId":"5pb56uinr162d1n"}
{"type":"log","timestamp":1674345919483,"level":"debug","message":"Skipping storing report.","meta":{"rootId":"9igp2v375emjdia","id":"9igp2v375emjdia"},"id":"3d33il1lvx5wdgq","previousOperationId":"5pb56uinr162d1n"}
{"type":"log","timestamp":1674345919483,"level":"info","message":"Rendering request 9 finished in 277 ms","meta":{"rootId":"9igp2v375emjdia","id":"9igp2v375emjdia"},"id":"3g7cxdi3g711op6","previousOperationId":"5pb56uinr162d1n"}
{"type":"operationEnd","subtype":"render","operationId":"crig0fpslbhsv2s","timestamp":1674345919483,"id":"e5dz8e80s77x410","previousEventId":"4lj03u3hg9rg3jc","previousOperationId":"5pb56uinr162d1n"}
{"type":"operationEnd","doDiffs":false,"previousEventId":"q3027lyxupctg9o","previousOperationId":"kel70ehfw3sobqp","operationId":"kel70ehfw3sobqp","timestamp":1674345919492,"id":"la747otcdedvr3s"}
