{"type":"operationStart","subtype":"profile","data":{"_id":"jzRBTItPPW7d57g4","timestamp":"2023-01-22T00:13:59.975Z","state":"queued","mode":"standard","creationDate":"2023-01-22T00:13:59.978Z","modificationDate":"2023-01-22T00:13:59.978Z","shortid":"N4PLgjU","$entitySet":"profiles"},"doDiffs":false,"timestamp":1674346439977,"id":"bd218b2ywrpk76g","previousOperationId":null,"operationId":"g3vci6ywaugjmfx"}
{"type":"log","level":"info","message":"Render request 4 queued for execution and waiting for available worker","previousOperationId":"g3vci6ywaugjmfx","timestamp":1674346439977,"id":"k03xbya935mkwqr"}
{"type":"operationStart","subtype":"render","name":"Data","previousOperationId":"g3vci6ywaugjmfx","timestamp":1674346440011,"id":"qe3menlxqyogt9n","previousEventId":"bd218b2ywrpk76g","operationId":"xzkc4btiopmguh9"}
{"type":"log","timestamp":1674346440012,"level":"info","message":"Starting rendering request 4","meta":{"rootId":"a1bgp4p6naqqdga","id":"a1bgp4p6naqqdga"},"id":"yrh9gbnf283bwto","previousOperationId":"xzkc4btiopmguh9"}
{"type":"log","timestamp":1674346440012,"level":"info","message":"Rendering template { name: Data, recipe: chrome-pdf, engine: handlebars, preview: true }","meta":{"rootId":"a1bgp4p6naqqdga","id":"a1bgp4p6naqqdga"},"id":"4yqy85v5g1svmx0","previousOperationId":"xzkc4btiopmguh9"}
{"type":"log","timestamp":1674346440013,"level":"debug","message":"Data item not defined for this template.","meta":{"rootId":"a1bgp4p6naqqdga","id":"a1bgp4p6naqqdga"},"id":"8t49uf4pan78nha","previousOperationId":"xzkc4btiopmguh9"}
{"type":"log","timestamp":1674346440016,"level":"debug","message":"Executing script testing (beforeRender)","meta":{"rootId":"a1bgp4p6naqqdga","id":"a1bgp4p6naqqdga"},"id":"c843yrajbeq3kem","previousOperationId":"xzkc4btiopmguh9"}
{"type":"operationStart","subtype":"scriptsBeforeRender","name":"scripts beforeRender","timestamp":1674346440088,"id":"47cjeqchvh8crjj","previousEventId":"qe3menlxqyogt9n","operationId":"7m7hv4vdkw5bwu8","previousOperationId":"xzkc4btiopmguh9"}
{"type":"operationStart","subtype":"script","name":"scripts testing","previousOperationId":"7m7hv4vdkw5bwu8","timestamp":1674346440088,"id":"ymc22n11rhxn35r","previousEventId":"47cjeqchvh8crjj","operationId":"myfm3hhz09psjnq"}
{"type":"operationEnd","operationId":"myfm3hhz09psjnq","timestamp":1674346440327,"id":"sup0tpf1frzyuul","previousEventId":"qe3menlxqyogt9n","previousOperationId":"xzkc4btiopmguh9"}
{"type":"operationEnd","operationId":"7m7hv4vdkw5bwu8","timestamp":1674346440327,"id":"p8wlknpevneoyw1","previousEventId":"sup0tpf1frzyuul","previousOperationId":"xzkc4btiopmguh9"}
{"type":"log","timestamp":1674346440327,"level":"debug","message":"Base url not specified, skipping its injection.","meta":{"rootId":"a1bgp4p6naqqdga","id":"a1bgp4p6naqqdga"},"id":"evlg8a1xcwddhd8","previousOperationId":"7m7hv4vdkw5bwu8"}
{"type":"operationStart","subtype":"engine","name":"handlebars","timestamp":1674346440328,"id":"lezdvg5dhw9fipe","previousEventId":"p8wlknpevneoyw1","operationId":"yl1azaie0i2dy4x","previousOperationId":"7m7hv4vdkw5bwu8"}
{"type":"log","timestamp":1674346440328,"level":"debug","message":"Rendering engine handlebars","meta":{"rootId":"a1bgp4p6naqqdga","id":"a1bgp4p6naqqdga"},"id":"lxm681a9xtm9gdh","previousOperationId":"yl1azaie0i2dy4x"}
{"type":"operationStart","subtype":"render","name":"Data","previousOperationId":"yl1azaie0i2dy4x","timestamp":1674346440328,"id":"4d0ln6r8urny66h","previousEventId":"ymc22n11rhxn35r","operationId":"cpv9xwfq5o7z5zj"}
{"type":"log","timestamp":1674346440328,"level":"info","message":"Starting rendering (child) request","meta":{"rootId":"a1bgp4p6naqqdga","id":"rmufl0gtml94vps"},"id":"8xeou3m1j08v3fa","previousOperationId":"cpv9xwfq5o7z5zj"}
{"type":"log","timestamp":1674346440328,"level":"info","message":"Rendering template { name: Data, recipe: chrome-pdf, engine: handlebars, preview: true }","meta":{"rootId":"a1bgp4p6naqqdga","id":"rmufl0gtml94vps"},"id":"ahkj6a6lhljzbga","previousOperationId":"cpv9xwfq5o7z5zj"}
{"type":"log","timestamp":1674346440329,"level":"debug","message":"Inline data specified.","meta":{"rootId":"a1bgp4p6naqqdga","id":"rmufl0gtml94vps"},"id":"vujpg4os38kw6lr","previousOperationId":"cpv9xwfq5o7z5zj"}
{"type":"log","timestamp":1674346440339,"level":"debug","message":"Executing script testing (beforeRender)","meta":{"rootId":"a1bgp4p6naqqdga","id":"rmufl0gtml94vps"},"id":"h7utmhq6yptp9xq","previousOperationId":"cpv9xwfq5o7z5zj"}
{"type":"operationEnd","operationId":"yl1azaie0i2dy4x","timestamp":1674346440349,"id":"12yw5vazs70xwsc","previousEventId":"lezdvg5dhw9fipe","previousOperationId":"yl1azaie0i2dy4x"}
{"type":"operationStart","subtype":"recipe","name":"chrome-pdf","timestamp":1674346440349,"id":"n7k4ge5lu945d9l","previousEventId":"12yw5vazs70xwsc","operationId":"vo90tzpea3wstjq","previousOperationId":"yl1azaie0i2dy4x"}
{"type":"log","timestamp":1674346440349,"level":"debug","message":"Executing recipe chrome-pdf","meta":{"rootId":"a1bgp4p6naqqdga","id":"a1bgp4p6naqqdga"},"id":"h7y5c69jiptepyx","previousOperationId":"vo90tzpea3wstjq"}
{"type":"operationStart","subtype":"scriptsBeforeRender","name":"scripts beforeRender","timestamp":1674346440357,"id":"i2wytxzour507ug","previousEventId":"4d0ln6r8urny66h","operationId":"niumn6ax0ib458b","previousOperationId":"cpv9xwfq5o7z5zj"}
{"type":"operationStart","subtype":"script","name":"scripts testing","previousOperationId":"niumn6ax0ib458b","timestamp":1674346440357,"id":"y2uz3t9vob2oq0f","previousEventId":"i2wytxzour507ug","operationId":"ickc68zppwvd451"}
{"type":"log","timestamp":1674346440366,"level":"debug","message":"Converting with chrome HeadlessChrome/105.0.5173.0 using chrome-pool strategy","meta":{"rootId":"a1bgp4p6naqqdga","id":"a1bgp4p6naqqdga"},"id":"razpci1fiumkkwc","previousOperationId":"vo90tzpea3wstjq"}
{"type":"log","timestamp":1674346440572,"level":"debug","message":"Page request: GET (document) file:///C:/Users/Johan/AppData/Local/Temp/jsreport/autocleanup/bd0fc8e4-1537-4cee-860a-891643a46052-chrome-pdf.html","meta":{"rootId":"a1bgp4p6naqqdga","id":"a1bgp4p6naqqdga"},"id":"awru9uv48qwtd84","previousOperationId":"vo90tzpea3wstjq"}
{"type":"log","timestamp":1674346440590,"level":"debug","message":"Page request finished: GET (document) 200 file:///C:/Users/Johan/AppData/Local/Temp/jsreport/autocleanup/bd0fc8e4-1537-4cee-860a-891643a46052-chrome-pdf.html","meta":{"rootId":"a1bgp4p6naqqdga","id":"a1bgp4p6naqqdga"},"id":"ge08kq3w7pdbu2j","previousOperationId":"vo90tzpea3wstjq"}
{"type":"log","timestamp":1674346440606,"level":"debug","message":"Running chrome with params {\"printBackground\":true,\"timeout\":59611,\"margin\":{}}","meta":{"rootId":"a1bgp4p6naqqdga","id":"a1bgp4p6naqqdga"},"id":"dgqopkptsunqlqh","previousOperationId":"vo90tzpea3wstjq"}
{"type":"operationEnd","operationId":"vo90tzpea3wstjq","timestamp":1674346440643,"id":"nlzuwau96iucvc2","previousEventId":"n7k4ge5lu945d9l","previousOperationId":"vo90tzpea3wstjq"}
{"type":"log","timestamp":1674346440644,"level":"debug","message":"Skipping storing report.","meta":{"rootId":"a1bgp4p6naqqdga","id":"a1bgp4p6naqqdga"},"id":"77an6ym86fs9sia","previousOperationId":"vo90tzpea3wstjq"}
{"type":"log","timestamp":1674346440644,"level":"info","message":"Rendering request 4 finished in 669 ms","meta":{"rootId":"a1bgp4p6naqqdga","id":"a1bgp4p6naqqdga"},"id":"e3avh0rp8q8y754","previousOperationId":"vo90tzpea3wstjq"}
{"type":"operationEnd","subtype":"render","operationId":"xzkc4btiopmguh9","timestamp":1674346440644,"id":"gy2psvwsmgqm7tf","previousEventId":"nlzuwau96iucvc2","previousOperationId":"vo90tzpea3wstjq"}
{"type":"operationEnd","doDiffs":false,"previousEventId":"bd218b2ywrpk76g","previousOperationId":"g3vci6ywaugjmfx","operationId":"g3vci6ywaugjmfx","timestamp":1674346440660,"id":"jd5234bp2gnxuhl"}
