{"type":"operationStart","subtype":"profile","data":{"_id":"oUoDJzEhgBqVjUzj","timestamp":"2023-01-24T00:46:49.219Z","state":"queued","mode":"standard","creationDate":"2023-01-24T00:46:49.227Z","modificationDate":"2023-01-24T00:46:49.227Z","shortid":"-5LH_vy","$entitySet":"profiles"},"doDiffs":false,"timestamp":1674521209223,"id":"2piqqyf6ic2jnzv","previousOperationId":null,"operationId":"9a1bt9k805jqc74"}
{"type":"log","level":"info","message":"Render request 3 queued for execution and waiting for available worker","previousOperationId":"9a1bt9k805jqc74","timestamp":1674521209224,"id":"fvhbw57kugv78bh"}
{"type":"operationStart","subtype":"render","name":"Data","previousOperationId":"9a1bt9k805jqc74","timestamp":1674521209269,"id":"upjgdo7rkkvp0qe","previousEventId":"2piqqyf6ic2jnzv","operationId":"40g0g8jubpm1iuc"}
{"type":"log","timestamp":1674521209269,"level":"info","message":"Starting rendering request 3","meta":{"rootId":"a5i1t60xv36k22k","id":"a5i1t60xv36k22k"},"id":"cx7stf1qth044gk","previousOperationId":"40g0g8jubpm1iuc"}
{"type":"log","timestamp":1674521209271,"level":"info","message":"Rendering template { name: Data, recipe: chrome-pdf, engine: handlebars, preview: true }","meta":{"rootId":"a5i1t60xv36k22k","id":"a5i1t60xv36k22k"},"id":"n1z45w2s1nvtrr8","previousOperationId":"40g0g8jubpm1iuc"}
{"type":"log","timestamp":1674521209271,"level":"debug","message":"Data item not defined for this template.","meta":{"rootId":"a5i1t60xv36k22k","id":"a5i1t60xv36k22k"},"id":"pfi98ctgl8kcmqp","previousOperationId":"40g0g8jubpm1iuc"}
{"type":"log","timestamp":1674521209285,"level":"debug","message":"Executing script testing (beforeRender)","meta":{"rootId":"a5i1t60xv36k22k","id":"a5i1t60xv36k22k"},"id":"v09ouropckunlpx","previousOperationId":"40g0g8jubpm1iuc"}
{"type":"operationStart","subtype":"scriptsBeforeRender","name":"scripts beforeRender","timestamp":1674521209763,"id":"lhe30tarqd2f6ep","previousEventId":"upjgdo7rkkvp0qe","operationId":"72k32thr5icqxq7","previousOperationId":"40g0g8jubpm1iuc"}
{"type":"operationStart","subtype":"script","name":"scripts testing","previousOperationId":"72k32thr5icqxq7","timestamp":1674521209763,"id":"qc7vwssd3h9n489","previousEventId":"lhe30tarqd2f6ep","operationId":"xn5tvqcwzo8ofza"}
{"type":"log","timestamp":1674521212363,"level":"debug","message":"(console:log) undefined","meta":{"userLevel":true,"rootId":"a5i1t60xv36k22k","id":"a5i1t60xv36k22k"},"id":"g9xlmuu3a33oq9k","previousOperationId":"xn5tvqcwzo8ofza"}
{"type":"operationEnd","operationId":"xn5tvqcwzo8ofza","timestamp":1674521212365,"id":"9r386008hpt0ym6","previousEventId":"upjgdo7rkkvp0qe","previousOperationId":"40g0g8jubpm1iuc"}
{"type":"operationEnd","operationId":"72k32thr5icqxq7","timestamp":1674521212365,"id":"95exi2lfxkhw981","previousEventId":"9r386008hpt0ym6","previousOperationId":"40g0g8jubpm1iuc"}
{"type":"log","timestamp":1674521212365,"level":"debug","message":"Base url not specified, skipping its injection.","meta":{"rootId":"a5i1t60xv36k22k","id":"a5i1t60xv36k22k"},"id":"914l2v0mqff5zox","previousOperationId":"72k32thr5icqxq7"}
{"type":"operationStart","subtype":"engine","name":"handlebars","timestamp":1674521212367,"id":"nga2o5jvp3cu57h","previousEventId":"95exi2lfxkhw981","operationId":"o4aeu6d127svy0z","previousOperationId":"72k32thr5icqxq7"}
{"type":"log","timestamp":1674521212367,"level":"debug","message":"Rendering engine handlebars","meta":{"rootId":"a5i1t60xv36k22k","id":"a5i1t60xv36k22k"},"id":"hwqum4oocj8zb8c","previousOperationId":"o4aeu6d127svy0z"}
{"type":"operationEnd","operationId":"o4aeu6d127svy0z","timestamp":1674521212866,"id":"nvrcar86g6hzli3","previousEventId":"nga2o5jvp3cu57h","previousOperationId":"o4aeu6d127svy0z"}
{"type":"operationStart","subtype":"recipe","name":"chrome-pdf","timestamp":1674521212867,"id":"vxrlv6eo55umdtl","previousEventId":"nvrcar86g6hzli3","operationId":"813988llwsezhjd","previousOperationId":"o4aeu6d127svy0z"}
{"type":"log","timestamp":1674521212867,"level":"debug","message":"Executing recipe chrome-pdf","meta":{"rootId":"a5i1t60xv36k22k","id":"a5i1t60xv36k22k"},"id":"rm0phc75e9auvgk","previousOperationId":"813988llwsezhjd"}
{"type":"log","timestamp":1674521213802,"level":"debug","message":"Converting with chrome HeadlessChrome/105.0.5173.0 using chrome-pool strategy","meta":{"rootId":"a5i1t60xv36k22k","id":"a5i1t60xv36k22k"},"id":"rysgwyqqb562tpf","previousOperationId":"813988llwsezhjd"}
{"type":"log","timestamp":1674521214875,"level":"debug","message":"Page request: GET (document) file:///C:/Users/Johan/AppData/Local/Temp/jsreport/autocleanup/b9b045a7-ee2c-4ca8-a988-9de95a3168ae-chrome-pdf.html","meta":{"rootId":"a5i1t60xv36k22k","id":"a5i1t60xv36k22k"},"id":"9ma3oix1ym2o5uw","previousOperationId":"813988llwsezhjd"}
{"type":"log","timestamp":1674521214897,"level":"debug","message":"Page request finished: GET (document) 200 file:///C:/Users/Johan/AppData/Local/Temp/jsreport/autocleanup/b9b045a7-ee2c-4ca8-a988-9de95a3168ae-chrome-pdf.html","meta":{"rootId":"a5i1t60xv36k22k","id":"a5i1t60xv36k22k"},"id":"hdsln7nknisdeh6","previousOperationId":"813988llwsezhjd"}
{"type":"log","timestamp":1674521214900,"level":"debug","message":"Running chrome with params {\"printBackground\":true,\"timeout\":56112,\"margin\":{}}","meta":{"rootId":"a5i1t60xv36k22k","id":"a5i1t60xv36k22k"},"id":"dgkhwbjks73vc4z","previousOperationId":"813988llwsezhjd"}
{"type":"operationEnd","operationId":"813988llwsezhjd","timestamp":1674521214929,"id":"jdvc0oz0zgjsp0a","previousEventId":"vxrlv6eo55umdtl","previousOperationId":"813988llwsezhjd"}
{"type":"log","timestamp":1674521214930,"level":"debug","message":"Skipping storing report.","meta":{"rootId":"a5i1t60xv36k22k","id":"a5i1t60xv36k22k"},"id":"mcq9oaxflu5v435","previousOperationId":"813988llwsezhjd"}
{"type":"log","timestamp":1674521214930,"level":"info","message":"Rendering request 3 finished in 5712 ms","meta":{"rootId":"a5i1t60xv36k22k","id":"a5i1t60xv36k22k"},"id":"4svzi4b9iug9ikp","previousOperationId":"813988llwsezhjd"}
{"type":"operationEnd","subtype":"render","operationId":"40g0g8jubpm1iuc","timestamp":1674521214930,"id":"2zoxp722dwyzq2m","previousEventId":"jdvc0oz0zgjsp0a","previousOperationId":"813988llwsezhjd"}
{"type":"operationEnd","doDiffs":false,"previousEventId":"2piqqyf6ic2jnzv","previousOperationId":"9a1bt9k805jqc74","operationId":"9a1bt9k805jqc74","timestamp":1674521214944,"id":"75p9ly4nmcyedg6"}
