{"type":"operationStart","subtype":"profile","data":{"_id":"KHpOvVInOSyqxfEU","timestamp":"2023-01-21T23:59:24.446Z","state":"queued","mode":"standard","creationDate":"2023-01-21T23:59:24.452Z","modificationDate":"2023-01-21T23:59:24.452Z","shortid":"KLphu6p","$entitySet":"profiles"},"doDiffs":false,"timestamp":1674345564448,"id":"w2xkxa7fp06u1rd","previousOperationId":null,"operationId":"ni8yx81rfr1ujv7"}
{"type":"log","level":"info","message":"Render request 3 queued for execution and waiting for available worker","previousOperationId":"ni8yx81rfr1ujv7","timestamp":1674345564450,"id":"giesy1t8tu3m65x"}
{"type":"operationStart","subtype":"render","name":"Data","previousOperationId":"ni8yx81rfr1ujv7","timestamp":1674345564475,"id":"j3t6ipbul6fumzl","previousEventId":"w2xkxa7fp06u1rd","operationId":"m8jka0qwenzi7fx"}
{"type":"log","timestamp":1674345564475,"level":"info","message":"Starting rendering request 3","meta":{"rootId":"cae38xiu7zfi75h","id":"cae38xiu7zfi75h"},"id":"9pf1lycwmo95mdn","previousOperationId":"m8jka0qwenzi7fx"}
{"type":"log","timestamp":1674345564476,"level":"info","message":"Rendering template { name: Data, recipe: chrome-pdf, engine: handlebars, preview: true }","meta":{"rootId":"cae38xiu7zfi75h","id":"cae38xiu7zfi75h"},"id":"56fpihyolkniznc","previousOperationId":"m8jka0qwenzi7fx"}
{"type":"log","timestamp":1674345564476,"level":"debug","message":"Data item not defined for this template.","meta":{"rootId":"cae38xiu7zfi75h","id":"cae38xiu7zfi75h"},"id":"m813sqoo39u3g6c","previousOperationId":"m8jka0qwenzi7fx"}
{"type":"log","timestamp":1674345564480,"level":"debug","message":"Base url not specified, skipping its injection.","meta":{"rootId":"cae38xiu7zfi75h","id":"cae38xiu7zfi75h"},"id":"bjabg59w1hoi0c6","previousOperationId":"m8jka0qwenzi7fx"}
{"type":"operationStart","subtype":"engine","name":"handlebars","timestamp":1674345564481,"id":"t0rbz14yk6oa6ye","previousEventId":"j3t6ipbul6fumzl","operationId":"7m6bkarmuu4hayq","previousOperationId":"m8jka0qwenzi7fx"}
{"type":"log","timestamp":1674345564481,"level":"debug","message":"Rendering engine handlebars","meta":{"rootId":"cae38xiu7zfi75h","id":"cae38xiu7zfi75h"},"id":"7gzwv03pia9drtf","previousOperationId":"7m6bkarmuu4hayq"}
{"type":"operationEnd","operationId":"7m6bkarmuu4hayq","timestamp":1674345565583,"id":"lzj8ewommbu32da","previousEventId":"t0rbz14yk6oa6ye","previousOperationId":"7m6bkarmuu4hayq"}
{"type":"operationStart","subtype":"recipe","name":"chrome-pdf","timestamp":1674345565584,"id":"cbi28569xderjey","previousEventId":"lzj8ewommbu32da","operationId":"bake7zfarz7z0cm","previousOperationId":"7m6bkarmuu4hayq"}
{"type":"log","timestamp":1674345565584,"level":"debug","message":"Executing recipe chrome-pdf","meta":{"rootId":"cae38xiu7zfi75h","id":"cae38xiu7zfi75h"},"id":"mng8o0vjeyjfx3e","previousOperationId":"bake7zfarz7z0cm"}
{"type":"log","timestamp":1674345566089,"level":"debug","message":"Converting with chrome HeadlessChrome/105.0.5173.0 using chrome-pool strategy","meta":{"rootId":"cae38xiu7zfi75h","id":"cae38xiu7zfi75h"},"id":"kg2vfk8hgf61wvj","previousOperationId":"bake7zfarz7z0cm"}
{"type":"log","timestamp":1674345566311,"level":"debug","message":"Page request: GET (document) file:///C:/Users/Johan/AppData/Local/Temp/jsreport/autocleanup/cf1ff254-adf1-4f96-923c-6eede62a43ac-chrome-pdf.html","meta":{"rootId":"cae38xiu7zfi75h","id":"cae38xiu7zfi75h"},"id":"42y3sa9ma0vrt5r","previousOperationId":"bake7zfarz7z0cm"}
{"type":"log","timestamp":1674345566330,"level":"debug","message":"Page request finished: GET (document) 200 file:///C:/Users/Johan/AppData/Local/Temp/jsreport/autocleanup/cf1ff254-adf1-4f96-923c-6eede62a43ac-chrome-pdf.html","meta":{"rootId":"cae38xiu7zfi75h","id":"cae38xiu7zfi75h"},"id":"quzj8ye0ucpxyyz","previousOperationId":"bake7zfarz7z0cm"}
{"type":"log","timestamp":1674345566345,"level":"debug","message":"Running chrome with params {\"printBackground\":true,\"timeout\":58632,\"margin\":{}}","meta":{"rootId":"cae38xiu7zfi75h","id":"cae38xiu7zfi75h"},"id":"knab5oqndxbxmbs","previousOperationId":"bake7zfarz7z0cm"}
{"type":"operationEnd","operationId":"bake7zfarz7z0cm","timestamp":1674345566396,"id":"xxp57ngik2c5pdj","previousEventId":"cbi28569xderjey","previousOperationId":"bake7zfarz7z0cm"}
{"type":"log","timestamp":1674345566398,"level":"debug","message":"Skipping storing report.","meta":{"rootId":"cae38xiu7zfi75h","id":"cae38xiu7zfi75h"},"id":"yt7nljydiq4sf72","previousOperationId":"bake7zfarz7z0cm"}
{"type":"log","timestamp":1674345566398,"level":"info","message":"Rendering request 3 finished in 1952 ms","meta":{"rootId":"cae38xiu7zfi75h","id":"cae38xiu7zfi75h"},"id":"97o43o3mh5w8mh5","previousOperationId":"bake7zfarz7z0cm"}
{"type":"operationEnd","subtype":"render","operationId":"m8jka0qwenzi7fx","timestamp":1674345566399,"id":"xcfac81n8w3fxyp","previousEventId":"xxp57ngik2c5pdj","previousOperationId":"bake7zfarz7z0cm"}
{"type":"operationEnd","doDiffs":false,"previousEventId":"w2xkxa7fp06u1rd","previousOperationId":"ni8yx81rfr1ujv7","operationId":"ni8yx81rfr1ujv7","timestamp":1674345566423,"id":"wz8w14lze6y2gms"}
