{"type":"operationStart","subtype":"profile","data":{"_id":"cArLVPAkARCGf1lo","timestamp":"2023-01-20T20:06:17.390Z","state":"queued","mode":"standard","creationDate":"2023-01-20T20:06:17.391Z","modificationDate":"2023-01-20T20:06:17.391Z","shortid":"jnWJ3wv","$entitySet":"profiles"},"doDiffs":false,"timestamp":1674245177391,"id":"mlparlowoawua5d","previousOperationId":null,"operationId":"m557ot4sobl4zl3"}
{"type":"log","level":"info","message":"Render request 4 queued for execution and waiting for available worker","previousOperationId":"m557ot4sobl4zl3","timestamp":1674245177391,"id":"e9x1p9dqe5wxzzo"}
{"type":"operationStart","subtype":"render","name":"Data","previousOperationId":"m557ot4sobl4zl3","timestamp":1674245177394,"id":"ad9d90gcojau62p","previousEventId":"mlparlowoawua5d","operationId":"npevsrkrbltwn7l"}
{"type":"log","timestamp":1674245177395,"level":"info","message":"Starting rendering request 4","meta":{"rootId":"cbbzjuuqxjpvsam","id":"cbbzjuuqxjpvsam"},"id":"nshuqkf1s0ovj33","previousOperationId":"npevsrkrbltwn7l"}
{"type":"log","timestamp":1674245177395,"level":"info","message":"Rendering template { name: Data, recipe: chrome-pdf, engine: handlebars, preview: false }","meta":{"rootId":"cbbzjuuqxjpvsam","id":"cbbzjuuqxjpvsam"},"id":"qxxfx9dtpe4oij1","previousOperationId":"npevsrkrbltwn7l"}
{"type":"log","timestamp":1674245177395,"level":"debug","message":"Inline data specified.","meta":{"rootId":"cbbzjuuqxjpvsam","id":"cbbzjuuqxjpvsam"},"id":"oxckdzepx91tm3x","previousOperationId":"npevsrkrbltwn7l"}
{"type":"log","timestamp":1674245177396,"level":"debug","message":"Base url not specified, skipping its injection.","meta":{"rootId":"cbbzjuuqxjpvsam","id":"cbbzjuuqxjpvsam"},"id":"noajwqecjtoirtm","previousOperationId":"npevsrkrbltwn7l"}
{"type":"operationStart","subtype":"engine","name":"handlebars","timestamp":1674245177397,"id":"y7g927mz7zsah9r","previousEventId":"ad9d90gcojau62p","operationId":"3k6tznhzgu0rjk3","previousOperationId":"npevsrkrbltwn7l"}
{"type":"log","timestamp":1674245177397,"level":"debug","message":"Rendering engine handlebars","meta":{"rootId":"cbbzjuuqxjpvsam","id":"cbbzjuuqxjpvsam"},"id":"l9gznhdudb1vopq","previousOperationId":"3k6tznhzgu0rjk3"}
{"type":"operationEnd","operationId":"3k6tznhzgu0rjk3","timestamp":1674245177416,"id":"zgeloi3m8urz4ob","previousEventId":"y7g927mz7zsah9r","previousOperationId":"3k6tznhzgu0rjk3"}
{"type":"operationStart","subtype":"recipe","name":"chrome-pdf","timestamp":1674245177416,"id":"caqp0no9tg1rue0","previousEventId":"zgeloi3m8urz4ob","operationId":"abqz0872pu3m449","previousOperationId":"3k6tznhzgu0rjk3"}
{"type":"log","timestamp":1674245177416,"level":"debug","message":"Executing recipe chrome-pdf","meta":{"rootId":"cbbzjuuqxjpvsam","id":"cbbzjuuqxjpvsam"},"id":"par0lsustvj3vm6","previousOperationId":"abqz0872pu3m449"}
{"type":"log","timestamp":1674245177420,"level":"debug","message":"Converting with chrome HeadlessChrome/105.0.5173.0 using chrome-pool strategy","meta":{"rootId":"cbbzjuuqxjpvsam","id":"cbbzjuuqxjpvsam"},"id":"suavjkb10g5kzxz","previousOperationId":"abqz0872pu3m449"}
{"type":"log","timestamp":1674245177528,"level":"debug","message":"Page request: GET (document) file:///C:/Users/Johan/AppData/Local/Temp/jsreport/autocleanup/83d789b2-aa0a-4208-9193-6dffdcbf9f4e-chrome-pdf.html","meta":{"rootId":"cbbzjuuqxjpvsam","id":"cbbzjuuqxjpvsam"},"id":"m97r9qc1tt2tw77","previousOperationId":"abqz0872pu3m449"}
{"type":"log","timestamp":1674245177542,"level":"debug","message":"Page request finished: GET (document) 200 file:///C:/Users/Johan/AppData/Local/Temp/jsreport/autocleanup/83d789b2-aa0a-4208-9193-6dffdcbf9f4e-chrome-pdf.html","meta":{"rootId":"cbbzjuuqxjpvsam","id":"cbbzjuuqxjpvsam"},"id":"ohose9bu844noh9","previousOperationId":"abqz0872pu3m449"}
{"type":"log","timestamp":1674245177552,"level":"debug","message":"Running chrome with params {\"printBackground\":true,\"timeout\":59971,\"margin\":{}}","meta":{"rootId":"cbbzjuuqxjpvsam","id":"cbbzjuuqxjpvsam"},"id":"k8ohf8812205pib","previousOperationId":"abqz0872pu3m449"}
{"type":"operationEnd","operationId":"abqz0872pu3m449","timestamp":1674245177575,"id":"2zckdjgocc2xuo7","previousEventId":"caqp0no9tg1rue0","previousOperationId":"abqz0872pu3m449"}
{"type":"log","timestamp":1674245177575,"level":"debug","message":"Skipping storing report.","meta":{"rootId":"cbbzjuuqxjpvsam","id":"cbbzjuuqxjpvsam"},"id":"8bnbq4ujhkwllhm","previousOperationId":"abqz0872pu3m449"}
{"type":"log","timestamp":1674245177576,"level":"info","message":"Rendering request 4 finished in 187 ms","meta":{"rootId":"cbbzjuuqxjpvsam","id":"cbbzjuuqxjpvsam"},"id":"zhlryid1nid18no","previousOperationId":"abqz0872pu3m449"}
{"type":"operationEnd","subtype":"render","operationId":"npevsrkrbltwn7l","timestamp":1674245177576,"id":"bslb0vzfgyq48pm","previousEventId":"2zckdjgocc2xuo7","previousOperationId":"abqz0872pu3m449"}
{"type":"operationEnd","doDiffs":false,"previousEventId":"mlparlowoawua5d","previousOperationId":"m557ot4sobl4zl3","operationId":"m557ot4sobl4zl3","timestamp":1674245177580,"id":"hw3gg5v8r664rzd"}
