{"type":"operationStart","subtype":"profile","data":{"_id":"YXFPIiRapYcy9tu6","timestamp":"2023-01-21T23:59:33.756Z","state":"queued","mode":"standard","creationDate":"2023-01-21T23:59:33.761Z","modificationDate":"2023-01-21T23:59:33.761Z","shortid":"luqAk9B","$entitySet":"profiles"},"doDiffs":false,"timestamp":1674345573758,"id":"zcviqka9vmu3ac9","previousOperationId":null,"operationId":"tem0h86b8gbf9jj"}
{"type":"log","level":"info","message":"Render request 4 queued for execution and waiting for available worker","previousOperationId":"tem0h86b8gbf9jj","timestamp":1674345573759,"id":"jfth85n1vv6pdo2"}
{"type":"operationStart","subtype":"render","name":"Data","previousOperationId":"tem0h86b8gbf9jj","timestamp":1674345573780,"id":"v06iiyy4vdfifov","previousEventId":"zcviqka9vmu3ac9","operationId":"mpoemrxom2zskm4"}
{"type":"log","timestamp":1674345573781,"level":"info","message":"Starting rendering request 4","meta":{"rootId":"ccrsmdnbq6fkk9w","id":"ccrsmdnbq6fkk9w"},"id":"pzbyywnvs84qnlp","previousOperationId":"mpoemrxom2zskm4"}
{"type":"log","timestamp":1674345573781,"level":"info","message":"Rendering template { name: Data, recipe: chrome-pdf, engine: handlebars, preview: true }","meta":{"rootId":"ccrsmdnbq6fkk9w","id":"ccrsmdnbq6fkk9w"},"id":"3sfytcs2bhw4ibe","previousOperationId":"mpoemrxom2zskm4"}
{"type":"log","timestamp":1674345573781,"level":"debug","message":"Data item not defined for this template.","meta":{"rootId":"ccrsmdnbq6fkk9w","id":"ccrsmdnbq6fkk9w"},"id":"7f2ram1k99hknrl","previousOperationId":"mpoemrxom2zskm4"}
{"type":"log","timestamp":1674345573790,"level":"debug","message":"Base url not specified, skipping its injection.","meta":{"rootId":"ccrsmdnbq6fkk9w","id":"ccrsmdnbq6fkk9w"},"id":"o56kgnfi74jtd0b","previousOperationId":"mpoemrxom2zskm4"}
{"type":"operationStart","subtype":"engine","name":"handlebars","timestamp":1674345573792,"id":"xb9000e0qz3ppd1","previousEventId":"v06iiyy4vdfifov","operationId":"ji1aej7jzuj7xmr","previousOperationId":"mpoemrxom2zskm4"}
{"type":"log","timestamp":1674345573792,"level":"debug","message":"Rendering engine handlebars","meta":{"rootId":"ccrsmdnbq6fkk9w","id":"ccrsmdnbq6fkk9w"},"id":"8ui2mmfsmw7ndjd","previousOperationId":"ji1aej7jzuj7xmr"}
{"type":"operationEnd","operationId":"ji1aej7jzuj7xmr","timestamp":1674345573828,"id":"g78dmjzhemkfeue","previousEventId":"xb9000e0qz3ppd1","previousOperationId":"ji1aej7jzuj7xmr"}
{"type":"operationStart","subtype":"recipe","name":"chrome-pdf","timestamp":1674345573829,"id":"az9e030xywalt40","previousEventId":"g78dmjzhemkfeue","operationId":"zwkk061jsu0e46h","previousOperationId":"ji1aej7jzuj7xmr"}
{"type":"log","timestamp":1674345573829,"level":"debug","message":"Executing recipe chrome-pdf","meta":{"rootId":"ccrsmdnbq6fkk9w","id":"ccrsmdnbq6fkk9w"},"id":"ug2pykspgubansc","previousOperationId":"zwkk061jsu0e46h"}
{"type":"log","timestamp":1674345573842,"level":"debug","message":"Converting with chrome HeadlessChrome/105.0.5173.0 using chrome-pool strategy","meta":{"rootId":"ccrsmdnbq6fkk9w","id":"ccrsmdnbq6fkk9w"},"id":"tjqw4x4n9jqb0oc","previousOperationId":"zwkk061jsu0e46h"}
{"type":"log","timestamp":1674345574002,"level":"debug","message":"Page request: GET (document) file:///C:/Users/Johan/AppData/Local/Temp/jsreport/autocleanup/4b4120c9-e30e-4826-9288-d74837812f52-chrome-pdf.html","meta":{"rootId":"ccrsmdnbq6fkk9w","id":"ccrsmdnbq6fkk9w"},"id":"hzrs4i1gmbmj22u","previousOperationId":"zwkk061jsu0e46h"}
{"type":"log","timestamp":1674345574024,"level":"debug","message":"Page request finished: GET (document) 200 file:///C:/Users/Johan/AppData/Local/Temp/jsreport/autocleanup/4b4120c9-e30e-4826-9288-d74837812f52-chrome-pdf.html","meta":{"rootId":"ccrsmdnbq6fkk9w","id":"ccrsmdnbq6fkk9w"},"id":"jya9agmfslqdfba","previousOperationId":"zwkk061jsu0e46h"}
{"type":"log","timestamp":1674345574041,"level":"debug","message":"Running chrome with params {\"printBackground\":true,\"timeout\":59915,\"margin\":{}}","meta":{"rootId":"ccrsmdnbq6fkk9w","id":"ccrsmdnbq6fkk9w"},"id":"vx7os2bsu3b3py9","previousOperationId":"zwkk061jsu0e46h"}
{"type":"operationEnd","operationId":"zwkk061jsu0e46h","timestamp":1674345574083,"id":"eshhz03e59r9dkn","previousEventId":"az9e030xywalt40","previousOperationId":"zwkk061jsu0e46h"}
{"type":"log","timestamp":1674345574084,"level":"debug","message":"Skipping storing report.","meta":{"rootId":"ccrsmdnbq6fkk9w","id":"ccrsmdnbq6fkk9w"},"id":"iss611sjvwe6xqj","previousOperationId":"zwkk061jsu0e46h"}
{"type":"log","timestamp":1674345574084,"level":"info","message":"Rendering request 4 finished in 329 ms","meta":{"rootId":"ccrsmdnbq6fkk9w","id":"ccrsmdnbq6fkk9w"},"id":"nel8yskrb7onhxn","previousOperationId":"zwkk061jsu0e46h"}
{"type":"operationEnd","subtype":"render","operationId":"mpoemrxom2zskm4","timestamp":1674345574084,"id":"dxkva1lyd5eik9f","previousEventId":"eshhz03e59r9dkn","previousOperationId":"zwkk061jsu0e46h"}
{"type":"operationEnd","doDiffs":false,"previousEventId":"zcviqka9vmu3ac9","previousOperationId":"tem0h86b8gbf9jj","operationId":"tem0h86b8gbf9jj","timestamp":1674345574091,"id":"ae0nmxtc85bh3yt"}
