{"type":"operationStart","subtype":"profile","data":{"_id":"n1dHuMbwVK8dfOzU","timestamp":"2023-01-22T00:14:15.944Z","state":"queued","mode":"standard","creationDate":"2023-01-22T00:14:15.948Z","modificationDate":"2023-01-22T00:14:15.948Z","shortid":"IjEEP-t","$entitySet":"profiles"},"doDiffs":false,"timestamp":1674346455945,"id":"ek5m6h4n04ir3v8","previousOperationId":null,"operationId":"e18r61ff3yvxcdk"}
{"type":"log","level":"info","message":"Render request 5 queued for execution and waiting for available worker","previousOperationId":"e18r61ff3yvxcdk","timestamp":1674346455946,"id":"cp55zec1y13xzbo"}
{"type":"operationStart","subtype":"render","name":"Data","previousOperationId":"e18r61ff3yvxcdk","timestamp":1674346455970,"id":"ib2uedhm15ou6it","previousEventId":"ek5m6h4n04ir3v8","operationId":"nmghtjrz9w4s0ae"}
{"type":"log","timestamp":1674346455970,"level":"info","message":"Starting rendering request 5","meta":{"rootId":"dt0zdv5tg694huu","id":"dt0zdv5tg694huu"},"id":"9xmovph7kq3wg5d","previousOperationId":"nmghtjrz9w4s0ae"}
{"type":"log","timestamp":1674346455971,"level":"info","message":"Rendering template { name: Data, recipe: chrome-pdf, engine: handlebars, preview: true }","meta":{"rootId":"dt0zdv5tg694huu","id":"dt0zdv5tg694huu"},"id":"5gtc06207n68ip4","previousOperationId":"nmghtjrz9w4s0ae"}
{"type":"log","timestamp":1674346455971,"level":"debug","message":"Data item not defined for this template.","meta":{"rootId":"dt0zdv5tg694huu","id":"dt0zdv5tg694huu"},"id":"2io03fczvnahxpg","previousOperationId":"nmghtjrz9w4s0ae"}
{"type":"log","timestamp":1674346455974,"level":"debug","message":"Executing script testing (beforeRender)","meta":{"rootId":"dt0zdv5tg694huu","id":"dt0zdv5tg694huu"},"id":"62775sj7rg2vndk","previousOperationId":"nmghtjrz9w4s0ae"}
{"type":"operationStart","subtype":"scriptsBeforeRender","name":"scripts beforeRender","timestamp":1674346456022,"id":"j8skgs4hp8sru32","previousEventId":"ib2uedhm15ou6it","operationId":"4kclpktf0nxr0h2","previousOperationId":"nmghtjrz9w4s0ae"}
{"type":"operationStart","subtype":"script","name":"scripts testing","previousOperationId":"4kclpktf0nxr0h2","timestamp":1674346456022,"id":"j4d1lwmclumbgcq","previousEventId":"j8skgs4hp8sru32","operationId":"c474gh9z3io47jy"}
{"type":"operationEnd","operationId":"c474gh9z3io47jy","timestamp":1674346456247,"id":"1bpy38fa59eqs5z","previousEventId":"ib2uedhm15ou6it","previousOperationId":"nmghtjrz9w4s0ae"}
{"type":"operationEnd","operationId":"4kclpktf0nxr0h2","timestamp":1674346456247,"id":"pcbf3udblwidq4g","previousEventId":"1bpy38fa59eqs5z","previousOperationId":"nmghtjrz9w4s0ae"}
{"type":"log","timestamp":1674346456247,"level":"debug","message":"Base url not specified, skipping its injection.","meta":{"rootId":"dt0zdv5tg694huu","id":"dt0zdv5tg694huu"},"id":"dx1bxewwpn204ey","previousOperationId":"4kclpktf0nxr0h2"}
{"type":"operationStart","subtype":"engine","name":"handlebars","timestamp":1674346456248,"id":"ielnwdbdws7hauu","previousEventId":"pcbf3udblwidq4g","operationId":"qn3ry04qqvrdu43","previousOperationId":"4kclpktf0nxr0h2"}
{"type":"log","timestamp":1674346456248,"level":"debug","message":"Rendering engine handlebars","meta":{"rootId":"dt0zdv5tg694huu","id":"dt0zdv5tg694huu"},"id":"17yy7sy0fb31l0v","previousOperationId":"qn3ry04qqvrdu43"}
{"type":"operationStart","subtype":"render","name":"Data","previousOperationId":"qn3ry04qqvrdu43","timestamp":1674346456249,"id":"xi47np4lbqvrjne","previousEventId":"j4d1lwmclumbgcq","operationId":"blmltxg1aq2hxtx"}
{"type":"log","timestamp":1674346456249,"level":"info","message":"Starting rendering (child) request","meta":{"rootId":"dt0zdv5tg694huu","id":"rir3kfv80ja9idy"},"id":"g8oxpdxy5q4p9n5","previousOperationId":"blmltxg1aq2hxtx"}
{"type":"log","timestamp":1674346456249,"level":"info","message":"Rendering template { name: Data, recipe: chrome-pdf, engine: handlebars, preview: true }","meta":{"rootId":"dt0zdv5tg694huu","id":"rir3kfv80ja9idy"},"id":"urks1b2vluw2wyy","previousOperationId":"blmltxg1aq2hxtx"}
{"type":"log","timestamp":1674346456249,"level":"debug","message":"Inline data specified.","meta":{"rootId":"dt0zdv5tg694huu","id":"rir3kfv80ja9idy"},"id":"42j15cas7j6vqvj","previousOperationId":"blmltxg1aq2hxtx"}
{"type":"log","timestamp":1674346456281,"level":"debug","message":"Executing script testing (beforeRender)","meta":{"rootId":"dt0zdv5tg694huu","id":"rir3kfv80ja9idy"},"id":"l8ruyety89t3k4n","previousOperationId":"blmltxg1aq2hxtx"}
{"type":"operationEnd","operationId":"qn3ry04qqvrdu43","timestamp":1674346456290,"id":"um1xlmoaij3l5eq","previousEventId":"ielnwdbdws7hauu","previousOperationId":"qn3ry04qqvrdu43"}
{"type":"operationStart","subtype":"recipe","name":"chrome-pdf","timestamp":1674346456291,"id":"ojfjy0oolm2phq2","previousEventId":"um1xlmoaij3l5eq","operationId":"a6ngx89pj7g1c7w","previousOperationId":"qn3ry04qqvrdu43"}
{"type":"log","timestamp":1674346456291,"level":"debug","message":"Executing recipe chrome-pdf","meta":{"rootId":"dt0zdv5tg694huu","id":"dt0zdv5tg694huu"},"id":"9m3hwwouc9u5xsi","previousOperationId":"a6ngx89pj7g1c7w"}
{"type":"operationStart","subtype":"scriptsBeforeRender","name":"scripts beforeRender","timestamp":1674346456297,"id":"s65kctveqqal114","previousEventId":"xi47np4lbqvrjne","operationId":"irad70eyu8yn6b8","previousOperationId":"blmltxg1aq2hxtx"}
{"type":"operationStart","subtype":"script","name":"scripts testing","previousOperationId":"irad70eyu8yn6b8","timestamp":1674346456297,"id":"xpcxex7vwexm4h1","previousEventId":"s65kctveqqal114","operationId":"e8e6m02yn0ty7nd"}
{"type":"log","timestamp":1674346456305,"level":"debug","message":"Converting with chrome HeadlessChrome/105.0.5173.0 using chrome-pool strategy","meta":{"rootId":"dt0zdv5tg694huu","id":"dt0zdv5tg694huu"},"id":"9awp4uov1wwig7u","previousOperationId":"a6ngx89pj7g1c7w"}
{"type":"log","timestamp":1674346456470,"level":"debug","message":"Page request: GET (document) file:///C:/Users/Johan/AppData/Local/Temp/jsreport/autocleanup/ca52bd0e-1b74-4993-8998-cb655da7d2a4-chrome-pdf.html","meta":{"rootId":"dt0zdv5tg694huu","id":"dt0zdv5tg694huu"},"id":"w5xocfmkyzpy3cz","previousOperationId":"a6ngx89pj7g1c7w"}
{"type":"log","timestamp":1674346456487,"level":"debug","message":"Page request finished: GET (document) 200 file:///C:/Users/Johan/AppData/Local/Temp/jsreport/autocleanup/ca52bd0e-1b74-4993-8998-cb655da7d2a4-chrome-pdf.html","meta":{"rootId":"dt0zdv5tg694huu","id":"dt0zdv5tg694huu"},"id":"q2wxbwebe79ifyx","previousOperationId":"a6ngx89pj7g1c7w"}
{"type":"log","timestamp":1674346456503,"level":"debug","message":"Running chrome with params {\"printBackground\":true,\"timeout\":59643,\"margin\":{}}","meta":{"rootId":"dt0zdv5tg694huu","id":"dt0zdv5tg694huu"},"id":"cb5rmg4xwhkyktn","previousOperationId":"a6ngx89pj7g1c7w"}
{"type":"operationEnd","operationId":"e8e6m02yn0ty7nd","timestamp":1674346456553,"id":"ecfa4d88b2trb2d","previousEventId":"xi47np4lbqvrjne","previousOperationId":"blmltxg1aq2hxtx"}
{"type":"operationEnd","operationId":"irad70eyu8yn6b8","timestamp":1674346456553,"id":"9nbmna5rq0g7hc3","previousEventId":"ecfa4d88b2trb2d","previousOperationId":"blmltxg1aq2hxtx"}
{"type":"log","timestamp":1674346456554,"level":"debug","message":"Base url not specified, skipping its injection.","meta":{"rootId":"dt0zdv5tg694huu","id":"rir3kfv80ja9idy"},"id":"4asufowjwbxmaro","previousOperationId":"irad70eyu8yn6b8"}
{"type":"operationStart","subtype":"engine","name":"handlebars","timestamp":1674346456554,"id":"fc2j1e9fmgwupln","previousEventId":"9nbmna5rq0g7hc3","operationId":"qnw53e6p7o14g81","previousOperationId":"irad70eyu8yn6b8"}
{"type":"log","timestamp":1674346456554,"level":"debug","message":"Rendering engine handlebars","meta":{"rootId":"dt0zdv5tg694huu","id":"rir3kfv80ja9idy"},"id":"2fuuvwg8skjfpsc","previousOperationId":"qnw53e6p7o14g81"}
{"type":"operationEnd","operationId":"a6ngx89pj7g1c7w","timestamp":1674346456555,"id":"eivqfwlsa00noxn","previousEventId":"ojfjy0oolm2phq2","previousOperationId":"a6ngx89pj7g1c7w"}
{"type":"log","timestamp":1674346456555,"level":"debug","message":"Skipping storing report.","meta":{"rootId":"dt0zdv5tg694huu","id":"dt0zdv5tg694huu"},"id":"r057jihmiclhf5q","previousOperationId":"a6ngx89pj7g1c7w"}
{"type":"log","timestamp":1674346456556,"level":"info","message":"Rendering request 5 finished in 612 ms","meta":{"rootId":"dt0zdv5tg694huu","id":"dt0zdv5tg694huu"},"id":"g6ynmuh5kadtxwu","previousOperationId":"a6ngx89pj7g1c7w"}
{"type":"operationEnd","subtype":"render","operationId":"nmghtjrz9w4s0ae","timestamp":1674346456556,"id":"mtewmbspr0k0rw4","previousEventId":"eivqfwlsa00noxn","previousOperationId":"a6ngx89pj7g1c7w"}
{"type":"operationStart","subtype":"render","name":"Data","previousOperationId":"qnw53e6p7o14g81","timestamp":1674346456556,"id":"y1bdz6555p76j6q","previousEventId":"xpcxex7vwexm4h1","operationId":"lz5oqx6cjki7lig"}
{"type":"log","timestamp":1674346456556,"level":"info","message":"Starting rendering (child) request","meta":{"rootId":"dt0zdv5tg694huu","id":"pb6da3y0nl805hv"},"id":"q4xkqql9hws4b1w","previousOperationId":"lz5oqx6cjki7lig"}
{"type":"log","timestamp":1674346456557,"level":"info","message":"Rendering template { name: Data, recipe: chrome-pdf, engine: handlebars, preview: true }","meta":{"rootId":"dt0zdv5tg694huu","id":"pb6da3y0nl805hv"},"id":"s425rc2pfv079oe","previousOperationId":"lz5oqx6cjki7lig"}
{"type":"log","timestamp":1674346456557,"level":"debug","message":"Inline data specified.","meta":{"rootId":"dt0zdv5tg694huu","id":"pb6da3y0nl805hv"},"id":"xroqfnbelve44sp","previousOperationId":"lz5oqx6cjki7lig"}
{"type":"operationEnd","doDiffs":false,"previousEventId":"ek5m6h4n04ir3v8","previousOperationId":"e18r61ff3yvxcdk","operationId":"e18r61ff3yvxcdk","timestamp":1674346456589,"id":"hephr5j9q8ni9x7"}
