{"type":"operationStart","subtype":"profile","data":{"_id":"8HlDZjz2q79vWq5K","timestamp":"2023-01-21T23:13:38.525Z","state":"queued","mode":"standard","creationDate":"2023-01-21T23:13:38.528Z","modificationDate":"2023-01-21T23:13:38.528Z","shortid":"OyLMt59","$entitySet":"profiles"},"doDiffs":false,"timestamp":1674342818526,"id":"5bg42zh5hlahv4i","previousOperationId":null,"operationId":"2jpliu01hev4kjr"}
{"type":"log","level":"info","message":"Render request 4 queued for execution and waiting for available worker","previousOperationId":"2jpliu01hev4kjr","timestamp":1674342818527,"id":"pg9jnsf80j55fat"}
{"type":"operationStart","subtype":"render","name":"Data","previousOperationId":"2jpliu01hev4kjr","timestamp":1674342818536,"id":"rk1jik5w3jbxljt","previousEventId":"5bg42zh5hlahv4i","operationId":"p9sh25gwt83jm1b"}
{"type":"log","timestamp":1674342818536,"level":"info","message":"Starting rendering request 4","meta":{"rootId":"g8zs12g3xzhdjto","id":"g8zs12g3xzhdjto"},"id":"n7uq15l8468bw1n","previousOperationId":"p9sh25gwt83jm1b"}
{"type":"log","timestamp":1674342818537,"level":"info","message":"Rendering template { name: Data, recipe: chrome-pdf, engine: handlebars, preview: false }","meta":{"rootId":"g8zs12g3xzhdjto","id":"g8zs12g3xzhdjto"},"id":"lu1wbqy6w1jp79u","previousOperationId":"p9sh25gwt83jm1b"}
{"type":"log","timestamp":1674342818537,"level":"debug","message":"Data item not defined for this template.","meta":{"rootId":"g8zs12g3xzhdjto","id":"g8zs12g3xzhdjto"},"id":"y0upzonmbyzsqhl","previousOperationId":"p9sh25gwt83jm1b"}
{"type":"log","timestamp":1674342818539,"level":"debug","message":"Base url not specified, skipping its injection.","meta":{"rootId":"g8zs12g3xzhdjto","id":"g8zs12g3xzhdjto"},"id":"cmssm91hr7avlnk","previousOperationId":"p9sh25gwt83jm1b"}
{"type":"operationStart","subtype":"engine","name":"handlebars","timestamp":1674342818539,"id":"8fbuc6qdhn9k2gs","previousEventId":"rk1jik5w3jbxljt","operationId":"g08qmv6zy1i7afj","previousOperationId":"p9sh25gwt83jm1b"}
{"type":"log","timestamp":1674342818540,"level":"debug","message":"Rendering engine handlebars","meta":{"rootId":"g8zs12g3xzhdjto","id":"g8zs12g3xzhdjto"},"id":"hl7u6eqghofstt3","previousOperationId":"g08qmv6zy1i7afj"}
{"type":"operationEnd","operationId":"g08qmv6zy1i7afj","timestamp":1674342818560,"id":"28uoocmlu8nahu4","previousEventId":"8fbuc6qdhn9k2gs","previousOperationId":"g08qmv6zy1i7afj"}
{"type":"operationStart","subtype":"recipe","name":"chrome-pdf","timestamp":1674342818560,"id":"pa6xqjlo51gk802","previousEventId":"28uoocmlu8nahu4","operationId":"vx0u63q2tezw2h5","previousOperationId":"g08qmv6zy1i7afj"}
{"type":"log","timestamp":1674342818560,"level":"debug","message":"Executing recipe chrome-pdf","meta":{"rootId":"g8zs12g3xzhdjto","id":"g8zs12g3xzhdjto"},"id":"a4rj0u8pb9rr127","previousOperationId":"vx0u63q2tezw2h5"}
{"type":"log","timestamp":1674342818564,"level":"debug","message":"Converting with chrome HeadlessChrome/105.0.5173.0 using chrome-pool strategy","meta":{"rootId":"g8zs12g3xzhdjto","id":"g8zs12g3xzhdjto"},"id":"5j8hcpkwn9wuwnw","previousOperationId":"vx0u63q2tezw2h5"}
{"type":"log","timestamp":1674342818708,"level":"debug","message":"Page request: GET (document) file:///C:/Users/Johan/AppData/Local/Temp/jsreport/autocleanup/deaf33ff-51ff-42ae-a083-289b0b958fb2-chrome-pdf.html","meta":{"rootId":"g8zs12g3xzhdjto","id":"g8zs12g3xzhdjto"},"id":"iunhghg0f3gmcch","previousOperationId":"vx0u63q2tezw2h5"}
{"type":"log","timestamp":1674342818720,"level":"debug","message":"Page request finished: GET (document) 200 file:///C:/Users/Johan/AppData/Local/Temp/jsreport/autocleanup/deaf33ff-51ff-42ae-a083-289b0b958fb2-chrome-pdf.html","meta":{"rootId":"g8zs12g3xzhdjto","id":"g8zs12g3xzhdjto"},"id":"cjxddkynoh2bxr7","previousOperationId":"vx0u63q2tezw2h5"}
{"type":"log","timestamp":1674342818736,"level":"debug","message":"Running chrome with params {\"printBackground\":true,\"timeout\":59962,\"margin\":{}}","meta":{"rootId":"g8zs12g3xzhdjto","id":"g8zs12g3xzhdjto"},"id":"qzfwpq8k8yw1s57","previousOperationId":"vx0u63q2tezw2h5"}
{"type":"operationEnd","operationId":"vx0u63q2tezw2h5","timestamp":1674342818769,"id":"d5h6olt65ibhiyp","previousEventId":"pa6xqjlo51gk802","previousOperationId":"vx0u63q2tezw2h5"}
{"type":"log","timestamp":1674342818769,"level":"debug","message":"Skipping storing report.","meta":{"rootId":"g8zs12g3xzhdjto","id":"g8zs12g3xzhdjto"},"id":"lqnuq5bfr1gi98u","previousOperationId":"vx0u63q2tezw2h5"}
{"type":"log","timestamp":1674342818769,"level":"info","message":"Rendering request 4 finished in 245 ms","meta":{"rootId":"g8zs12g3xzhdjto","id":"g8zs12g3xzhdjto"},"id":"yaf3a8cciarjbgk","previousOperationId":"vx0u63q2tezw2h5"}
{"type":"operationEnd","subtype":"render","operationId":"p9sh25gwt83jm1b","timestamp":1674342818770,"id":"qnj8k14iq2xqcwu","previousEventId":"d5h6olt65ibhiyp","previousOperationId":"vx0u63q2tezw2h5"}
{"type":"operationEnd","doDiffs":false,"previousEventId":"5bg42zh5hlahv4i","previousOperationId":"2jpliu01hev4kjr","operationId":"2jpliu01hev4kjr","timestamp":1674342818776,"id":"1u32s4kjqcxxsh8"}
