{"type":"operationStart","subtype":"profile","data":{"_id":"NWmNLbFsQ4a7ZBHm","timestamp":"2023-01-22T00:13:10.697Z","state":"queued","mode":"standard","creationDate":"2023-01-22T00:13:10.701Z","modificationDate":"2023-01-22T00:13:10.701Z","shortid":"rJtzZ1Y","$entitySet":"profiles"},"doDiffs":false,"timestamp":1674346390698,"id":"zzp3hcvoxr9xnln","previousOperationId":null,"operationId":"oiyk1ianpmmz8ej"}
{"type":"log","level":"info","message":"Render request 3 queued for execution and waiting for available worker","previousOperationId":"oiyk1ianpmmz8ej","timestamp":1674346390698,"id":"tqxrgxeku29ok07"}
{"type":"operationStart","subtype":"render","name":"Data","previousOperationId":"oiyk1ianpmmz8ej","timestamp":1674346390722,"id":"1bei0s46u9rd2be","previousEventId":"zzp3hcvoxr9xnln","operationId":"p9wdqwgkdpyl1ak"}
{"type":"log","timestamp":1674346390724,"level":"info","message":"Starting rendering request 3","meta":{"rootId":"gx0dvx00ho9g1bp","id":"gx0dvx00ho9g1bp"},"id":"hmyewad91hvjwv4","previousOperationId":"p9wdqwgkdpyl1ak"}
{"type":"log","timestamp":1674346390724,"level":"info","message":"Rendering template { name: Data, recipe: chrome-pdf, engine: handlebars, preview: true }","meta":{"rootId":"gx0dvx00ho9g1bp","id":"gx0dvx00ho9g1bp"},"id":"9if2mxeqis3ha5v","previousOperationId":"p9wdqwgkdpyl1ak"}
{"type":"log","timestamp":1674346390725,"level":"debug","message":"Data item not defined for this template.","meta":{"rootId":"gx0dvx00ho9g1bp","id":"gx0dvx00ho9g1bp"},"id":"g9fqy6cza3tz1lp","previousOperationId":"p9wdqwgkdpyl1ak"}
{"type":"log","timestamp":1674346390727,"level":"debug","message":"Executing script testing (beforeRender)","meta":{"rootId":"gx0dvx00ho9g1bp","id":"gx0dvx00ho9g1bp"},"id":"vqfjrnwbym7l2i8","previousOperationId":"p9wdqwgkdpyl1ak"}
{"type":"operationStart","subtype":"scriptsBeforeRender","name":"scripts beforeRender","timestamp":1674346390788,"id":"7kdg9vlpv81af5c","previousEventId":"1bei0s46u9rd2be","operationId":"k28ekradamt34cq","previousOperationId":"p9wdqwgkdpyl1ak"}
{"type":"operationStart","subtype":"script","name":"scripts testing","previousOperationId":"k28ekradamt34cq","timestamp":1674346390788,"id":"roqbsazfh0bk6nd","previousEventId":"7kdg9vlpv81af5c","operationId":"bs62voc04p35dz5"}
{"type":"operationEnd","operationId":"bs62voc04p35dz5","timestamp":1674346391021,"id":"jldg0d8h8ysubib","previousEventId":"1bei0s46u9rd2be","previousOperationId":"p9wdqwgkdpyl1ak"}
{"type":"operationEnd","operationId":"k28ekradamt34cq","timestamp":1674346391021,"id":"mmut4xwi7a8a54h","previousEventId":"jldg0d8h8ysubib","previousOperationId":"p9wdqwgkdpyl1ak"}
{"type":"log","timestamp":1674346391021,"level":"debug","message":"Base url not specified, skipping its injection.","meta":{"rootId":"gx0dvx00ho9g1bp","id":"gx0dvx00ho9g1bp"},"id":"h60hg8f6e5djp5l","previousOperationId":"k28ekradamt34cq"}
{"type":"operationStart","subtype":"engine","name":"handlebars","timestamp":1674346391022,"id":"lcc31zt5po2dzvv","previousEventId":"mmut4xwi7a8a54h","operationId":"vf10aagkjju52lf","previousOperationId":"k28ekradamt34cq"}
{"type":"log","timestamp":1674346391022,"level":"debug","message":"Rendering engine handlebars","meta":{"rootId":"gx0dvx00ho9g1bp","id":"gx0dvx00ho9g1bp"},"id":"ufu2m2m8ugjm1j4","previousOperationId":"vf10aagkjju52lf"}
{"type":"operationStart","subtype":"render","name":"Data","previousOperationId":"vf10aagkjju52lf","timestamp":1674346391024,"id":"zeye4k2cz5m4fh5","previousEventId":"roqbsazfh0bk6nd","operationId":"feboneb0hmusso1"}
{"type":"log","timestamp":1674346391024,"level":"info","message":"Starting rendering (child) request","meta":{"rootId":"gx0dvx00ho9g1bp","id":"0m1xkdz22f2npge"},"id":"maozqlvieuaja6f","previousOperationId":"feboneb0hmusso1"}
{"type":"log","timestamp":1674346391024,"level":"info","message":"Rendering template { name: Data, recipe: chrome-pdf, engine: handlebars, preview: true }","meta":{"rootId":"gx0dvx00ho9g1bp","id":"0m1xkdz22f2npge"},"id":"vxrc8nav6kfi00j","previousOperationId":"feboneb0hmusso1"}
{"type":"log","timestamp":1674346391024,"level":"debug","message":"Inline data specified.","meta":{"rootId":"gx0dvx00ho9g1bp","id":"0m1xkdz22f2npge"},"id":"jus8wz0ij3cunan","previousOperationId":"feboneb0hmusso1"}
{"type":"log","timestamp":1674346391035,"level":"debug","message":"Executing script testing (beforeRender)","meta":{"rootId":"gx0dvx00ho9g1bp","id":"0m1xkdz22f2npge"},"id":"jjam4pe3320b7rc","previousOperationId":"feboneb0hmusso1"}
{"type":"operationEnd","operationId":"vf10aagkjju52lf","timestamp":1674346391154,"id":"lvo41s0f1leuw3l","previousEventId":"lcc31zt5po2dzvv","previousOperationId":"vf10aagkjju52lf"}
{"type":"operationStart","subtype":"recipe","name":"chrome-pdf","timestamp":1674346391155,"id":"5q7jstlutasstv4","previousEventId":"lvo41s0f1leuw3l","operationId":"bg8xgp783t932yz","previousOperationId":"vf10aagkjju52lf"}
{"type":"log","timestamp":1674346391155,"level":"debug","message":"Executing recipe chrome-pdf","meta":{"rootId":"gx0dvx00ho9g1bp","id":"gx0dvx00ho9g1bp"},"id":"dfx7r5o0yps1be6","previousOperationId":"bg8xgp783t932yz"}
{"type":"operationStart","subtype":"scriptsBeforeRender","name":"scripts beforeRender","timestamp":1674346391404,"id":"r8zzv5gtu264n85","previousEventId":"zeye4k2cz5m4fh5","operationId":"pcwespnnog3ywbt","previousOperationId":"feboneb0hmusso1"}
{"type":"operationStart","subtype":"script","name":"scripts testing","previousOperationId":"pcwespnnog3ywbt","timestamp":1674346391404,"id":"8ren2j77xuneuqp","previousEventId":"r8zzv5gtu264n85","operationId":"v2d7s7o9zurbrv7"}
{"type":"log","timestamp":1674346391669,"level":"debug","message":"Converting with chrome HeadlessChrome/105.0.5173.0 using chrome-pool strategy","meta":{"rootId":"gx0dvx00ho9g1bp","id":"gx0dvx00ho9g1bp"},"id":"bfjdx790bqr1inb","previousOperationId":"bg8xgp783t932yz"}
{"type":"operationEnd","operationId":"v2d7s7o9zurbrv7","timestamp":1674346391674,"id":"b3a4hwp6aiubdcs","previousEventId":"zeye4k2cz5m4fh5","previousOperationId":"feboneb0hmusso1"}
{"type":"operationEnd","operationId":"pcwespnnog3ywbt","timestamp":1674346391675,"id":"wa83okmnouxi885","previousEventId":"b3a4hwp6aiubdcs","previousOperationId":"feboneb0hmusso1"}
{"type":"log","timestamp":1674346391675,"level":"debug","message":"Base url not specified, skipping its injection.","meta":{"rootId":"gx0dvx00ho9g1bp","id":"0m1xkdz22f2npge"},"id":"vshb4uft6x2nsjy","previousOperationId":"pcwespnnog3ywbt"}
{"type":"operationStart","subtype":"engine","name":"handlebars","timestamp":1674346391676,"id":"ik5hkdm5tr6mgay","previousEventId":"wa83okmnouxi885","operationId":"vsbmn9s8t9lggo3","previousOperationId":"pcwespnnog3ywbt"}
{"type":"log","timestamp":1674346391676,"level":"debug","message":"Rendering engine handlebars","meta":{"rootId":"gx0dvx00ho9g1bp","id":"0m1xkdz22f2npge"},"id":"s1kyxjfuv83598n","previousOperationId":"vsbmn9s8t9lggo3"}
{"type":"operationStart","subtype":"render","name":"Data","previousOperationId":"vsbmn9s8t9lggo3","timestamp":1674346391682,"id":"077at5bbqsbsaqv","previousEventId":"8ren2j77xuneuqp","operationId":"eyc4r2re7corxvc"}
{"type":"log","timestamp":1674346391682,"level":"info","message":"Starting rendering (child) request","meta":{"rootId":"gx0dvx00ho9g1bp","id":"izwtv5qhwsxp3mg"},"id":"rhq1ev97i3m7a51","previousOperationId":"eyc4r2re7corxvc"}
{"type":"log","timestamp":1674346391682,"level":"info","message":"Rendering template { name: Data, recipe: chrome-pdf, engine: handlebars, preview: true }","meta":{"rootId":"gx0dvx00ho9g1bp","id":"izwtv5qhwsxp3mg"},"id":"aleiy7v29rxrk5i","previousOperationId":"eyc4r2re7corxvc"}
{"type":"log","timestamp":1674346391682,"level":"debug","message":"Inline data specified.","meta":{"rootId":"gx0dvx00ho9g1bp","id":"izwtv5qhwsxp3mg"},"id":"ezoan8szfxuhivq","previousOperationId":"eyc4r2re7corxvc"}
{"type":"log","timestamp":1674346391715,"level":"debug","message":"Executing script testing (beforeRender)","meta":{"rootId":"gx0dvx00ho9g1bp","id":"izwtv5qhwsxp3mg"},"id":"7r6hzxd9sbxsd7z","previousOperationId":"eyc4r2re7corxvc"}
{"type":"operationEnd","operationId":"vsbmn9s8t9lggo3","timestamp":1674346391723,"id":"mvrypr8tfvxuj5a","previousEventId":"ik5hkdm5tr6mgay","previousOperationId":"vsbmn9s8t9lggo3"}
{"type":"operationStart","subtype":"recipe","name":"chrome-pdf","timestamp":1674346391728,"id":"3tn7vfiy36skfte","previousEventId":"mvrypr8tfvxuj5a","operationId":"461u9ce3l1aomnn","previousOperationId":"vsbmn9s8t9lggo3"}
{"type":"log","timestamp":1674346391728,"level":"debug","message":"Executing recipe chrome-pdf","meta":{"rootId":"gx0dvx00ho9g1bp","id":"0m1xkdz22f2npge"},"id":"3xsqahbvavmr02u","previousOperationId":"461u9ce3l1aomnn"}
{"type":"operationStart","subtype":"scriptsBeforeRender","name":"scripts beforeRender","timestamp":1674346391745,"id":"a1qryh7le56izud","previousEventId":"077at5bbqsbsaqv","operationId":"3w91qkf12jprk97","previousOperationId":"eyc4r2re7corxvc"}
{"type":"operationStart","subtype":"script","name":"scripts testing","previousOperationId":"3w91qkf12jprk97","timestamp":1674346391745,"id":"nt96ojoa4vm00av","previousEventId":"a1qryh7le56izud","operationId":"g9t716bepnos6qk"}
{"type":"log","timestamp":1674346391962,"level":"debug","message":"Page request: GET (document) file:///C:/Users/Johan/AppData/Local/Temp/jsreport/autocleanup/72b3298a-2373-443c-80ce-ed875dae5775-chrome-pdf.html","meta":{"rootId":"gx0dvx00ho9g1bp","id":"gx0dvx00ho9g1bp"},"id":"07f66lu7kttgwqb","previousOperationId":"bg8xgp783t932yz"}
{"type":"log","timestamp":1674346391983,"level":"debug","message":"Page request finished: GET (document) 200 file:///C:/Users/Johan/AppData/Local/Temp/jsreport/autocleanup/72b3298a-2373-443c-80ce-ed875dae5775-chrome-pdf.html","meta":{"rootId":"gx0dvx00ho9g1bp","id":"gx0dvx00ho9g1bp"},"id":"263la2bma5y2cqc","previousOperationId":"bg8xgp783t932yz"}
{"type":"log","timestamp":1674346392002,"level":"debug","message":"Running chrome with params {\"printBackground\":true,\"timeout\":59274,\"margin\":{}}","meta":{"rootId":"gx0dvx00ho9g1bp","id":"gx0dvx00ho9g1bp"},"id":"yaxomzm7ks7lkwv","previousOperationId":"bg8xgp783t932yz"}
{"type":"operationEnd","operationId":"g9t716bepnos6qk","timestamp":1674346392041,"id":"l8271y4b242ro7z","previousEventId":"077at5bbqsbsaqv","previousOperationId":"eyc4r2re7corxvc"}
{"type":"operationEnd","operationId":"3w91qkf12jprk97","timestamp":1674346392041,"id":"dpiyilzsjfv426j","previousEventId":"l8271y4b242ro7z","previousOperationId":"eyc4r2re7corxvc"}
{"type":"log","timestamp":1674346392041,"level":"debug","message":"Base url not specified, skipping its injection.","meta":{"rootId":"gx0dvx00ho9g1bp","id":"izwtv5qhwsxp3mg"},"id":"cd1jie6zikti1jz","previousOperationId":"3w91qkf12jprk97"}
{"type":"operationStart","subtype":"engine","name":"handlebars","timestamp":1674346392042,"id":"qvrxu7o45246awu","previousEventId":"dpiyilzsjfv426j","operationId":"3a9r32rvzfw06sl","previousOperationId":"3w91qkf12jprk97"}
{"type":"log","timestamp":1674346392042,"level":"debug","message":"Rendering engine handlebars","meta":{"rootId":"gx0dvx00ho9g1bp","id":"izwtv5qhwsxp3mg"},"id":"2ng8mqjdmcbjls9","previousOperationId":"3a9r32rvzfw06sl"}
{"type":"operationStart","subtype":"render","name":"Data","previousOperationId":"3a9r32rvzfw06sl","timestamp":1674346392043,"id":"24myd4pwy3937l0","previousEventId":"nt96ojoa4vm00av","operationId":"jkktgf6fz9v3f3p"}
{"type":"log","timestamp":1674346392043,"level":"info","message":"Starting rendering (child) request","meta":{"rootId":"gx0dvx00ho9g1bp","id":"z2apo6hkdg1ozeh"},"id":"tn42ochu3xlbc87","previousOperationId":"jkktgf6fz9v3f3p"}
{"type":"log","timestamp":1674346392043,"level":"info","message":"Rendering template { name: Data, recipe: chrome-pdf, engine: handlebars, preview: true }","meta":{"rootId":"gx0dvx00ho9g1bp","id":"z2apo6hkdg1ozeh"},"id":"1p9fw9tmondt6f8","previousOperationId":"jkktgf6fz9v3f3p"}
{"type":"log","timestamp":1674346392043,"level":"debug","message":"Inline data specified.","meta":{"rootId":"gx0dvx00ho9g1bp","id":"z2apo6hkdg1ozeh"},"id":"wms6pxu7dx340ds","previousOperationId":"jkktgf6fz9v3f3p"}
{"type":"operationEnd","operationId":"bg8xgp783t932yz","timestamp":1674346392054,"id":"kulcohp5r3bucxw","previousEventId":"5q7jstlutasstv4","previousOperationId":"bg8xgp783t932yz"}
{"type":"log","timestamp":1674346392057,"level":"debug","message":"Skipping storing report.","meta":{"rootId":"gx0dvx00ho9g1bp","id":"gx0dvx00ho9g1bp"},"id":"gxo0fxamnvdfpa1","previousOperationId":"bg8xgp783t932yz"}
{"type":"log","timestamp":1674346392057,"level":"info","message":"Rendering request 3 finished in 1360 ms","meta":{"rootId":"gx0dvx00ho9g1bp","id":"gx0dvx00ho9g1bp"},"id":"7gtmzvgpzkcnjst","previousOperationId":"bg8xgp783t932yz"}
{"type":"operationEnd","subtype":"render","operationId":"p9wdqwgkdpyl1ak","timestamp":1674346392058,"id":"6xektafxnw7f457","previousEventId":"kulcohp5r3bucxw","previousOperationId":"bg8xgp783t932yz"}
{"type":"operationEnd","doDiffs":false,"previousEventId":"zzp3hcvoxr9xnln","previousOperationId":"oiyk1ianpmmz8ej","operationId":"oiyk1ianpmmz8ej","timestamp":1674346392104,"id":"z67pqgcvr84zede"}
