{"type":"operationStart","subtype":"profile","data":{"_id":"5gyKfdng14hDwAAV","timestamp":"2023-01-21T23:07:50.019Z","state":"queued","mode":"standard","creationDate":"2023-01-21T23:07:50.025Z","modificationDate":"2023-01-21T23:07:50.025Z","shortid":"rQYlnK2","$entitySet":"profiles"},"doDiffs":false,"timestamp":1674342470021,"id":"397omwd6bkn6o0n","previousOperationId":null,"operationId":"x0frcddqded77b2"}
{"type":"log","level":"info","message":"Render request 1 queued for execution and waiting for available worker","previousOperationId":"x0frcddqded77b2","timestamp":1674342470022,"id":"4zw3p2qy09ppny5"}
{"type":"operationStart","subtype":"render","name":"Data","previousOperationId":"x0frcddqded77b2","timestamp":1674342470067,"id":"kdf6jcj4yfhlloy","previousEventId":"397omwd6bkn6o0n","operationId":"yy8awwm9lxflvbc"}
{"type":"log","timestamp":1674342470071,"level":"info","message":"Starting rendering request 1","meta":{"rootId":"h8u1yjwhvvow82q","id":"h8u1yjwhvvow82q"},"id":"gckc9ycrm3ra5mb","previousOperationId":"yy8awwm9lxflvbc"}
{"type":"log","timestamp":1674342470076,"level":"info","message":"Rendering template { name: Data, recipe: chrome-pdf, engine: handlebars, preview: false }","meta":{"rootId":"h8u1yjwhvvow82q","id":"h8u1yjwhvvow82q"},"id":"ph7e3xvgnq35ul9","previousOperationId":"yy8awwm9lxflvbc"}
{"type":"log","timestamp":1674342470077,"level":"debug","message":"Data item not defined for this template.","meta":{"rootId":"h8u1yjwhvvow82q","id":"h8u1yjwhvvow82q"},"id":"ldvh94p1x13fywk","previousOperationId":"yy8awwm9lxflvbc"}
{"type":"log","timestamp":1674342470090,"level":"debug","message":"Base url not specified, skipping its injection.","meta":{"rootId":"h8u1yjwhvvow82q","id":"h8u1yjwhvvow82q"},"id":"7arfwqmodgs9rs4","previousOperationId":"yy8awwm9lxflvbc"}
{"type":"operationStart","subtype":"engine","name":"handlebars","timestamp":1674342470098,"id":"4hzupi3s8pgy55v","previousEventId":"kdf6jcj4yfhlloy","operationId":"5r7hqhny9hx3qb6","previousOperationId":"yy8awwm9lxflvbc"}
{"type":"log","timestamp":1674342470098,"level":"debug","message":"Rendering engine handlebars","meta":{"rootId":"h8u1yjwhvvow82q","id":"h8u1yjwhvvow82q"},"id":"9jd7pcv2tdbdtb4","previousOperationId":"5r7hqhny9hx3qb6"}
{"type":"operationEnd","operationId":"5r7hqhny9hx3qb6","timestamp":1674342471944,"id":"fsytg0jgxcp8iud","previousEventId":"4hzupi3s8pgy55v","previousOperationId":"5r7hqhny9hx3qb6"}
{"type":"operationStart","subtype":"recipe","name":"chrome-pdf","timestamp":1674342471945,"id":"eeudyd1g8a4isyb","previousEventId":"fsytg0jgxcp8iud","operationId":"n5acgwg4bdx4ymn","previousOperationId":"5r7hqhny9hx3qb6"}
{"type":"log","timestamp":1674342471945,"level":"debug","message":"Executing recipe chrome-pdf","meta":{"rootId":"h8u1yjwhvvow82q","id":"h8u1yjwhvvow82q"},"id":"mpvze0702q99ofz","previousOperationId":"n5acgwg4bdx4ymn"}
{"type":"log","timestamp":1674342473398,"level":"debug","message":"Converting with chrome HeadlessChrome/105.0.5173.0 using chrome-pool strategy","meta":{"rootId":"h8u1yjwhvvow82q","id":"h8u1yjwhvvow82q"},"id":"95xh4lrpuq7u2zx","previousOperationId":"n5acgwg4bdx4ymn"}
{"type":"log","timestamp":1674342474271,"level":"debug","message":"Page request: GET (document) file:///C:/Users/Johan/AppData/Local/Temp/jsreport/autocleanup/2b9ac571-1165-4831-ac12-fe7206a1dc9c-chrome-pdf.html","meta":{"rootId":"h8u1yjwhvvow82q","id":"h8u1yjwhvvow82q"},"id":"hopsliehx3x7wta","previousOperationId":"n5acgwg4bdx4ymn"}
{"type":"log","timestamp":1674342474300,"level":"debug","message":"Page request finished: GET (document) 200 file:///C:/Users/Johan/AppData/Local/Temp/jsreport/autocleanup/2b9ac571-1165-4831-ac12-fe7206a1dc9c-chrome-pdf.html","meta":{"rootId":"h8u1yjwhvvow82q","id":"h8u1yjwhvvow82q"},"id":"cnm8y9yyqy6ndz8","previousOperationId":"n5acgwg4bdx4ymn"}
{"type":"log","timestamp":1674342474315,"level":"debug","message":"Running chrome with params {\"printBackground\":true,\"timeout\":57665,\"margin\":{}}","meta":{"rootId":"h8u1yjwhvvow82q","id":"h8u1yjwhvvow82q"},"id":"qmecc8xdg1m8lve","previousOperationId":"n5acgwg4bdx4ymn"}
{"type":"operationEnd","operationId":"n5acgwg4bdx4ymn","timestamp":1674342474362,"id":"mhcxqlprel7k2pm","previousEventId":"eeudyd1g8a4isyb","previousOperationId":"n5acgwg4bdx4ymn"}
{"type":"log","timestamp":1674342474365,"level":"debug","message":"Skipping storing report.","meta":{"rootId":"h8u1yjwhvvow82q","id":"h8u1yjwhvvow82q"},"id":"cewjk6l8u414t8q","previousOperationId":"n5acgwg4bdx4ymn"}
{"type":"log","timestamp":1674342474366,"level":"info","message":"Rendering request 1 finished in 4349 ms","meta":{"rootId":"h8u1yjwhvvow82q","id":"h8u1yjwhvvow82q"},"id":"vmk9qqa485sowsj","previousOperationId":"n5acgwg4bdx4ymn"}
{"type":"operationEnd","subtype":"render","operationId":"yy8awwm9lxflvbc","timestamp":1674342474366,"id":"jrn67xpiqg5hw4l","previousEventId":"mhcxqlprel7k2pm","previousOperationId":"n5acgwg4bdx4ymn"}
{"type":"operationEnd","doDiffs":false,"previousEventId":"397omwd6bkn6o0n","previousOperationId":"x0frcddqded77b2","operationId":"x0frcddqded77b2","timestamp":1674342474380,"id":"op41z0umermyo7h"}
