{"type":"operationStart","subtype":"profile","data":{"_id":"nH6dm8VGtiOjBmSS","timestamp":"2023-01-20T20:14:23.362Z","state":"queued","mode":"standard","creationDate":"2023-01-20T20:14:23.364Z","modificationDate":"2023-01-20T20:14:23.364Z","shortid":"Uy1WhFu","$entitySet":"profiles"},"doDiffs":false,"timestamp":1674245663363,"id":"fqczr5ljfz67ahv","previousOperationId":null,"operationId":"87katyqbrk8so15"}
{"type":"log","level":"info","message":"Render request 8 queued for execution and waiting for available worker","previousOperationId":"87katyqbrk8so15","timestamp":1674245663363,"id":"25szxlufphbl6g6"}
{"type":"operationStart","subtype":"render","name":"Data","previousOperationId":"87katyqbrk8so15","timestamp":1674245663368,"id":"4alhx0ofx4i75wf","previousEventId":"fqczr5ljfz67ahv","operationId":"hqvb5x1suj2n6g8"}
{"type":"log","timestamp":1674245663368,"level":"info","message":"Starting rendering request 8","meta":{"rootId":"idacl90o2aotpzn","id":"idacl90o2aotpzn"},"id":"5kz0xgnaiikhv69","previousOperationId":"hqvb5x1suj2n6g8"}
{"type":"log","timestamp":1674245663368,"level":"info","message":"Rendering template { name: Data, recipe: chrome-pdf, engine: handlebars, preview: false }","meta":{"rootId":"idacl90o2aotpzn","id":"idacl90o2aotpzn"},"id":"r6lp4ph17y7xv29","previousOperationId":"hqvb5x1suj2n6g8"}
{"type":"log","timestamp":1674245663368,"level":"debug","message":"Inline data specified.","meta":{"rootId":"idacl90o2aotpzn","id":"idacl90o2aotpzn"},"id":"jyi955otkccnrdt","previousOperationId":"hqvb5x1suj2n6g8"}
{"type":"log","timestamp":1674245663369,"level":"debug","message":"Base url not specified, skipping its injection.","meta":{"rootId":"idacl90o2aotpzn","id":"idacl90o2aotpzn"},"id":"o6n9c8lbpb8hmsq","previousOperationId":"hqvb5x1suj2n6g8"}
{"type":"operationStart","subtype":"engine","name":"handlebars","timestamp":1674245663370,"id":"ja3s43qj57zqt1n","previousEventId":"4alhx0ofx4i75wf","operationId":"nu262ezdey7vtwu","previousOperationId":"hqvb5x1suj2n6g8"}
{"type":"log","timestamp":1674245663370,"level":"debug","message":"Rendering engine handlebars","meta":{"rootId":"idacl90o2aotpzn","id":"idacl90o2aotpzn"},"id":"9zdpqcuhvr4fwkg","previousOperationId":"nu262ezdey7vtwu"}
{"type":"operationEnd","operationId":"nu262ezdey7vtwu","timestamp":1674245663388,"id":"ijit0zw4lo21oyo","previousEventId":"ja3s43qj57zqt1n","previousOperationId":"nu262ezdey7vtwu"}
{"type":"operationStart","subtype":"recipe","name":"chrome-pdf","timestamp":1674245663389,"id":"x81vhqe4iccrmtf","previousEventId":"ijit0zw4lo21oyo","operationId":"ajaq7yghcx9rjeh","previousOperationId":"nu262ezdey7vtwu"}
{"type":"log","timestamp":1674245663389,"level":"debug","message":"Executing recipe chrome-pdf","meta":{"rootId":"idacl90o2aotpzn","id":"idacl90o2aotpzn"},"id":"3w5azmabkl4ae22","previousOperationId":"ajaq7yghcx9rjeh"}
{"type":"log","timestamp":1674245663391,"level":"debug","message":"Converting with chrome HeadlessChrome/105.0.5173.0 using chrome-pool strategy","meta":{"rootId":"idacl90o2aotpzn","id":"idacl90o2aotpzn"},"id":"ki65pq6j8t9kg4i","previousOperationId":"ajaq7yghcx9rjeh"}
{"type":"log","timestamp":1674245663486,"level":"debug","message":"Page request: GET (document) file:///C:/Users/Johan/AppData/Local/Temp/jsreport/autocleanup/7a9abcb0-4114-4be1-9802-b7fcbd4dd58e-chrome-pdf.html","meta":{"rootId":"idacl90o2aotpzn","id":"idacl90o2aotpzn"},"id":"kfzh3w3k12fih4q","previousOperationId":"ajaq7yghcx9rjeh"}
{"type":"log","timestamp":1674245663494,"level":"debug","message":"Page request finished: GET (document) 200 file:///C:/Users/Johan/AppData/Local/Temp/jsreport/autocleanup/7a9abcb0-4114-4be1-9802-b7fcbd4dd58e-chrome-pdf.html","meta":{"rootId":"idacl90o2aotpzn","id":"idacl90o2aotpzn"},"id":"e6dq9vmq3e8sslx","previousOperationId":"ajaq7yghcx9rjeh"}
{"type":"log","timestamp":1674245663504,"level":"debug","message":"Running chrome with params {\"printBackground\":true,\"timeout\":59972,\"margin\":{}}","meta":{"rootId":"idacl90o2aotpzn","id":"idacl90o2aotpzn"},"id":"hf6s07dxllxso5m","previousOperationId":"ajaq7yghcx9rjeh"}
{"type":"operationEnd","operationId":"ajaq7yghcx9rjeh","timestamp":1674245663532,"id":"eki0oiuzyh1ivqt","previousEventId":"x81vhqe4iccrmtf","previousOperationId":"ajaq7yghcx9rjeh"}
{"type":"log","timestamp":1674245663532,"level":"debug","message":"Skipping storing report.","meta":{"rootId":"idacl90o2aotpzn","id":"idacl90o2aotpzn"},"id":"kzo76jib78s5duu","previousOperationId":"ajaq7yghcx9rjeh"}
{"type":"log","timestamp":1674245663532,"level":"info","message":"Rendering request 8 finished in 170 ms","meta":{"rootId":"idacl90o2aotpzn","id":"idacl90o2aotpzn"},"id":"bjxaz8yb8hg5ce0","previousOperationId":"ajaq7yghcx9rjeh"}
{"type":"operationEnd","subtype":"render","operationId":"hqvb5x1suj2n6g8","timestamp":1674245663532,"id":"3tciwnx9pfj2ip1","previousEventId":"eki0oiuzyh1ivqt","previousOperationId":"ajaq7yghcx9rjeh"}
{"type":"operationEnd","doDiffs":false,"previousEventId":"fqczr5ljfz67ahv","previousOperationId":"87katyqbrk8so15","operationId":"87katyqbrk8so15","timestamp":1674245663535,"id":"xh382ejlmuqz8li"}
