{"type":"operationStart","subtype":"profile","data":{"_id":"CKCNyn9aAM0CPCLU","timestamp":"2023-01-23T20:26:09.883Z","state":"queued","mode":"standard","creationDate":"2023-01-23T20:26:09.885Z","modificationDate":"2023-01-23T20:26:09.885Z","shortid":"ZX-lEDD","$entitySet":"profiles"},"doDiffs":false,"timestamp":1674505569884,"id":"cwah236d1891621","previousOperationId":null,"operationId":"jh0krvqrh39mbv9"}
{"type":"log","level":"info","message":"Render request 3 queued for execution and waiting for available worker","previousOperationId":"jh0krvqrh39mbv9","timestamp":1674505569884,"id":"v6qor9r4p236zrf"}
{"type":"operationStart","subtype":"render","name":"Data","previousOperationId":"jh0krvqrh39mbv9","timestamp":1674505569896,"id":"ruuuvf1n5bdhv7e","previousEventId":"cwah236d1891621","operationId":"dco85dhg3rz2pv2"}
{"type":"log","timestamp":1674505569896,"level":"info","message":"Starting rendering request 3","meta":{"rootId":"ixa7odwkb7va4d8","id":"ixa7odwkb7va4d8"},"id":"puulj6tcz3jww44","previousOperationId":"dco85dhg3rz2pv2"}
{"type":"log","timestamp":1674505569897,"level":"info","message":"Rendering template { name: Data, recipe: chrome-pdf, engine: handlebars, preview: true }","meta":{"rootId":"ixa7odwkb7va4d8","id":"ixa7odwkb7va4d8"},"id":"h7p6i0wmkguupjq","previousOperationId":"dco85dhg3rz2pv2"}
{"type":"log","timestamp":1674505569898,"level":"debug","message":"Data item not defined for this template.","meta":{"rootId":"ixa7odwkb7va4d8","id":"ixa7odwkb7va4d8"},"id":"hh6bie0tejl0zc3","previousOperationId":"dco85dhg3rz2pv2"}
{"type":"log","timestamp":1674505569901,"level":"debug","message":"Executing script testing (beforeRender)","meta":{"rootId":"ixa7odwkb7va4d8","id":"ixa7odwkb7va4d8"},"id":"7mbso9ze5iho1wm","previousOperationId":"dco85dhg3rz2pv2"}
{"type":"operationStart","subtype":"scriptsBeforeRender","name":"scripts beforeRender","timestamp":1674505570037,"id":"nb312mo7z4jp2dv","previousEventId":"ruuuvf1n5bdhv7e","operationId":"z9edleuprkwh79e","previousOperationId":"dco85dhg3rz2pv2"}
{"type":"operationStart","subtype":"script","name":"scripts testing","previousOperationId":"z9edleuprkwh79e","timestamp":1674505570038,"id":"l9nyvxszdgy1lef","previousEventId":"nb312mo7z4jp2dv","operationId":"xxx9yaxtq3qwux1"}
{"type":"operationEnd","operationId":"xxx9yaxtq3qwux1","timestamp":1674505570186,"id":"o546vvf09mfg6nj","previousEventId":"ruuuvf1n5bdhv7e","previousOperationId":"dco85dhg3rz2pv2"}
{"type":"operationEnd","operationId":"z9edleuprkwh79e","timestamp":1674505570186,"id":"8mshen5tns6d329","previousEventId":"o546vvf09mfg6nj","previousOperationId":"dco85dhg3rz2pv2"}
{"type":"log","timestamp":1674505570186,"level":"debug","message":"Base url not specified, skipping its injection.","meta":{"rootId":"ixa7odwkb7va4d8","id":"ixa7odwkb7va4d8"},"id":"ysjajkoqbluj2g4","previousOperationId":"z9edleuprkwh79e"}
{"type":"operationStart","subtype":"engine","name":"handlebars","timestamp":1674505570187,"id":"8vplb21bbdm29f8","previousEventId":"8mshen5tns6d329","operationId":"ldcpu9d7hekow49","previousOperationId":"z9edleuprkwh79e"}
{"type":"log","timestamp":1674505570187,"level":"debug","message":"Rendering engine handlebars","meta":{"rootId":"ixa7odwkb7va4d8","id":"ixa7odwkb7va4d8"},"id":"m3eciycwdpsmhnd","previousOperationId":"ldcpu9d7hekow49"}
{"type":"operationEnd","operationId":"ldcpu9d7hekow49","timestamp":1674505570192,"id":"xpfx9ax5sxfobrv","previousEventId":"8vplb21bbdm29f8","previousOperationId":"ldcpu9d7hekow49"}
{"type":"operationStart","subtype":"recipe","name":"chrome-pdf","timestamp":1674505570193,"id":"cbpznanokhtrfwl","previousEventId":"xpfx9ax5sxfobrv","operationId":"hid1jv7o35ylj8q","previousOperationId":"ldcpu9d7hekow49"}
{"type":"log","timestamp":1674505570193,"level":"debug","message":"Executing recipe chrome-pdf","meta":{"rootId":"ixa7odwkb7va4d8","id":"ixa7odwkb7va4d8"},"id":"xz0arrxdyoj3shx","previousOperationId":"hid1jv7o35ylj8q"}
{"type":"log","timestamp":1674505570196,"level":"debug","message":"Converting with chrome HeadlessChrome/105.0.5173.0 using chrome-pool strategy","meta":{"rootId":"ixa7odwkb7va4d8","id":"ixa7odwkb7va4d8"},"id":"zml6y8sw83y7d1l","previousOperationId":"hid1jv7o35ylj8q"}
{"type":"log","timestamp":1674505570325,"level":"debug","message":"Page request: GET (document) file:///C:/Users/Johan/AppData/Local/Temp/jsreport/autocleanup/93c3b5c8-433f-4ede-ada8-16a63ec168a5-chrome-pdf.html","meta":{"rootId":"ixa7odwkb7va4d8","id":"ixa7odwkb7va4d8"},"id":"9fsmja3wrscnrgt","previousOperationId":"hid1jv7o35ylj8q"}
{"type":"log","timestamp":1674505570341,"level":"debug","message":"Page request finished: GET (document) 200 file:///C:/Users/Johan/AppData/Local/Temp/jsreport/autocleanup/93c3b5c8-433f-4ede-ada8-16a63ec168a5-chrome-pdf.html","meta":{"rootId":"ixa7odwkb7va4d8","id":"ixa7odwkb7va4d8"},"id":"e03wrfw7x4w3rz5","previousOperationId":"hid1jv7o35ylj8q"}
{"type":"log","timestamp":1674505570343,"level":"debug","message":"Running chrome with params {\"printBackground\":true,\"timeout\":59687,\"margin\":{}}","meta":{"rootId":"ixa7odwkb7va4d8","id":"ixa7odwkb7va4d8"},"id":"meq73ubsr3rickz","previousOperationId":"hid1jv7o35ylj8q"}
{"type":"operationEnd","operationId":"hid1jv7o35ylj8q","timestamp":1674505570359,"id":"hsjkyle5ezz0ce8","previousEventId":"cbpznanokhtrfwl","previousOperationId":"hid1jv7o35ylj8q"}
{"type":"log","timestamp":1674505570359,"level":"debug","message":"Skipping storing report.","meta":{"rootId":"ixa7odwkb7va4d8","id":"ixa7odwkb7va4d8"},"id":"5olzft52r3rdxlo","previousOperationId":"hid1jv7o35ylj8q"}
{"type":"log","timestamp":1674505570359,"level":"info","message":"Rendering request 3 finished in 477 ms","meta":{"rootId":"ixa7odwkb7va4d8","id":"ixa7odwkb7va4d8"},"id":"gjui3s2iaavja6a","previousOperationId":"hid1jv7o35ylj8q"}
{"type":"operationEnd","subtype":"render","operationId":"dco85dhg3rz2pv2","timestamp":1674505570359,"id":"sevl2nihvktrpns","previousEventId":"hsjkyle5ezz0ce8","previousOperationId":"hid1jv7o35ylj8q"}
{"type":"operationEnd","doDiffs":false,"previousEventId":"cwah236d1891621","previousOperationId":"jh0krvqrh39mbv9","operationId":"jh0krvqrh39mbv9","timestamp":1674505570366,"id":"16qndx8vnkljgfv"}
