{"type":"operationStart","subtype":"profile","data":{"_id":"JDplh3vpQwV3kJ1V","timestamp":"2023-01-20T20:03:39.527Z","state":"queued","mode":"standard","creationDate":"2023-01-20T20:03:39.529Z","modificationDate":"2023-01-20T20:03:39.529Z","shortid":"xPKM0Qn","$entitySet":"profiles"},"doDiffs":false,"timestamp":1674245019528,"id":"j0dz746a6ffksvu","previousOperationId":null,"operationId":"wgf8rhyhbmctih6"}
{"type":"log","level":"info","message":"Render request 2 queued for execution and waiting for available worker","previousOperationId":"wgf8rhyhbmctih6","timestamp":1674245019528,"id":"6ct3yzv6ymmb7dk"}
{"type":"operationStart","subtype":"render","name":"Data","previousOperationId":"wgf8rhyhbmctih6","timestamp":1674245019533,"id":"xin4079euxgys10","previousEventId":"j0dz746a6ffksvu","operationId":"87n2o7rzigubq97"}
{"type":"log","timestamp":1674245019533,"level":"info","message":"Starting rendering request 2","meta":{"rootId":"jvvrf3ngxv70zwf","id":"jvvrf3ngxv70zwf"},"id":"33h34wx2p1pziad","previousOperationId":"87n2o7rzigubq97"}
{"type":"log","timestamp":1674245019533,"level":"info","message":"Rendering template { name: Data, recipe: chrome-pdf, engine: handlebars, preview: false }","meta":{"rootId":"jvvrf3ngxv70zwf","id":"jvvrf3ngxv70zwf"},"id":"i555otgk73w9lcd","previousOperationId":"87n2o7rzigubq97"}
{"type":"log","timestamp":1674245019534,"level":"debug","message":"Inline data specified.","meta":{"rootId":"jvvrf3ngxv70zwf","id":"jvvrf3ngxv70zwf"},"id":"8gfmj5g0gumvjk3","previousOperationId":"87n2o7rzigubq97"}
{"type":"log","timestamp":1674245019539,"level":"debug","message":"Base url not specified, skipping its injection.","meta":{"rootId":"jvvrf3ngxv70zwf","id":"jvvrf3ngxv70zwf"},"id":"do4k3ga0osuvsnk","previousOperationId":"87n2o7rzigubq97"}
{"type":"operationStart","subtype":"engine","name":"handlebars","timestamp":1674245019541,"id":"ny3lz12ry5u656p","previousEventId":"xin4079euxgys10","operationId":"y3frdjnauhvjg57","previousOperationId":"87n2o7rzigubq97"}
{"type":"log","timestamp":1674245019541,"level":"debug","message":"Rendering engine handlebars","meta":{"rootId":"jvvrf3ngxv70zwf","id":"jvvrf3ngxv70zwf"},"id":"xkq4j6igfxgjiut","previousOperationId":"y3frdjnauhvjg57"}
{"type":"operationEnd","operationId":"y3frdjnauhvjg57","timestamp":1674245020235,"id":"239m536zqqv11yb","previousEventId":"ny3lz12ry5u656p","previousOperationId":"y3frdjnauhvjg57"}
{"type":"operationStart","subtype":"recipe","name":"chrome-pdf","timestamp":1674245020235,"id":"k7kjj29asnaps67","previousEventId":"239m536zqqv11yb","operationId":"2478ajnbbizhoh2","previousOperationId":"y3frdjnauhvjg57"}
{"type":"log","timestamp":1674245020235,"level":"debug","message":"Executing recipe chrome-pdf","meta":{"rootId":"jvvrf3ngxv70zwf","id":"jvvrf3ngxv70zwf"},"id":"7376xe73rwu8axg","previousOperationId":"2478ajnbbizhoh2"}
{"type":"log","timestamp":1674245020540,"level":"debug","message":"Converting with chrome HeadlessChrome/105.0.5173.0 using chrome-pool strategy","meta":{"rootId":"jvvrf3ngxv70zwf","id":"jvvrf3ngxv70zwf"},"id":"k1olr4dewcdsvgm","previousOperationId":"2478ajnbbizhoh2"}
{"type":"log","timestamp":1674245020680,"level":"debug","message":"Page request: GET (document) file:///C:/Users/Johan/AppData/Local/Temp/jsreport/autocleanup/d1a8eeef-3d68-4565-8f5d-fdf54b85d96c-chrome-pdf.html","meta":{"rootId":"jvvrf3ngxv70zwf","id":"jvvrf3ngxv70zwf"},"id":"wfc66la8nih6y1i","previousOperationId":"2478ajnbbizhoh2"}
{"type":"log","timestamp":1674245020688,"level":"debug","message":"Page request finished: GET (document) 200 file:///C:/Users/Johan/AppData/Local/Temp/jsreport/autocleanup/d1a8eeef-3d68-4565-8f5d-fdf54b85d96c-chrome-pdf.html","meta":{"rootId":"jvvrf3ngxv70zwf","id":"jvvrf3ngxv70zwf"},"id":"v0608yt27jzs59h","previousOperationId":"2478ajnbbizhoh2"}
{"type":"log","timestamp":1674245020690,"level":"debug","message":"Running chrome with params {\"printBackground\":true,\"timeout\":59133,\"margin\":{}}","meta":{"rootId":"jvvrf3ngxv70zwf","id":"jvvrf3ngxv70zwf"},"id":"bcs02544a23m53y","previousOperationId":"2478ajnbbizhoh2"}
{"type":"operationEnd","operationId":"2478ajnbbizhoh2","timestamp":1674245020702,"id":"y6yh8iivwmt1qs7","previousEventId":"k7kjj29asnaps67","previousOperationId":"2478ajnbbizhoh2"}
{"type":"log","timestamp":1674245020703,"level":"debug","message":"Skipping storing report.","meta":{"rootId":"jvvrf3ngxv70zwf","id":"jvvrf3ngxv70zwf"},"id":"kwzc0vj8mbwxuls","previousOperationId":"2478ajnbbizhoh2"}
{"type":"log","timestamp":1674245020703,"level":"info","message":"Rendering request 2 finished in 1177 ms","meta":{"rootId":"jvvrf3ngxv70zwf","id":"jvvrf3ngxv70zwf"},"id":"6u0harjj19hl6q3","previousOperationId":"2478ajnbbizhoh2"}
{"type":"operationEnd","subtype":"render","operationId":"87n2o7rzigubq97","timestamp":1674245020703,"id":"psj4z2718tn1mhx","previousEventId":"y6yh8iivwmt1qs7","previousOperationId":"2478ajnbbizhoh2"}
{"type":"operationEnd","doDiffs":false,"previousEventId":"j0dz746a6ffksvu","previousOperationId":"wgf8rhyhbmctih6","operationId":"wgf8rhyhbmctih6","timestamp":1674245020709,"id":"eojidl07utiwjdg"}
