{"type":"operationStart","subtype":"profile","data":{"_id":"RRK4TsakkgwKEPKn","timestamp":"2023-01-22T00:27:35.888Z","state":"queued","mode":"standard","creationDate":"2023-01-22T00:27:35.893Z","modificationDate":"2023-01-22T00:27:35.893Z","shortid":"V9lnu9v","$entitySet":"profiles"},"doDiffs":false,"timestamp":1674347255890,"id":"ebmc5etfr1fa9qc","previousOperationId":null,"operationId":"zbyfvvzmi88v4nw"}
{"type":"log","level":"info","message":"Render request 6 queued for execution and waiting for available worker","previousOperationId":"zbyfvvzmi88v4nw","timestamp":1674347255891,"id":"62k33dpcqvqe3cf"}
{"type":"operationStart","subtype":"render","name":"Data","previousOperationId":"zbyfvvzmi88v4nw","timestamp":1674347255919,"id":"lz9m01elhu705z9","previousEventId":"ebmc5etfr1fa9qc","operationId":"6iu5v0lfkfotavc"}
{"type":"log","timestamp":1674347255919,"level":"info","message":"Starting rendering request 6","meta":{"rootId":"k7kvn3v8u7pdt5f","id":"k7kvn3v8u7pdt5f"},"id":"4cevmm2y2z2cz80","previousOperationId":"6iu5v0lfkfotavc"}
{"type":"log","timestamp":1674347255920,"level":"info","message":"Rendering template { name: Data, recipe: chrome-pdf, engine: handlebars, preview: true }","meta":{"rootId":"k7kvn3v8u7pdt5f","id":"k7kvn3v8u7pdt5f"},"id":"wwl74ciemwoilzk","previousOperationId":"6iu5v0lfkfotavc"}
{"type":"log","timestamp":1674347255920,"level":"debug","message":"Data item not defined for this template.","meta":{"rootId":"k7kvn3v8u7pdt5f","id":"k7kvn3v8u7pdt5f"},"id":"9y89mp2r661nqfl","previousOperationId":"6iu5v0lfkfotavc"}
{"type":"log","timestamp":1674347255925,"level":"debug","message":"Executing script testing (beforeRender)","meta":{"rootId":"k7kvn3v8u7pdt5f","id":"k7kvn3v8u7pdt5f"},"id":"o8exdvk5ttepua7","previousOperationId":"6iu5v0lfkfotavc"}
{"type":"operationStart","subtype":"scriptsBeforeRender","name":"scripts beforeRender","timestamp":1674347255976,"id":"ppbd34e010bibqd","previousEventId":"lz9m01elhu705z9","operationId":"o6s2xln3fbmfp35","previousOperationId":"6iu5v0lfkfotavc"}
{"type":"operationStart","subtype":"script","name":"scripts testing","previousOperationId":"o6s2xln3fbmfp35","timestamp":1674347255976,"id":"cnh24wk90vbnz7i","previousEventId":"ppbd34e010bibqd","operationId":"daxljehsf33xlzo"}
{"type":"operationEnd","operationId":"daxljehsf33xlzo","timestamp":1674347256355,"id":"r0r3fe3xrdj6t2f","previousEventId":"lz9m01elhu705z9","previousOperationId":"6iu5v0lfkfotavc"}
{"type":"operationEnd","operationId":"o6s2xln3fbmfp35","timestamp":1674347256355,"id":"n6hzki3yz5vvoum","previousEventId":"r0r3fe3xrdj6t2f","previousOperationId":"6iu5v0lfkfotavc"}
{"type":"log","timestamp":1674347256355,"level":"debug","message":"Base url not specified, skipping its injection.","meta":{"rootId":"k7kvn3v8u7pdt5f","id":"k7kvn3v8u7pdt5f"},"id":"i03jr7xkdc0x5rw","previousOperationId":"o6s2xln3fbmfp35"}
{"type":"operationStart","subtype":"engine","name":"handlebars","timestamp":1674347256356,"id":"ob450iunnk6fy7j","previousEventId":"n6hzki3yz5vvoum","operationId":"tfkbngqknia7jxi","previousOperationId":"o6s2xln3fbmfp35"}
{"type":"log","timestamp":1674347256356,"level":"debug","message":"Rendering engine handlebars","meta":{"rootId":"k7kvn3v8u7pdt5f","id":"k7kvn3v8u7pdt5f"},"id":"hfwdx0hnbmt56m6","previousOperationId":"tfkbngqknia7jxi"}
{"type":"operationStart","subtype":"render","name":"Data","previousOperationId":"tfkbngqknia7jxi","timestamp":1674347256357,"id":"tlvaxml8aa8xyb7","previousEventId":"cnh24wk90vbnz7i","operationId":"f35h65jpcgf6f3r"}
{"type":"log","timestamp":1674347256357,"level":"info","message":"Starting rendering (child) request","meta":{"rootId":"k7kvn3v8u7pdt5f","id":"m4pma95vs787m5q"},"id":"nxz2mpag3kszkiu","previousOperationId":"f35h65jpcgf6f3r"}
{"type":"log","timestamp":1674347256357,"level":"info","message":"Rendering template { name: Data, recipe: chrome-pdf, engine: handlebars, preview: true }","meta":{"rootId":"k7kvn3v8u7pdt5f","id":"m4pma95vs787m5q"},"id":"1azlfnz91onqz09","previousOperationId":"f35h65jpcgf6f3r"}
{"type":"log","timestamp":1674347256357,"level":"debug","message":"Inline data specified.","meta":{"rootId":"k7kvn3v8u7pdt5f","id":"m4pma95vs787m5q"},"id":"p318jvh8dykiuc4","previousOperationId":"f35h65jpcgf6f3r"}
{"type":"log","timestamp":1674347256364,"level":"debug","message":"Executing script testing (beforeRender)","meta":{"rootId":"k7kvn3v8u7pdt5f","id":"m4pma95vs787m5q"},"id":"m1qzr9jng5j16i5","previousOperationId":"f35h65jpcgf6f3r"}
{"type":"operationEnd","operationId":"tfkbngqknia7jxi","timestamp":1674347256376,"id":"2r56z7ctcdjfqtc","previousEventId":"ob450iunnk6fy7j","previousOperationId":"tfkbngqknia7jxi"}
{"type":"operationStart","subtype":"recipe","name":"chrome-pdf","timestamp":1674347256376,"id":"of65kedsvh5i2kp","previousEventId":"2r56z7ctcdjfqtc","operationId":"qwoqgl010pirscg","previousOperationId":"tfkbngqknia7jxi"}
{"type":"log","timestamp":1674347256376,"level":"debug","message":"Executing recipe chrome-pdf","meta":{"rootId":"k7kvn3v8u7pdt5f","id":"k7kvn3v8u7pdt5f"},"id":"ncl9fpjmsz4y8ls","previousOperationId":"qwoqgl010pirscg"}
{"type":"operationStart","subtype":"scriptsBeforeRender","name":"scripts beforeRender","timestamp":1674347256384,"id":"3ciawatfgqy3w2z","previousEventId":"tlvaxml8aa8xyb7","operationId":"mzvrnbo13p9opmg","previousOperationId":"f35h65jpcgf6f3r"}
{"type":"operationStart","subtype":"script","name":"scripts testing","previousOperationId":"mzvrnbo13p9opmg","timestamp":1674347256384,"id":"vrbxk52fphjp9tk","previousEventId":"3ciawatfgqy3w2z","operationId":"0xmksm3bt9sl6e8"}
{"type":"log","timestamp":1674347256392,"level":"debug","message":"Converting with chrome HeadlessChrome/105.0.5173.0 using chrome-pool strategy","meta":{"rootId":"k7kvn3v8u7pdt5f","id":"k7kvn3v8u7pdt5f"},"id":"sefkds8u53jjrwg","previousOperationId":"qwoqgl010pirscg"}
{"type":"log","timestamp":1674347256556,"level":"debug","message":"Page request: GET (document) file:///C:/Users/Johan/AppData/Local/Temp/jsreport/autocleanup/726120be-a73e-4512-9dd2-cf39d957a1a2-chrome-pdf.html","meta":{"rootId":"k7kvn3v8u7pdt5f","id":"k7kvn3v8u7pdt5f"},"id":"8mhiyn1t4ho5k5a","previousOperationId":"qwoqgl010pirscg"}
{"type":"log","timestamp":1674347256574,"level":"debug","message":"Page request finished: GET (document) 200 file:///C:/Users/Johan/AppData/Local/Temp/jsreport/autocleanup/726120be-a73e-4512-9dd2-cf39d957a1a2-chrome-pdf.html","meta":{"rootId":"k7kvn3v8u7pdt5f","id":"k7kvn3v8u7pdt5f"},"id":"3r2mcs0b561i0ia","previousOperationId":"qwoqgl010pirscg"}
{"type":"log","timestamp":1674347256593,"level":"debug","message":"Running chrome with params {\"printBackground\":true,\"timeout\":59497,\"margin\":{}}","meta":{"rootId":"k7kvn3v8u7pdt5f","id":"k7kvn3v8u7pdt5f"},"id":"bmrvrl6p42qct4v","previousOperationId":"qwoqgl010pirscg"}
{"type":"operationEnd","operationId":"qwoqgl010pirscg","timestamp":1674347256637,"id":"fyudioewh9glj36","previousEventId":"of65kedsvh5i2kp","previousOperationId":"qwoqgl010pirscg"}
{"type":"log","timestamp":1674347256637,"level":"debug","message":"Skipping storing report.","meta":{"rootId":"k7kvn3v8u7pdt5f","id":"k7kvn3v8u7pdt5f"},"id":"asm3y61zynjj0rt","previousOperationId":"qwoqgl010pirscg"}
{"type":"log","timestamp":1674347256637,"level":"info","message":"Rendering request 6 finished in 749 ms","meta":{"rootId":"k7kvn3v8u7pdt5f","id":"k7kvn3v8u7pdt5f"},"id":"2gn5y5qwrhoh0t9","previousOperationId":"qwoqgl010pirscg"}
{"type":"operationEnd","subtype":"render","operationId":"6iu5v0lfkfotavc","timestamp":1674347256637,"id":"fego0phvg8s3tmv","previousEventId":"fyudioewh9glj36","previousOperationId":"qwoqgl010pirscg"}
{"type":"operationEnd","operationId":"0xmksm3bt9sl6e8","timestamp":1674347256644,"id":"s68mac167fi7lep","previousEventId":"tlvaxml8aa8xyb7","previousOperationId":"f35h65jpcgf6f3r"}
{"type":"operationEnd","operationId":"mzvrnbo13p9opmg","timestamp":1674347256644,"id":"s9xat02ofi3c440","previousEventId":"s68mac167fi7lep","previousOperationId":"f35h65jpcgf6f3r"}
{"type":"log","timestamp":1674347256644,"level":"debug","message":"Base url not specified, skipping its injection.","meta":{"rootId":"k7kvn3v8u7pdt5f","id":"m4pma95vs787m5q"},"id":"ymv2iym1o3248u2","previousOperationId":"mzvrnbo13p9opmg"}
{"type":"operationStart","subtype":"engine","name":"handlebars","timestamp":1674347256645,"id":"5t4fvhpauya41ka","previousEventId":"s9xat02ofi3c440","operationId":"d6lyx9b9xund4vf","previousOperationId":"mzvrnbo13p9opmg"}
{"type":"log","timestamp":1674347256645,"level":"debug","message":"Rendering engine handlebars","meta":{"rootId":"k7kvn3v8u7pdt5f","id":"m4pma95vs787m5q"},"id":"6itikn32r8gg2fq","previousOperationId":"d6lyx9b9xund4vf"}
{"type":"operationEnd","doDiffs":false,"previousEventId":"ebmc5etfr1fa9qc","previousOperationId":"zbyfvvzmi88v4nw","operationId":"zbyfvvzmi88v4nw","timestamp":1674347256661,"id":"9nvy0onqe1cfy35"}
