{"type":"operationStart","subtype":"profile","data":{"_id":"d9T8w2HtaIY0P81b","timestamp":"2023-01-22T20:45:42.872Z","state":"queued","mode":"standard","creationDate":"2023-01-22T20:45:42.876Z","modificationDate":"2023-01-22T20:45:42.876Z","shortid":"K-c10pE","$entitySet":"profiles"},"doDiffs":false,"timestamp":1674420342874,"id":"d5wlu31du443e0f","previousOperationId":null,"operationId":"0fjqi2chwqkmyxx"}
{"type":"log","level":"info","message":"Render request 17 queued for execution and waiting for available worker","previousOperationId":"0fjqi2chwqkmyxx","timestamp":1674420342874,"id":"971klh0hu3k51q6"}
{"type":"operationStart","subtype":"render","name":"Data","previousOperationId":"0fjqi2chwqkmyxx","timestamp":1674420342893,"id":"x1rpcitozcs57ne","previousEventId":"d5wlu31du443e0f","operationId":"o915v0mcqa4tbg2"}
{"type":"log","timestamp":1674420342895,"level":"info","message":"Starting rendering request 17","meta":{"rootId":"kkqydnq7v7wo50b","id":"kkqydnq7v7wo50b"},"id":"sh7yzb20npfxrgt","previousOperationId":"o915v0mcqa4tbg2"}
{"type":"log","timestamp":1674420342898,"level":"info","message":"Rendering template { name: Data, recipe: chrome-pdf, engine: handlebars, preview: true }","meta":{"rootId":"kkqydnq7v7wo50b","id":"kkqydnq7v7wo50b"},"id":"gvj8j9gk8m7ui78","previousOperationId":"o915v0mcqa4tbg2"}
{"type":"log","timestamp":1674420342898,"level":"debug","message":"Data item not defined for this template.","meta":{"rootId":"kkqydnq7v7wo50b","id":"kkqydnq7v7wo50b"},"id":"0p7czwc5sc86psk","previousOperationId":"o915v0mcqa4tbg2"}
{"type":"log","timestamp":1674420342904,"level":"debug","message":"Executing script testing (beforeRender)","meta":{"rootId":"kkqydnq7v7wo50b","id":"kkqydnq7v7wo50b"},"id":"8nciva0l6169ant","previousOperationId":"o915v0mcqa4tbg2"}
{"type":"operationStart","subtype":"scriptsBeforeRender","name":"scripts beforeRender","timestamp":1674420343439,"id":"jiwx6nkutk4vkgl","previousEventId":"x1rpcitozcs57ne","operationId":"gyozzncsn6azs7j","previousOperationId":"o915v0mcqa4tbg2"}
{"type":"operationStart","subtype":"script","name":"scripts testing","previousOperationId":"gyozzncsn6azs7j","timestamp":1674420343439,"id":"m3w3ow34pfxu16j","previousEventId":"jiwx6nkutk4vkgl","operationId":"76nmtxaag0m4gsd"}
{"type":"log","timestamp":1674420343439,"level":"debug","message":"(console:log) hello","meta":{"userLevel":true,"rootId":"kkqydnq7v7wo50b","id":"kkqydnq7v7wo50b"},"id":"ohdlvdzl630x02b","previousOperationId":"76nmtxaag0m4gsd"}
{"type":"log","timestamp":1674420373490,"level":"debug","message":"(console:log) undefined","meta":{"userLevel":true,"rootId":"kkqydnq7v7wo50b","id":"kkqydnq7v7wo50b"},"id":"tfpflxodo8otjlu","previousOperationId":"76nmtxaag0m4gsd"}
{"type":"log","timestamp":1674420373492,"level":"debug","message":"(console:log) { posts: undefined }","meta":{"userLevel":true,"rootId":"kkqydnq7v7wo50b","id":"kkqydnq7v7wo50b"},"id":"4ioee35km6pg44g","previousOperationId":"76nmtxaag0m4gsd"}
{"type":"log","timestamp":1674420373492,"level":"debug","message":"(console:log) null","meta":{"userLevel":true,"rootId":"kkqydnq7v7wo50b","id":"kkqydnq7v7wo50b"},"id":"swiqfyg4bierek0","previousOperationId":"76nmtxaag0m4gsd"}
{"type":"operationEnd","operationId":"76nmtxaag0m4gsd","timestamp":1674420373494,"id":"06xzbpga7pj0fju","previousEventId":"x1rpcitozcs57ne","previousOperationId":"o915v0mcqa4tbg2"}
{"type":"operationEnd","operationId":"gyozzncsn6azs7j","timestamp":1674420373494,"id":"wifoxvdq7t6tobn","previousEventId":"06xzbpga7pj0fju","previousOperationId":"o915v0mcqa4tbg2"}
{"type":"log","timestamp":1674420373494,"level":"debug","message":"Base url not specified, skipping its injection.","meta":{"rootId":"kkqydnq7v7wo50b","id":"kkqydnq7v7wo50b"},"id":"e93q9p8u718tw60","previousOperationId":"gyozzncsn6azs7j"}
{"type":"operationStart","subtype":"engine","name":"handlebars","timestamp":1674420373495,"id":"skozjmtr8wu70oi","previousEventId":"wifoxvdq7t6tobn","operationId":"a8ncei6izbd1rtd","previousOperationId":"gyozzncsn6azs7j"}
{"type":"log","timestamp":1674420373495,"level":"debug","message":"Rendering engine handlebars","meta":{"rootId":"kkqydnq7v7wo50b","id":"kkqydnq7v7wo50b"},"id":"mv624rnsoud2xfx","previousOperationId":"a8ncei6izbd1rtd"}
{"type":"operationEnd","operationId":"a8ncei6izbd1rtd","timestamp":1674420373894,"id":"v9unt4naeywudco","previousEventId":"skozjmtr8wu70oi","previousOperationId":"a8ncei6izbd1rtd"}
{"type":"operationStart","subtype":"recipe","name":"chrome-pdf","timestamp":1674420373895,"id":"y65zprjg3fglu4k","previousEventId":"v9unt4naeywudco","operationId":"jt581b3byfc33fr","previousOperationId":"a8ncei6izbd1rtd"}
{"type":"log","timestamp":1674420373895,"level":"debug","message":"Executing recipe chrome-pdf","meta":{"rootId":"kkqydnq7v7wo50b","id":"kkqydnq7v7wo50b"},"id":"gfwsm5unh9pcz1z","previousOperationId":"jt581b3byfc33fr"}
{"type":"log","timestamp":1674420374285,"level":"debug","message":"Converting with chrome HeadlessChrome/105.0.5173.0 using chrome-pool strategy","meta":{"rootId":"kkqydnq7v7wo50b","id":"kkqydnq7v7wo50b"},"id":"wdzt7snqo4nvyxd","previousOperationId":"jt581b3byfc33fr"}
{"type":"log","timestamp":1674420374468,"level":"debug","message":"Page request: GET (document) file:///C:/Users/Johan/AppData/Local/Temp/jsreport/autocleanup/6e4a7c49-ecaf-4592-ba21-2dcda404d080-chrome-pdf.html","meta":{"rootId":"kkqydnq7v7wo50b","id":"kkqydnq7v7wo50b"},"id":"72lktlge2pruwt9","previousOperationId":"jt581b3byfc33fr"}
{"type":"log","timestamp":1674420374485,"level":"debug","message":"Page request finished: GET (document) 200 file:///C:/Users/Johan/AppData/Local/Temp/jsreport/autocleanup/6e4a7c49-ecaf-4592-ba21-2dcda404d080-chrome-pdf.html","meta":{"rootId":"kkqydnq7v7wo50b","id":"kkqydnq7v7wo50b"},"id":"czznzdvemef1dif","previousOperationId":"jt581b3byfc33fr"}
{"type":"log","timestamp":1674420374489,"level":"debug","message":"Running chrome with params {\"printBackground\":true,\"timeout\":28800,\"margin\":{}}","meta":{"rootId":"kkqydnq7v7wo50b","id":"kkqydnq7v7wo50b"},"id":"pj2edcfjorlerjy","previousOperationId":"jt581b3byfc33fr"}
{"type":"operationEnd","operationId":"jt581b3byfc33fr","timestamp":1674420374513,"id":"wmg3mebarb7g4pr","previousEventId":"y65zprjg3fglu4k","previousOperationId":"jt581b3byfc33fr"}
{"type":"log","timestamp":1674420374515,"level":"debug","message":"Skipping storing report.","meta":{"rootId":"kkqydnq7v7wo50b","id":"kkqydnq7v7wo50b"},"id":"u6e79fckc3l2o7l","previousOperationId":"jt581b3byfc33fr"}
{"type":"log","timestamp":1674420374515,"level":"info","message":"Rendering request 17 finished in 31643 ms","meta":{"rootId":"kkqydnq7v7wo50b","id":"kkqydnq7v7wo50b"},"id":"dmvp0bg3h19k67l","previousOperationId":"jt581b3byfc33fr"}
{"type":"operationEnd","subtype":"render","operationId":"o915v0mcqa4tbg2","timestamp":1674420374516,"id":"4lljojcfmmpu0jq","previousEventId":"wmg3mebarb7g4pr","previousOperationId":"jt581b3byfc33fr"}
{"type":"operationEnd","doDiffs":false,"previousEventId":"d5wlu31du443e0f","previousOperationId":"0fjqi2chwqkmyxx","operationId":"0fjqi2chwqkmyxx","timestamp":1674420374527,"id":"97218zkylw3sg2q"}
