{"type":"operationStart","subtype":"profile","data":{"_id":"7ODdNLtgLTEMJBh1","timestamp":"2023-01-22T00:04:03.487Z","state":"queued","mode":"standard","creationDate":"2023-01-22T00:04:03.492Z","modificationDate":"2023-01-22T00:04:03.492Z","shortid":"L8pnvQW","$entitySet":"profiles"},"doDiffs":false,"timestamp":1674345843489,"id":"wldqlrxhzlftwoz","previousOperationId":null,"operationId":"sst3ghjgjykx7cb"}
{"type":"log","level":"info","message":"Render request 5 queued for execution and waiting for available worker","previousOperationId":"sst3ghjgjykx7cb","timestamp":1674345843489,"id":"tkfrm7g66jgpnb1"}
{"type":"operationStart","subtype":"render","name":"Data","previousOperationId":"sst3ghjgjykx7cb","timestamp":1674345843508,"id":"pqo185ykmpuh99d","previousEventId":"wldqlrxhzlftwoz","operationId":"yq93owqe9nfqhx5"}
{"type":"log","timestamp":1674345843508,"level":"info","message":"Starting rendering request 5","meta":{"rootId":"maz3qjfq8z8ft9g","id":"maz3qjfq8z8ft9g"},"id":"33qqt3ua5orkhyt","previousOperationId":"yq93owqe9nfqhx5"}
{"type":"log","timestamp":1674345843509,"level":"info","message":"Rendering template { name: Data, recipe: chrome-pdf, engine: handlebars, preview: true }","meta":{"rootId":"maz3qjfq8z8ft9g","id":"maz3qjfq8z8ft9g"},"id":"1ise4dagm82l5of","previousOperationId":"yq93owqe9nfqhx5"}
{"type":"log","timestamp":1674345843509,"level":"debug","message":"Data item not defined for this template.","meta":{"rootId":"maz3qjfq8z8ft9g","id":"maz3qjfq8z8ft9g"},"id":"teduo2n2891e4f1","previousOperationId":"yq93owqe9nfqhx5"}
{"type":"log","timestamp":1674345843512,"level":"debug","message":"Base url not specified, skipping its injection.","meta":{"rootId":"maz3qjfq8z8ft9g","id":"maz3qjfq8z8ft9g"},"id":"zl10mkgflq6rjkb","previousOperationId":"yq93owqe9nfqhx5"}
{"type":"operationStart","subtype":"engine","name":"handlebars","timestamp":1674345843514,"id":"q3k47cy18zanplb","previousEventId":"pqo185ykmpuh99d","operationId":"82ll9n0k1cly4h7","previousOperationId":"yq93owqe9nfqhx5"}
{"type":"log","timestamp":1674345843514,"level":"debug","message":"Rendering engine handlebars","meta":{"rootId":"maz3qjfq8z8ft9g","id":"maz3qjfq8z8ft9g"},"id":"zyr4regt3umn3gr","previousOperationId":"82ll9n0k1cly4h7"}
{"type":"operationEnd","operationId":"82ll9n0k1cly4h7","timestamp":1674345843559,"id":"y6y0n58gqksor37","previousEventId":"q3k47cy18zanplb","previousOperationId":"82ll9n0k1cly4h7"}
{"type":"operationStart","subtype":"recipe","name":"chrome-pdf","timestamp":1674345843560,"id":"mvd8jxpcaz1z1bf","previousEventId":"y6y0n58gqksor37","operationId":"jm7bcomczy8adqq","previousOperationId":"82ll9n0k1cly4h7"}
{"type":"log","timestamp":1674345843560,"level":"debug","message":"Executing recipe chrome-pdf","meta":{"rootId":"maz3qjfq8z8ft9g","id":"maz3qjfq8z8ft9g"},"id":"yrrox5mm0vvdcfr","previousOperationId":"jm7bcomczy8adqq"}
{"type":"log","timestamp":1674345843566,"level":"debug","message":"Converting with chrome HeadlessChrome/105.0.5173.0 using chrome-pool strategy","meta":{"rootId":"maz3qjfq8z8ft9g","id":"maz3qjfq8z8ft9g"},"id":"8szcv2tf47853fw","previousOperationId":"jm7bcomczy8adqq"}
{"type":"log","timestamp":1674345843727,"level":"debug","message":"Page request: GET (document) file:///C:/Users/Johan/AppData/Local/Temp/jsreport/autocleanup/6466826d-935e-4c5b-a63b-d262e20a401b-chrome-pdf.html","meta":{"rootId":"maz3qjfq8z8ft9g","id":"maz3qjfq8z8ft9g"},"id":"iaua8b7oid0my6w","previousOperationId":"jm7bcomczy8adqq"}
{"type":"log","timestamp":1674345843742,"level":"debug","message":"Page request finished: GET (document) 200 file:///C:/Users/Johan/AppData/Local/Temp/jsreport/autocleanup/6466826d-935e-4c5b-a63b-d262e20a401b-chrome-pdf.html","meta":{"rootId":"maz3qjfq8z8ft9g","id":"maz3qjfq8z8ft9g"},"id":"pvxje99zjl20ug1","previousOperationId":"jm7bcomczy8adqq"}
{"type":"log","timestamp":1674345843761,"level":"debug","message":"Running chrome with params {\"printBackground\":true,\"timeout\":59923,\"margin\":{}}","meta":{"rootId":"maz3qjfq8z8ft9g","id":"maz3qjfq8z8ft9g"},"id":"ie03rpxpf3nf6ag","previousOperationId":"jm7bcomczy8adqq"}
{"type":"operationEnd","operationId":"jm7bcomczy8adqq","timestamp":1674345843806,"id":"n3vw16tzscls6ks","previousEventId":"mvd8jxpcaz1z1bf","previousOperationId":"jm7bcomczy8adqq"}
{"type":"log","timestamp":1674345843806,"level":"debug","message":"Skipping storing report.","meta":{"rootId":"maz3qjfq8z8ft9g","id":"maz3qjfq8z8ft9g"},"id":"tpqjhq55v85l0sj","previousOperationId":"jm7bcomczy8adqq"}
{"type":"log","timestamp":1674345843807,"level":"info","message":"Rendering request 5 finished in 320 ms","meta":{"rootId":"maz3qjfq8z8ft9g","id":"maz3qjfq8z8ft9g"},"id":"lype8b7qa9u0nw7","previousOperationId":"jm7bcomczy8adqq"}
{"type":"operationEnd","subtype":"render","operationId":"yq93owqe9nfqhx5","timestamp":1674345843807,"id":"6hb6w53jziljm94","previousEventId":"n3vw16tzscls6ks","previousOperationId":"jm7bcomczy8adqq"}
{"type":"operationEnd","doDiffs":false,"previousEventId":"wldqlrxhzlftwoz","previousOperationId":"sst3ghjgjykx7cb","operationId":"sst3ghjgjykx7cb","timestamp":1674345843821,"id":"0nxvsd68d5ka5lt"}
