{"type":"operationStart","subtype":"profile","data":{"_id":"REhdOo9etsUtTYEe","timestamp":"2023-01-22T00:04:27.591Z","state":"queued","mode":"standard","creationDate":"2023-01-22T00:04:27.597Z","modificationDate":"2023-01-22T00:04:27.597Z","shortid":"gVyXaIg","$entitySet":"profiles"},"doDiffs":false,"timestamp":1674345867595,"id":"cksbd5kvnf7j895","previousOperationId":null,"operationId":"zu10kslfdjfx5wb"}
{"type":"log","level":"info","message":"Render request 6 queued for execution and waiting for available worker","previousOperationId":"zu10kslfdjfx5wb","timestamp":1674345867595,"id":"petv1osv8pk91wd"}
{"type":"operationStart","subtype":"render","name":"Data","previousOperationId":"zu10kslfdjfx5wb","timestamp":1674345867620,"id":"1gk6yrdu2faa79b","previousEventId":"cksbd5kvnf7j895","operationId":"bojp0sqzr6xpb0n"}
{"type":"log","timestamp":1674345867620,"level":"info","message":"Starting rendering request 6","meta":{"rootId":"mm6eutvd99o637g","id":"mm6eutvd99o637g"},"id":"ga5l9thrlapduxa","previousOperationId":"bojp0sqzr6xpb0n"}
{"type":"log","timestamp":1674345867621,"level":"info","message":"Rendering template { name: Data, recipe: chrome-pdf, engine: handlebars, preview: true }","meta":{"rootId":"mm6eutvd99o637g","id":"mm6eutvd99o637g"},"id":"9ucf0wd4fwuzyow","previousOperationId":"bojp0sqzr6xpb0n"}
{"type":"log","timestamp":1674345867621,"level":"debug","message":"Data item not defined for this template.","meta":{"rootId":"mm6eutvd99o637g","id":"mm6eutvd99o637g"},"id":"ns8o73u21amz25s","previousOperationId":"bojp0sqzr6xpb0n"}
{"type":"log","timestamp":1674345867623,"level":"debug","message":"Base url not specified, skipping its injection.","meta":{"rootId":"mm6eutvd99o637g","id":"mm6eutvd99o637g"},"id":"3euiywold9miobm","previousOperationId":"bojp0sqzr6xpb0n"}
{"type":"operationStart","subtype":"engine","name":"handlebars","timestamp":1674345867624,"id":"ub0qfjpcyuzvimk","previousEventId":"1gk6yrdu2faa79b","operationId":"5iatboz4jt0atv3","previousOperationId":"bojp0sqzr6xpb0n"}
{"type":"log","timestamp":1674345867624,"level":"debug","message":"Rendering engine handlebars","meta":{"rootId":"mm6eutvd99o637g","id":"mm6eutvd99o637g"},"id":"rcjcxvafkopdj4r","previousOperationId":"5iatboz4jt0atv3"}
{"type":"operationEnd","operationId":"5iatboz4jt0atv3","timestamp":1674345867660,"id":"ep8bdmm59l2ywt1","previousEventId":"ub0qfjpcyuzvimk","previousOperationId":"5iatboz4jt0atv3"}
{"type":"operationStart","subtype":"recipe","name":"chrome-pdf","timestamp":1674345867660,"id":"la2dgz5aduq5p0g","previousEventId":"ep8bdmm59l2ywt1","operationId":"a01rgpwh9ew7zp0","previousOperationId":"5iatboz4jt0atv3"}
{"type":"log","timestamp":1674345867660,"level":"debug","message":"Executing recipe chrome-pdf","meta":{"rootId":"mm6eutvd99o637g","id":"mm6eutvd99o637g"},"id":"2wdvfnqsmw0tu45","previousOperationId":"a01rgpwh9ew7zp0"}
{"type":"log","timestamp":1674345867670,"level":"debug","message":"Converting with chrome HeadlessChrome/105.0.5173.0 using chrome-pool strategy","meta":{"rootId":"mm6eutvd99o637g","id":"mm6eutvd99o637g"},"id":"omi3jrokmgu9v9g","previousOperationId":"a01rgpwh9ew7zp0"}
{"type":"log","timestamp":1674345867825,"level":"debug","message":"Page request: GET (document) file:///C:/Users/Johan/AppData/Local/Temp/jsreport/autocleanup/c4b55386-f1db-4f81-9501-88f1fd189825-chrome-pdf.html","meta":{"rootId":"mm6eutvd99o637g","id":"mm6eutvd99o637g"},"id":"40rcc40bjzchxwl","previousOperationId":"a01rgpwh9ew7zp0"}
{"type":"log","timestamp":1674345867841,"level":"debug","message":"Page request finished: GET (document) 200 file:///C:/Users/Johan/AppData/Local/Temp/jsreport/autocleanup/c4b55386-f1db-4f81-9501-88f1fd189825-chrome-pdf.html","meta":{"rootId":"mm6eutvd99o637g","id":"mm6eutvd99o637g"},"id":"bnzm248x25hbrdq","previousOperationId":"a01rgpwh9ew7zp0"}
{"type":"log","timestamp":1674345867858,"level":"debug","message":"Running chrome with params {\"printBackground\":true,\"timeout\":59924,\"margin\":{}}","meta":{"rootId":"mm6eutvd99o637g","id":"mm6eutvd99o637g"},"id":"js23fwi4n786poa","previousOperationId":"a01rgpwh9ew7zp0"}
{"type":"operationEnd","operationId":"a01rgpwh9ew7zp0","timestamp":1674345867900,"id":"8kiginvw4ogqau0","previousEventId":"la2dgz5aduq5p0g","previousOperationId":"a01rgpwh9ew7zp0"}
{"type":"log","timestamp":1674345867900,"level":"debug","message":"Skipping storing report.","meta":{"rootId":"mm6eutvd99o637g","id":"mm6eutvd99o637g"},"id":"qbb1fskgb86c6kq","previousOperationId":"a01rgpwh9ew7zp0"}
{"type":"log","timestamp":1674345867901,"level":"info","message":"Rendering request 6 finished in 310 ms","meta":{"rootId":"mm6eutvd99o637g","id":"mm6eutvd99o637g"},"id":"1ke7clugj9bcb5t","previousOperationId":"a01rgpwh9ew7zp0"}
{"type":"operationEnd","subtype":"render","operationId":"bojp0sqzr6xpb0n","timestamp":1674345867901,"id":"6fz800l3rl8ui30","previousEventId":"8kiginvw4ogqau0","previousOperationId":"a01rgpwh9ew7zp0"}
{"type":"operationEnd","doDiffs":false,"previousEventId":"cksbd5kvnf7j895","previousOperationId":"zu10kslfdjfx5wb","operationId":"zu10kslfdjfx5wb","timestamp":1674345867911,"id":"8gsi8be978b7npt"}
