{"type":"operationStart","subtype":"profile","data":{"_id":"5KNU3Mm2WKoQ5mhP","timestamp":"2023-01-22T00:55:22.445Z","state":"queued","mode":"standard","creationDate":"2023-01-22T00:55:22.450Z","modificationDate":"2023-01-22T00:55:22.450Z","shortid":"MOBEhyc","$entitySet":"profiles"},"doDiffs":false,"timestamp":1674348922447,"id":"ftcmhda7l52z08u","previousOperationId":null,"operationId":"rwq29juujkogpll"}
{"type":"log","level":"info","message":"Render request 10 queued for execution and waiting for available worker","previousOperationId":"rwq29juujkogpll","timestamp":1674348922447,"id":"kylgf98s3ccefqs"}
{"type":"operationStart","subtype":"render","name":"Data","previousOperationId":"rwq29juujkogpll","timestamp":1674348922469,"id":"9viozc3i5j5b9pd","previousEventId":"ftcmhda7l52z08u","operationId":"ew2lpwunh086ibt"}
{"type":"log","timestamp":1674348922470,"level":"info","message":"Starting rendering request 10","meta":{"rootId":"olu499c2eu02g5j","id":"olu499c2eu02g5j"},"id":"yp0zpym8sqz1xg1","previousOperationId":"ew2lpwunh086ibt"}
{"type":"log","timestamp":1674348922471,"level":"info","message":"Rendering template { name: Data, recipe: text, engine: handlebars, preview: true }","meta":{"rootId":"olu499c2eu02g5j","id":"olu499c2eu02g5j"},"id":"98okeekfiikxwpy","previousOperationId":"ew2lpwunh086ibt"}
{"type":"log","timestamp":1674348922471,"level":"debug","message":"Data item not defined for this template.","meta":{"rootId":"olu499c2eu02g5j","id":"olu499c2eu02g5j"},"id":"mckouu5zued3v91","previousOperationId":"ew2lpwunh086ibt"}
{"type":"log","timestamp":1674348922476,"level":"debug","message":"Executing script testing (beforeRender)","meta":{"rootId":"olu499c2eu02g5j","id":"olu499c2eu02g5j"},"id":"p0mz445551hjkvd","previousOperationId":"ew2lpwunh086ibt"}
{"type":"operationStart","subtype":"scriptsBeforeRender","name":"scripts beforeRender","timestamp":1674348922491,"id":"rlpc0asoj3wbsi3","previousEventId":"9viozc3i5j5b9pd","operationId":"xe3qryzebd1sg5j","previousOperationId":"ew2lpwunh086ibt"}
{"type":"operationStart","subtype":"script","name":"scripts testing","previousOperationId":"xe3qryzebd1sg5j","timestamp":1674348922491,"id":"tntygg7cqpw2dz1","previousEventId":"rlpc0asoj3wbsi3","operationId":"9l7i9o3kj6q76t1"}
{"type":"operationEnd","operationId":"9l7i9o3kj6q76t1","timestamp":1674348922639,"id":"xmnjnfb0qce8lh7","previousEventId":"9viozc3i5j5b9pd","previousOperationId":"ew2lpwunh086ibt"}
{"type":"operationEnd","operationId":"xe3qryzebd1sg5j","timestamp":1674348922639,"id":"oxaounspt5y6q5s","previousEventId":"xmnjnfb0qce8lh7","previousOperationId":"ew2lpwunh086ibt"}
{"type":"log","timestamp":1674348922639,"level":"debug","message":"Base url not specified, skipping its injection.","meta":{"rootId":"olu499c2eu02g5j","id":"olu499c2eu02g5j"},"id":"4604ycwsphk4hhl","previousOperationId":"xe3qryzebd1sg5j"}
{"type":"operationStart","subtype":"engine","name":"handlebars","timestamp":1674348922639,"id":"5d2ji6dhohgj5gp","previousEventId":"oxaounspt5y6q5s","operationId":"532qwjtymgiz2vx","previousOperationId":"xe3qryzebd1sg5j"}
{"type":"log","timestamp":1674348922639,"level":"debug","message":"Rendering engine handlebars","meta":{"rootId":"olu499c2eu02g5j","id":"olu499c2eu02g5j"},"id":"ls26c4f47y4mf3o","previousOperationId":"532qwjtymgiz2vx"}
{"type":"operationEnd","operationId":"532qwjtymgiz2vx","timestamp":1674348922666,"id":"9biolbqitlfy8t7","previousEventId":"5d2ji6dhohgj5gp","previousOperationId":"532qwjtymgiz2vx"}
{"type":"operationStart","subtype":"recipe","name":"text","timestamp":1674348922667,"id":"0fbx56nd623tg1x","previousEventId":"9biolbqitlfy8t7","operationId":"d8h0x2vdec9skg0","previousOperationId":"532qwjtymgiz2vx"}
{"type":"log","timestamp":1674348922667,"level":"debug","message":"Executing recipe text","meta":{"rootId":"olu499c2eu02g5j","id":"olu499c2eu02g5j"},"id":"rlw0twypl2794k3","previousOperationId":"d8h0x2vdec9skg0"}
{"type":"operationEnd","operationId":"d8h0x2vdec9skg0","timestamp":1674348922667,"id":"jukrs31p2qn44nz","previousEventId":"0fbx56nd623tg1x","previousOperationId":"d8h0x2vdec9skg0"}
{"type":"log","timestamp":1674348922667,"level":"debug","message":"Skipping storing report.","meta":{"rootId":"olu499c2eu02g5j","id":"olu499c2eu02g5j"},"id":"r3h2eniczusjoo5","previousOperationId":"d8h0x2vdec9skg0"}
{"type":"log","timestamp":1674348922668,"level":"info","message":"Rendering request 10 finished in 223 ms","meta":{"rootId":"olu499c2eu02g5j","id":"olu499c2eu02g5j"},"id":"y288vgvltbr160z","previousOperationId":"d8h0x2vdec9skg0"}
{"type":"operationEnd","subtype":"render","operationId":"ew2lpwunh086ibt","timestamp":1674348922668,"id":"4q7z49uqemcglkk","previousEventId":"jukrs31p2qn44nz","previousOperationId":"d8h0x2vdec9skg0"}
{"type":"operationEnd","doDiffs":false,"previousEventId":"ftcmhda7l52z08u","previousOperationId":"rwq29juujkogpll","operationId":"rwq29juujkogpll","timestamp":1674348922684,"id":"wnkuj19pk1rpomm"}
