{"type":"operationStart","subtype":"profile","data":{"_id":"G8L56vOqm05sMlwc","timestamp":"2023-01-21T23:09:57.847Z","state":"queued","mode":"standard","creationDate":"2023-01-21T23:09:57.854Z","modificationDate":"2023-01-21T23:09:57.854Z","shortid":"Rm3glya","$entitySet":"profiles"},"doDiffs":false,"timestamp":1674342597849,"id":"0ngrtmz0hv1su6f","previousOperationId":null,"operationId":"hkpolykxkyocujh"}
{"type":"log","level":"info","message":"Render request 2 queued for execution and waiting for available worker","previousOperationId":"hkpolykxkyocujh","timestamp":1674342597851,"id":"a7zf6pxlu587tk6"}
{"type":"operationStart","subtype":"render","name":"Data","previousOperationId":"hkpolykxkyocujh","timestamp":1674342597885,"id":"jky0wuz9c7jdwth","previousEventId":"0ngrtmz0hv1su6f","operationId":"ka16sy3jduqm1pt"}
{"type":"log","timestamp":1674342597886,"level":"info","message":"Starting rendering request 2","meta":{"rootId":"ozq2av0q6hqbtky","id":"ozq2av0q6hqbtky"},"id":"m7txgf8glc7lhp1","previousOperationId":"ka16sy3jduqm1pt"}
{"type":"log","timestamp":1674342597887,"level":"info","message":"Rendering template { name: Data, recipe: chrome-pdf, engine: handlebars, preview: true }","meta":{"rootId":"ozq2av0q6hqbtky","id":"ozq2av0q6hqbtky"},"id":"30y3aqp90lwu6k5","previousOperationId":"ka16sy3jduqm1pt"}
{"type":"log","timestamp":1674342597887,"level":"debug","message":"Data item not defined for this template.","meta":{"rootId":"ozq2av0q6hqbtky","id":"ozq2av0q6hqbtky"},"id":"rhoxqpaee6zefzw","previousOperationId":"ka16sy3jduqm1pt"}
{"type":"log","timestamp":1674342597916,"level":"debug","message":"Base url not specified, skipping its injection.","meta":{"rootId":"ozq2av0q6hqbtky","id":"ozq2av0q6hqbtky"},"id":"40fuqrzu6ygbmcf","previousOperationId":"ka16sy3jduqm1pt"}
{"type":"operationStart","subtype":"engine","name":"handlebars","timestamp":1674342597921,"id":"6metsgc4pejgn6c","previousEventId":"jky0wuz9c7jdwth","operationId":"9iydmltvuq0x4n5","previousOperationId":"ka16sy3jduqm1pt"}
{"type":"log","timestamp":1674342597921,"level":"debug","message":"Rendering engine handlebars","meta":{"rootId":"ozq2av0q6hqbtky","id":"ozq2av0q6hqbtky"},"id":"1o81m1y1xgle60p","previousOperationId":"9iydmltvuq0x4n5"}
{"type":"operationEnd","operationId":"9iydmltvuq0x4n5","timestamp":1674342597993,"id":"mkgbbv6gpwmsier","previousEventId":"6metsgc4pejgn6c","previousOperationId":"9iydmltvuq0x4n5"}
{"type":"operationStart","subtype":"recipe","name":"chrome-pdf","timestamp":1674342597994,"id":"ev8p25mw8kpvcco","previousEventId":"mkgbbv6gpwmsier","operationId":"yq2ikgb5uya9lej","previousOperationId":"9iydmltvuq0x4n5"}
{"type":"log","timestamp":1674342597994,"level":"debug","message":"Executing recipe chrome-pdf","meta":{"rootId":"ozq2av0q6hqbtky","id":"ozq2av0q6hqbtky"},"id":"f6awunrsp9y7xcm","previousOperationId":"yq2ikgb5uya9lej"}
{"type":"log","timestamp":1674342598002,"level":"debug","message":"Converting with chrome HeadlessChrome/105.0.5173.0 using chrome-pool strategy","meta":{"rootId":"ozq2av0q6hqbtky","id":"ozq2av0q6hqbtky"},"id":"rlp0zybx8u66eju","previousOperationId":"yq2ikgb5uya9lej"}
{"type":"log","timestamp":1674342598165,"level":"debug","message":"Page request: GET (document) file:///C:/Users/Johan/AppData/Local/Temp/jsreport/autocleanup/cc29ca6e-0b16-4749-845b-5a5272887fb3-chrome-pdf.html","meta":{"rootId":"ozq2av0q6hqbtky","id":"ozq2av0q6hqbtky"},"id":"f26ugpws1y2s0w5","previousOperationId":"yq2ikgb5uya9lej"}
{"type":"log","timestamp":1674342598197,"level":"debug","message":"Page request finished: GET (document) 200 file:///C:/Users/Johan/AppData/Local/Temp/jsreport/autocleanup/cc29ca6e-0b16-4749-845b-5a5272887fb3-chrome-pdf.html","meta":{"rootId":"ozq2av0q6hqbtky","id":"ozq2av0q6hqbtky"},"id":"0wtbr9vtr8z7z77","previousOperationId":"yq2ikgb5uya9lej"}
{"type":"log","timestamp":1674342598213,"level":"debug","message":"Running chrome with params {\"printBackground\":true,\"timeout\":59848,\"margin\":{}}","meta":{"rootId":"ozq2av0q6hqbtky","id":"ozq2av0q6hqbtky"},"id":"n7zuhp1zaj2qvlf","previousOperationId":"yq2ikgb5uya9lej"}
{"type":"operationEnd","operationId":"yq2ikgb5uya9lej","timestamp":1674342598252,"id":"ho69ugrpb22xt5p","previousEventId":"ev8p25mw8kpvcco","previousOperationId":"yq2ikgb5uya9lej"}
{"type":"log","timestamp":1674342598252,"level":"debug","message":"Skipping storing report.","meta":{"rootId":"ozq2av0q6hqbtky","id":"ozq2av0q6hqbtky"},"id":"c9tj2cmplog1a8j","previousOperationId":"yq2ikgb5uya9lej"}
{"type":"log","timestamp":1674342598253,"level":"info","message":"Rendering request 2 finished in 406 ms","meta":{"rootId":"ozq2av0q6hqbtky","id":"ozq2av0q6hqbtky"},"id":"q8x8g1sb1w2ukvm","previousOperationId":"yq2ikgb5uya9lej"}
{"type":"operationEnd","subtype":"render","operationId":"ka16sy3jduqm1pt","timestamp":1674342598253,"id":"bf789ps4azk03ak","previousEventId":"ho69ugrpb22xt5p","previousOperationId":"yq2ikgb5uya9lej"}
{"type":"operationEnd","doDiffs":false,"previousEventId":"0ngrtmz0hv1su6f","previousOperationId":"hkpolykxkyocujh","operationId":"hkpolykxkyocujh","timestamp":1674342598264,"id":"xou8m2c8f5kdkc8"}
