{"type":"operationStart","subtype":"profile","data":{"_id":"8r6bhVyDN6NM4EbU","timestamp":"2023-01-20T20:04:34.189Z","state":"queued","mode":"standard","creationDate":"2023-01-20T20:04:34.192Z","modificationDate":"2023-01-20T20:04:34.192Z","shortid":"itR2xUe","$entitySet":"profiles"},"doDiffs":false,"timestamp":1674245074191,"id":"f3eqzglhaxztmp6","previousOperationId":null,"operationId":"q5bcz28dgp1upc2"}
{"type":"log","level":"info","message":"Render request 3 queued for execution and waiting for available worker","previousOperationId":"q5bcz28dgp1upc2","timestamp":1674245074191,"id":"0v4x46ydwl88cpc"}
{"type":"operationStart","subtype":"render","name":"Data","previousOperationId":"q5bcz28dgp1upc2","timestamp":1674245074196,"id":"91s3adxk4l2r2q5","previousEventId":"f3eqzglhaxztmp6","operationId":"jp1augjlyhqnqby"}
{"type":"log","timestamp":1674245074196,"level":"info","message":"Starting rendering request 3","meta":{"rootId":"r2omszo8desr2ms","id":"r2omszo8desr2ms"},"id":"y28njhk4j4p8k7v","previousOperationId":"jp1augjlyhqnqby"}
{"type":"log","timestamp":1674245074196,"level":"info","message":"Rendering template { name: Data, recipe: chrome-pdf, engine: handlebars, preview: false }","meta":{"rootId":"r2omszo8desr2ms","id":"r2omszo8desr2ms"},"id":"2la8j80xf4nypxs","previousOperationId":"jp1augjlyhqnqby"}
{"type":"log","timestamp":1674245074196,"level":"debug","message":"Inline data specified.","meta":{"rootId":"r2omszo8desr2ms","id":"r2omszo8desr2ms"},"id":"j7oreebv25pxktk","previousOperationId":"jp1augjlyhqnqby"}
{"type":"log","timestamp":1674245074198,"level":"debug","message":"Base url not specified, skipping its injection.","meta":{"rootId":"r2omszo8desr2ms","id":"r2omszo8desr2ms"},"id":"wxy2v2i6pqfm26d","previousOperationId":"jp1augjlyhqnqby"}
{"type":"operationStart","subtype":"engine","name":"handlebars","timestamp":1674245074199,"id":"f5ifnm0ct7umb33","previousEventId":"91s3adxk4l2r2q5","operationId":"1iz738kaq6stdmn","previousOperationId":"jp1augjlyhqnqby"}
{"type":"log","timestamp":1674245074199,"level":"debug","message":"Rendering engine handlebars","meta":{"rootId":"r2omszo8desr2ms","id":"r2omszo8desr2ms"},"id":"wy22wf31k44lq30","previousOperationId":"1iz738kaq6stdmn"}
{"type":"operationEnd","operationId":"1iz738kaq6stdmn","timestamp":1674245074238,"id":"hml8wenzhq4e8kp","previousEventId":"f5ifnm0ct7umb33","previousOperationId":"1iz738kaq6stdmn"}
{"type":"operationStart","subtype":"recipe","name":"chrome-pdf","timestamp":1674245074240,"id":"kd4lceibagejjlj","previousEventId":"hml8wenzhq4e8kp","operationId":"2pp3psdrza3cyli","previousOperationId":"1iz738kaq6stdmn"}
{"type":"log","timestamp":1674245074240,"level":"debug","message":"Executing recipe chrome-pdf","meta":{"rootId":"r2omszo8desr2ms","id":"r2omszo8desr2ms"},"id":"v7qzo1kfsz1rq8q","previousOperationId":"2pp3psdrza3cyli"}
{"type":"log","timestamp":1674245074244,"level":"debug","message":"Converting with chrome HeadlessChrome/105.0.5173.0 using chrome-pool strategy","meta":{"rootId":"r2omszo8desr2ms","id":"r2omszo8desr2ms"},"id":"aytu1v3uqpy8o1l","previousOperationId":"2pp3psdrza3cyli"}
{"type":"log","timestamp":1674245074327,"level":"debug","message":"Page request: GET (document) file:///C:/Users/Johan/AppData/Local/Temp/jsreport/autocleanup/7ec82e5e-a434-4557-9d7b-8d174061ab2a-chrome-pdf.html","meta":{"rootId":"r2omszo8desr2ms","id":"r2omszo8desr2ms"},"id":"zxwxfb7rgky9ko7","previousOperationId":"2pp3psdrza3cyli"}
{"type":"log","timestamp":1674245074347,"level":"debug","message":"Page request finished: GET (document) 200 file:///C:/Users/Johan/AppData/Local/Temp/jsreport/autocleanup/7ec82e5e-a434-4557-9d7b-8d174061ab2a-chrome-pdf.html","meta":{"rootId":"r2omszo8desr2ms","id":"r2omszo8desr2ms"},"id":"vna8icfz2ltmco0","previousOperationId":"2pp3psdrza3cyli"}
{"type":"log","timestamp":1674245074361,"level":"debug","message":"Running chrome with params {\"printBackground\":true,\"timeout\":59946,\"margin\":{}}","meta":{"rootId":"r2omszo8desr2ms","id":"r2omszo8desr2ms"},"id":"y8k9g2rnh4686hu","previousOperationId":"2pp3psdrza3cyli"}
{"type":"operationEnd","operationId":"2pp3psdrza3cyli","timestamp":1674245074387,"id":"b64odjtv9f80cuc","previousEventId":"kd4lceibagejjlj","previousOperationId":"2pp3psdrza3cyli"}
{"type":"log","timestamp":1674245074388,"level":"debug","message":"Skipping storing report.","meta":{"rootId":"r2omszo8desr2ms","id":"r2omszo8desr2ms"},"id":"ffrm5rxfo1guwbn","previousOperationId":"2pp3psdrza3cyli"}
{"type":"log","timestamp":1674245074388,"level":"info","message":"Rendering request 3 finished in 199 ms","meta":{"rootId":"r2omszo8desr2ms","id":"r2omszo8desr2ms"},"id":"r0suyroa4yw9cm4","previousOperationId":"2pp3psdrza3cyli"}
{"type":"operationEnd","subtype":"render","operationId":"jp1augjlyhqnqby","timestamp":1674245074388,"id":"10hh4ssm1rr343y","previousEventId":"b64odjtv9f80cuc","previousOperationId":"2pp3psdrza3cyli"}
{"type":"operationEnd","doDiffs":false,"previousEventId":"f3eqzglhaxztmp6","previousOperationId":"q5bcz28dgp1upc2","operationId":"q5bcz28dgp1upc2","timestamp":1674245074396,"id":"wwm94tezr2it9u5"}
