{"type":"operationStart","subtype":"profile","data":{"_id":"TzCapt4d5GLzv0Yj","timestamp":"2023-01-23T20:25:15.268Z","state":"queued","mode":"standard","creationDate":"2023-01-23T20:25:15.271Z","modificationDate":"2023-01-23T20:25:15.271Z","shortid":"cn8LX7D","$entitySet":"profiles"},"doDiffs":false,"timestamp":1674505515269,"id":"87vdw58932ko6s6","previousOperationId":null,"operationId":"gc9yl8iq9d67sr8"}
{"type":"log","level":"info","message":"Render request 2 queued for execution and waiting for available worker","previousOperationId":"gc9yl8iq9d67sr8","timestamp":1674505515269,"id":"3bt7966fiqxed4f"}
{"type":"operationStart","subtype":"render","name":"Data","previousOperationId":"gc9yl8iq9d67sr8","timestamp":1674505515284,"id":"6tytvj9swx02zbi","previousEventId":"87vdw58932ko6s6","operationId":"vtowm4b8xlnhclk"}
{"type":"log","timestamp":1674505515285,"level":"info","message":"Starting rendering request 2","meta":{"rootId":"rnoolg5jjsel7om","id":"rnoolg5jjsel7om"},"id":"c5xu3ojgcf78d0i","previousOperationId":"vtowm4b8xlnhclk"}
{"type":"log","timestamp":1674505515286,"level":"info","message":"Rendering template { name: Data, recipe: chrome-pdf, engine: handlebars, preview: true }","meta":{"rootId":"rnoolg5jjsel7om","id":"rnoolg5jjsel7om"},"id":"u3h7fyfxop4tf3g","previousOperationId":"vtowm4b8xlnhclk"}
{"type":"log","timestamp":1674505515286,"level":"debug","message":"Data item not defined for this template.","meta":{"rootId":"rnoolg5jjsel7om","id":"rnoolg5jjsel7om"},"id":"2ay8neb4xf2797d","previousOperationId":"vtowm4b8xlnhclk"}
{"type":"log","timestamp":1674505515289,"level":"debug","message":"Executing script testing (beforeRender)","meta":{"rootId":"rnoolg5jjsel7om","id":"rnoolg5jjsel7om"},"id":"4leco783t5y3gce","previousOperationId":"vtowm4b8xlnhclk"}
{"type":"operationStart","subtype":"scriptsBeforeRender","name":"scripts beforeRender","timestamp":1674505515429,"id":"9cu2rcxq0cn8kms","previousEventId":"6tytvj9swx02zbi","operationId":"5ouijtjotmpodd6","previousOperationId":"vtowm4b8xlnhclk"}
{"type":"operationStart","subtype":"script","name":"scripts testing","previousOperationId":"5ouijtjotmpodd6","timestamp":1674505515430,"id":"trwg557fhj2e28j","previousEventId":"9cu2rcxq0cn8kms","operationId":"aevodw18kwkl8pa"}
{"type":"operationEnd","operationId":"aevodw18kwkl8pa","timestamp":1674505515587,"id":"gz3zqpssww8pxol","previousEventId":"6tytvj9swx02zbi","previousOperationId":"vtowm4b8xlnhclk"}
{"type":"operationEnd","operationId":"5ouijtjotmpodd6","timestamp":1674505515587,"id":"3tnu1kcydcnp13k","previousEventId":"gz3zqpssww8pxol","previousOperationId":"vtowm4b8xlnhclk"}
{"type":"log","timestamp":1674505515588,"level":"debug","message":"Base url not specified, skipping its injection.","meta":{"rootId":"rnoolg5jjsel7om","id":"rnoolg5jjsel7om"},"id":"74wlze8jjekrfxs","previousOperationId":"5ouijtjotmpodd6"}
{"type":"operationStart","subtype":"engine","name":"handlebars","timestamp":1674505515588,"id":"u1kmztgb2gdhjo6","previousEventId":"3tnu1kcydcnp13k","operationId":"2h74twj7lnbug09","previousOperationId":"5ouijtjotmpodd6"}
{"type":"log","timestamp":1674505515588,"level":"debug","message":"Rendering engine handlebars","meta":{"rootId":"rnoolg5jjsel7om","id":"rnoolg5jjsel7om"},"id":"d9ol392venjn2wq","previousOperationId":"2h74twj7lnbug09"}
{"type":"operationEnd","operationId":"2h74twj7lnbug09","timestamp":1674505515599,"id":"daj21tc3jaiyll8","previousEventId":"u1kmztgb2gdhjo6","previousOperationId":"2h74twj7lnbug09"}
{"type":"operationStart","subtype":"recipe","name":"chrome-pdf","timestamp":1674505515599,"id":"m3lzdndi9hrlaw5","previousEventId":"daj21tc3jaiyll8","operationId":"efy8gra7a6yw1fs","previousOperationId":"2h74twj7lnbug09"}
{"type":"log","timestamp":1674505515599,"level":"debug","message":"Executing recipe chrome-pdf","meta":{"rootId":"rnoolg5jjsel7om","id":"rnoolg5jjsel7om"},"id":"f0y1w6f329lk36h","previousOperationId":"efy8gra7a6yw1fs"}
{"type":"log","timestamp":1674505515605,"level":"debug","message":"Converting with chrome HeadlessChrome/105.0.5173.0 using chrome-pool strategy","meta":{"rootId":"rnoolg5jjsel7om","id":"rnoolg5jjsel7om"},"id":"b7upkibms44s65v","previousOperationId":"efy8gra7a6yw1fs"}
{"type":"log","timestamp":1674505515774,"level":"debug","message":"Page request: GET (document) file:///C:/Users/Johan/AppData/Local/Temp/jsreport/autocleanup/4123e29c-5435-44bc-907d-8fde64cc9ddb-chrome-pdf.html","meta":{"rootId":"rnoolg5jjsel7om","id":"rnoolg5jjsel7om"},"id":"ec6tgfb2r6xp086","previousOperationId":"efy8gra7a6yw1fs"}
{"type":"log","timestamp":1674505515788,"level":"debug","message":"Page request finished: GET (document) 200 file:///C:/Users/Johan/AppData/Local/Temp/jsreport/autocleanup/4123e29c-5435-44bc-907d-8fde64cc9ddb-chrome-pdf.html","meta":{"rootId":"rnoolg5jjsel7om","id":"rnoolg5jjsel7om"},"id":"f1i4pq93t0dow5a","previousOperationId":"efy8gra7a6yw1fs"}
{"type":"log","timestamp":1674505515790,"level":"debug","message":"Running chrome with params {\"printBackground\":true,\"timeout\":59667,\"margin\":{}}","meta":{"rootId":"rnoolg5jjsel7om","id":"rnoolg5jjsel7om"},"id":"4zwuepg5ud5syv3","previousOperationId":"efy8gra7a6yw1fs"}
{"type":"operationEnd","operationId":"efy8gra7a6yw1fs","timestamp":1674505515802,"id":"o6hg9wlq423xqx5","previousEventId":"m3lzdndi9hrlaw5","previousOperationId":"efy8gra7a6yw1fs"}
{"type":"log","timestamp":1674505515802,"level":"debug","message":"Skipping storing report.","meta":{"rootId":"rnoolg5jjsel7om","id":"rnoolg5jjsel7om"},"id":"ig5xcf8jfsmoduw","previousOperationId":"efy8gra7a6yw1fs"}
{"type":"log","timestamp":1674505515802,"level":"info","message":"Rendering request 2 finished in 534 ms","meta":{"rootId":"rnoolg5jjsel7om","id":"rnoolg5jjsel7om"},"id":"slhw1z984uwe2mx","previousOperationId":"efy8gra7a6yw1fs"}
{"type":"operationEnd","subtype":"render","operationId":"vtowm4b8xlnhclk","timestamp":1674505515802,"id":"7ilyszkwmpud6ic","previousEventId":"o6hg9wlq423xqx5","previousOperationId":"efy8gra7a6yw1fs"}
{"type":"operationEnd","doDiffs":false,"previousEventId":"87vdw58932ko6s6","previousOperationId":"gc9yl8iq9d67sr8","operationId":"gc9yl8iq9d67sr8","timestamp":1674505515810,"id":"vxjjbolwzdqd013"}
