{"type":"operationStart","subtype":"profile","data":{"_id":"Tr8657SNOVcXRi3m","timestamp":"2023-01-20T20:07:45.326Z","state":"queued","mode":"standard","creationDate":"2023-01-20T20:07:45.328Z","modificationDate":"2023-01-20T20:07:45.328Z","shortid":"H9CV4sb","$entitySet":"profiles"},"doDiffs":false,"timestamp":1674245265327,"id":"wf0mpid14d6n5mq","previousOperationId":null,"operationId":"oi4wf7kbj1f7yim"}
{"type":"log","level":"info","message":"Render request 5 queued for execution and waiting for available worker","previousOperationId":"oi4wf7kbj1f7yim","timestamp":1674245265327,"id":"bcfskddlz9gmjwz"}
{"type":"operationStart","subtype":"render","name":"Data","previousOperationId":"oi4wf7kbj1f7yim","timestamp":1674245265346,"id":"uyjmeb1mzxemc88","previousEventId":"wf0mpid14d6n5mq","operationId":"m40vaumbypnwmd6"}
{"type":"log","timestamp":1674245265346,"level":"info","message":"Starting rendering request 5","meta":{"rootId":"rsqgxpjglezwfm1","id":"rsqgxpjglezwfm1"},"id":"0na2nhvt01iktp5","previousOperationId":"m40vaumbypnwmd6"}
{"type":"log","timestamp":1674245265347,"level":"info","message":"Rendering template { name: Data, recipe: chrome-pdf, engine: handlebars, preview: true }","meta":{"rootId":"rsqgxpjglezwfm1","id":"rsqgxpjglezwfm1"},"id":"64l14m4j1dctr6x","previousOperationId":"m40vaumbypnwmd6"}
{"type":"log","timestamp":1674245265347,"level":"debug","message":"Inline data specified.","meta":{"rootId":"rsqgxpjglezwfm1","id":"rsqgxpjglezwfm1"},"id":"ijnvb4x5nv4ibr5","previousOperationId":"m40vaumbypnwmd6"}
{"type":"log","timestamp":1674245265348,"level":"debug","message":"Base url not specified, skipping its injection.","meta":{"rootId":"rsqgxpjglezwfm1","id":"rsqgxpjglezwfm1"},"id":"indcpz1hmuaeav3","previousOperationId":"m40vaumbypnwmd6"}
{"type":"operationStart","subtype":"engine","name":"handlebars","timestamp":1674245265348,"id":"v8z31f71gpx63iw","previousEventId":"uyjmeb1mzxemc88","operationId":"9zr4hty342wd8c2","previousOperationId":"m40vaumbypnwmd6"}
{"type":"log","timestamp":1674245265348,"level":"debug","message":"Rendering engine handlebars","meta":{"rootId":"rsqgxpjglezwfm1","id":"rsqgxpjglezwfm1"},"id":"vzpp1fhgiofi9lg","previousOperationId":"9zr4hty342wd8c2"}
{"type":"operationEnd","operationId":"9zr4hty342wd8c2","timestamp":1674245265369,"id":"x9kbol7k9qye5b4","previousEventId":"v8z31f71gpx63iw","previousOperationId":"9zr4hty342wd8c2"}
{"type":"operationStart","subtype":"recipe","name":"chrome-pdf","timestamp":1674245265370,"id":"pdhqsb7of5zd58l","previousEventId":"x9kbol7k9qye5b4","operationId":"u5ptp1xn4ycchty","previousOperationId":"9zr4hty342wd8c2"}
{"type":"log","timestamp":1674245265370,"level":"debug","message":"Executing recipe chrome-pdf","meta":{"rootId":"rsqgxpjglezwfm1","id":"rsqgxpjglezwfm1"},"id":"ztg53bkemzowmw2","previousOperationId":"u5ptp1xn4ycchty"}
{"type":"log","timestamp":1674245265374,"level":"debug","message":"Converting with chrome HeadlessChrome/105.0.5173.0 using chrome-pool strategy","meta":{"rootId":"rsqgxpjglezwfm1","id":"rsqgxpjglezwfm1"},"id":"z0v15jocgu7gfq4","previousOperationId":"u5ptp1xn4ycchty"}
{"type":"log","timestamp":1674245265522,"level":"debug","message":"Page request: GET (document) file:///C:/Users/Johan/AppData/Local/Temp/jsreport/autocleanup/fd3edb78-7204-4e66-a5a6-1fe064e65341-chrome-pdf.html","meta":{"rootId":"rsqgxpjglezwfm1","id":"rsqgxpjglezwfm1"},"id":"r2gniez902fpufy","previousOperationId":"u5ptp1xn4ycchty"}
{"type":"log","timestamp":1674245265541,"level":"debug","message":"Page request finished: GET (document) 200 file:///C:/Users/Johan/AppData/Local/Temp/jsreport/autocleanup/fd3edb78-7204-4e66-a5a6-1fe064e65341-chrome-pdf.html","meta":{"rootId":"rsqgxpjglezwfm1","id":"rsqgxpjglezwfm1"},"id":"9vax52apurxr9cp","previousOperationId":"u5ptp1xn4ycchty"}
{"type":"log","timestamp":1674245265543,"level":"debug","message":"Running chrome with params {\"printBackground\":true,\"timeout\":59954,\"margin\":{}}","meta":{"rootId":"rsqgxpjglezwfm1","id":"rsqgxpjglezwfm1"},"id":"gf8xom6eolecou1","previousOperationId":"u5ptp1xn4ycchty"}
{"type":"operationEnd","operationId":"u5ptp1xn4ycchty","timestamp":1674245265555,"id":"vc9y1ijbe6z29zk","previousEventId":"pdhqsb7of5zd58l","previousOperationId":"u5ptp1xn4ycchty"}
{"type":"log","timestamp":1674245265556,"level":"debug","message":"Skipping storing report.","meta":{"rootId":"rsqgxpjglezwfm1","id":"rsqgxpjglezwfm1"},"id":"5nkkqdytadrt7mb","previousOperationId":"u5ptp1xn4ycchty"}
{"type":"log","timestamp":1674245265556,"level":"info","message":"Rendering request 5 finished in 230 ms","meta":{"rootId":"rsqgxpjglezwfm1","id":"rsqgxpjglezwfm1"},"id":"44iox8o78jaipai","previousOperationId":"u5ptp1xn4ycchty"}
{"type":"operationEnd","subtype":"render","operationId":"m40vaumbypnwmd6","timestamp":1674245265556,"id":"wcxnfir0j5x7itu","previousEventId":"vc9y1ijbe6z29zk","previousOperationId":"u5ptp1xn4ycchty"}
{"type":"operationEnd","doDiffs":false,"previousEventId":"wf0mpid14d6n5mq","previousOperationId":"oi4wf7kbj1f7yim","operationId":"oi4wf7kbj1f7yim","timestamp":1674245265569,"id":"7t484xk0ctmmyuc"}
