{"type":"operationStart","subtype":"profile","data":{"_id":"ixWIiPALgrvZ9VKI","timestamp":"2023-01-22T00:54:35.402Z","state":"queued","mode":"standard","creationDate":"2023-01-22T00:54:35.406Z","modificationDate":"2023-01-22T00:54:35.406Z","shortid":"eQyVFUF","$entitySet":"profiles"},"doDiffs":false,"timestamp":1674348875405,"id":"r1au8ny21uvoz3n","previousOperationId":null,"operationId":"5j8jx4pw2x98wzk"}
{"type":"log","level":"info","message":"Render request 9 queued for execution and waiting for available worker","previousOperationId":"5j8jx4pw2x98wzk","timestamp":1674348875405,"id":"l9tgkx1xgwsjfg8"}
{"type":"operationStart","subtype":"render","name":"Data","previousOperationId":"5j8jx4pw2x98wzk","timestamp":1674348875421,"id":"kh9tqikizbq2nw3","previousEventId":"r1au8ny21uvoz3n","operationId":"139hhau5alxxukb"}
{"type":"log","timestamp":1674348875422,"level":"info","message":"Starting rendering request 9","meta":{"rootId":"rybnnn1cf8vynia","id":"rybnnn1cf8vynia"},"id":"kl5z2lnzu4d8nk8","previousOperationId":"139hhau5alxxukb"}
{"type":"log","timestamp":1674348875423,"level":"info","message":"Rendering template { name: Data, recipe: chrome-pdf, engine: handlebars, preview: true }","meta":{"rootId":"rybnnn1cf8vynia","id":"rybnnn1cf8vynia"},"id":"59osqsnp9q3iah2","previousOperationId":"139hhau5alxxukb"}
{"type":"log","timestamp":1674348875424,"level":"debug","message":"Data item not defined for this template.","meta":{"rootId":"rybnnn1cf8vynia","id":"rybnnn1cf8vynia"},"id":"5pl2kgpgkdb7gy8","previousOperationId":"139hhau5alxxukb"}
{"type":"log","timestamp":1674348875427,"level":"debug","message":"Executing script testing (beforeRender)","meta":{"rootId":"rybnnn1cf8vynia","id":"rybnnn1cf8vynia"},"id":"2cpt6h4cafqi56l","previousOperationId":"139hhau5alxxukb"}
{"type":"operationStart","subtype":"scriptsBeforeRender","name":"scripts beforeRender","timestamp":1674348875445,"id":"ksetzgg8a4e8q4f","previousEventId":"kh9tqikizbq2nw3","operationId":"epw5tphy2dfqt6e","previousOperationId":"139hhau5alxxukb"}
{"type":"operationStart","subtype":"script","name":"scripts testing","previousOperationId":"epw5tphy2dfqt6e","timestamp":1674348875445,"id":"7oc3h9ti2cp9bxh","previousEventId":"ksetzgg8a4e8q4f","operationId":"5o346q4cbhcfgrv"}
{"type":"operationEnd","operationId":"5o346q4cbhcfgrv","timestamp":1674348875585,"id":"7jww2zwjcqtxbzy","previousEventId":"kh9tqikizbq2nw3","previousOperationId":"139hhau5alxxukb"}
{"type":"operationEnd","operationId":"epw5tphy2dfqt6e","timestamp":1674348875585,"id":"l23o2975b9ngf92","previousEventId":"7jww2zwjcqtxbzy","previousOperationId":"139hhau5alxxukb"}
{"type":"log","timestamp":1674348875585,"level":"debug","message":"Base url not specified, skipping its injection.","meta":{"rootId":"rybnnn1cf8vynia","id":"rybnnn1cf8vynia"},"id":"2occwhrzoy92un7","previousOperationId":"epw5tphy2dfqt6e"}
{"type":"operationStart","subtype":"engine","name":"handlebars","timestamp":1674348875585,"id":"8dwih8swr1c9uqh","previousEventId":"l23o2975b9ngf92","operationId":"u4myjgjsem0s59u","previousOperationId":"epw5tphy2dfqt6e"}
{"type":"log","timestamp":1674348875585,"level":"debug","message":"Rendering engine handlebars","meta":{"rootId":"rybnnn1cf8vynia","id":"rybnnn1cf8vynia"},"id":"kojtn81vxccg734","previousOperationId":"u4myjgjsem0s59u"}
{"type":"operationEnd","operationId":"u4myjgjsem0s59u","timestamp":1674348875597,"id":"t9sj3dwaqamlg42","previousEventId":"8dwih8swr1c9uqh","previousOperationId":"u4myjgjsem0s59u"}
{"type":"operationStart","subtype":"recipe","name":"chrome-pdf","timestamp":1674348875598,"id":"6eel11f238h7i41","previousEventId":"t9sj3dwaqamlg42","operationId":"cx9gx8mfs56pu8l","previousOperationId":"u4myjgjsem0s59u"}
{"type":"log","timestamp":1674348875598,"level":"debug","message":"Executing recipe chrome-pdf","meta":{"rootId":"rybnnn1cf8vynia","id":"rybnnn1cf8vynia"},"id":"o4wqvuflqgxhyw6","previousOperationId":"cx9gx8mfs56pu8l"}
{"type":"log","timestamp":1674348875609,"level":"debug","message":"Converting with chrome HeadlessChrome/105.0.5173.0 using chrome-pool strategy","meta":{"rootId":"rybnnn1cf8vynia","id":"rybnnn1cf8vynia"},"id":"ovw664xxmz7u4vt","previousOperationId":"cx9gx8mfs56pu8l"}
{"type":"log","timestamp":1674348875761,"level":"debug","message":"Page request: GET (document) file:///C:/Users/Johan/AppData/Local/Temp/jsreport/autocleanup/7ddd9dc1-da02-4c58-9326-baaf9f783471-chrome-pdf.html","meta":{"rootId":"rybnnn1cf8vynia","id":"rybnnn1cf8vynia"},"id":"0trb86pkqxk9dw0","previousOperationId":"cx9gx8mfs56pu8l"}
{"type":"log","timestamp":1674348875776,"level":"debug","message":"Page request finished: GET (document) 200 file:///C:/Users/Johan/AppData/Local/Temp/jsreport/autocleanup/7ddd9dc1-da02-4c58-9326-baaf9f783471-chrome-pdf.html","meta":{"rootId":"rybnnn1cf8vynia","id":"rybnnn1cf8vynia"},"id":"7or57znhk70yssz","previousOperationId":"cx9gx8mfs56pu8l"}
{"type":"log","timestamp":1674348875791,"level":"debug","message":"Running chrome with params {\"printBackground\":true,\"timeout\":59801,\"margin\":{}}","meta":{"rootId":"rybnnn1cf8vynia","id":"rybnnn1cf8vynia"},"id":"9goz6kydcv0kydg","previousOperationId":"cx9gx8mfs56pu8l"}
{"type":"operationEnd","operationId":"cx9gx8mfs56pu8l","timestamp":1674348875827,"id":"7t9f8kjlgf5zli0","previousEventId":"6eel11f238h7i41","previousOperationId":"cx9gx8mfs56pu8l"}
{"type":"log","timestamp":1674348875827,"level":"debug","message":"Skipping storing report.","meta":{"rootId":"rybnnn1cf8vynia","id":"rybnnn1cf8vynia"},"id":"nmlh31ii3rh7p5d","previousOperationId":"cx9gx8mfs56pu8l"}
{"type":"log","timestamp":1674348875827,"level":"info","message":"Rendering request 9 finished in 425 ms","meta":{"rootId":"rybnnn1cf8vynia","id":"rybnnn1cf8vynia"},"id":"gdmbp0tekuqzlqa","previousOperationId":"cx9gx8mfs56pu8l"}
{"type":"operationEnd","subtype":"render","operationId":"139hhau5alxxukb","timestamp":1674348875827,"id":"s452ea6zb3sx8hh","previousEventId":"7t9f8kjlgf5zli0","previousOperationId":"cx9gx8mfs56pu8l"}
{"type":"operationEnd","doDiffs":false,"previousEventId":"r1au8ny21uvoz3n","previousOperationId":"5j8jx4pw2x98wzk","operationId":"5j8jx4pw2x98wzk","timestamp":1674348875836,"id":"m2a5khvi7hcnzgr"}
