{"type":"operationStart","subtype":"profile","data":{"_id":"0AY9WlhesPIFFOQz","timestamp":"2023-01-23T20:24:52.656Z","state":"queued","mode":"standard","creationDate":"2023-01-23T20:24:52.663Z","modificationDate":"2023-01-23T20:24:52.663Z","shortid":"-4b-MlE","$entitySet":"profiles"},"doDiffs":false,"timestamp":1674505492661,"id":"s53rzoup0nmw779","previousOperationId":null,"operationId":"qf9deulmqarspbh"}
{"type":"log","level":"info","message":"Render request 1 queued for execution and waiting for available worker","previousOperationId":"qf9deulmqarspbh","timestamp":1674505492662,"id":"4gdyqghxcig1hw9"}
{"type":"operationStart","subtype":"render","name":"Data","previousOperationId":"qf9deulmqarspbh","timestamp":1674505492687,"id":"cblbhodkqtia64h","previousEventId":"s53rzoup0nmw779","operationId":"jg8png8yqmk8d09"}
{"type":"log","timestamp":1674505492689,"level":"info","message":"Starting rendering request 1","meta":{"rootId":"tkxwzwcrd3vgziv","id":"tkxwzwcrd3vgziv"},"id":"hyr9sfkivtgk5ha","previousOperationId":"jg8png8yqmk8d09"}
{"type":"log","timestamp":1674505492691,"level":"info","message":"Rendering template { name: Data, recipe: chrome-pdf, engine: handlebars, preview: true }","meta":{"rootId":"tkxwzwcrd3vgziv","id":"tkxwzwcrd3vgziv"},"id":"bgiw3knczwcw3d7","previousOperationId":"jg8png8yqmk8d09"}
{"type":"log","timestamp":1674505492692,"level":"debug","message":"Data item not defined for this template.","meta":{"rootId":"tkxwzwcrd3vgziv","id":"tkxwzwcrd3vgziv"},"id":"d2jerzh2npmbyst","previousOperationId":"jg8png8yqmk8d09"}
{"type":"log","timestamp":1674505492696,"level":"debug","message":"Executing script testing (beforeRender)","meta":{"rootId":"tkxwzwcrd3vgziv","id":"tkxwzwcrd3vgziv"},"id":"qzx7qgo6z815nau","previousOperationId":"jg8png8yqmk8d09"}
{"type":"operationStart","subtype":"scriptsBeforeRender","name":"scripts beforeRender","timestamp":1674505493421,"id":"jypklhk2lk5m0f4","previousEventId":"cblbhodkqtia64h","operationId":"htxtz5d5a0p6a89","previousOperationId":"jg8png8yqmk8d09"}
{"type":"operationStart","subtype":"script","name":"scripts testing","previousOperationId":"htxtz5d5a0p6a89","timestamp":1674505493421,"id":"ya2reys0nbr4cqa","previousEventId":"jypklhk2lk5m0f4","operationId":"5yxmoknp44skc0y"}
{"type":"operationEnd","operationId":"5yxmoknp44skc0y","timestamp":1674505494321,"id":"3dzqk13kzibo9f5","previousEventId":"cblbhodkqtia64h","previousOperationId":"jg8png8yqmk8d09"}
{"type":"operationEnd","operationId":"htxtz5d5a0p6a89","timestamp":1674505494321,"id":"xdrreuecya3mqww","previousEventId":"3dzqk13kzibo9f5","previousOperationId":"jg8png8yqmk8d09"}
{"type":"log","timestamp":1674505494321,"level":"debug","message":"Base url not specified, skipping its injection.","meta":{"rootId":"tkxwzwcrd3vgziv","id":"tkxwzwcrd3vgziv"},"id":"bsgwp2jd5mvfnqv","previousOperationId":"htxtz5d5a0p6a89"}
{"type":"operationStart","subtype":"engine","name":"handlebars","timestamp":1674505494322,"id":"rbrksiuctdgiqv5","previousEventId":"xdrreuecya3mqww","operationId":"toioo48methulf5","previousOperationId":"htxtz5d5a0p6a89"}
{"type":"log","timestamp":1674505494322,"level":"debug","message":"Rendering engine handlebars","meta":{"rootId":"tkxwzwcrd3vgziv","id":"tkxwzwcrd3vgziv"},"id":"a3x9c3g7s1wqp0o","previousOperationId":"toioo48methulf5"}
{"type":"operationEnd","operationId":"toioo48methulf5","timestamp":1674505494752,"id":"v69qmz1bq79r01s","previousEventId":"rbrksiuctdgiqv5","previousOperationId":"toioo48methulf5"}
{"type":"operationStart","subtype":"recipe","name":"chrome-pdf","timestamp":1674505494753,"id":"bn6u7chkcnmk95c","previousEventId":"v69qmz1bq79r01s","operationId":"xj157p5daq7pf9w","previousOperationId":"toioo48methulf5"}
{"type":"log","timestamp":1674505494753,"level":"debug","message":"Executing recipe chrome-pdf","meta":{"rootId":"tkxwzwcrd3vgziv","id":"tkxwzwcrd3vgziv"},"id":"9rseop2s70fnfwy","previousOperationId":"xj157p5daq7pf9w"}
{"type":"log","timestamp":1674505495578,"level":"debug","message":"Converting with chrome HeadlessChrome/105.0.5173.0 using chrome-pool strategy","meta":{"rootId":"tkxwzwcrd3vgziv","id":"tkxwzwcrd3vgziv"},"id":"9j4v4ud49ujlj18","previousOperationId":"xj157p5daq7pf9w"}
{"type":"log","timestamp":1674505496120,"level":"debug","message":"Page request: GET (document) file:///C:/Users/Johan/AppData/Local/Temp/jsreport/autocleanup/01ad570d-fb1b-47c1-8036-6efa892d63d8-chrome-pdf.html","meta":{"rootId":"tkxwzwcrd3vgziv","id":"tkxwzwcrd3vgziv"},"id":"i4ym41v800tmt66","previousOperationId":"xj157p5daq7pf9w"}
{"type":"log","timestamp":1674505496136,"level":"debug","message":"Page request finished: GET (document) 200 file:///C:/Users/Johan/AppData/Local/Temp/jsreport/autocleanup/01ad570d-fb1b-47c1-8036-6efa892d63d8-chrome-pdf.html","meta":{"rootId":"tkxwzwcrd3vgziv","id":"tkxwzwcrd3vgziv"},"id":"rdor4h7h6u4o9mg","previousOperationId":"xj157p5daq7pf9w"}
{"type":"log","timestamp":1674505496139,"level":"debug","message":"Running chrome with params {\"printBackground\":true,\"timeout\":57736,\"margin\":{}}","meta":{"rootId":"tkxwzwcrd3vgziv","id":"tkxwzwcrd3vgziv"},"id":"e53423xf6w7ee2m","previousOperationId":"xj157p5daq7pf9w"}
{"type":"operationEnd","operationId":"xj157p5daq7pf9w","timestamp":1674505496151,"id":"ag425bjf1i1v201","previousEventId":"bn6u7chkcnmk95c","previousOperationId":"xj157p5daq7pf9w"}
{"type":"log","timestamp":1674505496152,"level":"debug","message":"Skipping storing report.","meta":{"rootId":"tkxwzwcrd3vgziv","id":"tkxwzwcrd3vgziv"},"id":"l6c4zgn4tk2mf3g","previousOperationId":"xj157p5daq7pf9w"}
{"type":"log","timestamp":1674505496153,"level":"info","message":"Rendering request 1 finished in 3497 ms","meta":{"rootId":"tkxwzwcrd3vgziv","id":"tkxwzwcrd3vgziv"},"id":"jsw9jyljxzw9pmo","previousOperationId":"xj157p5daq7pf9w"}
{"type":"operationEnd","subtype":"render","operationId":"jg8png8yqmk8d09","timestamp":1674505496153,"id":"mrg8fwdbahqjyzi","previousEventId":"ag425bjf1i1v201","previousOperationId":"xj157p5daq7pf9w"}
{"type":"operationEnd","doDiffs":false,"previousEventId":"s53rzoup0nmw779","previousOperationId":"qf9deulmqarspbh","operationId":"qf9deulmqarspbh","timestamp":1674505496163,"id":"kz51i0izx2niob4"}
