{"type":"operationStart","subtype":"profile","data":{"_id":"k2CruxZxW0IUgket","timestamp":"2023-01-20T20:13:55.890Z","state":"queued","mode":"standard","creationDate":"2023-01-20T20:13:55.892Z","modificationDate":"2023-01-20T20:13:55.892Z","shortid":"0L4UmNj","$entitySet":"profiles"},"doDiffs":false,"timestamp":1674245635891,"id":"1bp0hqppnmirkxo","previousOperationId":null,"operationId":"es6g0s9vh1xiqks"}
{"type":"log","level":"info","message":"Render request 7 queued for execution and waiting for available worker","previousOperationId":"es6g0s9vh1xiqks","timestamp":1674245635891,"id":"gli8kd8iakdanqn"}
{"type":"operationStart","subtype":"render","name":"Data","previousOperationId":"es6g0s9vh1xiqks","timestamp":1674245635895,"id":"d822kpeadtrel1b","previousEventId":"1bp0hqppnmirkxo","operationId":"b3m8ylosvdbibps"}
{"type":"log","timestamp":1674245635895,"level":"info","message":"Starting rendering request 7","meta":{"rootId":"tqz5q73wb7bhayv","id":"tqz5q73wb7bhayv"},"id":"46d9ct31t367asm","previousOperationId":"b3m8ylosvdbibps"}
{"type":"log","timestamp":1674245635895,"level":"info","message":"Rendering template { name: Data, recipe: chrome-pdf, engine: handlebars, preview: false }","meta":{"rootId":"tqz5q73wb7bhayv","id":"tqz5q73wb7bhayv"},"id":"33pnvwrpydopj15","previousOperationId":"b3m8ylosvdbibps"}
{"type":"log","timestamp":1674245635895,"level":"debug","message":"Inline data specified.","meta":{"rootId":"tqz5q73wb7bhayv","id":"tqz5q73wb7bhayv"},"id":"4mxyng7fv6beglo","previousOperationId":"b3m8ylosvdbibps"}
{"type":"log","timestamp":1674245635897,"level":"debug","message":"Base url not specified, skipping its injection.","meta":{"rootId":"tqz5q73wb7bhayv","id":"tqz5q73wb7bhayv"},"id":"v0aunuix72mql5t","previousOperationId":"b3m8ylosvdbibps"}
{"type":"operationStart","subtype":"engine","name":"handlebars","timestamp":1674245635897,"id":"kwyb2erf46fjf6v","previousEventId":"d822kpeadtrel1b","operationId":"mqxpv3pfd08gihr","previousOperationId":"b3m8ylosvdbibps"}
{"type":"log","timestamp":1674245635897,"level":"debug","message":"Rendering engine handlebars","meta":{"rootId":"tqz5q73wb7bhayv","id":"tqz5q73wb7bhayv"},"id":"rsgosneak8f2g8n","previousOperationId":"mqxpv3pfd08gihr"}
{"type":"operationEnd","operationId":"mqxpv3pfd08gihr","timestamp":1674245635917,"id":"nzt05pvth5qu0va","previousEventId":"kwyb2erf46fjf6v","previousOperationId":"mqxpv3pfd08gihr"}
{"type":"operationStart","subtype":"recipe","name":"chrome-pdf","timestamp":1674245635917,"id":"3rwcxpokevkpr9p","previousEventId":"nzt05pvth5qu0va","operationId":"3bnw34gz7qpjjp3","previousOperationId":"mqxpv3pfd08gihr"}
{"type":"log","timestamp":1674245635917,"level":"debug","message":"Executing recipe chrome-pdf","meta":{"rootId":"tqz5q73wb7bhayv","id":"tqz5q73wb7bhayv"},"id":"gcjydtnyafu9tsr","previousOperationId":"3bnw34gz7qpjjp3"}
{"type":"log","timestamp":1674245635920,"level":"debug","message":"Converting with chrome HeadlessChrome/105.0.5173.0 using chrome-pool strategy","meta":{"rootId":"tqz5q73wb7bhayv","id":"tqz5q73wb7bhayv"},"id":"sbijbcee1r7e4l1","previousOperationId":"3bnw34gz7qpjjp3"}
{"type":"log","timestamp":1674245636030,"level":"debug","message":"Page request: GET (document) file:///C:/Users/Johan/AppData/Local/Temp/jsreport/autocleanup/1468ddd5-acbb-4b8b-b060-fc63e713ef55-chrome-pdf.html","meta":{"rootId":"tqz5q73wb7bhayv","id":"tqz5q73wb7bhayv"},"id":"jk4p4t1c4tt5buh","previousOperationId":"3bnw34gz7qpjjp3"}
{"type":"log","timestamp":1674245636046,"level":"debug","message":"Page request finished: GET (document) 200 file:///C:/Users/Johan/AppData/Local/Temp/jsreport/autocleanup/1468ddd5-acbb-4b8b-b060-fc63e713ef55-chrome-pdf.html","meta":{"rootId":"tqz5q73wb7bhayv","id":"tqz5q73wb7bhayv"},"id":"35cerxw1n4s9avu","previousOperationId":"3bnw34gz7qpjjp3"}
{"type":"log","timestamp":1674245636060,"level":"debug","message":"Running chrome with params {\"printBackground\":true,\"timeout\":59971,\"margin\":{}}","meta":{"rootId":"tqz5q73wb7bhayv","id":"tqz5q73wb7bhayv"},"id":"f31jlluwajkxy4n","previousOperationId":"3bnw34gz7qpjjp3"}
{"type":"operationEnd","operationId":"3bnw34gz7qpjjp3","timestamp":1674245636098,"id":"gsnkufyqptrzdra","previousEventId":"3rwcxpokevkpr9p","previousOperationId":"3bnw34gz7qpjjp3"}
{"type":"log","timestamp":1674245636098,"level":"debug","message":"Skipping storing report.","meta":{"rootId":"tqz5q73wb7bhayv","id":"tqz5q73wb7bhayv"},"id":"1q04rh30zki712t","previousOperationId":"3bnw34gz7qpjjp3"}
{"type":"log","timestamp":1674245636099,"level":"info","message":"Rendering request 7 finished in 209 ms","meta":{"rootId":"tqz5q73wb7bhayv","id":"tqz5q73wb7bhayv"},"id":"b9e5wcs15adhav1","previousOperationId":"3bnw34gz7qpjjp3"}
{"type":"operationEnd","subtype":"render","operationId":"b3m8ylosvdbibps","timestamp":1674245636099,"id":"tywljfjx57bc3po","previousEventId":"gsnkufyqptrzdra","previousOperationId":"3bnw34gz7qpjjp3"}
{"type":"operationEnd","doDiffs":false,"previousEventId":"1bp0hqppnmirkxo","previousOperationId":"es6g0s9vh1xiqks","operationId":"es6g0s9vh1xiqks","timestamp":1674245636101,"id":"gl8mm4f3x7zz098"}
