{"type":"operationStart","subtype":"profile","data":{"_id":"NFBWGTImPRoyHvOn","timestamp":"2023-01-22T00:55:33.996Z","state":"queued","mode":"standard","creationDate":"2023-01-22T00:55:34.000Z","modificationDate":"2023-01-22T00:55:34.000Z","shortid":"zwIZ4QZ","$entitySet":"profiles"},"doDiffs":false,"timestamp":1674348933998,"id":"nwqd9dk1kas0uyt","previousOperationId":null,"operationId":"b377b80c7q5exr8"}
{"type":"log","level":"info","message":"Render request 11 queued for execution and waiting for available worker","previousOperationId":"b377b80c7q5exr8","timestamp":1674348933999,"id":"3o4in3xgjyecc2w"}
{"type":"operationStart","subtype":"render","name":"Data","previousOperationId":"b377b80c7q5exr8","timestamp":1674348934015,"id":"6uakl0eyvy66ip6","previousEventId":"nwqd9dk1kas0uyt","operationId":"3u83ac46mhuw06v"}
{"type":"log","timestamp":1674348934015,"level":"info","message":"Starting rendering request 11","meta":{"rootId":"uiyq8qxggp0fxt0","id":"uiyq8qxggp0fxt0"},"id":"mwssiq5qlnqvaf8","previousOperationId":"3u83ac46mhuw06v"}
{"type":"log","timestamp":1674348934015,"level":"info","message":"Rendering template { name: Data, recipe: text, engine: handlebars, preview: true }","meta":{"rootId":"uiyq8qxggp0fxt0","id":"uiyq8qxggp0fxt0"},"id":"277c1hzkicm5ccl","previousOperationId":"3u83ac46mhuw06v"}
{"type":"log","timestamp":1674348934015,"level":"debug","message":"Data item not defined for this template.","meta":{"rootId":"uiyq8qxggp0fxt0","id":"uiyq8qxggp0fxt0"},"id":"m23xtqdf7pv9ltb","previousOperationId":"3u83ac46mhuw06v"}
{"type":"log","timestamp":1674348934018,"level":"debug","message":"Executing script testing (beforeRender)","meta":{"rootId":"uiyq8qxggp0fxt0","id":"uiyq8qxggp0fxt0"},"id":"dfbaa7nxk59fjyj","previousOperationId":"3u83ac46mhuw06v"}
{"type":"operationStart","subtype":"scriptsBeforeRender","name":"scripts beforeRender","timestamp":1674348934035,"id":"xsu6p6l4d1uy44w","previousEventId":"6uakl0eyvy66ip6","operationId":"up6uac0rbg74rsk","previousOperationId":"3u83ac46mhuw06v"}
{"type":"operationStart","subtype":"script","name":"scripts testing","previousOperationId":"up6uac0rbg74rsk","timestamp":1674348934035,"id":"fok4fysmg551cko","previousEventId":"xsu6p6l4d1uy44w","operationId":"v8wzf6fgx56zy3h"}
{"type":"operationEnd","operationId":"v8wzf6fgx56zy3h","timestamp":1674348934188,"id":"jlmlww0c6362f99","previousEventId":"6uakl0eyvy66ip6","previousOperationId":"3u83ac46mhuw06v"}
{"type":"operationEnd","operationId":"up6uac0rbg74rsk","timestamp":1674348934188,"id":"9cts3s9fokxq45h","previousEventId":"jlmlww0c6362f99","previousOperationId":"3u83ac46mhuw06v"}
{"type":"log","timestamp":1674348934188,"level":"debug","message":"Base url not specified, skipping its injection.","meta":{"rootId":"uiyq8qxggp0fxt0","id":"uiyq8qxggp0fxt0"},"id":"eujz5k0ga5toz67","previousOperationId":"up6uac0rbg74rsk"}
{"type":"operationStart","subtype":"engine","name":"handlebars","timestamp":1674348934188,"id":"j6wyo1ko5g3c8lk","previousEventId":"9cts3s9fokxq45h","operationId":"2z68hkb5tvflosd","previousOperationId":"up6uac0rbg74rsk"}
{"type":"log","timestamp":1674348934188,"level":"debug","message":"Rendering engine handlebars","meta":{"rootId":"uiyq8qxggp0fxt0","id":"uiyq8qxggp0fxt0"},"id":"48nyjaqk4ksdhip","previousOperationId":"2z68hkb5tvflosd"}
{"type":"operationEnd","operationId":"2z68hkb5tvflosd","timestamp":1674348934217,"id":"n0vjf8n4pats65h","previousEventId":"j6wyo1ko5g3c8lk","previousOperationId":"2z68hkb5tvflosd"}
{"type":"operationStart","subtype":"recipe","name":"text","timestamp":1674348934218,"id":"unk80y5bsu7h4fk","previousEventId":"n0vjf8n4pats65h","operationId":"z6ahsjtniwodicy","previousOperationId":"2z68hkb5tvflosd"}
{"type":"log","timestamp":1674348934218,"level":"debug","message":"Executing recipe text","meta":{"rootId":"uiyq8qxggp0fxt0","id":"uiyq8qxggp0fxt0"},"id":"8gk3kvdo4kfe4zj","previousOperationId":"z6ahsjtniwodicy"}
{"type":"operationEnd","operationId":"z6ahsjtniwodicy","timestamp":1674348934218,"id":"wx0bkppcmtinkjd","previousEventId":"unk80y5bsu7h4fk","previousOperationId":"z6ahsjtniwodicy"}
{"type":"log","timestamp":1674348934219,"level":"debug","message":"Skipping storing report.","meta":{"rootId":"uiyq8qxggp0fxt0","id":"uiyq8qxggp0fxt0"},"id":"7qa022gku6fkdci","previousOperationId":"z6ahsjtniwodicy"}
{"type":"log","timestamp":1674348934219,"level":"info","message":"Rendering request 11 finished in 224 ms","meta":{"rootId":"uiyq8qxggp0fxt0","id":"uiyq8qxggp0fxt0"},"id":"mvl1a8zyrkb95tu","previousOperationId":"z6ahsjtniwodicy"}
{"type":"operationEnd","subtype":"render","operationId":"3u83ac46mhuw06v","timestamp":1674348934219,"id":"smccdjb7k3lih3h","previousEventId":"wx0bkppcmtinkjd","previousOperationId":"z6ahsjtniwodicy"}
{"type":"operationEnd","doDiffs":false,"previousEventId":"nwqd9dk1kas0uyt","previousOperationId":"b377b80c7q5exr8","operationId":"b377b80c7q5exr8","timestamp":1674348934234,"id":"zv5xhlnv4t05jyf"}
