{"type":"operationStart","subtype":"profile","data":{"_id":"XoWFhL86yvUVXNea","timestamp":"2023-01-22T20:38:01.628Z","state":"queued","mode":"standard","creationDate":"2023-01-22T20:38:01.631Z","modificationDate":"2023-01-22T20:38:01.631Z","shortid":"2Y7Ipke","$entitySet":"profiles"},"doDiffs":false,"timestamp":1674419881630,"id":"yghxb5bqkfxas4d","previousOperationId":null,"operationId":"ezatxokrglddiw5"}
{"type":"log","level":"info","message":"Render request 14 queued for execution and waiting for available worker","previousOperationId":"ezatxokrglddiw5","timestamp":1674419881630,"id":"7lszryjcsl7muik"}
{"type":"operationStart","subtype":"render","name":"Data","previousOperationId":"ezatxokrglddiw5","timestamp":1674419881647,"id":"zctr2v88oqastex","previousEventId":"yghxb5bqkfxas4d","operationId":"s7yjhzrogrkvbzd"}
{"type":"log","timestamp":1674419881649,"level":"info","message":"Starting rendering request 14","meta":{"rootId":"w5jkm82b1gji9kd","id":"w5jkm82b1gji9kd"},"id":"seohd68ovx1omj2","previousOperationId":"s7yjhzrogrkvbzd"}
{"type":"log","timestamp":1674419881650,"level":"info","message":"Rendering template { name: Data, recipe: chrome-pdf, engine: handlebars, preview: true }","meta":{"rootId":"w5jkm82b1gji9kd","id":"w5jkm82b1gji9kd"},"id":"vpgq7ww1yufupof","previousOperationId":"s7yjhzrogrkvbzd"}
{"type":"log","timestamp":1674419881650,"level":"debug","message":"Data item not defined for this template.","meta":{"rootId":"w5jkm82b1gji9kd","id":"w5jkm82b1gji9kd"},"id":"g4cx73lh1soznki","previousOperationId":"s7yjhzrogrkvbzd"}
{"type":"log","timestamp":1674419881656,"level":"debug","message":"Executing script testing (beforeRender)","meta":{"rootId":"w5jkm82b1gji9kd","id":"w5jkm82b1gji9kd"},"id":"1sxy6u6hwb1pxkx","previousOperationId":"s7yjhzrogrkvbzd"}
{"type":"operationStart","subtype":"scriptsBeforeRender","name":"scripts beforeRender","timestamp":1674419881848,"id":"5ufrfsq1f5nb192","previousEventId":"zctr2v88oqastex","operationId":"r5hrm6xxv4exoph","previousOperationId":"s7yjhzrogrkvbzd"}
{"type":"operationStart","subtype":"script","name":"scripts testing","previousOperationId":"r5hrm6xxv4exoph","timestamp":1674419881848,"id":"pi4mn89wqvrdv8u","previousEventId":"5ufrfsq1f5nb192","operationId":"je4991bg3bgx40a"}
{"type":"log","timestamp":1674419881848,"level":"debug","message":"(console:log) hello","meta":{"userLevel":true,"rootId":"w5jkm82b1gji9kd","id":"w5jkm82b1gji9kd"},"id":"34bie59xgi0z6v8","previousOperationId":"je4991bg3bgx40a"}
{"type":"log","timestamp":1674419911872,"level":"debug","message":"(console:log) undefined","meta":{"userLevel":true,"rootId":"w5jkm82b1gji9kd","id":"w5jkm82b1gji9kd"},"id":"fx52gs0yqyemi4z","previousOperationId":"je4991bg3bgx40a"}
{"type":"log","timestamp":1674419911872,"level":"debug","message":"(console:log) { posts: undefined }","meta":{"userLevel":true,"rootId":"w5jkm82b1gji9kd","id":"w5jkm82b1gji9kd"},"id":"vgamh7xpqvbmrpd","previousOperationId":"je4991bg3bgx40a"}
{"type":"operationEnd","operationId":"je4991bg3bgx40a","timestamp":1674419911873,"id":"rqn6uln0pfp79od","previousEventId":"zctr2v88oqastex","previousOperationId":"s7yjhzrogrkvbzd"}
{"type":"operationEnd","operationId":"r5hrm6xxv4exoph","timestamp":1674419911873,"id":"txl5pr360py9azz","previousEventId":"rqn6uln0pfp79od","previousOperationId":"s7yjhzrogrkvbzd"}
{"type":"log","timestamp":1674419911873,"level":"debug","message":"Base url not specified, skipping its injection.","meta":{"rootId":"w5jkm82b1gji9kd","id":"w5jkm82b1gji9kd"},"id":"g0useriz28x9ino","previousOperationId":"r5hrm6xxv4exoph"}
{"type":"operationStart","subtype":"engine","name":"handlebars","timestamp":1674419911873,"id":"kz930cxgsljm6tr","previousEventId":"txl5pr360py9azz","operationId":"j7dmiirkkhjn5sz","previousOperationId":"r5hrm6xxv4exoph"}
{"type":"log","timestamp":1674419911874,"level":"debug","message":"Rendering engine handlebars","meta":{"rootId":"w5jkm82b1gji9kd","id":"w5jkm82b1gji9kd"},"id":"srbbqt4jr7nnawk","previousOperationId":"j7dmiirkkhjn5sz"}
{"type":"operationEnd","operationId":"j7dmiirkkhjn5sz","timestamp":1674419911890,"id":"w6d7woihgd7e0c7","previousEventId":"kz930cxgsljm6tr","previousOperationId":"j7dmiirkkhjn5sz"}
{"type":"operationStart","subtype":"recipe","name":"chrome-pdf","timestamp":1674419911890,"id":"twmkwo6dfookkzk","previousEventId":"w6d7woihgd7e0c7","operationId":"n8vjterjuwr6rqa","previousOperationId":"j7dmiirkkhjn5sz"}
{"type":"log","timestamp":1674419911890,"level":"debug","message":"Executing recipe chrome-pdf","meta":{"rootId":"w5jkm82b1gji9kd","id":"w5jkm82b1gji9kd"},"id":"k48uoxgxclpcbrz","previousOperationId":"n8vjterjuwr6rqa"}
{"type":"log","timestamp":1674419911897,"level":"debug","message":"Converting with chrome HeadlessChrome/105.0.5173.0 using chrome-pool strategy","meta":{"rootId":"w5jkm82b1gji9kd","id":"w5jkm82b1gji9kd"},"id":"g1eeovov09cc6lo","previousOperationId":"n8vjterjuwr6rqa"}
{"type":"log","timestamp":1674419912045,"level":"debug","message":"Page request: GET (document) file:///C:/Users/Johan/AppData/Local/Temp/jsreport/autocleanup/c831152d-754a-4966-9d4a-986b84c84330-chrome-pdf.html","meta":{"rootId":"w5jkm82b1gji9kd","id":"w5jkm82b1gji9kd"},"id":"itexpei2l3iotng","previousOperationId":"n8vjterjuwr6rqa"}
{"type":"log","timestamp":1674419912060,"level":"debug","message":"Page request finished: GET (document) 200 file:///C:/Users/Johan/AppData/Local/Temp/jsreport/autocleanup/c831152d-754a-4966-9d4a-986b84c84330-chrome-pdf.html","meta":{"rootId":"w5jkm82b1gji9kd","id":"w5jkm82b1gji9kd"},"id":"3symu75boejyljs","previousOperationId":"n8vjterjuwr6rqa"}
{"type":"log","timestamp":1674419912062,"level":"debug","message":"Running chrome with params {\"printBackground\":true,\"timeout\":29733,\"margin\":{}}","meta":{"rootId":"w5jkm82b1gji9kd","id":"w5jkm82b1gji9kd"},"id":"mzbec829n4hct10","previousOperationId":"n8vjterjuwr6rqa"}
{"type":"operationEnd","operationId":"n8vjterjuwr6rqa","timestamp":1674419912075,"id":"oq9ryvscjyev7l4","previousEventId":"twmkwo6dfookkzk","previousOperationId":"n8vjterjuwr6rqa"}
{"type":"log","timestamp":1674419912075,"level":"debug","message":"Skipping storing report.","meta":{"rootId":"w5jkm82b1gji9kd","id":"w5jkm82b1gji9kd"},"id":"s4h69ap83r7r7m4","previousOperationId":"n8vjterjuwr6rqa"}
{"type":"log","timestamp":1674419912075,"level":"info","message":"Rendering request 14 finished in 30447 ms","meta":{"rootId":"w5jkm82b1gji9kd","id":"w5jkm82b1gji9kd"},"id":"u0wwpey7d2w8p9e","previousOperationId":"n8vjterjuwr6rqa"}
{"type":"operationEnd","subtype":"render","operationId":"s7yjhzrogrkvbzd","timestamp":1674419912075,"id":"op14gorjh7s03gw","previousEventId":"oq9ryvscjyev7l4","previousOperationId":"n8vjterjuwr6rqa"}
{"type":"operationEnd","doDiffs":false,"previousEventId":"yghxb5bqkfxas4d","previousOperationId":"ezatxokrglddiw5","operationId":"ezatxokrglddiw5","timestamp":1674419912086,"id":"u5nc9amy6duq56l"}
