{"type":"operationStart","subtype":"profile","data":{"_id":"CeGzjJRm0jVinuFp","timestamp":"2023-01-22T00:56:29.836Z","state":"queued","mode":"standard","creationDate":"2023-01-22T00:56:29.841Z","modificationDate":"2023-01-22T00:56:29.841Z","shortid":"8lj6qHF","$entitySet":"profiles"},"doDiffs":false,"timestamp":1674348989839,"id":"c4no9txm1k9bet1","previousOperationId":null,"operationId":"m2x1mk0swtvf3of"}
{"type":"log","level":"info","message":"Render request 12 queued for execution and waiting for available worker","previousOperationId":"m2x1mk0swtvf3of","timestamp":1674348989839,"id":"mvfviqch31ts4u7"}
{"type":"operationStart","subtype":"render","name":"Data","previousOperationId":"m2x1mk0swtvf3of","timestamp":1674348989863,"id":"n44q2a42piqw94u","previousEventId":"c4no9txm1k9bet1","operationId":"g9o0v1u31on2e3x"}
{"type":"log","timestamp":1674348989863,"level":"info","message":"Starting rendering request 12","meta":{"rootId":"xt1jz99a335nmlf","id":"xt1jz99a335nmlf"},"id":"8cgvui31abgsj6w","previousOperationId":"g9o0v1u31on2e3x"}
{"type":"log","timestamp":1674348989864,"level":"info","message":"Rendering template { name: Data, recipe: chrome-pdf, engine: handlebars, preview: true }","meta":{"rootId":"xt1jz99a335nmlf","id":"xt1jz99a335nmlf"},"id":"3w551dglnj4sza5","previousOperationId":"g9o0v1u31on2e3x"}
{"type":"log","timestamp":1674348989864,"level":"debug","message":"Data item not defined for this template.","meta":{"rootId":"xt1jz99a335nmlf","id":"xt1jz99a335nmlf"},"id":"mcqfohow00syas2","previousOperationId":"g9o0v1u31on2e3x"}
{"type":"log","timestamp":1674348989866,"level":"debug","message":"Executing script testing (beforeRender)","meta":{"rootId":"xt1jz99a335nmlf","id":"xt1jz99a335nmlf"},"id":"r97ndwvx57w9j5w","previousOperationId":"g9o0v1u31on2e3x"}
{"type":"operationStart","subtype":"scriptsBeforeRender","name":"scripts beforeRender","timestamp":1674348989876,"id":"20s5uexo77wluup","previousEventId":"n44q2a42piqw94u","operationId":"p1eb18nc8suojcs","previousOperationId":"g9o0v1u31on2e3x"}
{"type":"operationStart","subtype":"script","name":"scripts testing","previousOperationId":"p1eb18nc8suojcs","timestamp":1674348989876,"id":"6spy6tn4lw3w06e","previousEventId":"20s5uexo77wluup","operationId":"xpkyeyca6k5ugbu"}
{"type":"operationEnd","operationId":"xpkyeyca6k5ugbu","timestamp":1674348990059,"id":"u5s7uacpbgroqck","previousEventId":"n44q2a42piqw94u","previousOperationId":"g9o0v1u31on2e3x"}
{"type":"operationEnd","operationId":"p1eb18nc8suojcs","timestamp":1674348990059,"id":"h0w6yrcvqjnwqvo","previousEventId":"u5s7uacpbgroqck","previousOperationId":"g9o0v1u31on2e3x"}
{"type":"log","timestamp":1674348990059,"level":"debug","message":"Base url not specified, skipping its injection.","meta":{"rootId":"xt1jz99a335nmlf","id":"xt1jz99a335nmlf"},"id":"s7izlm279cms2o0","previousOperationId":"p1eb18nc8suojcs"}
{"type":"operationStart","subtype":"engine","name":"handlebars","timestamp":1674348990059,"id":"gjd0ruebgi0w6gj","previousEventId":"h0w6yrcvqjnwqvo","operationId":"t8802p7jp02ou77","previousOperationId":"p1eb18nc8suojcs"}
{"type":"log","timestamp":1674348990059,"level":"debug","message":"Rendering engine handlebars","meta":{"rootId":"xt1jz99a335nmlf","id":"xt1jz99a335nmlf"},"id":"qqtez7gow1d0wmw","previousOperationId":"t8802p7jp02ou77"}
{"type":"operationEnd","operationId":"t8802p7jp02ou77","timestamp":1674348990070,"id":"jyllcwc58ibe4qx","previousEventId":"gjd0ruebgi0w6gj","previousOperationId":"t8802p7jp02ou77"}
{"type":"operationStart","subtype":"recipe","name":"chrome-pdf","timestamp":1674348990072,"id":"3ut2bt6enmhhj83","previousEventId":"jyllcwc58ibe4qx","operationId":"12u6283zbybe9t0","previousOperationId":"t8802p7jp02ou77"}
{"type":"log","timestamp":1674348990072,"level":"debug","message":"Executing recipe chrome-pdf","meta":{"rootId":"xt1jz99a335nmlf","id":"xt1jz99a335nmlf"},"id":"g9aa3jpft269j3i","previousOperationId":"12u6283zbybe9t0"}
{"type":"log","timestamp":1674348990078,"level":"debug","message":"Converting with chrome HeadlessChrome/105.0.5173.0 using chrome-pool strategy","meta":{"rootId":"xt1jz99a335nmlf","id":"xt1jz99a335nmlf"},"id":"v54h57am3lyevml","previousOperationId":"12u6283zbybe9t0"}
{"type":"log","timestamp":1674348990247,"level":"debug","message":"Page request: GET (document) file:///C:/Users/Johan/AppData/Local/Temp/jsreport/autocleanup/c4e4dbef-6e96-4861-8f24-7ebcabe9040c-chrome-pdf.html","meta":{"rootId":"xt1jz99a335nmlf","id":"xt1jz99a335nmlf"},"id":"tz3gzylozpa32z4","previousOperationId":"12u6283zbybe9t0"}
{"type":"log","timestamp":1674348990265,"level":"debug","message":"Page request finished: GET (document) 200 file:///C:/Users/Johan/AppData/Local/Temp/jsreport/autocleanup/c4e4dbef-6e96-4861-8f24-7ebcabe9040c-chrome-pdf.html","meta":{"rootId":"xt1jz99a335nmlf","id":"xt1jz99a335nmlf"},"id":"qgo6vah2f8pqff6","previousOperationId":"12u6283zbybe9t0"}
{"type":"log","timestamp":1674348990289,"level":"debug","message":"Running chrome with params {\"printBackground\":true,\"timeout\":59760,\"margin\":{}}","meta":{"rootId":"xt1jz99a335nmlf","id":"xt1jz99a335nmlf"},"id":"0dgl0l8po3i3hc5","previousOperationId":"12u6283zbybe9t0"}
{"type":"operationEnd","operationId":"12u6283zbybe9t0","timestamp":1674348990335,"id":"0xued2jvnca2key","previousEventId":"3ut2bt6enmhhj83","previousOperationId":"12u6283zbybe9t0"}
{"type":"log","timestamp":1674348990335,"level":"debug","message":"Skipping storing report.","meta":{"rootId":"xt1jz99a335nmlf","id":"xt1jz99a335nmlf"},"id":"g8fi1v80wbos613","previousOperationId":"12u6283zbybe9t0"}
{"type":"log","timestamp":1674348990336,"level":"info","message":"Rendering request 12 finished in 500 ms","meta":{"rootId":"xt1jz99a335nmlf","id":"xt1jz99a335nmlf"},"id":"yn3v5vqh7880e6f","previousOperationId":"12u6283zbybe9t0"}
{"type":"operationEnd","subtype":"render","operationId":"g9o0v1u31on2e3x","timestamp":1674348990336,"id":"kl2dpfa4saxlis7","previousEventId":"0xued2jvnca2key","previousOperationId":"12u6283zbybe9t0"}
{"type":"log","level":"error","message":"Report render failed\n(because) request is not defined\nReferenceError: request is not defined\n    at Request._callback (sandbox.js:7:5)\n    at Request.self.callback (C:\\Users\\Johan\\Desktop\\clases\\Proyecto\\Calendar-Event\\jsreportapp\\node_modules\\request\\request.js:185:22)\n    at Request.emit (node:events:513:28)\n    at Request.emit (node:domain:552:15)\n    at Request.<anonymous> (C:\\Users\\Johan\\Desktop\\clases\\Proyecto\\Calendar-Event\\jsreportapp\\node_modules\\request\\request.js:1154:10)\n    at Request.emit (node:events:513:28)\n    at Request.emit (node:domain:552:15)\n    at IncomingMessage.<anonymous> (C:\\Users\\Johan\\Desktop\\clases\\Proyecto\\Calendar-Event\\jsreportapp\\node_modules\\request\\request.js:1076:12)\n    at Object.onceWrapper (node:events:627:28)\n    at IncomingMessage.emit (node:events:525:35)","previousOperationId":"m2x1mk0swtvf3of","timestamp":1674348990347,"id":"nfe66yh2bm2pgbg"}
{"type":"error","timestamp":1674348990350,"domainThrown":true,"id":"1ojemipt6lctshq","stack":"ReferenceError: request is not defined\n    at Request._callback (sandbox.js:7:5)\n    at Request.self.callback (C:\\Users\\Johan\\Desktop\\clases\\Proyecto\\Calendar-Event\\jsreportapp\\node_modules\\request\\request.js:185:22)\n    at Request.emit (node:events:513:28)\n    at Request.emit (node:domain:552:15)\n    at Request.<anonymous> (C:\\Users\\Johan\\Desktop\\clases\\Proyecto\\Calendar-Event\\jsreportapp\\node_modules\\request\\request.js:1154:10)\n    at Request.emit (node:events:513:28)\n    at Request.emit (node:domain:552:15)\n    at IncomingMessage.<anonymous> (C:\\Users\\Johan\\Desktop\\clases\\Proyecto\\Calendar-Event\\jsreportapp\\node_modules\\request\\request.js:1076:12)\n    at Object.onceWrapper (node:events:627:28)\n    at IncomingMessage.emit (node:events:525:35)","message":"request is not defined"}
