{"type":"operationStart","subtype":"profile","data":{"_id":"MCWxwm6PTjtGPeXc","timestamp":"2023-01-23T20:28:02.463Z","state":"queued","mode":"standard","creationDate":"2023-01-23T20:28:02.469Z","modificationDate":"2023-01-23T20:28:02.469Z","shortid":"9Wiex1o","$entitySet":"profiles"},"doDiffs":false,"timestamp":1674505682466,"id":"l7tykjtcn3f176u","previousOperationId":null,"operationId":"12gsgnj248vun6n"}
{"type":"log","level":"info","message":"Render request 2 queued for execution and waiting for available worker","previousOperationId":"12gsgnj248vun6n","timestamp":1674505682466,"id":"dyb7enhc8oui0ct"}
{"type":"operationStart","subtype":"render","name":"Data","previousOperationId":"12gsgnj248vun6n","timestamp":1674505682486,"id":"jcmnbfhev8oxtw4","previousEventId":"l7tykjtcn3f176u","operationId":"tto8uxhdxzue4s1"}
{"type":"log","timestamp":1674505682487,"level":"info","message":"Starting rendering request 2","meta":{"rootId":"z3sqqoiqvbuvzk2","id":"z3sqqoiqvbuvzk2"},"id":"2heead2muymh0n3","previousOperationId":"tto8uxhdxzue4s1"}
{"type":"log","timestamp":1674505682488,"level":"info","message":"Rendering template { name: Data, recipe: chrome-pdf, engine: handlebars, preview: true }","meta":{"rootId":"z3sqqoiqvbuvzk2","id":"z3sqqoiqvbuvzk2"},"id":"4gddf34zy14fu92","previousOperationId":"tto8uxhdxzue4s1"}
{"type":"log","timestamp":1674505682490,"level":"debug","message":"Data item not defined for this template.","meta":{"rootId":"z3sqqoiqvbuvzk2","id":"z3sqqoiqvbuvzk2"},"id":"ok9ipu6qptf9dz0","previousOperationId":"tto8uxhdxzue4s1"}
{"type":"log","timestamp":1674505682503,"level":"debug","message":"Executing script testing (beforeRender)","meta":{"rootId":"z3sqqoiqvbuvzk2","id":"z3sqqoiqvbuvzk2"},"id":"468hvf3t59oc828","previousOperationId":"tto8uxhdxzue4s1"}
{"type":"operationStart","subtype":"scriptsBeforeRender","name":"scripts beforeRender","timestamp":1674505682669,"id":"6rxpazfhv22u7kn","previousEventId":"jcmnbfhev8oxtw4","operationId":"nmvjjxzwqaap62f","previousOperationId":"tto8uxhdxzue4s1"}
{"type":"operationStart","subtype":"script","name":"scripts testing","previousOperationId":"nmvjjxzwqaap62f","timestamp":1674505682669,"id":"b86pfp4j10z6rhc","previousEventId":"6rxpazfhv22u7kn","operationId":"xgu9gvf2vw4eohb"}
{"type":"log","timestamp":1674505682819,"level":"debug","message":"(console:log) undefined","meta":{"userLevel":true,"rootId":"z3sqqoiqvbuvzk2","id":"z3sqqoiqvbuvzk2"},"id":"lwkf63e18zl2kgy","previousOperationId":"xgu9gvf2vw4eohb"}
{"type":"operationEnd","operationId":"xgu9gvf2vw4eohb","timestamp":1674505682820,"id":"wnrhe5woi2poocb","previousEventId":"jcmnbfhev8oxtw4","previousOperationId":"tto8uxhdxzue4s1"}
{"type":"operationEnd","operationId":"nmvjjxzwqaap62f","timestamp":1674505682820,"id":"aeflz4hbx0r3jgu","previousEventId":"wnrhe5woi2poocb","previousOperationId":"tto8uxhdxzue4s1"}
{"type":"log","timestamp":1674505682820,"level":"debug","message":"Base url not specified, skipping its injection.","meta":{"rootId":"z3sqqoiqvbuvzk2","id":"z3sqqoiqvbuvzk2"},"id":"5bfx6hqo0ptbz42","previousOperationId":"nmvjjxzwqaap62f"}
{"type":"operationStart","subtype":"engine","name":"handlebars","timestamp":1674505682820,"id":"sr13e8t8d2fso03","previousEventId":"aeflz4hbx0r3jgu","operationId":"mbxqno79t9jv1ra","previousOperationId":"nmvjjxzwqaap62f"}
{"type":"log","timestamp":1674505682820,"level":"debug","message":"Rendering engine handlebars","meta":{"rootId":"z3sqqoiqvbuvzk2","id":"z3sqqoiqvbuvzk2"},"id":"tsmcnqsebs8p05p","previousOperationId":"mbxqno79t9jv1ra"}
{"type":"operationEnd","operationId":"mbxqno79t9jv1ra","timestamp":1674505682830,"id":"v24ri5r3m9n3fta","previousEventId":"sr13e8t8d2fso03","previousOperationId":"mbxqno79t9jv1ra"}
{"type":"operationStart","subtype":"recipe","name":"chrome-pdf","timestamp":1674505682831,"id":"5a0bodojdvi3smh","previousEventId":"v24ri5r3m9n3fta","operationId":"8uqhe4yl9rr0nef","previousOperationId":"mbxqno79t9jv1ra"}
{"type":"log","timestamp":1674505682831,"level":"debug","message":"Executing recipe chrome-pdf","meta":{"rootId":"z3sqqoiqvbuvzk2","id":"z3sqqoiqvbuvzk2"},"id":"l5hkr17ctphqbmt","previousOperationId":"8uqhe4yl9rr0nef"}
{"type":"log","timestamp":1674505682835,"level":"debug","message":"Converting with chrome HeadlessChrome/105.0.5173.0 using chrome-pool strategy","meta":{"rootId":"z3sqqoiqvbuvzk2","id":"z3sqqoiqvbuvzk2"},"id":"ekv706n5uzql84d","previousOperationId":"8uqhe4yl9rr0nef"}
{"type":"log","timestamp":1674505683018,"level":"debug","message":"Page request: GET (document) file:///C:/Users/Johan/AppData/Local/Temp/jsreport/autocleanup/62ecca8c-dacc-4bbe-9df0-ce3432435636-chrome-pdf.html","meta":{"rootId":"z3sqqoiqvbuvzk2","id":"z3sqqoiqvbuvzk2"},"id":"9mdh2unq90663vj","previousOperationId":"8uqhe4yl9rr0nef"}
{"type":"log","timestamp":1674505683032,"level":"debug","message":"Page request finished: GET (document) 200 file:///C:/Users/Johan/AppData/Local/Temp/jsreport/autocleanup/62ecca8c-dacc-4bbe-9df0-ce3432435636-chrome-pdf.html","meta":{"rootId":"z3sqqoiqvbuvzk2","id":"z3sqqoiqvbuvzk2"},"id":"tn3nu25imnu7wmm","previousOperationId":"8uqhe4yl9rr0nef"}
{"type":"log","timestamp":1674505683035,"level":"debug","message":"Running chrome with params {\"printBackground\":true,\"timeout\":59629,\"margin\":{}}","meta":{"rootId":"z3sqqoiqvbuvzk2","id":"z3sqqoiqvbuvzk2"},"id":"yy3gkap477hqfks","previousOperationId":"8uqhe4yl9rr0nef"}
{"type":"operationEnd","operationId":"8uqhe4yl9rr0nef","timestamp":1674505683043,"id":"w363mujyvpa2blt","previousEventId":"5a0bodojdvi3smh","previousOperationId":"8uqhe4yl9rr0nef"}
{"type":"log","timestamp":1674505683043,"level":"debug","message":"Skipping storing report.","meta":{"rootId":"z3sqqoiqvbuvzk2","id":"z3sqqoiqvbuvzk2"},"id":"wjauvquuq7dveff","previousOperationId":"8uqhe4yl9rr0nef"}
{"type":"log","timestamp":1674505683044,"level":"info","message":"Rendering request 2 finished in 581 ms","meta":{"rootId":"z3sqqoiqvbuvzk2","id":"z3sqqoiqvbuvzk2"},"id":"a6aavb30rcmm4t1","previousOperationId":"8uqhe4yl9rr0nef"}
{"type":"operationEnd","subtype":"render","operationId":"tto8uxhdxzue4s1","timestamp":1674505683044,"id":"jgixzp1ksbyhk2y","previousEventId":"w363mujyvpa2blt","previousOperationId":"8uqhe4yl9rr0nef"}
{"type":"operationEnd","doDiffs":false,"previousEventId":"l7tykjtcn3f176u","previousOperationId":"12gsgnj248vun6n","operationId":"12gsgnj248vun6n","timestamp":1674505683051,"id":"x9d7gp7xez5ee52"}
