{"type":"operationStart","subtype":"profile","data":{"_id":"DG7uhvSQVE6wuuPV","timestamp":"2023-01-23T20:27:05.762Z","state":"queued","mode":"standard","creationDate":"2023-01-23T20:27:05.768Z","modificationDate":"2023-01-23T20:27:05.768Z","shortid":"LRobTa5","$entitySet":"profiles"},"doDiffs":false,"timestamp":1674505625765,"id":"hwhe8qxufuzo8qy","previousOperationId":null,"operationId":"wopefn510q7ghtz"}
{"type":"log","level":"info","message":"Render request 1 queued for execution and waiting for available worker","previousOperationId":"wopefn510q7ghtz","timestamp":1674505625766,"id":"8lifzprz4gs4d8w"}
{"type":"operationStart","subtype":"render","name":"Data","previousOperationId":"wopefn510q7ghtz","timestamp":1674505625805,"id":"na4ohe13c7bdxgq","previousEventId":"hwhe8qxufuzo8qy","operationId":"h3tnrq60gaqki3s"}
{"type":"log","timestamp":1674505625806,"level":"info","message":"Starting rendering request 1","meta":{"rootId":"ztmujn8klxm779g","id":"ztmujn8klxm779g"},"id":"btfpqlu46gxsqdn","previousOperationId":"h3tnrq60gaqki3s"}
{"type":"log","timestamp":1674505625808,"level":"info","message":"Rendering template { name: Data, recipe: chrome-pdf, engine: handlebars, preview: true }","meta":{"rootId":"ztmujn8klxm779g","id":"ztmujn8klxm779g"},"id":"88x3jcl25m5gajw","previousOperationId":"h3tnrq60gaqki3s"}
{"type":"log","timestamp":1674505625808,"level":"debug","message":"Data item not defined for this template.","meta":{"rootId":"ztmujn8klxm779g","id":"ztmujn8klxm779g"},"id":"5j7vfzxz6pijzfm","previousOperationId":"h3tnrq60gaqki3s"}
{"type":"log","timestamp":1674505625813,"level":"debug","message":"Executing script testing (beforeRender)","meta":{"rootId":"ztmujn8klxm779g","id":"ztmujn8klxm779g"},"id":"tdtghx9vs1cbz9q","previousOperationId":"h3tnrq60gaqki3s"}
{"type":"operationStart","subtype":"scriptsBeforeRender","name":"scripts beforeRender","timestamp":1674505626282,"id":"rfpwvbf0w5qh5a0","previousEventId":"na4ohe13c7bdxgq","operationId":"6bt9yz1jyuvz7vg","previousOperationId":"h3tnrq60gaqki3s"}
{"type":"operationStart","subtype":"script","name":"scripts testing","previousOperationId":"6bt9yz1jyuvz7vg","timestamp":1674505626282,"id":"e95inm75s37o83t","previousEventId":"rfpwvbf0w5qh5a0","operationId":"upjob2so2l4f7ot"}
{"type":"operationEnd","operationId":"upjob2so2l4f7ot","timestamp":1674505626439,"id":"c7ei9o1b2r33czs","previousEventId":"na4ohe13c7bdxgq","previousOperationId":"h3tnrq60gaqki3s"}
{"type":"operationEnd","operationId":"6bt9yz1jyuvz7vg","timestamp":1674505626439,"id":"vf92aimbyx775o4","previousEventId":"c7ei9o1b2r33czs","previousOperationId":"h3tnrq60gaqki3s"}
{"type":"log","timestamp":1674505626440,"level":"debug","message":"Base url not specified, skipping its injection.","meta":{"rootId":"ztmujn8klxm779g","id":"ztmujn8klxm779g"},"id":"lfvbiel4sedpnek","previousOperationId":"6bt9yz1jyuvz7vg"}
{"type":"operationStart","subtype":"engine","name":"handlebars","timestamp":1674505626440,"id":"3967ijjux7sa2l8","previousEventId":"vf92aimbyx775o4","operationId":"qoo7oh0y618j2eg","previousOperationId":"6bt9yz1jyuvz7vg"}
{"type":"log","timestamp":1674505626440,"level":"debug","message":"Rendering engine handlebars","meta":{"rootId":"ztmujn8klxm779g","id":"ztmujn8klxm779g"},"id":"ebvdms3cxbsiftp","previousOperationId":"qoo7oh0y618j2eg"}
{"type":"operationEnd","operationId":"qoo7oh0y618j2eg","timestamp":1674505626763,"id":"3i1xyqkzzuhibge","previousEventId":"3967ijjux7sa2l8","previousOperationId":"qoo7oh0y618j2eg"}
{"type":"operationStart","subtype":"recipe","name":"chrome-pdf","timestamp":1674505626764,"id":"udqmapyw67nv3tt","previousEventId":"3i1xyqkzzuhibge","operationId":"yunon5brjddjfau","previousOperationId":"qoo7oh0y618j2eg"}
{"type":"log","timestamp":1674505626764,"level":"debug","message":"Executing recipe chrome-pdf","meta":{"rootId":"ztmujn8klxm779g","id":"ztmujn8klxm779g"},"id":"hxvx9k9798fmbf9","previousOperationId":"yunon5brjddjfau"}
{"type":"log","timestamp":1674505627061,"level":"debug","message":"Converting with chrome HeadlessChrome/105.0.5173.0 using chrome-pool strategy","meta":{"rootId":"ztmujn8klxm779g","id":"ztmujn8klxm779g"},"id":"uz4d1wc3nikashu","previousOperationId":"yunon5brjddjfau"}
{"type":"log","timestamp":1674505627203,"level":"debug","message":"Page request: GET (document) file:///C:/Users/Johan/AppData/Local/Temp/jsreport/autocleanup/d4b8d110-6811-42af-b58b-d2cd0ad01f4c-chrome-pdf.html","meta":{"rootId":"ztmujn8klxm779g","id":"ztmujn8klxm779g"},"id":"01mvaxifay78lan","previousOperationId":"yunon5brjddjfau"}
{"type":"log","timestamp":1674505627212,"level":"debug","message":"Page request finished: GET (document) 200 file:///C:/Users/Johan/AppData/Local/Temp/jsreport/autocleanup/d4b8d110-6811-42af-b58b-d2cd0ad01f4c-chrome-pdf.html","meta":{"rootId":"ztmujn8klxm779g","id":"ztmujn8klxm779g"},"id":"iepv4o8dvn9dv7z","previousOperationId":"yunon5brjddjfau"}
{"type":"log","timestamp":1674505627215,"level":"debug","message":"Running chrome with params {\"printBackground\":true,\"timeout\":58863,\"margin\":{}}","meta":{"rootId":"ztmujn8klxm779g","id":"ztmujn8klxm779g"},"id":"oitjseai7htygjj","previousOperationId":"yunon5brjddjfau"}
{"type":"operationEnd","operationId":"yunon5brjddjfau","timestamp":1674505627227,"id":"6lnarjayc81ao2f","previousEventId":"udqmapyw67nv3tt","previousOperationId":"yunon5brjddjfau"}
{"type":"log","timestamp":1674505627228,"level":"debug","message":"Skipping storing report.","meta":{"rootId":"ztmujn8klxm779g","id":"ztmujn8klxm779g"},"id":"mk371i4sc4y9yar","previousOperationId":"yunon5brjddjfau"}
{"type":"log","timestamp":1674505627228,"level":"info","message":"Rendering request 1 finished in 1466 ms","meta":{"rootId":"ztmujn8klxm779g","id":"ztmujn8klxm779g"},"id":"4k2m81hqu19zhv9","previousOperationId":"yunon5brjddjfau"}
{"type":"operationEnd","subtype":"render","operationId":"h3tnrq60gaqki3s","timestamp":1674505627229,"id":"0ik4lj61xpk56qz","previousEventId":"6lnarjayc81ao2f","previousOperationId":"yunon5brjddjfau"}
{"type":"operationEnd","doDiffs":false,"previousEventId":"hwhe8qxufuzo8qy","previousOperationId":"wopefn510q7ghtz","operationId":"wopefn510q7ghtz","timestamp":1674505627245,"id":"q31ln19q3cr4o4g"}
